[2024-12-27T00:12:14.596+0000] {taskinstance.py:1083} INFO - Dependencies all met for <TaskInstance: user_processing.process_user scheduled__2024-12-26T00:00:00+00:00 [queued]>
[2024-12-27T00:12:14.599+0000] {taskinstance.py:1083} INFO - Dependencies all met for <TaskInstance: user_processing.process_user scheduled__2024-12-26T00:00:00+00:00 [queued]>
[2024-12-27T00:12:14.599+0000] {taskinstance.py:1279} INFO - 
--------------------------------------------------------------------------------
[2024-12-27T00:12:14.599+0000] {taskinstance.py:1280} INFO - Starting attempt 1 of 1
[2024-12-27T00:12:14.599+0000] {taskinstance.py:1281} INFO - 
--------------------------------------------------------------------------------
[2024-12-27T00:12:14.604+0000] {taskinstance.py:1300} INFO - Executing <Task(PythonOperator): process_user> on 2024-12-26 00:00:00+00:00
[2024-12-27T00:12:14.606+0000] {standard_task_runner.py:55} INFO - Started process 32452 to run task
[2024-12-27T00:12:14.607+0000] {standard_task_runner.py:82} INFO - Running: ['***', 'tasks', 'run', 'user_processing', 'process_user', 'scheduled__2024-12-26T00:00:00+00:00', '--job-id', '229', '--raw', '--subdir', 'DAGS_FOLDER/user_processing.py', '--cfg-path', '/tmp/tmpoifs3j7n']
[2024-12-27T00:12:14.608+0000] {standard_task_runner.py:83} INFO - Job 229: Subtask process_user
[2024-12-27T00:12:14.630+0000] {task_command.py:388} INFO - Running <TaskInstance: user_processing.process_user scheduled__2024-12-26T00:00:00+00:00 [running]> on host 44e036a430cc
[2024-12-27T00:12:14.653+0000] {taskinstance.py:1509} INFO - Exporting the following env vars:
AIRFLOW_CTX_DAG_OWNER=***
AIRFLOW_CTX_DAG_ID=user_processing
AIRFLOW_CTX_TASK_ID=process_user
AIRFLOW_CTX_EXECUTION_DATE=2024-12-26T00:00:00+00:00
AIRFLOW_CTX_TRY_NUMBER=1
AIRFLOW_CTX_DAG_RUN_ID=scheduled__2024-12-26T00:00:00+00:00
[2024-12-27T00:12:14.660+0000] {python.py:177} INFO - Done. Returned value was: None
[2024-12-27T00:12:14.663+0000] {taskinstance.py:1323} INFO - Marking task as SUCCESS. dag_id=user_processing, task_id=process_user, execution_date=20241226T000000, start_date=20241227T001214, end_date=20241227T001214
[2024-12-27T00:12:14.715+0000] {local_task_job.py:208} INFO - Task exited with return code 0
[2024-12-27T00:12:14.725+0000] {taskinstance.py:2578} INFO - 1 downstream tasks scheduled from follow-on schedule check
