[2025-05-23T00:04:14.404+0000] {taskinstance.py:1083} INFO - Dependencies all met for <TaskInstance: xcom_dag.t4 scheduled__2025-05-22T00:00:00+00:00 [queued]>
[2025-05-23T00:04:14.410+0000] {taskinstance.py:1083} INFO - Dependencies all met for <TaskInstance: xcom_dag.t4 scheduled__2025-05-22T00:00:00+00:00 [queued]>
[2025-05-23T00:04:14.411+0000] {taskinstance.py:1279} INFO - 
--------------------------------------------------------------------------------
[2025-05-23T00:04:14.411+0000] {taskinstance.py:1280} INFO - Starting attempt 1 of 1
[2025-05-23T00:04:14.411+0000] {taskinstance.py:1281} INFO - 
--------------------------------------------------------------------------------
[2025-05-23T00:04:14.419+0000] {taskinstance.py:1300} INFO - Executing <Task(BashOperator): t4> on 2025-05-22 00:00:00+00:00
[2025-05-23T00:04:14.422+0000] {standard_task_runner.py:55} INFO - Started process 19588 to run task
[2025-05-23T00:04:14.424+0000] {standard_task_runner.py:82} INFO - Running: ['***', 'tasks', 'run', 'xcom_dag', 't4', 'scheduled__2025-05-22T00:00:00+00:00', '--job-id', '476', '--raw', '--subdir', 'DAGS_FOLDER/xcom_dags.py', '--cfg-path', '/tmp/tmp0ezmg8dv']
[2025-05-23T00:04:14.425+0000] {standard_task_runner.py:83} INFO - Job 476: Subtask t4
[2025-05-23T00:04:14.450+0000] {task_command.py:388} INFO - Running <TaskInstance: xcom_dag.t4 scheduled__2025-05-22T00:00:00+00:00 [running]> on host 74c05f868d26
[2025-05-23T00:04:14.480+0000] {taskinstance.py:1509} INFO - Exporting the following env vars:
AIRFLOW_CTX_DAG_OWNER=***
AIRFLOW_CTX_DAG_ID=xcom_dag
AIRFLOW_CTX_TASK_ID=t4
AIRFLOW_CTX_EXECUTION_DATE=2025-05-22T00:00:00+00:00
AIRFLOW_CTX_TRY_NUMBER=1
AIRFLOW_CTX_DAG_RUN_ID=scheduled__2025-05-22T00:00:00+00:00
[2025-05-23T00:04:14.480+0000] {subprocess.py:63} INFO - Tmp dir root location: 
 /tmp
[2025-05-23T00:04:14.481+0000] {subprocess.py:75} INFO - Running command: ['/bin/bash', '-c', "echo ''"]
[2025-05-23T00:04:14.486+0000] {subprocess.py:86} INFO - Output:
[2025-05-23T00:04:14.487+0000] {subprocess.py:93} INFO - 
[2025-05-23T00:04:14.488+0000] {subprocess.py:97} INFO - Command exited with return code 0
[2025-05-23T00:04:14.498+0000] {taskinstance.py:1323} INFO - Marking task as SUCCESS. dag_id=xcom_dag, task_id=t4, execution_date=20250522T000000, start_date=20250523T000414, end_date=20250523T000414
[2025-05-23T00:04:14.521+0000] {local_task_job.py:208} INFO - Task exited with return code 0
[2025-05-23T00:04:14.529+0000] {taskinstance.py:2578} INFO - 0 downstream tasks scheduled from follow-on schedule check
