[2025-05-26T00:01:04.196+0000] {taskinstance.py:1083} INFO - Dependencies all met for <TaskInstance: parallel_dag.load_a scheduled__2025-05-25T00:00:00+00:00 [queued]>
[2025-05-26T00:01:04.200+0000] {taskinstance.py:1083} INFO - Dependencies all met for <TaskInstance: parallel_dag.load_a scheduled__2025-05-25T00:00:00+00:00 [queued]>
[2025-05-26T00:01:04.200+0000] {taskinstance.py:1279} INFO - 
--------------------------------------------------------------------------------
[2025-05-26T00:01:04.200+0000] {taskinstance.py:1280} INFO - Starting attempt 1 of 1
[2025-05-26T00:01:04.200+0000] {taskinstance.py:1281} INFO - 
--------------------------------------------------------------------------------
[2025-05-26T00:01:04.205+0000] {taskinstance.py:1300} INFO - Executing <Task(BashOperator): load_a> on 2025-05-25 00:00:00+00:00
[2025-05-26T00:01:04.208+0000] {standard_task_runner.py:55} INFO - Started process 57010 to run task
[2025-05-26T00:01:04.210+0000] {standard_task_runner.py:82} INFO - Running: ['***', 'tasks', 'run', 'parallel_dag', 'load_a', 'scheduled__2025-05-25T00:00:00+00:00', '--job-id', '553', '--raw', '--subdir', 'DAGS_FOLDER/parallel_dag.py', '--cfg-path', '/tmp/tmp75x3ps5p']
[2025-05-26T00:01:04.211+0000] {standard_task_runner.py:83} INFO - Job 553: Subtask load_a
[2025-05-26T00:01:04.238+0000] {task_command.py:388} INFO - Running <TaskInstance: parallel_dag.load_a scheduled__2025-05-25T00:00:00+00:00 [running]> on host 74c05f868d26
[2025-05-26T00:01:04.267+0000] {taskinstance.py:1509} INFO - Exporting the following env vars:
AIRFLOW_CTX_DAG_OWNER=***
AIRFLOW_CTX_DAG_ID=parallel_dag
AIRFLOW_CTX_TASK_ID=load_a
AIRFLOW_CTX_EXECUTION_DATE=2025-05-25T00:00:00+00:00
AIRFLOW_CTX_TRY_NUMBER=1
AIRFLOW_CTX_DAG_RUN_ID=scheduled__2025-05-25T00:00:00+00:00
[2025-05-26T00:01:04.267+0000] {subprocess.py:63} INFO - Tmp dir root location: 
 /tmp
[2025-05-26T00:01:04.268+0000] {subprocess.py:75} INFO - Running command: ['/bin/bash', '-c', 'sleep 10']
[2025-05-26T00:01:04.273+0000] {subprocess.py:86} INFO - Output:
[2025-05-26T00:01:14.276+0000] {subprocess.py:97} INFO - Command exited with return code 0
[2025-05-26T00:01:14.299+0000] {taskinstance.py:1323} INFO - Marking task as SUCCESS. dag_id=parallel_dag, task_id=load_a, execution_date=20250525T000000, start_date=20250526T000104, end_date=20250526T000114
[2025-05-26T00:01:14.320+0000] {local_task_job.py:208} INFO - Task exited with return code 0
[2025-05-26T00:01:14.338+0000] {taskinstance.py:2578} INFO - 0 downstream tasks scheduled from follow-on schedule check
