[2025-05-24T00:01:33.716+0000] {taskinstance.py:1083} INFO - Dependencies all met for <TaskInstance: user_processing.extract_user_data scheduled__2025-05-23T00:00:00+00:00 [queued]>
[2025-05-24T00:01:33.721+0000] {taskinstance.py:1083} INFO - Dependencies all met for <TaskInstance: user_processing.extract_user_data scheduled__2025-05-23T00:00:00+00:00 [queued]>
[2025-05-24T00:01:33.722+0000] {taskinstance.py:1279} INFO - 
--------------------------------------------------------------------------------
[2025-05-24T00:01:33.723+0000] {taskinstance.py:1280} INFO - Starting attempt 1 of 1
[2025-05-24T00:01:33.724+0000] {taskinstance.py:1281} INFO - 
--------------------------------------------------------------------------------
[2025-05-24T00:01:33.730+0000] {taskinstance.py:1300} INFO - Executing <Task(SimpleHttpOperator): extract_user_data> on 2025-05-23 00:00:00+00:00
[2025-05-24T00:01:33.733+0000] {standard_task_runner.py:55} INFO - Started process 19452 to run task
[2025-05-24T00:01:33.735+0000] {standard_task_runner.py:82} INFO - Running: ['***', 'tasks', 'run', 'user_processing', 'extract_user_data', 'scheduled__2025-05-23T00:00:00+00:00', '--job-id', '503', '--raw', '--subdir', 'DAGS_FOLDER/user_processing.py', '--cfg-path', '/tmp/tmpdpdktdkp']
[2025-05-24T00:01:33.738+0000] {standard_task_runner.py:83} INFO - Job 503: Subtask extract_user_data
[2025-05-24T00:01:33.770+0000] {task_command.py:388} INFO - Running <TaskInstance: user_processing.extract_user_data scheduled__2025-05-23T00:00:00+00:00 [running]> on host 74c05f868d26
[2025-05-24T00:01:33.800+0000] {taskinstance.py:1509} INFO - Exporting the following env vars:
AIRFLOW_CTX_DAG_OWNER=***
AIRFLOW_CTX_DAG_ID=user_processing
AIRFLOW_CTX_TASK_ID=extract_user_data
AIRFLOW_CTX_EXECUTION_DATE=2025-05-23T00:00:00+00:00
AIRFLOW_CTX_TRY_NUMBER=1
AIRFLOW_CTX_DAG_RUN_ID=scheduled__2025-05-23T00:00:00+00:00
[2025-05-24T00:01:33.800+0000] {http.py:123} INFO - Calling HTTP method
[2025-05-24T00:01:33.804+0000] {base.py:73} INFO - Using connection ID 'user_api' for task execution.
[2025-05-24T00:01:33.985+0000] {warnings.py:110} WARNING - /home/***/.local/lib/python3.7/site-packages/urllib3/connectionpool.py:1052: InsecureRequestWarning: Unverified HTTPS request is being made to host 'randomuser.me'. Adding certificate verification is strongly advised. See: https://urllib3.readthedocs.io/en/1.26.x/advanced-usage.html#ssl-warnings
  InsecureRequestWarning,

[2025-05-24T00:01:34.165+0000] {http.py:127} INFO - {"results":[{"gender":"male","name":{"title":"Mr","first":"Marcus","last":"Thomsen"},"location":{"street":{"number":2723,"name":"Spættevej"},"city":"Vesterborg","state":"Midtjylland","country":"Denmark","postcode":71631,"coordinates":{"latitude":"-46.6006","longitude":"-63.6527"},"timezone":{"offset":"-9:00","description":"Alaska"}},"email":"marcus.thomsen@example.com","login":{"uuid":"9f24ce7a-cfe9-44ce-a784-00738d8ab22f","username":"lazyfish149","password":"hrfzlz","salt":"U74MrY6P","md5":"15a3e07f605a69cebdbbc07fb3afa673","sha1":"065204fa4a51b0a648fb785b99dcde4b7175689a","sha256":"8c1fc03443b84a8624abcf0b578fc913d3b67ee38a1cde7e613cfae4b389f0ea"},"dob":{"date":"1945-05-09T11:54:13.106Z","age":80},"registered":{"date":"2011-04-18T20:07:23.377Z","age":14},"phone":"58567119","cell":"58064198","id":{"name":"CPR","value":"090545-0078"},"picture":{"large":"https://randomuser.me/api/portraits/men/19.jpg","medium":"https://randomuser.me/api/portraits/med/men/19.jpg","thumbnail":"https://randomuser.me/api/portraits/thumb/men/19.jpg"},"nat":"DK"}],"info":{"seed":"23c65f5d31b6de68","results":1,"page":1,"version":"1.4"}}
[2025-05-24T00:01:34.193+0000] {taskinstance.py:1323} INFO - Marking task as SUCCESS. dag_id=user_processing, task_id=extract_user_data, execution_date=20250523T000000, start_date=20250524T000133, end_date=20250524T000134
[2025-05-24T00:01:34.236+0000] {local_task_job.py:208} INFO - Task exited with return code 0
[2025-05-24T00:01:34.254+0000] {taskinstance.py:2578} INFO - 1 downstream tasks scheduled from follow-on schedule check
