[2025-06-04T23:10:06.243+0000] {processor.py:153} INFO - Started process (PID=39) to work on /opt/airflow/dags/consumer_astro.py
[2025-06-04T23:10:06.245+0000] {processor.py:743} INFO - Processing file /opt/airflow/dags/consumer_astro.py for tasks to queue
[2025-06-04T23:10:06.247+0000] {logging_mixin.py:137} INFO - [2025-06-04T23:10:06.246+0000] {dagbag.py:538} INFO - Filling up the DagBag from /opt/airflow/dags/consumer_astro.py
[2025-06-04T23:10:06.285+0000] {processor.py:753} INFO - DAG(s) dict_keys(['consumer_astro']) retrieved from /opt/airflow/dags/consumer_astro.py
[2025-06-04T23:10:06.337+0000] {logging_mixin.py:137} INFO - [2025-06-04T23:10:06.337+0000] {dag.py:2690} INFO - Sync 1 DAGs
[2025-06-04T23:10:06.364+0000] {logging_mixin.py:137} INFO - [2025-06-04T23:10:06.364+0000] {dag.py:3441} INFO - Setting next_dagrun for consumer_astro to None, run_after=None
[2025-06-04T23:10:06.391+0000] {processor.py:175} INFO - Processing /opt/airflow/dags/consumer_astro.py took 0.152 seconds
[2025-06-04T23:10:36.468+0000] {processor.py:153} INFO - Started process (PID=125) to work on /opt/airflow/dags/consumer_astro.py
[2025-06-04T23:10:36.469+0000] {processor.py:743} INFO - Processing file /opt/airflow/dags/consumer_astro.py for tasks to queue
[2025-06-04T23:10:36.470+0000] {logging_mixin.py:137} INFO - [2025-06-04T23:10:36.469+0000] {dagbag.py:538} INFO - Filling up the DagBag from /opt/airflow/dags/consumer_astro.py
[2025-06-04T23:10:36.486+0000] {processor.py:753} INFO - DAG(s) dict_keys(['consumer_astro']) retrieved from /opt/airflow/dags/consumer_astro.py
[2025-06-04T23:10:36.502+0000] {logging_mixin.py:137} INFO - [2025-06-04T23:10:36.502+0000] {dag.py:2690} INFO - Sync 1 DAGs
[2025-06-04T23:10:36.514+0000] {logging_mixin.py:137} INFO - [2025-06-04T23:10:36.514+0000] {dag.py:3441} INFO - Setting next_dagrun for consumer_astro to None, run_after=None
[2025-06-04T23:10:36.525+0000] {processor.py:175} INFO - Processing /opt/airflow/dags/consumer_astro.py took 0.059 seconds
[2025-06-04T23:20:50.269+0000] {processor.py:153} INFO - Started process (PID=167) to work on /opt/airflow/dags/consumer_astro.py
[2025-06-04T23:20:50.269+0000] {processor.py:743} INFO - Processing file /opt/airflow/dags/consumer_astro.py for tasks to queue
[2025-06-04T23:20:50.270+0000] {logging_mixin.py:137} INFO - [2025-06-04T23:20:50.270+0000] {dagbag.py:538} INFO - Filling up the DagBag from /opt/airflow/dags/consumer_astro.py
[2025-06-04T23:20:50.280+0000] {processor.py:753} INFO - DAG(s) dict_keys(['consumer_astro']) retrieved from /opt/airflow/dags/consumer_astro.py
[2025-06-04T23:20:50.300+0000] {logging_mixin.py:137} INFO - [2025-06-04T23:20:50.300+0000] {dag.py:2690} INFO - Sync 1 DAGs
[2025-06-04T23:20:50.322+0000] {logging_mixin.py:137} INFO - [2025-06-04T23:20:50.322+0000] {dag.py:3441} INFO - Setting next_dagrun for consumer_astro to None, run_after=None
[2025-06-04T23:20:50.339+0000] {processor.py:175} INFO - Processing /opt/airflow/dags/consumer_astro.py took 0.072 seconds
[2025-06-04T23:34:45.325+0000] {processor.py:153} INFO - Started process (PID=226) to work on /opt/airflow/dags/consumer_astro.py
[2025-06-04T23:34:45.326+0000] {processor.py:743} INFO - Processing file /opt/airflow/dags/consumer_astro.py for tasks to queue
[2025-06-04T23:34:45.326+0000] {logging_mixin.py:137} INFO - [2025-06-04T23:34:45.326+0000] {dagbag.py:538} INFO - Filling up the DagBag from /opt/airflow/dags/consumer_astro.py
[2025-06-04T23:34:45.340+0000] {processor.py:753} INFO - DAG(s) dict_keys(['consumer_astro']) retrieved from /opt/airflow/dags/consumer_astro.py
[2025-06-04T23:34:45.353+0000] {logging_mixin.py:137} INFO - [2025-06-04T23:34:45.353+0000] {dag.py:2690} INFO - Sync 1 DAGs
[2025-06-04T23:34:45.365+0000] {logging_mixin.py:137} INFO - [2025-06-04T23:34:45.365+0000] {dag.py:3441} INFO - Setting next_dagrun for consumer_astro to None, run_after=None
[2025-06-04T23:34:45.377+0000] {processor.py:175} INFO - Processing /opt/airflow/dags/consumer_astro.py took 0.053 seconds
[2025-06-04T23:35:53.179+0000] {processor.py:153} INFO - Started process (PID=269) to work on /opt/airflow/dags/consumer_astro.py
[2025-06-04T23:35:53.180+0000] {processor.py:743} INFO - Processing file /opt/airflow/dags/consumer_astro.py for tasks to queue
[2025-06-04T23:35:53.180+0000] {logging_mixin.py:137} INFO - [2025-06-04T23:35:53.180+0000] {dagbag.py:538} INFO - Filling up the DagBag from /opt/airflow/dags/consumer_astro.py
[2025-06-04T23:35:53.191+0000] {processor.py:753} INFO - DAG(s) dict_keys(['consumer_astro']) retrieved from /opt/airflow/dags/consumer_astro.py
[2025-06-04T23:35:53.204+0000] {logging_mixin.py:137} INFO - [2025-06-04T23:35:53.204+0000] {dag.py:2690} INFO - Sync 1 DAGs
[2025-06-04T23:35:53.215+0000] {logging_mixin.py:137} INFO - [2025-06-04T23:35:53.215+0000] {dag.py:3441} INFO - Setting next_dagrun for consumer_astro to None, run_after=None
[2025-06-04T23:35:53.229+0000] {processor.py:175} INFO - Processing /opt/airflow/dags/consumer_astro.py took 0.052 seconds
[2025-06-04T23:50:49.700+0000] {processor.py:153} INFO - Started process (PID=328) to work on /opt/airflow/dags/consumer_astro.py
[2025-06-04T23:50:49.701+0000] {processor.py:743} INFO - Processing file /opt/airflow/dags/consumer_astro.py for tasks to queue
[2025-06-04T23:50:49.701+0000] {logging_mixin.py:137} INFO - [2025-06-04T23:50:49.701+0000] {dagbag.py:538} INFO - Filling up the DagBag from /opt/airflow/dags/consumer_astro.py
[2025-06-04T23:50:49.723+0000] {processor.py:753} INFO - DAG(s) dict_keys(['consumer_astro']) retrieved from /opt/airflow/dags/consumer_astro.py
[2025-06-04T23:50:49.748+0000] {logging_mixin.py:137} INFO - [2025-06-04T23:50:49.747+0000] {dag.py:2690} INFO - Sync 1 DAGs
[2025-06-04T23:50:49.773+0000] {logging_mixin.py:137} INFO - [2025-06-04T23:50:49.773+0000] {dag.py:3441} INFO - Setting next_dagrun for consumer_astro to None, run_after=None
[2025-06-04T23:50:49.799+0000] {processor.py:175} INFO - Processing /opt/airflow/dags/consumer_astro.py took 0.102 seconds
[2025-06-04T23:56:25.813+0000] {processor.py:153} INFO - Started process (PID=387) to work on /opt/airflow/dags/consumer_astro.py
[2025-06-04T23:56:25.814+0000] {processor.py:743} INFO - Processing file /opt/airflow/dags/consumer_astro.py for tasks to queue
[2025-06-04T23:56:25.815+0000] {logging_mixin.py:137} INFO - [2025-06-04T23:56:25.815+0000] {dagbag.py:538} INFO - Filling up the DagBag from /opt/airflow/dags/consumer_astro.py
[2025-06-04T23:56:25.829+0000] {processor.py:753} INFO - DAG(s) dict_keys(['consumer_astro']) retrieved from /opt/airflow/dags/consumer_astro.py
[2025-06-04T23:56:25.852+0000] {logging_mixin.py:137} INFO - [2025-06-04T23:56:25.852+0000] {dag.py:2690} INFO - Sync 1 DAGs
[2025-06-04T23:56:25.877+0000] {logging_mixin.py:137} INFO - [2025-06-04T23:56:25.877+0000] {dag.py:3441} INFO - Setting next_dagrun for consumer_astro to None, run_after=None
[2025-06-04T23:56:25.903+0000] {processor.py:175} INFO - Processing /opt/airflow/dags/consumer_astro.py took 0.092 seconds
