[2025-06-04T23:10:06.237+0000] {processor.py:153} INFO - Started process (PID=38) to work on /opt/airflow/dags/consumer.py
[2025-06-04T23:10:06.238+0000] {processor.py:743} INFO - Processing file /opt/airflow/dags/consumer.py for tasks to queue
[2025-06-04T23:10:06.239+0000] {logging_mixin.py:137} INFO - [2025-06-04T23:10:06.239+0000] {dagbag.py:538} INFO - Filling up the DagBag from /opt/airflow/dags/consumer.py
[2025-06-04T23:10:06.289+0000] {processor.py:753} INFO - DAG(s) dict_keys(['consumer']) retrieved from /opt/airflow/dags/consumer.py
[2025-06-04T23:10:06.342+0000] {logging_mixin.py:137} INFO - [2025-06-04T23:10:06.341+0000] {dag.py:2690} INFO - Sync 1 DAGs
[2025-06-04T23:10:06.369+0000] {logging_mixin.py:137} INFO - [2025-06-04T23:10:06.369+0000] {dag.py:3441} INFO - Setting next_dagrun for consumer to None, run_after=None
[2025-06-04T23:10:06.395+0000] {processor.py:175} INFO - Processing /opt/airflow/dags/consumer.py took 0.162 seconds
[2025-06-04T23:10:36.467+0000] {processor.py:153} INFO - Started process (PID=124) to work on /opt/airflow/dags/consumer.py
[2025-06-04T23:10:36.468+0000] {processor.py:743} INFO - Processing file /opt/airflow/dags/consumer.py for tasks to queue
[2025-06-04T23:10:36.469+0000] {logging_mixin.py:137} INFO - [2025-06-04T23:10:36.469+0000] {dagbag.py:538} INFO - Filling up the DagBag from /opt/airflow/dags/consumer.py
[2025-06-04T23:10:36.486+0000] {processor.py:753} INFO - DAG(s) dict_keys(['consumer']) retrieved from /opt/airflow/dags/consumer.py
[2025-06-04T23:10:36.502+0000] {logging_mixin.py:137} INFO - [2025-06-04T23:10:36.502+0000] {dag.py:2690} INFO - Sync 1 DAGs
[2025-06-04T23:10:36.514+0000] {logging_mixin.py:137} INFO - [2025-06-04T23:10:36.514+0000] {dag.py:3441} INFO - Setting next_dagrun for consumer to None, run_after=None
[2025-06-04T23:10:36.525+0000] {processor.py:175} INFO - Processing /opt/airflow/dags/consumer.py took 0.061 seconds
[2025-06-04T23:20:50.269+0000] {processor.py:153} INFO - Started process (PID=166) to work on /opt/airflow/dags/consumer.py
[2025-06-04T23:20:50.269+0000] {processor.py:743} INFO - Processing file /opt/airflow/dags/consumer.py for tasks to queue
[2025-06-04T23:20:50.270+0000] {logging_mixin.py:137} INFO - [2025-06-04T23:20:50.270+0000] {dagbag.py:538} INFO - Filling up the DagBag from /opt/airflow/dags/consumer.py
[2025-06-04T23:20:50.280+0000] {processor.py:753} INFO - DAG(s) dict_keys(['consumer']) retrieved from /opt/airflow/dags/consumer.py
[2025-06-04T23:20:50.295+0000] {logging_mixin.py:137} INFO - [2025-06-04T23:20:50.295+0000] {dag.py:2690} INFO - Sync 1 DAGs
[2025-06-04T23:20:50.317+0000] {logging_mixin.py:137} INFO - [2025-06-04T23:20:50.317+0000] {dag.py:3441} INFO - Setting next_dagrun for consumer to None, run_after=None
[2025-06-04T23:20:50.336+0000] {processor.py:175} INFO - Processing /opt/airflow/dags/consumer.py took 0.069 seconds
[2025-06-04T23:34:45.325+0000] {processor.py:153} INFO - Started process (PID=225) to work on /opt/airflow/dags/consumer.py
[2025-06-04T23:34:45.325+0000] {processor.py:743} INFO - Processing file /opt/airflow/dags/consumer.py for tasks to queue
[2025-06-04T23:34:45.326+0000] {logging_mixin.py:137} INFO - [2025-06-04T23:34:45.326+0000] {dagbag.py:538} INFO - Filling up the DagBag from /opt/airflow/dags/consumer.py
[2025-06-04T23:34:45.339+0000] {processor.py:753} INFO - DAG(s) dict_keys(['consumer']) retrieved from /opt/airflow/dags/consumer.py
[2025-06-04T23:34:45.351+0000] {logging_mixin.py:137} INFO - [2025-06-04T23:34:45.351+0000] {dag.py:2690} INFO - Sync 1 DAGs
[2025-06-04T23:34:45.363+0000] {logging_mixin.py:137} INFO - [2025-06-04T23:34:45.363+0000] {dag.py:3441} INFO - Setting next_dagrun for consumer to None, run_after=None
[2025-06-04T23:34:45.376+0000] {processor.py:175} INFO - Processing /opt/airflow/dags/consumer.py took 0.053 seconds
[2025-06-04T23:35:53.179+0000] {processor.py:153} INFO - Started process (PID=268) to work on /opt/airflow/dags/consumer.py
[2025-06-04T23:35:53.179+0000] {processor.py:743} INFO - Processing file /opt/airflow/dags/consumer.py for tasks to queue
[2025-06-04T23:35:53.180+0000] {logging_mixin.py:137} INFO - [2025-06-04T23:35:53.179+0000] {dagbag.py:538} INFO - Filling up the DagBag from /opt/airflow/dags/consumer.py
[2025-06-04T23:35:53.192+0000] {processor.py:753} INFO - DAG(s) dict_keys(['consumer']) retrieved from /opt/airflow/dags/consumer.py
[2025-06-04T23:35:53.205+0000] {logging_mixin.py:137} INFO - [2025-06-04T23:35:53.205+0000] {dag.py:2690} INFO - Sync 1 DAGs
[2025-06-04T23:35:53.220+0000] {logging_mixin.py:137} INFO - [2025-06-04T23:35:53.220+0000] {dag.py:3441} INFO - Setting next_dagrun for consumer to None, run_after=None
[2025-06-04T23:35:53.233+0000] {processor.py:175} INFO - Processing /opt/airflow/dags/consumer.py took 0.057 seconds
[2025-06-04T23:50:49.700+0000] {processor.py:153} INFO - Started process (PID=327) to work on /opt/airflow/dags/consumer.py
[2025-06-04T23:50:49.701+0000] {processor.py:743} INFO - Processing file /opt/airflow/dags/consumer.py for tasks to queue
[2025-06-04T23:50:49.702+0000] {logging_mixin.py:137} INFO - [2025-06-04T23:50:49.702+0000] {dagbag.py:538} INFO - Filling up the DagBag from /opt/airflow/dags/consumer.py
[2025-06-04T23:50:49.722+0000] {processor.py:753} INFO - DAG(s) dict_keys(['consumer']) retrieved from /opt/airflow/dags/consumer.py
[2025-06-04T23:50:49.743+0000] {logging_mixin.py:137} INFO - [2025-06-04T23:50:49.743+0000] {dag.py:2690} INFO - Sync 1 DAGs
[2025-06-04T23:50:49.763+0000] {logging_mixin.py:137} INFO - [2025-06-04T23:50:49.763+0000] {dag.py:3441} INFO - Setting next_dagrun for consumer to None, run_after=None
[2025-06-04T23:50:49.792+0000] {processor.py:175} INFO - Processing /opt/airflow/dags/consumer.py took 0.095 seconds
[2025-06-04T23:56:25.810+0000] {processor.py:153} INFO - Started process (PID=386) to work on /opt/airflow/dags/consumer.py
[2025-06-04T23:56:25.811+0000] {processor.py:743} INFO - Processing file /opt/airflow/dags/consumer.py for tasks to queue
[2025-06-04T23:56:25.812+0000] {logging_mixin.py:137} INFO - [2025-06-04T23:56:25.812+0000] {dagbag.py:538} INFO - Filling up the DagBag from /opt/airflow/dags/consumer.py
[2025-06-04T23:56:25.828+0000] {processor.py:753} INFO - DAG(s) dict_keys(['consumer']) retrieved from /opt/airflow/dags/consumer.py
[2025-06-04T23:56:25.850+0000] {logging_mixin.py:137} INFO - [2025-06-04T23:56:25.850+0000] {dag.py:2690} INFO - Sync 1 DAGs
[2025-06-04T23:56:25.873+0000] {logging_mixin.py:137} INFO - [2025-06-04T23:56:25.873+0000] {dag.py:3441} INFO - Setting next_dagrun for consumer to None, run_after=None
[2025-06-04T23:56:25.898+0000] {processor.py:175} INFO - Processing /opt/airflow/dags/consumer.py took 0.090 seconds
