[2025-05-06T11:42:38.173+0000] {taskinstance.py:1083} INFO - Dependencies all met for <TaskInstance: user_processing.extract_user_data manual__2025-05-06T11:42:32.704287+00:00 [queued]>
[2025-05-06T11:42:38.176+0000] {taskinstance.py:1083} INFO - Dependencies all met for <TaskInstance: user_processing.extract_user_data manual__2025-05-06T11:42:32.704287+00:00 [queued]>
[2025-05-06T11:42:38.176+0000] {taskinstance.py:1279} INFO - 
--------------------------------------------------------------------------------
[2025-05-06T11:42:38.176+0000] {taskinstance.py:1280} INFO - Starting attempt 1 of 1
[2025-05-06T11:42:38.176+0000] {taskinstance.py:1281} INFO - 
--------------------------------------------------------------------------------
[2025-05-06T11:42:38.182+0000] {taskinstance.py:1300} INFO - Executing <Task(SimpleHttpOperator): extract_user_data> on 2025-05-06 11:42:32.704287+00:00
[2025-05-06T11:42:38.184+0000] {standard_task_runner.py:55} INFO - Started process 41112 to run task
[2025-05-06T11:42:38.185+0000] {standard_task_runner.py:82} INFO - Running: ['***', 'tasks', 'run', 'user_processing', 'extract_user_data', 'manual__2025-05-06T11:42:32.704287+00:00', '--job-id', '107', '--raw', '--subdir', 'DAGS_FOLDER/user_processing.py', '--cfg-path', '/tmp/tmpux5itoid']
[2025-05-06T11:42:38.186+0000] {standard_task_runner.py:83} INFO - Job 107: Subtask extract_user_data
[2025-05-06T11:42:38.208+0000] {task_command.py:388} INFO - Running <TaskInstance: user_processing.extract_user_data manual__2025-05-06T11:42:32.704287+00:00 [running]> on host b08efc87d46b
[2025-05-06T11:42:38.233+0000] {taskinstance.py:1509} INFO - Exporting the following env vars:
AIRFLOW_CTX_DAG_OWNER=***
AIRFLOW_CTX_DAG_ID=user_processing
AIRFLOW_CTX_TASK_ID=extract_user_data
AIRFLOW_CTX_EXECUTION_DATE=2025-05-06T11:42:32.704287+00:00
AIRFLOW_CTX_TRY_NUMBER=1
AIRFLOW_CTX_DAG_RUN_ID=manual__2025-05-06T11:42:32.704287+00:00
[2025-05-06T11:42:38.234+0000] {http.py:123} INFO - Calling HTTP method
[2025-05-06T11:42:38.237+0000] {base.py:73} INFO - Using connection ID 'user_api' for task execution.
[2025-05-06T11:42:38.843+0000] {warnings.py:110} WARNING - /home/***/.local/lib/python3.7/site-packages/urllib3/connectionpool.py:1052: InsecureRequestWarning: Unverified HTTPS request is being made to host 'randomuser.me'. Adding certificate verification is strongly advised. See: https://urllib3.readthedocs.io/en/1.26.x/advanced-usage.html#ssl-warnings
  InsecureRequestWarning,

[2025-05-06T11:42:39.222+0000] {http.py:127} INFO - {"results":[{"gender":"male","name":{"title":"Mr","first":"Cameron","last":"Obrien"},"location":{"street":{"number":1973,"name":"Spring St"},"city":"Cupertino","state":"Alaska","country":"United States","postcode":88305,"coordinates":{"latitude":"88.3156","longitude":"-121.0455"},"timezone":{"offset":"+3:30","description":"Tehran"}},"email":"cameron.obrien@example.com","login":{"uuid":"2a93c30d-dbe9-4eac-8938-d75097ef1a79","username":"blueleopard864","password":"monika","salt":"3U4J6NVG","md5":"fae6ea170d24a383f373396ef864d3c0","sha1":"5faa16957c60327fc786667086d2aabf6877e651","sha256":"bd4a98cb29fc6f9f9dfad776b2e833c10e057c7500937dd2e9aa94d992a26dd1"},"dob":{"date":"1972-07-29T10:49:32.700Z","age":52},"registered":{"date":"2008-12-08T08:17:13.244Z","age":16},"phone":"(648) 916-4656","cell":"(989) 723-6776","id":{"name":"SSN","value":"761-75-1574"},"picture":{"large":"https://randomuser.me/api/portraits/men/2.jpg","medium":"https://randomuser.me/api/portraits/med/men/2.jpg","thumbnail":"https://randomuser.me/api/portraits/thumb/men/2.jpg"},"nat":"US"}],"info":{"seed":"d5a38185bc302003","results":1,"page":1,"version":"1.4"}}
[2025-05-06T11:42:39.392+0000] {taskinstance.py:1323} INFO - Marking task as SUCCESS. dag_id=user_processing, task_id=extract_user_data, execution_date=20250506T114232, start_date=20250506T114238, end_date=20250506T114239
[2025-05-06T11:42:39.409+0000] {local_task_job.py:208} INFO - Task exited with return code 0
[2025-05-06T11:42:39.421+0000] {taskinstance.py:2578} INFO - 1 downstream tasks scheduled from follow-on schedule check
