[2025-06-06T16:35:01.291+0000] {processor.py:153} INFO - Started process (PID=47) to work on /opt/airflow/dags/elastic_dag.py
[2025-06-06T16:35:01.293+0000] {processor.py:743} INFO - Processing file /opt/airflow/dags/elastic_dag.py for tasks to queue
[2025-06-06T16:35:01.297+0000] {logging_mixin.py:137} INFO - [2025-06-06T16:35:01.296+0000] {dagbag.py:538} INFO - Filling up the DagBag from /opt/airflow/dags/elastic_dag.py
[2025-06-06T16:35:01.335+0000] {processor.py:753} INFO - DAG(s) dict_keys(['elastic_dag']) retrieved from /opt/airflow/dags/elastic_dag.py
[2025-06-06T16:35:01.384+0000] {logging_mixin.py:137} INFO - [2025-06-06T16:35:01.383+0000] {dag.py:2690} INFO - Sync 1 DAGs
[2025-06-06T16:35:01.420+0000] {logging_mixin.py:137} INFO - [2025-06-06T16:35:01.420+0000] {dag.py:3441} INFO - Setting next_dagrun for elastic_dag to 2025-06-05T00:00:00+00:00, run_after=2025-06-06T00:00:00+00:00
[2025-06-06T16:35:01.449+0000] {processor.py:175} INFO - Processing /opt/airflow/dags/elastic_dag.py took 0.163 seconds
[2025-06-06T16:35:32.291+0000] {processor.py:153} INFO - Started process (PID=111) to work on /opt/airflow/dags/elastic_dag.py
[2025-06-06T16:35:32.291+0000] {processor.py:743} INFO - Processing file /opt/airflow/dags/elastic_dag.py for tasks to queue
[2025-06-06T16:35:32.292+0000] {logging_mixin.py:137} INFO - [2025-06-06T16:35:32.292+0000] {dagbag.py:538} INFO - Filling up the DagBag from /opt/airflow/dags/elastic_dag.py
[2025-06-06T16:35:32.313+0000] {processor.py:753} INFO - DAG(s) dict_keys(['elastic_dag']) retrieved from /opt/airflow/dags/elastic_dag.py
[2025-06-06T16:35:32.327+0000] {logging_mixin.py:137} INFO - [2025-06-06T16:35:32.327+0000] {dag.py:2690} INFO - Sync 1 DAGs
[2025-06-06T16:35:32.341+0000] {logging_mixin.py:137} INFO - [2025-06-06T16:35:32.341+0000] {dag.py:3441} INFO - Setting next_dagrun for elastic_dag to 2025-06-05T00:00:00+00:00, run_after=2025-06-06T00:00:00+00:00
[2025-06-06T16:35:32.350+0000] {processor.py:175} INFO - Processing /opt/airflow/dags/elastic_dag.py took 0.061 seconds
[2025-06-06T22:38:17.818+0000] {processor.py:153} INFO - Started process (PID=42) to work on /opt/airflow/dags/elastic_dag.py
[2025-06-06T22:38:17.819+0000] {processor.py:743} INFO - Processing file /opt/airflow/dags/elastic_dag.py for tasks to queue
[2025-06-06T22:38:17.820+0000] {logging_mixin.py:137} INFO - [2025-06-06T22:38:17.820+0000] {dagbag.py:538} INFO - Filling up the DagBag from /opt/airflow/dags/elastic_dag.py
[2025-06-06T22:38:17.836+0000] {processor.py:753} INFO - DAG(s) dict_keys(['elastic_dag']) retrieved from /opt/airflow/dags/elastic_dag.py
[2025-06-06T22:38:17.853+0000] {logging_mixin.py:137} INFO - [2025-06-06T22:38:17.852+0000] {dag.py:2690} INFO - Sync 1 DAGs
[2025-06-06T22:38:17.887+0000] {logging_mixin.py:137} INFO - [2025-06-06T22:38:17.887+0000] {dag.py:3441} INFO - Setting next_dagrun for elastic_dag to 2025-06-05T00:00:00+00:00, run_after=2025-06-06T00:00:00+00:00
[2025-06-06T22:38:17.911+0000] {processor.py:175} INFO - Processing /opt/airflow/dags/elastic_dag.py took 0.096 seconds
[2025-06-06T23:12:10.074+0000] {processor.py:153} INFO - Started process (PID=41) to work on /opt/airflow/dags/elastic_dag.py
[2025-06-06T23:12:10.075+0000] {processor.py:743} INFO - Processing file /opt/airflow/dags/elastic_dag.py for tasks to queue
[2025-06-06T23:12:10.076+0000] {logging_mixin.py:137} INFO - [2025-06-06T23:12:10.076+0000] {dagbag.py:538} INFO - Filling up the DagBag from /opt/airflow/dags/elastic_dag.py
[2025-06-06T23:12:10.099+0000] {processor.py:753} INFO - DAG(s) dict_keys(['elastic_dag']) retrieved from /opt/airflow/dags/elastic_dag.py
[2025-06-06T23:12:10.136+0000] {logging_mixin.py:137} INFO - [2025-06-06T23:12:10.136+0000] {dag.py:2690} INFO - Sync 1 DAGs
[2025-06-06T23:12:10.174+0000] {logging_mixin.py:137} INFO - [2025-06-06T23:12:10.174+0000] {dag.py:3441} INFO - Setting next_dagrun for elastic_dag to 2025-06-05T00:00:00+00:00, run_after=2025-06-06T00:00:00+00:00
[2025-06-06T23:12:10.216+0000] {processor.py:175} INFO - Processing /opt/airflow/dags/elastic_dag.py took 0.144 seconds
