[2025-06-06T16:35:01.043+0000] {processor.py:153} INFO - Started process (PID=45) to work on /opt/airflow/dags/producer_astro.py
[2025-06-06T16:35:01.052+0000] {processor.py:743} INFO - Processing file /opt/airflow/dags/producer_astro.py for tasks to queue
[2025-06-06T16:35:01.053+0000] {logging_mixin.py:137} INFO - [2025-06-06T16:35:01.053+0000] {dagbag.py:538} INFO - Filling up the DagBag from /opt/airflow/dags/producer_astro.py
[2025-06-06T16:35:01.103+0000] {processor.py:753} INFO - DAG(s) dict_keys(['producer_astro']) retrieved from /opt/airflow/dags/producer_astro.py
[2025-06-06T16:35:01.137+0000] {logging_mixin.py:137} INFO - [2025-06-06T16:35:01.136+0000] {dag.py:2690} INFO - Sync 1 DAGs
[2025-06-06T16:35:01.183+0000] {logging_mixin.py:137} INFO - [2025-06-06T16:35:01.183+0000] {dag.py:3441} INFO - Setting next_dagrun for producer_astro to 2025-06-06T00:00:00+00:00, run_after=2025-06-07T00:00:00+00:00
[2025-06-06T16:35:01.247+0000] {processor.py:175} INFO - Processing /opt/airflow/dags/producer_astro.py took 0.207 seconds
[2025-06-06T16:35:31.277+0000] {processor.py:153} INFO - Started process (PID=109) to work on /opt/airflow/dags/producer_astro.py
[2025-06-06T16:35:31.278+0000] {processor.py:743} INFO - Processing file /opt/airflow/dags/producer_astro.py for tasks to queue
[2025-06-06T16:35:31.278+0000] {logging_mixin.py:137} INFO - [2025-06-06T16:35:31.278+0000] {dagbag.py:538} INFO - Filling up the DagBag from /opt/airflow/dags/producer_astro.py
[2025-06-06T16:35:31.287+0000] {processor.py:753} INFO - DAG(s) dict_keys(['producer_astro']) retrieved from /opt/airflow/dags/producer_astro.py
[2025-06-06T16:35:31.297+0000] {logging_mixin.py:137} INFO - [2025-06-06T16:35:31.297+0000] {dag.py:2690} INFO - Sync 1 DAGs
[2025-06-06T16:35:31.308+0000] {logging_mixin.py:137} INFO - [2025-06-06T16:35:31.308+0000] {dag.py:3441} INFO - Setting next_dagrun for producer_astro to 2025-06-06T00:00:00+00:00, run_after=2025-06-07T00:00:00+00:00
[2025-06-06T16:35:31.316+0000] {processor.py:175} INFO - Processing /opt/airflow/dags/producer_astro.py took 0.040 seconds
[2025-06-06T22:38:17.721+0000] {processor.py:153} INFO - Started process (PID=40) to work on /opt/airflow/dags/producer_astro.py
[2025-06-06T22:38:17.722+0000] {processor.py:743} INFO - Processing file /opt/airflow/dags/producer_astro.py for tasks to queue
[2025-06-06T22:38:17.722+0000] {logging_mixin.py:137} INFO - [2025-06-06T22:38:17.722+0000] {dagbag.py:538} INFO - Filling up the DagBag from /opt/airflow/dags/producer_astro.py
[2025-06-06T22:38:17.738+0000] {processor.py:753} INFO - DAG(s) dict_keys(['producer_astro']) retrieved from /opt/airflow/dags/producer_astro.py
[2025-06-06T22:38:17.764+0000] {logging_mixin.py:137} INFO - [2025-06-06T22:38:17.764+0000] {dag.py:2690} INFO - Sync 1 DAGs
[2025-06-06T22:38:17.781+0000] {logging_mixin.py:137} INFO - [2025-06-06T22:38:17.781+0000] {dag.py:3441} INFO - Setting next_dagrun for producer_astro to 2025-06-06T00:00:00+00:00, run_after=2025-06-07T00:00:00+00:00
[2025-06-06T22:38:17.798+0000] {processor.py:175} INFO - Processing /opt/airflow/dags/producer_astro.py took 0.079 seconds
[2025-06-06T23:12:09.944+0000] {processor.py:153} INFO - Started process (PID=39) to work on /opt/airflow/dags/producer_astro.py
[2025-06-06T23:12:09.945+0000] {processor.py:743} INFO - Processing file /opt/airflow/dags/producer_astro.py for tasks to queue
[2025-06-06T23:12:09.946+0000] {logging_mixin.py:137} INFO - [2025-06-06T23:12:09.946+0000] {dagbag.py:538} INFO - Filling up the DagBag from /opt/airflow/dags/producer_astro.py
[2025-06-06T23:12:09.963+0000] {processor.py:753} INFO - DAG(s) dict_keys(['producer_astro']) retrieved from /opt/airflow/dags/producer_astro.py
[2025-06-06T23:12:09.992+0000] {logging_mixin.py:137} INFO - [2025-06-06T23:12:09.992+0000] {dag.py:2690} INFO - Sync 1 DAGs
[2025-06-06T23:12:10.030+0000] {logging_mixin.py:137} INFO - [2025-06-06T23:12:10.030+0000] {dag.py:3441} INFO - Setting next_dagrun for producer_astro to 2025-06-06T00:00:00+00:00, run_after=2025-06-07T00:00:00+00:00
[2025-06-06T23:12:10.055+0000] {processor.py:175} INFO - Processing /opt/airflow/dags/producer_astro.py took 0.113 seconds
