[2025-05-13T00:10:39.521+0000] {taskinstance.py:1083} INFO - Dependencies all met for <TaskInstance: user_processing.extract_user_data scheduled__2025-05-12T00:00:00+00:00 [queued]>
[2025-05-13T00:10:39.525+0000] {taskinstance.py:1083} INFO - Dependencies all met for <TaskInstance: user_processing.extract_user_data scheduled__2025-05-12T00:00:00+00:00 [queued]>
[2025-05-13T00:10:39.525+0000] {taskinstance.py:1279} INFO - 
--------------------------------------------------------------------------------
[2025-05-13T00:10:39.525+0000] {taskinstance.py:1280} INFO - Starting attempt 1 of 1
[2025-05-13T00:10:39.525+0000] {taskinstance.py:1281} INFO - 
--------------------------------------------------------------------------------
[2025-05-13T00:10:39.529+0000] {taskinstance.py:1300} INFO - Executing <Task(SimpleHttpOperator): extract_user_data> on 2025-05-12 00:00:00+00:00
[2025-05-13T00:10:39.532+0000] {standard_task_runner.py:55} INFO - Started process 71874 to run task
[2025-05-13T00:10:39.533+0000] {standard_task_runner.py:82} INFO - Running: ['***', 'tasks', 'run', 'user_processing', 'extract_user_data', 'scheduled__2025-05-12T00:00:00+00:00', '--job-id', '202', '--raw', '--subdir', 'DAGS_FOLDER/user_processing.py', '--cfg-path', '/tmp/tmp_ccj2am7']
[2025-05-13T00:10:39.534+0000] {standard_task_runner.py:83} INFO - Job 202: Subtask extract_user_data
[2025-05-13T00:10:39.558+0000] {task_command.py:388} INFO - Running <TaskInstance: user_processing.extract_user_data scheduled__2025-05-12T00:00:00+00:00 [running]> on host b1064f4ed60e
[2025-05-13T00:10:39.583+0000] {taskinstance.py:1509} INFO - Exporting the following env vars:
AIRFLOW_CTX_DAG_OWNER=***
AIRFLOW_CTX_DAG_ID=user_processing
AIRFLOW_CTX_TASK_ID=extract_user_data
AIRFLOW_CTX_EXECUTION_DATE=2025-05-12T00:00:00+00:00
AIRFLOW_CTX_TRY_NUMBER=1
AIRFLOW_CTX_DAG_RUN_ID=scheduled__2025-05-12T00:00:00+00:00
[2025-05-13T00:10:39.583+0000] {http.py:123} INFO - Calling HTTP method
[2025-05-13T00:10:39.587+0000] {base.py:73} INFO - Using connection ID 'user_api' for task execution.
[2025-05-13T00:10:40.312+0000] {warnings.py:110} WARNING - /home/***/.local/lib/python3.7/site-packages/urllib3/connectionpool.py:1052: InsecureRequestWarning: Unverified HTTPS request is being made to host 'randomuser.me'. Adding certificate verification is strongly advised. See: https://urllib3.readthedocs.io/en/1.26.x/advanced-usage.html#ssl-warnings
  InsecureRequestWarning,

[2025-05-13T00:10:40.656+0000] {http.py:127} INFO - {"results":[{"gender":"female","name":{"title":"Mrs","first":"Faouzia","last":"Stassen"},"location":{"street":{"number":4074,"name":"Johannes Chr. Bendorpstraat"},"city":"Elst Gld","state":"Friesland","country":"Netherlands","postcode":"4200 XZ","coordinates":{"latitude":"33.9109","longitude":"34.5932"},"timezone":{"offset":"+10:00","description":"Eastern Australia, Guam, Vladivostok"}},"email":"faouzia.stassen@example.com","login":{"uuid":"4a7f6d33-dd7f-4088-a839-e4f7b165ad35","username":"orangetiger343","password":"claymore","salt":"2C0aGF5G","md5":"6eeaef3b4677cd8b7dd3029d974a6bcc","sha1":"56e2c589904f4d9edea9fe38d242568d66980e47","sha256":"c5907d965351090f664a3b738bd56a246a363f4156443568e4025053865ff016"},"dob":{"date":"1998-12-11T09:40:44.393Z","age":26},"registered":{"date":"2012-01-02T13:23:40.174Z","age":13},"phone":"(0149) 360518","cell":"(06) 19847897","id":{"name":"BSN","value":"49749343"},"picture":{"large":"https://randomuser.me/api/portraits/women/68.jpg","medium":"https://randomuser.me/api/portraits/med/women/68.jpg","thumbnail":"https://randomuser.me/api/portraits/thumb/women/68.jpg"},"nat":"NL"}],"info":{"seed":"3522a309b4fae2b3","results":1,"page":1,"version":"1.4"}}
[2025-05-13T00:10:40.686+0000] {taskinstance.py:1323} INFO - Marking task as SUCCESS. dag_id=user_processing, task_id=extract_user_data, execution_date=20250512T000000, start_date=20250513T001039, end_date=20250513T001040
[2025-05-13T00:10:40.733+0000] {local_task_job.py:208} INFO - Task exited with return code 0
[2025-05-13T00:10:40.750+0000] {taskinstance.py:2578} INFO - 1 downstream tasks scheduled from follow-on schedule check
