[2025-02-03T05:37:25.378+0000] {processor.py:153} INFO - Started process (PID=49893) to work on /opt/airflow/dags/consumer.py
[2025-02-03T05:37:25.379+0000] {processor.py:743} INFO - Processing file /opt/airflow/dags/consumer.py for tasks to queue
[2025-02-03T05:37:25.380+0000] {logging_mixin.py:137} INFO - [2025-02-03T05:37:25.380+0000] {dagbag.py:538} INFO - Filling up the DagBag from /opt/airflow/dags/consumer.py
[2025-02-03T05:37:25.469+0000] {processor.py:753} INFO - DAG(s) dict_keys(['consumer']) retrieved from /opt/airflow/dags/consumer.py
[2025-02-03T05:37:26.115+0000] {logging_mixin.py:137} INFO - [2025-02-03T05:37:26.115+0000] {dag.py:2690} INFO - Sync 1 DAGs
[2025-02-03T05:37:26.211+0000] {logging_mixin.py:137} INFO - [2025-02-03T05:37:26.211+0000] {dag.py:3441} INFO - Setting next_dagrun for consumer to None, run_after=None
[2025-02-03T05:37:27.018+0000] {processor.py:175} INFO - Processing /opt/airflow/dags/consumer.py took 1.643 seconds
[2025-02-03T05:37:57.831+0000] {processor.py:153} INFO - Started process (PID=49959) to work on /opt/airflow/dags/consumer.py
[2025-02-03T05:37:57.834+0000] {processor.py:743} INFO - Processing file /opt/airflow/dags/consumer.py for tasks to queue
[2025-02-03T05:37:57.837+0000] {logging_mixin.py:137} INFO - [2025-02-03T05:37:57.837+0000] {dagbag.py:538} INFO - Filling up the DagBag from /opt/airflow/dags/consumer.py
[2025-02-03T05:37:57.868+0000] {processor.py:753} INFO - DAG(s) dict_keys(['consumer']) retrieved from /opt/airflow/dags/consumer.py
[2025-02-03T05:37:57.899+0000] {logging_mixin.py:137} INFO - [2025-02-03T05:37:57.899+0000] {dag.py:2690} INFO - Sync 1 DAGs
[2025-02-03T05:37:58.123+0000] {logging_mixin.py:137} INFO - [2025-02-03T05:37:58.123+0000] {dag.py:3441} INFO - Setting next_dagrun for consumer to None, run_after=None
[2025-02-03T05:37:58.254+0000] {processor.py:175} INFO - Processing /opt/airflow/dags/consumer.py took 0.427 seconds
[2025-02-03T05:38:29.222+0000] {processor.py:153} INFO - Started process (PID=50051) to work on /opt/airflow/dags/consumer.py
[2025-02-03T05:38:29.223+0000] {processor.py:743} INFO - Processing file /opt/airflow/dags/consumer.py for tasks to queue
[2025-02-03T05:38:29.224+0000] {logging_mixin.py:137} INFO - [2025-02-03T05:38:29.224+0000] {dagbag.py:538} INFO - Filling up the DagBag from /opt/airflow/dags/consumer.py
[2025-02-03T05:38:29.240+0000] {processor.py:753} INFO - DAG(s) dict_keys(['consumer']) retrieved from /opt/airflow/dags/consumer.py
[2025-02-03T05:38:29.335+0000] {logging_mixin.py:137} INFO - [2025-02-03T05:38:29.335+0000] {dag.py:2690} INFO - Sync 1 DAGs
[2025-02-03T05:38:29.346+0000] {logging_mixin.py:137} INFO - [2025-02-03T05:38:29.346+0000] {dag.py:3441} INFO - Setting next_dagrun for consumer to None, run_after=None
[2025-02-03T05:38:29.358+0000] {processor.py:175} INFO - Processing /opt/airflow/dags/consumer.py took 0.140 seconds
