[2025-02-03T05:37:25.365+0000] {processor.py:153} INFO - Started process (PID=49892) to work on /opt/airflow/dags/producer.py
[2025-02-03T05:37:25.374+0000] {processor.py:743} INFO - Processing file /opt/airflow/dags/producer.py for tasks to queue
[2025-02-03T05:37:25.376+0000] {logging_mixin.py:137} INFO - [2025-02-03T05:37:25.376+0000] {dagbag.py:538} INFO - Filling up the DagBag from /opt/airflow/dags/producer.py
[2025-02-03T05:37:25.485+0000] {processor.py:753} INFO - DAG(s) dict_keys(['producer']) retrieved from /opt/airflow/dags/producer.py
[2025-02-03T05:37:25.700+0000] {logging_mixin.py:137} INFO - [2025-02-03T05:37:25.700+0000] {dag.py:2690} INFO - Sync 1 DAGs
[2025-02-03T05:37:26.948+0000] {logging_mixin.py:137} INFO - [2025-02-03T05:37:26.948+0000] {dag.py:3441} INFO - Setting next_dagrun for producer to 2025-02-02T00:00:00+00:00, run_after=2025-02-03T00:00:00+00:00
[2025-02-03T05:37:27.028+0000] {processor.py:175} INFO - Processing /opt/airflow/dags/producer.py took 1.669 seconds
[2025-02-03T05:37:57.809+0000] {processor.py:153} INFO - Started process (PID=49958) to work on /opt/airflow/dags/producer.py
[2025-02-03T05:37:57.813+0000] {processor.py:743} INFO - Processing file /opt/airflow/dags/producer.py for tasks to queue
[2025-02-03T05:37:57.815+0000] {logging_mixin.py:137} INFO - [2025-02-03T05:37:57.815+0000] {dagbag.py:538} INFO - Filling up the DagBag from /opt/airflow/dags/producer.py
[2025-02-03T05:37:57.858+0000] {processor.py:753} INFO - DAG(s) dict_keys(['producer']) retrieved from /opt/airflow/dags/producer.py
[2025-02-03T05:37:57.901+0000] {logging_mixin.py:137} INFO - [2025-02-03T05:37:57.901+0000] {dag.py:2690} INFO - Sync 1 DAGs
[2025-02-03T05:37:58.119+0000] {logging_mixin.py:137} INFO - [2025-02-03T05:37:58.119+0000] {dag.py:3441} INFO - Setting next_dagrun for producer to 2025-02-03T00:00:00+00:00, run_after=2025-02-04T00:00:00+00:00
[2025-02-03T05:37:58.243+0000] {processor.py:175} INFO - Processing /opt/airflow/dags/producer.py took 0.442 seconds
[2025-02-03T05:38:29.222+0000] {processor.py:153} INFO - Started process (PID=50050) to work on /opt/airflow/dags/producer.py
[2025-02-03T05:38:29.223+0000] {processor.py:743} INFO - Processing file /opt/airflow/dags/producer.py for tasks to queue
[2025-02-03T05:38:29.223+0000] {logging_mixin.py:137} INFO - [2025-02-03T05:38:29.223+0000] {dagbag.py:538} INFO - Filling up the DagBag from /opt/airflow/dags/producer.py
[2025-02-03T05:38:29.241+0000] {processor.py:753} INFO - DAG(s) dict_keys(['producer']) retrieved from /opt/airflow/dags/producer.py
[2025-02-03T05:38:29.335+0000] {logging_mixin.py:137} INFO - [2025-02-03T05:38:29.335+0000] {dag.py:2690} INFO - Sync 1 DAGs
[2025-02-03T05:38:29.349+0000] {logging_mixin.py:137} INFO - [2025-02-03T05:38:29.349+0000] {dag.py:3441} INFO - Setting next_dagrun for producer to 2025-02-03T00:00:00+00:00, run_after=2025-02-04T00:00:00+00:00
[2025-02-03T05:38:29.364+0000] {processor.py:175} INFO - Processing /opt/airflow/dags/producer.py took 0.146 seconds
