[2025-05-25T00:14:36.993+0000] {taskinstance.py:1083} INFO - Dependencies all met for <TaskInstance: xcom_dag.t2 scheduled__2025-05-24T00:00:00+00:00 [queued]>
[2025-05-25T00:14:36.998+0000] {taskinstance.py:1083} INFO - Dependencies all met for <TaskInstance: xcom_dag.t2 scheduled__2025-05-24T00:00:00+00:00 [queued]>
[2025-05-25T00:14:36.998+0000] {taskinstance.py:1279} INFO - 
--------------------------------------------------------------------------------
[2025-05-25T00:14:36.998+0000] {taskinstance.py:1280} INFO - Starting attempt 1 of 1
[2025-05-25T00:14:36.998+0000] {taskinstance.py:1281} INFO - 
--------------------------------------------------------------------------------
[2025-05-25T00:14:37.004+0000] {taskinstance.py:1300} INFO - Executing <Task(PythonOperator): t2> on 2025-05-24 00:00:00+00:00
[2025-05-25T00:14:37.007+0000] {standard_task_runner.py:55} INFO - Started process 36270 to run task
[2025-05-25T00:14:37.008+0000] {standard_task_runner.py:82} INFO - Running: ['***', 'tasks', 'run', 'xcom_dag', 't2', 'scheduled__2025-05-24T00:00:00+00:00', '--job-id', '522', '--raw', '--subdir', 'DAGS_FOLDER/xcom_dags.py', '--cfg-path', '/tmp/tmpnyro51sj']
[2025-05-25T00:14:37.009+0000] {standard_task_runner.py:83} INFO - Job 522: Subtask t2
[2025-05-25T00:14:37.038+0000] {task_command.py:388} INFO - Running <TaskInstance: xcom_dag.t2 scheduled__2025-05-24T00:00:00+00:00 [running]> on host 74c05f868d26
[2025-05-25T00:14:37.071+0000] {taskinstance.py:1509} INFO - Exporting the following env vars:
AIRFLOW_CTX_DAG_OWNER=***
AIRFLOW_CTX_DAG_ID=xcom_dag
AIRFLOW_CTX_TASK_ID=t2
AIRFLOW_CTX_EXECUTION_DATE=2025-05-24T00:00:00+00:00
AIRFLOW_CTX_TRY_NUMBER=1
AIRFLOW_CTX_DAG_RUN_ID=scheduled__2025-05-24T00:00:00+00:00
[2025-05-25T00:14:37.074+0000] {logging_mixin.py:137} INFO - 42
[2025-05-25T00:14:37.074+0000] {python.py:177} INFO - Done. Returned value was: None
[2025-05-25T00:14:37.078+0000] {taskinstance.py:1323} INFO - Marking task as SUCCESS. dag_id=xcom_dag, task_id=t2, execution_date=20250524T000000, start_date=20250525T001436, end_date=20250525T001437
[2025-05-25T00:14:37.107+0000] {local_task_job.py:208} INFO - Task exited with return code 0
[2025-05-25T00:14:37.117+0000] {taskinstance.py:2578} INFO - 1 downstream tasks scheduled from follow-on schedule check
