[2025-05-29T22:47:58.360+0000] {taskinstance.py:1083} INFO - Dependencies all met for <TaskInstance: producer_astro.update_file manual__2025-05-29T22:47:57.688348+00:00 [queued]>
[2025-05-29T22:47:58.366+0000] {taskinstance.py:1083} INFO - Dependencies all met for <TaskInstance: producer_astro.update_file manual__2025-05-29T22:47:57.688348+00:00 [queued]>
[2025-05-29T22:47:58.367+0000] {taskinstance.py:1279} INFO - 
--------------------------------------------------------------------------------
[2025-05-29T22:47:58.367+0000] {taskinstance.py:1280} INFO - Starting attempt 1 of 1
[2025-05-29T22:47:58.367+0000] {taskinstance.py:1281} INFO - 
--------------------------------------------------------------------------------
[2025-05-29T22:47:58.377+0000] {taskinstance.py:1300} INFO - Executing <Task(_PythonDecoratedOperator): update_file> on 2025-05-29 22:47:57.688348+00:00
[2025-05-29T22:47:58.381+0000] {standard_task_runner.py:55} INFO - Started process 44718 to run task
[2025-05-29T22:47:58.385+0000] {standard_task_runner.py:82} INFO - Running: ['***', 'tasks', 'run', 'producer_astro', 'update_file', 'manual__2025-05-29T22:47:57.688348+00:00', '--job-id', '640', '--raw', '--subdir', 'DAGS_FOLDER/producer_astro.py', '--cfg-path', '/tmp/tmplqb655iy']
[2025-05-29T22:47:58.387+0000] {standard_task_runner.py:83} INFO - Job 640: Subtask update_file
[2025-05-29T22:47:58.438+0000] {task_command.py:388} INFO - Running <TaskInstance: producer_astro.update_file manual__2025-05-29T22:47:57.688348+00:00 [running]> on host 74c05f868d26
[2025-05-29T22:47:58.484+0000] {taskinstance.py:1509} INFO - Exporting the following env vars:
AIRFLOW_CTX_DAG_OWNER=***
AIRFLOW_CTX_DAG_ID=producer_astro
AIRFLOW_CTX_TASK_ID=update_file
AIRFLOW_CTX_EXECUTION_DATE=2025-05-29T22:47:57.688348+00:00
AIRFLOW_CTX_TRY_NUMBER=1
AIRFLOW_CTX_DAG_RUN_ID=manual__2025-05-29T22:47:57.688348+00:00
[2025-05-29T22:47:58.486+0000] {python.py:177} INFO - Done. Returned value was: None
[2025-05-29T22:47:58.487+0000] {warnings.py:110} WARNING - /home/***/.local/lib/python3.7/site-packages/***/models/baseoperator.py:1376: RemovedInAirflow3Warning: Passing 'execution_date' to 'TaskInstance.xcom_push()' is deprecated.
  context["ti"].xcom_push(key=key, value=value, execution_date=execution_date)

[2025-05-29T22:47:58.502+0000] {taskinstance.py:1323} INFO - Marking task as SUCCESS. dag_id=producer_astro, task_id=update_file, execution_date=20250529T224757, start_date=20250529T224758, end_date=20250529T224758
[2025-05-29T22:47:58.523+0000] {local_task_job.py:208} INFO - Task exited with return code 0
[2025-05-29T22:47:58.536+0000] {taskinstance.py:2578} INFO - 0 downstream tasks scheduled from follow-on schedule check
