[2025-05-15T14:09:42.187+0000] {taskinstance.py:1083} INFO - Dependencies all met for <TaskInstance: xcom_dag.t3 manual__2025-05-15T14:09:39.323315+00:00 [queued]>
[2025-05-15T14:09:42.190+0000] {taskinstance.py:1083} INFO - Dependencies all met for <TaskInstance: xcom_dag.t3 manual__2025-05-15T14:09:39.323315+00:00 [queued]>
[2025-05-15T14:09:42.190+0000] {taskinstance.py:1279} INFO - 
--------------------------------------------------------------------------------
[2025-05-15T14:09:42.190+0000] {taskinstance.py:1280} INFO - Starting attempt 1 of 1
[2025-05-15T14:09:42.190+0000] {taskinstance.py:1281} INFO - 
--------------------------------------------------------------------------------
[2025-05-15T14:09:42.196+0000] {taskinstance.py:1300} INFO - Executing <Task(BashOperator): t3> on 2025-05-15 14:09:39.323315+00:00
[2025-05-15T14:09:42.198+0000] {standard_task_runner.py:55} INFO - Started process 29940 to run task
[2025-05-15T14:09:42.199+0000] {standard_task_runner.py:82} INFO - Running: ['***', 'tasks', 'run', 'xcom_dag', 't3', 'manual__2025-05-15T14:09:39.323315+00:00', '--job-id', '289', '--raw', '--subdir', 'DAGS_FOLDER/xcom_dags.py', '--cfg-path', '/tmp/tmptu_ywgnv']
[2025-05-15T14:09:42.199+0000] {standard_task_runner.py:83} INFO - Job 289: Subtask t3
[2025-05-15T14:09:42.222+0000] {task_command.py:388} INFO - Running <TaskInstance: xcom_dag.t3 manual__2025-05-15T14:09:39.323315+00:00 [running]> on host b1064f4ed60e
[2025-05-15T14:09:42.246+0000] {taskinstance.py:1509} INFO - Exporting the following env vars:
AIRFLOW_CTX_DAG_OWNER=***
AIRFLOW_CTX_DAG_ID=xcom_dag
AIRFLOW_CTX_TASK_ID=t3
AIRFLOW_CTX_EXECUTION_DATE=2025-05-15T14:09:39.323315+00:00
AIRFLOW_CTX_TRY_NUMBER=1
AIRFLOW_CTX_DAG_RUN_ID=manual__2025-05-15T14:09:39.323315+00:00
[2025-05-15T14:09:42.247+0000] {subprocess.py:63} INFO - Tmp dir root location: 
 /tmp
[2025-05-15T14:09:42.247+0000] {subprocess.py:75} INFO - Running command: ['/bin/bash', '-c', "echo ''"]
[2025-05-15T14:09:42.252+0000] {subprocess.py:86} INFO - Output:
[2025-05-15T14:09:42.253+0000] {subprocess.py:93} INFO - 
[2025-05-15T14:09:42.253+0000] {subprocess.py:97} INFO - Command exited with return code 0
[2025-05-15T14:09:42.262+0000] {taskinstance.py:1323} INFO - Marking task as SUCCESS. dag_id=xcom_dag, task_id=t3, execution_date=20250515T140939, start_date=20250515T140942, end_date=20250515T140942
[2025-05-15T14:09:42.298+0000] {local_task_job.py:208} INFO - Task exited with return code 0
[2025-05-15T14:09:42.305+0000] {taskinstance.py:2578} INFO - 0 downstream tasks scheduled from follow-on schedule check
