[2024-12-21T00:02:43.269+0000] {taskinstance.py:1083} INFO - Dependencies all met for <TaskInstance: user_processing.create_table scheduled__2024-12-20T00:00:00+00:00 [queued]>
[2024-12-21T00:02:43.280+0000] {taskinstance.py:1083} INFO - Dependencies all met for <TaskInstance: user_processing.create_table scheduled__2024-12-20T00:00:00+00:00 [queued]>
[2024-12-21T00:02:43.281+0000] {taskinstance.py:1279} INFO - 
--------------------------------------------------------------------------------
[2024-12-21T00:02:43.281+0000] {taskinstance.py:1280} INFO - Starting attempt 1 of 1
[2024-12-21T00:02:43.281+0000] {taskinstance.py:1281} INFO - 
--------------------------------------------------------------------------------
[2024-12-21T00:02:43.297+0000] {taskinstance.py:1300} INFO - Executing <Task(PostgresOperator): create_table> on 2024-12-20 00:00:00+00:00
[2024-12-21T00:02:43.302+0000] {standard_task_runner.py:55} INFO - Started process 52737 to run task
[2024-12-21T00:02:43.305+0000] {standard_task_runner.py:82} INFO - Running: ['***', 'tasks', 'run', 'user_processing', 'create_table', 'scheduled__2024-12-20T00:00:00+00:00', '--job-id', '117', '--raw', '--subdir', 'DAGS_FOLDER/user_processing.py', '--cfg-path', '/tmp/tmp7oaxpph4']
[2024-12-21T00:02:43.307+0000] {standard_task_runner.py:83} INFO - Job 117: Subtask create_table
[2024-12-21T00:02:43.374+0000] {task_command.py:388} INFO - Running <TaskInstance: user_processing.create_table scheduled__2024-12-20T00:00:00+00:00 [running]> on host 44e036a430cc
[2024-12-21T00:02:43.465+0000] {taskinstance.py:1509} INFO - Exporting the following env vars:
AIRFLOW_CTX_DAG_OWNER=***
AIRFLOW_CTX_DAG_ID=user_processing
AIRFLOW_CTX_TASK_ID=create_table
AIRFLOW_CTX_EXECUTION_DATE=2024-12-20T00:00:00+00:00
AIRFLOW_CTX_TRY_NUMBER=1
AIRFLOW_CTX_DAG_RUN_ID=scheduled__2024-12-20T00:00:00+00:00
[2024-12-21T00:02:43.471+0000] {sql.py:254} INFO - Executing: CREATE TABLE IF NOT EXISTS users (
            firstname TEXT NOT NULL,
            lastname TEXT NOT NULL,
            country TEXT NOT NULL,
            username TEXT NOT NULL,
            password TEXT NOT NULL,
            email TEXT NOT NULL);
[2024-12-21T00:02:43.481+0000] {base.py:73} INFO - Using connection ID 'postgres' for task execution.
[2024-12-21T00:02:43.610+0000] {base.py:73} INFO - Using connection ID 'postgres' for task execution.
[2024-12-21T00:02:43.615+0000] {sql.py:375} INFO - Running statement: CREATE TABLE IF NOT EXISTS users (
            firstname TEXT NOT NULL,
            lastname TEXT NOT NULL,
            country TEXT NOT NULL,
            username TEXT NOT NULL,
            password TEXT NOT NULL,
            email TEXT NOT NULL);, parameters: None
[2024-12-21T00:02:43.623+0000] {taskinstance.py:1323} INFO - Marking task as SUCCESS. dag_id=user_processing, task_id=create_table, execution_date=20241220T000000, start_date=20241221T000243, end_date=20241221T000243
[2024-12-21T00:02:43.688+0000] {local_task_job.py:208} INFO - Task exited with return code 0
[2024-12-21T00:02:43.729+0000] {taskinstance.py:2578} INFO - 1 downstream tasks scheduled from follow-on schedule check
