[2025-05-25T00:14:35.326+0000] {taskinstance.py:1083} INFO - Dependencies all met for <TaskInstance: group_dag.downloads.download_a scheduled__2025-05-24T00:00:00+00:00 [queued]>
[2025-05-25T00:14:35.335+0000] {taskinstance.py:1083} INFO - Dependencies all met for <TaskInstance: group_dag.downloads.download_a scheduled__2025-05-24T00:00:00+00:00 [queued]>
[2025-05-25T00:14:35.336+0000] {taskinstance.py:1279} INFO - 
--------------------------------------------------------------------------------
[2025-05-25T00:14:35.336+0000] {taskinstance.py:1280} INFO - Starting attempt 1 of 1
[2025-05-25T00:14:35.336+0000] {taskinstance.py:1281} INFO - 
--------------------------------------------------------------------------------
[2025-05-25T00:14:35.357+0000] {taskinstance.py:1300} INFO - Executing <Task(BashOperator): downloads.download_a> on 2025-05-24 00:00:00+00:00
[2025-05-25T00:14:35.362+0000] {standard_task_runner.py:55} INFO - Started process 36251 to run task
[2025-05-25T00:14:35.365+0000] {standard_task_runner.py:82} INFO - Running: ['***', 'tasks', 'run', 'group_dag', 'downloads.download_a', 'scheduled__2025-05-24T00:00:00+00:00', '--job-id', '515', '--raw', '--subdir', 'DAGS_FOLDER/group_dags.py', '--cfg-path', '/tmp/tmp41ookqmf']
[2025-05-25T00:14:35.367+0000] {standard_task_runner.py:83} INFO - Job 515: Subtask downloads.download_a
[2025-05-25T00:14:35.426+0000] {task_command.py:388} INFO - Running <TaskInstance: group_dag.downloads.download_a scheduled__2025-05-24T00:00:00+00:00 [running]> on host 74c05f868d26
[2025-05-25T00:14:35.489+0000] {taskinstance.py:1509} INFO - Exporting the following env vars:
AIRFLOW_CTX_DAG_OWNER=***
AIRFLOW_CTX_DAG_ID=group_dag
AIRFLOW_CTX_TASK_ID=downloads.download_a
AIRFLOW_CTX_EXECUTION_DATE=2025-05-24T00:00:00+00:00
AIRFLOW_CTX_TRY_NUMBER=1
AIRFLOW_CTX_DAG_RUN_ID=scheduled__2025-05-24T00:00:00+00:00
[2025-05-25T00:14:35.491+0000] {subprocess.py:63} INFO - Tmp dir root location: 
 /tmp
[2025-05-25T00:14:35.494+0000] {subprocess.py:75} INFO - Running command: ['/bin/bash', '-c', 'sleep 5']
[2025-05-25T00:14:35.505+0000] {subprocess.py:86} INFO - Output:
[2025-05-25T00:14:40.515+0000] {subprocess.py:97} INFO - Command exited with return code 0
[2025-05-25T00:14:40.531+0000] {taskinstance.py:1323} INFO - Marking task as SUCCESS. dag_id=group_dag, task_id=downloads.download_a, execution_date=20250524T000000, start_date=20250525T001435, end_date=20250525T001440
[2025-05-25T00:14:40.545+0000] {local_task_job.py:208} INFO - Task exited with return code 0
[2025-05-25T00:14:40.558+0000] {taskinstance.py:2578} INFO - 0 downstream tasks scheduled from follow-on schedule check
