[2025-06-07T03:13:38.544+0000] {taskinstance.py:1083} INFO - Dependencies all met for <TaskInstance: user_processing.is_api_available scheduled__2025-06-06T00:00:00+00:00 [queued]>
[2025-06-07T03:13:38.565+0000] {taskinstance.py:1083} INFO - Dependencies all met for <TaskInstance: user_processing.is_api_available scheduled__2025-06-06T00:00:00+00:00 [queued]>
[2025-06-07T03:13:38.565+0000] {taskinstance.py:1279} INFO - 
--------------------------------------------------------------------------------
[2025-06-07T03:13:38.566+0000] {taskinstance.py:1280} INFO - Starting attempt 1 of 1
[2025-06-07T03:13:38.566+0000] {taskinstance.py:1281} INFO - 
--------------------------------------------------------------------------------
[2025-06-07T03:13:38.578+0000] {taskinstance.py:1300} INFO - Executing <Task(HttpSensor): is_api_available> on 2025-06-06 00:00:00+00:00
[2025-06-07T03:13:38.581+0000] {standard_task_runner.py:55} INFO - Started process 88 to run task
[2025-06-07T03:13:38.583+0000] {standard_task_runner.py:82} INFO - Running: ['***', 'tasks', 'run', 'user_processing', 'is_api_available', 'scheduled__2025-06-06T00:00:00+00:00', '--job-id', '741', '--raw', '--subdir', 'DAGS_FOLDER/user_processing.py', '--cfg-path', '/tmp/tmp8yb6x9ay']
[2025-06-07T03:13:38.588+0000] {standard_task_runner.py:83} INFO - Job 741: Subtask is_api_available
[2025-06-07T03:13:38.635+0000] {task_command.py:388} INFO - Running <TaskInstance: user_processing.is_api_available scheduled__2025-06-06T00:00:00+00:00 [running]> on host 0ced21874cff
[2025-06-07T03:13:38.672+0000] {taskinstance.py:1509} INFO - Exporting the following env vars:
AIRFLOW_CTX_DAG_OWNER=***
AIRFLOW_CTX_DAG_ID=user_processing
AIRFLOW_CTX_TASK_ID=is_api_available
AIRFLOW_CTX_EXECUTION_DATE=2025-06-06T00:00:00+00:00
AIRFLOW_CTX_TRY_NUMBER=1
AIRFLOW_CTX_DAG_RUN_ID=scheduled__2025-06-06T00:00:00+00:00
[2025-06-07T03:13:38.674+0000] {http.py:122} INFO - Poking: api/
[2025-06-07T03:13:38.682+0000] {base.py:73} INFO - Using connection ID 'user_api' for task execution.
[2025-06-07T03:13:38.860+0000] {warnings.py:110} WARNING - /home/***/.local/lib/python3.7/site-packages/urllib3/connectionpool.py:1052: InsecureRequestWarning: Unverified HTTPS request is being made to host 'randomuser.me'. Adding certificate verification is strongly advised. See: https://urllib3.readthedocs.io/en/1.26.x/advanced-usage.html#ssl-warnings
  InsecureRequestWarning,

[2025-06-07T03:13:38.919+0000] {base.py:228} INFO - Success criteria met. Exiting.
[2025-06-07T03:13:38.924+0000] {taskinstance.py:1323} INFO - Marking task as SUCCESS. dag_id=user_processing, task_id=is_api_available, execution_date=20250606T000000, start_date=20250607T031338, end_date=20250607T031338
[2025-06-07T03:13:38.933+0000] {local_task_job.py:208} INFO - Task exited with return code 0
[2025-06-07T03:13:38.951+0000] {taskinstance.py:2578} INFO - 1 downstream tasks scheduled from follow-on schedule check
