[2025-05-18T00:14:04.667+0000] {taskinstance.py:1083} INFO - Dependencies all met for <TaskInstance: user_processing.is_api_available scheduled__2025-05-17T00:00:00+00:00 [queued]>
[2025-05-18T00:14:04.691+0000] {taskinstance.py:1083} INFO - Dependencies all met for <TaskInstance: user_processing.is_api_available scheduled__2025-05-17T00:00:00+00:00 [queued]>
[2025-05-18T00:14:04.692+0000] {taskinstance.py:1279} INFO - 
--------------------------------------------------------------------------------
[2025-05-18T00:14:04.692+0000] {taskinstance.py:1280} INFO - Starting attempt 1 of 1
[2025-05-18T00:14:04.693+0000] {taskinstance.py:1281} INFO - 
--------------------------------------------------------------------------------
[2025-05-18T00:14:04.720+0000] {taskinstance.py:1300} INFO - Executing <Task(HttpSensor): is_api_available> on 2025-05-17 00:00:00+00:00
[2025-05-18T00:14:04.733+0000] {standard_task_runner.py:55} INFO - Started process 87138 to run task
[2025-05-18T00:14:04.741+0000] {standard_task_runner.py:82} INFO - Running: ['***', 'tasks', 'run', 'user_processing', 'is_api_available', 'scheduled__2025-05-17T00:00:00+00:00', '--job-id', '371', '--raw', '--subdir', 'DAGS_FOLDER/user_processing.py', '--cfg-path', '/tmp/tmpytxfs7i_']
[2025-05-18T00:14:04.748+0000] {standard_task_runner.py:83} INFO - Job 371: Subtask is_api_available
[2025-05-18T00:14:04.892+0000] {task_command.py:388} INFO - Running <TaskInstance: user_processing.is_api_available scheduled__2025-05-17T00:00:00+00:00 [running]> on host b1064f4ed60e
[2025-05-18T00:14:04.983+0000] {taskinstance.py:1509} INFO - Exporting the following env vars:
AIRFLOW_CTX_DAG_OWNER=***
AIRFLOW_CTX_DAG_ID=user_processing
AIRFLOW_CTX_TASK_ID=is_api_available
AIRFLOW_CTX_EXECUTION_DATE=2025-05-17T00:00:00+00:00
AIRFLOW_CTX_TRY_NUMBER=1
AIRFLOW_CTX_DAG_RUN_ID=scheduled__2025-05-17T00:00:00+00:00
[2025-05-18T00:14:04.985+0000] {http.py:122} INFO - Poking: api/
[2025-05-18T00:14:04.998+0000] {base.py:73} INFO - Using connection ID 'user_api' for task execution.
[2025-05-18T00:14:06.055+0000] {warnings.py:110} WARNING - /home/***/.local/lib/python3.7/site-packages/urllib3/connectionpool.py:1052: InsecureRequestWarning: Unverified HTTPS request is being made to host 'randomuser.me'. Adding certificate verification is strongly advised. See: https://urllib3.readthedocs.io/en/1.26.x/advanced-usage.html#ssl-warnings
  InsecureRequestWarning,

[2025-05-18T00:14:06.363+0000] {base.py:228} INFO - Success criteria met. Exiting.
[2025-05-18T00:14:06.376+0000] {taskinstance.py:1323} INFO - Marking task as SUCCESS. dag_id=user_processing, task_id=is_api_available, execution_date=20250517T000000, start_date=20250518T001404, end_date=20250518T001406
[2025-05-18T00:14:06.428+0000] {local_task_job.py:208} INFO - Task exited with return code 0
[2025-05-18T00:14:06.453+0000] {taskinstance.py:2578} INFO - 0 downstream tasks scheduled from follow-on schedule check
