[2025-01-12T00:00:01.403+0000] {taskinstance.py:1083} INFO - Dependencies all met for <TaskInstance: user_processing.create_table scheduled__2025-01-11T00:00:00+00:00 [queued]>
[2025-01-12T00:00:01.406+0000] {taskinstance.py:1083} INFO - Dependencies all met for <TaskInstance: user_processing.create_table scheduled__2025-01-11T00:00:00+00:00 [queued]>
[2025-01-12T00:00:01.406+0000] {taskinstance.py:1279} INFO - 
--------------------------------------------------------------------------------
[2025-01-12T00:00:01.406+0000] {taskinstance.py:1280} INFO - Starting attempt 1 of 1
[2025-01-12T00:00:01.406+0000] {taskinstance.py:1281} INFO - 
--------------------------------------------------------------------------------
[2025-01-12T00:00:01.411+0000] {taskinstance.py:1300} INFO - Executing <Task(PostgresOperator): create_table> on 2025-01-11 00:00:00+00:00
[2025-01-12T00:00:01.413+0000] {standard_task_runner.py:55} INFO - Started process 4505 to run task
[2025-01-12T00:00:01.415+0000] {standard_task_runner.py:82} INFO - Running: ['***', 'tasks', 'run', 'user_processing', 'create_table', 'scheduled__2025-01-11T00:00:00+00:00', '--job-id', '290', '--raw', '--subdir', 'DAGS_FOLDER/user_processing.py', '--cfg-path', '/tmp/tmp_5bjdqqk']
[2025-01-12T00:00:01.415+0000] {standard_task_runner.py:83} INFO - Job 290: Subtask create_table
[2025-01-12T00:00:01.439+0000] {task_command.py:388} INFO - Running <TaskInstance: user_processing.create_table scheduled__2025-01-11T00:00:00+00:00 [running]> on host 6a497d97bc7e
[2025-01-12T00:00:01.466+0000] {taskinstance.py:1509} INFO - Exporting the following env vars:
AIRFLOW_CTX_DAG_OWNER=***
AIRFLOW_CTX_DAG_ID=user_processing
AIRFLOW_CTX_TASK_ID=create_table
AIRFLOW_CTX_EXECUTION_DATE=2025-01-11T00:00:00+00:00
AIRFLOW_CTX_TRY_NUMBER=1
AIRFLOW_CTX_DAG_RUN_ID=scheduled__2025-01-11T00:00:00+00:00
[2025-01-12T00:00:01.468+0000] {sql.py:254} INFO - Executing: CREATE TABLE IF NOT EXISTS users (
            firstname TEXT NOT NULL,
            lastname TEXT NOT NULL,
            country TEXT NOT NULL,
            username TEXT NOT NULL,
            password TEXT NOT NULL,
            email TEXT NOT NULL);
[2025-01-12T00:00:01.472+0000] {base.py:73} INFO - Using connection ID 'postgres' for task execution.
[2025-01-12T00:00:01.716+0000] {base.py:73} INFO - Using connection ID 'postgres' for task execution.
[2025-01-12T00:00:01.718+0000] {sql.py:375} INFO - Running statement: CREATE TABLE IF NOT EXISTS users (
            firstname TEXT NOT NULL,
            lastname TEXT NOT NULL,
            country TEXT NOT NULL,
            username TEXT NOT NULL,
            password TEXT NOT NULL,
            email TEXT NOT NULL);, parameters: None
[2025-01-12T00:00:01.722+0000] {taskinstance.py:1323} INFO - Marking task as SUCCESS. dag_id=user_processing, task_id=create_table, execution_date=20250111T000000, start_date=20250112T000001, end_date=20250112T000001
[2025-01-12T00:00:01.758+0000] {local_task_job.py:208} INFO - Task exited with return code 0
[2025-01-12T00:00:01.771+0000] {taskinstance.py:2578} INFO - 1 downstream tasks scheduled from follow-on schedule check
