[2025-05-02T19:19:35.070+0000] {taskinstance.py:1083} INFO - Dependencies all met for <TaskInstance: user_processing.extract_user_data scheduled__2025-04-29T00:00:00+00:00 [queued]>
[2025-05-02T19:19:35.077+0000] {taskinstance.py:1083} INFO - Dependencies all met for <TaskInstance: user_processing.extract_user_data scheduled__2025-04-29T00:00:00+00:00 [queued]>
[2025-05-02T19:19:35.077+0000] {taskinstance.py:1279} INFO - 
--------------------------------------------------------------------------------
[2025-05-02T19:19:35.077+0000] {taskinstance.py:1280} INFO - Starting attempt 1 of 1
[2025-05-02T19:19:35.077+0000] {taskinstance.py:1281} INFO - 
--------------------------------------------------------------------------------
[2025-05-02T19:19:35.084+0000] {taskinstance.py:1300} INFO - Executing <Task(SimpleHttpOperator): extract_user_data> on 2025-04-29 00:00:00+00:00
[2025-05-02T19:19:35.088+0000] {standard_task_runner.py:55} INFO - Started process 1796 to run task
[2025-05-02T19:19:35.089+0000] {standard_task_runner.py:82} INFO - Running: ['***', 'tasks', 'run', 'user_processing', 'extract_user_data', 'scheduled__2025-04-29T00:00:00+00:00', '--job-id', '49', '--raw', '--subdir', 'DAGS_FOLDER/user_processing.py', '--cfg-path', '/tmp/tmpcy6fv_2y']
[2025-05-02T19:19:35.092+0000] {standard_task_runner.py:83} INFO - Job 49: Subtask extract_user_data
[2025-05-02T19:19:35.132+0000] {task_command.py:388} INFO - Running <TaskInstance: user_processing.extract_user_data scheduled__2025-04-29T00:00:00+00:00 [running]> on host b08efc87d46b
[2025-05-02T19:19:35.431+0000] {taskinstance.py:1509} INFO - Exporting the following env vars:
AIRFLOW_CTX_DAG_OWNER=***
AIRFLOW_CTX_DAG_ID=user_processing
AIRFLOW_CTX_TASK_ID=extract_user_data
AIRFLOW_CTX_EXECUTION_DATE=2025-04-29T00:00:00+00:00
AIRFLOW_CTX_TRY_NUMBER=1
AIRFLOW_CTX_DAG_RUN_ID=scheduled__2025-04-29T00:00:00+00:00
[2025-05-02T19:19:35.434+0000] {http.py:123} INFO - Calling HTTP method
[2025-05-02T19:19:35.451+0000] {base.py:73} INFO - Using connection ID 'user_api' for task execution.
[2025-05-02T19:19:36.293+0000] {warnings.py:110} WARNING - /home/***/.local/lib/python3.7/site-packages/urllib3/connectionpool.py:1052: InsecureRequestWarning: Unverified HTTPS request is being made to host 'randomuser.me'. Adding certificate verification is strongly advised. See: https://urllib3.readthedocs.io/en/1.26.x/advanced-usage.html#ssl-warnings
  InsecureRequestWarning,

[2025-05-02T19:19:36.631+0000] {http.py:127} INFO - {"results":[{"gender":"female","name":{"title":"Miss","first":"Ielizaveta","last":"Kruglyak"},"location":{"street":{"number":3271,"name":"Borispilske shose"},"city":"Hust","state":"Dnipropetrovska","country":"Ukraine","postcode":35690,"coordinates":{"latitude":"80.0933","longitude":"39.8270"},"timezone":{"offset":"+4:30","description":"Kabul"}},"email":"ielizaveta.kruglyak@example.com","login":{"uuid":"471a51f2-43d0-4003-bc1f-b0bbbc91baa2","username":"whitepeacock102","password":"apple1","salt":"n1cdbmDU","md5":"dd7afc08c6e73daa95f566ca91dfbb4a","sha1":"ed883fe566ae48ab34352000747039c28e48267f","sha256":"124d6161632034b43071e5ba0a1aac311c5cdfa49d24c91cf85e2ddf6e1b7baa"},"dob":{"date":"1985-06-11T12:15:39.532Z","age":39},"registered":{"date":"2016-03-13T10:15:30.068Z","age":9},"phone":"(098) P07-6613","cell":"(067) K30-1003","id":{"name":"","value":null},"picture":{"large":"https://randomuser.me/api/portraits/women/70.jpg","medium":"https://randomuser.me/api/portraits/med/women/70.jpg","thumbnail":"https://randomuser.me/api/portraits/thumb/women/70.jpg"},"nat":"UA"}],"info":{"seed":"3de27492a6a6da07","results":1,"page":1,"version":"1.4"}}
[2025-05-02T19:19:36.841+0000] {taskinstance.py:1323} INFO - Marking task as SUCCESS. dag_id=user_processing, task_id=extract_user_data, execution_date=20250429T000000, start_date=20250502T191935, end_date=20250502T191936
[2025-05-02T19:19:36.881+0000] {local_task_job.py:208} INFO - Task exited with return code 0
[2025-05-02T19:19:36.906+0000] {taskinstance.py:2578} INFO - 1 downstream tasks scheduled from follow-on schedule check
