[2025-05-19T00:06:27.960+0000] {taskinstance.py:1083} INFO - Dependencies all met for <TaskInstance: group_dag.downloads.download_c scheduled__2025-05-18T00:00:00+00:00 [queued]>
[2025-05-19T00:06:27.967+0000] {taskinstance.py:1083} INFO - Dependencies all met for <TaskInstance: group_dag.downloads.download_c scheduled__2025-05-18T00:00:00+00:00 [queued]>
[2025-05-19T00:06:27.969+0000] {taskinstance.py:1279} INFO - 
--------------------------------------------------------------------------------
[2025-05-19T00:06:27.969+0000] {taskinstance.py:1280} INFO - Starting attempt 1 of 1
[2025-05-19T00:06:27.973+0000] {taskinstance.py:1281} INFO - 
--------------------------------------------------------------------------------
[2025-05-19T00:06:27.989+0000] {taskinstance.py:1300} INFO - Executing <Task(BashOperator): downloads.download_c> on 2025-05-18 00:00:00+00:00
[2025-05-19T00:06:27.992+0000] {standard_task_runner.py:55} INFO - Started process 98231 to run task
[2025-05-19T00:06:28.002+0000] {standard_task_runner.py:82} INFO - Running: ['***', 'tasks', 'run', 'group_dag', 'downloads.download_c', 'scheduled__2025-05-18T00:00:00+00:00', '--job-id', '385', '--raw', '--subdir', 'DAGS_FOLDER/group_dags.py', '--cfg-path', '/tmp/tmpzhm_lmn3']
[2025-05-19T00:06:28.003+0000] {standard_task_runner.py:83} INFO - Job 385: Subtask downloads.download_c
[2025-05-19T00:06:28.130+0000] {task_command.py:388} INFO - Running <TaskInstance: group_dag.downloads.download_c scheduled__2025-05-18T00:00:00+00:00 [running]> on host b1064f4ed60e
[2025-05-19T00:06:28.296+0000] {taskinstance.py:1509} INFO - Exporting the following env vars:
AIRFLOW_CTX_DAG_OWNER=***
AIRFLOW_CTX_DAG_ID=group_dag
AIRFLOW_CTX_TASK_ID=downloads.download_c
AIRFLOW_CTX_EXECUTION_DATE=2025-05-18T00:00:00+00:00
AIRFLOW_CTX_TRY_NUMBER=1
AIRFLOW_CTX_DAG_RUN_ID=scheduled__2025-05-18T00:00:00+00:00
[2025-05-19T00:06:28.298+0000] {subprocess.py:63} INFO - Tmp dir root location: 
 /tmp
[2025-05-19T00:06:28.299+0000] {subprocess.py:75} INFO - Running command: ['/bin/bash', '-c', 'sleep 5']
[2025-05-19T00:06:28.308+0000] {subprocess.py:86} INFO - Output:
[2025-05-19T00:06:33.312+0000] {subprocess.py:97} INFO - Command exited with return code 0
[2025-05-19T00:06:33.352+0000] {taskinstance.py:1323} INFO - Marking task as SUCCESS. dag_id=group_dag, task_id=downloads.download_c, execution_date=20250518T000000, start_date=20250519T000627, end_date=20250519T000633
[2025-05-19T00:06:33.382+0000] {local_task_job.py:208} INFO - Task exited with return code 0
[2025-05-19T00:06:33.447+0000] {taskinstance.py:2578} INFO - 0 downstream tasks scheduled from follow-on schedule check
