[2025-05-25T15:56:33.627+0000] {taskinstance.py:1083} INFO - Dependencies all met for <TaskInstance: elastic_dag.print_es_info manual__2025-05-25T15:56:32.989178+00:00 [queued]>
[2025-05-25T15:56:33.631+0000] {taskinstance.py:1083} INFO - Dependencies all met for <TaskInstance: elastic_dag.print_es_info manual__2025-05-25T15:56:32.989178+00:00 [queued]>
[2025-05-25T15:56:33.631+0000] {taskinstance.py:1279} INFO - 
--------------------------------------------------------------------------------
[2025-05-25T15:56:33.631+0000] {taskinstance.py:1280} INFO - Starting attempt 1 of 1
[2025-05-25T15:56:33.631+0000] {taskinstance.py:1281} INFO - 
--------------------------------------------------------------------------------
[2025-05-25T15:56:33.636+0000] {taskinstance.py:1300} INFO - Executing <Task(PythonOperator): print_es_info> on 2025-05-25 15:56:32.989178+00:00
[2025-05-25T15:56:33.639+0000] {standard_task_runner.py:55} INFO - Started process 46508 to run task
[2025-05-25T15:56:33.640+0000] {standard_task_runner.py:82} INFO - Running: ['***', 'tasks', 'run', 'elastic_dag', 'print_es_info', 'manual__2025-05-25T15:56:32.989178+00:00', '--job-id', '535', '--raw', '--subdir', 'DAGS_FOLDER/elastic_dag.py', '--cfg-path', '/tmp/tmphbb6flhg']
[2025-05-25T15:56:33.641+0000] {standard_task_runner.py:83} INFO - Job 535: Subtask print_es_info
[2025-05-25T15:56:33.665+0000] {task_command.py:388} INFO - Running <TaskInstance: elastic_dag.print_es_info manual__2025-05-25T15:56:32.989178+00:00 [running]> on host 74c05f868d26
[2025-05-25T15:56:33.692+0000] {taskinstance.py:1509} INFO - Exporting the following env vars:
AIRFLOW_CTX_DAG_OWNER=***
AIRFLOW_CTX_DAG_ID=elastic_dag
AIRFLOW_CTX_TASK_ID=print_es_info
AIRFLOW_CTX_EXECUTION_DATE=2025-05-25T15:56:32.989178+00:00
AIRFLOW_CTX_TRY_NUMBER=1
AIRFLOW_CTX_DAG_RUN_ID=manual__2025-05-25T15:56:32.989178+00:00
[2025-05-25T15:56:33.696+0000] {base.py:73} INFO - Using connection ID 'elastic_default' for task execution.
[2025-05-25T15:56:33.699+0000] {base.py:271} INFO - GET http://elastic:9200/ [status:200 request:0.003s]
[2025-05-25T15:56:33.700+0000] {logging_mixin.py:137} INFO - {'name': '84b78b538d4a', 'cluster_name': 'docker-cluster', 'cluster_uuid': 'UTtbXSnzS6e5OkRENx5Y1A', 'version': {'number': '8.3.3', 'build_flavor': 'default', 'build_type': 'docker', 'build_hash': '801fed82df74dbe537f89b71b098ccaff88d2c56', 'build_date': '2022-07-23T19:30:09.227964828Z', 'build_snapshot': False, 'lucene_version': '9.2.0', 'minimum_wire_compatibility_version': '7.17.0', 'minimum_index_compatibility_version': '7.0.0'}, 'tagline': 'You Know, for Search'}
[2025-05-25T15:56:33.700+0000] {python.py:177} INFO - Done. Returned value was: None
[2025-05-25T15:56:33.704+0000] {taskinstance.py:1323} INFO - Marking task as SUCCESS. dag_id=elastic_dag, task_id=print_es_info, execution_date=20250525T155632, start_date=20250525T155633, end_date=20250525T155633
[2025-05-25T15:56:33.741+0000] {local_task_job.py:208} INFO - Task exited with return code 0
[2025-05-25T15:56:33.749+0000] {taskinstance.py:2578} INFO - 0 downstream tasks scheduled from follow-on schedule check
