[2025-06-07T03:13:33.207+0000] {processor.py:153} INFO - Started process (PID=41) to work on /opt/airflow/dags/user_processing.py
[2025-06-07T03:13:33.208+0000] {processor.py:743} INFO - Processing file /opt/airflow/dags/user_processing.py for tasks to queue
[2025-06-07T03:13:33.208+0000] {logging_mixin.py:137} INFO - [2025-06-07T03:13:33.208+0000] {dagbag.py:538} INFO - Filling up the DagBag from /opt/airflow/dags/user_processing.py
[2025-06-07T03:13:33.349+0000] {processor.py:753} INFO - DAG(s) dict_keys(['user_processing']) retrieved from /opt/airflow/dags/user_processing.py
[2025-06-07T03:13:33.439+0000] {logging_mixin.py:137} INFO - [2025-06-07T03:13:33.439+0000] {dag.py:2690} INFO - Sync 1 DAGs
[2025-06-07T03:13:33.464+0000] {logging_mixin.py:137} INFO - [2025-06-07T03:13:33.464+0000] {dag.py:3441} INFO - Setting next_dagrun for user_processing to 2025-06-06T00:00:00+00:00, run_after=2025-06-07T00:00:00+00:00
[2025-06-07T03:13:33.490+0000] {processor.py:175} INFO - Processing /opt/airflow/dags/user_processing.py took 0.287 seconds
[2025-06-07T03:14:04.240+0000] {processor.py:153} INFO - Started process (PID=108) to work on /opt/airflow/dags/user_processing.py
[2025-06-07T03:14:04.240+0000] {processor.py:743} INFO - Processing file /opt/airflow/dags/user_processing.py for tasks to queue
[2025-06-07T03:14:04.241+0000] {logging_mixin.py:137} INFO - [2025-06-07T03:14:04.241+0000] {dagbag.py:538} INFO - Filling up the DagBag from /opt/airflow/dags/user_processing.py
[2025-06-07T03:14:04.269+0000] {processor.py:753} INFO - DAG(s) dict_keys(['user_processing']) retrieved from /opt/airflow/dags/user_processing.py
[2025-06-07T03:14:04.290+0000] {logging_mixin.py:137} INFO - [2025-06-07T03:14:04.289+0000] {dag.py:2690} INFO - Sync 1 DAGs
[2025-06-07T03:14:04.304+0000] {logging_mixin.py:137} INFO - [2025-06-07T03:14:04.304+0000] {dag.py:3441} INFO - Setting next_dagrun for user_processing to 2025-06-07T00:00:00+00:00, run_after=2025-06-08T00:00:00+00:00
[2025-06-07T03:14:04.314+0000] {processor.py:175} INFO - Processing /opt/airflow/dags/user_processing.py took 0.078 seconds
[2025-06-07T03:14:34.813+0000] {processor.py:153} INFO - Started process (PID=167) to work on /opt/airflow/dags/user_processing.py
[2025-06-07T03:14:34.814+0000] {processor.py:743} INFO - Processing file /opt/airflow/dags/user_processing.py for tasks to queue
[2025-06-07T03:14:34.814+0000] {logging_mixin.py:137} INFO - [2025-06-07T03:14:34.814+0000] {dagbag.py:538} INFO - Filling up the DagBag from /opt/airflow/dags/user_processing.py
[2025-06-07T03:14:34.839+0000] {processor.py:753} INFO - DAG(s) dict_keys(['user_processing']) retrieved from /opt/airflow/dags/user_processing.py
[2025-06-07T03:14:34.875+0000] {logging_mixin.py:137} INFO - [2025-06-07T03:14:34.875+0000] {dag.py:2690} INFO - Sync 1 DAGs
[2025-06-07T03:14:34.916+0000] {logging_mixin.py:137} INFO - [2025-06-07T03:14:34.916+0000] {dag.py:3441} INFO - Setting next_dagrun for user_processing to 2025-06-07T00:00:00+00:00, run_after=2025-06-08T00:00:00+00:00
[2025-06-07T03:14:34.981+0000] {processor.py:175} INFO - Processing /opt/airflow/dags/user_processing.py took 0.170 seconds
[2025-06-07T03:15:05.549+0000] {processor.py:153} INFO - Started process (PID=210) to work on /opt/airflow/dags/user_processing.py
[2025-06-07T03:15:05.552+0000] {processor.py:743} INFO - Processing file /opt/airflow/dags/user_processing.py for tasks to queue
[2025-06-07T03:15:05.556+0000] {logging_mixin.py:137} INFO - [2025-06-07T03:15:05.555+0000] {dagbag.py:538} INFO - Filling up the DagBag from /opt/airflow/dags/user_processing.py
[2025-06-07T03:15:05.594+0000] {processor.py:753} INFO - DAG(s) dict_keys(['user_processing']) retrieved from /opt/airflow/dags/user_processing.py
[2025-06-07T03:15:05.619+0000] {logging_mixin.py:137} INFO - [2025-06-07T03:15:05.619+0000] {dag.py:2690} INFO - Sync 1 DAGs
[2025-06-07T03:15:05.637+0000] {logging_mixin.py:137} INFO - [2025-06-07T03:15:05.637+0000] {dag.py:3441} INFO - Setting next_dagrun for user_processing to 2025-06-07T00:00:00+00:00, run_after=2025-06-08T00:00:00+00:00
[2025-06-07T03:15:05.657+0000] {processor.py:175} INFO - Processing /opt/airflow/dags/user_processing.py took 0.118 seconds
[2025-06-07T03:15:36.207+0000] {processor.py:153} INFO - Started process (PID=269) to work on /opt/airflow/dags/user_processing.py
[2025-06-07T03:15:36.208+0000] {processor.py:743} INFO - Processing file /opt/airflow/dags/user_processing.py for tasks to queue
[2025-06-07T03:15:36.209+0000] {logging_mixin.py:137} INFO - [2025-06-07T03:15:36.209+0000] {dagbag.py:538} INFO - Filling up the DagBag from /opt/airflow/dags/user_processing.py
[2025-06-07T03:15:36.248+0000] {processor.py:753} INFO - DAG(s) dict_keys(['user_processing']) retrieved from /opt/airflow/dags/user_processing.py
[2025-06-07T03:15:36.265+0000] {logging_mixin.py:137} INFO - [2025-06-07T03:15:36.265+0000] {dag.py:2690} INFO - Sync 1 DAGs
[2025-06-07T03:15:36.277+0000] {logging_mixin.py:137} INFO - [2025-06-07T03:15:36.277+0000] {dag.py:3441} INFO - Setting next_dagrun for user_processing to 2025-06-07T00:00:00+00:00, run_after=2025-06-08T00:00:00+00:00
[2025-06-07T03:15:36.287+0000] {processor.py:175} INFO - Processing /opt/airflow/dags/user_processing.py took 0.085 seconds
[2025-06-07T03:16:06.777+0000] {processor.py:153} INFO - Started process (PID=327) to work on /opt/airflow/dags/user_processing.py
[2025-06-07T03:16:06.777+0000] {processor.py:743} INFO - Processing file /opt/airflow/dags/user_processing.py for tasks to queue
[2025-06-07T03:16:06.778+0000] {logging_mixin.py:137} INFO - [2025-06-07T03:16:06.777+0000] {dagbag.py:538} INFO - Filling up the DagBag from /opt/airflow/dags/user_processing.py
[2025-06-07T03:16:06.807+0000] {processor.py:753} INFO - DAG(s) dict_keys(['user_processing']) retrieved from /opt/airflow/dags/user_processing.py
[2025-06-07T03:16:06.823+0000] {logging_mixin.py:137} INFO - [2025-06-07T03:16:06.823+0000] {dag.py:2690} INFO - Sync 1 DAGs
[2025-06-07T03:16:06.835+0000] {logging_mixin.py:137} INFO - [2025-06-07T03:16:06.835+0000] {dag.py:3441} INFO - Setting next_dagrun for user_processing to 2025-06-07T00:00:00+00:00, run_after=2025-06-08T00:00:00+00:00
[2025-06-07T03:16:06.846+0000] {processor.py:175} INFO - Processing /opt/airflow/dags/user_processing.py took 0.072 seconds
[2025-06-07T03:16:37.327+0000] {processor.py:153} INFO - Started process (PID=386) to work on /opt/airflow/dags/user_processing.py
[2025-06-07T03:16:37.329+0000] {processor.py:743} INFO - Processing file /opt/airflow/dags/user_processing.py for tasks to queue
[2025-06-07T03:16:37.329+0000] {logging_mixin.py:137} INFO - [2025-06-07T03:16:37.329+0000] {dagbag.py:538} INFO - Filling up the DagBag from /opt/airflow/dags/user_processing.py
[2025-06-07T03:16:37.358+0000] {processor.py:753} INFO - DAG(s) dict_keys(['user_processing']) retrieved from /opt/airflow/dags/user_processing.py
[2025-06-07T03:16:37.376+0000] {logging_mixin.py:137} INFO - [2025-06-07T03:16:37.376+0000] {dag.py:2690} INFO - Sync 1 DAGs
[2025-06-07T03:16:37.389+0000] {logging_mixin.py:137} INFO - [2025-06-07T03:16:37.389+0000] {dag.py:3441} INFO - Setting next_dagrun for user_processing to 2025-06-07T00:00:00+00:00, run_after=2025-06-08T00:00:00+00:00
[2025-06-07T03:16:37.396+0000] {processor.py:175} INFO - Processing /opt/airflow/dags/user_processing.py took 0.074 seconds
[2025-06-07T03:17:07.827+0000] {processor.py:153} INFO - Started process (PID=437) to work on /opt/airflow/dags/user_processing.py
[2025-06-07T03:17:07.827+0000] {processor.py:743} INFO - Processing file /opt/airflow/dags/user_processing.py for tasks to queue
[2025-06-07T03:17:07.827+0000] {logging_mixin.py:137} INFO - [2025-06-07T03:17:07.827+0000] {dagbag.py:538} INFO - Filling up the DagBag from /opt/airflow/dags/user_processing.py
[2025-06-07T03:17:07.848+0000] {processor.py:753} INFO - DAG(s) dict_keys(['user_processing']) retrieved from /opt/airflow/dags/user_processing.py
[2025-06-07T03:17:07.864+0000] {logging_mixin.py:137} INFO - [2025-06-07T03:17:07.864+0000] {dag.py:2690} INFO - Sync 1 DAGs
[2025-06-07T03:17:07.877+0000] {logging_mixin.py:137} INFO - [2025-06-07T03:17:07.877+0000] {dag.py:3441} INFO - Setting next_dagrun for user_processing to 2025-06-07T00:00:00+00:00, run_after=2025-06-08T00:00:00+00:00
[2025-06-07T03:17:07.891+0000] {processor.py:175} INFO - Processing /opt/airflow/dags/user_processing.py took 0.066 seconds
[2025-06-07T03:17:38.517+0000] {processor.py:153} INFO - Started process (PID=487) to work on /opt/airflow/dags/user_processing.py
[2025-06-07T03:17:38.518+0000] {processor.py:743} INFO - Processing file /opt/airflow/dags/user_processing.py for tasks to queue
[2025-06-07T03:17:38.519+0000] {logging_mixin.py:137} INFO - [2025-06-07T03:17:38.519+0000] {dagbag.py:538} INFO - Filling up the DagBag from /opt/airflow/dags/user_processing.py
[2025-06-07T03:17:38.540+0000] {processor.py:753} INFO - DAG(s) dict_keys(['user_processing']) retrieved from /opt/airflow/dags/user_processing.py
[2025-06-07T03:17:38.554+0000] {logging_mixin.py:137} INFO - [2025-06-07T03:17:38.554+0000] {dag.py:2690} INFO - Sync 1 DAGs
[2025-06-07T03:17:38.569+0000] {logging_mixin.py:137} INFO - [2025-06-07T03:17:38.568+0000] {dag.py:3441} INFO - Setting next_dagrun for user_processing to 2025-06-07T00:00:00+00:00, run_after=2025-06-08T00:00:00+00:00
[2025-06-07T03:17:38.577+0000] {processor.py:175} INFO - Processing /opt/airflow/dags/user_processing.py took 0.063 seconds
[2025-06-07T03:18:09.099+0000] {processor.py:153} INFO - Started process (PID=546) to work on /opt/airflow/dags/user_processing.py
[2025-06-07T03:18:09.100+0000] {processor.py:743} INFO - Processing file /opt/airflow/dags/user_processing.py for tasks to queue
[2025-06-07T03:18:09.100+0000] {logging_mixin.py:137} INFO - [2025-06-07T03:18:09.100+0000] {dagbag.py:538} INFO - Filling up the DagBag from /opt/airflow/dags/user_processing.py
[2025-06-07T03:18:09.119+0000] {processor.py:753} INFO - DAG(s) dict_keys(['user_processing']) retrieved from /opt/airflow/dags/user_processing.py
[2025-06-07T03:18:09.133+0000] {logging_mixin.py:137} INFO - [2025-06-07T03:18:09.133+0000] {dag.py:2690} INFO - Sync 1 DAGs
[2025-06-07T03:18:09.151+0000] {logging_mixin.py:137} INFO - [2025-06-07T03:18:09.151+0000] {dag.py:3441} INFO - Setting next_dagrun for user_processing to 2025-06-07T00:00:00+00:00, run_after=2025-06-08T00:00:00+00:00
[2025-06-07T03:18:09.160+0000] {processor.py:175} INFO - Processing /opt/airflow/dags/user_processing.py took 0.063 seconds
[2025-06-07T03:18:39.723+0000] {processor.py:153} INFO - Started process (PID=605) to work on /opt/airflow/dags/user_processing.py
[2025-06-07T03:18:39.724+0000] {processor.py:743} INFO - Processing file /opt/airflow/dags/user_processing.py for tasks to queue
[2025-06-07T03:18:39.725+0000] {logging_mixin.py:137} INFO - [2025-06-07T03:18:39.725+0000] {dagbag.py:538} INFO - Filling up the DagBag from /opt/airflow/dags/user_processing.py
[2025-06-07T03:18:39.755+0000] {processor.py:753} INFO - DAG(s) dict_keys(['user_processing']) retrieved from /opt/airflow/dags/user_processing.py
[2025-06-07T03:18:39.771+0000] {logging_mixin.py:137} INFO - [2025-06-07T03:18:39.771+0000] {dag.py:2690} INFO - Sync 1 DAGs
[2025-06-07T03:18:39.790+0000] {logging_mixin.py:137} INFO - [2025-06-07T03:18:39.789+0000] {dag.py:3441} INFO - Setting next_dagrun for user_processing to 2025-06-07T00:00:00+00:00, run_after=2025-06-08T00:00:00+00:00
[2025-06-07T03:18:39.799+0000] {processor.py:175} INFO - Processing /opt/airflow/dags/user_processing.py took 0.079 seconds
[2025-06-07T03:19:10.257+0000] {processor.py:153} INFO - Started process (PID=664) to work on /opt/airflow/dags/user_processing.py
[2025-06-07T03:19:10.257+0000] {processor.py:743} INFO - Processing file /opt/airflow/dags/user_processing.py for tasks to queue
[2025-06-07T03:19:10.258+0000] {logging_mixin.py:137} INFO - [2025-06-07T03:19:10.257+0000] {dagbag.py:538} INFO - Filling up the DagBag from /opt/airflow/dags/user_processing.py
[2025-06-07T03:19:10.276+0000] {processor.py:753} INFO - DAG(s) dict_keys(['user_processing']) retrieved from /opt/airflow/dags/user_processing.py
[2025-06-07T03:19:10.289+0000] {logging_mixin.py:137} INFO - [2025-06-07T03:19:10.289+0000] {dag.py:2690} INFO - Sync 1 DAGs
[2025-06-07T03:19:10.301+0000] {logging_mixin.py:137} INFO - [2025-06-07T03:19:10.301+0000] {dag.py:3441} INFO - Setting next_dagrun for user_processing to 2025-06-07T00:00:00+00:00, run_after=2025-06-08T00:00:00+00:00
[2025-06-07T03:19:10.311+0000] {processor.py:175} INFO - Processing /opt/airflow/dags/user_processing.py took 0.056 seconds
[2025-06-07T03:19:40.823+0000] {processor.py:153} INFO - Started process (PID=707) to work on /opt/airflow/dags/user_processing.py
[2025-06-07T03:19:40.824+0000] {processor.py:743} INFO - Processing file /opt/airflow/dags/user_processing.py for tasks to queue
[2025-06-07T03:19:40.824+0000] {logging_mixin.py:137} INFO - [2025-06-07T03:19:40.824+0000] {dagbag.py:538} INFO - Filling up the DagBag from /opt/airflow/dags/user_processing.py
[2025-06-07T03:19:40.849+0000] {processor.py:753} INFO - DAG(s) dict_keys(['user_processing']) retrieved from /opt/airflow/dags/user_processing.py
[2025-06-07T03:19:40.871+0000] {logging_mixin.py:137} INFO - [2025-06-07T03:19:40.871+0000] {dag.py:2690} INFO - Sync 1 DAGs
[2025-06-07T03:19:40.883+0000] {logging_mixin.py:137} INFO - [2025-06-07T03:19:40.883+0000] {dag.py:3441} INFO - Setting next_dagrun for user_processing to 2025-06-07T00:00:00+00:00, run_after=2025-06-08T00:00:00+00:00
[2025-06-07T03:19:40.891+0000] {processor.py:175} INFO - Processing /opt/airflow/dags/user_processing.py took 0.071 seconds
[2025-06-07T03:20:11.391+0000] {processor.py:153} INFO - Started process (PID=765) to work on /opt/airflow/dags/user_processing.py
[2025-06-07T03:20:11.392+0000] {processor.py:743} INFO - Processing file /opt/airflow/dags/user_processing.py for tasks to queue
[2025-06-07T03:20:11.392+0000] {logging_mixin.py:137} INFO - [2025-06-07T03:20:11.392+0000] {dagbag.py:538} INFO - Filling up the DagBag from /opt/airflow/dags/user_processing.py
[2025-06-07T03:20:11.426+0000] {processor.py:753} INFO - DAG(s) dict_keys(['user_processing']) retrieved from /opt/airflow/dags/user_processing.py
[2025-06-07T03:20:11.440+0000] {logging_mixin.py:137} INFO - [2025-06-07T03:20:11.440+0000] {dag.py:2690} INFO - Sync 1 DAGs
[2025-06-07T03:20:11.452+0000] {logging_mixin.py:137} INFO - [2025-06-07T03:20:11.452+0000] {dag.py:3441} INFO - Setting next_dagrun for user_processing to 2025-06-07T00:00:00+00:00, run_after=2025-06-08T00:00:00+00:00
[2025-06-07T03:20:11.461+0000] {processor.py:175} INFO - Processing /opt/airflow/dags/user_processing.py took 0.074 seconds
[2025-06-07T03:20:41.966+0000] {processor.py:153} INFO - Started process (PID=824) to work on /opt/airflow/dags/user_processing.py
[2025-06-07T03:20:41.967+0000] {processor.py:743} INFO - Processing file /opt/airflow/dags/user_processing.py for tasks to queue
[2025-06-07T03:20:41.967+0000] {logging_mixin.py:137} INFO - [2025-06-07T03:20:41.967+0000] {dagbag.py:538} INFO - Filling up the DagBag from /opt/airflow/dags/user_processing.py
[2025-06-07T03:20:41.991+0000] {processor.py:753} INFO - DAG(s) dict_keys(['user_processing']) retrieved from /opt/airflow/dags/user_processing.py
[2025-06-07T03:20:42.005+0000] {logging_mixin.py:137} INFO - [2025-06-07T03:20:42.004+0000] {dag.py:2690} INFO - Sync 1 DAGs
[2025-06-07T03:20:42.016+0000] {logging_mixin.py:137} INFO - [2025-06-07T03:20:42.016+0000] {dag.py:3441} INFO - Setting next_dagrun for user_processing to 2025-06-07T00:00:00+00:00, run_after=2025-06-08T00:00:00+00:00
[2025-06-07T03:20:42.025+0000] {processor.py:175} INFO - Processing /opt/airflow/dags/user_processing.py took 0.060 seconds
[2025-06-07T03:21:12.557+0000] {processor.py:153} INFO - Started process (PID=883) to work on /opt/airflow/dags/user_processing.py
[2025-06-07T03:21:12.558+0000] {processor.py:743} INFO - Processing file /opt/airflow/dags/user_processing.py for tasks to queue
[2025-06-07T03:21:12.558+0000] {logging_mixin.py:137} INFO - [2025-06-07T03:21:12.558+0000] {dagbag.py:538} INFO - Filling up the DagBag from /opt/airflow/dags/user_processing.py
[2025-06-07T03:21:12.590+0000] {processor.py:753} INFO - DAG(s) dict_keys(['user_processing']) retrieved from /opt/airflow/dags/user_processing.py
[2025-06-07T03:21:12.610+0000] {logging_mixin.py:137} INFO - [2025-06-07T03:21:12.610+0000] {dag.py:2690} INFO - Sync 1 DAGs
[2025-06-07T03:21:12.625+0000] {logging_mixin.py:137} INFO - [2025-06-07T03:21:12.625+0000] {dag.py:3441} INFO - Setting next_dagrun for user_processing to 2025-06-07T00:00:00+00:00, run_after=2025-06-08T00:00:00+00:00
[2025-06-07T03:21:12.636+0000] {processor.py:175} INFO - Processing /opt/airflow/dags/user_processing.py took 0.084 seconds
[2025-06-07T03:21:43.204+0000] {processor.py:153} INFO - Started process (PID=926) to work on /opt/airflow/dags/user_processing.py
[2025-06-07T03:21:43.205+0000] {processor.py:743} INFO - Processing file /opt/airflow/dags/user_processing.py for tasks to queue
[2025-06-07T03:21:43.205+0000] {logging_mixin.py:137} INFO - [2025-06-07T03:21:43.205+0000] {dagbag.py:538} INFO - Filling up the DagBag from /opt/airflow/dags/user_processing.py
[2025-06-07T03:21:43.241+0000] {processor.py:753} INFO - DAG(s) dict_keys(['user_processing']) retrieved from /opt/airflow/dags/user_processing.py
[2025-06-07T03:21:43.267+0000] {logging_mixin.py:137} INFO - [2025-06-07T03:21:43.267+0000] {dag.py:2690} INFO - Sync 1 DAGs
[2025-06-07T03:21:43.288+0000] {logging_mixin.py:137} INFO - [2025-06-07T03:21:43.288+0000] {dag.py:3441} INFO - Setting next_dagrun for user_processing to 2025-06-07T00:00:00+00:00, run_after=2025-06-08T00:00:00+00:00
[2025-06-07T03:21:43.301+0000] {processor.py:175} INFO - Processing /opt/airflow/dags/user_processing.py took 0.104 seconds
[2025-06-07T03:22:13.882+0000] {processor.py:153} INFO - Started process (PID=985) to work on /opt/airflow/dags/user_processing.py
[2025-06-07T03:22:13.883+0000] {processor.py:743} INFO - Processing file /opt/airflow/dags/user_processing.py for tasks to queue
[2025-06-07T03:22:13.884+0000] {logging_mixin.py:137} INFO - [2025-06-07T03:22:13.883+0000] {dagbag.py:538} INFO - Filling up the DagBag from /opt/airflow/dags/user_processing.py
[2025-06-07T03:22:13.914+0000] {processor.py:753} INFO - DAG(s) dict_keys(['user_processing']) retrieved from /opt/airflow/dags/user_processing.py
[2025-06-07T03:22:13.933+0000] {logging_mixin.py:137} INFO - [2025-06-07T03:22:13.933+0000] {dag.py:2690} INFO - Sync 1 DAGs
[2025-06-07T03:22:13.949+0000] {logging_mixin.py:137} INFO - [2025-06-07T03:22:13.949+0000] {dag.py:3441} INFO - Setting next_dagrun for user_processing to 2025-06-07T00:00:00+00:00, run_after=2025-06-08T00:00:00+00:00
[2025-06-07T03:22:13.958+0000] {processor.py:175} INFO - Processing /opt/airflow/dags/user_processing.py took 0.080 seconds
[2025-06-07T03:22:44.488+0000] {processor.py:153} INFO - Started process (PID=1044) to work on /opt/airflow/dags/user_processing.py
[2025-06-07T03:22:44.488+0000] {processor.py:743} INFO - Processing file /opt/airflow/dags/user_processing.py for tasks to queue
[2025-06-07T03:22:44.489+0000] {logging_mixin.py:137} INFO - [2025-06-07T03:22:44.489+0000] {dagbag.py:538} INFO - Filling up the DagBag from /opt/airflow/dags/user_processing.py
[2025-06-07T03:22:44.520+0000] {processor.py:753} INFO - DAG(s) dict_keys(['user_processing']) retrieved from /opt/airflow/dags/user_processing.py
[2025-06-07T03:22:44.535+0000] {logging_mixin.py:137} INFO - [2025-06-07T03:22:44.535+0000] {dag.py:2690} INFO - Sync 1 DAGs
[2025-06-07T03:22:44.551+0000] {logging_mixin.py:137} INFO - [2025-06-07T03:22:44.551+0000] {dag.py:3441} INFO - Setting next_dagrun for user_processing to 2025-06-07T00:00:00+00:00, run_after=2025-06-08T00:00:00+00:00
[2025-06-07T03:22:44.562+0000] {processor.py:175} INFO - Processing /opt/airflow/dags/user_processing.py took 0.078 seconds
[2025-06-07T03:23:15.197+0000] {processor.py:153} INFO - Started process (PID=1103) to work on /opt/airflow/dags/user_processing.py
[2025-06-07T03:23:15.198+0000] {processor.py:743} INFO - Processing file /opt/airflow/dags/user_processing.py for tasks to queue
[2025-06-07T03:23:15.199+0000] {logging_mixin.py:137} INFO - [2025-06-07T03:23:15.199+0000] {dagbag.py:538} INFO - Filling up the DagBag from /opt/airflow/dags/user_processing.py
[2025-06-07T03:23:15.227+0000] {processor.py:753} INFO - DAG(s) dict_keys(['user_processing']) retrieved from /opt/airflow/dags/user_processing.py
[2025-06-07T03:23:15.242+0000] {logging_mixin.py:137} INFO - [2025-06-07T03:23:15.242+0000] {dag.py:2690} INFO - Sync 1 DAGs
[2025-06-07T03:23:15.257+0000] {logging_mixin.py:137} INFO - [2025-06-07T03:23:15.257+0000] {dag.py:3441} INFO - Setting next_dagrun for user_processing to 2025-06-07T00:00:00+00:00, run_after=2025-06-08T00:00:00+00:00
[2025-06-07T03:23:15.268+0000] {processor.py:175} INFO - Processing /opt/airflow/dags/user_processing.py took 0.074 seconds
[2025-06-07T03:23:45.854+0000] {processor.py:153} INFO - Started process (PID=1146) to work on /opt/airflow/dags/user_processing.py
[2025-06-07T03:23:45.854+0000] {processor.py:743} INFO - Processing file /opt/airflow/dags/user_processing.py for tasks to queue
[2025-06-07T03:23:45.855+0000] {logging_mixin.py:137} INFO - [2025-06-07T03:23:45.855+0000] {dagbag.py:538} INFO - Filling up the DagBag from /opt/airflow/dags/user_processing.py
[2025-06-07T03:23:45.875+0000] {processor.py:753} INFO - DAG(s) dict_keys(['user_processing']) retrieved from /opt/airflow/dags/user_processing.py
[2025-06-07T03:23:45.892+0000] {logging_mixin.py:137} INFO - [2025-06-07T03:23:45.892+0000] {dag.py:2690} INFO - Sync 1 DAGs
[2025-06-07T03:23:45.905+0000] {logging_mixin.py:137} INFO - [2025-06-07T03:23:45.905+0000] {dag.py:3441} INFO - Setting next_dagrun for user_processing to 2025-06-07T00:00:00+00:00, run_after=2025-06-08T00:00:00+00:00
[2025-06-07T03:23:45.913+0000] {processor.py:175} INFO - Processing /opt/airflow/dags/user_processing.py took 0.063 seconds
[2025-06-07T03:24:16.407+0000] {processor.py:153} INFO - Started process (PID=1205) to work on /opt/airflow/dags/user_processing.py
[2025-06-07T03:24:16.408+0000] {processor.py:743} INFO - Processing file /opt/airflow/dags/user_processing.py for tasks to queue
[2025-06-07T03:24:16.409+0000] {logging_mixin.py:137} INFO - [2025-06-07T03:24:16.409+0000] {dagbag.py:538} INFO - Filling up the DagBag from /opt/airflow/dags/user_processing.py
[2025-06-07T03:24:16.437+0000] {processor.py:753} INFO - DAG(s) dict_keys(['user_processing']) retrieved from /opt/airflow/dags/user_processing.py
[2025-06-07T03:24:16.452+0000] {logging_mixin.py:137} INFO - [2025-06-07T03:24:16.452+0000] {dag.py:2690} INFO - Sync 1 DAGs
[2025-06-07T03:24:16.466+0000] {logging_mixin.py:137} INFO - [2025-06-07T03:24:16.466+0000] {dag.py:3441} INFO - Setting next_dagrun for user_processing to 2025-06-07T00:00:00+00:00, run_after=2025-06-08T00:00:00+00:00
[2025-06-07T03:24:16.476+0000] {processor.py:175} INFO - Processing /opt/airflow/dags/user_processing.py took 0.072 seconds
