[2025-04-25T05:17:23.793+0000] {taskinstance.py:1083} INFO - Dependencies all met for <TaskInstance: user_processing.process_user manual__2025-04-25T05:16:54.882533+00:00 [queued]>
[2025-04-25T05:17:23.798+0000] {taskinstance.py:1083} INFO - Dependencies all met for <TaskInstance: user_processing.process_user manual__2025-04-25T05:16:54.882533+00:00 [queued]>
[2025-04-25T05:17:23.798+0000] {taskinstance.py:1279} INFO - 
--------------------------------------------------------------------------------
[2025-04-25T05:17:23.798+0000] {taskinstance.py:1280} INFO - Starting attempt 1 of 1
[2025-04-25T05:17:23.798+0000] {taskinstance.py:1281} INFO - 
--------------------------------------------------------------------------------
[2025-04-25T05:17:23.803+0000] {taskinstance.py:1300} INFO - Executing <Task(PythonOperator): process_user> on 2025-04-25 05:16:54.882533+00:00
[2025-04-25T05:17:23.806+0000] {standard_task_runner.py:55} INFO - Started process 11058 to run task
[2025-04-25T05:17:23.808+0000] {standard_task_runner.py:82} INFO - Running: ['***', 'tasks', 'run', 'user_processing', 'process_user', 'manual__2025-04-25T05:16:54.882533+00:00', '--job-id', '26', '--raw', '--subdir', 'DAGS_FOLDER/user_processing.py', '--cfg-path', '/tmp/tmpbtsb_mwk']
[2025-04-25T05:17:23.808+0000] {standard_task_runner.py:83} INFO - Job 26: Subtask process_user
[2025-04-25T05:17:23.836+0000] {task_command.py:388} INFO - Running <TaskInstance: user_processing.process_user manual__2025-04-25T05:16:54.882533+00:00 [running]> on host b08efc87d46b
[2025-04-25T05:17:23.864+0000] {taskinstance.py:1509} INFO - Exporting the following env vars:
AIRFLOW_CTX_DAG_OWNER=***
AIRFLOW_CTX_DAG_ID=user_processing
AIRFLOW_CTX_TASK_ID=process_user
AIRFLOW_CTX_EXECUTION_DATE=2025-04-25T05:16:54.882533+00:00
AIRFLOW_CTX_TRY_NUMBER=1
AIRFLOW_CTX_DAG_RUN_ID=manual__2025-04-25T05:16:54.882533+00:00
[2025-04-25T05:17:23.874+0000] {python.py:177} INFO - Done. Returned value was: None
[2025-04-25T05:17:23.878+0000] {taskinstance.py:1323} INFO - Marking task as SUCCESS. dag_id=user_processing, task_id=process_user, execution_date=20250425T051654, start_date=20250425T051723, end_date=20250425T051723
[2025-04-25T05:17:23.906+0000] {local_task_job.py:208} INFO - Task exited with return code 0
[2025-04-25T05:17:23.918+0000] {taskinstance.py:2578} INFO - 1 downstream tasks scheduled from follow-on schedule check
