[2025-05-24T00:01:31.101+0000] {taskinstance.py:1083} INFO - Dependencies all met for <TaskInstance: group_dag.downloads.download_c scheduled__2025-05-23T00:00:00+00:00 [queued]>
[2025-05-24T00:01:31.108+0000] {taskinstance.py:1083} INFO - Dependencies all met for <TaskInstance: group_dag.downloads.download_c scheduled__2025-05-23T00:00:00+00:00 [queued]>
[2025-05-24T00:01:31.109+0000] {taskinstance.py:1279} INFO - 
--------------------------------------------------------------------------------
[2025-05-24T00:01:31.109+0000] {taskinstance.py:1280} INFO - Starting attempt 1 of 1
[2025-05-24T00:01:31.110+0000] {taskinstance.py:1281} INFO - 
--------------------------------------------------------------------------------
[2025-05-24T00:01:31.126+0000] {taskinstance.py:1300} INFO - Executing <Task(BashOperator): downloads.download_c> on 2025-05-23 00:00:00+00:00
[2025-05-24T00:01:31.134+0000] {standard_task_runner.py:55} INFO - Started process 19409 to run task
[2025-05-24T00:01:31.137+0000] {standard_task_runner.py:82} INFO - Running: ['***', 'tasks', 'run', 'group_dag', 'downloads.download_c', 'scheduled__2025-05-23T00:00:00+00:00', '--job-id', '492', '--raw', '--subdir', 'DAGS_FOLDER/group_dags.py', '--cfg-path', '/tmp/tmpgjf_j8jo']
[2025-05-24T00:01:31.140+0000] {standard_task_runner.py:83} INFO - Job 492: Subtask downloads.download_c
[2025-05-24T00:01:31.197+0000] {task_command.py:388} INFO - Running <TaskInstance: group_dag.downloads.download_c scheduled__2025-05-23T00:00:00+00:00 [running]> on host 74c05f868d26
[2025-05-24T00:01:31.253+0000] {taskinstance.py:1509} INFO - Exporting the following env vars:
AIRFLOW_CTX_DAG_OWNER=***
AIRFLOW_CTX_DAG_ID=group_dag
AIRFLOW_CTX_TASK_ID=downloads.download_c
AIRFLOW_CTX_EXECUTION_DATE=2025-05-23T00:00:00+00:00
AIRFLOW_CTX_TRY_NUMBER=1
AIRFLOW_CTX_DAG_RUN_ID=scheduled__2025-05-23T00:00:00+00:00
[2025-05-24T00:01:31.254+0000] {subprocess.py:63} INFO - Tmp dir root location: 
 /tmp
[2025-05-24T00:01:31.254+0000] {subprocess.py:75} INFO - Running command: ['/bin/bash', '-c', 'sleep 5']
[2025-05-24T00:01:31.263+0000] {subprocess.py:86} INFO - Output:
[2025-05-24T00:01:36.273+0000] {subprocess.py:97} INFO - Command exited with return code 0
[2025-05-24T00:01:36.287+0000] {taskinstance.py:1323} INFO - Marking task as SUCCESS. dag_id=group_dag, task_id=downloads.download_c, execution_date=20250523T000000, start_date=20250524T000131, end_date=20250524T000136
[2025-05-24T00:01:36.324+0000] {local_task_job.py:208} INFO - Task exited with return code 0
[2025-05-24T00:01:36.345+0000] {taskinstance.py:2578} INFO - 0 downstream tasks scheduled from follow-on schedule check
