[2025-05-21T00:08:52.739+0000] {taskinstance.py:1083} INFO - Dependencies all met for <TaskInstance: xcom_dag.branch scheduled__2025-05-20T00:00:00+00:00 [queued]>
[2025-05-21T00:08:52.745+0000] {taskinstance.py:1083} INFO - Dependencies all met for <TaskInstance: xcom_dag.branch scheduled__2025-05-20T00:00:00+00:00 [queued]>
[2025-05-21T00:08:52.746+0000] {taskinstance.py:1279} INFO - 
--------------------------------------------------------------------------------
[2025-05-21T00:08:52.749+0000] {taskinstance.py:1280} INFO - Starting attempt 1 of 1
[2025-05-21T00:08:52.749+0000] {taskinstance.py:1281} INFO - 
--------------------------------------------------------------------------------
[2025-05-21T00:08:52.756+0000] {taskinstance.py:1300} INFO - Executing <Task(BranchPythonOperator): branch> on 2025-05-20 00:00:00+00:00
[2025-05-21T00:08:52.759+0000] {standard_task_runner.py:55} INFO - Started process 9177 to run task
[2025-05-21T00:08:52.761+0000] {standard_task_runner.py:82} INFO - Running: ['***', 'tasks', 'run', 'xcom_dag', 'branch', 'scheduled__2025-05-20T00:00:00+00:00', '--job-id', '429', '--raw', '--subdir', 'DAGS_FOLDER/xcom_dags.py', '--cfg-path', '/tmp/tmpiw8_io23']
[2025-05-21T00:08:52.761+0000] {standard_task_runner.py:83} INFO - Job 429: Subtask branch
[2025-05-21T00:08:52.796+0000] {task_command.py:388} INFO - Running <TaskInstance: xcom_dag.branch scheduled__2025-05-20T00:00:00+00:00 [running]> on host b1064f4ed60e
[2025-05-21T00:08:52.840+0000] {taskinstance.py:1509} INFO - Exporting the following env vars:
AIRFLOW_CTX_DAG_OWNER=***
AIRFLOW_CTX_DAG_ID=xcom_dag
AIRFLOW_CTX_TASK_ID=branch
AIRFLOW_CTX_EXECUTION_DATE=2025-05-20T00:00:00+00:00
AIRFLOW_CTX_TRY_NUMBER=1
AIRFLOW_CTX_DAG_RUN_ID=scheduled__2025-05-20T00:00:00+00:00
[2025-05-21T00:08:52.846+0000] {python.py:177} INFO - Done. Returned value was: t2
[2025-05-21T00:08:52.846+0000] {python.py:211} INFO - Branch callable return t2
[2025-05-21T00:08:52.846+0000] {skipmixin.py:155} INFO - Following branch t2
[2025-05-21T00:08:52.846+0000] {skipmixin.py:211} INFO - Skipping tasks ['t3']
[2025-05-21T00:08:52.862+0000] {taskinstance.py:1323} INFO - Marking task as SUCCESS. dag_id=xcom_dag, task_id=branch, execution_date=20250520T000000, start_date=20250521T000852, end_date=20250521T000852
[2025-05-21T00:08:52.906+0000] {local_task_job.py:208} INFO - Task exited with return code 0
[2025-05-21T00:08:52.921+0000] {taskinstance.py:2578} INFO - 1 downstream tasks scheduled from follow-on schedule check
