[2025-05-08T00:14:47.273+0000] {taskinstance.py:1083} INFO - Dependencies all met for <TaskInstance: parallel_dag.transform scheduled__2025-05-07T00:00:00+00:00 [queued]>
[2025-05-08T00:14:47.277+0000] {taskinstance.py:1083} INFO - Dependencies all met for <TaskInstance: parallel_dag.transform scheduled__2025-05-07T00:00:00+00:00 [queued]>
[2025-05-08T00:14:47.277+0000] {taskinstance.py:1279} INFO - 
--------------------------------------------------------------------------------
[2025-05-08T00:14:47.277+0000] {taskinstance.py:1280} INFO - Starting attempt 1 of 1
[2025-05-08T00:14:47.278+0000] {taskinstance.py:1281} INFO - 
--------------------------------------------------------------------------------
[2025-05-08T00:14:47.283+0000] {taskinstance.py:1300} INFO - Executing <Task(BashOperator): transform> on 2025-05-07 00:00:00+00:00
[2025-05-08T00:14:47.286+0000] {standard_task_runner.py:55} INFO - Started process 18608 to run task
[2025-05-08T00:14:47.287+0000] {standard_task_runner.py:82} INFO - Running: ['***', 'tasks', 'run', 'parallel_dag', 'transform', 'scheduled__2025-05-07T00:00:00+00:00', '--job-id', '167', '--raw', '--subdir', 'DAGS_FOLDER/parallel_dag.py', '--cfg-path', '/tmp/tmprpzi7jid']
[2025-05-08T00:14:47.288+0000] {standard_task_runner.py:83} INFO - Job 167: Subtask transform
[2025-05-08T00:14:47.314+0000] {task_command.py:388} INFO - Running <TaskInstance: parallel_dag.transform scheduled__2025-05-07T00:00:00+00:00 [running]> on host f4908f87a3b6
[2025-05-08T00:14:47.344+0000] {taskinstance.py:1509} INFO - Exporting the following env vars:
AIRFLOW_CTX_DAG_OWNER=***
AIRFLOW_CTX_DAG_ID=parallel_dag
AIRFLOW_CTX_TASK_ID=transform
AIRFLOW_CTX_EXECUTION_DATE=2025-05-07T00:00:00+00:00
AIRFLOW_CTX_TRY_NUMBER=1
AIRFLOW_CTX_DAG_RUN_ID=scheduled__2025-05-07T00:00:00+00:00
[2025-05-08T00:14:47.344+0000] {subprocess.py:63} INFO - Tmp dir root location: 
 /tmp
[2025-05-08T00:14:47.345+0000] {subprocess.py:75} INFO - Running command: ['/bin/bash', '-c', 'sleep 10']
[2025-05-08T00:14:47.349+0000] {subprocess.py:86} INFO - Output:
[2025-05-08T00:14:57.352+0000] {subprocess.py:97} INFO - Command exited with return code 0
[2025-05-08T00:14:57.384+0000] {taskinstance.py:1323} INFO - Marking task as SUCCESS. dag_id=parallel_dag, task_id=transform, execution_date=20250507T000000, start_date=20250508T001447, end_date=20250508T001457
[2025-05-08T00:14:57.400+0000] {local_task_job.py:208} INFO - Task exited with return code 0
[2025-05-08T00:14:57.409+0000] {taskinstance.py:2578} INFO - 0 downstream tasks scheduled from follow-on schedule check
