[2025-05-25T00:14:35.319+0000] {taskinstance.py:1083} INFO - Dependencies all met for <TaskInstance: parallel_dag.extract_a scheduled__2025-05-24T00:00:00+00:00 [queued]>
[2025-05-25T00:14:35.331+0000] {taskinstance.py:1083} INFO - Dependencies all met for <TaskInstance: parallel_dag.extract_a scheduled__2025-05-24T00:00:00+00:00 [queued]>
[2025-05-25T00:14:35.332+0000] {taskinstance.py:1279} INFO - 
--------------------------------------------------------------------------------
[2025-05-25T00:14:35.332+0000] {taskinstance.py:1280} INFO - Starting attempt 1 of 1
[2025-05-25T00:14:35.332+0000] {taskinstance.py:1281} INFO - 
--------------------------------------------------------------------------------
[2025-05-25T00:14:35.342+0000] {taskinstance.py:1300} INFO - Executing <Task(BashOperator): extract_a> on 2025-05-24 00:00:00+00:00
[2025-05-25T00:14:35.348+0000] {standard_task_runner.py:55} INFO - Started process 36250 to run task
[2025-05-25T00:14:35.351+0000] {standard_task_runner.py:82} INFO - Running: ['***', 'tasks', 'run', 'parallel_dag', 'extract_a', 'scheduled__2025-05-24T00:00:00+00:00', '--job-id', '514', '--raw', '--subdir', 'DAGS_FOLDER/parallel_dag.py', '--cfg-path', '/tmp/tmp0s3s9xer']
[2025-05-25T00:14:35.352+0000] {standard_task_runner.py:83} INFO - Job 514: Subtask extract_a
[2025-05-25T00:14:35.426+0000] {task_command.py:388} INFO - Running <TaskInstance: parallel_dag.extract_a scheduled__2025-05-24T00:00:00+00:00 [running]> on host 74c05f868d26
[2025-05-25T00:14:35.482+0000] {taskinstance.py:1509} INFO - Exporting the following env vars:
AIRFLOW_CTX_DAG_OWNER=***
AIRFLOW_CTX_DAG_ID=parallel_dag
AIRFLOW_CTX_TASK_ID=extract_a
AIRFLOW_CTX_EXECUTION_DATE=2025-05-24T00:00:00+00:00
AIRFLOW_CTX_TRY_NUMBER=1
AIRFLOW_CTX_DAG_RUN_ID=scheduled__2025-05-24T00:00:00+00:00
[2025-05-25T00:14:35.491+0000] {subprocess.py:63} INFO - Tmp dir root location: 
 /tmp
[2025-05-25T00:14:35.493+0000] {subprocess.py:75} INFO - Running command: ['/bin/bash', '-c', 'sleep 10']
[2025-05-25T00:14:35.505+0000] {subprocess.py:86} INFO - Output:
[2025-05-25T00:14:45.517+0000] {subprocess.py:97} INFO - Command exited with return code 0
[2025-05-25T00:14:45.534+0000] {taskinstance.py:1323} INFO - Marking task as SUCCESS. dag_id=parallel_dag, task_id=extract_a, execution_date=20250524T000000, start_date=20250525T001435, end_date=20250525T001445
[2025-05-25T00:14:45.586+0000] {local_task_job.py:208} INFO - Task exited with return code 0
[2025-05-25T00:14:45.599+0000] {taskinstance.py:2578} INFO - 1 downstream tasks scheduled from follow-on schedule check
