[2025-05-29T19:39:05.943+0000] {taskinstance.py:1083} INFO - Dependencies all met for <TaskInstance: consumer_astro.readFile dataset_triggered__2025-05-29T19:39:04.968637+00:00 [queued]>
[2025-05-29T19:39:05.946+0000] {taskinstance.py:1083} INFO - Dependencies all met for <TaskInstance: consumer_astro.readFile dataset_triggered__2025-05-29T19:39:04.968637+00:00 [queued]>
[2025-05-29T19:39:05.946+0000] {taskinstance.py:1279} INFO - 
--------------------------------------------------------------------------------
[2025-05-29T19:39:05.946+0000] {taskinstance.py:1280} INFO - Starting attempt 1 of 1
[2025-05-29T19:39:05.946+0000] {taskinstance.py:1281} INFO - 
--------------------------------------------------------------------------------
[2025-05-29T19:39:05.951+0000] {taskinstance.py:1300} INFO - Executing <Task(_PythonDecoratedOperator): readFile> on 2025-05-29 19:39:04.968637+00:00
[2025-05-29T19:39:05.953+0000] {standard_task_runner.py:55} INFO - Started process 38754 to run task
[2025-05-29T19:39:05.955+0000] {standard_task_runner.py:82} INFO - Running: ['***', 'tasks', 'run', 'consumer_astro', 'readFile', 'dataset_triggered__2025-05-29T19:39:04.968637+00:00', '--job-id', '631', '--raw', '--subdir', 'DAGS_FOLDER/consumer_astro.py', '--cfg-path', '/tmp/tmpreqcw6z7']
[2025-05-29T19:39:05.955+0000] {standard_task_runner.py:83} INFO - Job 631: Subtask readFile
[2025-05-29T19:39:05.977+0000] {task_command.py:388} INFO - Running <TaskInstance: consumer_astro.readFile dataset_triggered__2025-05-29T19:39:04.968637+00:00 [running]> on host 74c05f868d26
[2025-05-29T19:39:06.002+0000] {taskinstance.py:1509} INFO - Exporting the following env vars:
AIRFLOW_CTX_DAG_OWNER=***
AIRFLOW_CTX_DAG_ID=consumer_astro
AIRFLOW_CTX_TASK_ID=readFile
AIRFLOW_CTX_EXECUTION_DATE=2025-05-29T19:39:04.968637+00:00
AIRFLOW_CTX_TRY_NUMBER=1
AIRFLOW_CTX_DAG_RUN_ID=dataset_triggered__2025-05-29T19:39:04.968637+00:00
[2025-05-29T19:39:06.002+0000] {logging_mixin.py:137} INFO - <built-in method read of _io.TextIOWrapper object at 0xffffa52f34b0>
[2025-05-29T19:39:06.002+0000] {python.py:177} INFO - Done. Returned value was: None
[2025-05-29T19:39:06.006+0000] {taskinstance.py:1323} INFO - Marking task as SUCCESS. dag_id=consumer_astro, task_id=readFile, execution_date=20250529T193904, start_date=20250529T193905, end_date=20250529T193906
[2025-05-29T19:39:06.053+0000] {local_task_job.py:208} INFO - Task exited with return code 0
[2025-05-29T19:39:06.061+0000] {taskinstance.py:2578} INFO - 0 downstream tasks scheduled from follow-on schedule check
