[2025-05-13T00:10:47.324+0000] {taskinstance.py:1083} INFO - Dependencies all met for <TaskInstance: parallel_dag.load_b scheduled__2025-05-12T00:00:00+00:00 [queued]>
[2025-05-13T00:10:47.330+0000] {taskinstance.py:1083} INFO - Dependencies all met for <TaskInstance: parallel_dag.load_b scheduled__2025-05-12T00:00:00+00:00 [queued]>
[2025-05-13T00:10:47.331+0000] {taskinstance.py:1279} INFO - 
--------------------------------------------------------------------------------
[2025-05-13T00:10:47.332+0000] {taskinstance.py:1280} INFO - Starting attempt 1 of 1
[2025-05-13T00:10:47.332+0000] {taskinstance.py:1281} INFO - 
--------------------------------------------------------------------------------
[2025-05-13T00:10:47.341+0000] {taskinstance.py:1300} INFO - Executing <Task(BashOperator): load_b> on 2025-05-12 00:00:00+00:00
[2025-05-13T00:10:47.344+0000] {standard_task_runner.py:55} INFO - Started process 71900 to run task
[2025-05-13T00:10:47.346+0000] {standard_task_runner.py:82} INFO - Running: ['***', 'tasks', 'run', 'parallel_dag', 'load_b', 'scheduled__2025-05-12T00:00:00+00:00', '--job-id', '206', '--raw', '--subdir', 'DAGS_FOLDER/parallel_dag.py', '--cfg-path', '/tmp/tmp7yfs81c9']
[2025-05-13T00:10:47.346+0000] {standard_task_runner.py:83} INFO - Job 206: Subtask load_b
[2025-05-13T00:10:47.379+0000] {task_command.py:388} INFO - Running <TaskInstance: parallel_dag.load_b scheduled__2025-05-12T00:00:00+00:00 [running]> on host b1064f4ed60e
[2025-05-13T00:10:47.414+0000] {taskinstance.py:1509} INFO - Exporting the following env vars:
AIRFLOW_CTX_DAG_OWNER=***
AIRFLOW_CTX_DAG_ID=parallel_dag
AIRFLOW_CTX_TASK_ID=load_b
AIRFLOW_CTX_EXECUTION_DATE=2025-05-12T00:00:00+00:00
AIRFLOW_CTX_TRY_NUMBER=1
AIRFLOW_CTX_DAG_RUN_ID=scheduled__2025-05-12T00:00:00+00:00
[2025-05-13T00:10:47.415+0000] {subprocess.py:63} INFO - Tmp dir root location: 
 /tmp
[2025-05-13T00:10:47.415+0000] {subprocess.py:75} INFO - Running command: ['/bin/bash', '-c', 'sleep 10']
[2025-05-13T00:10:47.419+0000] {subprocess.py:86} INFO - Output:
[2025-05-13T00:10:57.422+0000] {subprocess.py:97} INFO - Command exited with return code 0
[2025-05-13T00:10:57.435+0000] {taskinstance.py:1323} INFO - Marking task as SUCCESS. dag_id=parallel_dag, task_id=load_b, execution_date=20250512T000000, start_date=20250513T001047, end_date=20250513T001057
[2025-05-13T00:10:57.444+0000] {local_task_job.py:208} INFO - Task exited with return code 0
[2025-05-13T00:10:57.453+0000] {taskinstance.py:2578} INFO - 1 downstream tasks scheduled from follow-on schedule check
