[2024-12-07T21:00:20.025+0000] {taskinstance.py:1083} INFO - Dependencies all met for <TaskInstance: tutorial_dag.transform manual__2024-12-07T21:00:18.651888+00:00 [queued]>
[2024-12-07T21:00:20.028+0000] {taskinstance.py:1083} INFO - Dependencies all met for <TaskInstance: tutorial_dag.transform manual__2024-12-07T21:00:18.651888+00:00 [queued]>
[2024-12-07T21:00:20.028+0000] {taskinstance.py:1279} INFO - 
--------------------------------------------------------------------------------
[2024-12-07T21:00:20.028+0000] {taskinstance.py:1280} INFO - Starting attempt 1 of 3
[2024-12-07T21:00:20.028+0000] {taskinstance.py:1281} INFO - 
--------------------------------------------------------------------------------
[2024-12-07T21:00:20.033+0000] {taskinstance.py:1300} INFO - Executing <Task(PythonOperator): transform> on 2024-12-07 21:00:18.651888+00:00
[2024-12-07T21:00:20.035+0000] {standard_task_runner.py:55} INFO - Started process 2607 to run task
[2024-12-07T21:00:20.037+0000] {standard_task_runner.py:82} INFO - Running: ['***', 'tasks', 'run', 'tutorial_dag', 'transform', 'manual__2024-12-07T21:00:18.651888+00:00', '--job-id', '7', '--raw', '--subdir', '/home/***/.local/lib/python3.7/site-packages/***/example_dags/tutorial_dag.py', '--cfg-path', '/tmp/tmp8072si3f']
[2024-12-07T21:00:20.037+0000] {standard_task_runner.py:83} INFO - Job 7: Subtask transform
[2024-12-07T21:00:20.059+0000] {task_command.py:388} INFO - Running <TaskInstance: tutorial_dag.transform manual__2024-12-07T21:00:18.651888+00:00 [running]> on host 44e036a430cc
[2024-12-07T21:00:20.083+0000] {taskinstance.py:1509} INFO - Exporting the following env vars:
AIRFLOW_CTX_DAG_OWNER=***
AIRFLOW_CTX_DAG_ID=tutorial_dag
AIRFLOW_CTX_TASK_ID=transform
AIRFLOW_CTX_EXECUTION_DATE=2024-12-07T21:00:18.651888+00:00
AIRFLOW_CTX_TRY_NUMBER=1
AIRFLOW_CTX_DAG_RUN_ID=manual__2024-12-07T21:00:18.651888+00:00
[2024-12-07T21:00:20.091+0000] {python.py:177} INFO - Done. Returned value was: None
[2024-12-07T21:00:20.094+0000] {taskinstance.py:1323} INFO - Marking task as SUCCESS. dag_id=tutorial_dag, task_id=transform, execution_date=20241207T210018, start_date=20241207T210020, end_date=20241207T210020
[2024-12-07T21:00:20.138+0000] {local_task_job.py:208} INFO - Task exited with return code 0
[2024-12-07T21:00:20.147+0000] {taskinstance.py:2578} INFO - 1 downstream tasks scheduled from follow-on schedule check
