[2025-02-03T05:37:36.837+0000] {processor.py:153} INFO - Started process (PID=49913) to work on /home/airflow/.local/lib/python3.7/site-packages/airflow/example_dags/example_datasets.py
[2025-02-03T05:37:36.839+0000] {processor.py:743} INFO - Processing file /home/airflow/.local/lib/python3.7/site-packages/airflow/example_dags/example_datasets.py for tasks to queue
[2025-02-03T05:37:36.844+0000] {logging_mixin.py:137} INFO - [2025-02-03T05:37:36.844+0000] {dagbag.py:538} INFO - Filling up the DagBag from /home/airflow/.local/lib/python3.7/site-packages/airflow/example_dags/example_datasets.py
[2025-02-03T05:37:36.859+0000] {processor.py:753} INFO - DAG(s) dict_keys(['dataset_produces_1', 'dataset_consumes_1_and_2', 'dataset_consumes_unknown_never_scheduled', 'dataset_consumes_1', 'dataset_consumes_1_never_scheduled', 'dataset_produces_2']) retrieved from /home/airflow/.local/lib/python3.7/site-packages/airflow/example_dags/example_datasets.py
[2025-02-03T05:37:37.242+0000] {logging_mixin.py:137} INFO - [2025-02-03T05:37:37.241+0000] {dag.py:2690} INFO - Sync 6 DAGs
[2025-02-03T05:37:37.272+0000] {logging_mixin.py:137} INFO - [2025-02-03T05:37:37.272+0000] {dag.py:3441} INFO - Setting next_dagrun for dataset_consumes_1 to None, run_after=None
[2025-02-03T05:37:37.818+0000] {logging_mixin.py:137} INFO - [2025-02-03T05:37:37.818+0000] {dag.py:3441} INFO - Setting next_dagrun for dataset_consumes_1_and_2 to None, run_after=None
[2025-02-03T05:37:37.823+0000] {logging_mixin.py:137} INFO - [2025-02-03T05:37:37.823+0000] {dag.py:3441} INFO - Setting next_dagrun for dataset_consumes_1_never_scheduled to None, run_after=None
[2025-02-03T05:37:37.830+0000] {logging_mixin.py:137} INFO - [2025-02-03T05:37:37.830+0000] {dag.py:3441} INFO - Setting next_dagrun for dataset_consumes_unknown_never_scheduled to None, run_after=None
[2025-02-03T05:37:37.843+0000] {logging_mixin.py:137} INFO - [2025-02-03T05:37:37.843+0000] {dag.py:3441} INFO - Setting next_dagrun for dataset_produces_1 to 2025-02-02T00:00:00+00:00, run_after=2025-02-03T00:00:00+00:00
[2025-02-03T05:37:37.855+0000] {logging_mixin.py:137} INFO - [2025-02-03T05:37:37.855+0000] {dag.py:3441} INFO - Setting next_dagrun for dataset_produces_2 to None, run_after=None
[2025-02-03T05:37:38.264+0000] {processor.py:175} INFO - Processing /home/airflow/.local/lib/python3.7/site-packages/airflow/example_dags/example_datasets.py took 1.434 seconds
[2025-02-03T05:38:08.386+0000] {processor.py:153} INFO - Started process (PID=49988) to work on /home/airflow/.local/lib/python3.7/site-packages/airflow/example_dags/example_datasets.py
[2025-02-03T05:38:08.387+0000] {processor.py:743} INFO - Processing file /home/airflow/.local/lib/python3.7/site-packages/airflow/example_dags/example_datasets.py for tasks to queue
[2025-02-03T05:38:08.388+0000] {logging_mixin.py:137} INFO - [2025-02-03T05:38:08.388+0000] {dagbag.py:538} INFO - Filling up the DagBag from /home/airflow/.local/lib/python3.7/site-packages/airflow/example_dags/example_datasets.py
[2025-02-03T05:38:08.397+0000] {processor.py:753} INFO - DAG(s) dict_keys(['dataset_consumes_unknown_never_scheduled', 'dataset_produces_2', 'dataset_produces_1', 'dataset_consumes_1_never_scheduled', 'dataset_consumes_1_and_2', 'dataset_consumes_1']) retrieved from /home/airflow/.local/lib/python3.7/site-packages/airflow/example_dags/example_datasets.py
[2025-02-03T05:38:08.424+0000] {logging_mixin.py:137} INFO - [2025-02-03T05:38:08.424+0000] {dag.py:2690} INFO - Sync 6 DAGs
[2025-02-03T05:38:08.531+0000] {logging_mixin.py:137} INFO - [2025-02-03T05:38:08.531+0000] {dag.py:3441} INFO - Setting next_dagrun for dataset_consumes_1 to None, run_after=None
[2025-02-03T05:38:08.533+0000] {logging_mixin.py:137} INFO - [2025-02-03T05:38:08.533+0000] {dag.py:3441} INFO - Setting next_dagrun for dataset_consumes_1_and_2 to None, run_after=None
[2025-02-03T05:38:08.534+0000] {logging_mixin.py:137} INFO - [2025-02-03T05:38:08.534+0000] {dag.py:3441} INFO - Setting next_dagrun for dataset_consumes_1_never_scheduled to None, run_after=None
[2025-02-03T05:38:08.535+0000] {logging_mixin.py:137} INFO - [2025-02-03T05:38:08.535+0000] {dag.py:3441} INFO - Setting next_dagrun for dataset_consumes_unknown_never_scheduled to None, run_after=None
[2025-02-03T05:38:08.537+0000] {logging_mixin.py:137} INFO - [2025-02-03T05:38:08.537+0000] {dag.py:3441} INFO - Setting next_dagrun for dataset_produces_1 to 2025-02-02T00:00:00+00:00, run_after=2025-02-03T00:00:00+00:00
[2025-02-03T05:38:08.538+0000] {logging_mixin.py:137} INFO - [2025-02-03T05:38:08.538+0000] {dag.py:3441} INFO - Setting next_dagrun for dataset_produces_2 to None, run_after=None
[2025-02-03T05:38:08.557+0000] {processor.py:175} INFO - Processing /home/airflow/.local/lib/python3.7/site-packages/airflow/example_dags/example_datasets.py took 0.173 seconds
[2025-02-03T05:38:39.103+0000] {processor.py:153} INFO - Started process (PID=50080) to work on /home/airflow/.local/lib/python3.7/site-packages/airflow/example_dags/example_datasets.py
[2025-02-03T05:38:39.104+0000] {processor.py:743} INFO - Processing file /home/airflow/.local/lib/python3.7/site-packages/airflow/example_dags/example_datasets.py for tasks to queue
[2025-02-03T05:38:39.105+0000] {logging_mixin.py:137} INFO - [2025-02-03T05:38:39.104+0000] {dagbag.py:538} INFO - Filling up the DagBag from /home/airflow/.local/lib/python3.7/site-packages/airflow/example_dags/example_datasets.py
[2025-02-03T05:38:39.119+0000] {processor.py:753} INFO - DAG(s) dict_keys(['dataset_produces_2', 'dataset_consumes_unknown_never_scheduled', 'dataset_consumes_1', 'dataset_consumes_1_never_scheduled', 'dataset_produces_1', 'dataset_consumes_1_and_2']) retrieved from /home/airflow/.local/lib/python3.7/site-packages/airflow/example_dags/example_datasets.py
[2025-02-03T05:38:39.151+0000] {logging_mixin.py:137} INFO - [2025-02-03T05:38:39.150+0000] {dag.py:2690} INFO - Sync 6 DAGs
[2025-02-03T05:38:39.165+0000] {logging_mixin.py:137} INFO - [2025-02-03T05:38:39.165+0000] {dag.py:3441} INFO - Setting next_dagrun for dataset_consumes_1 to None, run_after=None
[2025-02-03T05:38:39.167+0000] {logging_mixin.py:137} INFO - [2025-02-03T05:38:39.167+0000] {dag.py:3441} INFO - Setting next_dagrun for dataset_consumes_1_and_2 to None, run_after=None
[2025-02-03T05:38:39.168+0000] {logging_mixin.py:137} INFO - [2025-02-03T05:38:39.168+0000] {dag.py:3441} INFO - Setting next_dagrun for dataset_consumes_1_never_scheduled to None, run_after=None
[2025-02-03T05:38:39.168+0000] {logging_mixin.py:137} INFO - [2025-02-03T05:38:39.168+0000] {dag.py:3441} INFO - Setting next_dagrun for dataset_consumes_unknown_never_scheduled to None, run_after=None
[2025-02-03T05:38:39.170+0000] {logging_mixin.py:137} INFO - [2025-02-03T05:38:39.170+0000] {dag.py:3441} INFO - Setting next_dagrun for dataset_produces_1 to 2025-02-02T00:00:00+00:00, run_after=2025-02-03T00:00:00+00:00
[2025-02-03T05:38:39.170+0000] {logging_mixin.py:137} INFO - [2025-02-03T05:38:39.170+0000] {dag.py:3441} INFO - Setting next_dagrun for dataset_produces_2 to None, run_after=None
[2025-02-03T05:38:39.185+0000] {processor.py:175} INFO - Processing /home/airflow/.local/lib/python3.7/site-packages/airflow/example_dags/example_datasets.py took 0.087 seconds
