[2025-02-03T05:37:33.431+0000] {processor.py:153} INFO - Started process (PID=49909) to work on /home/airflow/.local/lib/python3.7/site-packages/airflow/example_dags/example_branch_operator_decorator.py
[2025-02-03T05:37:33.444+0000] {processor.py:743} INFO - Processing file /home/airflow/.local/lib/python3.7/site-packages/airflow/example_dags/example_branch_operator_decorator.py for tasks to queue
[2025-02-03T05:37:33.461+0000] {logging_mixin.py:137} INFO - [2025-02-03T05:37:33.461+0000] {dagbag.py:538} INFO - Filling up the DagBag from /home/airflow/.local/lib/python3.7/site-packages/airflow/example_dags/example_branch_operator_decorator.py
[2025-02-03T05:37:33.511+0000] {processor.py:753} INFO - DAG(s) dict_keys(['example_branch_python_operator_decorator']) retrieved from /home/airflow/.local/lib/python3.7/site-packages/airflow/example_dags/example_branch_operator_decorator.py
[2025-02-03T05:37:33.672+0000] {logging_mixin.py:137} INFO - [2025-02-03T05:37:33.672+0000] {dag.py:2690} INFO - Sync 1 DAGs
[2025-02-03T05:37:34.291+0000] {logging_mixin.py:137} INFO - [2025-02-03T05:37:34.291+0000] {dag.py:3441} INFO - Setting next_dagrun for example_branch_python_operator_decorator to 2025-02-02T00:00:00+00:00, run_after=2025-02-03T00:00:00+00:00
[2025-02-03T05:37:34.350+0000] {processor.py:175} INFO - Processing /home/airflow/.local/lib/python3.7/site-packages/airflow/example_dags/example_branch_operator_decorator.py took 0.935 seconds
[2025-02-03T05:38:04.864+0000] {processor.py:153} INFO - Started process (PID=49984) to work on /home/airflow/.local/lib/python3.7/site-packages/airflow/example_dags/example_branch_operator_decorator.py
[2025-02-03T05:38:04.864+0000] {processor.py:743} INFO - Processing file /home/airflow/.local/lib/python3.7/site-packages/airflow/example_dags/example_branch_operator_decorator.py for tasks to queue
[2025-02-03T05:38:04.865+0000] {logging_mixin.py:137} INFO - [2025-02-03T05:38:04.865+0000] {dagbag.py:538} INFO - Filling up the DagBag from /home/airflow/.local/lib/python3.7/site-packages/airflow/example_dags/example_branch_operator_decorator.py
[2025-02-03T05:38:04.886+0000] {processor.py:753} INFO - DAG(s) dict_keys(['example_branch_python_operator_decorator']) retrieved from /home/airflow/.local/lib/python3.7/site-packages/airflow/example_dags/example_branch_operator_decorator.py
[2025-02-03T05:38:04.916+0000] {logging_mixin.py:137} INFO - [2025-02-03T05:38:04.915+0000] {dag.py:2690} INFO - Sync 1 DAGs
[2025-02-03T05:38:05.054+0000] {logging_mixin.py:137} INFO - [2025-02-03T05:38:05.054+0000] {dag.py:3441} INFO - Setting next_dagrun for example_branch_python_operator_decorator to 2025-02-02T00:00:00+00:00, run_after=2025-02-03T00:00:00+00:00
[2025-02-03T05:38:05.152+0000] {processor.py:175} INFO - Processing /home/airflow/.local/lib/python3.7/site-packages/airflow/example_dags/example_branch_operator_decorator.py took 0.291 seconds
[2025-02-03T05:38:35.837+0000] {processor.py:153} INFO - Started process (PID=50076) to work on /home/airflow/.local/lib/python3.7/site-packages/airflow/example_dags/example_branch_operator_decorator.py
[2025-02-03T05:38:35.844+0000] {processor.py:743} INFO - Processing file /home/airflow/.local/lib/python3.7/site-packages/airflow/example_dags/example_branch_operator_decorator.py for tasks to queue
[2025-02-03T05:38:35.845+0000] {logging_mixin.py:137} INFO - [2025-02-03T05:38:35.844+0000] {dagbag.py:538} INFO - Filling up the DagBag from /home/airflow/.local/lib/python3.7/site-packages/airflow/example_dags/example_branch_operator_decorator.py
[2025-02-03T05:38:35.863+0000] {processor.py:753} INFO - DAG(s) dict_keys(['example_branch_python_operator_decorator']) retrieved from /home/airflow/.local/lib/python3.7/site-packages/airflow/example_dags/example_branch_operator_decorator.py
[2025-02-03T05:38:35.878+0000] {logging_mixin.py:137} INFO - [2025-02-03T05:38:35.878+0000] {dag.py:2690} INFO - Sync 1 DAGs
[2025-02-03T05:38:35.895+0000] {logging_mixin.py:137} INFO - [2025-02-03T05:38:35.895+0000] {dag.py:3441} INFO - Setting next_dagrun for example_branch_python_operator_decorator to 2025-02-02T00:00:00+00:00, run_after=2025-02-03T00:00:00+00:00
[2025-02-03T05:38:35.907+0000] {processor.py:175} INFO - Processing /home/airflow/.local/lib/python3.7/site-packages/airflow/example_dags/example_branch_operator_decorator.py took 0.072 seconds
