[2025-05-12T02:31:43.738+0000] {taskinstance.py:1083} INFO - Dependencies all met for <TaskInstance: parallel_dag.extract_b scheduled__2025-05-09T00:00:00+00:00 [queued]>
[2025-05-12T02:31:43.776+0000] {taskinstance.py:1083} INFO - Dependencies all met for <TaskInstance: parallel_dag.extract_b scheduled__2025-05-09T00:00:00+00:00 [queued]>
[2025-05-12T02:31:43.781+0000] {taskinstance.py:1279} INFO - 
--------------------------------------------------------------------------------
[2025-05-12T02:31:43.786+0000] {taskinstance.py:1280} INFO - Starting attempt 1 of 1
[2025-05-12T02:31:43.786+0000] {taskinstance.py:1281} INFO - 
--------------------------------------------------------------------------------
[2025-05-12T02:31:43.818+0000] {taskinstance.py:1300} INFO - Executing <Task(BashOperator): extract_b> on 2025-05-09 00:00:00+00:00
[2025-05-12T02:31:43.831+0000] {standard_task_runner.py:55} INFO - Started process 58590 to run task
[2025-05-12T02:31:43.838+0000] {standard_task_runner.py:82} INFO - Running: ['***', 'tasks', 'run', 'parallel_dag', 'extract_b', 'scheduled__2025-05-09T00:00:00+00:00', '--job-id', '179', '--raw', '--subdir', 'DAGS_FOLDER/parallel_dag.py', '--cfg-path', '/tmp/tmp7b6g29mo']
[2025-05-12T02:31:43.843+0000] {standard_task_runner.py:83} INFO - Job 179: Subtask extract_b
[2025-05-12T02:31:43.950+0000] {task_command.py:388} INFO - Running <TaskInstance: parallel_dag.extract_b scheduled__2025-05-09T00:00:00+00:00 [running]> on host b1064f4ed60e
[2025-05-12T02:31:44.041+0000] {taskinstance.py:1509} INFO - Exporting the following env vars:
AIRFLOW_CTX_DAG_OWNER=***
AIRFLOW_CTX_DAG_ID=parallel_dag
AIRFLOW_CTX_TASK_ID=extract_b
AIRFLOW_CTX_EXECUTION_DATE=2025-05-09T00:00:00+00:00
AIRFLOW_CTX_TRY_NUMBER=1
AIRFLOW_CTX_DAG_RUN_ID=scheduled__2025-05-09T00:00:00+00:00
[2025-05-12T02:31:44.042+0000] {subprocess.py:63} INFO - Tmp dir root location: 
 /tmp
[2025-05-12T02:31:44.044+0000] {subprocess.py:75} INFO - Running command: ['/bin/bash', '-c', 'sleep 10']
[2025-05-12T02:31:44.059+0000] {subprocess.py:86} INFO - Output:
[2025-05-12T02:31:54.064+0000] {subprocess.py:97} INFO - Command exited with return code 0
[2025-05-12T02:31:54.097+0000] {taskinstance.py:1323} INFO - Marking task as SUCCESS. dag_id=parallel_dag, task_id=extract_b, execution_date=20250509T000000, start_date=20250512T023143, end_date=20250512T023154
[2025-05-12T02:31:54.151+0000] {local_task_job.py:208} INFO - Task exited with return code 0
[2025-05-12T02:31:54.165+0000] {taskinstance.py:2578} INFO - 1 downstream tasks scheduled from follow-on schedule check
