[2025-02-03T05:37:31.718+0000] {taskinstance.py:1083} INFO - Dependencies all met for <TaskInstance: producer.update_data scheduled__2025-02-02T00:00:00+00:00 [queued]>
[2025-02-03T05:37:31.722+0000] {taskinstance.py:1083} INFO - Dependencies all met for <TaskInstance: producer.update_data scheduled__2025-02-02T00:00:00+00:00 [queued]>
[2025-02-03T05:37:31.723+0000] {taskinstance.py:1279} INFO - 
--------------------------------------------------------------------------------
[2025-02-03T05:37:31.723+0000] {taskinstance.py:1280} INFO - Starting attempt 1 of 1
[2025-02-03T05:37:31.727+0000] {taskinstance.py:1281} INFO - 
--------------------------------------------------------------------------------
[2025-02-03T05:37:31.892+0000] {taskinstance.py:1300} INFO - Executing <Task(_PythonDecoratedOperator): update_data> on 2025-02-02 00:00:00+00:00
[2025-02-03T05:37:31.922+0000] {standard_task_runner.py:55} INFO - Started process 25439 to run task
[2025-02-03T05:37:31.942+0000] {standard_task_runner.py:82} INFO - Running: ['***', 'tasks', 'run', 'producer', 'update_data', 'scheduled__2025-02-02T00:00:00+00:00', '--job-id', '321', '--raw', '--subdir', 'DAGS_FOLDER/producer.py', '--cfg-path', '/tmp/tmps6_epqna']
[2025-02-03T05:37:31.946+0000] {standard_task_runner.py:83} INFO - Job 321: Subtask update_data
[2025-02-03T05:37:32.468+0000] {task_command.py:388} INFO - Running <TaskInstance: producer.update_data scheduled__2025-02-02T00:00:00+00:00 [running]> on host 6a497d97bc7e
[2025-02-03T05:37:33.317+0000] {taskinstance.py:1509} INFO - Exporting the following env vars:
AIRFLOW_CTX_DAG_OWNER=***
AIRFLOW_CTX_DAG_ID=producer
AIRFLOW_CTX_TASK_ID=update_data
AIRFLOW_CTX_EXECUTION_DATE=2025-02-02T00:00:00+00:00
AIRFLOW_CTX_TRY_NUMBER=1
AIRFLOW_CTX_DAG_RUN_ID=scheduled__2025-02-02T00:00:00+00:00
[2025-02-03T05:37:33.327+0000] {python.py:177} INFO - Done. Returned value was: None
[2025-02-03T05:37:33.337+0000] {warnings.py:110} WARNING - /home/***/.local/lib/python3.7/site-packages/***/models/baseoperator.py:1376: RemovedInAirflow3Warning: Passing 'execution_date' to 'TaskInstance.xcom_push()' is deprecated.
  context["ti"].xcom_push(key=key, value=value, execution_date=execution_date)

[2025-02-03T05:37:33.589+0000] {taskinstance.py:1323} INFO - Marking task as SUCCESS. dag_id=producer, task_id=update_data, execution_date=20250202T000000, start_date=20250203T053731, end_date=20250203T053733
[2025-02-03T05:37:33.818+0000] {local_task_job.py:208} INFO - Task exited with return code 0
[2025-02-03T05:37:33.962+0000] {taskinstance.py:2578} INFO - 0 downstream tasks scheduled from follow-on schedule check
