[2025-05-15T00:14:38.653+0000] {taskinstance.py:1083} INFO - Dependencies all met for <TaskInstance: parallel_dag.extract_b scheduled__2025-05-14T00:00:00+00:00 [queued]>
[2025-05-15T00:14:38.665+0000] {taskinstance.py:1083} INFO - Dependencies all met for <TaskInstance: parallel_dag.extract_b scheduled__2025-05-14T00:00:00+00:00 [queued]>
[2025-05-15T00:14:38.666+0000] {taskinstance.py:1279} INFO - 
--------------------------------------------------------------------------------
[2025-05-15T00:14:38.667+0000] {taskinstance.py:1280} INFO - Starting attempt 1 of 1
[2025-05-15T00:14:38.668+0000] {taskinstance.py:1281} INFO - 
--------------------------------------------------------------------------------
[2025-05-15T00:14:38.693+0000] {taskinstance.py:1300} INFO - Executing <Task(BashOperator): extract_b> on 2025-05-14 00:00:00+00:00
[2025-05-15T00:14:38.709+0000] {standard_task_runner.py:55} INFO - Started process 4054 to run task
[2025-05-15T00:14:38.753+0000] {standard_task_runner.py:82} INFO - Running: ['***', 'tasks', 'run', 'parallel_dag', 'extract_b', 'scheduled__2025-05-14T00:00:00+00:00', '--job-id', '234', '--raw', '--subdir', 'DAGS_FOLDER/parallel_dag.py', '--cfg-path', '/tmp/tmph_rtztde']
[2025-05-15T00:14:38.755+0000] {standard_task_runner.py:83} INFO - Job 234: Subtask extract_b
[2025-05-15T00:14:38.892+0000] {task_command.py:388} INFO - Running <TaskInstance: parallel_dag.extract_b scheduled__2025-05-14T00:00:00+00:00 [running]> on host b1064f4ed60e
[2025-05-15T00:14:38.953+0000] {taskinstance.py:1509} INFO - Exporting the following env vars:
AIRFLOW_CTX_DAG_OWNER=***
AIRFLOW_CTX_DAG_ID=parallel_dag
AIRFLOW_CTX_TASK_ID=extract_b
AIRFLOW_CTX_EXECUTION_DATE=2025-05-14T00:00:00+00:00
AIRFLOW_CTX_TRY_NUMBER=1
AIRFLOW_CTX_DAG_RUN_ID=scheduled__2025-05-14T00:00:00+00:00
[2025-05-15T00:14:38.955+0000] {subprocess.py:63} INFO - Tmp dir root location: 
 /tmp
[2025-05-15T00:14:38.955+0000] {subprocess.py:75} INFO - Running command: ['/bin/bash', '-c', 'sleep 10']
[2025-05-15T00:14:38.962+0000] {subprocess.py:86} INFO - Output:
[2025-05-15T00:14:48.965+0000] {subprocess.py:97} INFO - Command exited with return code 0
[2025-05-15T00:14:48.978+0000] {taskinstance.py:1323} INFO - Marking task as SUCCESS. dag_id=parallel_dag, task_id=extract_b, execution_date=20250514T000000, start_date=20250515T001438, end_date=20250515T001448
[2025-05-15T00:14:48.992+0000] {local_task_job.py:208} INFO - Task exited with return code 0
[2025-05-15T00:14:49.006+0000] {taskinstance.py:2578} INFO - 1 downstream tasks scheduled from follow-on schedule check
