[2025-04-25T05:10:26.958+0000] {taskinstance.py:1083} INFO - Dependencies all met for <TaskInstance: user_processing.extract_user_data manual__2025-04-25T05:10:07.541648+00:00 [queued]>
[2025-04-25T05:10:26.962+0000] {taskinstance.py:1083} INFO - Dependencies all met for <TaskInstance: user_processing.extract_user_data manual__2025-04-25T05:10:07.541648+00:00 [queued]>
[2025-04-25T05:10:26.962+0000] {taskinstance.py:1279} INFO - 
--------------------------------------------------------------------------------
[2025-04-25T05:10:26.963+0000] {taskinstance.py:1280} INFO - Starting attempt 1 of 1
[2025-04-25T05:10:26.963+0000] {taskinstance.py:1281} INFO - 
--------------------------------------------------------------------------------
[2025-04-25T05:10:26.968+0000] {taskinstance.py:1300} INFO - Executing <Task(SimpleHttpOperator): extract_user_data> on 2025-04-25 05:10:07.541648+00:00
[2025-04-25T05:10:26.970+0000] {standard_task_runner.py:55} INFO - Started process 10425 to run task
[2025-04-25T05:10:26.972+0000] {standard_task_runner.py:82} INFO - Running: ['***', 'tasks', 'run', 'user_processing', 'extract_user_data', 'manual__2025-04-25T05:10:07.541648+00:00', '--job-id', '20', '--raw', '--subdir', 'DAGS_FOLDER/user_processing.py', '--cfg-path', '/tmp/tmpl4q0pnj3']
[2025-04-25T05:10:26.972+0000] {standard_task_runner.py:83} INFO - Job 20: Subtask extract_user_data
[2025-04-25T05:10:26.996+0000] {task_command.py:388} INFO - Running <TaskInstance: user_processing.extract_user_data manual__2025-04-25T05:10:07.541648+00:00 [running]> on host b08efc87d46b
[2025-04-25T05:10:27.021+0000] {taskinstance.py:1509} INFO - Exporting the following env vars:
AIRFLOW_CTX_DAG_OWNER=***
AIRFLOW_CTX_DAG_ID=user_processing
AIRFLOW_CTX_TASK_ID=extract_user_data
AIRFLOW_CTX_EXECUTION_DATE=2025-04-25T05:10:07.541648+00:00
AIRFLOW_CTX_TRY_NUMBER=1
AIRFLOW_CTX_DAG_RUN_ID=manual__2025-04-25T05:10:07.541648+00:00
[2025-04-25T05:10:27.022+0000] {http.py:123} INFO - Calling HTTP method
[2025-04-25T05:10:27.025+0000] {base.py:73} INFO - Using connection ID 'user_api' for task execution.
[2025-04-25T05:10:27.070+0000] {warnings.py:110} WARNING - /home/***/.local/lib/python3.7/site-packages/urllib3/connectionpool.py:1052: InsecureRequestWarning: Unverified HTTPS request is being made to host 'randomuser.me'. Adding certificate verification is strongly advised. See: https://urllib3.readthedocs.io/en/1.26.x/advanced-usage.html#ssl-warnings
  InsecureRequestWarning,

[2025-04-25T05:10:43.700+0000] {http.py:127} INFO - {"results":[{"gender":"male","name":{"title":"Mr","first":"Joel","last":"Hanninen"},"location":{"street":{"number":4378,"name":"Itsenäisyydenkatu"},"city":"Jokioinen","state":"Satakunta","country":"Finland","postcode":31292,"coordinates":{"latitude":"-21.4504","longitude":"-26.2523"},"timezone":{"offset":"-2:00","description":"Mid-Atlantic"}},"email":"joel.hanninen@example.com","login":{"uuid":"516742a3-76f2-4811-9748-2d418bf50f3f","username":"crazyleopard253","password":"jezebel","salt":"DA0iHget","md5":"9ba7b650d6007fbb215bbf4205799c7b","sha1":"936296bf9a0947c431188ad8605246c0d1293214","sha256":"f53c44467517483518e3ae9750ff1773e1d6460d7910fa9b7133171a6bd40246"},"dob":{"date":"1991-08-02T15:52:14.878Z","age":33},"registered":{"date":"2007-12-26T01:46:55.042Z","age":17},"phone":"06-793-091","cell":"049-572-74-29","id":{"name":"HETU","value":"NaNNA921undefined"},"picture":{"large":"https://randomuser.me/api/portraits/men/8.jpg","medium":"https://randomuser.me/api/portraits/med/men/8.jpg","thumbnail":"https://randomuser.me/api/portraits/thumb/men/8.jpg"},"nat":"FI"}],"info":{"seed":"16edde49ae7d05d0","results":1,"page":1,"version":"1.4"}}
[2025-04-25T05:10:43.865+0000] {taskinstance.py:1323} INFO - Marking task as SUCCESS. dag_id=user_processing, task_id=extract_user_data, execution_date=20250425T051007, start_date=20250425T051026, end_date=20250425T051043
[2025-04-25T05:10:43.891+0000] {local_task_job.py:208} INFO - Task exited with return code 0
[2025-04-25T05:10:43.903+0000] {taskinstance.py:2578} INFO - 1 downstream tasks scheduled from follow-on schedule check
