[2025-01-09T23:31:35.509+0000] {taskinstance.py:1083} INFO - Dependencies all met for <TaskInstance: user_processing.extract_user_data scheduled__2025-01-08T00:00:00+00:00 [queued]>
[2025-01-09T23:31:35.520+0000] {taskinstance.py:1083} INFO - Dependencies all met for <TaskInstance: user_processing.extract_user_data scheduled__2025-01-08T00:00:00+00:00 [queued]>
[2025-01-09T23:31:35.520+0000] {taskinstance.py:1279} INFO - 
--------------------------------------------------------------------------------
[2025-01-09T23:31:35.520+0000] {taskinstance.py:1280} INFO - Starting attempt 1 of 1
[2025-01-09T23:31:35.521+0000] {taskinstance.py:1281} INFO - 
--------------------------------------------------------------------------------
[2025-01-09T23:31:35.528+0000] {taskinstance.py:1300} INFO - Executing <Task(SimpleHttpOperator): extract_user_data> on 2025-01-08 00:00:00+00:00
[2025-01-09T23:31:35.530+0000] {standard_task_runner.py:55} INFO - Started process 70 to run task
[2025-01-09T23:31:35.532+0000] {standard_task_runner.py:82} INFO - Running: ['***', 'tasks', 'run', 'user_processing', 'extract_user_data', 'scheduled__2025-01-08T00:00:00+00:00', '--job-id', '252', '--raw', '--subdir', 'DAGS_FOLDER/user_processing.py', '--cfg-path', '/tmp/tmp_h7y_gz9']
[2025-01-09T23:31:35.535+0000] {standard_task_runner.py:83} INFO - Job 252: Subtask extract_user_data
[2025-01-09T23:31:35.577+0000] {task_command.py:388} INFO - Running <TaskInstance: user_processing.extract_user_data scheduled__2025-01-08T00:00:00+00:00 [running]> on host 44e036a430cc
[2025-01-09T23:31:35.614+0000] {taskinstance.py:1509} INFO - Exporting the following env vars:
AIRFLOW_CTX_DAG_OWNER=***
AIRFLOW_CTX_DAG_ID=user_processing
AIRFLOW_CTX_TASK_ID=extract_user_data
AIRFLOW_CTX_EXECUTION_DATE=2025-01-08T00:00:00+00:00
AIRFLOW_CTX_TRY_NUMBER=1
AIRFLOW_CTX_DAG_RUN_ID=scheduled__2025-01-08T00:00:00+00:00
[2025-01-09T23:31:35.615+0000] {http.py:123} INFO - Calling HTTP method
[2025-01-09T23:31:35.618+0000] {base.py:73} INFO - Using connection ID 'user_api' for task execution.
[2025-01-09T23:31:35.695+0000] {warnings.py:110} WARNING - /home/***/.local/lib/python3.7/site-packages/urllib3/connectionpool.py:1052: InsecureRequestWarning: Unverified HTTPS request is being made to host 'randomuser.me'. Adding certificate verification is strongly advised. See: https://urllib3.readthedocs.io/en/1.26.x/advanced-usage.html#ssl-warnings
  InsecureRequestWarning,

[2025-01-09T23:31:35.778+0000] {http.py:127} INFO - {"results":[{"gender":"male","name":{"title":"Mr","first":"Amier","last":"Honders"},"location":{"street":{"number":1698,"name":"Bernard Kochstraat"},"city":"Doorn","state":"Limburg","country":"Netherlands","postcode":"7986 AN","coordinates":{"latitude":"30.8047","longitude":"-141.8282"},"timezone":{"offset":"+5:00","description":"Ekaterinburg, Islamabad, Karachi, Tashkent"}},"email":"amier.honders@example.com","login":{"uuid":"04a22272-df95-4c84-924a-ea69f64b80be","username":"crazyostrich899","password":"boogie","salt":"Z0LtXFsf","md5":"904fef35e3efe26df9a538e2ff7e9a4b","sha1":"ce0ed8e0eeb5db4041d897e9d4c7c5496d7c4f87","sha256":"6c85e221231534902ed82ba040431784e6cf61562a258a99fd1b53ccdb5b901f"},"dob":{"date":"1981-03-15T21:17:38.142Z","age":43},"registered":{"date":"2010-02-10T14:02:47.979Z","age":14},"phone":"(093) 2750792","cell":"(06) 53732926","id":{"name":"BSN","value":"62004647"},"picture":{"large":"https://randomuser.me/api/portraits/men/60.jpg","medium":"https://randomuser.me/api/portraits/med/men/60.jpg","thumbnail":"https://randomuser.me/api/portraits/thumb/men/60.jpg"},"nat":"NL"}],"info":{"seed":"4f35d03cb6b9c281","results":1,"page":1,"version":"1.4"}}
[2025-01-09T23:31:35.876+0000] {taskinstance.py:1323} INFO - Marking task as SUCCESS. dag_id=user_processing, task_id=extract_user_data, execution_date=20250108T000000, start_date=20250109T233135, end_date=20250109T233135
[2025-01-09T23:31:35.923+0000] {local_task_job.py:208} INFO - Task exited with return code 0
[2025-01-09T23:31:35.943+0000] {taskinstance.py:2578} INFO - 1 downstream tasks scheduled from follow-on schedule check
