[2025-01-12T00:00:10.611+0000] {processor.py:153} INFO - Started process (PID=8794) to work on /home/airflow/.local/lib/python3.7/site-packages/airflow/example_dags/example_local_kubernetes_executor.py
[2025-01-12T00:00:10.611+0000] {processor.py:743} INFO - Processing file /home/airflow/.local/lib/python3.7/site-packages/airflow/example_dags/example_local_kubernetes_executor.py for tasks to queue
[2025-01-12T00:00:10.611+0000] {logging_mixin.py:137} INFO - [2025-01-12T00:00:10.611+0000] {dagbag.py:538} INFO - Filling up the DagBag from /home/airflow/.local/lib/python3.7/site-packages/airflow/example_dags/example_local_kubernetes_executor.py
[2025-01-12T00:00:10.620+0000] {processor.py:753} INFO - DAG(s) dict_keys(['example_local_kubernetes_executor']) retrieved from /home/airflow/.local/lib/python3.7/site-packages/airflow/example_dags/example_local_kubernetes_executor.py
[2025-01-12T00:00:10.631+0000] {logging_mixin.py:137} INFO - [2025-01-12T00:00:10.631+0000] {dag.py:2690} INFO - Sync 1 DAGs
[2025-01-12T00:00:10.643+0000] {logging_mixin.py:137} INFO - [2025-01-12T00:00:10.643+0000] {dag.py:3441} INFO - Setting next_dagrun for example_local_kubernetes_executor to None, run_after=None
[2025-01-12T00:00:10.650+0000] {processor.py:175} INFO - Processing /home/airflow/.local/lib/python3.7/site-packages/airflow/example_dags/example_local_kubernetes_executor.py took 0.041 seconds
[2025-01-12T00:00:41.269+0000] {processor.py:153} INFO - Started process (PID=8885) to work on /home/airflow/.local/lib/python3.7/site-packages/airflow/example_dags/example_local_kubernetes_executor.py
[2025-01-12T00:00:41.269+0000] {processor.py:743} INFO - Processing file /home/airflow/.local/lib/python3.7/site-packages/airflow/example_dags/example_local_kubernetes_executor.py for tasks to queue
[2025-01-12T00:00:41.269+0000] {logging_mixin.py:137} INFO - [2025-01-12T00:00:41.269+0000] {dagbag.py:538} INFO - Filling up the DagBag from /home/airflow/.local/lib/python3.7/site-packages/airflow/example_dags/example_local_kubernetes_executor.py
[2025-01-12T00:00:41.279+0000] {processor.py:753} INFO - DAG(s) dict_keys(['example_local_kubernetes_executor']) retrieved from /home/airflow/.local/lib/python3.7/site-packages/airflow/example_dags/example_local_kubernetes_executor.py
[2025-01-12T00:00:41.296+0000] {logging_mixin.py:137} INFO - [2025-01-12T00:00:41.296+0000] {dag.py:2690} INFO - Sync 1 DAGs
[2025-01-12T00:00:41.308+0000] {logging_mixin.py:137} INFO - [2025-01-12T00:00:41.308+0000] {dag.py:3441} INFO - Setting next_dagrun for example_local_kubernetes_executor to None, run_after=None
[2025-01-12T00:00:41.315+0000] {processor.py:175} INFO - Processing /home/airflow/.local/lib/python3.7/site-packages/airflow/example_dags/example_local_kubernetes_executor.py took 0.048 seconds
[2025-01-12T00:01:12.014+0000] {processor.py:153} INFO - Started process (PID=8961) to work on /home/airflow/.local/lib/python3.7/site-packages/airflow/example_dags/example_local_kubernetes_executor.py
[2025-01-12T00:01:12.015+0000] {processor.py:743} INFO - Processing file /home/airflow/.local/lib/python3.7/site-packages/airflow/example_dags/example_local_kubernetes_executor.py for tasks to queue
[2025-01-12T00:01:12.015+0000] {logging_mixin.py:137} INFO - [2025-01-12T00:01:12.015+0000] {dagbag.py:538} INFO - Filling up the DagBag from /home/airflow/.local/lib/python3.7/site-packages/airflow/example_dags/example_local_kubernetes_executor.py
[2025-01-12T00:01:12.024+0000] {processor.py:753} INFO - DAG(s) dict_keys(['example_local_kubernetes_executor']) retrieved from /home/airflow/.local/lib/python3.7/site-packages/airflow/example_dags/example_local_kubernetes_executor.py
[2025-01-12T00:01:12.038+0000] {logging_mixin.py:137} INFO - [2025-01-12T00:01:12.038+0000] {dag.py:2690} INFO - Sync 1 DAGs
[2025-01-12T00:01:12.052+0000] {logging_mixin.py:137} INFO - [2025-01-12T00:01:12.052+0000] {dag.py:3441} INFO - Setting next_dagrun for example_local_kubernetes_executor to None, run_after=None
[2025-01-12T00:01:12.059+0000] {processor.py:175} INFO - Processing /home/airflow/.local/lib/python3.7/site-packages/airflow/example_dags/example_local_kubernetes_executor.py took 0.047 seconds
[2025-01-12T00:01:42.584+0000] {processor.py:153} INFO - Started process (PID=9053) to work on /home/airflow/.local/lib/python3.7/site-packages/airflow/example_dags/example_local_kubernetes_executor.py
[2025-01-12T00:01:42.586+0000] {processor.py:743} INFO - Processing file /home/airflow/.local/lib/python3.7/site-packages/airflow/example_dags/example_local_kubernetes_executor.py for tasks to queue
[2025-01-12T00:01:42.586+0000] {logging_mixin.py:137} INFO - [2025-01-12T00:01:42.586+0000] {dagbag.py:538} INFO - Filling up the DagBag from /home/airflow/.local/lib/python3.7/site-packages/airflow/example_dags/example_local_kubernetes_executor.py
[2025-01-12T00:01:42.596+0000] {processor.py:753} INFO - DAG(s) dict_keys(['example_local_kubernetes_executor']) retrieved from /home/airflow/.local/lib/python3.7/site-packages/airflow/example_dags/example_local_kubernetes_executor.py
[2025-01-12T00:01:42.610+0000] {logging_mixin.py:137} INFO - [2025-01-12T00:01:42.610+0000] {dag.py:2690} INFO - Sync 1 DAGs
[2025-01-12T00:01:42.619+0000] {logging_mixin.py:137} INFO - [2025-01-12T00:01:42.619+0000] {dag.py:3441} INFO - Setting next_dagrun for example_local_kubernetes_executor to None, run_after=None
[2025-01-12T00:01:42.627+0000] {processor.py:175} INFO - Processing /home/airflow/.local/lib/python3.7/site-packages/airflow/example_dags/example_local_kubernetes_executor.py took 0.044 seconds
[2025-01-12T00:02:13.087+0000] {processor.py:153} INFO - Started process (PID=9145) to work on /home/airflow/.local/lib/python3.7/site-packages/airflow/example_dags/example_local_kubernetes_executor.py
[2025-01-12T00:02:13.088+0000] {processor.py:743} INFO - Processing file /home/airflow/.local/lib/python3.7/site-packages/airflow/example_dags/example_local_kubernetes_executor.py for tasks to queue
[2025-01-12T00:02:13.089+0000] {logging_mixin.py:137} INFO - [2025-01-12T00:02:13.089+0000] {dagbag.py:538} INFO - Filling up the DagBag from /home/airflow/.local/lib/python3.7/site-packages/airflow/example_dags/example_local_kubernetes_executor.py
[2025-01-12T00:02:13.099+0000] {processor.py:753} INFO - DAG(s) dict_keys(['example_local_kubernetes_executor']) retrieved from /home/airflow/.local/lib/python3.7/site-packages/airflow/example_dags/example_local_kubernetes_executor.py
[2025-01-12T00:02:13.111+0000] {logging_mixin.py:137} INFO - [2025-01-12T00:02:13.111+0000] {dag.py:2690} INFO - Sync 1 DAGs
[2025-01-12T00:02:13.121+0000] {logging_mixin.py:137} INFO - [2025-01-12T00:02:13.121+0000] {dag.py:3441} INFO - Setting next_dagrun for example_local_kubernetes_executor to None, run_after=None
[2025-01-12T00:02:13.128+0000] {processor.py:175} INFO - Processing /home/airflow/.local/lib/python3.7/site-packages/airflow/example_dags/example_local_kubernetes_executor.py took 0.043 seconds
[2025-01-12T00:02:43.842+0000] {processor.py:153} INFO - Started process (PID=9236) to work on /home/airflow/.local/lib/python3.7/site-packages/airflow/example_dags/example_local_kubernetes_executor.py
[2025-01-12T00:02:43.844+0000] {processor.py:743} INFO - Processing file /home/airflow/.local/lib/python3.7/site-packages/airflow/example_dags/example_local_kubernetes_executor.py for tasks to queue
[2025-01-12T00:02:43.844+0000] {logging_mixin.py:137} INFO - [2025-01-12T00:02:43.844+0000] {dagbag.py:538} INFO - Filling up the DagBag from /home/airflow/.local/lib/python3.7/site-packages/airflow/example_dags/example_local_kubernetes_executor.py
[2025-01-12T00:02:43.854+0000] {processor.py:753} INFO - DAG(s) dict_keys(['example_local_kubernetes_executor']) retrieved from /home/airflow/.local/lib/python3.7/site-packages/airflow/example_dags/example_local_kubernetes_executor.py
[2025-01-12T00:02:43.868+0000] {logging_mixin.py:137} INFO - [2025-01-12T00:02:43.868+0000] {dag.py:2690} INFO - Sync 1 DAGs
[2025-01-12T00:02:43.877+0000] {logging_mixin.py:137} INFO - [2025-01-12T00:02:43.877+0000] {dag.py:3441} INFO - Setting next_dagrun for example_local_kubernetes_executor to None, run_after=None
[2025-01-12T00:02:43.884+0000] {processor.py:175} INFO - Processing /home/airflow/.local/lib/python3.7/site-packages/airflow/example_dags/example_local_kubernetes_executor.py took 0.043 seconds
[2025-01-12T00:03:14.312+0000] {processor.py:153} INFO - Started process (PID=9311) to work on /home/airflow/.local/lib/python3.7/site-packages/airflow/example_dags/example_local_kubernetes_executor.py
[2025-01-12T00:03:14.313+0000] {processor.py:743} INFO - Processing file /home/airflow/.local/lib/python3.7/site-packages/airflow/example_dags/example_local_kubernetes_executor.py for tasks to queue
[2025-01-12T00:03:14.313+0000] {logging_mixin.py:137} INFO - [2025-01-12T00:03:14.313+0000] {dagbag.py:538} INFO - Filling up the DagBag from /home/airflow/.local/lib/python3.7/site-packages/airflow/example_dags/example_local_kubernetes_executor.py
[2025-01-12T00:03:14.323+0000] {processor.py:753} INFO - DAG(s) dict_keys(['example_local_kubernetes_executor']) retrieved from /home/airflow/.local/lib/python3.7/site-packages/airflow/example_dags/example_local_kubernetes_executor.py
[2025-01-12T00:03:14.335+0000] {logging_mixin.py:137} INFO - [2025-01-12T00:03:14.335+0000] {dag.py:2690} INFO - Sync 1 DAGs
[2025-01-12T00:03:14.345+0000] {logging_mixin.py:137} INFO - [2025-01-12T00:03:14.345+0000] {dag.py:3441} INFO - Setting next_dagrun for example_local_kubernetes_executor to None, run_after=None
[2025-01-12T00:03:14.353+0000] {processor.py:175} INFO - Processing /home/airflow/.local/lib/python3.7/site-packages/airflow/example_dags/example_local_kubernetes_executor.py took 0.042 seconds
[2025-01-12T00:03:44.958+0000] {processor.py:153} INFO - Started process (PID=9402) to work on /home/airflow/.local/lib/python3.7/site-packages/airflow/example_dags/example_local_kubernetes_executor.py
[2025-01-12T00:03:44.960+0000] {processor.py:743} INFO - Processing file /home/airflow/.local/lib/python3.7/site-packages/airflow/example_dags/example_local_kubernetes_executor.py for tasks to queue
[2025-01-12T00:03:44.961+0000] {logging_mixin.py:137} INFO - [2025-01-12T00:03:44.960+0000] {dagbag.py:538} INFO - Filling up the DagBag from /home/airflow/.local/lib/python3.7/site-packages/airflow/example_dags/example_local_kubernetes_executor.py
[2025-01-12T00:03:44.970+0000] {processor.py:753} INFO - DAG(s) dict_keys(['example_local_kubernetes_executor']) retrieved from /home/airflow/.local/lib/python3.7/site-packages/airflow/example_dags/example_local_kubernetes_executor.py
[2025-01-12T00:03:44.982+0000] {logging_mixin.py:137} INFO - [2025-01-12T00:03:44.982+0000] {dag.py:2690} INFO - Sync 1 DAGs
[2025-01-12T00:03:44.992+0000] {logging_mixin.py:137} INFO - [2025-01-12T00:03:44.992+0000] {dag.py:3441} INFO - Setting next_dagrun for example_local_kubernetes_executor to None, run_after=None
[2025-01-12T00:03:45.000+0000] {processor.py:175} INFO - Processing /home/airflow/.local/lib/python3.7/site-packages/airflow/example_dags/example_local_kubernetes_executor.py took 0.043 seconds
[2025-01-12T00:04:15.401+0000] {processor.py:153} INFO - Started process (PID=9494) to work on /home/airflow/.local/lib/python3.7/site-packages/airflow/example_dags/example_local_kubernetes_executor.py
[2025-01-12T00:04:15.402+0000] {processor.py:743} INFO - Processing file /home/airflow/.local/lib/python3.7/site-packages/airflow/example_dags/example_local_kubernetes_executor.py for tasks to queue
[2025-01-12T00:04:15.403+0000] {logging_mixin.py:137} INFO - [2025-01-12T00:04:15.403+0000] {dagbag.py:538} INFO - Filling up the DagBag from /home/airflow/.local/lib/python3.7/site-packages/airflow/example_dags/example_local_kubernetes_executor.py
[2025-01-12T00:04:15.413+0000] {processor.py:753} INFO - DAG(s) dict_keys(['example_local_kubernetes_executor']) retrieved from /home/airflow/.local/lib/python3.7/site-packages/airflow/example_dags/example_local_kubernetes_executor.py
[2025-01-12T00:04:15.424+0000] {logging_mixin.py:137} INFO - [2025-01-12T00:04:15.424+0000] {dag.py:2690} INFO - Sync 1 DAGs
[2025-01-12T00:04:15.434+0000] {logging_mixin.py:137} INFO - [2025-01-12T00:04:15.434+0000] {dag.py:3441} INFO - Setting next_dagrun for example_local_kubernetes_executor to None, run_after=None
[2025-01-12T00:04:15.441+0000] {processor.py:175} INFO - Processing /home/airflow/.local/lib/python3.7/site-packages/airflow/example_dags/example_local_kubernetes_executor.py took 0.042 seconds
[2025-01-12T00:04:45.812+0000] {processor.py:153} INFO - Started process (PID=9586) to work on /home/airflow/.local/lib/python3.7/site-packages/airflow/example_dags/example_local_kubernetes_executor.py
[2025-01-12T00:04:45.812+0000] {processor.py:743} INFO - Processing file /home/airflow/.local/lib/python3.7/site-packages/airflow/example_dags/example_local_kubernetes_executor.py for tasks to queue
[2025-01-12T00:04:45.813+0000] {logging_mixin.py:137} INFO - [2025-01-12T00:04:45.813+0000] {dagbag.py:538} INFO - Filling up the DagBag from /home/airflow/.local/lib/python3.7/site-packages/airflow/example_dags/example_local_kubernetes_executor.py
[2025-01-12T00:04:45.824+0000] {processor.py:753} INFO - DAG(s) dict_keys(['example_local_kubernetes_executor']) retrieved from /home/airflow/.local/lib/python3.7/site-packages/airflow/example_dags/example_local_kubernetes_executor.py
[2025-01-12T00:04:45.839+0000] {logging_mixin.py:137} INFO - [2025-01-12T00:04:45.839+0000] {dag.py:2690} INFO - Sync 1 DAGs
[2025-01-12T00:04:45.849+0000] {logging_mixin.py:137} INFO - [2025-01-12T00:04:45.849+0000] {dag.py:3441} INFO - Setting next_dagrun for example_local_kubernetes_executor to None, run_after=None
[2025-01-12T00:04:45.860+0000] {processor.py:175} INFO - Processing /home/airflow/.local/lib/python3.7/site-packages/airflow/example_dags/example_local_kubernetes_executor.py took 0.050 seconds
[2025-01-12T00:05:16.391+0000] {processor.py:153} INFO - Started process (PID=9671) to work on /home/airflow/.local/lib/python3.7/site-packages/airflow/example_dags/example_local_kubernetes_executor.py
[2025-01-12T00:05:16.392+0000] {processor.py:743} INFO - Processing file /home/airflow/.local/lib/python3.7/site-packages/airflow/example_dags/example_local_kubernetes_executor.py for tasks to queue
[2025-01-12T00:05:16.392+0000] {logging_mixin.py:137} INFO - [2025-01-12T00:05:16.392+0000] {dagbag.py:538} INFO - Filling up the DagBag from /home/airflow/.local/lib/python3.7/site-packages/airflow/example_dags/example_local_kubernetes_executor.py
[2025-01-12T00:05:16.403+0000] {processor.py:753} INFO - DAG(s) dict_keys(['example_local_kubernetes_executor']) retrieved from /home/airflow/.local/lib/python3.7/site-packages/airflow/example_dags/example_local_kubernetes_executor.py
[2025-01-12T00:05:16.418+0000] {logging_mixin.py:137} INFO - [2025-01-12T00:05:16.418+0000] {dag.py:2690} INFO - Sync 1 DAGs
[2025-01-12T00:05:16.429+0000] {logging_mixin.py:137} INFO - [2025-01-12T00:05:16.429+0000] {dag.py:3441} INFO - Setting next_dagrun for example_local_kubernetes_executor to None, run_after=None
[2025-01-12T00:05:16.442+0000] {processor.py:175} INFO - Processing /home/airflow/.local/lib/python3.7/site-packages/airflow/example_dags/example_local_kubernetes_executor.py took 0.052 seconds
[2025-01-12T00:05:47.079+0000] {processor.py:153} INFO - Started process (PID=9754) to work on /home/airflow/.local/lib/python3.7/site-packages/airflow/example_dags/example_local_kubernetes_executor.py
[2025-01-12T00:05:47.080+0000] {processor.py:743} INFO - Processing file /home/airflow/.local/lib/python3.7/site-packages/airflow/example_dags/example_local_kubernetes_executor.py for tasks to queue
[2025-01-12T00:05:47.080+0000] {logging_mixin.py:137} INFO - [2025-01-12T00:05:47.080+0000] {dagbag.py:538} INFO - Filling up the DagBag from /home/airflow/.local/lib/python3.7/site-packages/airflow/example_dags/example_local_kubernetes_executor.py
[2025-01-12T00:05:47.090+0000] {processor.py:753} INFO - DAG(s) dict_keys(['example_local_kubernetes_executor']) retrieved from /home/airflow/.local/lib/python3.7/site-packages/airflow/example_dags/example_local_kubernetes_executor.py
[2025-01-12T00:05:47.102+0000] {logging_mixin.py:137} INFO - [2025-01-12T00:05:47.101+0000] {dag.py:2690} INFO - Sync 1 DAGs
[2025-01-12T00:05:47.114+0000] {logging_mixin.py:137} INFO - [2025-01-12T00:05:47.114+0000] {dag.py:3441} INFO - Setting next_dagrun for example_local_kubernetes_executor to None, run_after=None
[2025-01-12T00:05:47.123+0000] {processor.py:175} INFO - Processing /home/airflow/.local/lib/python3.7/site-packages/airflow/example_dags/example_local_kubernetes_executor.py took 0.046 seconds
[2025-01-12T00:06:17.743+0000] {processor.py:153} INFO - Started process (PID=9846) to work on /home/airflow/.local/lib/python3.7/site-packages/airflow/example_dags/example_local_kubernetes_executor.py
[2025-01-12T00:06:17.744+0000] {processor.py:743} INFO - Processing file /home/airflow/.local/lib/python3.7/site-packages/airflow/example_dags/example_local_kubernetes_executor.py for tasks to queue
[2025-01-12T00:06:17.744+0000] {logging_mixin.py:137} INFO - [2025-01-12T00:06:17.744+0000] {dagbag.py:538} INFO - Filling up the DagBag from /home/airflow/.local/lib/python3.7/site-packages/airflow/example_dags/example_local_kubernetes_executor.py
[2025-01-12T00:06:17.754+0000] {processor.py:753} INFO - DAG(s) dict_keys(['example_local_kubernetes_executor']) retrieved from /home/airflow/.local/lib/python3.7/site-packages/airflow/example_dags/example_local_kubernetes_executor.py
[2025-01-12T00:06:17.765+0000] {logging_mixin.py:137} INFO - [2025-01-12T00:06:17.765+0000] {dag.py:2690} INFO - Sync 1 DAGs
[2025-01-12T00:06:17.775+0000] {logging_mixin.py:137} INFO - [2025-01-12T00:06:17.775+0000] {dag.py:3441} INFO - Setting next_dagrun for example_local_kubernetes_executor to None, run_after=None
[2025-01-12T00:06:17.782+0000] {processor.py:175} INFO - Processing /home/airflow/.local/lib/python3.7/site-packages/airflow/example_dags/example_local_kubernetes_executor.py took 0.041 seconds
[2025-01-12T00:06:48.296+0000] {processor.py:153} INFO - Started process (PID=9938) to work on /home/airflow/.local/lib/python3.7/site-packages/airflow/example_dags/example_local_kubernetes_executor.py
[2025-01-12T00:06:48.296+0000] {processor.py:743} INFO - Processing file /home/airflow/.local/lib/python3.7/site-packages/airflow/example_dags/example_local_kubernetes_executor.py for tasks to queue
[2025-01-12T00:06:48.296+0000] {logging_mixin.py:137} INFO - [2025-01-12T00:06:48.296+0000] {dagbag.py:538} INFO - Filling up the DagBag from /home/airflow/.local/lib/python3.7/site-packages/airflow/example_dags/example_local_kubernetes_executor.py
[2025-01-12T00:06:48.306+0000] {processor.py:753} INFO - DAG(s) dict_keys(['example_local_kubernetes_executor']) retrieved from /home/airflow/.local/lib/python3.7/site-packages/airflow/example_dags/example_local_kubernetes_executor.py
[2025-01-12T00:06:48.317+0000] {logging_mixin.py:137} INFO - [2025-01-12T00:06:48.317+0000] {dag.py:2690} INFO - Sync 1 DAGs
[2025-01-12T00:06:48.328+0000] {logging_mixin.py:137} INFO - [2025-01-12T00:06:48.328+0000] {dag.py:3441} INFO - Setting next_dagrun for example_local_kubernetes_executor to None, run_after=None
[2025-01-12T00:06:48.339+0000] {processor.py:175} INFO - Processing /home/airflow/.local/lib/python3.7/site-packages/airflow/example_dags/example_local_kubernetes_executor.py took 0.045 seconds
[2025-01-12T00:07:18.850+0000] {processor.py:153} INFO - Started process (PID=10030) to work on /home/airflow/.local/lib/python3.7/site-packages/airflow/example_dags/example_local_kubernetes_executor.py
[2025-01-12T00:07:18.851+0000] {processor.py:743} INFO - Processing file /home/airflow/.local/lib/python3.7/site-packages/airflow/example_dags/example_local_kubernetes_executor.py for tasks to queue
[2025-01-12T00:07:18.851+0000] {logging_mixin.py:137} INFO - [2025-01-12T00:07:18.851+0000] {dagbag.py:538} INFO - Filling up the DagBag from /home/airflow/.local/lib/python3.7/site-packages/airflow/example_dags/example_local_kubernetes_executor.py
[2025-01-12T00:07:18.862+0000] {processor.py:753} INFO - DAG(s) dict_keys(['example_local_kubernetes_executor']) retrieved from /home/airflow/.local/lib/python3.7/site-packages/airflow/example_dags/example_local_kubernetes_executor.py
[2025-01-12T00:07:18.873+0000] {logging_mixin.py:137} INFO - [2025-01-12T00:07:18.872+0000] {dag.py:2690} INFO - Sync 1 DAGs
[2025-01-12T00:07:18.884+0000] {logging_mixin.py:137} INFO - [2025-01-12T00:07:18.884+0000] {dag.py:3441} INFO - Setting next_dagrun for example_local_kubernetes_executor to None, run_after=None
[2025-01-12T00:07:18.894+0000] {processor.py:175} INFO - Processing /home/airflow/.local/lib/python3.7/site-packages/airflow/example_dags/example_local_kubernetes_executor.py took 0.045 seconds
[2025-01-12T00:07:49.379+0000] {processor.py:153} INFO - Started process (PID=10105) to work on /home/airflow/.local/lib/python3.7/site-packages/airflow/example_dags/example_local_kubernetes_executor.py
[2025-01-12T00:07:49.379+0000] {processor.py:743} INFO - Processing file /home/airflow/.local/lib/python3.7/site-packages/airflow/example_dags/example_local_kubernetes_executor.py for tasks to queue
[2025-01-12T00:07:49.379+0000] {logging_mixin.py:137} INFO - [2025-01-12T00:07:49.379+0000] {dagbag.py:538} INFO - Filling up the DagBag from /home/airflow/.local/lib/python3.7/site-packages/airflow/example_dags/example_local_kubernetes_executor.py
[2025-01-12T00:07:49.389+0000] {processor.py:753} INFO - DAG(s) dict_keys(['example_local_kubernetes_executor']) retrieved from /home/airflow/.local/lib/python3.7/site-packages/airflow/example_dags/example_local_kubernetes_executor.py
[2025-01-12T00:07:49.400+0000] {logging_mixin.py:137} INFO - [2025-01-12T00:07:49.400+0000] {dag.py:2690} INFO - Sync 1 DAGs
[2025-01-12T00:07:49.409+0000] {logging_mixin.py:137} INFO - [2025-01-12T00:07:49.409+0000] {dag.py:3441} INFO - Setting next_dagrun for example_local_kubernetes_executor to None, run_after=None
[2025-01-12T00:07:49.418+0000] {processor.py:175} INFO - Processing /home/airflow/.local/lib/python3.7/site-packages/airflow/example_dags/example_local_kubernetes_executor.py took 0.041 seconds
[2025-01-12T00:08:20.008+0000] {processor.py:153} INFO - Started process (PID=10197) to work on /home/airflow/.local/lib/python3.7/site-packages/airflow/example_dags/example_local_kubernetes_executor.py
[2025-01-12T00:08:20.009+0000] {processor.py:743} INFO - Processing file /home/airflow/.local/lib/python3.7/site-packages/airflow/example_dags/example_local_kubernetes_executor.py for tasks to queue
[2025-01-12T00:08:20.010+0000] {logging_mixin.py:137} INFO - [2025-01-12T00:08:20.009+0000] {dagbag.py:538} INFO - Filling up the DagBag from /home/airflow/.local/lib/python3.7/site-packages/airflow/example_dags/example_local_kubernetes_executor.py
[2025-01-12T00:08:20.023+0000] {processor.py:753} INFO - DAG(s) dict_keys(['example_local_kubernetes_executor']) retrieved from /home/airflow/.local/lib/python3.7/site-packages/airflow/example_dags/example_local_kubernetes_executor.py
[2025-01-12T00:08:20.043+0000] {logging_mixin.py:137} INFO - [2025-01-12T00:08:20.043+0000] {dag.py:2690} INFO - Sync 1 DAGs
[2025-01-12T00:08:20.055+0000] {logging_mixin.py:137} INFO - [2025-01-12T00:08:20.055+0000] {dag.py:3441} INFO - Setting next_dagrun for example_local_kubernetes_executor to None, run_after=None
[2025-01-12T00:08:20.068+0000] {processor.py:175} INFO - Processing /home/airflow/.local/lib/python3.7/site-packages/airflow/example_dags/example_local_kubernetes_executor.py took 0.061 seconds
[2025-01-12T00:08:50.589+0000] {processor.py:153} INFO - Started process (PID=10289) to work on /home/airflow/.local/lib/python3.7/site-packages/airflow/example_dags/example_local_kubernetes_executor.py
[2025-01-12T00:08:50.590+0000] {processor.py:743} INFO - Processing file /home/airflow/.local/lib/python3.7/site-packages/airflow/example_dags/example_local_kubernetes_executor.py for tasks to queue
[2025-01-12T00:08:50.591+0000] {logging_mixin.py:137} INFO - [2025-01-12T00:08:50.590+0000] {dagbag.py:538} INFO - Filling up the DagBag from /home/airflow/.local/lib/python3.7/site-packages/airflow/example_dags/example_local_kubernetes_executor.py
[2025-01-12T00:08:50.605+0000] {processor.py:753} INFO - DAG(s) dict_keys(['example_local_kubernetes_executor']) retrieved from /home/airflow/.local/lib/python3.7/site-packages/airflow/example_dags/example_local_kubernetes_executor.py
[2025-01-12T00:08:50.631+0000] {logging_mixin.py:137} INFO - [2025-01-12T00:08:50.631+0000] {dag.py:2690} INFO - Sync 1 DAGs
[2025-01-12T00:08:50.643+0000] {logging_mixin.py:137} INFO - [2025-01-12T00:08:50.643+0000] {dag.py:3441} INFO - Setting next_dagrun for example_local_kubernetes_executor to None, run_after=None
[2025-01-12T00:08:50.652+0000] {processor.py:175} INFO - Processing /home/airflow/.local/lib/python3.7/site-packages/airflow/example_dags/example_local_kubernetes_executor.py took 0.065 seconds
[2025-01-12T00:09:21.616+0000] {processor.py:153} INFO - Started process (PID=10380) to work on /home/airflow/.local/lib/python3.7/site-packages/airflow/example_dags/example_local_kubernetes_executor.py
[2025-01-12T00:09:21.617+0000] {processor.py:743} INFO - Processing file /home/airflow/.local/lib/python3.7/site-packages/airflow/example_dags/example_local_kubernetes_executor.py for tasks to queue
[2025-01-12T00:09:21.618+0000] {logging_mixin.py:137} INFO - [2025-01-12T00:09:21.618+0000] {dagbag.py:538} INFO - Filling up the DagBag from /home/airflow/.local/lib/python3.7/site-packages/airflow/example_dags/example_local_kubernetes_executor.py
[2025-01-12T00:09:21.628+0000] {processor.py:753} INFO - DAG(s) dict_keys(['example_local_kubernetes_executor']) retrieved from /home/airflow/.local/lib/python3.7/site-packages/airflow/example_dags/example_local_kubernetes_executor.py
[2025-01-12T00:09:21.641+0000] {logging_mixin.py:137} INFO - [2025-01-12T00:09:21.641+0000] {dag.py:2690} INFO - Sync 1 DAGs
[2025-01-12T00:09:21.651+0000] {logging_mixin.py:137} INFO - [2025-01-12T00:09:21.651+0000] {dag.py:3441} INFO - Setting next_dagrun for example_local_kubernetes_executor to None, run_after=None
[2025-01-12T00:09:21.663+0000] {processor.py:175} INFO - Processing /home/airflow/.local/lib/python3.7/site-packages/airflow/example_dags/example_local_kubernetes_executor.py took 0.048 seconds
[2025-01-12T00:09:52.232+0000] {processor.py:153} INFO - Started process (PID=10456) to work on /home/airflow/.local/lib/python3.7/site-packages/airflow/example_dags/example_local_kubernetes_executor.py
[2025-01-12T00:09:52.232+0000] {processor.py:743} INFO - Processing file /home/airflow/.local/lib/python3.7/site-packages/airflow/example_dags/example_local_kubernetes_executor.py for tasks to queue
[2025-01-12T00:09:52.232+0000] {logging_mixin.py:137} INFO - [2025-01-12T00:09:52.232+0000] {dagbag.py:538} INFO - Filling up the DagBag from /home/airflow/.local/lib/python3.7/site-packages/airflow/example_dags/example_local_kubernetes_executor.py
[2025-01-12T00:09:52.242+0000] {processor.py:753} INFO - DAG(s) dict_keys(['example_local_kubernetes_executor']) retrieved from /home/airflow/.local/lib/python3.7/site-packages/airflow/example_dags/example_local_kubernetes_executor.py
[2025-01-12T00:09:52.254+0000] {logging_mixin.py:137} INFO - [2025-01-12T00:09:52.254+0000] {dag.py:2690} INFO - Sync 1 DAGs
[2025-01-12T00:09:52.263+0000] {logging_mixin.py:137} INFO - [2025-01-12T00:09:52.263+0000] {dag.py:3441} INFO - Setting next_dagrun for example_local_kubernetes_executor to None, run_after=None
[2025-01-12T00:09:52.273+0000] {processor.py:175} INFO - Processing /home/airflow/.local/lib/python3.7/site-packages/airflow/example_dags/example_local_kubernetes_executor.py took 0.043 seconds
[2025-01-12T00:10:22.877+0000] {processor.py:153} INFO - Started process (PID=10548) to work on /home/airflow/.local/lib/python3.7/site-packages/airflow/example_dags/example_local_kubernetes_executor.py
[2025-01-12T00:10:22.877+0000] {processor.py:743} INFO - Processing file /home/airflow/.local/lib/python3.7/site-packages/airflow/example_dags/example_local_kubernetes_executor.py for tasks to queue
[2025-01-12T00:10:22.878+0000] {logging_mixin.py:137} INFO - [2025-01-12T00:10:22.878+0000] {dagbag.py:538} INFO - Filling up the DagBag from /home/airflow/.local/lib/python3.7/site-packages/airflow/example_dags/example_local_kubernetes_executor.py
[2025-01-12T00:10:22.887+0000] {processor.py:753} INFO - DAG(s) dict_keys(['example_local_kubernetes_executor']) retrieved from /home/airflow/.local/lib/python3.7/site-packages/airflow/example_dags/example_local_kubernetes_executor.py
[2025-01-12T00:10:22.898+0000] {logging_mixin.py:137} INFO - [2025-01-12T00:10:22.898+0000] {dag.py:2690} INFO - Sync 1 DAGs
[2025-01-12T00:10:22.909+0000] {logging_mixin.py:137} INFO - [2025-01-12T00:10:22.909+0000] {dag.py:3441} INFO - Setting next_dagrun for example_local_kubernetes_executor to None, run_after=None
[2025-01-12T00:10:22.920+0000] {processor.py:175} INFO - Processing /home/airflow/.local/lib/python3.7/site-packages/airflow/example_dags/example_local_kubernetes_executor.py took 0.045 seconds
[2025-01-12T00:10:53.755+0000] {processor.py:153} INFO - Started process (PID=10640) to work on /home/airflow/.local/lib/python3.7/site-packages/airflow/example_dags/example_local_kubernetes_executor.py
[2025-01-12T00:10:53.755+0000] {processor.py:743} INFO - Processing file /home/airflow/.local/lib/python3.7/site-packages/airflow/example_dags/example_local_kubernetes_executor.py for tasks to queue
[2025-01-12T00:10:53.756+0000] {logging_mixin.py:137} INFO - [2025-01-12T00:10:53.756+0000] {dagbag.py:538} INFO - Filling up the DagBag from /home/airflow/.local/lib/python3.7/site-packages/airflow/example_dags/example_local_kubernetes_executor.py
[2025-01-12T00:10:53.767+0000] {processor.py:753} INFO - DAG(s) dict_keys(['example_local_kubernetes_executor']) retrieved from /home/airflow/.local/lib/python3.7/site-packages/airflow/example_dags/example_local_kubernetes_executor.py
[2025-01-12T00:10:53.779+0000] {logging_mixin.py:137} INFO - [2025-01-12T00:10:53.779+0000] {dag.py:2690} INFO - Sync 1 DAGs
[2025-01-12T00:10:53.790+0000] {logging_mixin.py:137} INFO - [2025-01-12T00:10:53.790+0000] {dag.py:3441} INFO - Setting next_dagrun for example_local_kubernetes_executor to None, run_after=None
[2025-01-12T00:10:53.804+0000] {processor.py:175} INFO - Processing /home/airflow/.local/lib/python3.7/site-packages/airflow/example_dags/example_local_kubernetes_executor.py took 0.051 seconds
[2025-01-12T00:11:23.833+0000] {processor.py:153} INFO - Started process (PID=10732) to work on /home/airflow/.local/lib/python3.7/site-packages/airflow/example_dags/example_local_kubernetes_executor.py
[2025-01-12T00:11:23.835+0000] {processor.py:743} INFO - Processing file /home/airflow/.local/lib/python3.7/site-packages/airflow/example_dags/example_local_kubernetes_executor.py for tasks to queue
[2025-01-12T00:11:23.835+0000] {logging_mixin.py:137} INFO - [2025-01-12T00:11:23.835+0000] {dagbag.py:538} INFO - Filling up the DagBag from /home/airflow/.local/lib/python3.7/site-packages/airflow/example_dags/example_local_kubernetes_executor.py
[2025-01-12T00:11:23.845+0000] {processor.py:753} INFO - DAG(s) dict_keys(['example_local_kubernetes_executor']) retrieved from /home/airflow/.local/lib/python3.7/site-packages/airflow/example_dags/example_local_kubernetes_executor.py
[2025-01-12T00:11:23.857+0000] {logging_mixin.py:137} INFO - [2025-01-12T00:11:23.857+0000] {dag.py:2690} INFO - Sync 1 DAGs
[2025-01-12T00:11:23.869+0000] {logging_mixin.py:137} INFO - [2025-01-12T00:11:23.869+0000] {dag.py:3441} INFO - Setting next_dagrun for example_local_kubernetes_executor to None, run_after=None
[2025-01-12T00:11:23.882+0000] {processor.py:175} INFO - Processing /home/airflow/.local/lib/python3.7/site-packages/airflow/example_dags/example_local_kubernetes_executor.py took 0.050 seconds
[2025-01-12T00:11:54.465+0000] {processor.py:153} INFO - Started process (PID=10808) to work on /home/airflow/.local/lib/python3.7/site-packages/airflow/example_dags/example_local_kubernetes_executor.py
[2025-01-12T00:11:54.466+0000] {processor.py:743} INFO - Processing file /home/airflow/.local/lib/python3.7/site-packages/airflow/example_dags/example_local_kubernetes_executor.py for tasks to queue
[2025-01-12T00:11:54.468+0000] {logging_mixin.py:137} INFO - [2025-01-12T00:11:54.468+0000] {dagbag.py:538} INFO - Filling up the DagBag from /home/airflow/.local/lib/python3.7/site-packages/airflow/example_dags/example_local_kubernetes_executor.py
[2025-01-12T00:11:54.478+0000] {processor.py:753} INFO - DAG(s) dict_keys(['example_local_kubernetes_executor']) retrieved from /home/airflow/.local/lib/python3.7/site-packages/airflow/example_dags/example_local_kubernetes_executor.py
[2025-01-12T00:11:54.489+0000] {logging_mixin.py:137} INFO - [2025-01-12T00:11:54.488+0000] {dag.py:2690} INFO - Sync 1 DAGs
[2025-01-12T00:11:54.499+0000] {logging_mixin.py:137} INFO - [2025-01-12T00:11:54.499+0000] {dag.py:3441} INFO - Setting next_dagrun for example_local_kubernetes_executor to None, run_after=None
[2025-01-12T00:11:54.507+0000] {processor.py:175} INFO - Processing /home/airflow/.local/lib/python3.7/site-packages/airflow/example_dags/example_local_kubernetes_executor.py took 0.044 seconds
[2025-01-12T00:12:25.012+0000] {processor.py:153} INFO - Started process (PID=10900) to work on /home/airflow/.local/lib/python3.7/site-packages/airflow/example_dags/example_local_kubernetes_executor.py
[2025-01-12T00:12:25.014+0000] {processor.py:743} INFO - Processing file /home/airflow/.local/lib/python3.7/site-packages/airflow/example_dags/example_local_kubernetes_executor.py for tasks to queue
[2025-01-12T00:12:25.014+0000] {logging_mixin.py:137} INFO - [2025-01-12T00:12:25.014+0000] {dagbag.py:538} INFO - Filling up the DagBag from /home/airflow/.local/lib/python3.7/site-packages/airflow/example_dags/example_local_kubernetes_executor.py
[2025-01-12T00:12:25.023+0000] {processor.py:753} INFO - DAG(s) dict_keys(['example_local_kubernetes_executor']) retrieved from /home/airflow/.local/lib/python3.7/site-packages/airflow/example_dags/example_local_kubernetes_executor.py
[2025-01-12T00:12:25.034+0000] {logging_mixin.py:137} INFO - [2025-01-12T00:12:25.034+0000] {dag.py:2690} INFO - Sync 1 DAGs
[2025-01-12T00:12:25.050+0000] {logging_mixin.py:137} INFO - [2025-01-12T00:12:25.049+0000] {dag.py:3441} INFO - Setting next_dagrun for example_local_kubernetes_executor to None, run_after=None
[2025-01-12T00:12:25.058+0000] {processor.py:175} INFO - Processing /home/airflow/.local/lib/python3.7/site-packages/airflow/example_dags/example_local_kubernetes_executor.py took 0.047 seconds
[2025-01-12T00:12:55.596+0000] {processor.py:153} INFO - Started process (PID=10992) to work on /home/airflow/.local/lib/python3.7/site-packages/airflow/example_dags/example_local_kubernetes_executor.py
[2025-01-12T00:12:55.597+0000] {processor.py:743} INFO - Processing file /home/airflow/.local/lib/python3.7/site-packages/airflow/example_dags/example_local_kubernetes_executor.py for tasks to queue
[2025-01-12T00:12:55.598+0000] {logging_mixin.py:137} INFO - [2025-01-12T00:12:55.598+0000] {dagbag.py:538} INFO - Filling up the DagBag from /home/airflow/.local/lib/python3.7/site-packages/airflow/example_dags/example_local_kubernetes_executor.py
[2025-01-12T00:12:55.607+0000] {processor.py:753} INFO - DAG(s) dict_keys(['example_local_kubernetes_executor']) retrieved from /home/airflow/.local/lib/python3.7/site-packages/airflow/example_dags/example_local_kubernetes_executor.py
[2025-01-12T00:12:55.624+0000] {logging_mixin.py:137} INFO - [2025-01-12T00:12:55.624+0000] {dag.py:2690} INFO - Sync 1 DAGs
[2025-01-12T00:12:55.634+0000] {logging_mixin.py:137} INFO - [2025-01-12T00:12:55.634+0000] {dag.py:3441} INFO - Setting next_dagrun for example_local_kubernetes_executor to None, run_after=None
[2025-01-12T00:12:55.641+0000] {processor.py:175} INFO - Processing /home/airflow/.local/lib/python3.7/site-packages/airflow/example_dags/example_local_kubernetes_executor.py took 0.046 seconds
[2025-01-12T00:13:26.360+0000] {processor.py:153} INFO - Started process (PID=11083) to work on /home/airflow/.local/lib/python3.7/site-packages/airflow/example_dags/example_local_kubernetes_executor.py
[2025-01-12T00:13:26.360+0000] {processor.py:743} INFO - Processing file /home/airflow/.local/lib/python3.7/site-packages/airflow/example_dags/example_local_kubernetes_executor.py for tasks to queue
[2025-01-12T00:13:26.361+0000] {logging_mixin.py:137} INFO - [2025-01-12T00:13:26.361+0000] {dagbag.py:538} INFO - Filling up the DagBag from /home/airflow/.local/lib/python3.7/site-packages/airflow/example_dags/example_local_kubernetes_executor.py
[2025-01-12T00:13:26.371+0000] {processor.py:753} INFO - DAG(s) dict_keys(['example_local_kubernetes_executor']) retrieved from /home/airflow/.local/lib/python3.7/site-packages/airflow/example_dags/example_local_kubernetes_executor.py
[2025-01-12T00:13:26.382+0000] {logging_mixin.py:137} INFO - [2025-01-12T00:13:26.382+0000] {dag.py:2690} INFO - Sync 1 DAGs
[2025-01-12T00:13:26.393+0000] {logging_mixin.py:137} INFO - [2025-01-12T00:13:26.392+0000] {dag.py:3441} INFO - Setting next_dagrun for example_local_kubernetes_executor to None, run_after=None
[2025-01-12T00:13:26.399+0000] {processor.py:175} INFO - Processing /home/airflow/.local/lib/python3.7/site-packages/airflow/example_dags/example_local_kubernetes_executor.py took 0.041 seconds
[2025-01-12T00:13:57.017+0000] {processor.py:153} INFO - Started process (PID=11159) to work on /home/airflow/.local/lib/python3.7/site-packages/airflow/example_dags/example_local_kubernetes_executor.py
[2025-01-12T00:13:57.019+0000] {processor.py:743} INFO - Processing file /home/airflow/.local/lib/python3.7/site-packages/airflow/example_dags/example_local_kubernetes_executor.py for tasks to queue
[2025-01-12T00:13:57.021+0000] {logging_mixin.py:137} INFO - [2025-01-12T00:13:57.021+0000] {dagbag.py:538} INFO - Filling up the DagBag from /home/airflow/.local/lib/python3.7/site-packages/airflow/example_dags/example_local_kubernetes_executor.py
[2025-01-12T00:13:57.032+0000] {processor.py:753} INFO - DAG(s) dict_keys(['example_local_kubernetes_executor']) retrieved from /home/airflow/.local/lib/python3.7/site-packages/airflow/example_dags/example_local_kubernetes_executor.py
[2025-01-12T00:13:57.044+0000] {logging_mixin.py:137} INFO - [2025-01-12T00:13:57.044+0000] {dag.py:2690} INFO - Sync 1 DAGs
[2025-01-12T00:13:57.055+0000] {logging_mixin.py:137} INFO - [2025-01-12T00:13:57.055+0000] {dag.py:3441} INFO - Setting next_dagrun for example_local_kubernetes_executor to None, run_after=None
[2025-01-12T00:13:57.068+0000] {processor.py:175} INFO - Processing /home/airflow/.local/lib/python3.7/site-packages/airflow/example_dags/example_local_kubernetes_executor.py took 0.052 seconds
[2025-01-12T00:14:27.486+0000] {processor.py:153} INFO - Started process (PID=11251) to work on /home/airflow/.local/lib/python3.7/site-packages/airflow/example_dags/example_local_kubernetes_executor.py
[2025-01-12T00:14:27.486+0000] {processor.py:743} INFO - Processing file /home/airflow/.local/lib/python3.7/site-packages/airflow/example_dags/example_local_kubernetes_executor.py for tasks to queue
[2025-01-12T00:14:27.487+0000] {logging_mixin.py:137} INFO - [2025-01-12T00:14:27.487+0000] {dagbag.py:538} INFO - Filling up the DagBag from /home/airflow/.local/lib/python3.7/site-packages/airflow/example_dags/example_local_kubernetes_executor.py
[2025-01-12T00:14:27.516+0000] {processor.py:753} INFO - DAG(s) dict_keys(['example_local_kubernetes_executor']) retrieved from /home/airflow/.local/lib/python3.7/site-packages/airflow/example_dags/example_local_kubernetes_executor.py
[2025-01-12T00:14:27.530+0000] {logging_mixin.py:137} INFO - [2025-01-12T00:14:27.530+0000] {dag.py:2690} INFO - Sync 1 DAGs
[2025-01-12T00:14:27.540+0000] {logging_mixin.py:137} INFO - [2025-01-12T00:14:27.540+0000] {dag.py:3441} INFO - Setting next_dagrun for example_local_kubernetes_executor to None, run_after=None
[2025-01-12T00:14:27.553+0000] {processor.py:175} INFO - Processing /home/airflow/.local/lib/python3.7/site-packages/airflow/example_dags/example_local_kubernetes_executor.py took 0.069 seconds
[2025-01-12T00:14:57.998+0000] {processor.py:153} INFO - Started process (PID=11343) to work on /home/airflow/.local/lib/python3.7/site-packages/airflow/example_dags/example_local_kubernetes_executor.py
[2025-01-12T00:14:57.998+0000] {processor.py:743} INFO - Processing file /home/airflow/.local/lib/python3.7/site-packages/airflow/example_dags/example_local_kubernetes_executor.py for tasks to queue
[2025-01-12T00:14:57.999+0000] {logging_mixin.py:137} INFO - [2025-01-12T00:14:57.999+0000] {dagbag.py:538} INFO - Filling up the DagBag from /home/airflow/.local/lib/python3.7/site-packages/airflow/example_dags/example_local_kubernetes_executor.py
[2025-01-12T00:14:58.009+0000] {processor.py:753} INFO - DAG(s) dict_keys(['example_local_kubernetes_executor']) retrieved from /home/airflow/.local/lib/python3.7/site-packages/airflow/example_dags/example_local_kubernetes_executor.py
[2025-01-12T00:14:58.022+0000] {logging_mixin.py:137} INFO - [2025-01-12T00:14:58.022+0000] {dag.py:2690} INFO - Sync 1 DAGs
[2025-01-12T00:14:58.034+0000] {logging_mixin.py:137} INFO - [2025-01-12T00:14:58.034+0000] {dag.py:3441} INFO - Setting next_dagrun for example_local_kubernetes_executor to None, run_after=None
[2025-01-12T00:14:58.045+0000] {processor.py:175} INFO - Processing /home/airflow/.local/lib/python3.7/site-packages/airflow/example_dags/example_local_kubernetes_executor.py took 0.048 seconds
[2025-01-12T00:15:28.415+0000] {processor.py:153} INFO - Started process (PID=11435) to work on /home/airflow/.local/lib/python3.7/site-packages/airflow/example_dags/example_local_kubernetes_executor.py
[2025-01-12T00:15:28.415+0000] {processor.py:743} INFO - Processing file /home/airflow/.local/lib/python3.7/site-packages/airflow/example_dags/example_local_kubernetes_executor.py for tasks to queue
[2025-01-12T00:15:28.416+0000] {logging_mixin.py:137} INFO - [2025-01-12T00:15:28.415+0000] {dagbag.py:538} INFO - Filling up the DagBag from /home/airflow/.local/lib/python3.7/site-packages/airflow/example_dags/example_local_kubernetes_executor.py
[2025-01-12T00:15:28.426+0000] {processor.py:753} INFO - DAG(s) dict_keys(['example_local_kubernetes_executor']) retrieved from /home/airflow/.local/lib/python3.7/site-packages/airflow/example_dags/example_local_kubernetes_executor.py
[2025-01-12T00:15:28.437+0000] {logging_mixin.py:137} INFO - [2025-01-12T00:15:28.437+0000] {dag.py:2690} INFO - Sync 1 DAGs
[2025-01-12T00:15:28.447+0000] {logging_mixin.py:137} INFO - [2025-01-12T00:15:28.447+0000] {dag.py:3441} INFO - Setting next_dagrun for example_local_kubernetes_executor to None, run_after=None
[2025-01-12T00:15:28.454+0000] {processor.py:175} INFO - Processing /home/airflow/.local/lib/python3.7/site-packages/airflow/example_dags/example_local_kubernetes_executor.py took 0.041 seconds
[2025-01-12T00:15:58.934+0000] {processor.py:153} INFO - Started process (PID=11511) to work on /home/airflow/.local/lib/python3.7/site-packages/airflow/example_dags/example_local_kubernetes_executor.py
[2025-01-12T00:15:58.935+0000] {processor.py:743} INFO - Processing file /home/airflow/.local/lib/python3.7/site-packages/airflow/example_dags/example_local_kubernetes_executor.py for tasks to queue
[2025-01-12T00:15:58.935+0000] {logging_mixin.py:137} INFO - [2025-01-12T00:15:58.935+0000] {dagbag.py:538} INFO - Filling up the DagBag from /home/airflow/.local/lib/python3.7/site-packages/airflow/example_dags/example_local_kubernetes_executor.py
[2025-01-12T00:15:58.944+0000] {processor.py:753} INFO - DAG(s) dict_keys(['example_local_kubernetes_executor']) retrieved from /home/airflow/.local/lib/python3.7/site-packages/airflow/example_dags/example_local_kubernetes_executor.py
[2025-01-12T00:15:58.956+0000] {logging_mixin.py:137} INFO - [2025-01-12T00:15:58.956+0000] {dag.py:2690} INFO - Sync 1 DAGs
[2025-01-12T00:15:58.966+0000] {logging_mixin.py:137} INFO - [2025-01-12T00:15:58.966+0000] {dag.py:3441} INFO - Setting next_dagrun for example_local_kubernetes_executor to None, run_after=None
[2025-01-12T00:15:58.973+0000] {processor.py:175} INFO - Processing /home/airflow/.local/lib/python3.7/site-packages/airflow/example_dags/example_local_kubernetes_executor.py took 0.040 seconds
[2025-01-12T00:16:29.455+0000] {processor.py:153} INFO - Started process (PID=11603) to work on /home/airflow/.local/lib/python3.7/site-packages/airflow/example_dags/example_local_kubernetes_executor.py
[2025-01-12T00:16:29.457+0000] {processor.py:743} INFO - Processing file /home/airflow/.local/lib/python3.7/site-packages/airflow/example_dags/example_local_kubernetes_executor.py for tasks to queue
[2025-01-12T00:16:29.458+0000] {logging_mixin.py:137} INFO - [2025-01-12T00:16:29.458+0000] {dagbag.py:538} INFO - Filling up the DagBag from /home/airflow/.local/lib/python3.7/site-packages/airflow/example_dags/example_local_kubernetes_executor.py
[2025-01-12T00:16:29.467+0000] {processor.py:753} INFO - DAG(s) dict_keys(['example_local_kubernetes_executor']) retrieved from /home/airflow/.local/lib/python3.7/site-packages/airflow/example_dags/example_local_kubernetes_executor.py
[2025-01-12T00:16:29.479+0000] {logging_mixin.py:137} INFO - [2025-01-12T00:16:29.479+0000] {dag.py:2690} INFO - Sync 1 DAGs
[2025-01-12T00:16:29.490+0000] {logging_mixin.py:137} INFO - [2025-01-12T00:16:29.489+0000] {dag.py:3441} INFO - Setting next_dagrun for example_local_kubernetes_executor to None, run_after=None
[2025-01-12T00:16:29.498+0000] {processor.py:175} INFO - Processing /home/airflow/.local/lib/python3.7/site-packages/airflow/example_dags/example_local_kubernetes_executor.py took 0.044 seconds
[2025-01-12T00:16:59.978+0000] {processor.py:153} INFO - Started process (PID=11695) to work on /home/airflow/.local/lib/python3.7/site-packages/airflow/example_dags/example_local_kubernetes_executor.py
[2025-01-12T00:16:59.979+0000] {processor.py:743} INFO - Processing file /home/airflow/.local/lib/python3.7/site-packages/airflow/example_dags/example_local_kubernetes_executor.py for tasks to queue
[2025-01-12T00:16:59.980+0000] {logging_mixin.py:137} INFO - [2025-01-12T00:16:59.980+0000] {dagbag.py:538} INFO - Filling up the DagBag from /home/airflow/.local/lib/python3.7/site-packages/airflow/example_dags/example_local_kubernetes_executor.py
[2025-01-12T00:16:59.989+0000] {processor.py:753} INFO - DAG(s) dict_keys(['example_local_kubernetes_executor']) retrieved from /home/airflow/.local/lib/python3.7/site-packages/airflow/example_dags/example_local_kubernetes_executor.py
[2025-01-12T00:17:00.001+0000] {logging_mixin.py:137} INFO - [2025-01-12T00:17:00.001+0000] {dag.py:2690} INFO - Sync 1 DAGs
[2025-01-12T00:17:00.011+0000] {logging_mixin.py:137} INFO - [2025-01-12T00:17:00.011+0000] {dag.py:3441} INFO - Setting next_dagrun for example_local_kubernetes_executor to None, run_after=None
[2025-01-12T00:17:00.017+0000] {processor.py:175} INFO - Processing /home/airflow/.local/lib/python3.7/site-packages/airflow/example_dags/example_local_kubernetes_executor.py took 0.041 seconds
