[2025-01-12T00:00:10.726+0000] {processor.py:153} INFO - Started process (PID=8798) to work on /home/airflow/.local/lib/python3.7/site-packages/airflow/example_dags/example_external_task_marker_dag.py
[2025-01-12T00:00:10.726+0000] {processor.py:743} INFO - Processing file /home/airflow/.local/lib/python3.7/site-packages/airflow/example_dags/example_external_task_marker_dag.py for tasks to queue
[2025-01-12T00:00:10.727+0000] {logging_mixin.py:137} INFO - [2025-01-12T00:00:10.726+0000] {dagbag.py:538} INFO - Filling up the DagBag from /home/airflow/.local/lib/python3.7/site-packages/airflow/example_dags/example_external_task_marker_dag.py
[2025-01-12T00:00:10.732+0000] {processor.py:753} INFO - DAG(s) dict_keys(['example_external_task_marker_parent', 'example_external_task_marker_child']) retrieved from /home/airflow/.local/lib/python3.7/site-packages/airflow/example_dags/example_external_task_marker_dag.py
[2025-01-12T00:00:10.743+0000] {logging_mixin.py:137} INFO - [2025-01-12T00:00:10.743+0000] {dag.py:2690} INFO - Sync 2 DAGs
[2025-01-12T00:00:10.755+0000] {logging_mixin.py:137} INFO - [2025-01-12T00:00:10.755+0000] {dag.py:3441} INFO - Setting next_dagrun for example_external_task_marker_child to None, run_after=None
[2025-01-12T00:00:10.756+0000] {logging_mixin.py:137} INFO - [2025-01-12T00:00:10.756+0000] {dag.py:3441} INFO - Setting next_dagrun for example_external_task_marker_parent to None, run_after=None
[2025-01-12T00:00:10.762+0000] {processor.py:175} INFO - Processing /home/airflow/.local/lib/python3.7/site-packages/airflow/example_dags/example_external_task_marker_dag.py took 0.038 seconds
[2025-01-12T00:00:41.380+0000] {processor.py:153} INFO - Started process (PID=8889) to work on /home/airflow/.local/lib/python3.7/site-packages/airflow/example_dags/example_external_task_marker_dag.py
[2025-01-12T00:00:41.381+0000] {processor.py:743} INFO - Processing file /home/airflow/.local/lib/python3.7/site-packages/airflow/example_dags/example_external_task_marker_dag.py for tasks to queue
[2025-01-12T00:00:41.382+0000] {logging_mixin.py:137} INFO - [2025-01-12T00:00:41.382+0000] {dagbag.py:538} INFO - Filling up the DagBag from /home/airflow/.local/lib/python3.7/site-packages/airflow/example_dags/example_external_task_marker_dag.py
[2025-01-12T00:00:41.388+0000] {processor.py:753} INFO - DAG(s) dict_keys(['example_external_task_marker_parent', 'example_external_task_marker_child']) retrieved from /home/airflow/.local/lib/python3.7/site-packages/airflow/example_dags/example_external_task_marker_dag.py
[2025-01-12T00:00:41.404+0000] {logging_mixin.py:137} INFO - [2025-01-12T00:00:41.403+0000] {dag.py:2690} INFO - Sync 2 DAGs
[2025-01-12T00:00:41.415+0000] {logging_mixin.py:137} INFO - [2025-01-12T00:00:41.415+0000] {dag.py:3441} INFO - Setting next_dagrun for example_external_task_marker_child to None, run_after=None
[2025-01-12T00:00:41.416+0000] {logging_mixin.py:137} INFO - [2025-01-12T00:00:41.416+0000] {dag.py:3441} INFO - Setting next_dagrun for example_external_task_marker_parent to None, run_after=None
[2025-01-12T00:00:41.423+0000] {processor.py:175} INFO - Processing /home/airflow/.local/lib/python3.7/site-packages/airflow/example_dags/example_external_task_marker_dag.py took 0.044 seconds
[2025-01-12T00:01:12.116+0000] {processor.py:153} INFO - Started process (PID=8965) to work on /home/airflow/.local/lib/python3.7/site-packages/airflow/example_dags/example_external_task_marker_dag.py
[2025-01-12T00:01:12.117+0000] {processor.py:743} INFO - Processing file /home/airflow/.local/lib/python3.7/site-packages/airflow/example_dags/example_external_task_marker_dag.py for tasks to queue
[2025-01-12T00:01:12.117+0000] {logging_mixin.py:137} INFO - [2025-01-12T00:01:12.117+0000] {dagbag.py:538} INFO - Filling up the DagBag from /home/airflow/.local/lib/python3.7/site-packages/airflow/example_dags/example_external_task_marker_dag.py
[2025-01-12T00:01:12.126+0000] {processor.py:753} INFO - DAG(s) dict_keys(['example_external_task_marker_child', 'example_external_task_marker_parent']) retrieved from /home/airflow/.local/lib/python3.7/site-packages/airflow/example_dags/example_external_task_marker_dag.py
[2025-01-12T00:01:12.138+0000] {logging_mixin.py:137} INFO - [2025-01-12T00:01:12.138+0000] {dag.py:2690} INFO - Sync 2 DAGs
[2025-01-12T00:01:12.148+0000] {logging_mixin.py:137} INFO - [2025-01-12T00:01:12.148+0000] {dag.py:3441} INFO - Setting next_dagrun for example_external_task_marker_child to None, run_after=None
[2025-01-12T00:01:12.150+0000] {logging_mixin.py:137} INFO - [2025-01-12T00:01:12.150+0000] {dag.py:3441} INFO - Setting next_dagrun for example_external_task_marker_parent to None, run_after=None
[2025-01-12T00:01:12.156+0000] {processor.py:175} INFO - Processing /home/airflow/.local/lib/python3.7/site-packages/airflow/example_dags/example_external_task_marker_dag.py took 0.041 seconds
[2025-01-12T00:01:42.679+0000] {processor.py:153} INFO - Started process (PID=9057) to work on /home/airflow/.local/lib/python3.7/site-packages/airflow/example_dags/example_external_task_marker_dag.py
[2025-01-12T00:01:42.680+0000] {processor.py:743} INFO - Processing file /home/airflow/.local/lib/python3.7/site-packages/airflow/example_dags/example_external_task_marker_dag.py for tasks to queue
[2025-01-12T00:01:42.680+0000] {logging_mixin.py:137} INFO - [2025-01-12T00:01:42.680+0000] {dagbag.py:538} INFO - Filling up the DagBag from /home/airflow/.local/lib/python3.7/site-packages/airflow/example_dags/example_external_task_marker_dag.py
[2025-01-12T00:01:42.685+0000] {processor.py:753} INFO - DAG(s) dict_keys(['example_external_task_marker_child', 'example_external_task_marker_parent']) retrieved from /home/airflow/.local/lib/python3.7/site-packages/airflow/example_dags/example_external_task_marker_dag.py
[2025-01-12T00:01:42.696+0000] {logging_mixin.py:137} INFO - [2025-01-12T00:01:42.696+0000] {dag.py:2690} INFO - Sync 2 DAGs
[2025-01-12T00:01:42.705+0000] {logging_mixin.py:137} INFO - [2025-01-12T00:01:42.705+0000] {dag.py:3441} INFO - Setting next_dagrun for example_external_task_marker_child to None, run_after=None
[2025-01-12T00:01:42.708+0000] {logging_mixin.py:137} INFO - [2025-01-12T00:01:42.708+0000] {dag.py:3441} INFO - Setting next_dagrun for example_external_task_marker_parent to None, run_after=None
[2025-01-12T00:01:42.715+0000] {processor.py:175} INFO - Processing /home/airflow/.local/lib/python3.7/site-packages/airflow/example_dags/example_external_task_marker_dag.py took 0.037 seconds
[2025-01-12T00:02:13.185+0000] {processor.py:153} INFO - Started process (PID=9149) to work on /home/airflow/.local/lib/python3.7/site-packages/airflow/example_dags/example_external_task_marker_dag.py
[2025-01-12T00:02:13.188+0000] {processor.py:743} INFO - Processing file /home/airflow/.local/lib/python3.7/site-packages/airflow/example_dags/example_external_task_marker_dag.py for tasks to queue
[2025-01-12T00:02:13.188+0000] {logging_mixin.py:137} INFO - [2025-01-12T00:02:13.188+0000] {dagbag.py:538} INFO - Filling up the DagBag from /home/airflow/.local/lib/python3.7/site-packages/airflow/example_dags/example_external_task_marker_dag.py
[2025-01-12T00:02:13.194+0000] {processor.py:753} INFO - DAG(s) dict_keys(['example_external_task_marker_child', 'example_external_task_marker_parent']) retrieved from /home/airflow/.local/lib/python3.7/site-packages/airflow/example_dags/example_external_task_marker_dag.py
[2025-01-12T00:02:13.205+0000] {logging_mixin.py:137} INFO - [2025-01-12T00:02:13.205+0000] {dag.py:2690} INFO - Sync 2 DAGs
[2025-01-12T00:02:13.217+0000] {logging_mixin.py:137} INFO - [2025-01-12T00:02:13.217+0000] {dag.py:3441} INFO - Setting next_dagrun for example_external_task_marker_child to None, run_after=None
[2025-01-12T00:02:13.219+0000] {logging_mixin.py:137} INFO - [2025-01-12T00:02:13.219+0000] {dag.py:3441} INFO - Setting next_dagrun for example_external_task_marker_parent to None, run_after=None
[2025-01-12T00:02:13.225+0000] {processor.py:175} INFO - Processing /home/airflow/.local/lib/python3.7/site-packages/airflow/example_dags/example_external_task_marker_dag.py took 0.042 seconds
[2025-01-12T00:02:43.939+0000] {processor.py:153} INFO - Started process (PID=9240) to work on /home/airflow/.local/lib/python3.7/site-packages/airflow/example_dags/example_external_task_marker_dag.py
[2025-01-12T00:02:43.939+0000] {processor.py:743} INFO - Processing file /home/airflow/.local/lib/python3.7/site-packages/airflow/example_dags/example_external_task_marker_dag.py for tasks to queue
[2025-01-12T00:02:43.940+0000] {logging_mixin.py:137} INFO - [2025-01-12T00:02:43.940+0000] {dagbag.py:538} INFO - Filling up the DagBag from /home/airflow/.local/lib/python3.7/site-packages/airflow/example_dags/example_external_task_marker_dag.py
[2025-01-12T00:02:43.945+0000] {processor.py:753} INFO - DAG(s) dict_keys(['example_external_task_marker_child', 'example_external_task_marker_parent']) retrieved from /home/airflow/.local/lib/python3.7/site-packages/airflow/example_dags/example_external_task_marker_dag.py
[2025-01-12T00:02:43.958+0000] {logging_mixin.py:137} INFO - [2025-01-12T00:02:43.958+0000] {dag.py:2690} INFO - Sync 2 DAGs
[2025-01-12T00:02:43.968+0000] {logging_mixin.py:137} INFO - [2025-01-12T00:02:43.968+0000] {dag.py:3441} INFO - Setting next_dagrun for example_external_task_marker_child to None, run_after=None
[2025-01-12T00:02:43.969+0000] {logging_mixin.py:137} INFO - [2025-01-12T00:02:43.969+0000] {dag.py:3441} INFO - Setting next_dagrun for example_external_task_marker_parent to None, run_after=None
[2025-01-12T00:02:43.978+0000] {processor.py:175} INFO - Processing /home/airflow/.local/lib/python3.7/site-packages/airflow/example_dags/example_external_task_marker_dag.py took 0.040 seconds
[2025-01-12T00:03:14.456+0000] {processor.py:153} INFO - Started process (PID=9315) to work on /home/airflow/.local/lib/python3.7/site-packages/airflow/example_dags/example_external_task_marker_dag.py
[2025-01-12T00:03:14.457+0000] {processor.py:743} INFO - Processing file /home/airflow/.local/lib/python3.7/site-packages/airflow/example_dags/example_external_task_marker_dag.py for tasks to queue
[2025-01-12T00:03:14.457+0000] {logging_mixin.py:137} INFO - [2025-01-12T00:03:14.457+0000] {dagbag.py:538} INFO - Filling up the DagBag from /home/airflow/.local/lib/python3.7/site-packages/airflow/example_dags/example_external_task_marker_dag.py
[2025-01-12T00:03:14.465+0000] {processor.py:753} INFO - DAG(s) dict_keys(['example_external_task_marker_child', 'example_external_task_marker_parent']) retrieved from /home/airflow/.local/lib/python3.7/site-packages/airflow/example_dags/example_external_task_marker_dag.py
[2025-01-12T00:03:14.479+0000] {logging_mixin.py:137} INFO - [2025-01-12T00:03:14.479+0000] {dag.py:2690} INFO - Sync 2 DAGs
[2025-01-12T00:03:14.490+0000] {logging_mixin.py:137} INFO - [2025-01-12T00:03:14.490+0000] {dag.py:3441} INFO - Setting next_dagrun for example_external_task_marker_child to None, run_after=None
[2025-01-12T00:03:14.491+0000] {logging_mixin.py:137} INFO - [2025-01-12T00:03:14.491+0000] {dag.py:3441} INFO - Setting next_dagrun for example_external_task_marker_parent to None, run_after=None
[2025-01-12T00:03:14.497+0000] {processor.py:175} INFO - Processing /home/airflow/.local/lib/python3.7/site-packages/airflow/example_dags/example_external_task_marker_dag.py took 0.042 seconds
[2025-01-12T00:03:45.055+0000] {processor.py:153} INFO - Started process (PID=9406) to work on /home/airflow/.local/lib/python3.7/site-packages/airflow/example_dags/example_external_task_marker_dag.py
[2025-01-12T00:03:45.055+0000] {processor.py:743} INFO - Processing file /home/airflow/.local/lib/python3.7/site-packages/airflow/example_dags/example_external_task_marker_dag.py for tasks to queue
[2025-01-12T00:03:45.056+0000] {logging_mixin.py:137} INFO - [2025-01-12T00:03:45.056+0000] {dagbag.py:538} INFO - Filling up the DagBag from /home/airflow/.local/lib/python3.7/site-packages/airflow/example_dags/example_external_task_marker_dag.py
[2025-01-12T00:03:45.061+0000] {processor.py:753} INFO - DAG(s) dict_keys(['example_external_task_marker_child', 'example_external_task_marker_parent']) retrieved from /home/airflow/.local/lib/python3.7/site-packages/airflow/example_dags/example_external_task_marker_dag.py
[2025-01-12T00:03:45.072+0000] {logging_mixin.py:137} INFO - [2025-01-12T00:03:45.072+0000] {dag.py:2690} INFO - Sync 2 DAGs
[2025-01-12T00:03:45.081+0000] {logging_mixin.py:137} INFO - [2025-01-12T00:03:45.081+0000] {dag.py:3441} INFO - Setting next_dagrun for example_external_task_marker_child to None, run_after=None
[2025-01-12T00:03:45.083+0000] {logging_mixin.py:137} INFO - [2025-01-12T00:03:45.083+0000] {dag.py:3441} INFO - Setting next_dagrun for example_external_task_marker_parent to None, run_after=None
[2025-01-12T00:03:45.090+0000] {processor.py:175} INFO - Processing /home/airflow/.local/lib/python3.7/site-packages/airflow/example_dags/example_external_task_marker_dag.py took 0.037 seconds
[2025-01-12T00:04:15.496+0000] {processor.py:153} INFO - Started process (PID=9498) to work on /home/airflow/.local/lib/python3.7/site-packages/airflow/example_dags/example_external_task_marker_dag.py
[2025-01-12T00:04:15.497+0000] {processor.py:743} INFO - Processing file /home/airflow/.local/lib/python3.7/site-packages/airflow/example_dags/example_external_task_marker_dag.py for tasks to queue
[2025-01-12T00:04:15.497+0000] {logging_mixin.py:137} INFO - [2025-01-12T00:04:15.497+0000] {dagbag.py:538} INFO - Filling up the DagBag from /home/airflow/.local/lib/python3.7/site-packages/airflow/example_dags/example_external_task_marker_dag.py
[2025-01-12T00:04:15.502+0000] {processor.py:753} INFO - DAG(s) dict_keys(['example_external_task_marker_child', 'example_external_task_marker_parent']) retrieved from /home/airflow/.local/lib/python3.7/site-packages/airflow/example_dags/example_external_task_marker_dag.py
[2025-01-12T00:04:15.516+0000] {logging_mixin.py:137} INFO - [2025-01-12T00:04:15.516+0000] {dag.py:2690} INFO - Sync 2 DAGs
[2025-01-12T00:04:15.527+0000] {logging_mixin.py:137} INFO - [2025-01-12T00:04:15.527+0000] {dag.py:3441} INFO - Setting next_dagrun for example_external_task_marker_child to None, run_after=None
[2025-01-12T00:04:15.528+0000] {logging_mixin.py:137} INFO - [2025-01-12T00:04:15.528+0000] {dag.py:3441} INFO - Setting next_dagrun for example_external_task_marker_parent to None, run_after=None
[2025-01-12T00:04:15.534+0000] {processor.py:175} INFO - Processing /home/airflow/.local/lib/python3.7/site-packages/airflow/example_dags/example_external_task_marker_dag.py took 0.039 seconds
[2025-01-12T00:04:45.927+0000] {processor.py:153} INFO - Started process (PID=9590) to work on /home/airflow/.local/lib/python3.7/site-packages/airflow/example_dags/example_external_task_marker_dag.py
[2025-01-12T00:04:45.928+0000] {processor.py:743} INFO - Processing file /home/airflow/.local/lib/python3.7/site-packages/airflow/example_dags/example_external_task_marker_dag.py for tasks to queue
[2025-01-12T00:04:45.929+0000] {logging_mixin.py:137} INFO - [2025-01-12T00:04:45.929+0000] {dagbag.py:538} INFO - Filling up the DagBag from /home/airflow/.local/lib/python3.7/site-packages/airflow/example_dags/example_external_task_marker_dag.py
[2025-01-12T00:04:45.935+0000] {processor.py:753} INFO - DAG(s) dict_keys(['example_external_task_marker_child', 'example_external_task_marker_parent']) retrieved from /home/airflow/.local/lib/python3.7/site-packages/airflow/example_dags/example_external_task_marker_dag.py
[2025-01-12T00:04:45.947+0000] {logging_mixin.py:137} INFO - [2025-01-12T00:04:45.947+0000] {dag.py:2690} INFO - Sync 2 DAGs
[2025-01-12T00:04:45.957+0000] {logging_mixin.py:137} INFO - [2025-01-12T00:04:45.957+0000] {dag.py:3441} INFO - Setting next_dagrun for example_external_task_marker_child to None, run_after=None
[2025-01-12T00:04:45.958+0000] {logging_mixin.py:137} INFO - [2025-01-12T00:04:45.958+0000] {dag.py:3441} INFO - Setting next_dagrun for example_external_task_marker_parent to None, run_after=None
[2025-01-12T00:04:45.966+0000] {processor.py:175} INFO - Processing /home/airflow/.local/lib/python3.7/site-packages/airflow/example_dags/example_external_task_marker_dag.py took 0.040 seconds
[2025-01-12T00:05:16.559+0000] {processor.py:153} INFO - Started process (PID=9682) to work on /home/airflow/.local/lib/python3.7/site-packages/airflow/example_dags/example_external_task_marker_dag.py
[2025-01-12T00:05:16.574+0000] {processor.py:743} INFO - Processing file /home/airflow/.local/lib/python3.7/site-packages/airflow/example_dags/example_external_task_marker_dag.py for tasks to queue
[2025-01-12T00:05:16.575+0000] {logging_mixin.py:137} INFO - [2025-01-12T00:05:16.575+0000] {dagbag.py:538} INFO - Filling up the DagBag from /home/airflow/.local/lib/python3.7/site-packages/airflow/example_dags/example_external_task_marker_dag.py
[2025-01-12T00:05:16.586+0000] {processor.py:753} INFO - DAG(s) dict_keys(['example_external_task_marker_child', 'example_external_task_marker_parent']) retrieved from /home/airflow/.local/lib/python3.7/site-packages/airflow/example_dags/example_external_task_marker_dag.py
[2025-01-12T00:05:16.598+0000] {logging_mixin.py:137} INFO - [2025-01-12T00:05:16.598+0000] {dag.py:2690} INFO - Sync 2 DAGs
[2025-01-12T00:05:16.610+0000] {logging_mixin.py:137} INFO - [2025-01-12T00:05:16.610+0000] {dag.py:3441} INFO - Setting next_dagrun for example_external_task_marker_child to None, run_after=None
[2025-01-12T00:05:16.613+0000] {logging_mixin.py:137} INFO - [2025-01-12T00:05:16.613+0000] {dag.py:3441} INFO - Setting next_dagrun for example_external_task_marker_parent to None, run_after=None
[2025-01-12T00:05:16.621+0000] {processor.py:175} INFO - Processing /home/airflow/.local/lib/python3.7/site-packages/airflow/example_dags/example_external_task_marker_dag.py took 0.064 seconds
[2025-01-12T00:05:47.188+0000] {processor.py:153} INFO - Started process (PID=9758) to work on /home/airflow/.local/lib/python3.7/site-packages/airflow/example_dags/example_external_task_marker_dag.py
[2025-01-12T00:05:47.189+0000] {processor.py:743} INFO - Processing file /home/airflow/.local/lib/python3.7/site-packages/airflow/example_dags/example_external_task_marker_dag.py for tasks to queue
[2025-01-12T00:05:47.190+0000] {logging_mixin.py:137} INFO - [2025-01-12T00:05:47.190+0000] {dagbag.py:538} INFO - Filling up the DagBag from /home/airflow/.local/lib/python3.7/site-packages/airflow/example_dags/example_external_task_marker_dag.py
[2025-01-12T00:05:47.196+0000] {processor.py:753} INFO - DAG(s) dict_keys(['example_external_task_marker_child', 'example_external_task_marker_parent']) retrieved from /home/airflow/.local/lib/python3.7/site-packages/airflow/example_dags/example_external_task_marker_dag.py
[2025-01-12T00:05:47.207+0000] {logging_mixin.py:137} INFO - [2025-01-12T00:05:47.207+0000] {dag.py:2690} INFO - Sync 2 DAGs
[2025-01-12T00:05:47.218+0000] {logging_mixin.py:137} INFO - [2025-01-12T00:05:47.218+0000] {dag.py:3441} INFO - Setting next_dagrun for example_external_task_marker_child to None, run_after=None
[2025-01-12T00:05:47.219+0000] {logging_mixin.py:137} INFO - [2025-01-12T00:05:47.219+0000] {dag.py:3441} INFO - Setting next_dagrun for example_external_task_marker_parent to None, run_after=None
[2025-01-12T00:05:47.226+0000] {processor.py:175} INFO - Processing /home/airflow/.local/lib/python3.7/site-packages/airflow/example_dags/example_external_task_marker_dag.py took 0.040 seconds
[2025-01-12T00:06:17.851+0000] {processor.py:153} INFO - Started process (PID=9850) to work on /home/airflow/.local/lib/python3.7/site-packages/airflow/example_dags/example_external_task_marker_dag.py
[2025-01-12T00:06:17.852+0000] {processor.py:743} INFO - Processing file /home/airflow/.local/lib/python3.7/site-packages/airflow/example_dags/example_external_task_marker_dag.py for tasks to queue
[2025-01-12T00:06:17.852+0000] {logging_mixin.py:137} INFO - [2025-01-12T00:06:17.852+0000] {dagbag.py:538} INFO - Filling up the DagBag from /home/airflow/.local/lib/python3.7/site-packages/airflow/example_dags/example_external_task_marker_dag.py
[2025-01-12T00:06:17.858+0000] {processor.py:753} INFO - DAG(s) dict_keys(['example_external_task_marker_child', 'example_external_task_marker_parent']) retrieved from /home/airflow/.local/lib/python3.7/site-packages/airflow/example_dags/example_external_task_marker_dag.py
[2025-01-12T00:06:17.869+0000] {logging_mixin.py:137} INFO - [2025-01-12T00:06:17.869+0000] {dag.py:2690} INFO - Sync 2 DAGs
[2025-01-12T00:06:17.880+0000] {logging_mixin.py:137} INFO - [2025-01-12T00:06:17.880+0000] {dag.py:3441} INFO - Setting next_dagrun for example_external_task_marker_child to None, run_after=None
[2025-01-12T00:06:17.881+0000] {logging_mixin.py:137} INFO - [2025-01-12T00:06:17.881+0000] {dag.py:3441} INFO - Setting next_dagrun for example_external_task_marker_parent to None, run_after=None
[2025-01-12T00:06:17.888+0000] {processor.py:175} INFO - Processing /home/airflow/.local/lib/python3.7/site-packages/airflow/example_dags/example_external_task_marker_dag.py took 0.039 seconds
[2025-01-12T00:06:48.408+0000] {processor.py:153} INFO - Started process (PID=9942) to work on /home/airflow/.local/lib/python3.7/site-packages/airflow/example_dags/example_external_task_marker_dag.py
[2025-01-12T00:06:48.410+0000] {processor.py:743} INFO - Processing file /home/airflow/.local/lib/python3.7/site-packages/airflow/example_dags/example_external_task_marker_dag.py for tasks to queue
[2025-01-12T00:06:48.410+0000] {logging_mixin.py:137} INFO - [2025-01-12T00:06:48.410+0000] {dagbag.py:538} INFO - Filling up the DagBag from /home/airflow/.local/lib/python3.7/site-packages/airflow/example_dags/example_external_task_marker_dag.py
[2025-01-12T00:06:48.416+0000] {processor.py:753} INFO - DAG(s) dict_keys(['example_external_task_marker_parent', 'example_external_task_marker_child']) retrieved from /home/airflow/.local/lib/python3.7/site-packages/airflow/example_dags/example_external_task_marker_dag.py
[2025-01-12T00:06:48.427+0000] {logging_mixin.py:137} INFO - [2025-01-12T00:06:48.427+0000] {dag.py:2690} INFO - Sync 2 DAGs
[2025-01-12T00:06:48.438+0000] {logging_mixin.py:137} INFO - [2025-01-12T00:06:48.438+0000] {dag.py:3441} INFO - Setting next_dagrun for example_external_task_marker_child to None, run_after=None
[2025-01-12T00:06:48.440+0000] {logging_mixin.py:137} INFO - [2025-01-12T00:06:48.440+0000] {dag.py:3441} INFO - Setting next_dagrun for example_external_task_marker_parent to None, run_after=None
[2025-01-12T00:06:48.450+0000] {processor.py:175} INFO - Processing /home/airflow/.local/lib/python3.7/site-packages/airflow/example_dags/example_external_task_marker_dag.py took 0.043 seconds
[2025-01-12T00:07:18.995+0000] {processor.py:153} INFO - Started process (PID=10034) to work on /home/airflow/.local/lib/python3.7/site-packages/airflow/example_dags/example_external_task_marker_dag.py
[2025-01-12T00:07:18.995+0000] {processor.py:743} INFO - Processing file /home/airflow/.local/lib/python3.7/site-packages/airflow/example_dags/example_external_task_marker_dag.py for tasks to queue
[2025-01-12T00:07:18.996+0000] {logging_mixin.py:137} INFO - [2025-01-12T00:07:18.995+0000] {dagbag.py:538} INFO - Filling up the DagBag from /home/airflow/.local/lib/python3.7/site-packages/airflow/example_dags/example_external_task_marker_dag.py
[2025-01-12T00:07:19.001+0000] {processor.py:753} INFO - DAG(s) dict_keys(['example_external_task_marker_child', 'example_external_task_marker_parent']) retrieved from /home/airflow/.local/lib/python3.7/site-packages/airflow/example_dags/example_external_task_marker_dag.py
[2025-01-12T00:07:19.013+0000] {logging_mixin.py:137} INFO - [2025-01-12T00:07:19.013+0000] {dag.py:2690} INFO - Sync 2 DAGs
[2025-01-12T00:07:19.023+0000] {logging_mixin.py:137} INFO - [2025-01-12T00:07:19.023+0000] {dag.py:3441} INFO - Setting next_dagrun for example_external_task_marker_child to None, run_after=None
[2025-01-12T00:07:19.027+0000] {logging_mixin.py:137} INFO - [2025-01-12T00:07:19.027+0000] {dag.py:3441} INFO - Setting next_dagrun for example_external_task_marker_parent to None, run_after=None
[2025-01-12T00:07:19.034+0000] {processor.py:175} INFO - Processing /home/airflow/.local/lib/python3.7/site-packages/airflow/example_dags/example_external_task_marker_dag.py took 0.041 seconds
[2025-01-12T00:07:49.488+0000] {processor.py:153} INFO - Started process (PID=10109) to work on /home/airflow/.local/lib/python3.7/site-packages/airflow/example_dags/example_external_task_marker_dag.py
[2025-01-12T00:07:49.489+0000] {processor.py:743} INFO - Processing file /home/airflow/.local/lib/python3.7/site-packages/airflow/example_dags/example_external_task_marker_dag.py for tasks to queue
[2025-01-12T00:07:49.490+0000] {logging_mixin.py:137} INFO - [2025-01-12T00:07:49.490+0000] {dagbag.py:538} INFO - Filling up the DagBag from /home/airflow/.local/lib/python3.7/site-packages/airflow/example_dags/example_external_task_marker_dag.py
[2025-01-12T00:07:49.496+0000] {processor.py:753} INFO - DAG(s) dict_keys(['example_external_task_marker_child', 'example_external_task_marker_parent']) retrieved from /home/airflow/.local/lib/python3.7/site-packages/airflow/example_dags/example_external_task_marker_dag.py
[2025-01-12T00:07:49.509+0000] {logging_mixin.py:137} INFO - [2025-01-12T00:07:49.509+0000] {dag.py:2690} INFO - Sync 2 DAGs
[2025-01-12T00:07:49.520+0000] {logging_mixin.py:137} INFO - [2025-01-12T00:07:49.520+0000] {dag.py:3441} INFO - Setting next_dagrun for example_external_task_marker_child to None, run_after=None
[2025-01-12T00:07:49.523+0000] {logging_mixin.py:137} INFO - [2025-01-12T00:07:49.523+0000] {dag.py:3441} INFO - Setting next_dagrun for example_external_task_marker_parent to None, run_after=None
[2025-01-12T00:07:49.532+0000] {processor.py:175} INFO - Processing /home/airflow/.local/lib/python3.7/site-packages/airflow/example_dags/example_external_task_marker_dag.py took 0.045 seconds
[2025-01-12T00:08:20.147+0000] {processor.py:153} INFO - Started process (PID=10201) to work on /home/airflow/.local/lib/python3.7/site-packages/airflow/example_dags/example_external_task_marker_dag.py
[2025-01-12T00:08:20.148+0000] {processor.py:743} INFO - Processing file /home/airflow/.local/lib/python3.7/site-packages/airflow/example_dags/example_external_task_marker_dag.py for tasks to queue
[2025-01-12T00:08:20.149+0000] {logging_mixin.py:137} INFO - [2025-01-12T00:08:20.149+0000] {dagbag.py:538} INFO - Filling up the DagBag from /home/airflow/.local/lib/python3.7/site-packages/airflow/example_dags/example_external_task_marker_dag.py
[2025-01-12T00:08:20.155+0000] {processor.py:753} INFO - DAG(s) dict_keys(['example_external_task_marker_child', 'example_external_task_marker_parent']) retrieved from /home/airflow/.local/lib/python3.7/site-packages/airflow/example_dags/example_external_task_marker_dag.py
[2025-01-12T00:08:20.169+0000] {logging_mixin.py:137} INFO - [2025-01-12T00:08:20.169+0000] {dag.py:2690} INFO - Sync 2 DAGs
[2025-01-12T00:08:20.181+0000] {logging_mixin.py:137} INFO - [2025-01-12T00:08:20.181+0000] {dag.py:3441} INFO - Setting next_dagrun for example_external_task_marker_child to None, run_after=None
[2025-01-12T00:08:20.183+0000] {logging_mixin.py:137} INFO - [2025-01-12T00:08:20.183+0000] {dag.py:3441} INFO - Setting next_dagrun for example_external_task_marker_parent to None, run_after=None
[2025-01-12T00:08:20.189+0000] {processor.py:175} INFO - Processing /home/airflow/.local/lib/python3.7/site-packages/airflow/example_dags/example_external_task_marker_dag.py took 0.043 seconds
[2025-01-12T00:08:50.819+0000] {processor.py:153} INFO - Started process (PID=10293) to work on /home/airflow/.local/lib/python3.7/site-packages/airflow/example_dags/example_external_task_marker_dag.py
[2025-01-12T00:08:50.819+0000] {processor.py:743} INFO - Processing file /home/airflow/.local/lib/python3.7/site-packages/airflow/example_dags/example_external_task_marker_dag.py for tasks to queue
[2025-01-12T00:08:50.819+0000] {logging_mixin.py:137} INFO - [2025-01-12T00:08:50.819+0000] {dagbag.py:538} INFO - Filling up the DagBag from /home/airflow/.local/lib/python3.7/site-packages/airflow/example_dags/example_external_task_marker_dag.py
[2025-01-12T00:08:50.826+0000] {processor.py:753} INFO - DAG(s) dict_keys(['example_external_task_marker_child', 'example_external_task_marker_parent']) retrieved from /home/airflow/.local/lib/python3.7/site-packages/airflow/example_dags/example_external_task_marker_dag.py
[2025-01-12T00:08:50.838+0000] {logging_mixin.py:137} INFO - [2025-01-12T00:08:50.838+0000] {dag.py:2690} INFO - Sync 2 DAGs
[2025-01-12T00:08:50.849+0000] {logging_mixin.py:137} INFO - [2025-01-12T00:08:50.849+0000] {dag.py:3441} INFO - Setting next_dagrun for example_external_task_marker_child to None, run_after=None
[2025-01-12T00:08:50.850+0000] {logging_mixin.py:137} INFO - [2025-01-12T00:08:50.850+0000] {dag.py:3441} INFO - Setting next_dagrun for example_external_task_marker_parent to None, run_after=None
[2025-01-12T00:08:50.857+0000] {processor.py:175} INFO - Processing /home/airflow/.local/lib/python3.7/site-packages/airflow/example_dags/example_external_task_marker_dag.py took 0.040 seconds
[2025-01-12T00:09:21.730+0000] {processor.py:153} INFO - Started process (PID=10384) to work on /home/airflow/.local/lib/python3.7/site-packages/airflow/example_dags/example_external_task_marker_dag.py
[2025-01-12T00:09:21.730+0000] {processor.py:743} INFO - Processing file /home/airflow/.local/lib/python3.7/site-packages/airflow/example_dags/example_external_task_marker_dag.py for tasks to queue
[2025-01-12T00:09:21.732+0000] {logging_mixin.py:137} INFO - [2025-01-12T00:09:21.732+0000] {dagbag.py:538} INFO - Filling up the DagBag from /home/airflow/.local/lib/python3.7/site-packages/airflow/example_dags/example_external_task_marker_dag.py
[2025-01-12T00:09:21.737+0000] {processor.py:753} INFO - DAG(s) dict_keys(['example_external_task_marker_child', 'example_external_task_marker_parent']) retrieved from /home/airflow/.local/lib/python3.7/site-packages/airflow/example_dags/example_external_task_marker_dag.py
[2025-01-12T00:09:21.751+0000] {logging_mixin.py:137} INFO - [2025-01-12T00:09:21.751+0000] {dag.py:2690} INFO - Sync 2 DAGs
[2025-01-12T00:09:21.764+0000] {logging_mixin.py:137} INFO - [2025-01-12T00:09:21.764+0000] {dag.py:3441} INFO - Setting next_dagrun for example_external_task_marker_child to None, run_after=None
[2025-01-12T00:09:21.767+0000] {logging_mixin.py:137} INFO - [2025-01-12T00:09:21.767+0000] {dag.py:3441} INFO - Setting next_dagrun for example_external_task_marker_parent to None, run_after=None
[2025-01-12T00:09:21.774+0000] {processor.py:175} INFO - Processing /home/airflow/.local/lib/python3.7/site-packages/airflow/example_dags/example_external_task_marker_dag.py took 0.046 seconds
[2025-01-12T00:09:52.373+0000] {processor.py:153} INFO - Started process (PID=10460) to work on /home/airflow/.local/lib/python3.7/site-packages/airflow/example_dags/example_external_task_marker_dag.py
[2025-01-12T00:09:52.375+0000] {processor.py:743} INFO - Processing file /home/airflow/.local/lib/python3.7/site-packages/airflow/example_dags/example_external_task_marker_dag.py for tasks to queue
[2025-01-12T00:09:52.376+0000] {logging_mixin.py:137} INFO - [2025-01-12T00:09:52.376+0000] {dagbag.py:538} INFO - Filling up the DagBag from /home/airflow/.local/lib/python3.7/site-packages/airflow/example_dags/example_external_task_marker_dag.py
[2025-01-12T00:09:52.382+0000] {processor.py:753} INFO - DAG(s) dict_keys(['example_external_task_marker_parent', 'example_external_task_marker_child']) retrieved from /home/airflow/.local/lib/python3.7/site-packages/airflow/example_dags/example_external_task_marker_dag.py
[2025-01-12T00:09:52.393+0000] {logging_mixin.py:137} INFO - [2025-01-12T00:09:52.393+0000] {dag.py:2690} INFO - Sync 2 DAGs
[2025-01-12T00:09:52.403+0000] {logging_mixin.py:137} INFO - [2025-01-12T00:09:52.403+0000] {dag.py:3441} INFO - Setting next_dagrun for example_external_task_marker_child to None, run_after=None
[2025-01-12T00:09:52.405+0000] {logging_mixin.py:137} INFO - [2025-01-12T00:09:52.405+0000] {dag.py:3441} INFO - Setting next_dagrun for example_external_task_marker_parent to None, run_after=None
[2025-01-12T00:09:52.413+0000] {processor.py:175} INFO - Processing /home/airflow/.local/lib/python3.7/site-packages/airflow/example_dags/example_external_task_marker_dag.py took 0.041 seconds
[2025-01-12T00:10:22.987+0000] {processor.py:153} INFO - Started process (PID=10552) to work on /home/airflow/.local/lib/python3.7/site-packages/airflow/example_dags/example_external_task_marker_dag.py
[2025-01-12T00:10:22.989+0000] {processor.py:743} INFO - Processing file /home/airflow/.local/lib/python3.7/site-packages/airflow/example_dags/example_external_task_marker_dag.py for tasks to queue
[2025-01-12T00:10:22.990+0000] {logging_mixin.py:137} INFO - [2025-01-12T00:10:22.990+0000] {dagbag.py:538} INFO - Filling up the DagBag from /home/airflow/.local/lib/python3.7/site-packages/airflow/example_dags/example_external_task_marker_dag.py
[2025-01-12T00:10:22.996+0000] {processor.py:753} INFO - DAG(s) dict_keys(['example_external_task_marker_child', 'example_external_task_marker_parent']) retrieved from /home/airflow/.local/lib/python3.7/site-packages/airflow/example_dags/example_external_task_marker_dag.py
[2025-01-12T00:10:23.006+0000] {logging_mixin.py:137} INFO - [2025-01-12T00:10:23.006+0000] {dag.py:2690} INFO - Sync 2 DAGs
[2025-01-12T00:10:23.017+0000] {logging_mixin.py:137} INFO - [2025-01-12T00:10:23.017+0000] {dag.py:3441} INFO - Setting next_dagrun for example_external_task_marker_child to None, run_after=None
[2025-01-12T00:10:23.020+0000] {logging_mixin.py:137} INFO - [2025-01-12T00:10:23.020+0000] {dag.py:3441} INFO - Setting next_dagrun for example_external_task_marker_parent to None, run_after=None
[2025-01-12T00:10:23.028+0000] {processor.py:175} INFO - Processing /home/airflow/.local/lib/python3.7/site-packages/airflow/example_dags/example_external_task_marker_dag.py took 0.043 seconds
[2025-01-12T00:10:53.868+0000] {processor.py:153} INFO - Started process (PID=10644) to work on /home/airflow/.local/lib/python3.7/site-packages/airflow/example_dags/example_external_task_marker_dag.py
[2025-01-12T00:10:53.869+0000] {processor.py:743} INFO - Processing file /home/airflow/.local/lib/python3.7/site-packages/airflow/example_dags/example_external_task_marker_dag.py for tasks to queue
[2025-01-12T00:10:53.870+0000] {logging_mixin.py:137} INFO - [2025-01-12T00:10:53.870+0000] {dagbag.py:538} INFO - Filling up the DagBag from /home/airflow/.local/lib/python3.7/site-packages/airflow/example_dags/example_external_task_marker_dag.py
[2025-01-12T00:10:53.876+0000] {processor.py:753} INFO - DAG(s) dict_keys(['example_external_task_marker_parent', 'example_external_task_marker_child']) retrieved from /home/airflow/.local/lib/python3.7/site-packages/airflow/example_dags/example_external_task_marker_dag.py
[2025-01-12T00:10:53.896+0000] {logging_mixin.py:137} INFO - [2025-01-12T00:10:53.896+0000] {dag.py:2690} INFO - Sync 2 DAGs
[2025-01-12T00:10:53.907+0000] {logging_mixin.py:137} INFO - [2025-01-12T00:10:53.907+0000] {dag.py:3441} INFO - Setting next_dagrun for example_external_task_marker_child to None, run_after=None
[2025-01-12T00:10:53.909+0000] {logging_mixin.py:137} INFO - [2025-01-12T00:10:53.909+0000] {dag.py:3441} INFO - Setting next_dagrun for example_external_task_marker_parent to None, run_after=None
[2025-01-12T00:10:53.918+0000] {processor.py:175} INFO - Processing /home/airflow/.local/lib/python3.7/site-packages/airflow/example_dags/example_external_task_marker_dag.py took 0.052 seconds
[2025-01-12T00:11:23.955+0000] {processor.py:153} INFO - Started process (PID=10736) to work on /home/airflow/.local/lib/python3.7/site-packages/airflow/example_dags/example_external_task_marker_dag.py
[2025-01-12T00:11:23.957+0000] {processor.py:743} INFO - Processing file /home/airflow/.local/lib/python3.7/site-packages/airflow/example_dags/example_external_task_marker_dag.py for tasks to queue
[2025-01-12T00:11:23.957+0000] {logging_mixin.py:137} INFO - [2025-01-12T00:11:23.957+0000] {dagbag.py:538} INFO - Filling up the DagBag from /home/airflow/.local/lib/python3.7/site-packages/airflow/example_dags/example_external_task_marker_dag.py
[2025-01-12T00:11:23.963+0000] {processor.py:753} INFO - DAG(s) dict_keys(['example_external_task_marker_parent', 'example_external_task_marker_child']) retrieved from /home/airflow/.local/lib/python3.7/site-packages/airflow/example_dags/example_external_task_marker_dag.py
[2025-01-12T00:11:23.975+0000] {logging_mixin.py:137} INFO - [2025-01-12T00:11:23.975+0000] {dag.py:2690} INFO - Sync 2 DAGs
[2025-01-12T00:11:23.988+0000] {logging_mixin.py:137} INFO - [2025-01-12T00:11:23.988+0000] {dag.py:3441} INFO - Setting next_dagrun for example_external_task_marker_child to None, run_after=None
[2025-01-12T00:11:23.989+0000] {logging_mixin.py:137} INFO - [2025-01-12T00:11:23.989+0000] {dag.py:3441} INFO - Setting next_dagrun for example_external_task_marker_parent to None, run_after=None
[2025-01-12T00:11:24.001+0000] {processor.py:175} INFO - Processing /home/airflow/.local/lib/python3.7/site-packages/airflow/example_dags/example_external_task_marker_dag.py took 0.047 seconds
[2025-01-12T00:11:54.616+0000] {processor.py:153} INFO - Started process (PID=10812) to work on /home/airflow/.local/lib/python3.7/site-packages/airflow/example_dags/example_external_task_marker_dag.py
[2025-01-12T00:11:54.617+0000] {processor.py:743} INFO - Processing file /home/airflow/.local/lib/python3.7/site-packages/airflow/example_dags/example_external_task_marker_dag.py for tasks to queue
[2025-01-12T00:11:54.617+0000] {logging_mixin.py:137} INFO - [2025-01-12T00:11:54.617+0000] {dagbag.py:538} INFO - Filling up the DagBag from /home/airflow/.local/lib/python3.7/site-packages/airflow/example_dags/example_external_task_marker_dag.py
[2025-01-12T00:11:54.623+0000] {processor.py:753} INFO - DAG(s) dict_keys(['example_external_task_marker_parent', 'example_external_task_marker_child']) retrieved from /home/airflow/.local/lib/python3.7/site-packages/airflow/example_dags/example_external_task_marker_dag.py
[2025-01-12T00:11:54.638+0000] {logging_mixin.py:137} INFO - [2025-01-12T00:11:54.637+0000] {dag.py:2690} INFO - Sync 2 DAGs
[2025-01-12T00:11:54.648+0000] {logging_mixin.py:137} INFO - [2025-01-12T00:11:54.648+0000] {dag.py:3441} INFO - Setting next_dagrun for example_external_task_marker_child to None, run_after=None
[2025-01-12T00:11:54.649+0000] {logging_mixin.py:137} INFO - [2025-01-12T00:11:54.649+0000] {dag.py:3441} INFO - Setting next_dagrun for example_external_task_marker_parent to None, run_after=None
[2025-01-12T00:11:54.657+0000] {processor.py:175} INFO - Processing /home/airflow/.local/lib/python3.7/site-packages/airflow/example_dags/example_external_task_marker_dag.py took 0.042 seconds
[2025-01-12T00:12:25.124+0000] {processor.py:153} INFO - Started process (PID=10904) to work on /home/airflow/.local/lib/python3.7/site-packages/airflow/example_dags/example_external_task_marker_dag.py
[2025-01-12T00:12:25.124+0000] {processor.py:743} INFO - Processing file /home/airflow/.local/lib/python3.7/site-packages/airflow/example_dags/example_external_task_marker_dag.py for tasks to queue
[2025-01-12T00:12:25.125+0000] {logging_mixin.py:137} INFO - [2025-01-12T00:12:25.125+0000] {dagbag.py:538} INFO - Filling up the DagBag from /home/airflow/.local/lib/python3.7/site-packages/airflow/example_dags/example_external_task_marker_dag.py
[2025-01-12T00:12:25.131+0000] {processor.py:753} INFO - DAG(s) dict_keys(['example_external_task_marker_child', 'example_external_task_marker_parent']) retrieved from /home/airflow/.local/lib/python3.7/site-packages/airflow/example_dags/example_external_task_marker_dag.py
[2025-01-12T00:12:25.144+0000] {logging_mixin.py:137} INFO - [2025-01-12T00:12:25.144+0000] {dag.py:2690} INFO - Sync 2 DAGs
[2025-01-12T00:12:25.155+0000] {logging_mixin.py:137} INFO - [2025-01-12T00:12:25.155+0000] {dag.py:3441} INFO - Setting next_dagrun for example_external_task_marker_child to None, run_after=None
[2025-01-12T00:12:25.157+0000] {logging_mixin.py:137} INFO - [2025-01-12T00:12:25.157+0000] {dag.py:3441} INFO - Setting next_dagrun for example_external_task_marker_parent to None, run_after=None
[2025-01-12T00:12:25.168+0000] {processor.py:175} INFO - Processing /home/airflow/.local/lib/python3.7/site-packages/airflow/example_dags/example_external_task_marker_dag.py took 0.046 seconds
[2025-01-12T00:12:55.713+0000] {processor.py:153} INFO - Started process (PID=10996) to work on /home/airflow/.local/lib/python3.7/site-packages/airflow/example_dags/example_external_task_marker_dag.py
[2025-01-12T00:12:55.714+0000] {processor.py:743} INFO - Processing file /home/airflow/.local/lib/python3.7/site-packages/airflow/example_dags/example_external_task_marker_dag.py for tasks to queue
[2025-01-12T00:12:55.715+0000] {logging_mixin.py:137} INFO - [2025-01-12T00:12:55.715+0000] {dagbag.py:538} INFO - Filling up the DagBag from /home/airflow/.local/lib/python3.7/site-packages/airflow/example_dags/example_external_task_marker_dag.py
[2025-01-12T00:12:55.720+0000] {processor.py:753} INFO - DAG(s) dict_keys(['example_external_task_marker_parent', 'example_external_task_marker_child']) retrieved from /home/airflow/.local/lib/python3.7/site-packages/airflow/example_dags/example_external_task_marker_dag.py
[2025-01-12T00:12:55.733+0000] {logging_mixin.py:137} INFO - [2025-01-12T00:12:55.733+0000] {dag.py:2690} INFO - Sync 2 DAGs
[2025-01-12T00:12:55.745+0000] {logging_mixin.py:137} INFO - [2025-01-12T00:12:55.745+0000] {dag.py:3441} INFO - Setting next_dagrun for example_external_task_marker_child to None, run_after=None
[2025-01-12T00:12:55.746+0000] {logging_mixin.py:137} INFO - [2025-01-12T00:12:55.746+0000] {dag.py:3441} INFO - Setting next_dagrun for example_external_task_marker_parent to None, run_after=None
[2025-01-12T00:12:55.752+0000] {processor.py:175} INFO - Processing /home/airflow/.local/lib/python3.7/site-packages/airflow/example_dags/example_external_task_marker_dag.py took 0.041 seconds
[2025-01-12T00:13:26.461+0000] {processor.py:153} INFO - Started process (PID=11087) to work on /home/airflow/.local/lib/python3.7/site-packages/airflow/example_dags/example_external_task_marker_dag.py
[2025-01-12T00:13:26.462+0000] {processor.py:743} INFO - Processing file /home/airflow/.local/lib/python3.7/site-packages/airflow/example_dags/example_external_task_marker_dag.py for tasks to queue
[2025-01-12T00:13:26.463+0000] {logging_mixin.py:137} INFO - [2025-01-12T00:13:26.462+0000] {dagbag.py:538} INFO - Filling up the DagBag from /home/airflow/.local/lib/python3.7/site-packages/airflow/example_dags/example_external_task_marker_dag.py
[2025-01-12T00:13:26.468+0000] {processor.py:753} INFO - DAG(s) dict_keys(['example_external_task_marker_child', 'example_external_task_marker_parent']) retrieved from /home/airflow/.local/lib/python3.7/site-packages/airflow/example_dags/example_external_task_marker_dag.py
[2025-01-12T00:13:26.483+0000] {logging_mixin.py:137} INFO - [2025-01-12T00:13:26.483+0000] {dag.py:2690} INFO - Sync 2 DAGs
[2025-01-12T00:13:26.493+0000] {logging_mixin.py:137} INFO - [2025-01-12T00:13:26.493+0000] {dag.py:3441} INFO - Setting next_dagrun for example_external_task_marker_child to None, run_after=None
[2025-01-12T00:13:26.496+0000] {logging_mixin.py:137} INFO - [2025-01-12T00:13:26.496+0000] {dag.py:3441} INFO - Setting next_dagrun for example_external_task_marker_parent to None, run_after=None
[2025-01-12T00:13:26.504+0000] {processor.py:175} INFO - Processing /home/airflow/.local/lib/python3.7/site-packages/airflow/example_dags/example_external_task_marker_dag.py took 0.044 seconds
[2025-01-12T00:13:57.143+0000] {processor.py:153} INFO - Started process (PID=11163) to work on /home/airflow/.local/lib/python3.7/site-packages/airflow/example_dags/example_external_task_marker_dag.py
[2025-01-12T00:13:57.144+0000] {processor.py:743} INFO - Processing file /home/airflow/.local/lib/python3.7/site-packages/airflow/example_dags/example_external_task_marker_dag.py for tasks to queue
[2025-01-12T00:13:57.146+0000] {logging_mixin.py:137} INFO - [2025-01-12T00:13:57.145+0000] {dagbag.py:538} INFO - Filling up the DagBag from /home/airflow/.local/lib/python3.7/site-packages/airflow/example_dags/example_external_task_marker_dag.py
[2025-01-12T00:13:57.152+0000] {processor.py:753} INFO - DAG(s) dict_keys(['example_external_task_marker_parent', 'example_external_task_marker_child']) retrieved from /home/airflow/.local/lib/python3.7/site-packages/airflow/example_dags/example_external_task_marker_dag.py
[2025-01-12T00:13:57.166+0000] {logging_mixin.py:137} INFO - [2025-01-12T00:13:57.166+0000] {dag.py:2690} INFO - Sync 2 DAGs
[2025-01-12T00:13:57.178+0000] {logging_mixin.py:137} INFO - [2025-01-12T00:13:57.178+0000] {dag.py:3441} INFO - Setting next_dagrun for example_external_task_marker_child to None, run_after=None
[2025-01-12T00:13:57.181+0000] {logging_mixin.py:137} INFO - [2025-01-12T00:13:57.181+0000] {dag.py:3441} INFO - Setting next_dagrun for example_external_task_marker_parent to None, run_after=None
[2025-01-12T00:13:57.193+0000] {processor.py:175} INFO - Processing /home/airflow/.local/lib/python3.7/site-packages/airflow/example_dags/example_external_task_marker_dag.py took 0.051 seconds
[2025-01-12T00:14:27.624+0000] {processor.py:153} INFO - Started process (PID=11255) to work on /home/airflow/.local/lib/python3.7/site-packages/airflow/example_dags/example_external_task_marker_dag.py
[2025-01-12T00:14:27.625+0000] {processor.py:743} INFO - Processing file /home/airflow/.local/lib/python3.7/site-packages/airflow/example_dags/example_external_task_marker_dag.py for tasks to queue
[2025-01-12T00:14:27.626+0000] {logging_mixin.py:137} INFO - [2025-01-12T00:14:27.626+0000] {dagbag.py:538} INFO - Filling up the DagBag from /home/airflow/.local/lib/python3.7/site-packages/airflow/example_dags/example_external_task_marker_dag.py
[2025-01-12T00:14:27.633+0000] {processor.py:753} INFO - DAG(s) dict_keys(['example_external_task_marker_parent', 'example_external_task_marker_child']) retrieved from /home/airflow/.local/lib/python3.7/site-packages/airflow/example_dags/example_external_task_marker_dag.py
[2025-01-12T00:14:27.644+0000] {logging_mixin.py:137} INFO - [2025-01-12T00:14:27.644+0000] {dag.py:2690} INFO - Sync 2 DAGs
[2025-01-12T00:14:27.656+0000] {logging_mixin.py:137} INFO - [2025-01-12T00:14:27.656+0000] {dag.py:3441} INFO - Setting next_dagrun for example_external_task_marker_child to None, run_after=None
[2025-01-12T00:14:27.658+0000] {logging_mixin.py:137} INFO - [2025-01-12T00:14:27.658+0000] {dag.py:3441} INFO - Setting next_dagrun for example_external_task_marker_parent to None, run_after=None
[2025-01-12T00:14:27.665+0000] {processor.py:175} INFO - Processing /home/airflow/.local/lib/python3.7/site-packages/airflow/example_dags/example_external_task_marker_dag.py took 0.042 seconds
[2025-01-12T00:14:58.108+0000] {processor.py:153} INFO - Started process (PID=11347) to work on /home/airflow/.local/lib/python3.7/site-packages/airflow/example_dags/example_external_task_marker_dag.py
[2025-01-12T00:14:58.111+0000] {processor.py:743} INFO - Processing file /home/airflow/.local/lib/python3.7/site-packages/airflow/example_dags/example_external_task_marker_dag.py for tasks to queue
[2025-01-12T00:14:58.111+0000] {logging_mixin.py:137} INFO - [2025-01-12T00:14:58.111+0000] {dagbag.py:538} INFO - Filling up the DagBag from /home/airflow/.local/lib/python3.7/site-packages/airflow/example_dags/example_external_task_marker_dag.py
[2025-01-12T00:14:58.116+0000] {processor.py:753} INFO - DAG(s) dict_keys(['example_external_task_marker_child', 'example_external_task_marker_parent']) retrieved from /home/airflow/.local/lib/python3.7/site-packages/airflow/example_dags/example_external_task_marker_dag.py
[2025-01-12T00:14:58.129+0000] {logging_mixin.py:137} INFO - [2025-01-12T00:14:58.129+0000] {dag.py:2690} INFO - Sync 2 DAGs
[2025-01-12T00:14:58.141+0000] {logging_mixin.py:137} INFO - [2025-01-12T00:14:58.140+0000] {dag.py:3441} INFO - Setting next_dagrun for example_external_task_marker_child to None, run_after=None
[2025-01-12T00:14:58.142+0000] {logging_mixin.py:137} INFO - [2025-01-12T00:14:58.142+0000] {dag.py:3441} INFO - Setting next_dagrun for example_external_task_marker_parent to None, run_after=None
[2025-01-12T00:14:58.149+0000] {processor.py:175} INFO - Processing /home/airflow/.local/lib/python3.7/site-packages/airflow/example_dags/example_external_task_marker_dag.py took 0.043 seconds
[2025-01-12T00:15:28.513+0000] {processor.py:153} INFO - Started process (PID=11439) to work on /home/airflow/.local/lib/python3.7/site-packages/airflow/example_dags/example_external_task_marker_dag.py
[2025-01-12T00:15:28.514+0000] {processor.py:743} INFO - Processing file /home/airflow/.local/lib/python3.7/site-packages/airflow/example_dags/example_external_task_marker_dag.py for tasks to queue
[2025-01-12T00:15:28.515+0000] {logging_mixin.py:137} INFO - [2025-01-12T00:15:28.515+0000] {dagbag.py:538} INFO - Filling up the DagBag from /home/airflow/.local/lib/python3.7/site-packages/airflow/example_dags/example_external_task_marker_dag.py
[2025-01-12T00:15:28.522+0000] {processor.py:753} INFO - DAG(s) dict_keys(['example_external_task_marker_parent', 'example_external_task_marker_child']) retrieved from /home/airflow/.local/lib/python3.7/site-packages/airflow/example_dags/example_external_task_marker_dag.py
[2025-01-12T00:15:28.534+0000] {logging_mixin.py:137} INFO - [2025-01-12T00:15:28.534+0000] {dag.py:2690} INFO - Sync 2 DAGs
[2025-01-12T00:15:28.544+0000] {logging_mixin.py:137} INFO - [2025-01-12T00:15:28.544+0000] {dag.py:3441} INFO - Setting next_dagrun for example_external_task_marker_child to None, run_after=None
[2025-01-12T00:15:28.547+0000] {logging_mixin.py:137} INFO - [2025-01-12T00:15:28.547+0000] {dag.py:3441} INFO - Setting next_dagrun for example_external_task_marker_parent to None, run_after=None
[2025-01-12T00:15:28.556+0000] {processor.py:175} INFO - Processing /home/airflow/.local/lib/python3.7/site-packages/airflow/example_dags/example_external_task_marker_dag.py took 0.045 seconds
[2025-01-12T00:15:59.068+0000] {processor.py:153} INFO - Started process (PID=11515) to work on /home/airflow/.local/lib/python3.7/site-packages/airflow/example_dags/example_external_task_marker_dag.py
[2025-01-12T00:15:59.068+0000] {processor.py:743} INFO - Processing file /home/airflow/.local/lib/python3.7/site-packages/airflow/example_dags/example_external_task_marker_dag.py for tasks to queue
[2025-01-12T00:15:59.068+0000] {logging_mixin.py:137} INFO - [2025-01-12T00:15:59.068+0000] {dagbag.py:538} INFO - Filling up the DagBag from /home/airflow/.local/lib/python3.7/site-packages/airflow/example_dags/example_external_task_marker_dag.py
[2025-01-12T00:15:59.074+0000] {processor.py:753} INFO - DAG(s) dict_keys(['example_external_task_marker_child', 'example_external_task_marker_parent']) retrieved from /home/airflow/.local/lib/python3.7/site-packages/airflow/example_dags/example_external_task_marker_dag.py
[2025-01-12T00:15:59.087+0000] {logging_mixin.py:137} INFO - [2025-01-12T00:15:59.087+0000] {dag.py:2690} INFO - Sync 2 DAGs
[2025-01-12T00:15:59.098+0000] {logging_mixin.py:137} INFO - [2025-01-12T00:15:59.098+0000] {dag.py:3441} INFO - Setting next_dagrun for example_external_task_marker_child to None, run_after=None
[2025-01-12T00:15:59.100+0000] {logging_mixin.py:137} INFO - [2025-01-12T00:15:59.100+0000] {dag.py:3441} INFO - Setting next_dagrun for example_external_task_marker_parent to None, run_after=None
[2025-01-12T00:15:59.107+0000] {processor.py:175} INFO - Processing /home/airflow/.local/lib/python3.7/site-packages/airflow/example_dags/example_external_task_marker_dag.py took 0.041 seconds
[2025-01-12T00:16:29.559+0000] {processor.py:153} INFO - Started process (PID=11607) to work on /home/airflow/.local/lib/python3.7/site-packages/airflow/example_dags/example_external_task_marker_dag.py
[2025-01-12T00:16:29.560+0000] {processor.py:743} INFO - Processing file /home/airflow/.local/lib/python3.7/site-packages/airflow/example_dags/example_external_task_marker_dag.py for tasks to queue
[2025-01-12T00:16:29.561+0000] {logging_mixin.py:137} INFO - [2025-01-12T00:16:29.561+0000] {dagbag.py:538} INFO - Filling up the DagBag from /home/airflow/.local/lib/python3.7/site-packages/airflow/example_dags/example_external_task_marker_dag.py
[2025-01-12T00:16:29.568+0000] {processor.py:753} INFO - DAG(s) dict_keys(['example_external_task_marker_child', 'example_external_task_marker_parent']) retrieved from /home/airflow/.local/lib/python3.7/site-packages/airflow/example_dags/example_external_task_marker_dag.py
[2025-01-12T00:16:29.581+0000] {logging_mixin.py:137} INFO - [2025-01-12T00:16:29.581+0000] {dag.py:2690} INFO - Sync 2 DAGs
[2025-01-12T00:16:29.591+0000] {logging_mixin.py:137} INFO - [2025-01-12T00:16:29.591+0000] {dag.py:3441} INFO - Setting next_dagrun for example_external_task_marker_child to None, run_after=None
[2025-01-12T00:16:29.593+0000] {logging_mixin.py:137} INFO - [2025-01-12T00:16:29.593+0000] {dag.py:3441} INFO - Setting next_dagrun for example_external_task_marker_parent to None, run_after=None
[2025-01-12T00:16:29.599+0000] {processor.py:175} INFO - Processing /home/airflow/.local/lib/python3.7/site-packages/airflow/example_dags/example_external_task_marker_dag.py took 0.041 seconds
[2025-01-12T00:17:00.104+0000] {processor.py:153} INFO - Started process (PID=11699) to work on /home/airflow/.local/lib/python3.7/site-packages/airflow/example_dags/example_external_task_marker_dag.py
[2025-01-12T00:17:00.105+0000] {processor.py:743} INFO - Processing file /home/airflow/.local/lib/python3.7/site-packages/airflow/example_dags/example_external_task_marker_dag.py for tasks to queue
[2025-01-12T00:17:00.105+0000] {logging_mixin.py:137} INFO - [2025-01-12T00:17:00.105+0000] {dagbag.py:538} INFO - Filling up the DagBag from /home/airflow/.local/lib/python3.7/site-packages/airflow/example_dags/example_external_task_marker_dag.py
[2025-01-12T00:17:00.111+0000] {processor.py:753} INFO - DAG(s) dict_keys(['example_external_task_marker_parent', 'example_external_task_marker_child']) retrieved from /home/airflow/.local/lib/python3.7/site-packages/airflow/example_dags/example_external_task_marker_dag.py
[2025-01-12T00:17:00.124+0000] {logging_mixin.py:137} INFO - [2025-01-12T00:17:00.124+0000] {dag.py:2690} INFO - Sync 2 DAGs
[2025-01-12T00:17:00.134+0000] {logging_mixin.py:137} INFO - [2025-01-12T00:17:00.134+0000] {dag.py:3441} INFO - Setting next_dagrun for example_external_task_marker_child to None, run_after=None
[2025-01-12T00:17:00.136+0000] {logging_mixin.py:137} INFO - [2025-01-12T00:17:00.136+0000] {dag.py:3441} INFO - Setting next_dagrun for example_external_task_marker_parent to None, run_after=None
[2025-01-12T00:17:00.141+0000] {processor.py:175} INFO - Processing /home/airflow/.local/lib/python3.7/site-packages/airflow/example_dags/example_external_task_marker_dag.py took 0.039 seconds
