[2025-01-12T00:00:09.112+0000] {processor.py:153} INFO - Started process (PID=8778) to work on /home/airflow/.local/lib/python3.7/site-packages/airflow/example_dags/example_branch_operator_decorator.py
[2025-01-12T00:00:09.112+0000] {processor.py:743} INFO - Processing file /home/airflow/.local/lib/python3.7/site-packages/airflow/example_dags/example_branch_operator_decorator.py for tasks to queue
[2025-01-12T00:00:09.113+0000] {logging_mixin.py:137} INFO - [2025-01-12T00:00:09.113+0000] {dagbag.py:538} INFO - Filling up the DagBag from /home/airflow/.local/lib/python3.7/site-packages/airflow/example_dags/example_branch_operator_decorator.py
[2025-01-12T00:00:09.125+0000] {processor.py:753} INFO - DAG(s) dict_keys(['example_branch_python_operator_decorator']) retrieved from /home/airflow/.local/lib/python3.7/site-packages/airflow/example_dags/example_branch_operator_decorator.py
[2025-01-12T00:00:09.138+0000] {logging_mixin.py:137} INFO - [2025-01-12T00:00:09.138+0000] {dag.py:2690} INFO - Sync 1 DAGs
[2025-01-12T00:00:09.150+0000] {logging_mixin.py:137} INFO - [2025-01-12T00:00:09.150+0000] {dag.py:3441} INFO - Setting next_dagrun for example_branch_python_operator_decorator to 2025-01-11T00:00:00+00:00, run_after=2025-01-12T00:00:00+00:00
[2025-01-12T00:00:09.158+0000] {processor.py:175} INFO - Processing /home/airflow/.local/lib/python3.7/site-packages/airflow/example_dags/example_branch_operator_decorator.py took 0.048 seconds
[2025-01-12T00:00:39.728+0000] {processor.py:153} INFO - Started process (PID=8869) to work on /home/airflow/.local/lib/python3.7/site-packages/airflow/example_dags/example_branch_operator_decorator.py
[2025-01-12T00:00:39.728+0000] {processor.py:743} INFO - Processing file /home/airflow/.local/lib/python3.7/site-packages/airflow/example_dags/example_branch_operator_decorator.py for tasks to queue
[2025-01-12T00:00:39.729+0000] {logging_mixin.py:137} INFO - [2025-01-12T00:00:39.729+0000] {dagbag.py:538} INFO - Filling up the DagBag from /home/airflow/.local/lib/python3.7/site-packages/airflow/example_dags/example_branch_operator_decorator.py
[2025-01-12T00:00:39.740+0000] {processor.py:753} INFO - DAG(s) dict_keys(['example_branch_python_operator_decorator']) retrieved from /home/airflow/.local/lib/python3.7/site-packages/airflow/example_dags/example_branch_operator_decorator.py
[2025-01-12T00:00:39.753+0000] {logging_mixin.py:137} INFO - [2025-01-12T00:00:39.753+0000] {dag.py:2690} INFO - Sync 1 DAGs
[2025-01-12T00:00:39.766+0000] {logging_mixin.py:137} INFO - [2025-01-12T00:00:39.766+0000] {dag.py:3441} INFO - Setting next_dagrun for example_branch_python_operator_decorator to 2025-01-11T00:00:00+00:00, run_after=2025-01-12T00:00:00+00:00
[2025-01-12T00:00:39.777+0000] {processor.py:175} INFO - Processing /home/airflow/.local/lib/python3.7/site-packages/airflow/example_dags/example_branch_operator_decorator.py took 0.050 seconds
[2025-01-12T00:01:10.543+0000] {processor.py:153} INFO - Started process (PID=8945) to work on /home/airflow/.local/lib/python3.7/site-packages/airflow/example_dags/example_branch_operator_decorator.py
[2025-01-12T00:01:10.546+0000] {processor.py:743} INFO - Processing file /home/airflow/.local/lib/python3.7/site-packages/airflow/example_dags/example_branch_operator_decorator.py for tasks to queue
[2025-01-12T00:01:10.548+0000] {logging_mixin.py:137} INFO - [2025-01-12T00:01:10.548+0000] {dagbag.py:538} INFO - Filling up the DagBag from /home/airflow/.local/lib/python3.7/site-packages/airflow/example_dags/example_branch_operator_decorator.py
[2025-01-12T00:01:10.562+0000] {processor.py:753} INFO - DAG(s) dict_keys(['example_branch_python_operator_decorator']) retrieved from /home/airflow/.local/lib/python3.7/site-packages/airflow/example_dags/example_branch_operator_decorator.py
[2025-01-12T00:01:10.608+0000] {logging_mixin.py:137} INFO - [2025-01-12T00:01:10.608+0000] {dag.py:2690} INFO - Sync 1 DAGs
[2025-01-12T00:01:10.623+0000] {logging_mixin.py:137} INFO - [2025-01-12T00:01:10.623+0000] {dag.py:3441} INFO - Setting next_dagrun for example_branch_python_operator_decorator to 2025-01-11T00:00:00+00:00, run_after=2025-01-12T00:00:00+00:00
[2025-01-12T00:01:10.631+0000] {processor.py:175} INFO - Processing /home/airflow/.local/lib/python3.7/site-packages/airflow/example_dags/example_branch_operator_decorator.py took 0.091 seconds
[2025-01-12T00:01:41.091+0000] {processor.py:153} INFO - Started process (PID=9037) to work on /home/airflow/.local/lib/python3.7/site-packages/airflow/example_dags/example_branch_operator_decorator.py
[2025-01-12T00:01:41.092+0000] {processor.py:743} INFO - Processing file /home/airflow/.local/lib/python3.7/site-packages/airflow/example_dags/example_branch_operator_decorator.py for tasks to queue
[2025-01-12T00:01:41.092+0000] {logging_mixin.py:137} INFO - [2025-01-12T00:01:41.092+0000] {dagbag.py:538} INFO - Filling up the DagBag from /home/airflow/.local/lib/python3.7/site-packages/airflow/example_dags/example_branch_operator_decorator.py
[2025-01-12T00:01:41.104+0000] {processor.py:753} INFO - DAG(s) dict_keys(['example_branch_python_operator_decorator']) retrieved from /home/airflow/.local/lib/python3.7/site-packages/airflow/example_dags/example_branch_operator_decorator.py
[2025-01-12T00:01:41.114+0000] {logging_mixin.py:137} INFO - [2025-01-12T00:01:41.114+0000] {dag.py:2690} INFO - Sync 1 DAGs
[2025-01-12T00:01:41.125+0000] {logging_mixin.py:137} INFO - [2025-01-12T00:01:41.124+0000] {dag.py:3441} INFO - Setting next_dagrun for example_branch_python_operator_decorator to 2025-01-11T00:00:00+00:00, run_after=2025-01-12T00:00:00+00:00
[2025-01-12T00:01:41.133+0000] {processor.py:175} INFO - Processing /home/airflow/.local/lib/python3.7/site-packages/airflow/example_dags/example_branch_operator_decorator.py took 0.043 seconds
[2025-01-12T00:02:11.628+0000] {processor.py:153} INFO - Started process (PID=9129) to work on /home/airflow/.local/lib/python3.7/site-packages/airflow/example_dags/example_branch_operator_decorator.py
[2025-01-12T00:02:11.628+0000] {processor.py:743} INFO - Processing file /home/airflow/.local/lib/python3.7/site-packages/airflow/example_dags/example_branch_operator_decorator.py for tasks to queue
[2025-01-12T00:02:11.629+0000] {logging_mixin.py:137} INFO - [2025-01-12T00:02:11.629+0000] {dagbag.py:538} INFO - Filling up the DagBag from /home/airflow/.local/lib/python3.7/site-packages/airflow/example_dags/example_branch_operator_decorator.py
[2025-01-12T00:02:11.640+0000] {processor.py:753} INFO - DAG(s) dict_keys(['example_branch_python_operator_decorator']) retrieved from /home/airflow/.local/lib/python3.7/site-packages/airflow/example_dags/example_branch_operator_decorator.py
[2025-01-12T00:02:11.650+0000] {logging_mixin.py:137} INFO - [2025-01-12T00:02:11.650+0000] {dag.py:2690} INFO - Sync 1 DAGs
[2025-01-12T00:02:11.661+0000] {logging_mixin.py:137} INFO - [2025-01-12T00:02:11.661+0000] {dag.py:3441} INFO - Setting next_dagrun for example_branch_python_operator_decorator to 2025-01-11T00:00:00+00:00, run_after=2025-01-12T00:00:00+00:00
[2025-01-12T00:02:11.668+0000] {processor.py:175} INFO - Processing /home/airflow/.local/lib/python3.7/site-packages/airflow/example_dags/example_branch_operator_decorator.py took 0.042 seconds
[2025-01-12T00:02:42.307+0000] {processor.py:153} INFO - Started process (PID=9220) to work on /home/airflow/.local/lib/python3.7/site-packages/airflow/example_dags/example_branch_operator_decorator.py
[2025-01-12T00:02:42.308+0000] {processor.py:743} INFO - Processing file /home/airflow/.local/lib/python3.7/site-packages/airflow/example_dags/example_branch_operator_decorator.py for tasks to queue
[2025-01-12T00:02:42.309+0000] {logging_mixin.py:137} INFO - [2025-01-12T00:02:42.309+0000] {dagbag.py:538} INFO - Filling up the DagBag from /home/airflow/.local/lib/python3.7/site-packages/airflow/example_dags/example_branch_operator_decorator.py
[2025-01-12T00:02:42.326+0000] {processor.py:753} INFO - DAG(s) dict_keys(['example_branch_python_operator_decorator']) retrieved from /home/airflow/.local/lib/python3.7/site-packages/airflow/example_dags/example_branch_operator_decorator.py
[2025-01-12T00:02:42.340+0000] {logging_mixin.py:137} INFO - [2025-01-12T00:02:42.340+0000] {dag.py:2690} INFO - Sync 1 DAGs
[2025-01-12T00:02:42.351+0000] {logging_mixin.py:137} INFO - [2025-01-12T00:02:42.351+0000] {dag.py:3441} INFO - Setting next_dagrun for example_branch_python_operator_decorator to 2025-01-11T00:00:00+00:00, run_after=2025-01-12T00:00:00+00:00
[2025-01-12T00:02:42.363+0000] {processor.py:175} INFO - Processing /home/airflow/.local/lib/python3.7/site-packages/airflow/example_dags/example_branch_operator_decorator.py took 0.058 seconds
[2025-01-12T00:03:12.879+0000] {processor.py:153} INFO - Started process (PID=9295) to work on /home/airflow/.local/lib/python3.7/site-packages/airflow/example_dags/example_branch_operator_decorator.py
[2025-01-12T00:03:12.879+0000] {processor.py:743} INFO - Processing file /home/airflow/.local/lib/python3.7/site-packages/airflow/example_dags/example_branch_operator_decorator.py for tasks to queue
[2025-01-12T00:03:12.879+0000] {logging_mixin.py:137} INFO - [2025-01-12T00:03:12.879+0000] {dagbag.py:538} INFO - Filling up the DagBag from /home/airflow/.local/lib/python3.7/site-packages/airflow/example_dags/example_branch_operator_decorator.py
[2025-01-12T00:03:12.891+0000] {processor.py:753} INFO - DAG(s) dict_keys(['example_branch_python_operator_decorator']) retrieved from /home/airflow/.local/lib/python3.7/site-packages/airflow/example_dags/example_branch_operator_decorator.py
[2025-01-12T00:03:12.901+0000] {logging_mixin.py:137} INFO - [2025-01-12T00:03:12.901+0000] {dag.py:2690} INFO - Sync 1 DAGs
[2025-01-12T00:03:12.913+0000] {logging_mixin.py:137} INFO - [2025-01-12T00:03:12.913+0000] {dag.py:3441} INFO - Setting next_dagrun for example_branch_python_operator_decorator to 2025-01-11T00:00:00+00:00, run_after=2025-01-12T00:00:00+00:00
[2025-01-12T00:03:12.921+0000] {processor.py:175} INFO - Processing /home/airflow/.local/lib/python3.7/site-packages/airflow/example_dags/example_branch_operator_decorator.py took 0.043 seconds
[2025-01-12T00:03:43.534+0000] {processor.py:153} INFO - Started process (PID=9386) to work on /home/airflow/.local/lib/python3.7/site-packages/airflow/example_dags/example_branch_operator_decorator.py
[2025-01-12T00:03:43.534+0000] {processor.py:743} INFO - Processing file /home/airflow/.local/lib/python3.7/site-packages/airflow/example_dags/example_branch_operator_decorator.py for tasks to queue
[2025-01-12T00:03:43.534+0000] {logging_mixin.py:137} INFO - [2025-01-12T00:03:43.534+0000] {dagbag.py:538} INFO - Filling up the DagBag from /home/airflow/.local/lib/python3.7/site-packages/airflow/example_dags/example_branch_operator_decorator.py
[2025-01-12T00:03:43.544+0000] {processor.py:753} INFO - DAG(s) dict_keys(['example_branch_python_operator_decorator']) retrieved from /home/airflow/.local/lib/python3.7/site-packages/airflow/example_dags/example_branch_operator_decorator.py
[2025-01-12T00:03:43.555+0000] {logging_mixin.py:137} INFO - [2025-01-12T00:03:43.555+0000] {dag.py:2690} INFO - Sync 1 DAGs
[2025-01-12T00:03:43.564+0000] {logging_mixin.py:137} INFO - [2025-01-12T00:03:43.564+0000] {dag.py:3441} INFO - Setting next_dagrun for example_branch_python_operator_decorator to 2025-01-11T00:00:00+00:00, run_after=2025-01-12T00:00:00+00:00
[2025-01-12T00:03:43.571+0000] {processor.py:175} INFO - Processing /home/airflow/.local/lib/python3.7/site-packages/airflow/example_dags/example_branch_operator_decorator.py took 0.039 seconds
[2025-01-12T00:04:13.968+0000] {processor.py:153} INFO - Started process (PID=9478) to work on /home/airflow/.local/lib/python3.7/site-packages/airflow/example_dags/example_branch_operator_decorator.py
[2025-01-12T00:04:13.968+0000] {processor.py:743} INFO - Processing file /home/airflow/.local/lib/python3.7/site-packages/airflow/example_dags/example_branch_operator_decorator.py for tasks to queue
[2025-01-12T00:04:13.968+0000] {logging_mixin.py:137} INFO - [2025-01-12T00:04:13.968+0000] {dagbag.py:538} INFO - Filling up the DagBag from /home/airflow/.local/lib/python3.7/site-packages/airflow/example_dags/example_branch_operator_decorator.py
[2025-01-12T00:04:13.979+0000] {processor.py:753} INFO - DAG(s) dict_keys(['example_branch_python_operator_decorator']) retrieved from /home/airflow/.local/lib/python3.7/site-packages/airflow/example_dags/example_branch_operator_decorator.py
[2025-01-12T00:04:13.991+0000] {logging_mixin.py:137} INFO - [2025-01-12T00:04:13.991+0000] {dag.py:2690} INFO - Sync 1 DAGs
[2025-01-12T00:04:14.002+0000] {logging_mixin.py:137} INFO - [2025-01-12T00:04:14.001+0000] {dag.py:3441} INFO - Setting next_dagrun for example_branch_python_operator_decorator to 2025-01-11T00:00:00+00:00, run_after=2025-01-12T00:00:00+00:00
[2025-01-12T00:04:14.008+0000] {processor.py:175} INFO - Processing /home/airflow/.local/lib/python3.7/site-packages/airflow/example_dags/example_branch_operator_decorator.py took 0.042 seconds
[2025-01-12T00:04:44.347+0000] {processor.py:153} INFO - Started process (PID=9570) to work on /home/airflow/.local/lib/python3.7/site-packages/airflow/example_dags/example_branch_operator_decorator.py
[2025-01-12T00:04:44.348+0000] {processor.py:743} INFO - Processing file /home/airflow/.local/lib/python3.7/site-packages/airflow/example_dags/example_branch_operator_decorator.py for tasks to queue
[2025-01-12T00:04:44.348+0000] {logging_mixin.py:137} INFO - [2025-01-12T00:04:44.348+0000] {dagbag.py:538} INFO - Filling up the DagBag from /home/airflow/.local/lib/python3.7/site-packages/airflow/example_dags/example_branch_operator_decorator.py
[2025-01-12T00:04:44.358+0000] {processor.py:753} INFO - DAG(s) dict_keys(['example_branch_python_operator_decorator']) retrieved from /home/airflow/.local/lib/python3.7/site-packages/airflow/example_dags/example_branch_operator_decorator.py
[2025-01-12T00:04:44.370+0000] {logging_mixin.py:137} INFO - [2025-01-12T00:04:44.369+0000] {dag.py:2690} INFO - Sync 1 DAGs
[2025-01-12T00:04:44.381+0000] {logging_mixin.py:137} INFO - [2025-01-12T00:04:44.381+0000] {dag.py:3441} INFO - Setting next_dagrun for example_branch_python_operator_decorator to 2025-01-11T00:00:00+00:00, run_after=2025-01-12T00:00:00+00:00
[2025-01-12T00:04:44.387+0000] {processor.py:175} INFO - Processing /home/airflow/.local/lib/python3.7/site-packages/airflow/example_dags/example_branch_operator_decorator.py took 0.042 seconds
[2025-01-12T00:05:14.876+0000] {processor.py:153} INFO - Started process (PID=9646) to work on /home/airflow/.local/lib/python3.7/site-packages/airflow/example_dags/example_branch_operator_decorator.py
[2025-01-12T00:05:14.876+0000] {processor.py:743} INFO - Processing file /home/airflow/.local/lib/python3.7/site-packages/airflow/example_dags/example_branch_operator_decorator.py for tasks to queue
[2025-01-12T00:05:14.877+0000] {logging_mixin.py:137} INFO - [2025-01-12T00:05:14.877+0000] {dagbag.py:538} INFO - Filling up the DagBag from /home/airflow/.local/lib/python3.7/site-packages/airflow/example_dags/example_branch_operator_decorator.py
[2025-01-12T00:05:14.886+0000] {processor.py:753} INFO - DAG(s) dict_keys(['example_branch_python_operator_decorator']) retrieved from /home/airflow/.local/lib/python3.7/site-packages/airflow/example_dags/example_branch_operator_decorator.py
[2025-01-12T00:05:14.896+0000] {logging_mixin.py:137} INFO - [2025-01-12T00:05:14.896+0000] {dag.py:2690} INFO - Sync 1 DAGs
[2025-01-12T00:05:14.905+0000] {logging_mixin.py:137} INFO - [2025-01-12T00:05:14.905+0000] {dag.py:3441} INFO - Setting next_dagrun for example_branch_python_operator_decorator to 2025-01-11T00:00:00+00:00, run_after=2025-01-12T00:00:00+00:00
[2025-01-12T00:05:14.912+0000] {processor.py:175} INFO - Processing /home/airflow/.local/lib/python3.7/site-packages/airflow/example_dags/example_branch_operator_decorator.py took 0.037 seconds
[2025-01-12T00:05:45.611+0000] {processor.py:153} INFO - Started process (PID=9738) to work on /home/airflow/.local/lib/python3.7/site-packages/airflow/example_dags/example_branch_operator_decorator.py
[2025-01-12T00:05:45.612+0000] {processor.py:743} INFO - Processing file /home/airflow/.local/lib/python3.7/site-packages/airflow/example_dags/example_branch_operator_decorator.py for tasks to queue
[2025-01-12T00:05:45.613+0000] {logging_mixin.py:137} INFO - [2025-01-12T00:05:45.613+0000] {dagbag.py:538} INFO - Filling up the DagBag from /home/airflow/.local/lib/python3.7/site-packages/airflow/example_dags/example_branch_operator_decorator.py
[2025-01-12T00:05:45.623+0000] {processor.py:753} INFO - DAG(s) dict_keys(['example_branch_python_operator_decorator']) retrieved from /home/airflow/.local/lib/python3.7/site-packages/airflow/example_dags/example_branch_operator_decorator.py
[2025-01-12T00:05:45.634+0000] {logging_mixin.py:137} INFO - [2025-01-12T00:05:45.634+0000] {dag.py:2690} INFO - Sync 1 DAGs
[2025-01-12T00:05:45.644+0000] {logging_mixin.py:137} INFO - [2025-01-12T00:05:45.644+0000] {dag.py:3441} INFO - Setting next_dagrun for example_branch_python_operator_decorator to 2025-01-11T00:00:00+00:00, run_after=2025-01-12T00:00:00+00:00
[2025-01-12T00:05:45.653+0000] {processor.py:175} INFO - Processing /home/airflow/.local/lib/python3.7/site-packages/airflow/example_dags/example_branch_operator_decorator.py took 0.043 seconds
[2025-01-12T00:06:16.259+0000] {processor.py:153} INFO - Started process (PID=9830) to work on /home/airflow/.local/lib/python3.7/site-packages/airflow/example_dags/example_branch_operator_decorator.py
[2025-01-12T00:06:16.259+0000] {processor.py:743} INFO - Processing file /home/airflow/.local/lib/python3.7/site-packages/airflow/example_dags/example_branch_operator_decorator.py for tasks to queue
[2025-01-12T00:06:16.260+0000] {logging_mixin.py:137} INFO - [2025-01-12T00:06:16.260+0000] {dagbag.py:538} INFO - Filling up the DagBag from /home/airflow/.local/lib/python3.7/site-packages/airflow/example_dags/example_branch_operator_decorator.py
[2025-01-12T00:06:16.271+0000] {processor.py:753} INFO - DAG(s) dict_keys(['example_branch_python_operator_decorator']) retrieved from /home/airflow/.local/lib/python3.7/site-packages/airflow/example_dags/example_branch_operator_decorator.py
[2025-01-12T00:06:16.287+0000] {logging_mixin.py:137} INFO - [2025-01-12T00:06:16.286+0000] {dag.py:2690} INFO - Sync 1 DAGs
[2025-01-12T00:06:16.300+0000] {logging_mixin.py:137} INFO - [2025-01-12T00:06:16.300+0000] {dag.py:3441} INFO - Setting next_dagrun for example_branch_python_operator_decorator to 2025-01-11T00:00:00+00:00, run_after=2025-01-12T00:00:00+00:00
[2025-01-12T00:06:16.312+0000] {processor.py:175} INFO - Processing /home/airflow/.local/lib/python3.7/site-packages/airflow/example_dags/example_branch_operator_decorator.py took 0.054 seconds
[2025-01-12T00:06:46.772+0000] {processor.py:153} INFO - Started process (PID=9922) to work on /home/airflow/.local/lib/python3.7/site-packages/airflow/example_dags/example_branch_operator_decorator.py
[2025-01-12T00:06:46.773+0000] {processor.py:743} INFO - Processing file /home/airflow/.local/lib/python3.7/site-packages/airflow/example_dags/example_branch_operator_decorator.py for tasks to queue
[2025-01-12T00:06:46.774+0000] {logging_mixin.py:137} INFO - [2025-01-12T00:06:46.774+0000] {dagbag.py:538} INFO - Filling up the DagBag from /home/airflow/.local/lib/python3.7/site-packages/airflow/example_dags/example_branch_operator_decorator.py
[2025-01-12T00:06:46.784+0000] {processor.py:753} INFO - DAG(s) dict_keys(['example_branch_python_operator_decorator']) retrieved from /home/airflow/.local/lib/python3.7/site-packages/airflow/example_dags/example_branch_operator_decorator.py
[2025-01-12T00:06:46.795+0000] {logging_mixin.py:137} INFO - [2025-01-12T00:06:46.795+0000] {dag.py:2690} INFO - Sync 1 DAGs
[2025-01-12T00:06:46.806+0000] {logging_mixin.py:137} INFO - [2025-01-12T00:06:46.806+0000] {dag.py:3441} INFO - Setting next_dagrun for example_branch_python_operator_decorator to 2025-01-11T00:00:00+00:00, run_after=2025-01-12T00:00:00+00:00
[2025-01-12T00:06:46.816+0000] {processor.py:175} INFO - Processing /home/airflow/.local/lib/python3.7/site-packages/airflow/example_dags/example_branch_operator_decorator.py took 0.045 seconds
[2025-01-12T00:07:17.329+0000] {processor.py:153} INFO - Started process (PID=10005) to work on /home/airflow/.local/lib/python3.7/site-packages/airflow/example_dags/example_branch_operator_decorator.py
[2025-01-12T00:07:17.330+0000] {processor.py:743} INFO - Processing file /home/airflow/.local/lib/python3.7/site-packages/airflow/example_dags/example_branch_operator_decorator.py for tasks to queue
[2025-01-12T00:07:17.330+0000] {logging_mixin.py:137} INFO - [2025-01-12T00:07:17.330+0000] {dagbag.py:538} INFO - Filling up the DagBag from /home/airflow/.local/lib/python3.7/site-packages/airflow/example_dags/example_branch_operator_decorator.py
[2025-01-12T00:07:17.341+0000] {processor.py:753} INFO - DAG(s) dict_keys(['example_branch_python_operator_decorator']) retrieved from /home/airflow/.local/lib/python3.7/site-packages/airflow/example_dags/example_branch_operator_decorator.py
[2025-01-12T00:07:17.354+0000] {logging_mixin.py:137} INFO - [2025-01-12T00:07:17.354+0000] {dag.py:2690} INFO - Sync 1 DAGs
[2025-01-12T00:07:17.367+0000] {logging_mixin.py:137} INFO - [2025-01-12T00:07:17.367+0000] {dag.py:3441} INFO - Setting next_dagrun for example_branch_python_operator_decorator to 2025-01-11T00:00:00+00:00, run_after=2025-01-12T00:00:00+00:00
[2025-01-12T00:07:17.377+0000] {processor.py:175} INFO - Processing /home/airflow/.local/lib/python3.7/site-packages/airflow/example_dags/example_branch_operator_decorator.py took 0.049 seconds
[2025-01-12T00:07:47.938+0000] {processor.py:153} INFO - Started process (PID=10089) to work on /home/airflow/.local/lib/python3.7/site-packages/airflow/example_dags/example_branch_operator_decorator.py
[2025-01-12T00:07:47.938+0000] {processor.py:743} INFO - Processing file /home/airflow/.local/lib/python3.7/site-packages/airflow/example_dags/example_branch_operator_decorator.py for tasks to queue
[2025-01-12T00:07:47.938+0000] {logging_mixin.py:137} INFO - [2025-01-12T00:07:47.938+0000] {dagbag.py:538} INFO - Filling up the DagBag from /home/airflow/.local/lib/python3.7/site-packages/airflow/example_dags/example_branch_operator_decorator.py
[2025-01-12T00:07:47.948+0000] {processor.py:753} INFO - DAG(s) dict_keys(['example_branch_python_operator_decorator']) retrieved from /home/airflow/.local/lib/python3.7/site-packages/airflow/example_dags/example_branch_operator_decorator.py
[2025-01-12T00:07:47.961+0000] {logging_mixin.py:137} INFO - [2025-01-12T00:07:47.961+0000] {dag.py:2690} INFO - Sync 1 DAGs
[2025-01-12T00:07:47.974+0000] {logging_mixin.py:137} INFO - [2025-01-12T00:07:47.973+0000] {dag.py:3441} INFO - Setting next_dagrun for example_branch_python_operator_decorator to 2025-01-11T00:00:00+00:00, run_after=2025-01-12T00:00:00+00:00
[2025-01-12T00:07:47.981+0000] {processor.py:175} INFO - Processing /home/airflow/.local/lib/python3.7/site-packages/airflow/example_dags/example_branch_operator_decorator.py took 0.045 seconds
[2025-01-12T00:08:18.481+0000] {processor.py:153} INFO - Started process (PID=10181) to work on /home/airflow/.local/lib/python3.7/site-packages/airflow/example_dags/example_branch_operator_decorator.py
[2025-01-12T00:08:18.482+0000] {processor.py:743} INFO - Processing file /home/airflow/.local/lib/python3.7/site-packages/airflow/example_dags/example_branch_operator_decorator.py for tasks to queue
[2025-01-12T00:08:18.482+0000] {logging_mixin.py:137} INFO - [2025-01-12T00:08:18.482+0000] {dagbag.py:538} INFO - Filling up the DagBag from /home/airflow/.local/lib/python3.7/site-packages/airflow/example_dags/example_branch_operator_decorator.py
[2025-01-12T00:08:18.492+0000] {processor.py:753} INFO - DAG(s) dict_keys(['example_branch_python_operator_decorator']) retrieved from /home/airflow/.local/lib/python3.7/site-packages/airflow/example_dags/example_branch_operator_decorator.py
[2025-01-12T00:08:18.505+0000] {logging_mixin.py:137} INFO - [2025-01-12T00:08:18.505+0000] {dag.py:2690} INFO - Sync 1 DAGs
[2025-01-12T00:08:18.515+0000] {logging_mixin.py:137} INFO - [2025-01-12T00:08:18.515+0000] {dag.py:3441} INFO - Setting next_dagrun for example_branch_python_operator_decorator to 2025-01-11T00:00:00+00:00, run_after=2025-01-12T00:00:00+00:00
[2025-01-12T00:08:18.522+0000] {processor.py:175} INFO - Processing /home/airflow/.local/lib/python3.7/site-packages/airflow/example_dags/example_branch_operator_decorator.py took 0.043 seconds
[2025-01-12T00:08:49.128+0000] {processor.py:153} INFO - Started process (PID=10273) to work on /home/airflow/.local/lib/python3.7/site-packages/airflow/example_dags/example_branch_operator_decorator.py
[2025-01-12T00:08:49.129+0000] {processor.py:743} INFO - Processing file /home/airflow/.local/lib/python3.7/site-packages/airflow/example_dags/example_branch_operator_decorator.py for tasks to queue
[2025-01-12T00:08:49.130+0000] {logging_mixin.py:137} INFO - [2025-01-12T00:08:49.130+0000] {dagbag.py:538} INFO - Filling up the DagBag from /home/airflow/.local/lib/python3.7/site-packages/airflow/example_dags/example_branch_operator_decorator.py
[2025-01-12T00:08:49.140+0000] {processor.py:753} INFO - DAG(s) dict_keys(['example_branch_python_operator_decorator']) retrieved from /home/airflow/.local/lib/python3.7/site-packages/airflow/example_dags/example_branch_operator_decorator.py
[2025-01-12T00:08:49.155+0000] {logging_mixin.py:137} INFO - [2025-01-12T00:08:49.155+0000] {dag.py:2690} INFO - Sync 1 DAGs
[2025-01-12T00:08:49.165+0000] {logging_mixin.py:137} INFO - [2025-01-12T00:08:49.165+0000] {dag.py:3441} INFO - Setting next_dagrun for example_branch_python_operator_decorator to 2025-01-11T00:00:00+00:00, run_after=2025-01-12T00:00:00+00:00
[2025-01-12T00:08:49.175+0000] {processor.py:175} INFO - Processing /home/airflow/.local/lib/python3.7/site-packages/airflow/example_dags/example_branch_operator_decorator.py took 0.048 seconds
[2025-01-12T00:09:20.034+0000] {processor.py:153} INFO - Started process (PID=10357) to work on /home/airflow/.local/lib/python3.7/site-packages/airflow/example_dags/example_branch_operator_decorator.py
[2025-01-12T00:09:20.035+0000] {processor.py:743} INFO - Processing file /home/airflow/.local/lib/python3.7/site-packages/airflow/example_dags/example_branch_operator_decorator.py for tasks to queue
[2025-01-12T00:09:20.036+0000] {logging_mixin.py:137} INFO - [2025-01-12T00:09:20.035+0000] {dagbag.py:538} INFO - Filling up the DagBag from /home/airflow/.local/lib/python3.7/site-packages/airflow/example_dags/example_branch_operator_decorator.py
[2025-01-12T00:09:20.049+0000] {processor.py:753} INFO - DAG(s) dict_keys(['example_branch_python_operator_decorator']) retrieved from /home/airflow/.local/lib/python3.7/site-packages/airflow/example_dags/example_branch_operator_decorator.py
[2025-01-12T00:09:20.063+0000] {logging_mixin.py:137} INFO - [2025-01-12T00:09:20.063+0000] {dag.py:2690} INFO - Sync 1 DAGs
[2025-01-12T00:09:20.076+0000] {logging_mixin.py:137} INFO - [2025-01-12T00:09:20.076+0000] {dag.py:3441} INFO - Setting next_dagrun for example_branch_python_operator_decorator to 2025-01-11T00:00:00+00:00, run_after=2025-01-12T00:00:00+00:00
[2025-01-12T00:09:20.090+0000] {processor.py:175} INFO - Processing /home/airflow/.local/lib/python3.7/site-packages/airflow/example_dags/example_branch_operator_decorator.py took 0.057 seconds
[2025-01-12T00:09:50.770+0000] {processor.py:153} INFO - Started process (PID=10440) to work on /home/airflow/.local/lib/python3.7/site-packages/airflow/example_dags/example_branch_operator_decorator.py
[2025-01-12T00:09:50.771+0000] {processor.py:743} INFO - Processing file /home/airflow/.local/lib/python3.7/site-packages/airflow/example_dags/example_branch_operator_decorator.py for tasks to queue
[2025-01-12T00:09:50.772+0000] {logging_mixin.py:137} INFO - [2025-01-12T00:09:50.772+0000] {dagbag.py:538} INFO - Filling up the DagBag from /home/airflow/.local/lib/python3.7/site-packages/airflow/example_dags/example_branch_operator_decorator.py
[2025-01-12T00:09:50.783+0000] {processor.py:753} INFO - DAG(s) dict_keys(['example_branch_python_operator_decorator']) retrieved from /home/airflow/.local/lib/python3.7/site-packages/airflow/example_dags/example_branch_operator_decorator.py
[2025-01-12T00:09:50.794+0000] {logging_mixin.py:137} INFO - [2025-01-12T00:09:50.793+0000] {dag.py:2690} INFO - Sync 1 DAGs
[2025-01-12T00:09:50.805+0000] {logging_mixin.py:137} INFO - [2025-01-12T00:09:50.804+0000] {dag.py:3441} INFO - Setting next_dagrun for example_branch_python_operator_decorator to 2025-01-11T00:00:00+00:00, run_after=2025-01-12T00:00:00+00:00
[2025-01-12T00:09:50.814+0000] {processor.py:175} INFO - Processing /home/airflow/.local/lib/python3.7/site-packages/airflow/example_dags/example_branch_operator_decorator.py took 0.046 seconds
[2025-01-12T00:10:21.340+0000] {processor.py:153} INFO - Started process (PID=10532) to work on /home/airflow/.local/lib/python3.7/site-packages/airflow/example_dags/example_branch_operator_decorator.py
[2025-01-12T00:10:21.341+0000] {processor.py:743} INFO - Processing file /home/airflow/.local/lib/python3.7/site-packages/airflow/example_dags/example_branch_operator_decorator.py for tasks to queue
[2025-01-12T00:10:21.342+0000] {logging_mixin.py:137} INFO - [2025-01-12T00:10:21.342+0000] {dagbag.py:538} INFO - Filling up the DagBag from /home/airflow/.local/lib/python3.7/site-packages/airflow/example_dags/example_branch_operator_decorator.py
[2025-01-12T00:10:21.353+0000] {processor.py:753} INFO - DAG(s) dict_keys(['example_branch_python_operator_decorator']) retrieved from /home/airflow/.local/lib/python3.7/site-packages/airflow/example_dags/example_branch_operator_decorator.py
[2025-01-12T00:10:21.365+0000] {logging_mixin.py:137} INFO - [2025-01-12T00:10:21.365+0000] {dag.py:2690} INFO - Sync 1 DAGs
[2025-01-12T00:10:21.377+0000] {logging_mixin.py:137} INFO - [2025-01-12T00:10:21.377+0000] {dag.py:3441} INFO - Setting next_dagrun for example_branch_python_operator_decorator to 2025-01-11T00:00:00+00:00, run_after=2025-01-12T00:00:00+00:00
[2025-01-12T00:10:21.384+0000] {processor.py:175} INFO - Processing /home/airflow/.local/lib/python3.7/site-packages/airflow/example_dags/example_branch_operator_decorator.py took 0.045 seconds
[2025-01-12T00:10:52.017+0000] {processor.py:153} INFO - Started process (PID=10624) to work on /home/airflow/.local/lib/python3.7/site-packages/airflow/example_dags/example_branch_operator_decorator.py
[2025-01-12T00:10:52.018+0000] {processor.py:743} INFO - Processing file /home/airflow/.local/lib/python3.7/site-packages/airflow/example_dags/example_branch_operator_decorator.py for tasks to queue
[2025-01-12T00:10:52.019+0000] {logging_mixin.py:137} INFO - [2025-01-12T00:10:52.019+0000] {dagbag.py:538} INFO - Filling up the DagBag from /home/airflow/.local/lib/python3.7/site-packages/airflow/example_dags/example_branch_operator_decorator.py
[2025-01-12T00:10:52.032+0000] {processor.py:753} INFO - DAG(s) dict_keys(['example_branch_python_operator_decorator']) retrieved from /home/airflow/.local/lib/python3.7/site-packages/airflow/example_dags/example_branch_operator_decorator.py
[2025-01-12T00:10:52.045+0000] {logging_mixin.py:137} INFO - [2025-01-12T00:10:52.045+0000] {dag.py:2690} INFO - Sync 1 DAGs
[2025-01-12T00:10:52.057+0000] {logging_mixin.py:137} INFO - [2025-01-12T00:10:52.057+0000] {dag.py:3441} INFO - Setting next_dagrun for example_branch_python_operator_decorator to 2025-01-11T00:00:00+00:00, run_after=2025-01-12T00:00:00+00:00
[2025-01-12T00:10:52.066+0000] {processor.py:175} INFO - Processing /home/airflow/.local/lib/python3.7/site-packages/airflow/example_dags/example_branch_operator_decorator.py took 0.051 seconds
[2025-01-12T00:11:23.263+0000] {processor.py:153} INFO - Started process (PID=10716) to work on /home/airflow/.local/lib/python3.7/site-packages/airflow/example_dags/example_branch_operator_decorator.py
[2025-01-12T00:11:23.264+0000] {processor.py:743} INFO - Processing file /home/airflow/.local/lib/python3.7/site-packages/airflow/example_dags/example_branch_operator_decorator.py for tasks to queue
[2025-01-12T00:11:23.265+0000] {logging_mixin.py:137} INFO - [2025-01-12T00:11:23.265+0000] {dagbag.py:538} INFO - Filling up the DagBag from /home/airflow/.local/lib/python3.7/site-packages/airflow/example_dags/example_branch_operator_decorator.py
[2025-01-12T00:11:23.283+0000] {processor.py:753} INFO - DAG(s) dict_keys(['example_branch_python_operator_decorator']) retrieved from /home/airflow/.local/lib/python3.7/site-packages/airflow/example_dags/example_branch_operator_decorator.py
[2025-01-12T00:11:23.302+0000] {logging_mixin.py:137} INFO - [2025-01-12T00:11:23.302+0000] {dag.py:2690} INFO - Sync 1 DAGs
[2025-01-12T00:11:23.323+0000] {logging_mixin.py:137} INFO - [2025-01-12T00:11:23.323+0000] {dag.py:3441} INFO - Setting next_dagrun for example_branch_python_operator_decorator to 2025-01-11T00:00:00+00:00, run_after=2025-01-12T00:00:00+00:00
[2025-01-12T00:11:23.347+0000] {processor.py:175} INFO - Processing /home/airflow/.local/lib/python3.7/site-packages/airflow/example_dags/example_branch_operator_decorator.py took 0.088 seconds
[2025-01-12T00:11:54.005+0000] {processor.py:153} INFO - Started process (PID=10792) to work on /home/airflow/.local/lib/python3.7/site-packages/airflow/example_dags/example_branch_operator_decorator.py
[2025-01-12T00:11:54.007+0000] {processor.py:743} INFO - Processing file /home/airflow/.local/lib/python3.7/site-packages/airflow/example_dags/example_branch_operator_decorator.py for tasks to queue
[2025-01-12T00:11:54.008+0000] {logging_mixin.py:137} INFO - [2025-01-12T00:11:54.008+0000] {dagbag.py:538} INFO - Filling up the DagBag from /home/airflow/.local/lib/python3.7/site-packages/airflow/example_dags/example_branch_operator_decorator.py
[2025-01-12T00:11:54.019+0000] {processor.py:753} INFO - DAG(s) dict_keys(['example_branch_python_operator_decorator']) retrieved from /home/airflow/.local/lib/python3.7/site-packages/airflow/example_dags/example_branch_operator_decorator.py
[2025-01-12T00:11:54.032+0000] {logging_mixin.py:137} INFO - [2025-01-12T00:11:54.032+0000] {dag.py:2690} INFO - Sync 1 DAGs
[2025-01-12T00:11:54.043+0000] {logging_mixin.py:137} INFO - [2025-01-12T00:11:54.043+0000] {dag.py:3441} INFO - Setting next_dagrun for example_branch_python_operator_decorator to 2025-01-11T00:00:00+00:00, run_after=2025-01-12T00:00:00+00:00
[2025-01-12T00:11:54.055+0000] {processor.py:175} INFO - Processing /home/airflow/.local/lib/python3.7/site-packages/airflow/example_dags/example_branch_operator_decorator.py took 0.052 seconds
[2025-01-12T00:12:24.533+0000] {processor.py:153} INFO - Started process (PID=10884) to work on /home/airflow/.local/lib/python3.7/site-packages/airflow/example_dags/example_branch_operator_decorator.py
[2025-01-12T00:12:24.534+0000] {processor.py:743} INFO - Processing file /home/airflow/.local/lib/python3.7/site-packages/airflow/example_dags/example_branch_operator_decorator.py for tasks to queue
[2025-01-12T00:12:24.534+0000] {logging_mixin.py:137} INFO - [2025-01-12T00:12:24.534+0000] {dagbag.py:538} INFO - Filling up the DagBag from /home/airflow/.local/lib/python3.7/site-packages/airflow/example_dags/example_branch_operator_decorator.py
[2025-01-12T00:12:24.546+0000] {processor.py:753} INFO - DAG(s) dict_keys(['example_branch_python_operator_decorator']) retrieved from /home/airflow/.local/lib/python3.7/site-packages/airflow/example_dags/example_branch_operator_decorator.py
[2025-01-12T00:12:24.560+0000] {logging_mixin.py:137} INFO - [2025-01-12T00:12:24.560+0000] {dag.py:2690} INFO - Sync 1 DAGs
[2025-01-12T00:12:24.575+0000] {logging_mixin.py:137} INFO - [2025-01-12T00:12:24.575+0000] {dag.py:3441} INFO - Setting next_dagrun for example_branch_python_operator_decorator to 2025-01-11T00:00:00+00:00, run_after=2025-01-12T00:00:00+00:00
[2025-01-12T00:12:24.582+0000] {processor.py:175} INFO - Processing /home/airflow/.local/lib/python3.7/site-packages/airflow/example_dags/example_branch_operator_decorator.py took 0.051 seconds
[2025-01-12T00:12:55.147+0000] {processor.py:153} INFO - Started process (PID=10976) to work on /home/airflow/.local/lib/python3.7/site-packages/airflow/example_dags/example_branch_operator_decorator.py
[2025-01-12T00:12:55.148+0000] {processor.py:743} INFO - Processing file /home/airflow/.local/lib/python3.7/site-packages/airflow/example_dags/example_branch_operator_decorator.py for tasks to queue
[2025-01-12T00:12:55.149+0000] {logging_mixin.py:137} INFO - [2025-01-12T00:12:55.149+0000] {dagbag.py:538} INFO - Filling up the DagBag from /home/airflow/.local/lib/python3.7/site-packages/airflow/example_dags/example_branch_operator_decorator.py
[2025-01-12T00:12:55.160+0000] {processor.py:753} INFO - DAG(s) dict_keys(['example_branch_python_operator_decorator']) retrieved from /home/airflow/.local/lib/python3.7/site-packages/airflow/example_dags/example_branch_operator_decorator.py
[2025-01-12T00:12:55.171+0000] {logging_mixin.py:137} INFO - [2025-01-12T00:12:55.171+0000] {dag.py:2690} INFO - Sync 1 DAGs
[2025-01-12T00:12:55.183+0000] {logging_mixin.py:137} INFO - [2025-01-12T00:12:55.183+0000] {dag.py:3441} INFO - Setting next_dagrun for example_branch_python_operator_decorator to 2025-01-11T00:00:00+00:00, run_after=2025-01-12T00:00:00+00:00
[2025-01-12T00:12:55.192+0000] {processor.py:175} INFO - Processing /home/airflow/.local/lib/python3.7/site-packages/airflow/example_dags/example_branch_operator_decorator.py took 0.046 seconds
[2025-01-12T00:13:25.819+0000] {processor.py:153} INFO - Started process (PID=11067) to work on /home/airflow/.local/lib/python3.7/site-packages/airflow/example_dags/example_branch_operator_decorator.py
[2025-01-12T00:13:25.820+0000] {processor.py:743} INFO - Processing file /home/airflow/.local/lib/python3.7/site-packages/airflow/example_dags/example_branch_operator_decorator.py for tasks to queue
[2025-01-12T00:13:25.820+0000] {logging_mixin.py:137} INFO - [2025-01-12T00:13:25.820+0000] {dagbag.py:538} INFO - Filling up the DagBag from /home/airflow/.local/lib/python3.7/site-packages/airflow/example_dags/example_branch_operator_decorator.py
[2025-01-12T00:13:25.833+0000] {processor.py:753} INFO - DAG(s) dict_keys(['example_branch_python_operator_decorator']) retrieved from /home/airflow/.local/lib/python3.7/site-packages/airflow/example_dags/example_branch_operator_decorator.py
[2025-01-12T00:13:25.849+0000] {logging_mixin.py:137} INFO - [2025-01-12T00:13:25.849+0000] {dag.py:2690} INFO - Sync 1 DAGs
[2025-01-12T00:13:25.861+0000] {logging_mixin.py:137} INFO - [2025-01-12T00:13:25.861+0000] {dag.py:3441} INFO - Setting next_dagrun for example_branch_python_operator_decorator to 2025-01-11T00:00:00+00:00, run_after=2025-01-12T00:00:00+00:00
[2025-01-12T00:13:25.869+0000] {processor.py:175} INFO - Processing /home/airflow/.local/lib/python3.7/site-packages/airflow/example_dags/example_branch_operator_decorator.py took 0.052 seconds
[2025-01-12T00:13:56.480+0000] {processor.py:153} INFO - Started process (PID=11143) to work on /home/airflow/.local/lib/python3.7/site-packages/airflow/example_dags/example_branch_operator_decorator.py
[2025-01-12T00:13:56.481+0000] {processor.py:743} INFO - Processing file /home/airflow/.local/lib/python3.7/site-packages/airflow/example_dags/example_branch_operator_decorator.py for tasks to queue
[2025-01-12T00:13:56.482+0000] {logging_mixin.py:137} INFO - [2025-01-12T00:13:56.482+0000] {dagbag.py:538} INFO - Filling up the DagBag from /home/airflow/.local/lib/python3.7/site-packages/airflow/example_dags/example_branch_operator_decorator.py
[2025-01-12T00:13:56.493+0000] {processor.py:753} INFO - DAG(s) dict_keys(['example_branch_python_operator_decorator']) retrieved from /home/airflow/.local/lib/python3.7/site-packages/airflow/example_dags/example_branch_operator_decorator.py
[2025-01-12T00:13:56.505+0000] {logging_mixin.py:137} INFO - [2025-01-12T00:13:56.505+0000] {dag.py:2690} INFO - Sync 1 DAGs
[2025-01-12T00:13:56.517+0000] {logging_mixin.py:137} INFO - [2025-01-12T00:13:56.517+0000] {dag.py:3441} INFO - Setting next_dagrun for example_branch_python_operator_decorator to 2025-01-11T00:00:00+00:00, run_after=2025-01-12T00:00:00+00:00
[2025-01-12T00:13:56.526+0000] {processor.py:175} INFO - Processing /home/airflow/.local/lib/python3.7/site-packages/airflow/example_dags/example_branch_operator_decorator.py took 0.048 seconds
[2025-01-12T00:14:27.053+0000] {processor.py:153} INFO - Started process (PID=11235) to work on /home/airflow/.local/lib/python3.7/site-packages/airflow/example_dags/example_branch_operator_decorator.py
[2025-01-12T00:14:27.053+0000] {processor.py:743} INFO - Processing file /home/airflow/.local/lib/python3.7/site-packages/airflow/example_dags/example_branch_operator_decorator.py for tasks to queue
[2025-01-12T00:14:27.054+0000] {logging_mixin.py:137} INFO - [2025-01-12T00:14:27.053+0000] {dagbag.py:538} INFO - Filling up the DagBag from /home/airflow/.local/lib/python3.7/site-packages/airflow/example_dags/example_branch_operator_decorator.py
[2025-01-12T00:14:27.064+0000] {processor.py:753} INFO - DAG(s) dict_keys(['example_branch_python_operator_decorator']) retrieved from /home/airflow/.local/lib/python3.7/site-packages/airflow/example_dags/example_branch_operator_decorator.py
[2025-01-12T00:14:27.075+0000] {logging_mixin.py:137} INFO - [2025-01-12T00:14:27.074+0000] {dag.py:2690} INFO - Sync 1 DAGs
[2025-01-12T00:14:27.085+0000] {logging_mixin.py:137} INFO - [2025-01-12T00:14:27.085+0000] {dag.py:3441} INFO - Setting next_dagrun for example_branch_python_operator_decorator to 2025-01-11T00:00:00+00:00, run_after=2025-01-12T00:00:00+00:00
[2025-01-12T00:14:27.095+0000] {processor.py:175} INFO - Processing /home/airflow/.local/lib/python3.7/site-packages/airflow/example_dags/example_branch_operator_decorator.py took 0.043 seconds
[2025-01-12T00:14:57.569+0000] {processor.py:153} INFO - Started process (PID=11327) to work on /home/airflow/.local/lib/python3.7/site-packages/airflow/example_dags/example_branch_operator_decorator.py
[2025-01-12T00:14:57.571+0000] {processor.py:743} INFO - Processing file /home/airflow/.local/lib/python3.7/site-packages/airflow/example_dags/example_branch_operator_decorator.py for tasks to queue
[2025-01-12T00:14:57.571+0000] {logging_mixin.py:137} INFO - [2025-01-12T00:14:57.571+0000] {dagbag.py:538} INFO - Filling up the DagBag from /home/airflow/.local/lib/python3.7/site-packages/airflow/example_dags/example_branch_operator_decorator.py
[2025-01-12T00:14:57.584+0000] {processor.py:753} INFO - DAG(s) dict_keys(['example_branch_python_operator_decorator']) retrieved from /home/airflow/.local/lib/python3.7/site-packages/airflow/example_dags/example_branch_operator_decorator.py
[2025-01-12T00:14:57.598+0000] {logging_mixin.py:137} INFO - [2025-01-12T00:14:57.597+0000] {dag.py:2690} INFO - Sync 1 DAGs
[2025-01-12T00:14:57.608+0000] {logging_mixin.py:137} INFO - [2025-01-12T00:14:57.608+0000] {dag.py:3441} INFO - Setting next_dagrun for example_branch_python_operator_decorator to 2025-01-11T00:00:00+00:00, run_after=2025-01-12T00:00:00+00:00
[2025-01-12T00:14:57.620+0000] {processor.py:175} INFO - Processing /home/airflow/.local/lib/python3.7/site-packages/airflow/example_dags/example_branch_operator_decorator.py took 0.053 seconds
[2025-01-12T00:15:27.988+0000] {processor.py:153} INFO - Started process (PID=11419) to work on /home/airflow/.local/lib/python3.7/site-packages/airflow/example_dags/example_branch_operator_decorator.py
[2025-01-12T00:15:27.989+0000] {processor.py:743} INFO - Processing file /home/airflow/.local/lib/python3.7/site-packages/airflow/example_dags/example_branch_operator_decorator.py for tasks to queue
[2025-01-12T00:15:27.989+0000] {logging_mixin.py:137} INFO - [2025-01-12T00:15:27.989+0000] {dagbag.py:538} INFO - Filling up the DagBag from /home/airflow/.local/lib/python3.7/site-packages/airflow/example_dags/example_branch_operator_decorator.py
[2025-01-12T00:15:28.002+0000] {processor.py:753} INFO - DAG(s) dict_keys(['example_branch_python_operator_decorator']) retrieved from /home/airflow/.local/lib/python3.7/site-packages/airflow/example_dags/example_branch_operator_decorator.py
[2025-01-12T00:15:28.012+0000] {logging_mixin.py:137} INFO - [2025-01-12T00:15:28.012+0000] {dag.py:2690} INFO - Sync 1 DAGs
[2025-01-12T00:15:28.023+0000] {logging_mixin.py:137} INFO - [2025-01-12T00:15:28.023+0000] {dag.py:3441} INFO - Setting next_dagrun for example_branch_python_operator_decorator to 2025-01-11T00:00:00+00:00, run_after=2025-01-12T00:00:00+00:00
[2025-01-12T00:15:28.030+0000] {processor.py:175} INFO - Processing /home/airflow/.local/lib/python3.7/site-packages/airflow/example_dags/example_branch_operator_decorator.py took 0.043 seconds
[2025-01-12T00:15:58.486+0000] {processor.py:153} INFO - Started process (PID=11495) to work on /home/airflow/.local/lib/python3.7/site-packages/airflow/example_dags/example_branch_operator_decorator.py
[2025-01-12T00:15:58.488+0000] {processor.py:743} INFO - Processing file /home/airflow/.local/lib/python3.7/site-packages/airflow/example_dags/example_branch_operator_decorator.py for tasks to queue
[2025-01-12T00:15:58.488+0000] {logging_mixin.py:137} INFO - [2025-01-12T00:15:58.488+0000] {dagbag.py:538} INFO - Filling up the DagBag from /home/airflow/.local/lib/python3.7/site-packages/airflow/example_dags/example_branch_operator_decorator.py
[2025-01-12T00:15:58.498+0000] {processor.py:753} INFO - DAG(s) dict_keys(['example_branch_python_operator_decorator']) retrieved from /home/airflow/.local/lib/python3.7/site-packages/airflow/example_dags/example_branch_operator_decorator.py
[2025-01-12T00:15:58.512+0000] {logging_mixin.py:137} INFO - [2025-01-12T00:15:58.512+0000] {dag.py:2690} INFO - Sync 1 DAGs
[2025-01-12T00:15:58.523+0000] {logging_mixin.py:137} INFO - [2025-01-12T00:15:58.523+0000] {dag.py:3441} INFO - Setting next_dagrun for example_branch_python_operator_decorator to 2025-01-11T00:00:00+00:00, run_after=2025-01-12T00:00:00+00:00
[2025-01-12T00:15:58.529+0000] {processor.py:175} INFO - Processing /home/airflow/.local/lib/python3.7/site-packages/airflow/example_dags/example_branch_operator_decorator.py took 0.044 seconds
[2025-01-12T00:16:29.009+0000] {processor.py:153} INFO - Started process (PID=11587) to work on /home/airflow/.local/lib/python3.7/site-packages/airflow/example_dags/example_branch_operator_decorator.py
[2025-01-12T00:16:29.009+0000] {processor.py:743} INFO - Processing file /home/airflow/.local/lib/python3.7/site-packages/airflow/example_dags/example_branch_operator_decorator.py for tasks to queue
[2025-01-12T00:16:29.010+0000] {logging_mixin.py:137} INFO - [2025-01-12T00:16:29.010+0000] {dagbag.py:538} INFO - Filling up the DagBag from /home/airflow/.local/lib/python3.7/site-packages/airflow/example_dags/example_branch_operator_decorator.py
[2025-01-12T00:16:29.021+0000] {processor.py:753} INFO - DAG(s) dict_keys(['example_branch_python_operator_decorator']) retrieved from /home/airflow/.local/lib/python3.7/site-packages/airflow/example_dags/example_branch_operator_decorator.py
[2025-01-12T00:16:29.032+0000] {logging_mixin.py:137} INFO - [2025-01-12T00:16:29.032+0000] {dag.py:2690} INFO - Sync 1 DAGs
[2025-01-12T00:16:29.044+0000] {logging_mixin.py:137} INFO - [2025-01-12T00:16:29.044+0000] {dag.py:3441} INFO - Setting next_dagrun for example_branch_python_operator_decorator to 2025-01-11T00:00:00+00:00, run_after=2025-01-12T00:00:00+00:00
[2025-01-12T00:16:29.054+0000] {processor.py:175} INFO - Processing /home/airflow/.local/lib/python3.7/site-packages/airflow/example_dags/example_branch_operator_decorator.py took 0.046 seconds
[2025-01-12T00:16:59.527+0000] {processor.py:153} INFO - Started process (PID=11679) to work on /home/airflow/.local/lib/python3.7/site-packages/airflow/example_dags/example_branch_operator_decorator.py
[2025-01-12T00:16:59.528+0000] {processor.py:743} INFO - Processing file /home/airflow/.local/lib/python3.7/site-packages/airflow/example_dags/example_branch_operator_decorator.py for tasks to queue
[2025-01-12T00:16:59.528+0000] {logging_mixin.py:137} INFO - [2025-01-12T00:16:59.528+0000] {dagbag.py:538} INFO - Filling up the DagBag from /home/airflow/.local/lib/python3.7/site-packages/airflow/example_dags/example_branch_operator_decorator.py
[2025-01-12T00:16:59.539+0000] {processor.py:753} INFO - DAG(s) dict_keys(['example_branch_python_operator_decorator']) retrieved from /home/airflow/.local/lib/python3.7/site-packages/airflow/example_dags/example_branch_operator_decorator.py
[2025-01-12T00:16:59.550+0000] {logging_mixin.py:137} INFO - [2025-01-12T00:16:59.550+0000] {dag.py:2690} INFO - Sync 1 DAGs
[2025-01-12T00:16:59.561+0000] {logging_mixin.py:137} INFO - [2025-01-12T00:16:59.561+0000] {dag.py:3441} INFO - Setting next_dagrun for example_branch_python_operator_decorator to 2025-01-11T00:00:00+00:00, run_after=2025-01-12T00:00:00+00:00
[2025-01-12T00:16:59.571+0000] {processor.py:175} INFO - Processing /home/airflow/.local/lib/python3.7/site-packages/airflow/example_dags/example_branch_operator_decorator.py took 0.045 seconds
