[2025-01-12T00:00:10.992+0000] {processor.py:153} INFO - Started process (PID=8808) to work on /home/airflow/.local/lib/python3.7/site-packages/airflow/example_dags/example_branch_labels.py
[2025-01-12T00:00:10.992+0000] {processor.py:743} INFO - Processing file /home/airflow/.local/lib/python3.7/site-packages/airflow/example_dags/example_branch_labels.py for tasks to queue
[2025-01-12T00:00:10.992+0000] {logging_mixin.py:137} INFO - [2025-01-12T00:00:10.992+0000] {dagbag.py:538} INFO - Filling up the DagBag from /home/airflow/.local/lib/python3.7/site-packages/airflow/example_dags/example_branch_labels.py
[2025-01-12T00:00:10.998+0000] {processor.py:753} INFO - DAG(s) dict_keys(['example_branch_labels']) retrieved from /home/airflow/.local/lib/python3.7/site-packages/airflow/example_dags/example_branch_labels.py
[2025-01-12T00:00:11.010+0000] {logging_mixin.py:137} INFO - [2025-01-12T00:00:11.010+0000] {dag.py:2690} INFO - Sync 1 DAGs
[2025-01-12T00:00:11.020+0000] {logging_mixin.py:137} INFO - [2025-01-12T00:00:11.020+0000] {dag.py:3441} INFO - Setting next_dagrun for example_branch_labels to 2025-01-11T00:00:00+00:00, run_after=2025-01-12T00:00:00+00:00
[2025-01-12T00:00:11.027+0000] {processor.py:175} INFO - Processing /home/airflow/.local/lib/python3.7/site-packages/airflow/example_dags/example_branch_labels.py took 0.037 seconds
[2025-01-12T00:00:41.668+0000] {processor.py:153} INFO - Started process (PID=8899) to work on /home/airflow/.local/lib/python3.7/site-packages/airflow/example_dags/example_branch_labels.py
[2025-01-12T00:00:41.669+0000] {processor.py:743} INFO - Processing file /home/airflow/.local/lib/python3.7/site-packages/airflow/example_dags/example_branch_labels.py for tasks to queue
[2025-01-12T00:00:41.670+0000] {logging_mixin.py:137} INFO - [2025-01-12T00:00:41.670+0000] {dagbag.py:538} INFO - Filling up the DagBag from /home/airflow/.local/lib/python3.7/site-packages/airflow/example_dags/example_branch_labels.py
[2025-01-12T00:00:41.677+0000] {processor.py:753} INFO - DAG(s) dict_keys(['example_branch_labels']) retrieved from /home/airflow/.local/lib/python3.7/site-packages/airflow/example_dags/example_branch_labels.py
[2025-01-12T00:00:41.723+0000] {logging_mixin.py:137} INFO - [2025-01-12T00:00:41.723+0000] {dag.py:2690} INFO - Sync 1 DAGs
[2025-01-12T00:00:41.758+0000] {logging_mixin.py:137} INFO - [2025-01-12T00:00:41.758+0000] {dag.py:3441} INFO - Setting next_dagrun for example_branch_labels to 2025-01-11T00:00:00+00:00, run_after=2025-01-12T00:00:00+00:00
[2025-01-12T00:00:41.774+0000] {processor.py:175} INFO - Processing /home/airflow/.local/lib/python3.7/site-packages/airflow/example_dags/example_branch_labels.py took 0.108 seconds
[2025-01-12T00:01:12.383+0000] {processor.py:153} INFO - Started process (PID=8975) to work on /home/airflow/.local/lib/python3.7/site-packages/airflow/example_dags/example_branch_labels.py
[2025-01-12T00:01:12.383+0000] {processor.py:743} INFO - Processing file /home/airflow/.local/lib/python3.7/site-packages/airflow/example_dags/example_branch_labels.py for tasks to queue
[2025-01-12T00:01:12.383+0000] {logging_mixin.py:137} INFO - [2025-01-12T00:01:12.383+0000] {dagbag.py:538} INFO - Filling up the DagBag from /home/airflow/.local/lib/python3.7/site-packages/airflow/example_dags/example_branch_labels.py
[2025-01-12T00:01:12.390+0000] {processor.py:753} INFO - DAG(s) dict_keys(['example_branch_labels']) retrieved from /home/airflow/.local/lib/python3.7/site-packages/airflow/example_dags/example_branch_labels.py
[2025-01-12T00:01:12.403+0000] {logging_mixin.py:137} INFO - [2025-01-12T00:01:12.403+0000] {dag.py:2690} INFO - Sync 1 DAGs
[2025-01-12T00:01:12.413+0000] {logging_mixin.py:137} INFO - [2025-01-12T00:01:12.413+0000] {dag.py:3441} INFO - Setting next_dagrun for example_branch_labels to 2025-01-11T00:00:00+00:00, run_after=2025-01-12T00:00:00+00:00
[2025-01-12T00:01:12.420+0000] {processor.py:175} INFO - Processing /home/airflow/.local/lib/python3.7/site-packages/airflow/example_dags/example_branch_labels.py took 0.039 seconds
[2025-01-12T00:01:42.945+0000] {processor.py:153} INFO - Started process (PID=9067) to work on /home/airflow/.local/lib/python3.7/site-packages/airflow/example_dags/example_branch_labels.py
[2025-01-12T00:01:42.945+0000] {processor.py:743} INFO - Processing file /home/airflow/.local/lib/python3.7/site-packages/airflow/example_dags/example_branch_labels.py for tasks to queue
[2025-01-12T00:01:42.946+0000] {logging_mixin.py:137} INFO - [2025-01-12T00:01:42.946+0000] {dagbag.py:538} INFO - Filling up the DagBag from /home/airflow/.local/lib/python3.7/site-packages/airflow/example_dags/example_branch_labels.py
[2025-01-12T00:01:42.952+0000] {processor.py:753} INFO - DAG(s) dict_keys(['example_branch_labels']) retrieved from /home/airflow/.local/lib/python3.7/site-packages/airflow/example_dags/example_branch_labels.py
[2025-01-12T00:01:42.962+0000] {logging_mixin.py:137} INFO - [2025-01-12T00:01:42.962+0000] {dag.py:2690} INFO - Sync 1 DAGs
[2025-01-12T00:01:42.972+0000] {logging_mixin.py:137} INFO - [2025-01-12T00:01:42.972+0000] {dag.py:3441} INFO - Setting next_dagrun for example_branch_labels to 2025-01-11T00:00:00+00:00, run_after=2025-01-12T00:00:00+00:00
[2025-01-12T00:01:42.981+0000] {processor.py:175} INFO - Processing /home/airflow/.local/lib/python3.7/site-packages/airflow/example_dags/example_branch_labels.py took 0.037 seconds
[2025-01-12T00:02:13.454+0000] {processor.py:153} INFO - Started process (PID=9159) to work on /home/airflow/.local/lib/python3.7/site-packages/airflow/example_dags/example_branch_labels.py
[2025-01-12T00:02:13.454+0000] {processor.py:743} INFO - Processing file /home/airflow/.local/lib/python3.7/site-packages/airflow/example_dags/example_branch_labels.py for tasks to queue
[2025-01-12T00:02:13.455+0000] {logging_mixin.py:137} INFO - [2025-01-12T00:02:13.455+0000] {dagbag.py:538} INFO - Filling up the DagBag from /home/airflow/.local/lib/python3.7/site-packages/airflow/example_dags/example_branch_labels.py
[2025-01-12T00:02:13.461+0000] {processor.py:753} INFO - DAG(s) dict_keys(['example_branch_labels']) retrieved from /home/airflow/.local/lib/python3.7/site-packages/airflow/example_dags/example_branch_labels.py
[2025-01-12T00:02:13.475+0000] {logging_mixin.py:137} INFO - [2025-01-12T00:02:13.475+0000] {dag.py:2690} INFO - Sync 1 DAGs
[2025-01-12T00:02:13.485+0000] {logging_mixin.py:137} INFO - [2025-01-12T00:02:13.485+0000] {dag.py:3441} INFO - Setting next_dagrun for example_branch_labels to 2025-01-11T00:00:00+00:00, run_after=2025-01-12T00:00:00+00:00
[2025-01-12T00:02:13.493+0000] {processor.py:175} INFO - Processing /home/airflow/.local/lib/python3.7/site-packages/airflow/example_dags/example_branch_labels.py took 0.040 seconds
[2025-01-12T00:02:44.245+0000] {processor.py:153} INFO - Started process (PID=9250) to work on /home/airflow/.local/lib/python3.7/site-packages/airflow/example_dags/example_branch_labels.py
[2025-01-12T00:02:44.246+0000] {processor.py:743} INFO - Processing file /home/airflow/.local/lib/python3.7/site-packages/airflow/example_dags/example_branch_labels.py for tasks to queue
[2025-01-12T00:02:44.246+0000] {logging_mixin.py:137} INFO - [2025-01-12T00:02:44.246+0000] {dagbag.py:538} INFO - Filling up the DagBag from /home/airflow/.local/lib/python3.7/site-packages/airflow/example_dags/example_branch_labels.py
[2025-01-12T00:02:44.252+0000] {processor.py:753} INFO - DAG(s) dict_keys(['example_branch_labels']) retrieved from /home/airflow/.local/lib/python3.7/site-packages/airflow/example_dags/example_branch_labels.py
[2025-01-12T00:02:44.262+0000] {logging_mixin.py:137} INFO - [2025-01-12T00:02:44.262+0000] {dag.py:2690} INFO - Sync 1 DAGs
[2025-01-12T00:02:44.273+0000] {logging_mixin.py:137} INFO - [2025-01-12T00:02:44.272+0000] {dag.py:3441} INFO - Setting next_dagrun for example_branch_labels to 2025-01-11T00:00:00+00:00, run_after=2025-01-12T00:00:00+00:00
[2025-01-12T00:02:44.279+0000] {processor.py:175} INFO - Processing /home/airflow/.local/lib/python3.7/site-packages/airflow/example_dags/example_branch_labels.py took 0.036 seconds
[2025-01-12T00:03:14.759+0000] {processor.py:153} INFO - Started process (PID=9325) to work on /home/airflow/.local/lib/python3.7/site-packages/airflow/example_dags/example_branch_labels.py
[2025-01-12T00:03:14.760+0000] {processor.py:743} INFO - Processing file /home/airflow/.local/lib/python3.7/site-packages/airflow/example_dags/example_branch_labels.py for tasks to queue
[2025-01-12T00:03:14.761+0000] {logging_mixin.py:137} INFO - [2025-01-12T00:03:14.761+0000] {dagbag.py:538} INFO - Filling up the DagBag from /home/airflow/.local/lib/python3.7/site-packages/airflow/example_dags/example_branch_labels.py
[2025-01-12T00:03:14.783+0000] {processor.py:753} INFO - DAG(s) dict_keys(['example_branch_labels']) retrieved from /home/airflow/.local/lib/python3.7/site-packages/airflow/example_dags/example_branch_labels.py
[2025-01-12T00:03:14.805+0000] {logging_mixin.py:137} INFO - [2025-01-12T00:03:14.805+0000] {dag.py:2690} INFO - Sync 1 DAGs
[2025-01-12T00:03:14.817+0000] {logging_mixin.py:137} INFO - [2025-01-12T00:03:14.817+0000] {dag.py:3441} INFO - Setting next_dagrun for example_branch_labels to 2025-01-11T00:00:00+00:00, run_after=2025-01-12T00:00:00+00:00
[2025-01-12T00:03:14.828+0000] {processor.py:175} INFO - Processing /home/airflow/.local/lib/python3.7/site-packages/airflow/example_dags/example_branch_labels.py took 0.072 seconds
[2025-01-12T00:03:45.329+0000] {processor.py:153} INFO - Started process (PID=9416) to work on /home/airflow/.local/lib/python3.7/site-packages/airflow/example_dags/example_branch_labels.py
[2025-01-12T00:03:45.329+0000] {processor.py:743} INFO - Processing file /home/airflow/.local/lib/python3.7/site-packages/airflow/example_dags/example_branch_labels.py for tasks to queue
[2025-01-12T00:03:45.329+0000] {logging_mixin.py:137} INFO - [2025-01-12T00:03:45.329+0000] {dagbag.py:538} INFO - Filling up the DagBag from /home/airflow/.local/lib/python3.7/site-packages/airflow/example_dags/example_branch_labels.py
[2025-01-12T00:03:45.335+0000] {processor.py:753} INFO - DAG(s) dict_keys(['example_branch_labels']) retrieved from /home/airflow/.local/lib/python3.7/site-packages/airflow/example_dags/example_branch_labels.py
[2025-01-12T00:03:45.349+0000] {logging_mixin.py:137} INFO - [2025-01-12T00:03:45.349+0000] {dag.py:2690} INFO - Sync 1 DAGs
[2025-01-12T00:03:45.359+0000] {logging_mixin.py:137} INFO - [2025-01-12T00:03:45.359+0000] {dag.py:3441} INFO - Setting next_dagrun for example_branch_labels to 2025-01-11T00:00:00+00:00, run_after=2025-01-12T00:00:00+00:00
[2025-01-12T00:03:45.366+0000] {processor.py:175} INFO - Processing /home/airflow/.local/lib/python3.7/site-packages/airflow/example_dags/example_branch_labels.py took 0.039 seconds
[2025-01-12T00:04:15.750+0000] {processor.py:153} INFO - Started process (PID=9508) to work on /home/airflow/.local/lib/python3.7/site-packages/airflow/example_dags/example_branch_labels.py
[2025-01-12T00:04:15.751+0000] {processor.py:743} INFO - Processing file /home/airflow/.local/lib/python3.7/site-packages/airflow/example_dags/example_branch_labels.py for tasks to queue
[2025-01-12T00:04:15.752+0000] {logging_mixin.py:137} INFO - [2025-01-12T00:04:15.752+0000] {dagbag.py:538} INFO - Filling up the DagBag from /home/airflow/.local/lib/python3.7/site-packages/airflow/example_dags/example_branch_labels.py
[2025-01-12T00:04:15.758+0000] {processor.py:753} INFO - DAG(s) dict_keys(['example_branch_labels']) retrieved from /home/airflow/.local/lib/python3.7/site-packages/airflow/example_dags/example_branch_labels.py
[2025-01-12T00:04:15.769+0000] {logging_mixin.py:137} INFO - [2025-01-12T00:04:15.769+0000] {dag.py:2690} INFO - Sync 1 DAGs
[2025-01-12T00:04:15.782+0000] {logging_mixin.py:137} INFO - [2025-01-12T00:04:15.782+0000] {dag.py:3441} INFO - Setting next_dagrun for example_branch_labels to 2025-01-11T00:00:00+00:00, run_after=2025-01-12T00:00:00+00:00
[2025-01-12T00:04:15.789+0000] {processor.py:175} INFO - Processing /home/airflow/.local/lib/python3.7/site-packages/airflow/example_dags/example_branch_labels.py took 0.040 seconds
[2025-01-12T00:04:46.201+0000] {processor.py:153} INFO - Started process (PID=9600) to work on /home/airflow/.local/lib/python3.7/site-packages/airflow/example_dags/example_branch_labels.py
[2025-01-12T00:04:46.204+0000] {processor.py:743} INFO - Processing file /home/airflow/.local/lib/python3.7/site-packages/airflow/example_dags/example_branch_labels.py for tasks to queue
[2025-01-12T00:04:46.204+0000] {logging_mixin.py:137} INFO - [2025-01-12T00:04:46.204+0000] {dagbag.py:538} INFO - Filling up the DagBag from /home/airflow/.local/lib/python3.7/site-packages/airflow/example_dags/example_branch_labels.py
[2025-01-12T00:04:46.210+0000] {processor.py:753} INFO - DAG(s) dict_keys(['example_branch_labels']) retrieved from /home/airflow/.local/lib/python3.7/site-packages/airflow/example_dags/example_branch_labels.py
[2025-01-12T00:04:46.224+0000] {logging_mixin.py:137} INFO - [2025-01-12T00:04:46.224+0000] {dag.py:2690} INFO - Sync 1 DAGs
[2025-01-12T00:04:46.235+0000] {logging_mixin.py:137} INFO - [2025-01-12T00:04:46.235+0000] {dag.py:3441} INFO - Setting next_dagrun for example_branch_labels to 2025-01-11T00:00:00+00:00, run_after=2025-01-12T00:00:00+00:00
[2025-01-12T00:04:46.242+0000] {processor.py:175} INFO - Processing /home/airflow/.local/lib/python3.7/site-packages/airflow/example_dags/example_branch_labels.py took 0.043 seconds
[2025-01-12T00:05:16.884+0000] {processor.py:153} INFO - Started process (PID=9692) to work on /home/airflow/.local/lib/python3.7/site-packages/airflow/example_dags/example_branch_labels.py
[2025-01-12T00:05:16.886+0000] {processor.py:743} INFO - Processing file /home/airflow/.local/lib/python3.7/site-packages/airflow/example_dags/example_branch_labels.py for tasks to queue
[2025-01-12T00:05:16.886+0000] {logging_mixin.py:137} INFO - [2025-01-12T00:05:16.886+0000] {dagbag.py:538} INFO - Filling up the DagBag from /home/airflow/.local/lib/python3.7/site-packages/airflow/example_dags/example_branch_labels.py
[2025-01-12T00:05:16.896+0000] {processor.py:753} INFO - DAG(s) dict_keys(['example_branch_labels']) retrieved from /home/airflow/.local/lib/python3.7/site-packages/airflow/example_dags/example_branch_labels.py
[2025-01-12T00:05:16.911+0000] {logging_mixin.py:137} INFO - [2025-01-12T00:05:16.910+0000] {dag.py:2690} INFO - Sync 1 DAGs
[2025-01-12T00:05:16.929+0000] {logging_mixin.py:137} INFO - [2025-01-12T00:05:16.929+0000] {dag.py:3441} INFO - Setting next_dagrun for example_branch_labels to 2025-01-11T00:00:00+00:00, run_after=2025-01-12T00:00:00+00:00
[2025-01-12T00:05:16.940+0000] {processor.py:175} INFO - Processing /home/airflow/.local/lib/python3.7/site-packages/airflow/example_dags/example_branch_labels.py took 0.057 seconds
[2025-01-12T00:05:47.495+0000] {processor.py:153} INFO - Started process (PID=9768) to work on /home/airflow/.local/lib/python3.7/site-packages/airflow/example_dags/example_branch_labels.py
[2025-01-12T00:05:47.496+0000] {processor.py:743} INFO - Processing file /home/airflow/.local/lib/python3.7/site-packages/airflow/example_dags/example_branch_labels.py for tasks to queue
[2025-01-12T00:05:47.497+0000] {logging_mixin.py:137} INFO - [2025-01-12T00:05:47.497+0000] {dagbag.py:538} INFO - Filling up the DagBag from /home/airflow/.local/lib/python3.7/site-packages/airflow/example_dags/example_branch_labels.py
[2025-01-12T00:05:47.503+0000] {processor.py:753} INFO - DAG(s) dict_keys(['example_branch_labels']) retrieved from /home/airflow/.local/lib/python3.7/site-packages/airflow/example_dags/example_branch_labels.py
[2025-01-12T00:05:47.516+0000] {logging_mixin.py:137} INFO - [2025-01-12T00:05:47.516+0000] {dag.py:2690} INFO - Sync 1 DAGs
[2025-01-12T00:05:47.527+0000] {logging_mixin.py:137} INFO - [2025-01-12T00:05:47.527+0000] {dag.py:3441} INFO - Setting next_dagrun for example_branch_labels to 2025-01-11T00:00:00+00:00, run_after=2025-01-12T00:00:00+00:00
[2025-01-12T00:05:47.540+0000] {processor.py:175} INFO - Processing /home/airflow/.local/lib/python3.7/site-packages/airflow/example_dags/example_branch_labels.py took 0.050 seconds
[2025-01-12T00:06:18.132+0000] {processor.py:153} INFO - Started process (PID=9860) to work on /home/airflow/.local/lib/python3.7/site-packages/airflow/example_dags/example_branch_labels.py
[2025-01-12T00:06:18.133+0000] {processor.py:743} INFO - Processing file /home/airflow/.local/lib/python3.7/site-packages/airflow/example_dags/example_branch_labels.py for tasks to queue
[2025-01-12T00:06:18.134+0000] {logging_mixin.py:137} INFO - [2025-01-12T00:06:18.134+0000] {dagbag.py:538} INFO - Filling up the DagBag from /home/airflow/.local/lib/python3.7/site-packages/airflow/example_dags/example_branch_labels.py
[2025-01-12T00:06:18.141+0000] {processor.py:753} INFO - DAG(s) dict_keys(['example_branch_labels']) retrieved from /home/airflow/.local/lib/python3.7/site-packages/airflow/example_dags/example_branch_labels.py
[2025-01-12T00:06:18.153+0000] {logging_mixin.py:137} INFO - [2025-01-12T00:06:18.153+0000] {dag.py:2690} INFO - Sync 1 DAGs
[2025-01-12T00:06:18.165+0000] {logging_mixin.py:137} INFO - [2025-01-12T00:06:18.165+0000] {dag.py:3441} INFO - Setting next_dagrun for example_branch_labels to 2025-01-11T00:00:00+00:00, run_after=2025-01-12T00:00:00+00:00
[2025-01-12T00:06:18.174+0000] {processor.py:175} INFO - Processing /home/airflow/.local/lib/python3.7/site-packages/airflow/example_dags/example_branch_labels.py took 0.044 seconds
[2025-01-12T00:06:48.686+0000] {processor.py:153} INFO - Started process (PID=9952) to work on /home/airflow/.local/lib/python3.7/site-packages/airflow/example_dags/example_branch_labels.py
[2025-01-12T00:06:48.688+0000] {processor.py:743} INFO - Processing file /home/airflow/.local/lib/python3.7/site-packages/airflow/example_dags/example_branch_labels.py for tasks to queue
[2025-01-12T00:06:48.689+0000] {logging_mixin.py:137} INFO - [2025-01-12T00:06:48.689+0000] {dagbag.py:538} INFO - Filling up the DagBag from /home/airflow/.local/lib/python3.7/site-packages/airflow/example_dags/example_branch_labels.py
[2025-01-12T00:06:48.695+0000] {processor.py:753} INFO - DAG(s) dict_keys(['example_branch_labels']) retrieved from /home/airflow/.local/lib/python3.7/site-packages/airflow/example_dags/example_branch_labels.py
[2025-01-12T00:06:48.707+0000] {logging_mixin.py:137} INFO - [2025-01-12T00:06:48.707+0000] {dag.py:2690} INFO - Sync 1 DAGs
[2025-01-12T00:06:48.719+0000] {logging_mixin.py:137} INFO - [2025-01-12T00:06:48.719+0000] {dag.py:3441} INFO - Setting next_dagrun for example_branch_labels to 2025-01-11T00:00:00+00:00, run_after=2025-01-12T00:00:00+00:00
[2025-01-12T00:06:48.731+0000] {processor.py:175} INFO - Processing /home/airflow/.local/lib/python3.7/site-packages/airflow/example_dags/example_branch_labels.py took 0.047 seconds
[2025-01-12T00:07:19.295+0000] {processor.py:153} INFO - Started process (PID=10044) to work on /home/airflow/.local/lib/python3.7/site-packages/airflow/example_dags/example_branch_labels.py
[2025-01-12T00:07:19.295+0000] {processor.py:743} INFO - Processing file /home/airflow/.local/lib/python3.7/site-packages/airflow/example_dags/example_branch_labels.py for tasks to queue
[2025-01-12T00:07:19.296+0000] {logging_mixin.py:137} INFO - [2025-01-12T00:07:19.296+0000] {dagbag.py:538} INFO - Filling up the DagBag from /home/airflow/.local/lib/python3.7/site-packages/airflow/example_dags/example_branch_labels.py
[2025-01-12T00:07:19.305+0000] {processor.py:753} INFO - DAG(s) dict_keys(['example_branch_labels']) retrieved from /home/airflow/.local/lib/python3.7/site-packages/airflow/example_dags/example_branch_labels.py
[2025-01-12T00:07:19.315+0000] {logging_mixin.py:137} INFO - [2025-01-12T00:07:19.315+0000] {dag.py:2690} INFO - Sync 1 DAGs
[2025-01-12T00:07:19.325+0000] {logging_mixin.py:137} INFO - [2025-01-12T00:07:19.325+0000] {dag.py:3441} INFO - Setting next_dagrun for example_branch_labels to 2025-01-11T00:00:00+00:00, run_after=2025-01-12T00:00:00+00:00
[2025-01-12T00:07:19.336+0000] {processor.py:175} INFO - Processing /home/airflow/.local/lib/python3.7/site-packages/airflow/example_dags/example_branch_labels.py took 0.043 seconds
[2025-01-12T00:07:49.777+0000] {processor.py:153} INFO - Started process (PID=10119) to work on /home/airflow/.local/lib/python3.7/site-packages/airflow/example_dags/example_branch_labels.py
[2025-01-12T00:07:49.778+0000] {processor.py:743} INFO - Processing file /home/airflow/.local/lib/python3.7/site-packages/airflow/example_dags/example_branch_labels.py for tasks to queue
[2025-01-12T00:07:49.778+0000] {logging_mixin.py:137} INFO - [2025-01-12T00:07:49.778+0000] {dagbag.py:538} INFO - Filling up the DagBag from /home/airflow/.local/lib/python3.7/site-packages/airflow/example_dags/example_branch_labels.py
[2025-01-12T00:07:49.786+0000] {processor.py:753} INFO - DAG(s) dict_keys(['example_branch_labels']) retrieved from /home/airflow/.local/lib/python3.7/site-packages/airflow/example_dags/example_branch_labels.py
[2025-01-12T00:07:49.798+0000] {logging_mixin.py:137} INFO - [2025-01-12T00:07:49.798+0000] {dag.py:2690} INFO - Sync 1 DAGs
[2025-01-12T00:07:49.809+0000] {logging_mixin.py:137} INFO - [2025-01-12T00:07:49.809+0000] {dag.py:3441} INFO - Setting next_dagrun for example_branch_labels to 2025-01-11T00:00:00+00:00, run_after=2025-01-12T00:00:00+00:00
[2025-01-12T00:07:49.816+0000] {processor.py:175} INFO - Processing /home/airflow/.local/lib/python3.7/site-packages/airflow/example_dags/example_branch_labels.py took 0.041 seconds
[2025-01-12T00:08:20.446+0000] {processor.py:153} INFO - Started process (PID=10211) to work on /home/airflow/.local/lib/python3.7/site-packages/airflow/example_dags/example_branch_labels.py
[2025-01-12T00:08:20.446+0000] {processor.py:743} INFO - Processing file /home/airflow/.local/lib/python3.7/site-packages/airflow/example_dags/example_branch_labels.py for tasks to queue
[2025-01-12T00:08:20.447+0000] {logging_mixin.py:137} INFO - [2025-01-12T00:08:20.447+0000] {dagbag.py:538} INFO - Filling up the DagBag from /home/airflow/.local/lib/python3.7/site-packages/airflow/example_dags/example_branch_labels.py
[2025-01-12T00:08:20.454+0000] {processor.py:753} INFO - DAG(s) dict_keys(['example_branch_labels']) retrieved from /home/airflow/.local/lib/python3.7/site-packages/airflow/example_dags/example_branch_labels.py
[2025-01-12T00:08:20.465+0000] {logging_mixin.py:137} INFO - [2025-01-12T00:08:20.465+0000] {dag.py:2690} INFO - Sync 1 DAGs
[2025-01-12T00:08:20.479+0000] {logging_mixin.py:137} INFO - [2025-01-12T00:08:20.479+0000] {dag.py:3441} INFO - Setting next_dagrun for example_branch_labels to 2025-01-11T00:00:00+00:00, run_after=2025-01-12T00:00:00+00:00
[2025-01-12T00:08:20.486+0000] {processor.py:175} INFO - Processing /home/airflow/.local/lib/python3.7/site-packages/airflow/example_dags/example_branch_labels.py took 0.042 seconds
[2025-01-12T00:08:51.109+0000] {processor.py:153} INFO - Started process (PID=10303) to work on /home/airflow/.local/lib/python3.7/site-packages/airflow/example_dags/example_branch_labels.py
[2025-01-12T00:08:51.110+0000] {processor.py:743} INFO - Processing file /home/airflow/.local/lib/python3.7/site-packages/airflow/example_dags/example_branch_labels.py for tasks to queue
[2025-01-12T00:08:51.110+0000] {logging_mixin.py:137} INFO - [2025-01-12T00:08:51.110+0000] {dagbag.py:538} INFO - Filling up the DagBag from /home/airflow/.local/lib/python3.7/site-packages/airflow/example_dags/example_branch_labels.py
[2025-01-12T00:08:51.116+0000] {processor.py:753} INFO - DAG(s) dict_keys(['example_branch_labels']) retrieved from /home/airflow/.local/lib/python3.7/site-packages/airflow/example_dags/example_branch_labels.py
[2025-01-12T00:08:51.130+0000] {logging_mixin.py:137} INFO - [2025-01-12T00:08:51.130+0000] {dag.py:2690} INFO - Sync 1 DAGs
[2025-01-12T00:08:51.142+0000] {logging_mixin.py:137} INFO - [2025-01-12T00:08:51.142+0000] {dag.py:3441} INFO - Setting next_dagrun for example_branch_labels to 2025-01-11T00:00:00+00:00, run_after=2025-01-12T00:00:00+00:00
[2025-01-12T00:08:51.153+0000] {processor.py:175} INFO - Processing /home/airflow/.local/lib/python3.7/site-packages/airflow/example_dags/example_branch_labels.py took 0.045 seconds
[2025-01-12T00:09:22.030+0000] {processor.py:153} INFO - Started process (PID=10394) to work on /home/airflow/.local/lib/python3.7/site-packages/airflow/example_dags/example_branch_labels.py
[2025-01-12T00:09:22.031+0000] {processor.py:743} INFO - Processing file /home/airflow/.local/lib/python3.7/site-packages/airflow/example_dags/example_branch_labels.py for tasks to queue
[2025-01-12T00:09:22.032+0000] {logging_mixin.py:137} INFO - [2025-01-12T00:09:22.032+0000] {dagbag.py:538} INFO - Filling up the DagBag from /home/airflow/.local/lib/python3.7/site-packages/airflow/example_dags/example_branch_labels.py
[2025-01-12T00:09:22.038+0000] {processor.py:753} INFO - DAG(s) dict_keys(['example_branch_labels']) retrieved from /home/airflow/.local/lib/python3.7/site-packages/airflow/example_dags/example_branch_labels.py
[2025-01-12T00:09:22.051+0000] {logging_mixin.py:137} INFO - [2025-01-12T00:09:22.050+0000] {dag.py:2690} INFO - Sync 1 DAGs
[2025-01-12T00:09:22.063+0000] {logging_mixin.py:137} INFO - [2025-01-12T00:09:22.063+0000] {dag.py:3441} INFO - Setting next_dagrun for example_branch_labels to 2025-01-11T00:00:00+00:00, run_after=2025-01-12T00:00:00+00:00
[2025-01-12T00:09:22.072+0000] {processor.py:175} INFO - Processing /home/airflow/.local/lib/python3.7/site-packages/airflow/example_dags/example_branch_labels.py took 0.043 seconds
[2025-01-12T00:09:52.639+0000] {processor.py:153} INFO - Started process (PID=10470) to work on /home/airflow/.local/lib/python3.7/site-packages/airflow/example_dags/example_branch_labels.py
[2025-01-12T00:09:52.639+0000] {processor.py:743} INFO - Processing file /home/airflow/.local/lib/python3.7/site-packages/airflow/example_dags/example_branch_labels.py for tasks to queue
[2025-01-12T00:09:52.640+0000] {logging_mixin.py:137} INFO - [2025-01-12T00:09:52.639+0000] {dagbag.py:538} INFO - Filling up the DagBag from /home/airflow/.local/lib/python3.7/site-packages/airflow/example_dags/example_branch_labels.py
[2025-01-12T00:09:52.646+0000] {processor.py:753} INFO - DAG(s) dict_keys(['example_branch_labels']) retrieved from /home/airflow/.local/lib/python3.7/site-packages/airflow/example_dags/example_branch_labels.py
[2025-01-12T00:09:52.657+0000] {logging_mixin.py:137} INFO - [2025-01-12T00:09:52.657+0000] {dag.py:2690} INFO - Sync 1 DAGs
[2025-01-12T00:09:52.671+0000] {logging_mixin.py:137} INFO - [2025-01-12T00:09:52.671+0000] {dag.py:3441} INFO - Setting next_dagrun for example_branch_labels to 2025-01-11T00:00:00+00:00, run_after=2025-01-12T00:00:00+00:00
[2025-01-12T00:09:52.681+0000] {processor.py:175} INFO - Processing /home/airflow/.local/lib/python3.7/site-packages/airflow/example_dags/example_branch_labels.py took 0.043 seconds
[2025-01-12T00:10:23.261+0000] {processor.py:153} INFO - Started process (PID=10562) to work on /home/airflow/.local/lib/python3.7/site-packages/airflow/example_dags/example_branch_labels.py
[2025-01-12T00:10:23.262+0000] {processor.py:743} INFO - Processing file /home/airflow/.local/lib/python3.7/site-packages/airflow/example_dags/example_branch_labels.py for tasks to queue
[2025-01-12T00:10:23.262+0000] {logging_mixin.py:137} INFO - [2025-01-12T00:10:23.262+0000] {dagbag.py:538} INFO - Filling up the DagBag from /home/airflow/.local/lib/python3.7/site-packages/airflow/example_dags/example_branch_labels.py
[2025-01-12T00:10:23.269+0000] {processor.py:753} INFO - DAG(s) dict_keys(['example_branch_labels']) retrieved from /home/airflow/.local/lib/python3.7/site-packages/airflow/example_dags/example_branch_labels.py
[2025-01-12T00:10:23.281+0000] {logging_mixin.py:137} INFO - [2025-01-12T00:10:23.281+0000] {dag.py:2690} INFO - Sync 1 DAGs
[2025-01-12T00:10:23.295+0000] {logging_mixin.py:137} INFO - [2025-01-12T00:10:23.295+0000] {dag.py:3441} INFO - Setting next_dagrun for example_branch_labels to 2025-01-11T00:00:00+00:00, run_after=2025-01-12T00:00:00+00:00
[2025-01-12T00:10:23.303+0000] {processor.py:175} INFO - Processing /home/airflow/.local/lib/python3.7/site-packages/airflow/example_dags/example_branch_labels.py took 0.043 seconds
[2025-01-12T00:10:54.179+0000] {processor.py:153} INFO - Started process (PID=10654) to work on /home/airflow/.local/lib/python3.7/site-packages/airflow/example_dags/example_branch_labels.py
[2025-01-12T00:10:54.179+0000] {processor.py:743} INFO - Processing file /home/airflow/.local/lib/python3.7/site-packages/airflow/example_dags/example_branch_labels.py for tasks to queue
[2025-01-12T00:10:54.180+0000] {logging_mixin.py:137} INFO - [2025-01-12T00:10:54.180+0000] {dagbag.py:538} INFO - Filling up the DagBag from /home/airflow/.local/lib/python3.7/site-packages/airflow/example_dags/example_branch_labels.py
[2025-01-12T00:10:54.188+0000] {processor.py:753} INFO - DAG(s) dict_keys(['example_branch_labels']) retrieved from /home/airflow/.local/lib/python3.7/site-packages/airflow/example_dags/example_branch_labels.py
[2025-01-12T00:10:54.201+0000] {logging_mixin.py:137} INFO - [2025-01-12T00:10:54.201+0000] {dag.py:2690} INFO - Sync 1 DAGs
[2025-01-12T00:10:54.212+0000] {logging_mixin.py:137} INFO - [2025-01-12T00:10:54.212+0000] {dag.py:3441} INFO - Setting next_dagrun for example_branch_labels to 2025-01-11T00:00:00+00:00, run_after=2025-01-12T00:00:00+00:00
[2025-01-12T00:10:54.223+0000] {processor.py:175} INFO - Processing /home/airflow/.local/lib/python3.7/site-packages/airflow/example_dags/example_branch_labels.py took 0.046 seconds
[2025-01-12T00:11:24.233+0000] {processor.py:153} INFO - Started process (PID=10746) to work on /home/airflow/.local/lib/python3.7/site-packages/airflow/example_dags/example_branch_labels.py
[2025-01-12T00:11:24.234+0000] {processor.py:743} INFO - Processing file /home/airflow/.local/lib/python3.7/site-packages/airflow/example_dags/example_branch_labels.py for tasks to queue
[2025-01-12T00:11:24.235+0000] {logging_mixin.py:137} INFO - [2025-01-12T00:11:24.235+0000] {dagbag.py:538} INFO - Filling up the DagBag from /home/airflow/.local/lib/python3.7/site-packages/airflow/example_dags/example_branch_labels.py
[2025-01-12T00:11:24.240+0000] {processor.py:753} INFO - DAG(s) dict_keys(['example_branch_labels']) retrieved from /home/airflow/.local/lib/python3.7/site-packages/airflow/example_dags/example_branch_labels.py
[2025-01-12T00:11:24.255+0000] {logging_mixin.py:137} INFO - [2025-01-12T00:11:24.255+0000] {dag.py:2690} INFO - Sync 1 DAGs
[2025-01-12T00:11:24.267+0000] {logging_mixin.py:137} INFO - [2025-01-12T00:11:24.266+0000] {dag.py:3441} INFO - Setting next_dagrun for example_branch_labels to 2025-01-11T00:00:00+00:00, run_after=2025-01-12T00:00:00+00:00
[2025-01-12T00:11:24.279+0000] {processor.py:175} INFO - Processing /home/airflow/.local/lib/python3.7/site-packages/airflow/example_dags/example_branch_labels.py took 0.047 seconds
[2025-01-12T00:11:54.899+0000] {processor.py:153} INFO - Started process (PID=10822) to work on /home/airflow/.local/lib/python3.7/site-packages/airflow/example_dags/example_branch_labels.py
[2025-01-12T00:11:54.900+0000] {processor.py:743} INFO - Processing file /home/airflow/.local/lib/python3.7/site-packages/airflow/example_dags/example_branch_labels.py for tasks to queue
[2025-01-12T00:11:54.900+0000] {logging_mixin.py:137} INFO - [2025-01-12T00:11:54.900+0000] {dagbag.py:538} INFO - Filling up the DagBag from /home/airflow/.local/lib/python3.7/site-packages/airflow/example_dags/example_branch_labels.py
[2025-01-12T00:11:54.906+0000] {processor.py:753} INFO - DAG(s) dict_keys(['example_branch_labels']) retrieved from /home/airflow/.local/lib/python3.7/site-packages/airflow/example_dags/example_branch_labels.py
[2025-01-12T00:11:54.916+0000] {logging_mixin.py:137} INFO - [2025-01-12T00:11:54.916+0000] {dag.py:2690} INFO - Sync 1 DAGs
[2025-01-12T00:11:54.925+0000] {logging_mixin.py:137} INFO - [2025-01-12T00:11:54.925+0000] {dag.py:3441} INFO - Setting next_dagrun for example_branch_labels to 2025-01-11T00:00:00+00:00, run_after=2025-01-12T00:00:00+00:00
[2025-01-12T00:11:54.931+0000] {processor.py:175} INFO - Processing /home/airflow/.local/lib/python3.7/site-packages/airflow/example_dags/example_branch_labels.py took 0.033 seconds
[2025-01-12T00:12:25.418+0000] {processor.py:153} INFO - Started process (PID=10914) to work on /home/airflow/.local/lib/python3.7/site-packages/airflow/example_dags/example_branch_labels.py
[2025-01-12T00:12:25.420+0000] {processor.py:743} INFO - Processing file /home/airflow/.local/lib/python3.7/site-packages/airflow/example_dags/example_branch_labels.py for tasks to queue
[2025-01-12T00:12:25.420+0000] {logging_mixin.py:137} INFO - [2025-01-12T00:12:25.420+0000] {dagbag.py:538} INFO - Filling up the DagBag from /home/airflow/.local/lib/python3.7/site-packages/airflow/example_dags/example_branch_labels.py
[2025-01-12T00:12:25.427+0000] {processor.py:753} INFO - DAG(s) dict_keys(['example_branch_labels']) retrieved from /home/airflow/.local/lib/python3.7/site-packages/airflow/example_dags/example_branch_labels.py
[2025-01-12T00:12:25.440+0000] {logging_mixin.py:137} INFO - [2025-01-12T00:12:25.440+0000] {dag.py:2690} INFO - Sync 1 DAGs
[2025-01-12T00:12:25.454+0000] {logging_mixin.py:137} INFO - [2025-01-12T00:12:25.453+0000] {dag.py:3441} INFO - Setting next_dagrun for example_branch_labels to 2025-01-11T00:00:00+00:00, run_after=2025-01-12T00:00:00+00:00
[2025-01-12T00:12:25.461+0000] {processor.py:175} INFO - Processing /home/airflow/.local/lib/python3.7/site-packages/airflow/example_dags/example_branch_labels.py took 0.044 seconds
[2025-01-12T00:12:56.001+0000] {processor.py:153} INFO - Started process (PID=11006) to work on /home/airflow/.local/lib/python3.7/site-packages/airflow/example_dags/example_branch_labels.py
[2025-01-12T00:12:56.002+0000] {processor.py:743} INFO - Processing file /home/airflow/.local/lib/python3.7/site-packages/airflow/example_dags/example_branch_labels.py for tasks to queue
[2025-01-12T00:12:56.002+0000] {logging_mixin.py:137} INFO - [2025-01-12T00:12:56.002+0000] {dagbag.py:538} INFO - Filling up the DagBag from /home/airflow/.local/lib/python3.7/site-packages/airflow/example_dags/example_branch_labels.py
[2025-01-12T00:12:56.008+0000] {processor.py:753} INFO - DAG(s) dict_keys(['example_branch_labels']) retrieved from /home/airflow/.local/lib/python3.7/site-packages/airflow/example_dags/example_branch_labels.py
[2025-01-12T00:12:56.022+0000] {logging_mixin.py:137} INFO - [2025-01-12T00:12:56.022+0000] {dag.py:2690} INFO - Sync 1 DAGs
[2025-01-12T00:12:56.034+0000] {logging_mixin.py:137} INFO - [2025-01-12T00:12:56.034+0000] {dag.py:3441} INFO - Setting next_dagrun for example_branch_labels to 2025-01-11T00:00:00+00:00, run_after=2025-01-12T00:00:00+00:00
[2025-01-12T00:12:56.044+0000] {processor.py:175} INFO - Processing /home/airflow/.local/lib/python3.7/site-packages/airflow/example_dags/example_branch_labels.py took 0.044 seconds
[2025-01-12T00:13:26.805+0000] {processor.py:153} INFO - Started process (PID=11097) to work on /home/airflow/.local/lib/python3.7/site-packages/airflow/example_dags/example_branch_labels.py
[2025-01-12T00:13:26.805+0000] {processor.py:743} INFO - Processing file /home/airflow/.local/lib/python3.7/site-packages/airflow/example_dags/example_branch_labels.py for tasks to queue
[2025-01-12T00:13:26.806+0000] {logging_mixin.py:137} INFO - [2025-01-12T00:13:26.806+0000] {dagbag.py:538} INFO - Filling up the DagBag from /home/airflow/.local/lib/python3.7/site-packages/airflow/example_dags/example_branch_labels.py
[2025-01-12T00:13:26.813+0000] {processor.py:753} INFO - DAG(s) dict_keys(['example_branch_labels']) retrieved from /home/airflow/.local/lib/python3.7/site-packages/airflow/example_dags/example_branch_labels.py
[2025-01-12T00:13:26.825+0000] {logging_mixin.py:137} INFO - [2025-01-12T00:13:26.825+0000] {dag.py:2690} INFO - Sync 1 DAGs
[2025-01-12T00:13:26.836+0000] {logging_mixin.py:137} INFO - [2025-01-12T00:13:26.836+0000] {dag.py:3441} INFO - Setting next_dagrun for example_branch_labels to 2025-01-11T00:00:00+00:00, run_after=2025-01-12T00:00:00+00:00
[2025-01-12T00:13:26.844+0000] {processor.py:175} INFO - Processing /home/airflow/.local/lib/python3.7/site-packages/airflow/example_dags/example_branch_labels.py took 0.041 seconds
[2025-01-12T00:13:57.441+0000] {processor.py:153} INFO - Started process (PID=11173) to work on /home/airflow/.local/lib/python3.7/site-packages/airflow/example_dags/example_branch_labels.py
[2025-01-12T00:13:57.441+0000] {processor.py:743} INFO - Processing file /home/airflow/.local/lib/python3.7/site-packages/airflow/example_dags/example_branch_labels.py for tasks to queue
[2025-01-12T00:13:57.441+0000] {logging_mixin.py:137} INFO - [2025-01-12T00:13:57.441+0000] {dagbag.py:538} INFO - Filling up the DagBag from /home/airflow/.local/lib/python3.7/site-packages/airflow/example_dags/example_branch_labels.py
[2025-01-12T00:13:57.447+0000] {processor.py:753} INFO - DAG(s) dict_keys(['example_branch_labels']) retrieved from /home/airflow/.local/lib/python3.7/site-packages/airflow/example_dags/example_branch_labels.py
[2025-01-12T00:13:57.458+0000] {logging_mixin.py:137} INFO - [2025-01-12T00:13:57.458+0000] {dag.py:2690} INFO - Sync 1 DAGs
[2025-01-12T00:13:57.469+0000] {logging_mixin.py:137} INFO - [2025-01-12T00:13:57.469+0000] {dag.py:3441} INFO - Setting next_dagrun for example_branch_labels to 2025-01-11T00:00:00+00:00, run_after=2025-01-12T00:00:00+00:00
[2025-01-12T00:13:57.481+0000] {processor.py:175} INFO - Processing /home/airflow/.local/lib/python3.7/site-packages/airflow/example_dags/example_branch_labels.py took 0.042 seconds
[2025-01-12T00:14:27.925+0000] {processor.py:153} INFO - Started process (PID=11265) to work on /home/airflow/.local/lib/python3.7/site-packages/airflow/example_dags/example_branch_labels.py
[2025-01-12T00:14:27.926+0000] {processor.py:743} INFO - Processing file /home/airflow/.local/lib/python3.7/site-packages/airflow/example_dags/example_branch_labels.py for tasks to queue
[2025-01-12T00:14:27.926+0000] {logging_mixin.py:137} INFO - [2025-01-12T00:14:27.926+0000] {dagbag.py:538} INFO - Filling up the DagBag from /home/airflow/.local/lib/python3.7/site-packages/airflow/example_dags/example_branch_labels.py
[2025-01-12T00:14:27.932+0000] {processor.py:753} INFO - DAG(s) dict_keys(['example_branch_labels']) retrieved from /home/airflow/.local/lib/python3.7/site-packages/airflow/example_dags/example_branch_labels.py
[2025-01-12T00:14:27.944+0000] {logging_mixin.py:137} INFO - [2025-01-12T00:14:27.944+0000] {dag.py:2690} INFO - Sync 1 DAGs
[2025-01-12T00:14:27.956+0000] {logging_mixin.py:137} INFO - [2025-01-12T00:14:27.956+0000] {dag.py:3441} INFO - Setting next_dagrun for example_branch_labels to 2025-01-11T00:00:00+00:00, run_after=2025-01-12T00:00:00+00:00
[2025-01-12T00:14:27.964+0000] {processor.py:175} INFO - Processing /home/airflow/.local/lib/python3.7/site-packages/airflow/example_dags/example_branch_labels.py took 0.040 seconds
[2025-01-12T00:14:58.390+0000] {processor.py:153} INFO - Started process (PID=11357) to work on /home/airflow/.local/lib/python3.7/site-packages/airflow/example_dags/example_branch_labels.py
[2025-01-12T00:14:58.390+0000] {processor.py:743} INFO - Processing file /home/airflow/.local/lib/python3.7/site-packages/airflow/example_dags/example_branch_labels.py for tasks to queue
[2025-01-12T00:14:58.390+0000] {logging_mixin.py:137} INFO - [2025-01-12T00:14:58.390+0000] {dagbag.py:538} INFO - Filling up the DagBag from /home/airflow/.local/lib/python3.7/site-packages/airflow/example_dags/example_branch_labels.py
[2025-01-12T00:14:58.398+0000] {processor.py:753} INFO - DAG(s) dict_keys(['example_branch_labels']) retrieved from /home/airflow/.local/lib/python3.7/site-packages/airflow/example_dags/example_branch_labels.py
[2025-01-12T00:14:58.409+0000] {logging_mixin.py:137} INFO - [2025-01-12T00:14:58.409+0000] {dag.py:2690} INFO - Sync 1 DAGs
[2025-01-12T00:14:58.420+0000] {logging_mixin.py:137} INFO - [2025-01-12T00:14:58.420+0000] {dag.py:3441} INFO - Setting next_dagrun for example_branch_labels to 2025-01-11T00:00:00+00:00, run_after=2025-01-12T00:00:00+00:00
[2025-01-12T00:14:58.427+0000] {processor.py:175} INFO - Processing /home/airflow/.local/lib/python3.7/site-packages/airflow/example_dags/example_branch_labels.py took 0.039 seconds
[2025-01-12T00:15:28.817+0000] {processor.py:153} INFO - Started process (PID=11449) to work on /home/airflow/.local/lib/python3.7/site-packages/airflow/example_dags/example_branch_labels.py
[2025-01-12T00:15:28.817+0000] {processor.py:743} INFO - Processing file /home/airflow/.local/lib/python3.7/site-packages/airflow/example_dags/example_branch_labels.py for tasks to queue
[2025-01-12T00:15:28.817+0000] {logging_mixin.py:137} INFO - [2025-01-12T00:15:28.817+0000] {dagbag.py:538} INFO - Filling up the DagBag from /home/airflow/.local/lib/python3.7/site-packages/airflow/example_dags/example_branch_labels.py
[2025-01-12T00:15:28.826+0000] {processor.py:753} INFO - DAG(s) dict_keys(['example_branch_labels']) retrieved from /home/airflow/.local/lib/python3.7/site-packages/airflow/example_dags/example_branch_labels.py
[2025-01-12T00:15:28.838+0000] {logging_mixin.py:137} INFO - [2025-01-12T00:15:28.838+0000] {dag.py:2690} INFO - Sync 1 DAGs
[2025-01-12T00:15:28.850+0000] {logging_mixin.py:137} INFO - [2025-01-12T00:15:28.850+0000] {dag.py:3441} INFO - Setting next_dagrun for example_branch_labels to 2025-01-11T00:00:00+00:00, run_after=2025-01-12T00:00:00+00:00
[2025-01-12T00:15:28.859+0000] {processor.py:175} INFO - Processing /home/airflow/.local/lib/python3.7/site-packages/airflow/example_dags/example_branch_labels.py took 0.043 seconds
[2025-01-12T00:15:59.351+0000] {processor.py:153} INFO - Started process (PID=11525) to work on /home/airflow/.local/lib/python3.7/site-packages/airflow/example_dags/example_branch_labels.py
[2025-01-12T00:15:59.352+0000] {processor.py:743} INFO - Processing file /home/airflow/.local/lib/python3.7/site-packages/airflow/example_dags/example_branch_labels.py for tasks to queue
[2025-01-12T00:15:59.353+0000] {logging_mixin.py:137} INFO - [2025-01-12T00:15:59.352+0000] {dagbag.py:538} INFO - Filling up the DagBag from /home/airflow/.local/lib/python3.7/site-packages/airflow/example_dags/example_branch_labels.py
[2025-01-12T00:15:59.359+0000] {processor.py:753} INFO - DAG(s) dict_keys(['example_branch_labels']) retrieved from /home/airflow/.local/lib/python3.7/site-packages/airflow/example_dags/example_branch_labels.py
[2025-01-12T00:15:59.371+0000] {logging_mixin.py:137} INFO - [2025-01-12T00:15:59.371+0000] {dag.py:2690} INFO - Sync 1 DAGs
[2025-01-12T00:15:59.386+0000] {logging_mixin.py:137} INFO - [2025-01-12T00:15:59.386+0000] {dag.py:3441} INFO - Setting next_dagrun for example_branch_labels to 2025-01-11T00:00:00+00:00, run_after=2025-01-12T00:00:00+00:00
[2025-01-12T00:15:59.397+0000] {processor.py:175} INFO - Processing /home/airflow/.local/lib/python3.7/site-packages/airflow/example_dags/example_branch_labels.py took 0.048 seconds
[2025-01-12T00:16:29.838+0000] {processor.py:153} INFO - Started process (PID=11617) to work on /home/airflow/.local/lib/python3.7/site-packages/airflow/example_dags/example_branch_labels.py
[2025-01-12T00:16:29.839+0000] {processor.py:743} INFO - Processing file /home/airflow/.local/lib/python3.7/site-packages/airflow/example_dags/example_branch_labels.py for tasks to queue
[2025-01-12T00:16:29.841+0000] {logging_mixin.py:137} INFO - [2025-01-12T00:16:29.841+0000] {dagbag.py:538} INFO - Filling up the DagBag from /home/airflow/.local/lib/python3.7/site-packages/airflow/example_dags/example_branch_labels.py
[2025-01-12T00:16:29.847+0000] {processor.py:753} INFO - DAG(s) dict_keys(['example_branch_labels']) retrieved from /home/airflow/.local/lib/python3.7/site-packages/airflow/example_dags/example_branch_labels.py
[2025-01-12T00:16:29.860+0000] {logging_mixin.py:137} INFO - [2025-01-12T00:16:29.860+0000] {dag.py:2690} INFO - Sync 1 DAGs
[2025-01-12T00:16:29.871+0000] {logging_mixin.py:137} INFO - [2025-01-12T00:16:29.871+0000] {dag.py:3441} INFO - Setting next_dagrun for example_branch_labels to 2025-01-11T00:00:00+00:00, run_after=2025-01-12T00:00:00+00:00
[2025-01-12T00:16:29.882+0000] {processor.py:175} INFO - Processing /home/airflow/.local/lib/python3.7/site-packages/airflow/example_dags/example_branch_labels.py took 0.046 seconds
[2025-01-12T00:17:00.368+0000] {processor.py:153} INFO - Started process (PID=11709) to work on /home/airflow/.local/lib/python3.7/site-packages/airflow/example_dags/example_branch_labels.py
[2025-01-12T00:17:00.369+0000] {processor.py:743} INFO - Processing file /home/airflow/.local/lib/python3.7/site-packages/airflow/example_dags/example_branch_labels.py for tasks to queue
[2025-01-12T00:17:00.370+0000] {logging_mixin.py:137} INFO - [2025-01-12T00:17:00.370+0000] {dagbag.py:538} INFO - Filling up the DagBag from /home/airflow/.local/lib/python3.7/site-packages/airflow/example_dags/example_branch_labels.py
[2025-01-12T00:17:00.376+0000] {processor.py:753} INFO - DAG(s) dict_keys(['example_branch_labels']) retrieved from /home/airflow/.local/lib/python3.7/site-packages/airflow/example_dags/example_branch_labels.py
[2025-01-12T00:17:00.387+0000] {logging_mixin.py:137} INFO - [2025-01-12T00:17:00.387+0000] {dag.py:2690} INFO - Sync 1 DAGs
[2025-01-12T00:17:00.398+0000] {logging_mixin.py:137} INFO - [2025-01-12T00:17:00.398+0000] {dag.py:3441} INFO - Setting next_dagrun for example_branch_labels to 2025-01-11T00:00:00+00:00, run_after=2025-01-12T00:00:00+00:00
[2025-01-12T00:17:00.408+0000] {processor.py:175} INFO - Processing /home/airflow/.local/lib/python3.7/site-packages/airflow/example_dags/example_branch_labels.py took 0.041 seconds
