[2025-01-12T00:00:08.798+0000] {processor.py:153} INFO - Started process (PID=8774) to work on /home/airflow/.local/lib/python3.7/site-packages/airflow/example_dags/example_skip_dag.py
[2025-01-12T00:00:08.799+0000] {processor.py:743} INFO - Processing file /home/airflow/.local/lib/python3.7/site-packages/airflow/example_dags/example_skip_dag.py for tasks to queue
[2025-01-12T00:00:08.799+0000] {logging_mixin.py:137} INFO - [2025-01-12T00:00:08.799+0000] {dagbag.py:538} INFO - Filling up the DagBag from /home/airflow/.local/lib/python3.7/site-packages/airflow/example_dags/example_skip_dag.py
[2025-01-12T00:00:08.806+0000] {processor.py:753} INFO - DAG(s) dict_keys(['example_skip_dag']) retrieved from /home/airflow/.local/lib/python3.7/site-packages/airflow/example_dags/example_skip_dag.py
[2025-01-12T00:00:08.817+0000] {logging_mixin.py:137} INFO - [2025-01-12T00:00:08.817+0000] {dag.py:2690} INFO - Sync 1 DAGs
[2025-01-12T00:00:08.830+0000] {logging_mixin.py:137} INFO - [2025-01-12T00:00:08.830+0000] {dag.py:3441} INFO - Setting next_dagrun for example_skip_dag to 2025-01-11T00:00:08.830092+00:00, run_after=2025-01-12T00:00:08.830092+00:00
[2025-01-12T00:00:08.840+0000] {processor.py:175} INFO - Processing /home/airflow/.local/lib/python3.7/site-packages/airflow/example_dags/example_skip_dag.py took 0.044 seconds
[2025-01-12T00:00:39.500+0000] {processor.py:153} INFO - Started process (PID=8858) to work on /home/airflow/.local/lib/python3.7/site-packages/airflow/example_dags/example_skip_dag.py
[2025-01-12T00:00:39.501+0000] {processor.py:743} INFO - Processing file /home/airflow/.local/lib/python3.7/site-packages/airflow/example_dags/example_skip_dag.py for tasks to queue
[2025-01-12T00:00:39.501+0000] {logging_mixin.py:137} INFO - [2025-01-12T00:00:39.501+0000] {dagbag.py:538} INFO - Filling up the DagBag from /home/airflow/.local/lib/python3.7/site-packages/airflow/example_dags/example_skip_dag.py
[2025-01-12T00:00:39.508+0000] {processor.py:753} INFO - DAG(s) dict_keys(['example_skip_dag']) retrieved from /home/airflow/.local/lib/python3.7/site-packages/airflow/example_dags/example_skip_dag.py
[2025-01-12T00:00:39.521+0000] {logging_mixin.py:137} INFO - [2025-01-12T00:00:39.521+0000] {dag.py:2690} INFO - Sync 1 DAGs
[2025-01-12T00:00:39.534+0000] {logging_mixin.py:137} INFO - [2025-01-12T00:00:39.534+0000] {dag.py:3441} INFO - Setting next_dagrun for example_skip_dag to 2025-01-11T00:00:39.533979+00:00, run_after=2025-01-12T00:00:39.533979+00:00
[2025-01-12T00:00:39.542+0000] {processor.py:175} INFO - Processing /home/airflow/.local/lib/python3.7/site-packages/airflow/example_dags/example_skip_dag.py took 0.044 seconds
[2025-01-12T00:01:10.252+0000] {processor.py:153} INFO - Started process (PID=8941) to work on /home/airflow/.local/lib/python3.7/site-packages/airflow/example_dags/example_skip_dag.py
[2025-01-12T00:01:10.253+0000] {processor.py:743} INFO - Processing file /home/airflow/.local/lib/python3.7/site-packages/airflow/example_dags/example_skip_dag.py for tasks to queue
[2025-01-12T00:01:10.254+0000] {logging_mixin.py:137} INFO - [2025-01-12T00:01:10.254+0000] {dagbag.py:538} INFO - Filling up the DagBag from /home/airflow/.local/lib/python3.7/site-packages/airflow/example_dags/example_skip_dag.py
[2025-01-12T00:01:10.262+0000] {processor.py:753} INFO - DAG(s) dict_keys(['example_skip_dag']) retrieved from /home/airflow/.local/lib/python3.7/site-packages/airflow/example_dags/example_skip_dag.py
[2025-01-12T00:01:10.275+0000] {logging_mixin.py:137} INFO - [2025-01-12T00:01:10.275+0000] {dag.py:2690} INFO - Sync 1 DAGs
[2025-01-12T00:01:10.287+0000] {logging_mixin.py:137} INFO - [2025-01-12T00:01:10.287+0000] {dag.py:3441} INFO - Setting next_dagrun for example_skip_dag to 2025-01-11T00:01:10.287518+00:00, run_after=2025-01-12T00:01:10.287518+00:00
[2025-01-12T00:01:10.298+0000] {processor.py:175} INFO - Processing /home/airflow/.local/lib/python3.7/site-packages/airflow/example_dags/example_skip_dag.py took 0.048 seconds
[2025-01-12T00:01:40.923+0000] {processor.py:153} INFO - Started process (PID=9033) to work on /home/airflow/.local/lib/python3.7/site-packages/airflow/example_dags/example_skip_dag.py
[2025-01-12T00:01:40.924+0000] {processor.py:743} INFO - Processing file /home/airflow/.local/lib/python3.7/site-packages/airflow/example_dags/example_skip_dag.py for tasks to queue
[2025-01-12T00:01:40.924+0000] {logging_mixin.py:137} INFO - [2025-01-12T00:01:40.924+0000] {dagbag.py:538} INFO - Filling up the DagBag from /home/airflow/.local/lib/python3.7/site-packages/airflow/example_dags/example_skip_dag.py
[2025-01-12T00:01:40.930+0000] {processor.py:753} INFO - DAG(s) dict_keys(['example_skip_dag']) retrieved from /home/airflow/.local/lib/python3.7/site-packages/airflow/example_dags/example_skip_dag.py
[2025-01-12T00:01:40.941+0000] {logging_mixin.py:137} INFO - [2025-01-12T00:01:40.941+0000] {dag.py:2690} INFO - Sync 1 DAGs
[2025-01-12T00:01:40.951+0000] {logging_mixin.py:137} INFO - [2025-01-12T00:01:40.951+0000] {dag.py:3441} INFO - Setting next_dagrun for example_skip_dag to 2025-01-11T00:01:40.951785+00:00, run_after=2025-01-12T00:01:40.951785+00:00
[2025-01-12T00:01:40.959+0000] {processor.py:175} INFO - Processing /home/airflow/.local/lib/python3.7/site-packages/airflow/example_dags/example_skip_dag.py took 0.037 seconds
[2025-01-12T00:02:11.449+0000] {processor.py:153} INFO - Started process (PID=9125) to work on /home/airflow/.local/lib/python3.7/site-packages/airflow/example_dags/example_skip_dag.py
[2025-01-12T00:02:11.449+0000] {processor.py:743} INFO - Processing file /home/airflow/.local/lib/python3.7/site-packages/airflow/example_dags/example_skip_dag.py for tasks to queue
[2025-01-12T00:02:11.450+0000] {logging_mixin.py:137} INFO - [2025-01-12T00:02:11.449+0000] {dagbag.py:538} INFO - Filling up the DagBag from /home/airflow/.local/lib/python3.7/site-packages/airflow/example_dags/example_skip_dag.py
[2025-01-12T00:02:11.456+0000] {processor.py:753} INFO - DAG(s) dict_keys(['example_skip_dag']) retrieved from /home/airflow/.local/lib/python3.7/site-packages/airflow/example_dags/example_skip_dag.py
[2025-01-12T00:02:11.467+0000] {logging_mixin.py:137} INFO - [2025-01-12T00:02:11.467+0000] {dag.py:2690} INFO - Sync 1 DAGs
[2025-01-12T00:02:11.478+0000] {logging_mixin.py:137} INFO - [2025-01-12T00:02:11.478+0000] {dag.py:3441} INFO - Setting next_dagrun for example_skip_dag to 2025-01-11T00:02:11.478341+00:00, run_after=2025-01-12T00:02:11.478341+00:00
[2025-01-12T00:02:11.486+0000] {processor.py:175} INFO - Processing /home/airflow/.local/lib/python3.7/site-packages/airflow/example_dags/example_skip_dag.py took 0.040 seconds
[2025-01-12T00:02:42.132+0000] {processor.py:153} INFO - Started process (PID=9216) to work on /home/airflow/.local/lib/python3.7/site-packages/airflow/example_dags/example_skip_dag.py
[2025-01-12T00:02:42.133+0000] {processor.py:743} INFO - Processing file /home/airflow/.local/lib/python3.7/site-packages/airflow/example_dags/example_skip_dag.py for tasks to queue
[2025-01-12T00:02:42.133+0000] {logging_mixin.py:137} INFO - [2025-01-12T00:02:42.133+0000] {dagbag.py:538} INFO - Filling up the DagBag from /home/airflow/.local/lib/python3.7/site-packages/airflow/example_dags/example_skip_dag.py
[2025-01-12T00:02:42.145+0000] {processor.py:753} INFO - DAG(s) dict_keys(['example_skip_dag']) retrieved from /home/airflow/.local/lib/python3.7/site-packages/airflow/example_dags/example_skip_dag.py
[2025-01-12T00:02:42.166+0000] {logging_mixin.py:137} INFO - [2025-01-12T00:02:42.165+0000] {dag.py:2690} INFO - Sync 1 DAGs
[2025-01-12T00:02:42.189+0000] {logging_mixin.py:137} INFO - [2025-01-12T00:02:42.189+0000] {dag.py:3441} INFO - Setting next_dagrun for example_skip_dag to 2025-01-11T00:02:42.188950+00:00, run_after=2025-01-12T00:02:42.188950+00:00
[2025-01-12T00:02:42.205+0000] {processor.py:175} INFO - Processing /home/airflow/.local/lib/python3.7/site-packages/airflow/example_dags/example_skip_dag.py took 0.078 seconds
[2025-01-12T00:03:12.712+0000] {processor.py:153} INFO - Started process (PID=9291) to work on /home/airflow/.local/lib/python3.7/site-packages/airflow/example_dags/example_skip_dag.py
[2025-01-12T00:03:12.712+0000] {processor.py:743} INFO - Processing file /home/airflow/.local/lib/python3.7/site-packages/airflow/example_dags/example_skip_dag.py for tasks to queue
[2025-01-12T00:03:12.712+0000] {logging_mixin.py:137} INFO - [2025-01-12T00:03:12.712+0000] {dagbag.py:538} INFO - Filling up the DagBag from /home/airflow/.local/lib/python3.7/site-packages/airflow/example_dags/example_skip_dag.py
[2025-01-12T00:03:12.718+0000] {processor.py:753} INFO - DAG(s) dict_keys(['example_skip_dag']) retrieved from /home/airflow/.local/lib/python3.7/site-packages/airflow/example_dags/example_skip_dag.py
[2025-01-12T00:03:12.728+0000] {logging_mixin.py:137} INFO - [2025-01-12T00:03:12.728+0000] {dag.py:2690} INFO - Sync 1 DAGs
[2025-01-12T00:03:12.738+0000] {logging_mixin.py:137} INFO - [2025-01-12T00:03:12.738+0000] {dag.py:3441} INFO - Setting next_dagrun for example_skip_dag to 2025-01-11T00:03:12.738157+00:00, run_after=2025-01-12T00:03:12.738157+00:00
[2025-01-12T00:03:12.745+0000] {processor.py:175} INFO - Processing /home/airflow/.local/lib/python3.7/site-packages/airflow/example_dags/example_skip_dag.py took 0.035 seconds
[2025-01-12T00:03:43.356+0000] {processor.py:153} INFO - Started process (PID=9382) to work on /home/airflow/.local/lib/python3.7/site-packages/airflow/example_dags/example_skip_dag.py
[2025-01-12T00:03:43.357+0000] {processor.py:743} INFO - Processing file /home/airflow/.local/lib/python3.7/site-packages/airflow/example_dags/example_skip_dag.py for tasks to queue
[2025-01-12T00:03:43.357+0000] {logging_mixin.py:137} INFO - [2025-01-12T00:03:43.357+0000] {dagbag.py:538} INFO - Filling up the DagBag from /home/airflow/.local/lib/python3.7/site-packages/airflow/example_dags/example_skip_dag.py
[2025-01-12T00:03:43.364+0000] {processor.py:753} INFO - DAG(s) dict_keys(['example_skip_dag']) retrieved from /home/airflow/.local/lib/python3.7/site-packages/airflow/example_dags/example_skip_dag.py
[2025-01-12T00:03:43.379+0000] {logging_mixin.py:137} INFO - [2025-01-12T00:03:43.379+0000] {dag.py:2690} INFO - Sync 1 DAGs
[2025-01-12T00:03:43.391+0000] {logging_mixin.py:137} INFO - [2025-01-12T00:03:43.391+0000] {dag.py:3441} INFO - Setting next_dagrun for example_skip_dag to 2025-01-11T00:03:43.391102+00:00, run_after=2025-01-12T00:03:43.391102+00:00
[2025-01-12T00:03:43.398+0000] {processor.py:175} INFO - Processing /home/airflow/.local/lib/python3.7/site-packages/airflow/example_dags/example_skip_dag.py took 0.044 seconds
[2025-01-12T00:04:13.807+0000] {processor.py:153} INFO - Started process (PID=9474) to work on /home/airflow/.local/lib/python3.7/site-packages/airflow/example_dags/example_skip_dag.py
[2025-01-12T00:04:13.808+0000] {processor.py:743} INFO - Processing file /home/airflow/.local/lib/python3.7/site-packages/airflow/example_dags/example_skip_dag.py for tasks to queue
[2025-01-12T00:04:13.808+0000] {logging_mixin.py:137} INFO - [2025-01-12T00:04:13.808+0000] {dagbag.py:538} INFO - Filling up the DagBag from /home/airflow/.local/lib/python3.7/site-packages/airflow/example_dags/example_skip_dag.py
[2025-01-12T00:04:13.814+0000] {processor.py:753} INFO - DAG(s) dict_keys(['example_skip_dag']) retrieved from /home/airflow/.local/lib/python3.7/site-packages/airflow/example_dags/example_skip_dag.py
[2025-01-12T00:04:13.824+0000] {logging_mixin.py:137} INFO - [2025-01-12T00:04:13.824+0000] {dag.py:2690} INFO - Sync 1 DAGs
[2025-01-12T00:04:13.834+0000] {logging_mixin.py:137} INFO - [2025-01-12T00:04:13.834+0000] {dag.py:3441} INFO - Setting next_dagrun for example_skip_dag to 2025-01-11T00:04:13.834303+00:00, run_after=2025-01-12T00:04:13.834303+00:00
[2025-01-12T00:04:13.841+0000] {processor.py:175} INFO - Processing /home/airflow/.local/lib/python3.7/site-packages/airflow/example_dags/example_skip_dag.py took 0.035 seconds
[2025-01-12T00:04:44.211+0000] {processor.py:153} INFO - Started process (PID=9566) to work on /home/airflow/.local/lib/python3.7/site-packages/airflow/example_dags/example_skip_dag.py
[2025-01-12T00:04:44.212+0000] {processor.py:743} INFO - Processing file /home/airflow/.local/lib/python3.7/site-packages/airflow/example_dags/example_skip_dag.py for tasks to queue
[2025-01-12T00:04:44.212+0000] {logging_mixin.py:137} INFO - [2025-01-12T00:04:44.212+0000] {dagbag.py:538} INFO - Filling up the DagBag from /home/airflow/.local/lib/python3.7/site-packages/airflow/example_dags/example_skip_dag.py
[2025-01-12T00:04:44.218+0000] {processor.py:753} INFO - DAG(s) dict_keys(['example_skip_dag']) retrieved from /home/airflow/.local/lib/python3.7/site-packages/airflow/example_dags/example_skip_dag.py
[2025-01-12T00:04:44.229+0000] {logging_mixin.py:137} INFO - [2025-01-12T00:04:44.229+0000] {dag.py:2690} INFO - Sync 1 DAGs
[2025-01-12T00:04:44.240+0000] {logging_mixin.py:137} INFO - [2025-01-12T00:04:44.240+0000] {dag.py:3441} INFO - Setting next_dagrun for example_skip_dag to 2025-01-11T00:04:44.240109+00:00, run_after=2025-01-12T00:04:44.240109+00:00
[2025-01-12T00:04:44.247+0000] {processor.py:175} INFO - Processing /home/airflow/.local/lib/python3.7/site-packages/airflow/example_dags/example_skip_dag.py took 0.037 seconds
[2025-01-12T00:05:14.703+0000] {processor.py:153} INFO - Started process (PID=9642) to work on /home/airflow/.local/lib/python3.7/site-packages/airflow/example_dags/example_skip_dag.py
[2025-01-12T00:05:14.703+0000] {processor.py:743} INFO - Processing file /home/airflow/.local/lib/python3.7/site-packages/airflow/example_dags/example_skip_dag.py for tasks to queue
[2025-01-12T00:05:14.704+0000] {logging_mixin.py:137} INFO - [2025-01-12T00:05:14.703+0000] {dagbag.py:538} INFO - Filling up the DagBag from /home/airflow/.local/lib/python3.7/site-packages/airflow/example_dags/example_skip_dag.py
[2025-01-12T00:05:14.709+0000] {processor.py:753} INFO - DAG(s) dict_keys(['example_skip_dag']) retrieved from /home/airflow/.local/lib/python3.7/site-packages/airflow/example_dags/example_skip_dag.py
[2025-01-12T00:05:14.719+0000] {logging_mixin.py:137} INFO - [2025-01-12T00:05:14.719+0000] {dag.py:2690} INFO - Sync 1 DAGs
[2025-01-12T00:05:14.729+0000] {logging_mixin.py:137} INFO - [2025-01-12T00:05:14.729+0000] {dag.py:3441} INFO - Setting next_dagrun for example_skip_dag to 2025-01-11T00:05:14.729303+00:00, run_after=2025-01-12T00:05:14.729303+00:00
[2025-01-12T00:05:14.736+0000] {processor.py:175} INFO - Processing /home/airflow/.local/lib/python3.7/site-packages/airflow/example_dags/example_skip_dag.py took 0.034 seconds
[2025-01-12T00:05:45.433+0000] {processor.py:153} INFO - Started process (PID=9734) to work on /home/airflow/.local/lib/python3.7/site-packages/airflow/example_dags/example_skip_dag.py
[2025-01-12T00:05:45.434+0000] {processor.py:743} INFO - Processing file /home/airflow/.local/lib/python3.7/site-packages/airflow/example_dags/example_skip_dag.py for tasks to queue
[2025-01-12T00:05:45.434+0000] {logging_mixin.py:137} INFO - [2025-01-12T00:05:45.434+0000] {dagbag.py:538} INFO - Filling up the DagBag from /home/airflow/.local/lib/python3.7/site-packages/airflow/example_dags/example_skip_dag.py
[2025-01-12T00:05:45.440+0000] {processor.py:753} INFO - DAG(s) dict_keys(['example_skip_dag']) retrieved from /home/airflow/.local/lib/python3.7/site-packages/airflow/example_dags/example_skip_dag.py
[2025-01-12T00:05:45.451+0000] {logging_mixin.py:137} INFO - [2025-01-12T00:05:45.451+0000] {dag.py:2690} INFO - Sync 1 DAGs
[2025-01-12T00:05:45.462+0000] {logging_mixin.py:137} INFO - [2025-01-12T00:05:45.461+0000] {dag.py:3441} INFO - Setting next_dagrun for example_skip_dag to 2025-01-11T00:05:45.461815+00:00, run_after=2025-01-12T00:05:45.461815+00:00
[2025-01-12T00:05:45.469+0000] {processor.py:175} INFO - Processing /home/airflow/.local/lib/python3.7/site-packages/airflow/example_dags/example_skip_dag.py took 0.037 seconds
[2025-01-12T00:06:16.075+0000] {processor.py:153} INFO - Started process (PID=9826) to work on /home/airflow/.local/lib/python3.7/site-packages/airflow/example_dags/example_skip_dag.py
[2025-01-12T00:06:16.076+0000] {processor.py:743} INFO - Processing file /home/airflow/.local/lib/python3.7/site-packages/airflow/example_dags/example_skip_dag.py for tasks to queue
[2025-01-12T00:06:16.076+0000] {logging_mixin.py:137} INFO - [2025-01-12T00:06:16.076+0000] {dagbag.py:538} INFO - Filling up the DagBag from /home/airflow/.local/lib/python3.7/site-packages/airflow/example_dags/example_skip_dag.py
[2025-01-12T00:06:16.083+0000] {processor.py:753} INFO - DAG(s) dict_keys(['example_skip_dag']) retrieved from /home/airflow/.local/lib/python3.7/site-packages/airflow/example_dags/example_skip_dag.py
[2025-01-12T00:06:16.095+0000] {logging_mixin.py:137} INFO - [2025-01-12T00:06:16.095+0000] {dag.py:2690} INFO - Sync 1 DAGs
[2025-01-12T00:06:16.107+0000] {logging_mixin.py:137} INFO - [2025-01-12T00:06:16.107+0000] {dag.py:3441} INFO - Setting next_dagrun for example_skip_dag to 2025-01-11T00:06:16.106954+00:00, run_after=2025-01-12T00:06:16.106954+00:00
[2025-01-12T00:06:16.114+0000] {processor.py:175} INFO - Processing /home/airflow/.local/lib/python3.7/site-packages/airflow/example_dags/example_skip_dag.py took 0.041 seconds
[2025-01-12T00:06:46.629+0000] {processor.py:153} INFO - Started process (PID=9918) to work on /home/airflow/.local/lib/python3.7/site-packages/airflow/example_dags/example_skip_dag.py
[2025-01-12T00:06:46.630+0000] {processor.py:743} INFO - Processing file /home/airflow/.local/lib/python3.7/site-packages/airflow/example_dags/example_skip_dag.py for tasks to queue
[2025-01-12T00:06:46.630+0000] {logging_mixin.py:137} INFO - [2025-01-12T00:06:46.630+0000] {dagbag.py:538} INFO - Filling up the DagBag from /home/airflow/.local/lib/python3.7/site-packages/airflow/example_dags/example_skip_dag.py
[2025-01-12T00:06:46.636+0000] {processor.py:753} INFO - DAG(s) dict_keys(['example_skip_dag']) retrieved from /home/airflow/.local/lib/python3.7/site-packages/airflow/example_dags/example_skip_dag.py
[2025-01-12T00:06:46.647+0000] {logging_mixin.py:137} INFO - [2025-01-12T00:06:46.647+0000] {dag.py:2690} INFO - Sync 1 DAGs
[2025-01-12T00:06:46.657+0000] {logging_mixin.py:137} INFO - [2025-01-12T00:06:46.657+0000] {dag.py:3441} INFO - Setting next_dagrun for example_skip_dag to 2025-01-11T00:06:46.657691+00:00, run_after=2025-01-12T00:06:46.657691+00:00
[2025-01-12T00:06:46.664+0000] {processor.py:175} INFO - Processing /home/airflow/.local/lib/python3.7/site-packages/airflow/example_dags/example_skip_dag.py took 0.036 seconds
[2025-01-12T00:07:17.148+0000] {processor.py:153} INFO - Started process (PID=9994) to work on /home/airflow/.local/lib/python3.7/site-packages/airflow/example_dags/example_skip_dag.py
[2025-01-12T00:07:17.149+0000] {processor.py:743} INFO - Processing file /home/airflow/.local/lib/python3.7/site-packages/airflow/example_dags/example_skip_dag.py for tasks to queue
[2025-01-12T00:07:17.149+0000] {logging_mixin.py:137} INFO - [2025-01-12T00:07:17.149+0000] {dagbag.py:538} INFO - Filling up the DagBag from /home/airflow/.local/lib/python3.7/site-packages/airflow/example_dags/example_skip_dag.py
[2025-01-12T00:07:17.155+0000] {processor.py:753} INFO - DAG(s) dict_keys(['example_skip_dag']) retrieved from /home/airflow/.local/lib/python3.7/site-packages/airflow/example_dags/example_skip_dag.py
[2025-01-12T00:07:17.165+0000] {logging_mixin.py:137} INFO - [2025-01-12T00:07:17.165+0000] {dag.py:2690} INFO - Sync 1 DAGs
[2025-01-12T00:07:17.176+0000] {logging_mixin.py:137} INFO - [2025-01-12T00:07:17.175+0000] {dag.py:3441} INFO - Setting next_dagrun for example_skip_dag to 2025-01-11T00:07:17.175884+00:00, run_after=2025-01-12T00:07:17.175884+00:00
[2025-01-12T00:07:17.183+0000] {processor.py:175} INFO - Processing /home/airflow/.local/lib/python3.7/site-packages/airflow/example_dags/example_skip_dag.py took 0.036 seconds
[2025-01-12T00:07:47.804+0000] {processor.py:153} INFO - Started process (PID=10085) to work on /home/airflow/.local/lib/python3.7/site-packages/airflow/example_dags/example_skip_dag.py
[2025-01-12T00:07:47.804+0000] {processor.py:743} INFO - Processing file /home/airflow/.local/lib/python3.7/site-packages/airflow/example_dags/example_skip_dag.py for tasks to queue
[2025-01-12T00:07:47.804+0000] {logging_mixin.py:137} INFO - [2025-01-12T00:07:47.804+0000] {dagbag.py:538} INFO - Filling up the DagBag from /home/airflow/.local/lib/python3.7/site-packages/airflow/example_dags/example_skip_dag.py
[2025-01-12T00:07:47.811+0000] {processor.py:753} INFO - DAG(s) dict_keys(['example_skip_dag']) retrieved from /home/airflow/.local/lib/python3.7/site-packages/airflow/example_dags/example_skip_dag.py
[2025-01-12T00:07:47.822+0000] {logging_mixin.py:137} INFO - [2025-01-12T00:07:47.822+0000] {dag.py:2690} INFO - Sync 1 DAGs
[2025-01-12T00:07:47.832+0000] {logging_mixin.py:137} INFO - [2025-01-12T00:07:47.832+0000] {dag.py:3441} INFO - Setting next_dagrun for example_skip_dag to 2025-01-11T00:07:47.832714+00:00, run_after=2025-01-12T00:07:47.832714+00:00
[2025-01-12T00:07:47.839+0000] {processor.py:175} INFO - Processing /home/airflow/.local/lib/python3.7/site-packages/airflow/example_dags/example_skip_dag.py took 0.037 seconds
[2025-01-12T00:08:18.299+0000] {processor.py:153} INFO - Started process (PID=10177) to work on /home/airflow/.local/lib/python3.7/site-packages/airflow/example_dags/example_skip_dag.py
[2025-01-12T00:08:18.301+0000] {processor.py:743} INFO - Processing file /home/airflow/.local/lib/python3.7/site-packages/airflow/example_dags/example_skip_dag.py for tasks to queue
[2025-01-12T00:08:18.303+0000] {logging_mixin.py:137} INFO - [2025-01-12T00:08:18.303+0000] {dagbag.py:538} INFO - Filling up the DagBag from /home/airflow/.local/lib/python3.7/site-packages/airflow/example_dags/example_skip_dag.py
[2025-01-12T00:08:18.311+0000] {processor.py:753} INFO - DAG(s) dict_keys(['example_skip_dag']) retrieved from /home/airflow/.local/lib/python3.7/site-packages/airflow/example_dags/example_skip_dag.py
[2025-01-12T00:08:18.325+0000] {logging_mixin.py:137} INFO - [2025-01-12T00:08:18.325+0000] {dag.py:2690} INFO - Sync 1 DAGs
[2025-01-12T00:08:18.340+0000] {logging_mixin.py:137} INFO - [2025-01-12T00:08:18.340+0000] {dag.py:3441} INFO - Setting next_dagrun for example_skip_dag to 2025-01-11T00:08:18.340076+00:00, run_after=2025-01-12T00:08:18.340076+00:00
[2025-01-12T00:08:18.353+0000] {processor.py:175} INFO - Processing /home/airflow/.local/lib/python3.7/site-packages/airflow/example_dags/example_skip_dag.py took 0.055 seconds
[2025-01-12T00:08:48.981+0000] {processor.py:153} INFO - Started process (PID=10269) to work on /home/airflow/.local/lib/python3.7/site-packages/airflow/example_dags/example_skip_dag.py
[2025-01-12T00:08:48.981+0000] {processor.py:743} INFO - Processing file /home/airflow/.local/lib/python3.7/site-packages/airflow/example_dags/example_skip_dag.py for tasks to queue
[2025-01-12T00:08:48.981+0000] {logging_mixin.py:137} INFO - [2025-01-12T00:08:48.981+0000] {dagbag.py:538} INFO - Filling up the DagBag from /home/airflow/.local/lib/python3.7/site-packages/airflow/example_dags/example_skip_dag.py
[2025-01-12T00:08:48.988+0000] {processor.py:753} INFO - DAG(s) dict_keys(['example_skip_dag']) retrieved from /home/airflow/.local/lib/python3.7/site-packages/airflow/example_dags/example_skip_dag.py
[2025-01-12T00:08:48.999+0000] {logging_mixin.py:137} INFO - [2025-01-12T00:08:48.998+0000] {dag.py:2690} INFO - Sync 1 DAGs
[2025-01-12T00:08:49.009+0000] {logging_mixin.py:137} INFO - [2025-01-12T00:08:49.009+0000] {dag.py:3441} INFO - Setting next_dagrun for example_skip_dag to 2025-01-11T00:08:49.009015+00:00, run_after=2025-01-12T00:08:49.009015+00:00
[2025-01-12T00:08:49.016+0000] {processor.py:175} INFO - Processing /home/airflow/.local/lib/python3.7/site-packages/airflow/example_dags/example_skip_dag.py took 0.037 seconds
[2025-01-12T00:09:19.746+0000] {processor.py:153} INFO - Started process (PID=10353) to work on /home/airflow/.local/lib/python3.7/site-packages/airflow/example_dags/example_skip_dag.py
[2025-01-12T00:09:19.747+0000] {processor.py:743} INFO - Processing file /home/airflow/.local/lib/python3.7/site-packages/airflow/example_dags/example_skip_dag.py for tasks to queue
[2025-01-12T00:09:19.747+0000] {logging_mixin.py:137} INFO - [2025-01-12T00:09:19.747+0000] {dagbag.py:538} INFO - Filling up the DagBag from /home/airflow/.local/lib/python3.7/site-packages/airflow/example_dags/example_skip_dag.py
[2025-01-12T00:09:19.756+0000] {processor.py:753} INFO - DAG(s) dict_keys(['example_skip_dag']) retrieved from /home/airflow/.local/lib/python3.7/site-packages/airflow/example_dags/example_skip_dag.py
[2025-01-12T00:09:19.768+0000] {logging_mixin.py:137} INFO - [2025-01-12T00:09:19.767+0000] {dag.py:2690} INFO - Sync 1 DAGs
[2025-01-12T00:09:19.783+0000] {logging_mixin.py:137} INFO - [2025-01-12T00:09:19.783+0000] {dag.py:3441} INFO - Setting next_dagrun for example_skip_dag to 2025-01-11T00:09:19.782828+00:00, run_after=2025-01-12T00:09:19.782828+00:00
[2025-01-12T00:09:19.794+0000] {processor.py:175} INFO - Processing /home/airflow/.local/lib/python3.7/site-packages/airflow/example_dags/example_skip_dag.py took 0.049 seconds
[2025-01-12T00:09:50.599+0000] {processor.py:153} INFO - Started process (PID=10436) to work on /home/airflow/.local/lib/python3.7/site-packages/airflow/example_dags/example_skip_dag.py
[2025-01-12T00:09:50.602+0000] {processor.py:743} INFO - Processing file /home/airflow/.local/lib/python3.7/site-packages/airflow/example_dags/example_skip_dag.py for tasks to queue
[2025-01-12T00:09:50.603+0000] {logging_mixin.py:137} INFO - [2025-01-12T00:09:50.603+0000] {dagbag.py:538} INFO - Filling up the DagBag from /home/airflow/.local/lib/python3.7/site-packages/airflow/example_dags/example_skip_dag.py
[2025-01-12T00:09:50.611+0000] {processor.py:753} INFO - DAG(s) dict_keys(['example_skip_dag']) retrieved from /home/airflow/.local/lib/python3.7/site-packages/airflow/example_dags/example_skip_dag.py
[2025-01-12T00:09:50.622+0000] {logging_mixin.py:137} INFO - [2025-01-12T00:09:50.622+0000] {dag.py:2690} INFO - Sync 1 DAGs
[2025-01-12T00:09:50.633+0000] {logging_mixin.py:137} INFO - [2025-01-12T00:09:50.633+0000] {dag.py:3441} INFO - Setting next_dagrun for example_skip_dag to 2025-01-11T00:09:50.633564+00:00, run_after=2025-01-12T00:09:50.633564+00:00
[2025-01-12T00:09:50.641+0000] {processor.py:175} INFO - Processing /home/airflow/.local/lib/python3.7/site-packages/airflow/example_dags/example_skip_dag.py took 0.043 seconds
[2025-01-12T00:10:21.186+0000] {processor.py:153} INFO - Started process (PID=10528) to work on /home/airflow/.local/lib/python3.7/site-packages/airflow/example_dags/example_skip_dag.py
[2025-01-12T00:10:21.187+0000] {processor.py:743} INFO - Processing file /home/airflow/.local/lib/python3.7/site-packages/airflow/example_dags/example_skip_dag.py for tasks to queue
[2025-01-12T00:10:21.187+0000] {logging_mixin.py:137} INFO - [2025-01-12T00:10:21.187+0000] {dagbag.py:538} INFO - Filling up the DagBag from /home/airflow/.local/lib/python3.7/site-packages/airflow/example_dags/example_skip_dag.py
[2025-01-12T00:10:21.195+0000] {processor.py:753} INFO - DAG(s) dict_keys(['example_skip_dag']) retrieved from /home/airflow/.local/lib/python3.7/site-packages/airflow/example_dags/example_skip_dag.py
[2025-01-12T00:10:21.207+0000] {logging_mixin.py:137} INFO - [2025-01-12T00:10:21.207+0000] {dag.py:2690} INFO - Sync 1 DAGs
[2025-01-12T00:10:21.219+0000] {logging_mixin.py:137} INFO - [2025-01-12T00:10:21.219+0000] {dag.py:3441} INFO - Setting next_dagrun for example_skip_dag to 2025-01-11T00:10:21.219379+00:00, run_after=2025-01-12T00:10:21.219379+00:00
[2025-01-12T00:10:21.228+0000] {processor.py:175} INFO - Processing /home/airflow/.local/lib/python3.7/site-packages/airflow/example_dags/example_skip_dag.py took 0.043 seconds
[2025-01-12T00:10:51.830+0000] {processor.py:153} INFO - Started process (PID=10620) to work on /home/airflow/.local/lib/python3.7/site-packages/airflow/example_dags/example_skip_dag.py
[2025-01-12T00:10:51.831+0000] {processor.py:743} INFO - Processing file /home/airflow/.local/lib/python3.7/site-packages/airflow/example_dags/example_skip_dag.py for tasks to queue
[2025-01-12T00:10:51.831+0000] {logging_mixin.py:137} INFO - [2025-01-12T00:10:51.831+0000] {dagbag.py:538} INFO - Filling up the DagBag from /home/airflow/.local/lib/python3.7/site-packages/airflow/example_dags/example_skip_dag.py
[2025-01-12T00:10:51.838+0000] {processor.py:753} INFO - DAG(s) dict_keys(['example_skip_dag']) retrieved from /home/airflow/.local/lib/python3.7/site-packages/airflow/example_dags/example_skip_dag.py
[2025-01-12T00:10:51.852+0000] {logging_mixin.py:137} INFO - [2025-01-12T00:10:51.852+0000] {dag.py:2690} INFO - Sync 1 DAGs
[2025-01-12T00:10:51.868+0000] {logging_mixin.py:137} INFO - [2025-01-12T00:10:51.867+0000] {dag.py:3441} INFO - Setting next_dagrun for example_skip_dag to 2025-01-11T00:10:51.867835+00:00, run_after=2025-01-12T00:10:51.867835+00:00
[2025-01-12T00:10:51.876+0000] {processor.py:175} INFO - Processing /home/airflow/.local/lib/python3.7/site-packages/airflow/example_dags/example_skip_dag.py took 0.048 seconds
[2025-01-12T00:11:22.894+0000] {processor.py:153} INFO - Started process (PID=10712) to work on /home/airflow/.local/lib/python3.7/site-packages/airflow/example_dags/example_skip_dag.py
[2025-01-12T00:11:22.895+0000] {processor.py:743} INFO - Processing file /home/airflow/.local/lib/python3.7/site-packages/airflow/example_dags/example_skip_dag.py for tasks to queue
[2025-01-12T00:11:22.896+0000] {logging_mixin.py:137} INFO - [2025-01-12T00:11:22.896+0000] {dagbag.py:538} INFO - Filling up the DagBag from /home/airflow/.local/lib/python3.7/site-packages/airflow/example_dags/example_skip_dag.py
[2025-01-12T00:11:22.905+0000] {processor.py:753} INFO - DAG(s) dict_keys(['example_skip_dag']) retrieved from /home/airflow/.local/lib/python3.7/site-packages/airflow/example_dags/example_skip_dag.py
[2025-01-12T00:11:22.925+0000] {logging_mixin.py:137} INFO - [2025-01-12T00:11:22.924+0000] {dag.py:2690} INFO - Sync 1 DAGs
[2025-01-12T00:11:22.947+0000] {logging_mixin.py:137} INFO - [2025-01-12T00:11:22.947+0000] {dag.py:3441} INFO - Setting next_dagrun for example_skip_dag to 2025-01-11T00:11:22.947287+00:00, run_after=2025-01-12T00:11:22.947287+00:00
[2025-01-12T00:11:22.966+0000] {processor.py:175} INFO - Processing /home/airflow/.local/lib/python3.7/site-packages/airflow/example_dags/example_skip_dag.py took 0.075 seconds
[2025-01-12T00:11:53.812+0000] {processor.py:153} INFO - Started process (PID=10788) to work on /home/airflow/.local/lib/python3.7/site-packages/airflow/example_dags/example_skip_dag.py
[2025-01-12T00:11:53.813+0000] {processor.py:743} INFO - Processing file /home/airflow/.local/lib/python3.7/site-packages/airflow/example_dags/example_skip_dag.py for tasks to queue
[2025-01-12T00:11:53.813+0000] {logging_mixin.py:137} INFO - [2025-01-12T00:11:53.813+0000] {dagbag.py:538} INFO - Filling up the DagBag from /home/airflow/.local/lib/python3.7/site-packages/airflow/example_dags/example_skip_dag.py
[2025-01-12T00:11:53.820+0000] {processor.py:753} INFO - DAG(s) dict_keys(['example_skip_dag']) retrieved from /home/airflow/.local/lib/python3.7/site-packages/airflow/example_dags/example_skip_dag.py
[2025-01-12T00:11:53.832+0000] {logging_mixin.py:137} INFO - [2025-01-12T00:11:53.832+0000] {dag.py:2690} INFO - Sync 1 DAGs
[2025-01-12T00:11:53.844+0000] {logging_mixin.py:137} INFO - [2025-01-12T00:11:53.844+0000] {dag.py:3441} INFO - Setting next_dagrun for example_skip_dag to 2025-01-11T00:11:53.843898+00:00, run_after=2025-01-12T00:11:53.843898+00:00
[2025-01-12T00:11:53.853+0000] {processor.py:175} INFO - Processing /home/airflow/.local/lib/python3.7/site-packages/airflow/example_dags/example_skip_dag.py took 0.043 seconds
[2025-01-12T00:12:24.390+0000] {processor.py:153} INFO - Started process (PID=10880) to work on /home/airflow/.local/lib/python3.7/site-packages/airflow/example_dags/example_skip_dag.py
[2025-01-12T00:12:24.390+0000] {processor.py:743} INFO - Processing file /home/airflow/.local/lib/python3.7/site-packages/airflow/example_dags/example_skip_dag.py for tasks to queue
[2025-01-12T00:12:24.390+0000] {logging_mixin.py:137} INFO - [2025-01-12T00:12:24.390+0000] {dagbag.py:538} INFO - Filling up the DagBag from /home/airflow/.local/lib/python3.7/site-packages/airflow/example_dags/example_skip_dag.py
[2025-01-12T00:12:24.396+0000] {processor.py:753} INFO - DAG(s) dict_keys(['example_skip_dag']) retrieved from /home/airflow/.local/lib/python3.7/site-packages/airflow/example_dags/example_skip_dag.py
[2025-01-12T00:12:24.407+0000] {logging_mixin.py:137} INFO - [2025-01-12T00:12:24.407+0000] {dag.py:2690} INFO - Sync 1 DAGs
[2025-01-12T00:12:24.417+0000] {logging_mixin.py:137} INFO - [2025-01-12T00:12:24.417+0000] {dag.py:3441} INFO - Setting next_dagrun for example_skip_dag to 2025-01-11T00:12:24.417578+00:00, run_after=2025-01-12T00:12:24.417578+00:00
[2025-01-12T00:12:24.425+0000] {processor.py:175} INFO - Processing /home/airflow/.local/lib/python3.7/site-packages/airflow/example_dags/example_skip_dag.py took 0.036 seconds
[2025-01-12T00:12:54.945+0000] {processor.py:153} INFO - Started process (PID=10972) to work on /home/airflow/.local/lib/python3.7/site-packages/airflow/example_dags/example_skip_dag.py
[2025-01-12T00:12:54.946+0000] {processor.py:743} INFO - Processing file /home/airflow/.local/lib/python3.7/site-packages/airflow/example_dags/example_skip_dag.py for tasks to queue
[2025-01-12T00:12:54.946+0000] {logging_mixin.py:137} INFO - [2025-01-12T00:12:54.946+0000] {dagbag.py:538} INFO - Filling up the DagBag from /home/airflow/.local/lib/python3.7/site-packages/airflow/example_dags/example_skip_dag.py
[2025-01-12T00:12:54.952+0000] {processor.py:753} INFO - DAG(s) dict_keys(['example_skip_dag']) retrieved from /home/airflow/.local/lib/python3.7/site-packages/airflow/example_dags/example_skip_dag.py
[2025-01-12T00:12:54.965+0000] {logging_mixin.py:137} INFO - [2025-01-12T00:12:54.964+0000] {dag.py:2690} INFO - Sync 1 DAGs
[2025-01-12T00:12:54.975+0000] {logging_mixin.py:137} INFO - [2025-01-12T00:12:54.975+0000] {dag.py:3441} INFO - Setting next_dagrun for example_skip_dag to 2025-01-11T00:12:54.975066+00:00, run_after=2025-01-12T00:12:54.975066+00:00
[2025-01-12T00:12:54.983+0000] {processor.py:175} INFO - Processing /home/airflow/.local/lib/python3.7/site-packages/airflow/example_dags/example_skip_dag.py took 0.039 seconds
[2025-01-12T00:13:25.635+0000] {processor.py:153} INFO - Started process (PID=11063) to work on /home/airflow/.local/lib/python3.7/site-packages/airflow/example_dags/example_skip_dag.py
[2025-01-12T00:13:25.636+0000] {processor.py:743} INFO - Processing file /home/airflow/.local/lib/python3.7/site-packages/airflow/example_dags/example_skip_dag.py for tasks to queue
[2025-01-12T00:13:25.636+0000] {logging_mixin.py:137} INFO - [2025-01-12T00:13:25.636+0000] {dagbag.py:538} INFO - Filling up the DagBag from /home/airflow/.local/lib/python3.7/site-packages/airflow/example_dags/example_skip_dag.py
[2025-01-12T00:13:25.645+0000] {processor.py:753} INFO - DAG(s) dict_keys(['example_skip_dag']) retrieved from /home/airflow/.local/lib/python3.7/site-packages/airflow/example_dags/example_skip_dag.py
[2025-01-12T00:13:25.662+0000] {logging_mixin.py:137} INFO - [2025-01-12T00:13:25.662+0000] {dag.py:2690} INFO - Sync 1 DAGs
[2025-01-12T00:13:25.675+0000] {logging_mixin.py:137} INFO - [2025-01-12T00:13:25.675+0000] {dag.py:3441} INFO - Setting next_dagrun for example_skip_dag to 2025-01-11T00:13:25.675564+00:00, run_after=2025-01-12T00:13:25.675564+00:00
[2025-01-12T00:13:25.685+0000] {processor.py:175} INFO - Processing /home/airflow/.local/lib/python3.7/site-packages/airflow/example_dags/example_skip_dag.py took 0.052 seconds
[2025-01-12T00:13:56.328+0000] {processor.py:153} INFO - Started process (PID=11139) to work on /home/airflow/.local/lib/python3.7/site-packages/airflow/example_dags/example_skip_dag.py
[2025-01-12T00:13:56.329+0000] {processor.py:743} INFO - Processing file /home/airflow/.local/lib/python3.7/site-packages/airflow/example_dags/example_skip_dag.py for tasks to queue
[2025-01-12T00:13:56.329+0000] {logging_mixin.py:137} INFO - [2025-01-12T00:13:56.329+0000] {dagbag.py:538} INFO - Filling up the DagBag from /home/airflow/.local/lib/python3.7/site-packages/airflow/example_dags/example_skip_dag.py
[2025-01-12T00:13:56.336+0000] {processor.py:753} INFO - DAG(s) dict_keys(['example_skip_dag']) retrieved from /home/airflow/.local/lib/python3.7/site-packages/airflow/example_dags/example_skip_dag.py
[2025-01-12T00:13:56.348+0000] {logging_mixin.py:137} INFO - [2025-01-12T00:13:56.348+0000] {dag.py:2690} INFO - Sync 1 DAGs
[2025-01-12T00:13:56.360+0000] {logging_mixin.py:137} INFO - [2025-01-12T00:13:56.360+0000] {dag.py:3441} INFO - Setting next_dagrun for example_skip_dag to 2025-01-11T00:13:56.360062+00:00, run_after=2025-01-12T00:13:56.360062+00:00
[2025-01-12T00:13:56.368+0000] {processor.py:175} INFO - Processing /home/airflow/.local/lib/python3.7/site-packages/airflow/example_dags/example_skip_dag.py took 0.041 seconds
[2025-01-12T00:14:26.894+0000] {processor.py:153} INFO - Started process (PID=11231) to work on /home/airflow/.local/lib/python3.7/site-packages/airflow/example_dags/example_skip_dag.py
[2025-01-12T00:14:26.895+0000] {processor.py:743} INFO - Processing file /home/airflow/.local/lib/python3.7/site-packages/airflow/example_dags/example_skip_dag.py for tasks to queue
[2025-01-12T00:14:26.896+0000] {logging_mixin.py:137} INFO - [2025-01-12T00:14:26.896+0000] {dagbag.py:538} INFO - Filling up the DagBag from /home/airflow/.local/lib/python3.7/site-packages/airflow/example_dags/example_skip_dag.py
[2025-01-12T00:14:26.904+0000] {processor.py:753} INFO - DAG(s) dict_keys(['example_skip_dag']) retrieved from /home/airflow/.local/lib/python3.7/site-packages/airflow/example_dags/example_skip_dag.py
[2025-01-12T00:14:26.915+0000] {logging_mixin.py:137} INFO - [2025-01-12T00:14:26.915+0000] {dag.py:2690} INFO - Sync 1 DAGs
[2025-01-12T00:14:26.926+0000] {logging_mixin.py:137} INFO - [2025-01-12T00:14:26.925+0000] {dag.py:3441} INFO - Setting next_dagrun for example_skip_dag to 2025-01-11T00:14:26.925301+00:00, run_after=2025-01-12T00:14:26.925301+00:00
[2025-01-12T00:14:26.933+0000] {processor.py:175} INFO - Processing /home/airflow/.local/lib/python3.7/site-packages/airflow/example_dags/example_skip_dag.py took 0.040 seconds
[2025-01-12T00:14:57.404+0000] {processor.py:153} INFO - Started process (PID=11323) to work on /home/airflow/.local/lib/python3.7/site-packages/airflow/example_dags/example_skip_dag.py
[2025-01-12T00:14:57.404+0000] {processor.py:743} INFO - Processing file /home/airflow/.local/lib/python3.7/site-packages/airflow/example_dags/example_skip_dag.py for tasks to queue
[2025-01-12T00:14:57.405+0000] {logging_mixin.py:137} INFO - [2025-01-12T00:14:57.405+0000] {dagbag.py:538} INFO - Filling up the DagBag from /home/airflow/.local/lib/python3.7/site-packages/airflow/example_dags/example_skip_dag.py
[2025-01-12T00:14:57.410+0000] {processor.py:753} INFO - DAG(s) dict_keys(['example_skip_dag']) retrieved from /home/airflow/.local/lib/python3.7/site-packages/airflow/example_dags/example_skip_dag.py
[2025-01-12T00:14:57.420+0000] {logging_mixin.py:137} INFO - [2025-01-12T00:14:57.420+0000] {dag.py:2690} INFO - Sync 1 DAGs
[2025-01-12T00:14:57.430+0000] {logging_mixin.py:137} INFO - [2025-01-12T00:14:57.430+0000] {dag.py:3441} INFO - Setting next_dagrun for example_skip_dag to 2025-01-11T00:14:57.430535+00:00, run_after=2025-01-12T00:14:57.430535+00:00
[2025-01-12T00:14:57.438+0000] {processor.py:175} INFO - Processing /home/airflow/.local/lib/python3.7/site-packages/airflow/example_dags/example_skip_dag.py took 0.035 seconds
[2025-01-12T00:15:27.820+0000] {processor.py:153} INFO - Started process (PID=11415) to work on /home/airflow/.local/lib/python3.7/site-packages/airflow/example_dags/example_skip_dag.py
[2025-01-12T00:15:27.820+0000] {processor.py:743} INFO - Processing file /home/airflow/.local/lib/python3.7/site-packages/airflow/example_dags/example_skip_dag.py for tasks to queue
[2025-01-12T00:15:27.820+0000] {logging_mixin.py:137} INFO - [2025-01-12T00:15:27.820+0000] {dagbag.py:538} INFO - Filling up the DagBag from /home/airflow/.local/lib/python3.7/site-packages/airflow/example_dags/example_skip_dag.py
[2025-01-12T00:15:27.826+0000] {processor.py:753} INFO - DAG(s) dict_keys(['example_skip_dag']) retrieved from /home/airflow/.local/lib/python3.7/site-packages/airflow/example_dags/example_skip_dag.py
[2025-01-12T00:15:27.837+0000] {logging_mixin.py:137} INFO - [2025-01-12T00:15:27.837+0000] {dag.py:2690} INFO - Sync 1 DAGs
[2025-01-12T00:15:27.847+0000] {logging_mixin.py:137} INFO - [2025-01-12T00:15:27.847+0000] {dag.py:3441} INFO - Setting next_dagrun for example_skip_dag to 2025-01-11T00:15:27.847783+00:00, run_after=2025-01-12T00:15:27.847783+00:00
[2025-01-12T00:15:27.855+0000] {processor.py:175} INFO - Processing /home/airflow/.local/lib/python3.7/site-packages/airflow/example_dags/example_skip_dag.py took 0.036 seconds
[2025-01-12T00:15:58.328+0000] {processor.py:153} INFO - Started process (PID=11491) to work on /home/airflow/.local/lib/python3.7/site-packages/airflow/example_dags/example_skip_dag.py
[2025-01-12T00:15:58.331+0000] {processor.py:743} INFO - Processing file /home/airflow/.local/lib/python3.7/site-packages/airflow/example_dags/example_skip_dag.py for tasks to queue
[2025-01-12T00:15:58.331+0000] {logging_mixin.py:137} INFO - [2025-01-12T00:15:58.331+0000] {dagbag.py:538} INFO - Filling up the DagBag from /home/airflow/.local/lib/python3.7/site-packages/airflow/example_dags/example_skip_dag.py
[2025-01-12T00:15:58.337+0000] {processor.py:753} INFO - DAG(s) dict_keys(['example_skip_dag']) retrieved from /home/airflow/.local/lib/python3.7/site-packages/airflow/example_dags/example_skip_dag.py
[2025-01-12T00:15:58.351+0000] {logging_mixin.py:137} INFO - [2025-01-12T00:15:58.350+0000] {dag.py:2690} INFO - Sync 1 DAGs
[2025-01-12T00:15:58.363+0000] {logging_mixin.py:137} INFO - [2025-01-12T00:15:58.363+0000] {dag.py:3441} INFO - Setting next_dagrun for example_skip_dag to 2025-01-11T00:15:58.363464+00:00, run_after=2025-01-12T00:15:58.363464+00:00
[2025-01-12T00:15:58.372+0000] {processor.py:175} INFO - Processing /home/airflow/.local/lib/python3.7/site-packages/airflow/example_dags/example_skip_dag.py took 0.046 seconds
[2025-01-12T00:16:28.833+0000] {processor.py:153} INFO - Started process (PID=11583) to work on /home/airflow/.local/lib/python3.7/site-packages/airflow/example_dags/example_skip_dag.py
[2025-01-12T00:16:28.833+0000] {processor.py:743} INFO - Processing file /home/airflow/.local/lib/python3.7/site-packages/airflow/example_dags/example_skip_dag.py for tasks to queue
[2025-01-12T00:16:28.833+0000] {logging_mixin.py:137} INFO - [2025-01-12T00:16:28.833+0000] {dagbag.py:538} INFO - Filling up the DagBag from /home/airflow/.local/lib/python3.7/site-packages/airflow/example_dags/example_skip_dag.py
[2025-01-12T00:16:28.840+0000] {processor.py:753} INFO - DAG(s) dict_keys(['example_skip_dag']) retrieved from /home/airflow/.local/lib/python3.7/site-packages/airflow/example_dags/example_skip_dag.py
[2025-01-12T00:16:28.852+0000] {logging_mixin.py:137} INFO - [2025-01-12T00:16:28.852+0000] {dag.py:2690} INFO - Sync 1 DAGs
[2025-01-12T00:16:28.864+0000] {logging_mixin.py:137} INFO - [2025-01-12T00:16:28.864+0000] {dag.py:3441} INFO - Setting next_dagrun for example_skip_dag to 2025-01-11T00:16:28.864615+00:00, run_after=2025-01-12T00:16:28.864615+00:00
[2025-01-12T00:16:28.873+0000] {processor.py:175} INFO - Processing /home/airflow/.local/lib/python3.7/site-packages/airflow/example_dags/example_skip_dag.py took 0.041 seconds
[2025-01-12T00:16:59.329+0000] {processor.py:153} INFO - Started process (PID=11675) to work on /home/airflow/.local/lib/python3.7/site-packages/airflow/example_dags/example_skip_dag.py
[2025-01-12T00:16:59.329+0000] {processor.py:743} INFO - Processing file /home/airflow/.local/lib/python3.7/site-packages/airflow/example_dags/example_skip_dag.py for tasks to queue
[2025-01-12T00:16:59.330+0000] {logging_mixin.py:137} INFO - [2025-01-12T00:16:59.330+0000] {dagbag.py:538} INFO - Filling up the DagBag from /home/airflow/.local/lib/python3.7/site-packages/airflow/example_dags/example_skip_dag.py
[2025-01-12T00:16:59.336+0000] {processor.py:753} INFO - DAG(s) dict_keys(['example_skip_dag']) retrieved from /home/airflow/.local/lib/python3.7/site-packages/airflow/example_dags/example_skip_dag.py
[2025-01-12T00:16:59.347+0000] {logging_mixin.py:137} INFO - [2025-01-12T00:16:59.347+0000] {dag.py:2690} INFO - Sync 1 DAGs
[2025-01-12T00:16:59.358+0000] {logging_mixin.py:137} INFO - [2025-01-12T00:16:59.358+0000] {dag.py:3441} INFO - Setting next_dagrun for example_skip_dag to 2025-01-11T00:16:59.358077+00:00, run_after=2025-01-12T00:16:59.358077+00:00
[2025-01-12T00:16:59.369+0000] {processor.py:175} INFO - Processing /home/airflow/.local/lib/python3.7/site-packages/airflow/example_dags/example_skip_dag.py took 0.042 seconds
