[2025-01-12T00:00:10.767+0000] {processor.py:153} INFO - Started process (PID=8799) to work on /home/airflow/.local/lib/python3.7/site-packages/airflow/example_dags/example_bash_operator.py
[2025-01-12T00:00:10.768+0000] {processor.py:743} INFO - Processing file /home/airflow/.local/lib/python3.7/site-packages/airflow/example_dags/example_bash_operator.py for tasks to queue
[2025-01-12T00:00:10.769+0000] {logging_mixin.py:137} INFO - [2025-01-12T00:00:10.769+0000] {dagbag.py:538} INFO - Filling up the DagBag from /home/airflow/.local/lib/python3.7/site-packages/airflow/example_dags/example_bash_operator.py
[2025-01-12T00:00:10.778+0000] {processor.py:753} INFO - DAG(s) dict_keys(['example_bash_operator']) retrieved from /home/airflow/.local/lib/python3.7/site-packages/airflow/example_dags/example_bash_operator.py
[2025-01-12T00:00:10.792+0000] {logging_mixin.py:137} INFO - [2025-01-12T00:00:10.792+0000] {dag.py:2690} INFO - Sync 1 DAGs
[2025-01-12T00:00:10.803+0000] {logging_mixin.py:137} INFO - [2025-01-12T00:00:10.803+0000] {dag.py:3441} INFO - Setting next_dagrun for example_bash_operator to 2025-01-11T00:00:00+00:00, run_after=2025-01-12T00:00:00+00:00
[2025-01-12T00:00:10.811+0000] {processor.py:175} INFO - Processing /home/airflow/.local/lib/python3.7/site-packages/airflow/example_dags/example_bash_operator.py took 0.045 seconds
[2025-01-12T00:00:41.410+0000] {processor.py:153} INFO - Started process (PID=8890) to work on /home/airflow/.local/lib/python3.7/site-packages/airflow/example_dags/example_bash_operator.py
[2025-01-12T00:00:41.410+0000] {processor.py:743} INFO - Processing file /home/airflow/.local/lib/python3.7/site-packages/airflow/example_dags/example_bash_operator.py for tasks to queue
[2025-01-12T00:00:41.410+0000] {logging_mixin.py:137} INFO - [2025-01-12T00:00:41.410+0000] {dagbag.py:538} INFO - Filling up the DagBag from /home/airflow/.local/lib/python3.7/site-packages/airflow/example_dags/example_bash_operator.py
[2025-01-12T00:00:41.420+0000] {processor.py:753} INFO - DAG(s) dict_keys(['example_bash_operator']) retrieved from /home/airflow/.local/lib/python3.7/site-packages/airflow/example_dags/example_bash_operator.py
[2025-01-12T00:00:41.436+0000] {logging_mixin.py:137} INFO - [2025-01-12T00:00:41.436+0000] {dag.py:2690} INFO - Sync 1 DAGs
[2025-01-12T00:00:41.451+0000] {logging_mixin.py:137} INFO - [2025-01-12T00:00:41.451+0000] {dag.py:3441} INFO - Setting next_dagrun for example_bash_operator to 2025-01-11T00:00:00+00:00, run_after=2025-01-12T00:00:00+00:00
[2025-01-12T00:00:41.459+0000] {processor.py:175} INFO - Processing /home/airflow/.local/lib/python3.7/site-packages/airflow/example_dags/example_bash_operator.py took 0.051 seconds
[2025-01-12T00:01:12.149+0000] {processor.py:153} INFO - Started process (PID=8966) to work on /home/airflow/.local/lib/python3.7/site-packages/airflow/example_dags/example_bash_operator.py
[2025-01-12T00:01:12.149+0000] {processor.py:743} INFO - Processing file /home/airflow/.local/lib/python3.7/site-packages/airflow/example_dags/example_bash_operator.py for tasks to queue
[2025-01-12T00:01:12.150+0000] {logging_mixin.py:137} INFO - [2025-01-12T00:01:12.150+0000] {dagbag.py:538} INFO - Filling up the DagBag from /home/airflow/.local/lib/python3.7/site-packages/airflow/example_dags/example_bash_operator.py
[2025-01-12T00:01:12.159+0000] {processor.py:753} INFO - DAG(s) dict_keys(['example_bash_operator']) retrieved from /home/airflow/.local/lib/python3.7/site-packages/airflow/example_dags/example_bash_operator.py
[2025-01-12T00:01:12.176+0000] {logging_mixin.py:137} INFO - [2025-01-12T00:01:12.176+0000] {dag.py:2690} INFO - Sync 1 DAGs
[2025-01-12T00:01:12.186+0000] {logging_mixin.py:137} INFO - [2025-01-12T00:01:12.186+0000] {dag.py:3441} INFO - Setting next_dagrun for example_bash_operator to 2025-01-11T00:00:00+00:00, run_after=2025-01-12T00:00:00+00:00
[2025-01-12T00:01:12.193+0000] {processor.py:175} INFO - Processing /home/airflow/.local/lib/python3.7/site-packages/airflow/example_dags/example_bash_operator.py took 0.046 seconds
[2025-01-12T00:01:42.714+0000] {processor.py:153} INFO - Started process (PID=9058) to work on /home/airflow/.local/lib/python3.7/site-packages/airflow/example_dags/example_bash_operator.py
[2025-01-12T00:01:42.714+0000] {processor.py:743} INFO - Processing file /home/airflow/.local/lib/python3.7/site-packages/airflow/example_dags/example_bash_operator.py for tasks to queue
[2025-01-12T00:01:42.714+0000] {logging_mixin.py:137} INFO - [2025-01-12T00:01:42.714+0000] {dagbag.py:538} INFO - Filling up the DagBag from /home/airflow/.local/lib/python3.7/site-packages/airflow/example_dags/example_bash_operator.py
[2025-01-12T00:01:42.725+0000] {processor.py:753} INFO - DAG(s) dict_keys(['example_bash_operator']) retrieved from /home/airflow/.local/lib/python3.7/site-packages/airflow/example_dags/example_bash_operator.py
[2025-01-12T00:01:42.739+0000] {logging_mixin.py:137} INFO - [2025-01-12T00:01:42.739+0000] {dag.py:2690} INFO - Sync 1 DAGs
[2025-01-12T00:01:42.749+0000] {logging_mixin.py:137} INFO - [2025-01-12T00:01:42.749+0000] {dag.py:3441} INFO - Setting next_dagrun for example_bash_operator to 2025-01-11T00:00:00+00:00, run_after=2025-01-12T00:00:00+00:00
[2025-01-12T00:01:42.756+0000] {processor.py:175} INFO - Processing /home/airflow/.local/lib/python3.7/site-packages/airflow/example_dags/example_bash_operator.py took 0.043 seconds
[2025-01-12T00:02:13.214+0000] {processor.py:153} INFO - Started process (PID=9150) to work on /home/airflow/.local/lib/python3.7/site-packages/airflow/example_dags/example_bash_operator.py
[2025-01-12T00:02:13.214+0000] {processor.py:743} INFO - Processing file /home/airflow/.local/lib/python3.7/site-packages/airflow/example_dags/example_bash_operator.py for tasks to queue
[2025-01-12T00:02:13.216+0000] {logging_mixin.py:137} INFO - [2025-01-12T00:02:13.216+0000] {dagbag.py:538} INFO - Filling up the DagBag from /home/airflow/.local/lib/python3.7/site-packages/airflow/example_dags/example_bash_operator.py
[2025-01-12T00:02:13.225+0000] {processor.py:753} INFO - DAG(s) dict_keys(['example_bash_operator']) retrieved from /home/airflow/.local/lib/python3.7/site-packages/airflow/example_dags/example_bash_operator.py
[2025-01-12T00:02:13.239+0000] {logging_mixin.py:137} INFO - [2025-01-12T00:02:13.239+0000] {dag.py:2690} INFO - Sync 1 DAGs
[2025-01-12T00:02:13.252+0000] {logging_mixin.py:137} INFO - [2025-01-12T00:02:13.252+0000] {dag.py:3441} INFO - Setting next_dagrun for example_bash_operator to 2025-01-11T00:00:00+00:00, run_after=2025-01-12T00:00:00+00:00
[2025-01-12T00:02:13.259+0000] {processor.py:175} INFO - Processing /home/airflow/.local/lib/python3.7/site-packages/airflow/example_dags/example_bash_operator.py took 0.047 seconds
[2025-01-12T00:02:43.980+0000] {processor.py:153} INFO - Started process (PID=9241) to work on /home/airflow/.local/lib/python3.7/site-packages/airflow/example_dags/example_bash_operator.py
[2025-01-12T00:02:43.980+0000] {processor.py:743} INFO - Processing file /home/airflow/.local/lib/python3.7/site-packages/airflow/example_dags/example_bash_operator.py for tasks to queue
[2025-01-12T00:02:43.981+0000] {logging_mixin.py:137} INFO - [2025-01-12T00:02:43.981+0000] {dagbag.py:538} INFO - Filling up the DagBag from /home/airflow/.local/lib/python3.7/site-packages/airflow/example_dags/example_bash_operator.py
[2025-01-12T00:02:43.990+0000] {processor.py:753} INFO - DAG(s) dict_keys(['example_bash_operator']) retrieved from /home/airflow/.local/lib/python3.7/site-packages/airflow/example_dags/example_bash_operator.py
[2025-01-12T00:02:44.005+0000] {logging_mixin.py:137} INFO - [2025-01-12T00:02:44.005+0000] {dag.py:2690} INFO - Sync 1 DAGs
[2025-01-12T00:02:44.015+0000] {logging_mixin.py:137} INFO - [2025-01-12T00:02:44.015+0000] {dag.py:3441} INFO - Setting next_dagrun for example_bash_operator to 2025-01-11T00:00:00+00:00, run_after=2025-01-12T00:00:00+00:00
[2025-01-12T00:02:44.022+0000] {processor.py:175} INFO - Processing /home/airflow/.local/lib/python3.7/site-packages/airflow/example_dags/example_bash_operator.py took 0.043 seconds
[2025-01-12T00:03:14.471+0000] {processor.py:153} INFO - Started process (PID=9316) to work on /home/airflow/.local/lib/python3.7/site-packages/airflow/example_dags/example_bash_operator.py
[2025-01-12T00:03:14.472+0000] {processor.py:743} INFO - Processing file /home/airflow/.local/lib/python3.7/site-packages/airflow/example_dags/example_bash_operator.py for tasks to queue
[2025-01-12T00:03:14.473+0000] {logging_mixin.py:137} INFO - [2025-01-12T00:03:14.473+0000] {dagbag.py:538} INFO - Filling up the DagBag from /home/airflow/.local/lib/python3.7/site-packages/airflow/example_dags/example_bash_operator.py
[2025-01-12T00:03:14.486+0000] {processor.py:753} INFO - DAG(s) dict_keys(['example_bash_operator']) retrieved from /home/airflow/.local/lib/python3.7/site-packages/airflow/example_dags/example_bash_operator.py
[2025-01-12T00:03:14.503+0000] {logging_mixin.py:137} INFO - [2025-01-12T00:03:14.503+0000] {dag.py:2690} INFO - Sync 1 DAGs
[2025-01-12T00:03:14.515+0000] {logging_mixin.py:137} INFO - [2025-01-12T00:03:14.515+0000] {dag.py:3441} INFO - Setting next_dagrun for example_bash_operator to 2025-01-11T00:00:00+00:00, run_after=2025-01-12T00:00:00+00:00
[2025-01-12T00:03:14.522+0000] {processor.py:175} INFO - Processing /home/airflow/.local/lib/python3.7/site-packages/airflow/example_dags/example_bash_operator.py took 0.053 seconds
[2025-01-12T00:03:45.090+0000] {processor.py:153} INFO - Started process (PID=9407) to work on /home/airflow/.local/lib/python3.7/site-packages/airflow/example_dags/example_bash_operator.py
[2025-01-12T00:03:45.090+0000] {processor.py:743} INFO - Processing file /home/airflow/.local/lib/python3.7/site-packages/airflow/example_dags/example_bash_operator.py for tasks to queue
[2025-01-12T00:03:45.091+0000] {logging_mixin.py:137} INFO - [2025-01-12T00:03:45.090+0000] {dagbag.py:538} INFO - Filling up the DagBag from /home/airflow/.local/lib/python3.7/site-packages/airflow/example_dags/example_bash_operator.py
[2025-01-12T00:03:45.102+0000] {processor.py:753} INFO - DAG(s) dict_keys(['example_bash_operator']) retrieved from /home/airflow/.local/lib/python3.7/site-packages/airflow/example_dags/example_bash_operator.py
[2025-01-12T00:03:45.119+0000] {logging_mixin.py:137} INFO - [2025-01-12T00:03:45.119+0000] {dag.py:2690} INFO - Sync 1 DAGs
[2025-01-12T00:03:45.130+0000] {logging_mixin.py:137} INFO - [2025-01-12T00:03:45.130+0000] {dag.py:3441} INFO - Setting next_dagrun for example_bash_operator to 2025-01-11T00:00:00+00:00, run_after=2025-01-12T00:00:00+00:00
[2025-01-12T00:03:45.137+0000] {processor.py:175} INFO - Processing /home/airflow/.local/lib/python3.7/site-packages/airflow/example_dags/example_bash_operator.py took 0.050 seconds
[2025-01-12T00:04:15.522+0000] {processor.py:153} INFO - Started process (PID=9499) to work on /home/airflow/.local/lib/python3.7/site-packages/airflow/example_dags/example_bash_operator.py
[2025-01-12T00:04:15.522+0000] {processor.py:743} INFO - Processing file /home/airflow/.local/lib/python3.7/site-packages/airflow/example_dags/example_bash_operator.py for tasks to queue
[2025-01-12T00:04:15.522+0000] {logging_mixin.py:137} INFO - [2025-01-12T00:04:15.522+0000] {dagbag.py:538} INFO - Filling up the DagBag from /home/airflow/.local/lib/python3.7/site-packages/airflow/example_dags/example_bash_operator.py
[2025-01-12T00:04:15.531+0000] {processor.py:753} INFO - DAG(s) dict_keys(['example_bash_operator']) retrieved from /home/airflow/.local/lib/python3.7/site-packages/airflow/example_dags/example_bash_operator.py
[2025-01-12T00:04:15.546+0000] {logging_mixin.py:137} INFO - [2025-01-12T00:04:15.545+0000] {dag.py:2690} INFO - Sync 1 DAGs
[2025-01-12T00:04:15.558+0000] {logging_mixin.py:137} INFO - [2025-01-12T00:04:15.558+0000] {dag.py:3441} INFO - Setting next_dagrun for example_bash_operator to 2025-01-11T00:00:00+00:00, run_after=2025-01-12T00:00:00+00:00
[2025-01-12T00:04:15.567+0000] {processor.py:175} INFO - Processing /home/airflow/.local/lib/python3.7/site-packages/airflow/example_dags/example_bash_operator.py took 0.047 seconds
[2025-01-12T00:04:45.971+0000] {processor.py:153} INFO - Started process (PID=9591) to work on /home/airflow/.local/lib/python3.7/site-packages/airflow/example_dags/example_bash_operator.py
[2025-01-12T00:04:45.972+0000] {processor.py:743} INFO - Processing file /home/airflow/.local/lib/python3.7/site-packages/airflow/example_dags/example_bash_operator.py for tasks to queue
[2025-01-12T00:04:45.972+0000] {logging_mixin.py:137} INFO - [2025-01-12T00:04:45.972+0000] {dagbag.py:538} INFO - Filling up the DagBag from /home/airflow/.local/lib/python3.7/site-packages/airflow/example_dags/example_bash_operator.py
[2025-01-12T00:04:45.981+0000] {processor.py:753} INFO - DAG(s) dict_keys(['example_bash_operator']) retrieved from /home/airflow/.local/lib/python3.7/site-packages/airflow/example_dags/example_bash_operator.py
[2025-01-12T00:04:45.995+0000] {logging_mixin.py:137} INFO - [2025-01-12T00:04:45.995+0000] {dag.py:2690} INFO - Sync 1 DAGs
[2025-01-12T00:04:46.006+0000] {logging_mixin.py:137} INFO - [2025-01-12T00:04:46.006+0000] {dag.py:3441} INFO - Setting next_dagrun for example_bash_operator to 2025-01-11T00:00:00+00:00, run_after=2025-01-12T00:00:00+00:00
[2025-01-12T00:04:46.013+0000] {processor.py:175} INFO - Processing /home/airflow/.local/lib/python3.7/site-packages/airflow/example_dags/example_bash_operator.py took 0.043 seconds
[2025-01-12T00:05:16.590+0000] {processor.py:153} INFO - Started process (PID=9683) to work on /home/airflow/.local/lib/python3.7/site-packages/airflow/example_dags/example_bash_operator.py
[2025-01-12T00:05:16.590+0000] {processor.py:743} INFO - Processing file /home/airflow/.local/lib/python3.7/site-packages/airflow/example_dags/example_bash_operator.py for tasks to queue
[2025-01-12T00:05:16.590+0000] {logging_mixin.py:137} INFO - [2025-01-12T00:05:16.590+0000] {dagbag.py:538} INFO - Filling up the DagBag from /home/airflow/.local/lib/python3.7/site-packages/airflow/example_dags/example_bash_operator.py
[2025-01-12T00:05:16.600+0000] {processor.py:753} INFO - DAG(s) dict_keys(['example_bash_operator']) retrieved from /home/airflow/.local/lib/python3.7/site-packages/airflow/example_dags/example_bash_operator.py
[2025-01-12T00:05:16.617+0000] {logging_mixin.py:137} INFO - [2025-01-12T00:05:16.617+0000] {dag.py:2690} INFO - Sync 1 DAGs
[2025-01-12T00:05:16.629+0000] {logging_mixin.py:137} INFO - [2025-01-12T00:05:16.628+0000] {dag.py:3441} INFO - Setting next_dagrun for example_bash_operator to 2025-01-11T00:00:00+00:00, run_after=2025-01-12T00:00:00+00:00
[2025-01-12T00:05:16.639+0000] {processor.py:175} INFO - Processing /home/airflow/.local/lib/python3.7/site-packages/airflow/example_dags/example_bash_operator.py took 0.051 seconds
[2025-01-12T00:05:47.231+0000] {processor.py:153} INFO - Started process (PID=9759) to work on /home/airflow/.local/lib/python3.7/site-packages/airflow/example_dags/example_bash_operator.py
[2025-01-12T00:05:47.231+0000] {processor.py:743} INFO - Processing file /home/airflow/.local/lib/python3.7/site-packages/airflow/example_dags/example_bash_operator.py for tasks to queue
[2025-01-12T00:05:47.232+0000] {logging_mixin.py:137} INFO - [2025-01-12T00:05:47.231+0000] {dagbag.py:538} INFO - Filling up the DagBag from /home/airflow/.local/lib/python3.7/site-packages/airflow/example_dags/example_bash_operator.py
[2025-01-12T00:05:47.240+0000] {processor.py:753} INFO - DAG(s) dict_keys(['example_bash_operator']) retrieved from /home/airflow/.local/lib/python3.7/site-packages/airflow/example_dags/example_bash_operator.py
[2025-01-12T00:05:47.255+0000] {logging_mixin.py:137} INFO - [2025-01-12T00:05:47.255+0000] {dag.py:2690} INFO - Sync 1 DAGs
[2025-01-12T00:05:47.266+0000] {logging_mixin.py:137} INFO - [2025-01-12T00:05:47.266+0000] {dag.py:3441} INFO - Setting next_dagrun for example_bash_operator to 2025-01-11T00:00:00+00:00, run_after=2025-01-12T00:00:00+00:00
[2025-01-12T00:05:47.276+0000] {processor.py:175} INFO - Processing /home/airflow/.local/lib/python3.7/site-packages/airflow/example_dags/example_bash_operator.py took 0.047 seconds
[2025-01-12T00:06:17.868+0000] {processor.py:153} INFO - Started process (PID=9851) to work on /home/airflow/.local/lib/python3.7/site-packages/airflow/example_dags/example_bash_operator.py
[2025-01-12T00:06:17.869+0000] {processor.py:743} INFO - Processing file /home/airflow/.local/lib/python3.7/site-packages/airflow/example_dags/example_bash_operator.py for tasks to queue
[2025-01-12T00:06:17.869+0000] {logging_mixin.py:137} INFO - [2025-01-12T00:06:17.869+0000] {dagbag.py:538} INFO - Filling up the DagBag from /home/airflow/.local/lib/python3.7/site-packages/airflow/example_dags/example_bash_operator.py
[2025-01-12T00:06:17.882+0000] {processor.py:753} INFO - DAG(s) dict_keys(['example_bash_operator']) retrieved from /home/airflow/.local/lib/python3.7/site-packages/airflow/example_dags/example_bash_operator.py
[2025-01-12T00:06:17.898+0000] {logging_mixin.py:137} INFO - [2025-01-12T00:06:17.898+0000] {dag.py:2690} INFO - Sync 1 DAGs
[2025-01-12T00:06:17.912+0000] {logging_mixin.py:137} INFO - [2025-01-12T00:06:17.912+0000] {dag.py:3441} INFO - Setting next_dagrun for example_bash_operator to 2025-01-11T00:00:00+00:00, run_after=2025-01-12T00:00:00+00:00
[2025-01-12T00:06:17.920+0000] {processor.py:175} INFO - Processing /home/airflow/.local/lib/python3.7/site-packages/airflow/example_dags/example_bash_operator.py took 0.053 seconds
[2025-01-12T00:06:48.416+0000] {processor.py:153} INFO - Started process (PID=9943) to work on /home/airflow/.local/lib/python3.7/site-packages/airflow/example_dags/example_bash_operator.py
[2025-01-12T00:06:48.417+0000] {processor.py:743} INFO - Processing file /home/airflow/.local/lib/python3.7/site-packages/airflow/example_dags/example_bash_operator.py for tasks to queue
[2025-01-12T00:06:48.417+0000] {logging_mixin.py:137} INFO - [2025-01-12T00:06:48.417+0000] {dagbag.py:538} INFO - Filling up the DagBag from /home/airflow/.local/lib/python3.7/site-packages/airflow/example_dags/example_bash_operator.py
[2025-01-12T00:06:48.426+0000] {processor.py:753} INFO - DAG(s) dict_keys(['example_bash_operator']) retrieved from /home/airflow/.local/lib/python3.7/site-packages/airflow/example_dags/example_bash_operator.py
[2025-01-12T00:06:48.443+0000] {logging_mixin.py:137} INFO - [2025-01-12T00:06:48.442+0000] {dag.py:2690} INFO - Sync 1 DAGs
[2025-01-12T00:06:48.454+0000] {logging_mixin.py:137} INFO - [2025-01-12T00:06:48.454+0000] {dag.py:3441} INFO - Setting next_dagrun for example_bash_operator to 2025-01-11T00:00:00+00:00, run_after=2025-01-12T00:00:00+00:00
[2025-01-12T00:06:48.460+0000] {processor.py:175} INFO - Processing /home/airflow/.local/lib/python3.7/site-packages/airflow/example_dags/example_bash_operator.py took 0.046 seconds
[2025-01-12T00:07:19.001+0000] {processor.py:153} INFO - Started process (PID=10035) to work on /home/airflow/.local/lib/python3.7/site-packages/airflow/example_dags/example_bash_operator.py
[2025-01-12T00:07:19.001+0000] {processor.py:743} INFO - Processing file /home/airflow/.local/lib/python3.7/site-packages/airflow/example_dags/example_bash_operator.py for tasks to queue
[2025-01-12T00:07:19.002+0000] {logging_mixin.py:137} INFO - [2025-01-12T00:07:19.002+0000] {dagbag.py:538} INFO - Filling up the DagBag from /home/airflow/.local/lib/python3.7/site-packages/airflow/example_dags/example_bash_operator.py
[2025-01-12T00:07:19.011+0000] {processor.py:753} INFO - DAG(s) dict_keys(['example_bash_operator']) retrieved from /home/airflow/.local/lib/python3.7/site-packages/airflow/example_dags/example_bash_operator.py
[2025-01-12T00:07:19.032+0000] {logging_mixin.py:137} INFO - [2025-01-12T00:07:19.032+0000] {dag.py:2690} INFO - Sync 1 DAGs
[2025-01-12T00:07:19.043+0000] {logging_mixin.py:137} INFO - [2025-01-12T00:07:19.043+0000] {dag.py:3441} INFO - Setting next_dagrun for example_bash_operator to 2025-01-11T00:00:00+00:00, run_after=2025-01-12T00:00:00+00:00
[2025-01-12T00:07:19.049+0000] {processor.py:175} INFO - Processing /home/airflow/.local/lib/python3.7/site-packages/airflow/example_dags/example_bash_operator.py took 0.050 seconds
[2025-01-12T00:07:49.537+0000] {processor.py:153} INFO - Started process (PID=10110) to work on /home/airflow/.local/lib/python3.7/site-packages/airflow/example_dags/example_bash_operator.py
[2025-01-12T00:07:49.538+0000] {processor.py:743} INFO - Processing file /home/airflow/.local/lib/python3.7/site-packages/airflow/example_dags/example_bash_operator.py for tasks to queue
[2025-01-12T00:07:49.539+0000] {logging_mixin.py:137} INFO - [2025-01-12T00:07:49.539+0000] {dagbag.py:538} INFO - Filling up the DagBag from /home/airflow/.local/lib/python3.7/site-packages/airflow/example_dags/example_bash_operator.py
[2025-01-12T00:07:49.548+0000] {processor.py:753} INFO - DAG(s) dict_keys(['example_bash_operator']) retrieved from /home/airflow/.local/lib/python3.7/site-packages/airflow/example_dags/example_bash_operator.py
[2025-01-12T00:07:49.565+0000] {logging_mixin.py:137} INFO - [2025-01-12T00:07:49.565+0000] {dag.py:2690} INFO - Sync 1 DAGs
[2025-01-12T00:07:49.575+0000] {logging_mixin.py:137} INFO - [2025-01-12T00:07:49.575+0000] {dag.py:3441} INFO - Setting next_dagrun for example_bash_operator to 2025-01-11T00:00:00+00:00, run_after=2025-01-12T00:00:00+00:00
[2025-01-12T00:07:49.583+0000] {processor.py:175} INFO - Processing /home/airflow/.local/lib/python3.7/site-packages/airflow/example_dags/example_bash_operator.py took 0.048 seconds
[2025-01-12T00:08:20.168+0000] {processor.py:153} INFO - Started process (PID=10202) to work on /home/airflow/.local/lib/python3.7/site-packages/airflow/example_dags/example_bash_operator.py
[2025-01-12T00:08:20.168+0000] {processor.py:743} INFO - Processing file /home/airflow/.local/lib/python3.7/site-packages/airflow/example_dags/example_bash_operator.py for tasks to queue
[2025-01-12T00:08:20.169+0000] {logging_mixin.py:137} INFO - [2025-01-12T00:08:20.169+0000] {dagbag.py:538} INFO - Filling up the DagBag from /home/airflow/.local/lib/python3.7/site-packages/airflow/example_dags/example_bash_operator.py
[2025-01-12T00:08:20.179+0000] {processor.py:753} INFO - DAG(s) dict_keys(['example_bash_operator']) retrieved from /home/airflow/.local/lib/python3.7/site-packages/airflow/example_dags/example_bash_operator.py
[2025-01-12T00:08:20.198+0000] {logging_mixin.py:137} INFO - [2025-01-12T00:08:20.197+0000] {dag.py:2690} INFO - Sync 1 DAGs
[2025-01-12T00:08:20.211+0000] {logging_mixin.py:137} INFO - [2025-01-12T00:08:20.211+0000] {dag.py:3441} INFO - Setting next_dagrun for example_bash_operator to 2025-01-11T00:00:00+00:00, run_after=2025-01-12T00:00:00+00:00
[2025-01-12T00:08:20.219+0000] {processor.py:175} INFO - Processing /home/airflow/.local/lib/python3.7/site-packages/airflow/example_dags/example_bash_operator.py took 0.053 seconds
[2025-01-12T00:08:50.825+0000] {processor.py:153} INFO - Started process (PID=10294) to work on /home/airflow/.local/lib/python3.7/site-packages/airflow/example_dags/example_bash_operator.py
[2025-01-12T00:08:50.826+0000] {processor.py:743} INFO - Processing file /home/airflow/.local/lib/python3.7/site-packages/airflow/example_dags/example_bash_operator.py for tasks to queue
[2025-01-12T00:08:50.827+0000] {logging_mixin.py:137} INFO - [2025-01-12T00:08:50.827+0000] {dagbag.py:538} INFO - Filling up the DagBag from /home/airflow/.local/lib/python3.7/site-packages/airflow/example_dags/example_bash_operator.py
[2025-01-12T00:08:50.837+0000] {processor.py:753} INFO - DAG(s) dict_keys(['example_bash_operator']) retrieved from /home/airflow/.local/lib/python3.7/site-packages/airflow/example_dags/example_bash_operator.py
[2025-01-12T00:08:50.852+0000] {logging_mixin.py:137} INFO - [2025-01-12T00:08:50.852+0000] {dag.py:2690} INFO - Sync 1 DAGs
[2025-01-12T00:08:50.864+0000] {logging_mixin.py:137} INFO - [2025-01-12T00:08:50.864+0000] {dag.py:3441} INFO - Setting next_dagrun for example_bash_operator to 2025-01-11T00:00:00+00:00, run_after=2025-01-12T00:00:00+00:00
[2025-01-12T00:08:50.872+0000] {processor.py:175} INFO - Processing /home/airflow/.local/lib/python3.7/site-packages/airflow/example_dags/example_bash_operator.py took 0.048 seconds
[2025-01-12T00:09:21.779+0000] {processor.py:153} INFO - Started process (PID=10385) to work on /home/airflow/.local/lib/python3.7/site-packages/airflow/example_dags/example_bash_operator.py
[2025-01-12T00:09:21.779+0000] {processor.py:743} INFO - Processing file /home/airflow/.local/lib/python3.7/site-packages/airflow/example_dags/example_bash_operator.py for tasks to queue
[2025-01-12T00:09:21.780+0000] {logging_mixin.py:137} INFO - [2025-01-12T00:09:21.780+0000] {dagbag.py:538} INFO - Filling up the DagBag from /home/airflow/.local/lib/python3.7/site-packages/airflow/example_dags/example_bash_operator.py
[2025-01-12T00:09:21.789+0000] {processor.py:753} INFO - DAG(s) dict_keys(['example_bash_operator']) retrieved from /home/airflow/.local/lib/python3.7/site-packages/airflow/example_dags/example_bash_operator.py
[2025-01-12T00:09:21.810+0000] {logging_mixin.py:137} INFO - [2025-01-12T00:09:21.810+0000] {dag.py:2690} INFO - Sync 1 DAGs
[2025-01-12T00:09:21.822+0000] {logging_mixin.py:137} INFO - [2025-01-12T00:09:21.821+0000] {dag.py:3441} INFO - Setting next_dagrun for example_bash_operator to 2025-01-11T00:00:00+00:00, run_after=2025-01-12T00:00:00+00:00
[2025-01-12T00:09:21.833+0000] {processor.py:175} INFO - Processing /home/airflow/.local/lib/python3.7/site-packages/airflow/example_dags/example_bash_operator.py took 0.055 seconds
[2025-01-12T00:09:52.382+0000] {processor.py:153} INFO - Started process (PID=10461) to work on /home/airflow/.local/lib/python3.7/site-packages/airflow/example_dags/example_bash_operator.py
[2025-01-12T00:09:52.382+0000] {processor.py:743} INFO - Processing file /home/airflow/.local/lib/python3.7/site-packages/airflow/example_dags/example_bash_operator.py for tasks to queue
[2025-01-12T00:09:52.383+0000] {logging_mixin.py:137} INFO - [2025-01-12T00:09:52.383+0000] {dagbag.py:538} INFO - Filling up the DagBag from /home/airflow/.local/lib/python3.7/site-packages/airflow/example_dags/example_bash_operator.py
[2025-01-12T00:09:52.392+0000] {processor.py:753} INFO - DAG(s) dict_keys(['example_bash_operator']) retrieved from /home/airflow/.local/lib/python3.7/site-packages/airflow/example_dags/example_bash_operator.py
[2025-01-12T00:09:52.408+0000] {logging_mixin.py:137} INFO - [2025-01-12T00:09:52.407+0000] {dag.py:2690} INFO - Sync 1 DAGs
[2025-01-12T00:09:52.420+0000] {logging_mixin.py:137} INFO - [2025-01-12T00:09:52.419+0000] {dag.py:3441} INFO - Setting next_dagrun for example_bash_operator to 2025-01-11T00:00:00+00:00, run_after=2025-01-12T00:00:00+00:00
[2025-01-12T00:09:52.426+0000] {processor.py:175} INFO - Processing /home/airflow/.local/lib/python3.7/site-packages/airflow/example_dags/example_bash_operator.py took 0.046 seconds
[2025-01-12T00:10:22.996+0000] {processor.py:153} INFO - Started process (PID=10553) to work on /home/airflow/.local/lib/python3.7/site-packages/airflow/example_dags/example_bash_operator.py
[2025-01-12T00:10:22.997+0000] {processor.py:743} INFO - Processing file /home/airflow/.local/lib/python3.7/site-packages/airflow/example_dags/example_bash_operator.py for tasks to queue
[2025-01-12T00:10:22.997+0000] {logging_mixin.py:137} INFO - [2025-01-12T00:10:22.997+0000] {dagbag.py:538} INFO - Filling up the DagBag from /home/airflow/.local/lib/python3.7/site-packages/airflow/example_dags/example_bash_operator.py
[2025-01-12T00:10:23.006+0000] {processor.py:753} INFO - DAG(s) dict_keys(['example_bash_operator']) retrieved from /home/airflow/.local/lib/python3.7/site-packages/airflow/example_dags/example_bash_operator.py
[2025-01-12T00:10:23.026+0000] {logging_mixin.py:137} INFO - [2025-01-12T00:10:23.026+0000] {dag.py:2690} INFO - Sync 1 DAGs
[2025-01-12T00:10:23.038+0000] {logging_mixin.py:137} INFO - [2025-01-12T00:10:23.038+0000] {dag.py:3441} INFO - Setting next_dagrun for example_bash_operator to 2025-01-11T00:00:00+00:00, run_after=2025-01-12T00:00:00+00:00
[2025-01-12T00:10:23.046+0000] {processor.py:175} INFO - Processing /home/airflow/.local/lib/python3.7/site-packages/airflow/example_dags/example_bash_operator.py took 0.052 seconds
[2025-01-12T00:10:53.907+0000] {processor.py:153} INFO - Started process (PID=10645) to work on /home/airflow/.local/lib/python3.7/site-packages/airflow/example_dags/example_bash_operator.py
[2025-01-12T00:10:53.909+0000] {processor.py:743} INFO - Processing file /home/airflow/.local/lib/python3.7/site-packages/airflow/example_dags/example_bash_operator.py for tasks to queue
[2025-01-12T00:10:53.909+0000] {logging_mixin.py:137} INFO - [2025-01-12T00:10:53.909+0000] {dagbag.py:538} INFO - Filling up the DagBag from /home/airflow/.local/lib/python3.7/site-packages/airflow/example_dags/example_bash_operator.py
[2025-01-12T00:10:53.920+0000] {processor.py:753} INFO - DAG(s) dict_keys(['example_bash_operator']) retrieved from /home/airflow/.local/lib/python3.7/site-packages/airflow/example_dags/example_bash_operator.py
[2025-01-12T00:10:53.937+0000] {logging_mixin.py:137} INFO - [2025-01-12T00:10:53.936+0000] {dag.py:2690} INFO - Sync 1 DAGs
[2025-01-12T00:10:53.949+0000] {logging_mixin.py:137} INFO - [2025-01-12T00:10:53.949+0000] {dag.py:3441} INFO - Setting next_dagrun for example_bash_operator to 2025-01-11T00:00:00+00:00, run_after=2025-01-12T00:00:00+00:00
[2025-01-12T00:10:53.960+0000] {processor.py:175} INFO - Processing /home/airflow/.local/lib/python3.7/site-packages/airflow/example_dags/example_bash_operator.py took 0.054 seconds
[2025-01-12T00:11:23.971+0000] {processor.py:153} INFO - Started process (PID=10737) to work on /home/airflow/.local/lib/python3.7/site-packages/airflow/example_dags/example_bash_operator.py
[2025-01-12T00:11:23.972+0000] {processor.py:743} INFO - Processing file /home/airflow/.local/lib/python3.7/site-packages/airflow/example_dags/example_bash_operator.py for tasks to queue
[2025-01-12T00:11:23.973+0000] {logging_mixin.py:137} INFO - [2025-01-12T00:11:23.973+0000] {dagbag.py:538} INFO - Filling up the DagBag from /home/airflow/.local/lib/python3.7/site-packages/airflow/example_dags/example_bash_operator.py
[2025-01-12T00:11:23.983+0000] {processor.py:753} INFO - DAG(s) dict_keys(['example_bash_operator']) retrieved from /home/airflow/.local/lib/python3.7/site-packages/airflow/example_dags/example_bash_operator.py
[2025-01-12T00:11:24.006+0000] {logging_mixin.py:137} INFO - [2025-01-12T00:11:24.006+0000] {dag.py:2690} INFO - Sync 1 DAGs
[2025-01-12T00:11:24.016+0000] {logging_mixin.py:137} INFO - [2025-01-12T00:11:24.016+0000] {dag.py:3441} INFO - Setting next_dagrun for example_bash_operator to 2025-01-11T00:00:00+00:00, run_after=2025-01-12T00:00:00+00:00
[2025-01-12T00:11:24.027+0000] {processor.py:175} INFO - Processing /home/airflow/.local/lib/python3.7/site-packages/airflow/example_dags/example_bash_operator.py took 0.058 seconds
[2025-01-12T00:11:54.623+0000] {processor.py:153} INFO - Started process (PID=10813) to work on /home/airflow/.local/lib/python3.7/site-packages/airflow/example_dags/example_bash_operator.py
[2025-01-12T00:11:54.624+0000] {processor.py:743} INFO - Processing file /home/airflow/.local/lib/python3.7/site-packages/airflow/example_dags/example_bash_operator.py for tasks to queue
[2025-01-12T00:11:54.624+0000] {logging_mixin.py:137} INFO - [2025-01-12T00:11:54.624+0000] {dagbag.py:538} INFO - Filling up the DagBag from /home/airflow/.local/lib/python3.7/site-packages/airflow/example_dags/example_bash_operator.py
[2025-01-12T00:11:54.635+0000] {processor.py:753} INFO - DAG(s) dict_keys(['example_bash_operator']) retrieved from /home/airflow/.local/lib/python3.7/site-packages/airflow/example_dags/example_bash_operator.py
[2025-01-12T00:11:54.650+0000] {logging_mixin.py:137} INFO - [2025-01-12T00:11:54.650+0000] {dag.py:2690} INFO - Sync 1 DAGs
[2025-01-12T00:11:54.663+0000] {logging_mixin.py:137} INFO - [2025-01-12T00:11:54.663+0000] {dag.py:3441} INFO - Setting next_dagrun for example_bash_operator to 2025-01-11T00:00:00+00:00, run_after=2025-01-12T00:00:00+00:00
[2025-01-12T00:11:54.669+0000] {processor.py:175} INFO - Processing /home/airflow/.local/lib/python3.7/site-packages/airflow/example_dags/example_bash_operator.py took 0.048 seconds
[2025-01-12T00:12:25.173+0000] {processor.py:153} INFO - Started process (PID=10905) to work on /home/airflow/.local/lib/python3.7/site-packages/airflow/example_dags/example_bash_operator.py
[2025-01-12T00:12:25.173+0000] {processor.py:743} INFO - Processing file /home/airflow/.local/lib/python3.7/site-packages/airflow/example_dags/example_bash_operator.py for tasks to queue
[2025-01-12T00:12:25.173+0000] {logging_mixin.py:137} INFO - [2025-01-12T00:12:25.173+0000] {dagbag.py:538} INFO - Filling up the DagBag from /home/airflow/.local/lib/python3.7/site-packages/airflow/example_dags/example_bash_operator.py
[2025-01-12T00:12:25.183+0000] {processor.py:753} INFO - DAG(s) dict_keys(['example_bash_operator']) retrieved from /home/airflow/.local/lib/python3.7/site-packages/airflow/example_dags/example_bash_operator.py
[2025-01-12T00:12:25.198+0000] {logging_mixin.py:137} INFO - [2025-01-12T00:12:25.198+0000] {dag.py:2690} INFO - Sync 1 DAGs
[2025-01-12T00:12:25.213+0000] {logging_mixin.py:137} INFO - [2025-01-12T00:12:25.213+0000] {dag.py:3441} INFO - Setting next_dagrun for example_bash_operator to 2025-01-11T00:00:00+00:00, run_after=2025-01-12T00:00:00+00:00
[2025-01-12T00:12:25.226+0000] {processor.py:175} INFO - Processing /home/airflow/.local/lib/python3.7/site-packages/airflow/example_dags/example_bash_operator.py took 0.054 seconds
[2025-01-12T00:12:55.749+0000] {processor.py:153} INFO - Started process (PID=10997) to work on /home/airflow/.local/lib/python3.7/site-packages/airflow/example_dags/example_bash_operator.py
[2025-01-12T00:12:55.749+0000] {processor.py:743} INFO - Processing file /home/airflow/.local/lib/python3.7/site-packages/airflow/example_dags/example_bash_operator.py for tasks to queue
[2025-01-12T00:12:55.749+0000] {logging_mixin.py:137} INFO - [2025-01-12T00:12:55.749+0000] {dagbag.py:538} INFO - Filling up the DagBag from /home/airflow/.local/lib/python3.7/site-packages/airflow/example_dags/example_bash_operator.py
[2025-01-12T00:12:55.760+0000] {processor.py:753} INFO - DAG(s) dict_keys(['example_bash_operator']) retrieved from /home/airflow/.local/lib/python3.7/site-packages/airflow/example_dags/example_bash_operator.py
[2025-01-12T00:12:55.778+0000] {logging_mixin.py:137} INFO - [2025-01-12T00:12:55.777+0000] {dag.py:2690} INFO - Sync 1 DAGs
[2025-01-12T00:12:55.792+0000] {logging_mixin.py:137} INFO - [2025-01-12T00:12:55.792+0000] {dag.py:3441} INFO - Setting next_dagrun for example_bash_operator to 2025-01-11T00:00:00+00:00, run_after=2025-01-12T00:00:00+00:00
[2025-01-12T00:12:55.803+0000] {processor.py:175} INFO - Processing /home/airflow/.local/lib/python3.7/site-packages/airflow/example_dags/example_bash_operator.py took 0.056 seconds
[2025-01-12T00:13:26.508+0000] {processor.py:153} INFO - Started process (PID=11088) to work on /home/airflow/.local/lib/python3.7/site-packages/airflow/example_dags/example_bash_operator.py
[2025-01-12T00:13:26.509+0000] {processor.py:743} INFO - Processing file /home/airflow/.local/lib/python3.7/site-packages/airflow/example_dags/example_bash_operator.py for tasks to queue
[2025-01-12T00:13:26.509+0000] {logging_mixin.py:137} INFO - [2025-01-12T00:13:26.509+0000] {dagbag.py:538} INFO - Filling up the DagBag from /home/airflow/.local/lib/python3.7/site-packages/airflow/example_dags/example_bash_operator.py
[2025-01-12T00:13:26.518+0000] {processor.py:753} INFO - DAG(s) dict_keys(['example_bash_operator']) retrieved from /home/airflow/.local/lib/python3.7/site-packages/airflow/example_dags/example_bash_operator.py
[2025-01-12T00:13:26.534+0000] {logging_mixin.py:137} INFO - [2025-01-12T00:13:26.534+0000] {dag.py:2690} INFO - Sync 1 DAGs
[2025-01-12T00:13:26.547+0000] {logging_mixin.py:137} INFO - [2025-01-12T00:13:26.546+0000] {dag.py:3441} INFO - Setting next_dagrun for example_bash_operator to 2025-01-11T00:00:00+00:00, run_after=2025-01-12T00:00:00+00:00
[2025-01-12T00:13:26.555+0000] {processor.py:175} INFO - Processing /home/airflow/.local/lib/python3.7/site-packages/airflow/example_dags/example_bash_operator.py took 0.048 seconds
[2025-01-12T00:13:57.179+0000] {processor.py:153} INFO - Started process (PID=11164) to work on /home/airflow/.local/lib/python3.7/site-packages/airflow/example_dags/example_bash_operator.py
[2025-01-12T00:13:57.180+0000] {processor.py:743} INFO - Processing file /home/airflow/.local/lib/python3.7/site-packages/airflow/example_dags/example_bash_operator.py for tasks to queue
[2025-01-12T00:13:57.180+0000] {logging_mixin.py:137} INFO - [2025-01-12T00:13:57.180+0000] {dagbag.py:538} INFO - Filling up the DagBag from /home/airflow/.local/lib/python3.7/site-packages/airflow/example_dags/example_bash_operator.py
[2025-01-12T00:13:57.191+0000] {processor.py:753} INFO - DAG(s) dict_keys(['example_bash_operator']) retrieved from /home/airflow/.local/lib/python3.7/site-packages/airflow/example_dags/example_bash_operator.py
[2025-01-12T00:13:57.210+0000] {logging_mixin.py:137} INFO - [2025-01-12T00:13:57.210+0000] {dag.py:2690} INFO - Sync 1 DAGs
[2025-01-12T00:13:57.222+0000] {logging_mixin.py:137} INFO - [2025-01-12T00:13:57.222+0000] {dag.py:3441} INFO - Setting next_dagrun for example_bash_operator to 2025-01-11T00:00:00+00:00, run_after=2025-01-12T00:00:00+00:00
[2025-01-12T00:13:57.231+0000] {processor.py:175} INFO - Processing /home/airflow/.local/lib/python3.7/site-packages/airflow/example_dags/example_bash_operator.py took 0.053 seconds
[2025-01-12T00:14:27.669+0000] {processor.py:153} INFO - Started process (PID=11256) to work on /home/airflow/.local/lib/python3.7/site-packages/airflow/example_dags/example_bash_operator.py
[2025-01-12T00:14:27.670+0000] {processor.py:743} INFO - Processing file /home/airflow/.local/lib/python3.7/site-packages/airflow/example_dags/example_bash_operator.py for tasks to queue
[2025-01-12T00:14:27.670+0000] {logging_mixin.py:137} INFO - [2025-01-12T00:14:27.670+0000] {dagbag.py:538} INFO - Filling up the DagBag from /home/airflow/.local/lib/python3.7/site-packages/airflow/example_dags/example_bash_operator.py
[2025-01-12T00:14:27.679+0000] {processor.py:753} INFO - DAG(s) dict_keys(['example_bash_operator']) retrieved from /home/airflow/.local/lib/python3.7/site-packages/airflow/example_dags/example_bash_operator.py
[2025-01-12T00:14:27.696+0000] {logging_mixin.py:137} INFO - [2025-01-12T00:14:27.696+0000] {dag.py:2690} INFO - Sync 1 DAGs
[2025-01-12T00:14:27.707+0000] {logging_mixin.py:137} INFO - [2025-01-12T00:14:27.707+0000] {dag.py:3441} INFO - Setting next_dagrun for example_bash_operator to 2025-01-11T00:00:00+00:00, run_after=2025-01-12T00:00:00+00:00
[2025-01-12T00:14:27.719+0000] {processor.py:175} INFO - Processing /home/airflow/.local/lib/python3.7/site-packages/airflow/example_dags/example_bash_operator.py took 0.050 seconds
[2025-01-12T00:14:58.134+0000] {processor.py:153} INFO - Started process (PID=11348) to work on /home/airflow/.local/lib/python3.7/site-packages/airflow/example_dags/example_bash_operator.py
[2025-01-12T00:14:58.135+0000] {processor.py:743} INFO - Processing file /home/airflow/.local/lib/python3.7/site-packages/airflow/example_dags/example_bash_operator.py for tasks to queue
[2025-01-12T00:14:58.137+0000] {logging_mixin.py:137} INFO - [2025-01-12T00:14:58.137+0000] {dagbag.py:538} INFO - Filling up the DagBag from /home/airflow/.local/lib/python3.7/site-packages/airflow/example_dags/example_bash_operator.py
[2025-01-12T00:14:58.147+0000] {processor.py:753} INFO - DAG(s) dict_keys(['example_bash_operator']) retrieved from /home/airflow/.local/lib/python3.7/site-packages/airflow/example_dags/example_bash_operator.py
[2025-01-12T00:14:58.162+0000] {logging_mixin.py:137} INFO - [2025-01-12T00:14:58.162+0000] {dag.py:2690} INFO - Sync 1 DAGs
[2025-01-12T00:14:58.174+0000] {logging_mixin.py:137} INFO - [2025-01-12T00:14:58.174+0000] {dag.py:3441} INFO - Setting next_dagrun for example_bash_operator to 2025-01-11T00:00:00+00:00, run_after=2025-01-12T00:00:00+00:00
[2025-01-12T00:14:58.182+0000] {processor.py:175} INFO - Processing /home/airflow/.local/lib/python3.7/site-packages/airflow/example_dags/example_bash_operator.py took 0.050 seconds
[2025-01-12T00:15:28.563+0000] {processor.py:153} INFO - Started process (PID=11440) to work on /home/airflow/.local/lib/python3.7/site-packages/airflow/example_dags/example_bash_operator.py
[2025-01-12T00:15:28.563+0000] {processor.py:743} INFO - Processing file /home/airflow/.local/lib/python3.7/site-packages/airflow/example_dags/example_bash_operator.py for tasks to queue
[2025-01-12T00:15:28.564+0000] {logging_mixin.py:137} INFO - [2025-01-12T00:15:28.564+0000] {dagbag.py:538} INFO - Filling up the DagBag from /home/airflow/.local/lib/python3.7/site-packages/airflow/example_dags/example_bash_operator.py
[2025-01-12T00:15:28.572+0000] {processor.py:753} INFO - DAG(s) dict_keys(['example_bash_operator']) retrieved from /home/airflow/.local/lib/python3.7/site-packages/airflow/example_dags/example_bash_operator.py
[2025-01-12T00:15:28.586+0000] {logging_mixin.py:137} INFO - [2025-01-12T00:15:28.586+0000] {dag.py:2690} INFO - Sync 1 DAGs
[2025-01-12T00:15:28.596+0000] {logging_mixin.py:137} INFO - [2025-01-12T00:15:28.596+0000] {dag.py:3441} INFO - Setting next_dagrun for example_bash_operator to 2025-01-11T00:00:00+00:00, run_after=2025-01-12T00:00:00+00:00
[2025-01-12T00:15:28.601+0000] {processor.py:175} INFO - Processing /home/airflow/.local/lib/python3.7/site-packages/airflow/example_dags/example_bash_operator.py took 0.040 seconds
[2025-01-12T00:15:59.097+0000] {processor.py:153} INFO - Started process (PID=11516) to work on /home/airflow/.local/lib/python3.7/site-packages/airflow/example_dags/example_bash_operator.py
[2025-01-12T00:15:59.098+0000] {processor.py:743} INFO - Processing file /home/airflow/.local/lib/python3.7/site-packages/airflow/example_dags/example_bash_operator.py for tasks to queue
[2025-01-12T00:15:59.098+0000] {logging_mixin.py:137} INFO - [2025-01-12T00:15:59.098+0000] {dagbag.py:538} INFO - Filling up the DagBag from /home/airflow/.local/lib/python3.7/site-packages/airflow/example_dags/example_bash_operator.py
[2025-01-12T00:15:59.108+0000] {processor.py:753} INFO - DAG(s) dict_keys(['example_bash_operator']) retrieved from /home/airflow/.local/lib/python3.7/site-packages/airflow/example_dags/example_bash_operator.py
[2025-01-12T00:15:59.124+0000] {logging_mixin.py:137} INFO - [2025-01-12T00:15:59.124+0000] {dag.py:2690} INFO - Sync 1 DAGs
[2025-01-12T00:15:59.135+0000] {logging_mixin.py:137} INFO - [2025-01-12T00:15:59.135+0000] {dag.py:3441} INFO - Setting next_dagrun for example_bash_operator to 2025-01-11T00:00:00+00:00, run_after=2025-01-12T00:00:00+00:00
[2025-01-12T00:15:59.143+0000] {processor.py:175} INFO - Processing /home/airflow/.local/lib/python3.7/site-packages/airflow/example_dags/example_bash_operator.py took 0.048 seconds
[2025-01-12T00:16:29.602+0000] {processor.py:153} INFO - Started process (PID=11608) to work on /home/airflow/.local/lib/python3.7/site-packages/airflow/example_dags/example_bash_operator.py
[2025-01-12T00:16:29.602+0000] {processor.py:743} INFO - Processing file /home/airflow/.local/lib/python3.7/site-packages/airflow/example_dags/example_bash_operator.py for tasks to queue
[2025-01-12T00:16:29.603+0000] {logging_mixin.py:137} INFO - [2025-01-12T00:16:29.603+0000] {dagbag.py:538} INFO - Filling up the DagBag from /home/airflow/.local/lib/python3.7/site-packages/airflow/example_dags/example_bash_operator.py
[2025-01-12T00:16:29.612+0000] {processor.py:753} INFO - DAG(s) dict_keys(['example_bash_operator']) retrieved from /home/airflow/.local/lib/python3.7/site-packages/airflow/example_dags/example_bash_operator.py
[2025-01-12T00:16:29.626+0000] {logging_mixin.py:137} INFO - [2025-01-12T00:16:29.626+0000] {dag.py:2690} INFO - Sync 1 DAGs
[2025-01-12T00:16:29.638+0000] {logging_mixin.py:137} INFO - [2025-01-12T00:16:29.637+0000] {dag.py:3441} INFO - Setting next_dagrun for example_bash_operator to 2025-01-11T00:00:00+00:00, run_after=2025-01-12T00:00:00+00:00
[2025-01-12T00:16:29.647+0000] {processor.py:175} INFO - Processing /home/airflow/.local/lib/python3.7/site-packages/airflow/example_dags/example_bash_operator.py took 0.047 seconds
[2025-01-12T00:17:00.136+0000] {processor.py:153} INFO - Started process (PID=11700) to work on /home/airflow/.local/lib/python3.7/site-packages/airflow/example_dags/example_bash_operator.py
[2025-01-12T00:17:00.137+0000] {processor.py:743} INFO - Processing file /home/airflow/.local/lib/python3.7/site-packages/airflow/example_dags/example_bash_operator.py for tasks to queue
[2025-01-12T00:17:00.137+0000] {logging_mixin.py:137} INFO - [2025-01-12T00:17:00.137+0000] {dagbag.py:538} INFO - Filling up the DagBag from /home/airflow/.local/lib/python3.7/site-packages/airflow/example_dags/example_bash_operator.py
[2025-01-12T00:17:00.146+0000] {processor.py:753} INFO - DAG(s) dict_keys(['example_bash_operator']) retrieved from /home/airflow/.local/lib/python3.7/site-packages/airflow/example_dags/example_bash_operator.py
[2025-01-12T00:17:00.162+0000] {logging_mixin.py:137} INFO - [2025-01-12T00:17:00.162+0000] {dag.py:2690} INFO - Sync 1 DAGs
[2025-01-12T00:17:00.173+0000] {logging_mixin.py:137} INFO - [2025-01-12T00:17:00.173+0000] {dag.py:3441} INFO - Setting next_dagrun for example_bash_operator to 2025-01-11T00:00:00+00:00, run_after=2025-01-12T00:00:00+00:00
[2025-01-12T00:17:00.184+0000] {processor.py:175} INFO - Processing /home/airflow/.local/lib/python3.7/site-packages/airflow/example_dags/example_bash_operator.py took 0.050 seconds
