[2025-01-12T00:00:10.673+0000] {processor.py:153} INFO - Started process (PID=8796) to work on /home/airflow/.local/lib/python3.7/site-packages/airflow/example_dags/example_branch_operator.py
[2025-01-12T00:00:10.673+0000] {processor.py:743} INFO - Processing file /home/airflow/.local/lib/python3.7/site-packages/airflow/example_dags/example_branch_operator.py for tasks to queue
[2025-01-12T00:00:10.673+0000] {logging_mixin.py:137} INFO - [2025-01-12T00:00:10.673+0000] {dagbag.py:538} INFO - Filling up the DagBag from /home/airflow/.local/lib/python3.7/site-packages/airflow/example_dags/example_branch_operator.py
[2025-01-12T00:00:10.682+0000] {processor.py:753} INFO - DAG(s) dict_keys(['example_branch_operator']) retrieved from /home/airflow/.local/lib/python3.7/site-packages/airflow/example_dags/example_branch_operator.py
[2025-01-12T00:00:10.693+0000] {logging_mixin.py:137} INFO - [2025-01-12T00:00:10.693+0000] {dag.py:2690} INFO - Sync 1 DAGs
[2025-01-12T00:00:10.705+0000] {logging_mixin.py:137} INFO - [2025-01-12T00:00:10.705+0000] {dag.py:3441} INFO - Setting next_dagrun for example_branch_operator to 2025-01-11T00:00:00+00:00, run_after=2025-01-12T00:00:00+00:00
[2025-01-12T00:00:10.713+0000] {processor.py:175} INFO - Processing /home/airflow/.local/lib/python3.7/site-packages/airflow/example_dags/example_branch_operator.py took 0.042 seconds
[2025-01-12T00:00:41.325+0000] {processor.py:153} INFO - Started process (PID=8887) to work on /home/airflow/.local/lib/python3.7/site-packages/airflow/example_dags/example_branch_operator.py
[2025-01-12T00:00:41.326+0000] {processor.py:743} INFO - Processing file /home/airflow/.local/lib/python3.7/site-packages/airflow/example_dags/example_branch_operator.py for tasks to queue
[2025-01-12T00:00:41.327+0000] {logging_mixin.py:137} INFO - [2025-01-12T00:00:41.327+0000] {dagbag.py:538} INFO - Filling up the DagBag from /home/airflow/.local/lib/python3.7/site-packages/airflow/example_dags/example_branch_operator.py
[2025-01-12T00:00:41.335+0000] {processor.py:753} INFO - DAG(s) dict_keys(['example_branch_operator']) retrieved from /home/airflow/.local/lib/python3.7/site-packages/airflow/example_dags/example_branch_operator.py
[2025-01-12T00:00:41.349+0000] {logging_mixin.py:137} INFO - [2025-01-12T00:00:41.349+0000] {dag.py:2690} INFO - Sync 1 DAGs
[2025-01-12T00:00:41.360+0000] {logging_mixin.py:137} INFO - [2025-01-12T00:00:41.360+0000] {dag.py:3441} INFO - Setting next_dagrun for example_branch_operator to 2025-01-11T00:00:00+00:00, run_after=2025-01-12T00:00:00+00:00
[2025-01-12T00:00:41.368+0000] {processor.py:175} INFO - Processing /home/airflow/.local/lib/python3.7/site-packages/airflow/example_dags/example_branch_operator.py took 0.044 seconds
[2025-01-12T00:01:12.069+0000] {processor.py:153} INFO - Started process (PID=8963) to work on /home/airflow/.local/lib/python3.7/site-packages/airflow/example_dags/example_branch_operator.py
[2025-01-12T00:01:12.070+0000] {processor.py:743} INFO - Processing file /home/airflow/.local/lib/python3.7/site-packages/airflow/example_dags/example_branch_operator.py for tasks to queue
[2025-01-12T00:01:12.070+0000] {logging_mixin.py:137} INFO - [2025-01-12T00:01:12.070+0000] {dagbag.py:538} INFO - Filling up the DagBag from /home/airflow/.local/lib/python3.7/site-packages/airflow/example_dags/example_branch_operator.py
[2025-01-12T00:01:12.078+0000] {processor.py:753} INFO - DAG(s) dict_keys(['example_branch_operator']) retrieved from /home/airflow/.local/lib/python3.7/site-packages/airflow/example_dags/example_branch_operator.py
[2025-01-12T00:01:12.089+0000] {logging_mixin.py:137} INFO - [2025-01-12T00:01:12.089+0000] {dag.py:2690} INFO - Sync 1 DAGs
[2025-01-12T00:01:12.101+0000] {logging_mixin.py:137} INFO - [2025-01-12T00:01:12.101+0000] {dag.py:3441} INFO - Setting next_dagrun for example_branch_operator to 2025-01-11T00:00:00+00:00, run_after=2025-01-12T00:00:00+00:00
[2025-01-12T00:01:12.107+0000] {processor.py:175} INFO - Processing /home/airflow/.local/lib/python3.7/site-packages/airflow/example_dags/example_branch_operator.py took 0.040 seconds
[2025-01-12T00:01:42.635+0000] {processor.py:153} INFO - Started process (PID=9055) to work on /home/airflow/.local/lib/python3.7/site-packages/airflow/example_dags/example_branch_operator.py
[2025-01-12T00:01:42.636+0000] {processor.py:743} INFO - Processing file /home/airflow/.local/lib/python3.7/site-packages/airflow/example_dags/example_branch_operator.py for tasks to queue
[2025-01-12T00:01:42.636+0000] {logging_mixin.py:137} INFO - [2025-01-12T00:01:42.636+0000] {dagbag.py:538} INFO - Filling up the DagBag from /home/airflow/.local/lib/python3.7/site-packages/airflow/example_dags/example_branch_operator.py
[2025-01-12T00:01:42.643+0000] {processor.py:753} INFO - DAG(s) dict_keys(['example_branch_operator']) retrieved from /home/airflow/.local/lib/python3.7/site-packages/airflow/example_dags/example_branch_operator.py
[2025-01-12T00:01:42.654+0000] {logging_mixin.py:137} INFO - [2025-01-12T00:01:42.654+0000] {dag.py:2690} INFO - Sync 1 DAGs
[2025-01-12T00:01:42.664+0000] {logging_mixin.py:137} INFO - [2025-01-12T00:01:42.664+0000] {dag.py:3441} INFO - Setting next_dagrun for example_branch_operator to 2025-01-11T00:00:00+00:00, run_after=2025-01-12T00:00:00+00:00
[2025-01-12T00:01:42.671+0000] {processor.py:175} INFO - Processing /home/airflow/.local/lib/python3.7/site-packages/airflow/example_dags/example_branch_operator.py took 0.037 seconds
[2025-01-12T00:02:13.138+0000] {processor.py:153} INFO - Started process (PID=9147) to work on /home/airflow/.local/lib/python3.7/site-packages/airflow/example_dags/example_branch_operator.py
[2025-01-12T00:02:13.138+0000] {processor.py:743} INFO - Processing file /home/airflow/.local/lib/python3.7/site-packages/airflow/example_dags/example_branch_operator.py for tasks to queue
[2025-01-12T00:02:13.138+0000] {logging_mixin.py:137} INFO - [2025-01-12T00:02:13.138+0000] {dagbag.py:538} INFO - Filling up the DagBag from /home/airflow/.local/lib/python3.7/site-packages/airflow/example_dags/example_branch_operator.py
[2025-01-12T00:02:13.145+0000] {processor.py:753} INFO - DAG(s) dict_keys(['example_branch_operator']) retrieved from /home/airflow/.local/lib/python3.7/site-packages/airflow/example_dags/example_branch_operator.py
[2025-01-12T00:02:13.158+0000] {logging_mixin.py:137} INFO - [2025-01-12T00:02:13.158+0000] {dag.py:2690} INFO - Sync 1 DAGs
[2025-01-12T00:02:13.169+0000] {logging_mixin.py:137} INFO - [2025-01-12T00:02:13.169+0000] {dag.py:3441} INFO - Setting next_dagrun for example_branch_operator to 2025-01-11T00:00:00+00:00, run_after=2025-01-12T00:00:00+00:00
[2025-01-12T00:02:13.176+0000] {processor.py:175} INFO - Processing /home/airflow/.local/lib/python3.7/site-packages/airflow/example_dags/example_branch_operator.py took 0.040 seconds
[2025-01-12T00:02:43.893+0000] {processor.py:153} INFO - Started process (PID=9238) to work on /home/airflow/.local/lib/python3.7/site-packages/airflow/example_dags/example_branch_operator.py
[2025-01-12T00:02:43.895+0000] {processor.py:743} INFO - Processing file /home/airflow/.local/lib/python3.7/site-packages/airflow/example_dags/example_branch_operator.py for tasks to queue
[2025-01-12T00:02:43.896+0000] {logging_mixin.py:137} INFO - [2025-01-12T00:02:43.895+0000] {dagbag.py:538} INFO - Filling up the DagBag from /home/airflow/.local/lib/python3.7/site-packages/airflow/example_dags/example_branch_operator.py
[2025-01-12T00:02:43.902+0000] {processor.py:753} INFO - DAG(s) dict_keys(['example_branch_operator']) retrieved from /home/airflow/.local/lib/python3.7/site-packages/airflow/example_dags/example_branch_operator.py
[2025-01-12T00:02:43.913+0000] {logging_mixin.py:137} INFO - [2025-01-12T00:02:43.913+0000] {dag.py:2690} INFO - Sync 1 DAGs
[2025-01-12T00:02:43.923+0000] {logging_mixin.py:137} INFO - [2025-01-12T00:02:43.923+0000] {dag.py:3441} INFO - Setting next_dagrun for example_branch_operator to 2025-01-11T00:00:00+00:00, run_after=2025-01-12T00:00:00+00:00
[2025-01-12T00:02:43.930+0000] {processor.py:175} INFO - Processing /home/airflow/.local/lib/python3.7/site-packages/airflow/example_dags/example_branch_operator.py took 0.039 seconds
[2025-01-12T00:03:14.407+0000] {processor.py:153} INFO - Started process (PID=9313) to work on /home/airflow/.local/lib/python3.7/site-packages/airflow/example_dags/example_branch_operator.py
[2025-01-12T00:03:14.407+0000] {processor.py:743} INFO - Processing file /home/airflow/.local/lib/python3.7/site-packages/airflow/example_dags/example_branch_operator.py for tasks to queue
[2025-01-12T00:03:14.407+0000] {logging_mixin.py:137} INFO - [2025-01-12T00:03:14.407+0000] {dagbag.py:538} INFO - Filling up the DagBag from /home/airflow/.local/lib/python3.7/site-packages/airflow/example_dags/example_branch_operator.py
[2025-01-12T00:03:14.415+0000] {processor.py:753} INFO - DAG(s) dict_keys(['example_branch_operator']) retrieved from /home/airflow/.local/lib/python3.7/site-packages/airflow/example_dags/example_branch_operator.py
[2025-01-12T00:03:14.426+0000] {logging_mixin.py:137} INFO - [2025-01-12T00:03:14.426+0000] {dag.py:2690} INFO - Sync 1 DAGs
[2025-01-12T00:03:14.437+0000] {logging_mixin.py:137} INFO - [2025-01-12T00:03:14.437+0000] {dag.py:3441} INFO - Setting next_dagrun for example_branch_operator to 2025-01-11T00:00:00+00:00, run_after=2025-01-12T00:00:00+00:00
[2025-01-12T00:03:14.444+0000] {processor.py:175} INFO - Processing /home/airflow/.local/lib/python3.7/site-packages/airflow/example_dags/example_branch_operator.py took 0.039 seconds
[2025-01-12T00:03:45.009+0000] {processor.py:153} INFO - Started process (PID=9404) to work on /home/airflow/.local/lib/python3.7/site-packages/airflow/example_dags/example_branch_operator.py
[2025-01-12T00:03:45.009+0000] {processor.py:743} INFO - Processing file /home/airflow/.local/lib/python3.7/site-packages/airflow/example_dags/example_branch_operator.py for tasks to queue
[2025-01-12T00:03:45.009+0000] {logging_mixin.py:137} INFO - [2025-01-12T00:03:45.009+0000] {dagbag.py:538} INFO - Filling up the DagBag from /home/airflow/.local/lib/python3.7/site-packages/airflow/example_dags/example_branch_operator.py
[2025-01-12T00:03:45.016+0000] {processor.py:753} INFO - DAG(s) dict_keys(['example_branch_operator']) retrieved from /home/airflow/.local/lib/python3.7/site-packages/airflow/example_dags/example_branch_operator.py
[2025-01-12T00:03:45.029+0000] {logging_mixin.py:137} INFO - [2025-01-12T00:03:45.029+0000] {dag.py:2690} INFO - Sync 1 DAGs
[2025-01-12T00:03:45.039+0000] {logging_mixin.py:137} INFO - [2025-01-12T00:03:45.039+0000] {dag.py:3441} INFO - Setting next_dagrun for example_branch_operator to 2025-01-11T00:00:00+00:00, run_after=2025-01-12T00:00:00+00:00
[2025-01-12T00:03:45.046+0000] {processor.py:175} INFO - Processing /home/airflow/.local/lib/python3.7/site-packages/airflow/example_dags/example_branch_operator.py took 0.039 seconds
[2025-01-12T00:04:15.450+0000] {processor.py:153} INFO - Started process (PID=9496) to work on /home/airflow/.local/lib/python3.7/site-packages/airflow/example_dags/example_branch_operator.py
[2025-01-12T00:04:15.450+0000] {processor.py:743} INFO - Processing file /home/airflow/.local/lib/python3.7/site-packages/airflow/example_dags/example_branch_operator.py for tasks to queue
[2025-01-12T00:04:15.451+0000] {logging_mixin.py:137} INFO - [2025-01-12T00:04:15.451+0000] {dagbag.py:538} INFO - Filling up the DagBag from /home/airflow/.local/lib/python3.7/site-packages/airflow/example_dags/example_branch_operator.py
[2025-01-12T00:04:15.458+0000] {processor.py:753} INFO - DAG(s) dict_keys(['example_branch_operator']) retrieved from /home/airflow/.local/lib/python3.7/site-packages/airflow/example_dags/example_branch_operator.py
[2025-01-12T00:04:15.471+0000] {logging_mixin.py:137} INFO - [2025-01-12T00:04:15.471+0000] {dag.py:2690} INFO - Sync 1 DAGs
[2025-01-12T00:04:15.481+0000] {logging_mixin.py:137} INFO - [2025-01-12T00:04:15.481+0000] {dag.py:3441} INFO - Setting next_dagrun for example_branch_operator to 2025-01-11T00:00:00+00:00, run_after=2025-01-12T00:00:00+00:00
[2025-01-12T00:04:15.488+0000] {processor.py:175} INFO - Processing /home/airflow/.local/lib/python3.7/site-packages/airflow/example_dags/example_branch_operator.py took 0.039 seconds
[2025-01-12T00:04:45.875+0000] {processor.py:153} INFO - Started process (PID=9588) to work on /home/airflow/.local/lib/python3.7/site-packages/airflow/example_dags/example_branch_operator.py
[2025-01-12T00:04:45.875+0000] {processor.py:743} INFO - Processing file /home/airflow/.local/lib/python3.7/site-packages/airflow/example_dags/example_branch_operator.py for tasks to queue
[2025-01-12T00:04:45.876+0000] {logging_mixin.py:137} INFO - [2025-01-12T00:04:45.876+0000] {dagbag.py:538} INFO - Filling up the DagBag from /home/airflow/.local/lib/python3.7/site-packages/airflow/example_dags/example_branch_operator.py
[2025-01-12T00:04:45.884+0000] {processor.py:753} INFO - DAG(s) dict_keys(['example_branch_operator']) retrieved from /home/airflow/.local/lib/python3.7/site-packages/airflow/example_dags/example_branch_operator.py
[2025-01-12T00:04:45.897+0000] {logging_mixin.py:137} INFO - [2025-01-12T00:04:45.897+0000] {dag.py:2690} INFO - Sync 1 DAGs
[2025-01-12T00:04:45.907+0000] {logging_mixin.py:137} INFO - [2025-01-12T00:04:45.907+0000] {dag.py:3441} INFO - Setting next_dagrun for example_branch_operator to 2025-01-11T00:00:00+00:00, run_after=2025-01-12T00:00:00+00:00
[2025-01-12T00:04:45.916+0000] {processor.py:175} INFO - Processing /home/airflow/.local/lib/python3.7/site-packages/airflow/example_dags/example_branch_operator.py took 0.042 seconds
[2025-01-12T00:05:16.453+0000] {processor.py:153} INFO - Started process (PID=9673) to work on /home/airflow/.local/lib/python3.7/site-packages/airflow/example_dags/example_branch_operator.py
[2025-01-12T00:05:16.454+0000] {processor.py:743} INFO - Processing file /home/airflow/.local/lib/python3.7/site-packages/airflow/example_dags/example_branch_operator.py for tasks to queue
[2025-01-12T00:05:16.454+0000] {logging_mixin.py:137} INFO - [2025-01-12T00:05:16.454+0000] {dagbag.py:538} INFO - Filling up the DagBag from /home/airflow/.local/lib/python3.7/site-packages/airflow/example_dags/example_branch_operator.py
[2025-01-12T00:05:16.463+0000] {processor.py:753} INFO - DAG(s) dict_keys(['example_branch_operator']) retrieved from /home/airflow/.local/lib/python3.7/site-packages/airflow/example_dags/example_branch_operator.py
[2025-01-12T00:05:16.476+0000] {logging_mixin.py:137} INFO - [2025-01-12T00:05:16.475+0000] {dag.py:2690} INFO - Sync 1 DAGs
[2025-01-12T00:05:16.487+0000] {logging_mixin.py:137} INFO - [2025-01-12T00:05:16.487+0000] {dag.py:3441} INFO - Setting next_dagrun for example_branch_operator to 2025-01-11T00:00:00+00:00, run_after=2025-01-12T00:00:00+00:00
[2025-01-12T00:05:16.535+0000] {processor.py:175} INFO - Processing /home/airflow/.local/lib/python3.7/site-packages/airflow/example_dags/example_branch_operator.py took 0.083 seconds
[2025-01-12T00:05:47.138+0000] {processor.py:153} INFO - Started process (PID=9756) to work on /home/airflow/.local/lib/python3.7/site-packages/airflow/example_dags/example_branch_operator.py
[2025-01-12T00:05:47.139+0000] {processor.py:743} INFO - Processing file /home/airflow/.local/lib/python3.7/site-packages/airflow/example_dags/example_branch_operator.py for tasks to queue
[2025-01-12T00:05:47.140+0000] {logging_mixin.py:137} INFO - [2025-01-12T00:05:47.140+0000] {dagbag.py:538} INFO - Filling up the DagBag from /home/airflow/.local/lib/python3.7/site-packages/airflow/example_dags/example_branch_operator.py
[2025-01-12T00:05:47.147+0000] {processor.py:753} INFO - DAG(s) dict_keys(['example_branch_operator']) retrieved from /home/airflow/.local/lib/python3.7/site-packages/airflow/example_dags/example_branch_operator.py
[2025-01-12T00:05:47.157+0000] {logging_mixin.py:137} INFO - [2025-01-12T00:05:47.157+0000] {dag.py:2690} INFO - Sync 1 DAGs
[2025-01-12T00:05:47.168+0000] {logging_mixin.py:137} INFO - [2025-01-12T00:05:47.168+0000] {dag.py:3441} INFO - Setting next_dagrun for example_branch_operator to 2025-01-11T00:00:00+00:00, run_after=2025-01-12T00:00:00+00:00
[2025-01-12T00:05:47.176+0000] {processor.py:175} INFO - Processing /home/airflow/.local/lib/python3.7/site-packages/airflow/example_dags/example_branch_operator.py took 0.040 seconds
[2025-01-12T00:06:17.792+0000] {processor.py:153} INFO - Started process (PID=9848) to work on /home/airflow/.local/lib/python3.7/site-packages/airflow/example_dags/example_branch_operator.py
[2025-01-12T00:06:17.794+0000] {processor.py:743} INFO - Processing file /home/airflow/.local/lib/python3.7/site-packages/airflow/example_dags/example_branch_operator.py for tasks to queue
[2025-01-12T00:06:17.794+0000] {logging_mixin.py:137} INFO - [2025-01-12T00:06:17.794+0000] {dagbag.py:538} INFO - Filling up the DagBag from /home/airflow/.local/lib/python3.7/site-packages/airflow/example_dags/example_branch_operator.py
[2025-01-12T00:06:17.801+0000] {processor.py:753} INFO - DAG(s) dict_keys(['example_branch_operator']) retrieved from /home/airflow/.local/lib/python3.7/site-packages/airflow/example_dags/example_branch_operator.py
[2025-01-12T00:06:17.814+0000] {logging_mixin.py:137} INFO - [2025-01-12T00:06:17.814+0000] {dag.py:2690} INFO - Sync 1 DAGs
[2025-01-12T00:06:17.826+0000] {logging_mixin.py:137} INFO - [2025-01-12T00:06:17.826+0000] {dag.py:3441} INFO - Setting next_dagrun for example_branch_operator to 2025-01-11T00:00:00+00:00, run_after=2025-01-12T00:00:00+00:00
[2025-01-12T00:06:17.838+0000] {processor.py:175} INFO - Processing /home/airflow/.local/lib/python3.7/site-packages/airflow/example_dags/example_branch_operator.py took 0.047 seconds
[2025-01-12T00:06:48.349+0000] {processor.py:153} INFO - Started process (PID=9940) to work on /home/airflow/.local/lib/python3.7/site-packages/airflow/example_dags/example_branch_operator.py
[2025-01-12T00:06:48.352+0000] {processor.py:743} INFO - Processing file /home/airflow/.local/lib/python3.7/site-packages/airflow/example_dags/example_branch_operator.py for tasks to queue
[2025-01-12T00:06:48.353+0000] {logging_mixin.py:137} INFO - [2025-01-12T00:06:48.352+0000] {dagbag.py:538} INFO - Filling up the DagBag from /home/airflow/.local/lib/python3.7/site-packages/airflow/example_dags/example_branch_operator.py
[2025-01-12T00:06:48.360+0000] {processor.py:753} INFO - DAG(s) dict_keys(['example_branch_operator']) retrieved from /home/airflow/.local/lib/python3.7/site-packages/airflow/example_dags/example_branch_operator.py
[2025-01-12T00:06:48.378+0000] {logging_mixin.py:137} INFO - [2025-01-12T00:06:48.378+0000] {dag.py:2690} INFO - Sync 1 DAGs
[2025-01-12T00:06:48.389+0000] {logging_mixin.py:137} INFO - [2025-01-12T00:06:48.388+0000] {dag.py:3441} INFO - Setting next_dagrun for example_branch_operator to 2025-01-11T00:00:00+00:00, run_after=2025-01-12T00:00:00+00:00
[2025-01-12T00:06:48.399+0000] {processor.py:175} INFO - Processing /home/airflow/.local/lib/python3.7/site-packages/airflow/example_dags/example_branch_operator.py took 0.051 seconds
[2025-01-12T00:07:18.943+0000] {processor.py:153} INFO - Started process (PID=10032) to work on /home/airflow/.local/lib/python3.7/site-packages/airflow/example_dags/example_branch_operator.py
[2025-01-12T00:07:18.944+0000] {processor.py:743} INFO - Processing file /home/airflow/.local/lib/python3.7/site-packages/airflow/example_dags/example_branch_operator.py for tasks to queue
[2025-01-12T00:07:18.944+0000] {logging_mixin.py:137} INFO - [2025-01-12T00:07:18.944+0000] {dagbag.py:538} INFO - Filling up the DagBag from /home/airflow/.local/lib/python3.7/site-packages/airflow/example_dags/example_branch_operator.py
[2025-01-12T00:07:18.951+0000] {processor.py:753} INFO - DAG(s) dict_keys(['example_branch_operator']) retrieved from /home/airflow/.local/lib/python3.7/site-packages/airflow/example_dags/example_branch_operator.py
[2025-01-12T00:07:18.966+0000] {logging_mixin.py:137} INFO - [2025-01-12T00:07:18.966+0000] {dag.py:2690} INFO - Sync 1 DAGs
[2025-01-12T00:07:18.977+0000] {logging_mixin.py:137} INFO - [2025-01-12T00:07:18.977+0000] {dag.py:3441} INFO - Setting next_dagrun for example_branch_operator to 2025-01-11T00:00:00+00:00, run_after=2025-01-12T00:00:00+00:00
[2025-01-12T00:07:18.986+0000] {processor.py:175} INFO - Processing /home/airflow/.local/lib/python3.7/site-packages/airflow/example_dags/example_branch_operator.py took 0.044 seconds
[2025-01-12T00:07:49.433+0000] {processor.py:153} INFO - Started process (PID=10107) to work on /home/airflow/.local/lib/python3.7/site-packages/airflow/example_dags/example_branch_operator.py
[2025-01-12T00:07:49.433+0000] {processor.py:743} INFO - Processing file /home/airflow/.local/lib/python3.7/site-packages/airflow/example_dags/example_branch_operator.py for tasks to queue
[2025-01-12T00:07:49.434+0000] {logging_mixin.py:137} INFO - [2025-01-12T00:07:49.434+0000] {dagbag.py:538} INFO - Filling up the DagBag from /home/airflow/.local/lib/python3.7/site-packages/airflow/example_dags/example_branch_operator.py
[2025-01-12T00:07:49.442+0000] {processor.py:753} INFO - DAG(s) dict_keys(['example_branch_operator']) retrieved from /home/airflow/.local/lib/python3.7/site-packages/airflow/example_dags/example_branch_operator.py
[2025-01-12T00:07:49.457+0000] {logging_mixin.py:137} INFO - [2025-01-12T00:07:49.457+0000] {dag.py:2690} INFO - Sync 1 DAGs
[2025-01-12T00:07:49.468+0000] {logging_mixin.py:137} INFO - [2025-01-12T00:07:49.468+0000] {dag.py:3441} INFO - Setting next_dagrun for example_branch_operator to 2025-01-11T00:00:00+00:00, run_after=2025-01-12T00:00:00+00:00
[2025-01-12T00:07:49.477+0000] {processor.py:175} INFO - Processing /home/airflow/.local/lib/python3.7/site-packages/airflow/example_dags/example_branch_operator.py took 0.046 seconds
[2025-01-12T00:08:20.080+0000] {processor.py:153} INFO - Started process (PID=10199) to work on /home/airflow/.local/lib/python3.7/site-packages/airflow/example_dags/example_branch_operator.py
[2025-01-12T00:08:20.081+0000] {processor.py:743} INFO - Processing file /home/airflow/.local/lib/python3.7/site-packages/airflow/example_dags/example_branch_operator.py for tasks to queue
[2025-01-12T00:08:20.082+0000] {logging_mixin.py:137} INFO - [2025-01-12T00:08:20.082+0000] {dagbag.py:538} INFO - Filling up the DagBag from /home/airflow/.local/lib/python3.7/site-packages/airflow/example_dags/example_branch_operator.py
[2025-01-12T00:08:20.091+0000] {processor.py:753} INFO - DAG(s) dict_keys(['example_branch_operator']) retrieved from /home/airflow/.local/lib/python3.7/site-packages/airflow/example_dags/example_branch_operator.py
[2025-01-12T00:08:20.104+0000] {logging_mixin.py:137} INFO - [2025-01-12T00:08:20.104+0000] {dag.py:2690} INFO - Sync 1 DAGs
[2025-01-12T00:08:20.118+0000] {logging_mixin.py:137} INFO - [2025-01-12T00:08:20.118+0000] {dag.py:3441} INFO - Setting next_dagrun for example_branch_operator to 2025-01-11T00:00:00+00:00, run_after=2025-01-12T00:00:00+00:00
[2025-01-12T00:08:20.132+0000] {processor.py:175} INFO - Processing /home/airflow/.local/lib/python3.7/site-packages/airflow/example_dags/example_branch_operator.py took 0.054 seconds
[2025-01-12T00:08:50.706+0000] {processor.py:153} INFO - Started process (PID=10291) to work on /home/airflow/.local/lib/python3.7/site-packages/airflow/example_dags/example_branch_operator.py
[2025-01-12T00:08:50.707+0000] {processor.py:743} INFO - Processing file /home/airflow/.local/lib/python3.7/site-packages/airflow/example_dags/example_branch_operator.py for tasks to queue
[2025-01-12T00:08:50.710+0000] {logging_mixin.py:137} INFO - [2025-01-12T00:08:50.709+0000] {dagbag.py:538} INFO - Filling up the DagBag from /home/airflow/.local/lib/python3.7/site-packages/airflow/example_dags/example_branch_operator.py
[2025-01-12T00:08:50.730+0000] {processor.py:753} INFO - DAG(s) dict_keys(['example_branch_operator']) retrieved from /home/airflow/.local/lib/python3.7/site-packages/airflow/example_dags/example_branch_operator.py
[2025-01-12T00:08:50.765+0000] {logging_mixin.py:137} INFO - [2025-01-12T00:08:50.765+0000] {dag.py:2690} INFO - Sync 1 DAGs
[2025-01-12T00:08:50.799+0000] {logging_mixin.py:137} INFO - [2025-01-12T00:08:50.799+0000] {dag.py:3441} INFO - Setting next_dagrun for example_branch_operator to 2025-01-11T00:00:00+00:00, run_after=2025-01-12T00:00:00+00:00
[2025-01-12T00:08:50.809+0000] {processor.py:175} INFO - Processing /home/airflow/.local/lib/python3.7/site-packages/airflow/example_dags/example_branch_operator.py took 0.104 seconds
[2025-01-12T00:09:21.678+0000] {processor.py:153} INFO - Started process (PID=10382) to work on /home/airflow/.local/lib/python3.7/site-packages/airflow/example_dags/example_branch_operator.py
[2025-01-12T00:09:21.679+0000] {processor.py:743} INFO - Processing file /home/airflow/.local/lib/python3.7/site-packages/airflow/example_dags/example_branch_operator.py for tasks to queue
[2025-01-12T00:09:21.679+0000] {logging_mixin.py:137} INFO - [2025-01-12T00:09:21.679+0000] {dagbag.py:538} INFO - Filling up the DagBag from /home/airflow/.local/lib/python3.7/site-packages/airflow/example_dags/example_branch_operator.py
[2025-01-12T00:09:21.687+0000] {processor.py:753} INFO - DAG(s) dict_keys(['example_branch_operator']) retrieved from /home/airflow/.local/lib/python3.7/site-packages/airflow/example_dags/example_branch_operator.py
[2025-01-12T00:09:21.701+0000] {logging_mixin.py:137} INFO - [2025-01-12T00:09:21.701+0000] {dag.py:2690} INFO - Sync 1 DAGs
[2025-01-12T00:09:21.712+0000] {logging_mixin.py:137} INFO - [2025-01-12T00:09:21.712+0000] {dag.py:3441} INFO - Setting next_dagrun for example_branch_operator to 2025-01-11T00:00:00+00:00, run_after=2025-01-12T00:00:00+00:00
[2025-01-12T00:09:21.720+0000] {processor.py:175} INFO - Processing /home/airflow/.local/lib/python3.7/site-packages/airflow/example_dags/example_branch_operator.py took 0.044 seconds
[2025-01-12T00:09:52.323+0000] {processor.py:153} INFO - Started process (PID=10458) to work on /home/airflow/.local/lib/python3.7/site-packages/airflow/example_dags/example_branch_operator.py
[2025-01-12T00:09:52.323+0000] {processor.py:743} INFO - Processing file /home/airflow/.local/lib/python3.7/site-packages/airflow/example_dags/example_branch_operator.py for tasks to queue
[2025-01-12T00:09:52.323+0000] {logging_mixin.py:137} INFO - [2025-01-12T00:09:52.323+0000] {dagbag.py:538} INFO - Filling up the DagBag from /home/airflow/.local/lib/python3.7/site-packages/airflow/example_dags/example_branch_operator.py
[2025-01-12T00:09:52.332+0000] {processor.py:753} INFO - DAG(s) dict_keys(['example_branch_operator']) retrieved from /home/airflow/.local/lib/python3.7/site-packages/airflow/example_dags/example_branch_operator.py
[2025-01-12T00:09:52.345+0000] {logging_mixin.py:137} INFO - [2025-01-12T00:09:52.345+0000] {dag.py:2690} INFO - Sync 1 DAGs
[2025-01-12T00:09:52.354+0000] {logging_mixin.py:137} INFO - [2025-01-12T00:09:52.354+0000] {dag.py:3441} INFO - Setting next_dagrun for example_branch_operator to 2025-01-11T00:00:00+00:00, run_after=2025-01-12T00:00:00+00:00
[2025-01-12T00:09:52.363+0000] {processor.py:175} INFO - Processing /home/airflow/.local/lib/python3.7/site-packages/airflow/example_dags/example_branch_operator.py took 0.042 seconds
[2025-01-12T00:10:22.930+0000] {processor.py:153} INFO - Started process (PID=10550) to work on /home/airflow/.local/lib/python3.7/site-packages/airflow/example_dags/example_branch_operator.py
[2025-01-12T00:10:22.930+0000] {processor.py:743} INFO - Processing file /home/airflow/.local/lib/python3.7/site-packages/airflow/example_dags/example_branch_operator.py for tasks to queue
[2025-01-12T00:10:22.931+0000] {logging_mixin.py:137} INFO - [2025-01-12T00:10:22.931+0000] {dagbag.py:538} INFO - Filling up the DagBag from /home/airflow/.local/lib/python3.7/site-packages/airflow/example_dags/example_branch_operator.py
[2025-01-12T00:10:22.940+0000] {processor.py:753} INFO - DAG(s) dict_keys(['example_branch_operator']) retrieved from /home/airflow/.local/lib/python3.7/site-packages/airflow/example_dags/example_branch_operator.py
[2025-01-12T00:10:22.950+0000] {logging_mixin.py:137} INFO - [2025-01-12T00:10:22.950+0000] {dag.py:2690} INFO - Sync 1 DAGs
[2025-01-12T00:10:22.964+0000] {logging_mixin.py:137} INFO - [2025-01-12T00:10:22.964+0000] {dag.py:3441} INFO - Setting next_dagrun for example_branch_operator to 2025-01-11T00:00:00+00:00, run_after=2025-01-12T00:00:00+00:00
[2025-01-12T00:10:22.974+0000] {processor.py:175} INFO - Processing /home/airflow/.local/lib/python3.7/site-packages/airflow/example_dags/example_branch_operator.py took 0.046 seconds
[2025-01-12T00:10:53.813+0000] {processor.py:153} INFO - Started process (PID=10642) to work on /home/airflow/.local/lib/python3.7/site-packages/airflow/example_dags/example_branch_operator.py
[2025-01-12T00:10:53.813+0000] {processor.py:743} INFO - Processing file /home/airflow/.local/lib/python3.7/site-packages/airflow/example_dags/example_branch_operator.py for tasks to queue
[2025-01-12T00:10:53.814+0000] {logging_mixin.py:137} INFO - [2025-01-12T00:10:53.814+0000] {dagbag.py:538} INFO - Filling up the DagBag from /home/airflow/.local/lib/python3.7/site-packages/airflow/example_dags/example_branch_operator.py
[2025-01-12T00:10:53.821+0000] {processor.py:753} INFO - DAG(s) dict_keys(['example_branch_operator']) retrieved from /home/airflow/.local/lib/python3.7/site-packages/airflow/example_dags/example_branch_operator.py
[2025-01-12T00:10:53.836+0000] {logging_mixin.py:137} INFO - [2025-01-12T00:10:53.836+0000] {dag.py:2690} INFO - Sync 1 DAGs
[2025-01-12T00:10:53.848+0000] {logging_mixin.py:137} INFO - [2025-01-12T00:10:53.848+0000] {dag.py:3441} INFO - Setting next_dagrun for example_branch_operator to 2025-01-11T00:00:00+00:00, run_after=2025-01-12T00:00:00+00:00
[2025-01-12T00:10:53.858+0000] {processor.py:175} INFO - Processing /home/airflow/.local/lib/python3.7/site-packages/airflow/example_dags/example_branch_operator.py took 0.046 seconds
[2025-01-12T00:11:23.895+0000] {processor.py:153} INFO - Started process (PID=10734) to work on /home/airflow/.local/lib/python3.7/site-packages/airflow/example_dags/example_branch_operator.py
[2025-01-12T00:11:23.896+0000] {processor.py:743} INFO - Processing file /home/airflow/.local/lib/python3.7/site-packages/airflow/example_dags/example_branch_operator.py for tasks to queue
[2025-01-12T00:11:23.896+0000] {logging_mixin.py:137} INFO - [2025-01-12T00:11:23.896+0000] {dagbag.py:538} INFO - Filling up the DagBag from /home/airflow/.local/lib/python3.7/site-packages/airflow/example_dags/example_branch_operator.py
[2025-01-12T00:11:23.904+0000] {processor.py:753} INFO - DAG(s) dict_keys(['example_branch_operator']) retrieved from /home/airflow/.local/lib/python3.7/site-packages/airflow/example_dags/example_branch_operator.py
[2025-01-12T00:11:23.918+0000] {logging_mixin.py:137} INFO - [2025-01-12T00:11:23.918+0000] {dag.py:2690} INFO - Sync 1 DAGs
[2025-01-12T00:11:23.930+0000] {logging_mixin.py:137} INFO - [2025-01-12T00:11:23.930+0000] {dag.py:3441} INFO - Setting next_dagrun for example_branch_operator to 2025-01-11T00:00:00+00:00, run_after=2025-01-12T00:00:00+00:00
[2025-01-12T00:11:23.944+0000] {processor.py:175} INFO - Processing /home/airflow/.local/lib/python3.7/site-packages/airflow/example_dags/example_branch_operator.py took 0.051 seconds
[2025-01-12T00:11:54.558+0000] {processor.py:153} INFO - Started process (PID=10810) to work on /home/airflow/.local/lib/python3.7/site-packages/airflow/example_dags/example_branch_operator.py
[2025-01-12T00:11:54.559+0000] {processor.py:743} INFO - Processing file /home/airflow/.local/lib/python3.7/site-packages/airflow/example_dags/example_branch_operator.py for tasks to queue
[2025-01-12T00:11:54.559+0000] {logging_mixin.py:137} INFO - [2025-01-12T00:11:54.559+0000] {dagbag.py:538} INFO - Filling up the DagBag from /home/airflow/.local/lib/python3.7/site-packages/airflow/example_dags/example_branch_operator.py
[2025-01-12T00:11:54.567+0000] {processor.py:753} INFO - DAG(s) dict_keys(['example_branch_operator']) retrieved from /home/airflow/.local/lib/python3.7/site-packages/airflow/example_dags/example_branch_operator.py
[2025-01-12T00:11:54.578+0000] {logging_mixin.py:137} INFO - [2025-01-12T00:11:54.578+0000] {dag.py:2690} INFO - Sync 1 DAGs
[2025-01-12T00:11:54.593+0000] {logging_mixin.py:137} INFO - [2025-01-12T00:11:54.593+0000] {dag.py:3441} INFO - Setting next_dagrun for example_branch_operator to 2025-01-11T00:00:00+00:00, run_after=2025-01-12T00:00:00+00:00
[2025-01-12T00:11:54.604+0000] {processor.py:175} INFO - Processing /home/airflow/.local/lib/python3.7/site-packages/airflow/example_dags/example_branch_operator.py took 0.047 seconds
[2025-01-12T00:12:25.068+0000] {processor.py:153} INFO - Started process (PID=10902) to work on /home/airflow/.local/lib/python3.7/site-packages/airflow/example_dags/example_branch_operator.py
[2025-01-12T00:12:25.068+0000] {processor.py:743} INFO - Processing file /home/airflow/.local/lib/python3.7/site-packages/airflow/example_dags/example_branch_operator.py for tasks to queue
[2025-01-12T00:12:25.069+0000] {logging_mixin.py:137} INFO - [2025-01-12T00:12:25.069+0000] {dagbag.py:538} INFO - Filling up the DagBag from /home/airflow/.local/lib/python3.7/site-packages/airflow/example_dags/example_branch_operator.py
[2025-01-12T00:12:25.075+0000] {processor.py:753} INFO - DAG(s) dict_keys(['example_branch_operator']) retrieved from /home/airflow/.local/lib/python3.7/site-packages/airflow/example_dags/example_branch_operator.py
[2025-01-12T00:12:25.089+0000] {logging_mixin.py:137} INFO - [2025-01-12T00:12:25.089+0000] {dag.py:2690} INFO - Sync 1 DAGs
[2025-01-12T00:12:25.099+0000] {logging_mixin.py:137} INFO - [2025-01-12T00:12:25.099+0000] {dag.py:3441} INFO - Setting next_dagrun for example_branch_operator to 2025-01-11T00:00:00+00:00, run_after=2025-01-12T00:00:00+00:00
[2025-01-12T00:12:25.111+0000] {processor.py:175} INFO - Processing /home/airflow/.local/lib/python3.7/site-packages/airflow/example_dags/example_branch_operator.py took 0.045 seconds
[2025-01-12T00:12:55.655+0000] {processor.py:153} INFO - Started process (PID=10994) to work on /home/airflow/.local/lib/python3.7/site-packages/airflow/example_dags/example_branch_operator.py
[2025-01-12T00:12:55.655+0000] {processor.py:743} INFO - Processing file /home/airflow/.local/lib/python3.7/site-packages/airflow/example_dags/example_branch_operator.py for tasks to queue
[2025-01-12T00:12:55.659+0000] {logging_mixin.py:137} INFO - [2025-01-12T00:12:55.659+0000] {dagbag.py:538} INFO - Filling up the DagBag from /home/airflow/.local/lib/python3.7/site-packages/airflow/example_dags/example_branch_operator.py
[2025-01-12T00:12:55.666+0000] {processor.py:753} INFO - DAG(s) dict_keys(['example_branch_operator']) retrieved from /home/airflow/.local/lib/python3.7/site-packages/airflow/example_dags/example_branch_operator.py
[2025-01-12T00:12:55.678+0000] {logging_mixin.py:137} INFO - [2025-01-12T00:12:55.678+0000] {dag.py:2690} INFO - Sync 1 DAGs
[2025-01-12T00:12:55.689+0000] {logging_mixin.py:137} INFO - [2025-01-12T00:12:55.689+0000] {dag.py:3441} INFO - Setting next_dagrun for example_branch_operator to 2025-01-11T00:00:00+00:00, run_after=2025-01-12T00:00:00+00:00
[2025-01-12T00:12:55.704+0000] {processor.py:175} INFO - Processing /home/airflow/.local/lib/python3.7/site-packages/airflow/example_dags/example_branch_operator.py took 0.051 seconds
[2025-01-12T00:13:26.409+0000] {processor.py:153} INFO - Started process (PID=11085) to work on /home/airflow/.local/lib/python3.7/site-packages/airflow/example_dags/example_branch_operator.py
[2025-01-12T00:13:26.409+0000] {processor.py:743} INFO - Processing file /home/airflow/.local/lib/python3.7/site-packages/airflow/example_dags/example_branch_operator.py for tasks to queue
[2025-01-12T00:13:26.410+0000] {logging_mixin.py:137} INFO - [2025-01-12T00:13:26.410+0000] {dagbag.py:538} INFO - Filling up the DagBag from /home/airflow/.local/lib/python3.7/site-packages/airflow/example_dags/example_branch_operator.py
[2025-01-12T00:13:26.418+0000] {processor.py:753} INFO - DAG(s) dict_keys(['example_branch_operator']) retrieved from /home/airflow/.local/lib/python3.7/site-packages/airflow/example_dags/example_branch_operator.py
[2025-01-12T00:13:26.432+0000] {logging_mixin.py:137} INFO - [2025-01-12T00:13:26.432+0000] {dag.py:2690} INFO - Sync 1 DAGs
[2025-01-12T00:13:26.442+0000] {logging_mixin.py:137} INFO - [2025-01-12T00:13:26.442+0000] {dag.py:3441} INFO - Setting next_dagrun for example_branch_operator to 2025-01-11T00:00:00+00:00, run_after=2025-01-12T00:00:00+00:00
[2025-01-12T00:13:26.450+0000] {processor.py:175} INFO - Processing /home/airflow/.local/lib/python3.7/site-packages/airflow/example_dags/example_branch_operator.py took 0.043 seconds
[2025-01-12T00:13:57.080+0000] {processor.py:153} INFO - Started process (PID=11161) to work on /home/airflow/.local/lib/python3.7/site-packages/airflow/example_dags/example_branch_operator.py
[2025-01-12T00:13:57.083+0000] {processor.py:743} INFO - Processing file /home/airflow/.local/lib/python3.7/site-packages/airflow/example_dags/example_branch_operator.py for tasks to queue
[2025-01-12T00:13:57.084+0000] {logging_mixin.py:137} INFO - [2025-01-12T00:13:57.083+0000] {dagbag.py:538} INFO - Filling up the DagBag from /home/airflow/.local/lib/python3.7/site-packages/airflow/example_dags/example_branch_operator.py
[2025-01-12T00:13:57.092+0000] {processor.py:753} INFO - DAG(s) dict_keys(['example_branch_operator']) retrieved from /home/airflow/.local/lib/python3.7/site-packages/airflow/example_dags/example_branch_operator.py
[2025-01-12T00:13:57.107+0000] {logging_mixin.py:137} INFO - [2025-01-12T00:13:57.106+0000] {dag.py:2690} INFO - Sync 1 DAGs
[2025-01-12T00:13:57.120+0000] {logging_mixin.py:137} INFO - [2025-01-12T00:13:57.120+0000] {dag.py:3441} INFO - Setting next_dagrun for example_branch_operator to 2025-01-11T00:00:00+00:00, run_after=2025-01-12T00:00:00+00:00
[2025-01-12T00:13:57.130+0000] {processor.py:175} INFO - Processing /home/airflow/.local/lib/python3.7/site-packages/airflow/example_dags/example_branch_operator.py took 0.052 seconds
[2025-01-12T00:14:27.570+0000] {processor.py:153} INFO - Started process (PID=11253) to work on /home/airflow/.local/lib/python3.7/site-packages/airflow/example_dags/example_branch_operator.py
[2025-01-12T00:14:27.570+0000] {processor.py:743} INFO - Processing file /home/airflow/.local/lib/python3.7/site-packages/airflow/example_dags/example_branch_operator.py for tasks to queue
[2025-01-12T00:14:27.571+0000] {logging_mixin.py:137} INFO - [2025-01-12T00:14:27.571+0000] {dagbag.py:538} INFO - Filling up the DagBag from /home/airflow/.local/lib/python3.7/site-packages/airflow/example_dags/example_branch_operator.py
[2025-01-12T00:14:27.579+0000] {processor.py:753} INFO - DAG(s) dict_keys(['example_branch_operator']) retrieved from /home/airflow/.local/lib/python3.7/site-packages/airflow/example_dags/example_branch_operator.py
[2025-01-12T00:14:27.594+0000] {logging_mixin.py:137} INFO - [2025-01-12T00:14:27.594+0000] {dag.py:2690} INFO - Sync 1 DAGs
[2025-01-12T00:14:27.608+0000] {logging_mixin.py:137} INFO - [2025-01-12T00:14:27.608+0000] {dag.py:3441} INFO - Setting next_dagrun for example_branch_operator to 2025-01-11T00:00:00+00:00, run_after=2025-01-12T00:00:00+00:00
[2025-01-12T00:14:27.615+0000] {processor.py:175} INFO - Processing /home/airflow/.local/lib/python3.7/site-packages/airflow/example_dags/example_branch_operator.py took 0.047 seconds
[2025-01-12T00:14:58.053+0000] {processor.py:153} INFO - Started process (PID=11345) to work on /home/airflow/.local/lib/python3.7/site-packages/airflow/example_dags/example_branch_operator.py
[2025-01-12T00:14:58.053+0000] {processor.py:743} INFO - Processing file /home/airflow/.local/lib/python3.7/site-packages/airflow/example_dags/example_branch_operator.py for tasks to queue
[2025-01-12T00:14:58.054+0000] {logging_mixin.py:137} INFO - [2025-01-12T00:14:58.054+0000] {dagbag.py:538} INFO - Filling up the DagBag from /home/airflow/.local/lib/python3.7/site-packages/airflow/example_dags/example_branch_operator.py
[2025-01-12T00:14:58.061+0000] {processor.py:753} INFO - DAG(s) dict_keys(['example_branch_operator']) retrieved from /home/airflow/.local/lib/python3.7/site-packages/airflow/example_dags/example_branch_operator.py
[2025-01-12T00:14:58.074+0000] {logging_mixin.py:137} INFO - [2025-01-12T00:14:58.074+0000] {dag.py:2690} INFO - Sync 1 DAGs
[2025-01-12T00:14:58.086+0000] {logging_mixin.py:137} INFO - [2025-01-12T00:14:58.086+0000] {dag.py:3441} INFO - Setting next_dagrun for example_branch_operator to 2025-01-11T00:00:00+00:00, run_after=2025-01-12T00:00:00+00:00
[2025-01-12T00:14:58.099+0000] {processor.py:175} INFO - Processing /home/airflow/.local/lib/python3.7/site-packages/airflow/example_dags/example_branch_operator.py took 0.047 seconds
[2025-01-12T00:15:28.463+0000] {processor.py:153} INFO - Started process (PID=11437) to work on /home/airflow/.local/lib/python3.7/site-packages/airflow/example_dags/example_branch_operator.py
[2025-01-12T00:15:28.464+0000] {processor.py:743} INFO - Processing file /home/airflow/.local/lib/python3.7/site-packages/airflow/example_dags/example_branch_operator.py for tasks to queue
[2025-01-12T00:15:28.464+0000] {logging_mixin.py:137} INFO - [2025-01-12T00:15:28.464+0000] {dagbag.py:538} INFO - Filling up the DagBag from /home/airflow/.local/lib/python3.7/site-packages/airflow/example_dags/example_branch_operator.py
[2025-01-12T00:15:28.472+0000] {processor.py:753} INFO - DAG(s) dict_keys(['example_branch_operator']) retrieved from /home/airflow/.local/lib/python3.7/site-packages/airflow/example_dags/example_branch_operator.py
[2025-01-12T00:15:28.486+0000] {logging_mixin.py:137} INFO - [2025-01-12T00:15:28.486+0000] {dag.py:2690} INFO - Sync 1 DAGs
[2025-01-12T00:15:28.497+0000] {logging_mixin.py:137} INFO - [2025-01-12T00:15:28.497+0000] {dag.py:3441} INFO - Setting next_dagrun for example_branch_operator to 2025-01-11T00:00:00+00:00, run_after=2025-01-12T00:00:00+00:00
[2025-01-12T00:15:28.503+0000] {processor.py:175} INFO - Processing /home/airflow/.local/lib/python3.7/site-packages/airflow/example_dags/example_branch_operator.py took 0.042 seconds
[2025-01-12T00:15:59.016+0000] {processor.py:153} INFO - Started process (PID=11513) to work on /home/airflow/.local/lib/python3.7/site-packages/airflow/example_dags/example_branch_operator.py
[2025-01-12T00:15:59.016+0000] {processor.py:743} INFO - Processing file /home/airflow/.local/lib/python3.7/site-packages/airflow/example_dags/example_branch_operator.py for tasks to queue
[2025-01-12T00:15:59.017+0000] {logging_mixin.py:137} INFO - [2025-01-12T00:15:59.017+0000] {dagbag.py:538} INFO - Filling up the DagBag from /home/airflow/.local/lib/python3.7/site-packages/airflow/example_dags/example_branch_operator.py
[2025-01-12T00:15:59.024+0000] {processor.py:753} INFO - DAG(s) dict_keys(['example_branch_operator']) retrieved from /home/airflow/.local/lib/python3.7/site-packages/airflow/example_dags/example_branch_operator.py
[2025-01-12T00:15:59.035+0000] {logging_mixin.py:137} INFO - [2025-01-12T00:15:59.035+0000] {dag.py:2690} INFO - Sync 1 DAGs
[2025-01-12T00:15:59.049+0000] {logging_mixin.py:137} INFO - [2025-01-12T00:15:59.049+0000] {dag.py:3441} INFO - Setting next_dagrun for example_branch_operator to 2025-01-11T00:00:00+00:00, run_after=2025-01-12T00:00:00+00:00
[2025-01-12T00:15:59.058+0000] {processor.py:175} INFO - Processing /home/airflow/.local/lib/python3.7/site-packages/airflow/example_dags/example_branch_operator.py took 0.043 seconds
[2025-01-12T00:16:29.507+0000] {processor.py:153} INFO - Started process (PID=11605) to work on /home/airflow/.local/lib/python3.7/site-packages/airflow/example_dags/example_branch_operator.py
[2025-01-12T00:16:29.508+0000] {processor.py:743} INFO - Processing file /home/airflow/.local/lib/python3.7/site-packages/airflow/example_dags/example_branch_operator.py for tasks to queue
[2025-01-12T00:16:29.510+0000] {logging_mixin.py:137} INFO - [2025-01-12T00:16:29.510+0000] {dagbag.py:538} INFO - Filling up the DagBag from /home/airflow/.local/lib/python3.7/site-packages/airflow/example_dags/example_branch_operator.py
[2025-01-12T00:16:29.517+0000] {processor.py:753} INFO - DAG(s) dict_keys(['example_branch_operator']) retrieved from /home/airflow/.local/lib/python3.7/site-packages/airflow/example_dags/example_branch_operator.py
[2025-01-12T00:16:29.530+0000] {logging_mixin.py:137} INFO - [2025-01-12T00:16:29.530+0000] {dag.py:2690} INFO - Sync 1 DAGs
[2025-01-12T00:16:29.541+0000] {logging_mixin.py:137} INFO - [2025-01-12T00:16:29.541+0000] {dag.py:3441} INFO - Setting next_dagrun for example_branch_operator to 2025-01-11T00:00:00+00:00, run_after=2025-01-12T00:00:00+00:00
[2025-01-12T00:16:29.548+0000] {processor.py:175} INFO - Processing /home/airflow/.local/lib/python3.7/site-packages/airflow/example_dags/example_branch_operator.py took 0.042 seconds
[2025-01-12T00:17:00.050+0000] {processor.py:153} INFO - Started process (PID=11697) to work on /home/airflow/.local/lib/python3.7/site-packages/airflow/example_dags/example_branch_operator.py
[2025-01-12T00:17:00.052+0000] {processor.py:743} INFO - Processing file /home/airflow/.local/lib/python3.7/site-packages/airflow/example_dags/example_branch_operator.py for tasks to queue
[2025-01-12T00:17:00.053+0000] {logging_mixin.py:137} INFO - [2025-01-12T00:17:00.053+0000] {dagbag.py:538} INFO - Filling up the DagBag from /home/airflow/.local/lib/python3.7/site-packages/airflow/example_dags/example_branch_operator.py
[2025-01-12T00:17:00.060+0000] {processor.py:753} INFO - DAG(s) dict_keys(['example_branch_operator']) retrieved from /home/airflow/.local/lib/python3.7/site-packages/airflow/example_dags/example_branch_operator.py
[2025-01-12T00:17:00.072+0000] {logging_mixin.py:137} INFO - [2025-01-12T00:17:00.072+0000] {dag.py:2690} INFO - Sync 1 DAGs
[2025-01-12T00:17:00.084+0000] {logging_mixin.py:137} INFO - [2025-01-12T00:17:00.084+0000] {dag.py:3441} INFO - Setting next_dagrun for example_branch_operator to 2025-01-11T00:00:00+00:00, run_after=2025-01-12T00:00:00+00:00
[2025-01-12T00:17:00.091+0000] {processor.py:175} INFO - Processing /home/airflow/.local/lib/python3.7/site-packages/airflow/example_dags/example_branch_operator.py took 0.042 seconds
