[2025-01-12T00:00:10.943+0000] {processor.py:153} INFO - Started process (PID=8806) to work on /home/airflow/.local/lib/python3.7/site-packages/airflow/example_dags/example_short_circuit_decorator.py
[2025-01-12T00:00:10.943+0000] {processor.py:743} INFO - Processing file /home/airflow/.local/lib/python3.7/site-packages/airflow/example_dags/example_short_circuit_decorator.py for tasks to queue
[2025-01-12T00:00:10.943+0000] {logging_mixin.py:137} INFO - [2025-01-12T00:00:10.943+0000] {dagbag.py:538} INFO - Filling up the DagBag from /home/airflow/.local/lib/python3.7/site-packages/airflow/example_dags/example_short_circuit_decorator.py
[2025-01-12T00:00:10.953+0000] {processor.py:753} INFO - DAG(s) dict_keys(['example_short_circuit_decorator']) retrieved from /home/airflow/.local/lib/python3.7/site-packages/airflow/example_dags/example_short_circuit_decorator.py
[2025-01-12T00:00:10.965+0000] {logging_mixin.py:137} INFO - [2025-01-12T00:00:10.965+0000] {dag.py:2690} INFO - Sync 1 DAGs
[2025-01-12T00:00:10.975+0000] {logging_mixin.py:137} INFO - [2025-01-12T00:00:10.975+0000] {dag.py:3441} INFO - Setting next_dagrun for example_short_circuit_decorator to 2025-01-11T00:00:10.975461+00:00, run_after=2025-01-12T00:00:10.975461+00:00
[2025-01-12T00:00:10.982+0000] {processor.py:175} INFO - Processing /home/airflow/.local/lib/python3.7/site-packages/airflow/example_dags/example_short_circuit_decorator.py took 0.041 seconds
[2025-01-12T00:00:41.616+0000] {processor.py:153} INFO - Started process (PID=8897) to work on /home/airflow/.local/lib/python3.7/site-packages/airflow/example_dags/example_short_circuit_decorator.py
[2025-01-12T00:00:41.616+0000] {processor.py:743} INFO - Processing file /home/airflow/.local/lib/python3.7/site-packages/airflow/example_dags/example_short_circuit_decorator.py for tasks to queue
[2025-01-12T00:00:41.617+0000] {logging_mixin.py:137} INFO - [2025-01-12T00:00:41.617+0000] {dagbag.py:538} INFO - Filling up the DagBag from /home/airflow/.local/lib/python3.7/site-packages/airflow/example_dags/example_short_circuit_decorator.py
[2025-01-12T00:00:41.628+0000] {processor.py:753} INFO - DAG(s) dict_keys(['example_short_circuit_decorator']) retrieved from /home/airflow/.local/lib/python3.7/site-packages/airflow/example_dags/example_short_circuit_decorator.py
[2025-01-12T00:00:41.640+0000] {logging_mixin.py:137} INFO - [2025-01-12T00:00:41.639+0000] {dag.py:2690} INFO - Sync 1 DAGs
[2025-01-12T00:00:41.651+0000] {logging_mixin.py:137} INFO - [2025-01-12T00:00:41.651+0000] {dag.py:3441} INFO - Setting next_dagrun for example_short_circuit_decorator to 2025-01-11T00:00:41.650997+00:00, run_after=2025-01-12T00:00:41.650997+00:00
[2025-01-12T00:00:41.658+0000] {processor.py:175} INFO - Processing /home/airflow/.local/lib/python3.7/site-packages/airflow/example_dags/example_short_circuit_decorator.py took 0.044 seconds
[2025-01-12T00:01:12.331+0000] {processor.py:153} INFO - Started process (PID=8973) to work on /home/airflow/.local/lib/python3.7/site-packages/airflow/example_dags/example_short_circuit_decorator.py
[2025-01-12T00:01:12.334+0000] {processor.py:743} INFO - Processing file /home/airflow/.local/lib/python3.7/site-packages/airflow/example_dags/example_short_circuit_decorator.py for tasks to queue
[2025-01-12T00:01:12.335+0000] {logging_mixin.py:137} INFO - [2025-01-12T00:01:12.335+0000] {dagbag.py:538} INFO - Filling up the DagBag from /home/airflow/.local/lib/python3.7/site-packages/airflow/example_dags/example_short_circuit_decorator.py
[2025-01-12T00:01:12.346+0000] {processor.py:753} INFO - DAG(s) dict_keys(['example_short_circuit_decorator']) retrieved from /home/airflow/.local/lib/python3.7/site-packages/airflow/example_dags/example_short_circuit_decorator.py
[2025-01-12T00:01:12.357+0000] {logging_mixin.py:137} INFO - [2025-01-12T00:01:12.356+0000] {dag.py:2690} INFO - Sync 1 DAGs
[2025-01-12T00:01:12.367+0000] {logging_mixin.py:137} INFO - [2025-01-12T00:01:12.366+0000] {dag.py:3441} INFO - Setting next_dagrun for example_short_circuit_decorator to 2025-01-11T00:01:12.366858+00:00, run_after=2025-01-12T00:01:12.366858+00:00
[2025-01-12T00:01:12.374+0000] {processor.py:175} INFO - Processing /home/airflow/.local/lib/python3.7/site-packages/airflow/example_dags/example_short_circuit_decorator.py took 0.044 seconds
[2025-01-12T00:01:42.883+0000] {processor.py:153} INFO - Started process (PID=9065) to work on /home/airflow/.local/lib/python3.7/site-packages/airflow/example_dags/example_short_circuit_decorator.py
[2025-01-12T00:01:42.883+0000] {processor.py:743} INFO - Processing file /home/airflow/.local/lib/python3.7/site-packages/airflow/example_dags/example_short_circuit_decorator.py for tasks to queue
[2025-01-12T00:01:42.883+0000] {logging_mixin.py:137} INFO - [2025-01-12T00:01:42.883+0000] {dagbag.py:538} INFO - Filling up the DagBag from /home/airflow/.local/lib/python3.7/site-packages/airflow/example_dags/example_short_circuit_decorator.py
[2025-01-12T00:01:42.894+0000] {processor.py:753} INFO - DAG(s) dict_keys(['example_short_circuit_decorator']) retrieved from /home/airflow/.local/lib/python3.7/site-packages/airflow/example_dags/example_short_circuit_decorator.py
[2025-01-12T00:01:42.915+0000] {logging_mixin.py:137} INFO - [2025-01-12T00:01:42.915+0000] {dag.py:2690} INFO - Sync 1 DAGs
[2025-01-12T00:01:42.926+0000] {logging_mixin.py:137} INFO - [2025-01-12T00:01:42.926+0000] {dag.py:3441} INFO - Setting next_dagrun for example_short_circuit_decorator to 2025-01-11T00:01:42.926612+00:00, run_after=2025-01-12T00:01:42.926612+00:00
[2025-01-12T00:01:42.934+0000] {processor.py:175} INFO - Processing /home/airflow/.local/lib/python3.7/site-packages/airflow/example_dags/example_short_circuit_decorator.py took 0.052 seconds
[2025-01-12T00:02:13.402+0000] {processor.py:153} INFO - Started process (PID=9157) to work on /home/airflow/.local/lib/python3.7/site-packages/airflow/example_dags/example_short_circuit_decorator.py
[2025-01-12T00:02:13.402+0000] {processor.py:743} INFO - Processing file /home/airflow/.local/lib/python3.7/site-packages/airflow/example_dags/example_short_circuit_decorator.py for tasks to queue
[2025-01-12T00:02:13.402+0000] {logging_mixin.py:137} INFO - [2025-01-12T00:02:13.402+0000] {dagbag.py:538} INFO - Filling up the DagBag from /home/airflow/.local/lib/python3.7/site-packages/airflow/example_dags/example_short_circuit_decorator.py
[2025-01-12T00:02:13.413+0000] {processor.py:753} INFO - DAG(s) dict_keys(['example_short_circuit_decorator']) retrieved from /home/airflow/.local/lib/python3.7/site-packages/airflow/example_dags/example_short_circuit_decorator.py
[2025-01-12T00:02:13.427+0000] {logging_mixin.py:137} INFO - [2025-01-12T00:02:13.427+0000] {dag.py:2690} INFO - Sync 1 DAGs
[2025-01-12T00:02:13.438+0000] {logging_mixin.py:137} INFO - [2025-01-12T00:02:13.438+0000] {dag.py:3441} INFO - Setting next_dagrun for example_short_circuit_decorator to 2025-01-11T00:02:13.437936+00:00, run_after=2025-01-12T00:02:13.437936+00:00
[2025-01-12T00:02:13.445+0000] {processor.py:175} INFO - Processing /home/airflow/.local/lib/python3.7/site-packages/airflow/example_dags/example_short_circuit_decorator.py took 0.045 seconds
[2025-01-12T00:02:44.160+0000] {processor.py:153} INFO - Started process (PID=9248) to work on /home/airflow/.local/lib/python3.7/site-packages/airflow/example_dags/example_short_circuit_decorator.py
[2025-01-12T00:02:44.163+0000] {processor.py:743} INFO - Processing file /home/airflow/.local/lib/python3.7/site-packages/airflow/example_dags/example_short_circuit_decorator.py for tasks to queue
[2025-01-12T00:02:44.163+0000] {logging_mixin.py:137} INFO - [2025-01-12T00:02:44.163+0000] {dagbag.py:538} INFO - Filling up the DagBag from /home/airflow/.local/lib/python3.7/site-packages/airflow/example_dags/example_short_circuit_decorator.py
[2025-01-12T00:02:44.172+0000] {processor.py:753} INFO - DAG(s) dict_keys(['example_short_circuit_decorator']) retrieved from /home/airflow/.local/lib/python3.7/site-packages/airflow/example_dags/example_short_circuit_decorator.py
[2025-01-12T00:02:44.182+0000] {logging_mixin.py:137} INFO - [2025-01-12T00:02:44.182+0000] {dag.py:2690} INFO - Sync 1 DAGs
[2025-01-12T00:02:44.193+0000] {logging_mixin.py:137} INFO - [2025-01-12T00:02:44.193+0000] {dag.py:3441} INFO - Setting next_dagrun for example_short_circuit_decorator to 2025-01-11T00:02:44.193322+00:00, run_after=2025-01-12T00:02:44.193322+00:00
[2025-01-12T00:02:44.199+0000] {processor.py:175} INFO - Processing /home/airflow/.local/lib/python3.7/site-packages/airflow/example_dags/example_short_circuit_decorator.py took 0.041 seconds
[2025-01-12T00:03:14.681+0000] {processor.py:153} INFO - Started process (PID=9323) to work on /home/airflow/.local/lib/python3.7/site-packages/airflow/example_dags/example_short_circuit_decorator.py
[2025-01-12T00:03:14.681+0000] {processor.py:743} INFO - Processing file /home/airflow/.local/lib/python3.7/site-packages/airflow/example_dags/example_short_circuit_decorator.py for tasks to queue
[2025-01-12T00:03:14.681+0000] {logging_mixin.py:137} INFO - [2025-01-12T00:03:14.681+0000] {dagbag.py:538} INFO - Filling up the DagBag from /home/airflow/.local/lib/python3.7/site-packages/airflow/example_dags/example_short_circuit_decorator.py
[2025-01-12T00:03:14.692+0000] {processor.py:753} INFO - DAG(s) dict_keys(['example_short_circuit_decorator']) retrieved from /home/airflow/.local/lib/python3.7/site-packages/airflow/example_dags/example_short_circuit_decorator.py
[2025-01-12T00:03:14.704+0000] {logging_mixin.py:137} INFO - [2025-01-12T00:03:14.704+0000] {dag.py:2690} INFO - Sync 1 DAGs
[2025-01-12T00:03:14.727+0000] {logging_mixin.py:137} INFO - [2025-01-12T00:03:14.727+0000] {dag.py:3441} INFO - Setting next_dagrun for example_short_circuit_decorator to 2025-01-11T00:03:14.726775+00:00, run_after=2025-01-12T00:03:14.726775+00:00
[2025-01-12T00:03:14.739+0000] {processor.py:175} INFO - Processing /home/airflow/.local/lib/python3.7/site-packages/airflow/example_dags/example_short_circuit_decorator.py took 0.060 seconds
[2025-01-12T00:03:45.275+0000] {processor.py:153} INFO - Started process (PID=9414) to work on /home/airflow/.local/lib/python3.7/site-packages/airflow/example_dags/example_short_circuit_decorator.py
[2025-01-12T00:03:45.279+0000] {processor.py:743} INFO - Processing file /home/airflow/.local/lib/python3.7/site-packages/airflow/example_dags/example_short_circuit_decorator.py for tasks to queue
[2025-01-12T00:03:45.279+0000] {logging_mixin.py:137} INFO - [2025-01-12T00:03:45.279+0000] {dagbag.py:538} INFO - Filling up the DagBag from /home/airflow/.local/lib/python3.7/site-packages/airflow/example_dags/example_short_circuit_decorator.py
[2025-01-12T00:03:45.289+0000] {processor.py:753} INFO - DAG(s) dict_keys(['example_short_circuit_decorator']) retrieved from /home/airflow/.local/lib/python3.7/site-packages/airflow/example_dags/example_short_circuit_decorator.py
[2025-01-12T00:03:45.299+0000] {logging_mixin.py:137} INFO - [2025-01-12T00:03:45.299+0000] {dag.py:2690} INFO - Sync 1 DAGs
[2025-01-12T00:03:45.309+0000] {logging_mixin.py:137} INFO - [2025-01-12T00:03:45.309+0000] {dag.py:3441} INFO - Setting next_dagrun for example_short_circuit_decorator to 2025-01-11T00:03:45.309670+00:00, run_after=2025-01-12T00:03:45.309670+00:00
[2025-01-12T00:03:45.316+0000] {processor.py:175} INFO - Processing /home/airflow/.local/lib/python3.7/site-packages/airflow/example_dags/example_short_circuit_decorator.py took 0.042 seconds
[2025-01-12T00:04:15.690+0000] {processor.py:153} INFO - Started process (PID=9506) to work on /home/airflow/.local/lib/python3.7/site-packages/airflow/example_dags/example_short_circuit_decorator.py
[2025-01-12T00:04:15.691+0000] {processor.py:743} INFO - Processing file /home/airflow/.local/lib/python3.7/site-packages/airflow/example_dags/example_short_circuit_decorator.py for tasks to queue
[2025-01-12T00:04:15.692+0000] {logging_mixin.py:137} INFO - [2025-01-12T00:04:15.692+0000] {dagbag.py:538} INFO - Filling up the DagBag from /home/airflow/.local/lib/python3.7/site-packages/airflow/example_dags/example_short_circuit_decorator.py
[2025-01-12T00:04:15.705+0000] {processor.py:753} INFO - DAG(s) dict_keys(['example_short_circuit_decorator']) retrieved from /home/airflow/.local/lib/python3.7/site-packages/airflow/example_dags/example_short_circuit_decorator.py
[2025-01-12T00:04:15.715+0000] {logging_mixin.py:137} INFO - [2025-01-12T00:04:15.715+0000] {dag.py:2690} INFO - Sync 1 DAGs
[2025-01-12T00:04:15.727+0000] {logging_mixin.py:137} INFO - [2025-01-12T00:04:15.727+0000] {dag.py:3441} INFO - Setting next_dagrun for example_short_circuit_decorator to 2025-01-11T00:04:15.727431+00:00, run_after=2025-01-12T00:04:15.727431+00:00
[2025-01-12T00:04:15.737+0000] {processor.py:175} INFO - Processing /home/airflow/.local/lib/python3.7/site-packages/airflow/example_dags/example_short_circuit_decorator.py took 0.048 seconds
[2025-01-12T00:04:46.146+0000] {processor.py:153} INFO - Started process (PID=9598) to work on /home/airflow/.local/lib/python3.7/site-packages/airflow/example_dags/example_short_circuit_decorator.py
[2025-01-12T00:04:46.146+0000] {processor.py:743} INFO - Processing file /home/airflow/.local/lib/python3.7/site-packages/airflow/example_dags/example_short_circuit_decorator.py for tasks to queue
[2025-01-12T00:04:46.148+0000] {logging_mixin.py:137} INFO - [2025-01-12T00:04:46.148+0000] {dagbag.py:538} INFO - Filling up the DagBag from /home/airflow/.local/lib/python3.7/site-packages/airflow/example_dags/example_short_circuit_decorator.py
[2025-01-12T00:04:46.159+0000] {processor.py:753} INFO - DAG(s) dict_keys(['example_short_circuit_decorator']) retrieved from /home/airflow/.local/lib/python3.7/site-packages/airflow/example_dags/example_short_circuit_decorator.py
[2025-01-12T00:04:46.171+0000] {logging_mixin.py:137} INFO - [2025-01-12T00:04:46.171+0000] {dag.py:2690} INFO - Sync 1 DAGs
[2025-01-12T00:04:46.181+0000] {logging_mixin.py:137} INFO - [2025-01-12T00:04:46.181+0000] {dag.py:3441} INFO - Setting next_dagrun for example_short_circuit_decorator to 2025-01-11T00:04:46.181216+00:00, run_after=2025-01-12T00:04:46.181216+00:00
[2025-01-12T00:04:46.190+0000] {processor.py:175} INFO - Processing /home/airflow/.local/lib/python3.7/site-packages/airflow/example_dags/example_short_circuit_decorator.py took 0.046 seconds
[2025-01-12T00:05:16.831+0000] {processor.py:153} INFO - Started process (PID=9690) to work on /home/airflow/.local/lib/python3.7/site-packages/airflow/example_dags/example_short_circuit_decorator.py
[2025-01-12T00:05:16.832+0000] {processor.py:743} INFO - Processing file /home/airflow/.local/lib/python3.7/site-packages/airflow/example_dags/example_short_circuit_decorator.py for tasks to queue
[2025-01-12T00:05:16.832+0000] {logging_mixin.py:137} INFO - [2025-01-12T00:05:16.832+0000] {dagbag.py:538} INFO - Filling up the DagBag from /home/airflow/.local/lib/python3.7/site-packages/airflow/example_dags/example_short_circuit_decorator.py
[2025-01-12T00:05:16.843+0000] {processor.py:753} INFO - DAG(s) dict_keys(['example_short_circuit_decorator']) retrieved from /home/airflow/.local/lib/python3.7/site-packages/airflow/example_dags/example_short_circuit_decorator.py
[2025-01-12T00:05:16.854+0000] {logging_mixin.py:137} INFO - [2025-01-12T00:05:16.853+0000] {dag.py:2690} INFO - Sync 1 DAGs
[2025-01-12T00:05:16.863+0000] {logging_mixin.py:137} INFO - [2025-01-12T00:05:16.863+0000] {dag.py:3441} INFO - Setting next_dagrun for example_short_circuit_decorator to 2025-01-11T00:05:16.863797+00:00, run_after=2025-01-12T00:05:16.863797+00:00
[2025-01-12T00:05:16.871+0000] {processor.py:175} INFO - Processing /home/airflow/.local/lib/python3.7/site-packages/airflow/example_dags/example_short_circuit_decorator.py took 0.041 seconds
[2025-01-12T00:05:47.417+0000] {processor.py:153} INFO - Started process (PID=9766) to work on /home/airflow/.local/lib/python3.7/site-packages/airflow/example_dags/example_short_circuit_decorator.py
[2025-01-12T00:05:47.419+0000] {processor.py:743} INFO - Processing file /home/airflow/.local/lib/python3.7/site-packages/airflow/example_dags/example_short_circuit_decorator.py for tasks to queue
[2025-01-12T00:05:47.420+0000] {logging_mixin.py:137} INFO - [2025-01-12T00:05:47.420+0000] {dagbag.py:538} INFO - Filling up the DagBag from /home/airflow/.local/lib/python3.7/site-packages/airflow/example_dags/example_short_circuit_decorator.py
[2025-01-12T00:05:47.430+0000] {processor.py:753} INFO - DAG(s) dict_keys(['example_short_circuit_decorator']) retrieved from /home/airflow/.local/lib/python3.7/site-packages/airflow/example_dags/example_short_circuit_decorator.py
[2025-01-12T00:05:47.442+0000] {logging_mixin.py:137} INFO - [2025-01-12T00:05:47.442+0000] {dag.py:2690} INFO - Sync 1 DAGs
[2025-01-12T00:05:47.453+0000] {logging_mixin.py:137} INFO - [2025-01-12T00:05:47.453+0000] {dag.py:3441} INFO - Setting next_dagrun for example_short_circuit_decorator to 2025-01-11T00:05:47.452909+00:00, run_after=2025-01-12T00:05:47.452909+00:00
[2025-01-12T00:05:47.462+0000] {processor.py:175} INFO - Processing /home/airflow/.local/lib/python3.7/site-packages/airflow/example_dags/example_short_circuit_decorator.py took 0.047 seconds
[2025-01-12T00:06:18.078+0000] {processor.py:153} INFO - Started process (PID=9858) to work on /home/airflow/.local/lib/python3.7/site-packages/airflow/example_dags/example_short_circuit_decorator.py
[2025-01-12T00:06:18.079+0000] {processor.py:743} INFO - Processing file /home/airflow/.local/lib/python3.7/site-packages/airflow/example_dags/example_short_circuit_decorator.py for tasks to queue
[2025-01-12T00:06:18.079+0000] {logging_mixin.py:137} INFO - [2025-01-12T00:06:18.079+0000] {dagbag.py:538} INFO - Filling up the DagBag from /home/airflow/.local/lib/python3.7/site-packages/airflow/example_dags/example_short_circuit_decorator.py
[2025-01-12T00:06:18.090+0000] {processor.py:753} INFO - DAG(s) dict_keys(['example_short_circuit_decorator']) retrieved from /home/airflow/.local/lib/python3.7/site-packages/airflow/example_dags/example_short_circuit_decorator.py
[2025-01-12T00:06:18.101+0000] {logging_mixin.py:137} INFO - [2025-01-12T00:06:18.101+0000] {dag.py:2690} INFO - Sync 1 DAGs
[2025-01-12T00:06:18.112+0000] {logging_mixin.py:137} INFO - [2025-01-12T00:06:18.112+0000] {dag.py:3441} INFO - Setting next_dagrun for example_short_circuit_decorator to 2025-01-11T00:06:18.111978+00:00, run_after=2025-01-12T00:06:18.111978+00:00
[2025-01-12T00:06:18.121+0000] {processor.py:175} INFO - Processing /home/airflow/.local/lib/python3.7/site-packages/airflow/example_dags/example_short_circuit_decorator.py took 0.045 seconds
[2025-01-12T00:06:48.634+0000] {processor.py:153} INFO - Started process (PID=9950) to work on /home/airflow/.local/lib/python3.7/site-packages/airflow/example_dags/example_short_circuit_decorator.py
[2025-01-12T00:06:48.634+0000] {processor.py:743} INFO - Processing file /home/airflow/.local/lib/python3.7/site-packages/airflow/example_dags/example_short_circuit_decorator.py for tasks to queue
[2025-01-12T00:06:48.635+0000] {logging_mixin.py:137} INFO - [2025-01-12T00:06:48.634+0000] {dagbag.py:538} INFO - Filling up the DagBag from /home/airflow/.local/lib/python3.7/site-packages/airflow/example_dags/example_short_circuit_decorator.py
[2025-01-12T00:06:48.645+0000] {processor.py:753} INFO - DAG(s) dict_keys(['example_short_circuit_decorator']) retrieved from /home/airflow/.local/lib/python3.7/site-packages/airflow/example_dags/example_short_circuit_decorator.py
[2025-01-12T00:06:48.655+0000] {logging_mixin.py:137} INFO - [2025-01-12T00:06:48.655+0000] {dag.py:2690} INFO - Sync 1 DAGs
[2025-01-12T00:06:48.664+0000] {logging_mixin.py:137} INFO - [2025-01-12T00:06:48.664+0000] {dag.py:3441} INFO - Setting next_dagrun for example_short_circuit_decorator to 2025-01-11T00:06:48.664362+00:00, run_after=2025-01-12T00:06:48.664362+00:00
[2025-01-12T00:06:48.676+0000] {processor.py:175} INFO - Processing /home/airflow/.local/lib/python3.7/site-packages/airflow/example_dags/example_short_circuit_decorator.py took 0.043 seconds
[2025-01-12T00:07:19.203+0000] {processor.py:153} INFO - Started process (PID=10042) to work on /home/airflow/.local/lib/python3.7/site-packages/airflow/example_dags/example_short_circuit_decorator.py
[2025-01-12T00:07:19.204+0000] {processor.py:743} INFO - Processing file /home/airflow/.local/lib/python3.7/site-packages/airflow/example_dags/example_short_circuit_decorator.py for tasks to queue
[2025-01-12T00:07:19.204+0000] {logging_mixin.py:137} INFO - [2025-01-12T00:07:19.204+0000] {dagbag.py:538} INFO - Filling up the DagBag from /home/airflow/.local/lib/python3.7/site-packages/airflow/example_dags/example_short_circuit_decorator.py
[2025-01-12T00:07:19.215+0000] {processor.py:753} INFO - DAG(s) dict_keys(['example_short_circuit_decorator']) retrieved from /home/airflow/.local/lib/python3.7/site-packages/airflow/example_dags/example_short_circuit_decorator.py
[2025-01-12T00:07:19.227+0000] {logging_mixin.py:137} INFO - [2025-01-12T00:07:19.227+0000] {dag.py:2690} INFO - Sync 1 DAGs
[2025-01-12T00:07:19.238+0000] {logging_mixin.py:137} INFO - [2025-01-12T00:07:19.238+0000] {dag.py:3441} INFO - Setting next_dagrun for example_short_circuit_decorator to 2025-01-11T00:07:19.237962+00:00, run_after=2025-01-12T00:07:19.237962+00:00
[2025-01-12T00:07:19.246+0000] {processor.py:175} INFO - Processing /home/airflow/.local/lib/python3.7/site-packages/airflow/example_dags/example_short_circuit_decorator.py took 0.044 seconds
[2025-01-12T00:07:49.721+0000] {processor.py:153} INFO - Started process (PID=10117) to work on /home/airflow/.local/lib/python3.7/site-packages/airflow/example_dags/example_short_circuit_decorator.py
[2025-01-12T00:07:49.723+0000] {processor.py:743} INFO - Processing file /home/airflow/.local/lib/python3.7/site-packages/airflow/example_dags/example_short_circuit_decorator.py for tasks to queue
[2025-01-12T00:07:49.724+0000] {logging_mixin.py:137} INFO - [2025-01-12T00:07:49.724+0000] {dagbag.py:538} INFO - Filling up the DagBag from /home/airflow/.local/lib/python3.7/site-packages/airflow/example_dags/example_short_circuit_decorator.py
[2025-01-12T00:07:49.735+0000] {processor.py:753} INFO - DAG(s) dict_keys(['example_short_circuit_decorator']) retrieved from /home/airflow/.local/lib/python3.7/site-packages/airflow/example_dags/example_short_circuit_decorator.py
[2025-01-12T00:07:49.748+0000] {logging_mixin.py:137} INFO - [2025-01-12T00:07:49.748+0000] {dag.py:2690} INFO - Sync 1 DAGs
[2025-01-12T00:07:49.759+0000] {logging_mixin.py:137} INFO - [2025-01-12T00:07:49.759+0000] {dag.py:3441} INFO - Setting next_dagrun for example_short_circuit_decorator to 2025-01-11T00:07:49.759221+00:00, run_after=2025-01-12T00:07:49.759221+00:00
[2025-01-12T00:07:49.767+0000] {processor.py:175} INFO - Processing /home/airflow/.local/lib/python3.7/site-packages/airflow/example_dags/example_short_circuit_decorator.py took 0.047 seconds
[2025-01-12T00:08:20.381+0000] {processor.py:153} INFO - Started process (PID=10209) to work on /home/airflow/.local/lib/python3.7/site-packages/airflow/example_dags/example_short_circuit_decorator.py
[2025-01-12T00:08:20.384+0000] {processor.py:743} INFO - Processing file /home/airflow/.local/lib/python3.7/site-packages/airflow/example_dags/example_short_circuit_decorator.py for tasks to queue
[2025-01-12T00:08:20.384+0000] {logging_mixin.py:137} INFO - [2025-01-12T00:08:20.384+0000] {dagbag.py:538} INFO - Filling up the DagBag from /home/airflow/.local/lib/python3.7/site-packages/airflow/example_dags/example_short_circuit_decorator.py
[2025-01-12T00:08:20.395+0000] {processor.py:753} INFO - DAG(s) dict_keys(['example_short_circuit_decorator']) retrieved from /home/airflow/.local/lib/python3.7/site-packages/airflow/example_dags/example_short_circuit_decorator.py
[2025-01-12T00:08:20.407+0000] {logging_mixin.py:137} INFO - [2025-01-12T00:08:20.407+0000] {dag.py:2690} INFO - Sync 1 DAGs
[2025-01-12T00:08:20.423+0000] {logging_mixin.py:137} INFO - [2025-01-12T00:08:20.423+0000] {dag.py:3441} INFO - Setting next_dagrun for example_short_circuit_decorator to 2025-01-11T00:08:20.423255+00:00, run_after=2025-01-12T00:08:20.423255+00:00
[2025-01-12T00:08:20.435+0000] {processor.py:175} INFO - Processing /home/airflow/.local/lib/python3.7/site-packages/airflow/example_dags/example_short_circuit_decorator.py took 0.056 seconds
[2025-01-12T00:08:51.052+0000] {processor.py:153} INFO - Started process (PID=10301) to work on /home/airflow/.local/lib/python3.7/site-packages/airflow/example_dags/example_short_circuit_decorator.py
[2025-01-12T00:08:51.053+0000] {processor.py:743} INFO - Processing file /home/airflow/.local/lib/python3.7/site-packages/airflow/example_dags/example_short_circuit_decorator.py for tasks to queue
[2025-01-12T00:08:51.053+0000] {logging_mixin.py:137} INFO - [2025-01-12T00:08:51.053+0000] {dagbag.py:538} INFO - Filling up the DagBag from /home/airflow/.local/lib/python3.7/site-packages/airflow/example_dags/example_short_circuit_decorator.py
[2025-01-12T00:08:51.065+0000] {processor.py:753} INFO - DAG(s) dict_keys(['example_short_circuit_decorator']) retrieved from /home/airflow/.local/lib/python3.7/site-packages/airflow/example_dags/example_short_circuit_decorator.py
[2025-01-12T00:08:51.078+0000] {logging_mixin.py:137} INFO - [2025-01-12T00:08:51.078+0000] {dag.py:2690} INFO - Sync 1 DAGs
[2025-01-12T00:08:51.090+0000] {logging_mixin.py:137} INFO - [2025-01-12T00:08:51.090+0000] {dag.py:3441} INFO - Setting next_dagrun for example_short_circuit_decorator to 2025-01-11T00:08:51.090035+00:00, run_after=2025-01-12T00:08:51.090035+00:00
[2025-01-12T00:08:51.100+0000] {processor.py:175} INFO - Processing /home/airflow/.local/lib/python3.7/site-packages/airflow/example_dags/example_short_circuit_decorator.py took 0.049 seconds
[2025-01-12T00:09:21.972+0000] {processor.py:153} INFO - Started process (PID=10392) to work on /home/airflow/.local/lib/python3.7/site-packages/airflow/example_dags/example_short_circuit_decorator.py
[2025-01-12T00:09:21.974+0000] {processor.py:743} INFO - Processing file /home/airflow/.local/lib/python3.7/site-packages/airflow/example_dags/example_short_circuit_decorator.py for tasks to queue
[2025-01-12T00:09:21.975+0000] {logging_mixin.py:137} INFO - [2025-01-12T00:09:21.975+0000] {dagbag.py:538} INFO - Filling up the DagBag from /home/airflow/.local/lib/python3.7/site-packages/airflow/example_dags/example_short_circuit_decorator.py
[2025-01-12T00:09:21.989+0000] {processor.py:753} INFO - DAG(s) dict_keys(['example_short_circuit_decorator']) retrieved from /home/airflow/.local/lib/python3.7/site-packages/airflow/example_dags/example_short_circuit_decorator.py
[2025-01-12T00:09:22.001+0000] {logging_mixin.py:137} INFO - [2025-01-12T00:09:22.000+0000] {dag.py:2690} INFO - Sync 1 DAGs
[2025-01-12T00:09:22.012+0000] {logging_mixin.py:137} INFO - [2025-01-12T00:09:22.012+0000] {dag.py:3441} INFO - Setting next_dagrun for example_short_circuit_decorator to 2025-01-11T00:09:22.012542+00:00, run_after=2025-01-12T00:09:22.012542+00:00
[2025-01-12T00:09:22.020+0000] {processor.py:175} INFO - Processing /home/airflow/.local/lib/python3.7/site-packages/airflow/example_dags/example_short_circuit_decorator.py took 0.050 seconds
[2025-01-12T00:09:52.584+0000] {processor.py:153} INFO - Started process (PID=10468) to work on /home/airflow/.local/lib/python3.7/site-packages/airflow/example_dags/example_short_circuit_decorator.py
[2025-01-12T00:09:52.584+0000] {processor.py:743} INFO - Processing file /home/airflow/.local/lib/python3.7/site-packages/airflow/example_dags/example_short_circuit_decorator.py for tasks to queue
[2025-01-12T00:09:52.585+0000] {logging_mixin.py:137} INFO - [2025-01-12T00:09:52.585+0000] {dagbag.py:538} INFO - Filling up the DagBag from /home/airflow/.local/lib/python3.7/site-packages/airflow/example_dags/example_short_circuit_decorator.py
[2025-01-12T00:09:52.595+0000] {processor.py:753} INFO - DAG(s) dict_keys(['example_short_circuit_decorator']) retrieved from /home/airflow/.local/lib/python3.7/site-packages/airflow/example_dags/example_short_circuit_decorator.py
[2025-01-12T00:09:52.608+0000] {logging_mixin.py:137} INFO - [2025-01-12T00:09:52.607+0000] {dag.py:2690} INFO - Sync 1 DAGs
[2025-01-12T00:09:52.619+0000] {logging_mixin.py:137} INFO - [2025-01-12T00:09:52.619+0000] {dag.py:3441} INFO - Setting next_dagrun for example_short_circuit_decorator to 2025-01-11T00:09:52.618933+00:00, run_after=2025-01-12T00:09:52.618933+00:00
[2025-01-12T00:09:52.629+0000] {processor.py:175} INFO - Processing /home/airflow/.local/lib/python3.7/site-packages/airflow/example_dags/example_short_circuit_decorator.py took 0.046 seconds
[2025-01-12T00:10:23.201+0000] {processor.py:153} INFO - Started process (PID=10560) to work on /home/airflow/.local/lib/python3.7/site-packages/airflow/example_dags/example_short_circuit_decorator.py
[2025-01-12T00:10:23.201+0000] {processor.py:743} INFO - Processing file /home/airflow/.local/lib/python3.7/site-packages/airflow/example_dags/example_short_circuit_decorator.py for tasks to queue
[2025-01-12T00:10:23.201+0000] {logging_mixin.py:137} INFO - [2025-01-12T00:10:23.201+0000] {dagbag.py:538} INFO - Filling up the DagBag from /home/airflow/.local/lib/python3.7/site-packages/airflow/example_dags/example_short_circuit_decorator.py
[2025-01-12T00:10:23.214+0000] {processor.py:753} INFO - DAG(s) dict_keys(['example_short_circuit_decorator']) retrieved from /home/airflow/.local/lib/python3.7/site-packages/airflow/example_dags/example_short_circuit_decorator.py
[2025-01-12T00:10:23.225+0000] {logging_mixin.py:137} INFO - [2025-01-12T00:10:23.225+0000] {dag.py:2690} INFO - Sync 1 DAGs
[2025-01-12T00:10:23.235+0000] {logging_mixin.py:137} INFO - [2025-01-12T00:10:23.235+0000] {dag.py:3441} INFO - Setting next_dagrun for example_short_circuit_decorator to 2025-01-11T00:10:23.235478+00:00, run_after=2025-01-12T00:10:23.235478+00:00
[2025-01-12T00:10:23.246+0000] {processor.py:175} INFO - Processing /home/airflow/.local/lib/python3.7/site-packages/airflow/example_dags/example_short_circuit_decorator.py took 0.047 seconds
[2025-01-12T00:10:54.110+0000] {processor.py:153} INFO - Started process (PID=10652) to work on /home/airflow/.local/lib/python3.7/site-packages/airflow/example_dags/example_short_circuit_decorator.py
[2025-01-12T00:10:54.112+0000] {processor.py:743} INFO - Processing file /home/airflow/.local/lib/python3.7/site-packages/airflow/example_dags/example_short_circuit_decorator.py for tasks to queue
[2025-01-12T00:10:54.113+0000] {logging_mixin.py:137} INFO - [2025-01-12T00:10:54.113+0000] {dagbag.py:538} INFO - Filling up the DagBag from /home/airflow/.local/lib/python3.7/site-packages/airflow/example_dags/example_short_circuit_decorator.py
[2025-01-12T00:10:54.124+0000] {processor.py:753} INFO - DAG(s) dict_keys(['example_short_circuit_decorator']) retrieved from /home/airflow/.local/lib/python3.7/site-packages/airflow/example_dags/example_short_circuit_decorator.py
[2025-01-12T00:10:54.138+0000] {logging_mixin.py:137} INFO - [2025-01-12T00:10:54.138+0000] {dag.py:2690} INFO - Sync 1 DAGs
[2025-01-12T00:10:54.150+0000] {logging_mixin.py:137} INFO - [2025-01-12T00:10:54.150+0000] {dag.py:3441} INFO - Setting next_dagrun for example_short_circuit_decorator to 2025-01-11T00:10:54.150623+00:00, run_after=2025-01-12T00:10:54.150623+00:00
[2025-01-12T00:10:54.167+0000] {processor.py:175} INFO - Processing /home/airflow/.local/lib/python3.7/site-packages/airflow/example_dags/example_short_circuit_decorator.py took 0.058 seconds
[2025-01-12T00:11:24.175+0000] {processor.py:153} INFO - Started process (PID=10744) to work on /home/airflow/.local/lib/python3.7/site-packages/airflow/example_dags/example_short_circuit_decorator.py
[2025-01-12T00:11:24.176+0000] {processor.py:743} INFO - Processing file /home/airflow/.local/lib/python3.7/site-packages/airflow/example_dags/example_short_circuit_decorator.py for tasks to queue
[2025-01-12T00:11:24.176+0000] {logging_mixin.py:137} INFO - [2025-01-12T00:11:24.176+0000] {dagbag.py:538} INFO - Filling up the DagBag from /home/airflow/.local/lib/python3.7/site-packages/airflow/example_dags/example_short_circuit_decorator.py
[2025-01-12T00:11:24.186+0000] {processor.py:753} INFO - DAG(s) dict_keys(['example_short_circuit_decorator']) retrieved from /home/airflow/.local/lib/python3.7/site-packages/airflow/example_dags/example_short_circuit_decorator.py
[2025-01-12T00:11:24.201+0000] {logging_mixin.py:137} INFO - [2025-01-12T00:11:24.201+0000] {dag.py:2690} INFO - Sync 1 DAGs
[2025-01-12T00:11:24.212+0000] {logging_mixin.py:137} INFO - [2025-01-12T00:11:24.212+0000] {dag.py:3441} INFO - Setting next_dagrun for example_short_circuit_decorator to 2025-01-11T00:11:24.212226+00:00, run_after=2025-01-12T00:11:24.212226+00:00
[2025-01-12T00:11:24.223+0000] {processor.py:175} INFO - Processing /home/airflow/.local/lib/python3.7/site-packages/airflow/example_dags/example_short_circuit_decorator.py took 0.049 seconds
[2025-01-12T00:11:54.842+0000] {processor.py:153} INFO - Started process (PID=10820) to work on /home/airflow/.local/lib/python3.7/site-packages/airflow/example_dags/example_short_circuit_decorator.py
[2025-01-12T00:11:54.843+0000] {processor.py:743} INFO - Processing file /home/airflow/.local/lib/python3.7/site-packages/airflow/example_dags/example_short_circuit_decorator.py for tasks to queue
[2025-01-12T00:11:54.843+0000] {logging_mixin.py:137} INFO - [2025-01-12T00:11:54.843+0000] {dagbag.py:538} INFO - Filling up the DagBag from /home/airflow/.local/lib/python3.7/site-packages/airflow/example_dags/example_short_circuit_decorator.py
[2025-01-12T00:11:54.855+0000] {processor.py:753} INFO - DAG(s) dict_keys(['example_short_circuit_decorator']) retrieved from /home/airflow/.local/lib/python3.7/site-packages/airflow/example_dags/example_short_circuit_decorator.py
[2025-01-12T00:11:54.871+0000] {logging_mixin.py:137} INFO - [2025-01-12T00:11:54.871+0000] {dag.py:2690} INFO - Sync 1 DAGs
[2025-01-12T00:11:54.881+0000] {logging_mixin.py:137} INFO - [2025-01-12T00:11:54.881+0000] {dag.py:3441} INFO - Setting next_dagrun for example_short_circuit_decorator to 2025-01-11T00:11:54.880944+00:00, run_after=2025-01-12T00:11:54.880944+00:00
[2025-01-12T00:11:54.891+0000] {processor.py:175} INFO - Processing /home/airflow/.local/lib/python3.7/site-packages/airflow/example_dags/example_short_circuit_decorator.py took 0.050 seconds
[2025-01-12T00:12:25.363+0000] {processor.py:153} INFO - Started process (PID=10912) to work on /home/airflow/.local/lib/python3.7/site-packages/airflow/example_dags/example_short_circuit_decorator.py
[2025-01-12T00:12:25.365+0000] {processor.py:743} INFO - Processing file /home/airflow/.local/lib/python3.7/site-packages/airflow/example_dags/example_short_circuit_decorator.py for tasks to queue
[2025-01-12T00:12:25.366+0000] {logging_mixin.py:137} INFO - [2025-01-12T00:12:25.366+0000] {dagbag.py:538} INFO - Filling up the DagBag from /home/airflow/.local/lib/python3.7/site-packages/airflow/example_dags/example_short_circuit_decorator.py
[2025-01-12T00:12:25.376+0000] {processor.py:753} INFO - DAG(s) dict_keys(['example_short_circuit_decorator']) retrieved from /home/airflow/.local/lib/python3.7/site-packages/airflow/example_dags/example_short_circuit_decorator.py
[2025-01-12T00:12:25.390+0000] {logging_mixin.py:137} INFO - [2025-01-12T00:12:25.390+0000] {dag.py:2690} INFO - Sync 1 DAGs
[2025-01-12T00:12:25.400+0000] {logging_mixin.py:137} INFO - [2025-01-12T00:12:25.400+0000] {dag.py:3441} INFO - Setting next_dagrun for example_short_circuit_decorator to 2025-01-11T00:12:25.400531+00:00, run_after=2025-01-12T00:12:25.400531+00:00
[2025-01-12T00:12:25.409+0000] {processor.py:175} INFO - Processing /home/airflow/.local/lib/python3.7/site-packages/airflow/example_dags/example_short_circuit_decorator.py took 0.047 seconds
[2025-01-12T00:12:55.947+0000] {processor.py:153} INFO - Started process (PID=11004) to work on /home/airflow/.local/lib/python3.7/site-packages/airflow/example_dags/example_short_circuit_decorator.py
[2025-01-12T00:12:55.948+0000] {processor.py:743} INFO - Processing file /home/airflow/.local/lib/python3.7/site-packages/airflow/example_dags/example_short_circuit_decorator.py for tasks to queue
[2025-01-12T00:12:55.948+0000] {logging_mixin.py:137} INFO - [2025-01-12T00:12:55.948+0000] {dagbag.py:538} INFO - Filling up the DagBag from /home/airflow/.local/lib/python3.7/site-packages/airflow/example_dags/example_short_circuit_decorator.py
[2025-01-12T00:12:55.959+0000] {processor.py:753} INFO - DAG(s) dict_keys(['example_short_circuit_decorator']) retrieved from /home/airflow/.local/lib/python3.7/site-packages/airflow/example_dags/example_short_circuit_decorator.py
[2025-01-12T00:12:55.972+0000] {logging_mixin.py:137} INFO - [2025-01-12T00:12:55.972+0000] {dag.py:2690} INFO - Sync 1 DAGs
[2025-01-12T00:12:55.983+0000] {logging_mixin.py:137} INFO - [2025-01-12T00:12:55.983+0000] {dag.py:3441} INFO - Setting next_dagrun for example_short_circuit_decorator to 2025-01-11T00:12:55.983520+00:00, run_after=2025-01-12T00:12:55.983520+00:00
[2025-01-12T00:12:55.991+0000] {processor.py:175} INFO - Processing /home/airflow/.local/lib/python3.7/site-packages/airflow/example_dags/example_short_circuit_decorator.py took 0.045 seconds
[2025-01-12T00:13:26.718+0000] {processor.py:153} INFO - Started process (PID=11095) to work on /home/airflow/.local/lib/python3.7/site-packages/airflow/example_dags/example_short_circuit_decorator.py
[2025-01-12T00:13:26.719+0000] {processor.py:743} INFO - Processing file /home/airflow/.local/lib/python3.7/site-packages/airflow/example_dags/example_short_circuit_decorator.py for tasks to queue
[2025-01-12T00:13:26.719+0000] {logging_mixin.py:137} INFO - [2025-01-12T00:13:26.719+0000] {dagbag.py:538} INFO - Filling up the DagBag from /home/airflow/.local/lib/python3.7/site-packages/airflow/example_dags/example_short_circuit_decorator.py
[2025-01-12T00:13:26.729+0000] {processor.py:753} INFO - DAG(s) dict_keys(['example_short_circuit_decorator']) retrieved from /home/airflow/.local/lib/python3.7/site-packages/airflow/example_dags/example_short_circuit_decorator.py
[2025-01-12T00:13:26.739+0000] {logging_mixin.py:137} INFO - [2025-01-12T00:13:26.739+0000] {dag.py:2690} INFO - Sync 1 DAGs
[2025-01-12T00:13:26.748+0000] {logging_mixin.py:137} INFO - [2025-01-12T00:13:26.748+0000] {dag.py:3441} INFO - Setting next_dagrun for example_short_circuit_decorator to 2025-01-11T00:13:26.748824+00:00, run_after=2025-01-12T00:13:26.748824+00:00
[2025-01-12T00:13:26.755+0000] {processor.py:175} INFO - Processing /home/airflow/.local/lib/python3.7/site-packages/airflow/example_dags/example_short_circuit_decorator.py took 0.038 seconds
[2025-01-12T00:13:57.384+0000] {processor.py:153} INFO - Started process (PID=11171) to work on /home/airflow/.local/lib/python3.7/site-packages/airflow/example_dags/example_short_circuit_decorator.py
[2025-01-12T00:13:57.384+0000] {processor.py:743} INFO - Processing file /home/airflow/.local/lib/python3.7/site-packages/airflow/example_dags/example_short_circuit_decorator.py for tasks to queue
[2025-01-12T00:13:57.385+0000] {logging_mixin.py:137} INFO - [2025-01-12T00:13:57.385+0000] {dagbag.py:538} INFO - Filling up the DagBag from /home/airflow/.local/lib/python3.7/site-packages/airflow/example_dags/example_short_circuit_decorator.py
[2025-01-12T00:13:57.395+0000] {processor.py:753} INFO - DAG(s) dict_keys(['example_short_circuit_decorator']) retrieved from /home/airflow/.local/lib/python3.7/site-packages/airflow/example_dags/example_short_circuit_decorator.py
[2025-01-12T00:13:57.409+0000] {logging_mixin.py:137} INFO - [2025-01-12T00:13:57.409+0000] {dag.py:2690} INFO - Sync 1 DAGs
[2025-01-12T00:13:57.420+0000] {logging_mixin.py:137} INFO - [2025-01-12T00:13:57.420+0000] {dag.py:3441} INFO - Setting next_dagrun for example_short_circuit_decorator to 2025-01-11T00:13:57.419670+00:00, run_after=2025-01-12T00:13:57.419670+00:00
[2025-01-12T00:13:57.430+0000] {processor.py:175} INFO - Processing /home/airflow/.local/lib/python3.7/site-packages/airflow/example_dags/example_short_circuit_decorator.py took 0.048 seconds
[2025-01-12T00:14:27.872+0000] {processor.py:153} INFO - Started process (PID=11263) to work on /home/airflow/.local/lib/python3.7/site-packages/airflow/example_dags/example_short_circuit_decorator.py
[2025-01-12T00:14:27.872+0000] {processor.py:743} INFO - Processing file /home/airflow/.local/lib/python3.7/site-packages/airflow/example_dags/example_short_circuit_decorator.py for tasks to queue
[2025-01-12T00:14:27.872+0000] {logging_mixin.py:137} INFO - [2025-01-12T00:14:27.872+0000] {dagbag.py:538} INFO - Filling up the DagBag from /home/airflow/.local/lib/python3.7/site-packages/airflow/example_dags/example_short_circuit_decorator.py
[2025-01-12T00:14:27.883+0000] {processor.py:753} INFO - DAG(s) dict_keys(['example_short_circuit_decorator']) retrieved from /home/airflow/.local/lib/python3.7/site-packages/airflow/example_dags/example_short_circuit_decorator.py
[2025-01-12T00:14:27.895+0000] {logging_mixin.py:137} INFO - [2025-01-12T00:14:27.895+0000] {dag.py:2690} INFO - Sync 1 DAGs
[2025-01-12T00:14:27.907+0000] {logging_mixin.py:137} INFO - [2025-01-12T00:14:27.907+0000] {dag.py:3441} INFO - Setting next_dagrun for example_short_circuit_decorator to 2025-01-11T00:14:27.907057+00:00, run_after=2025-01-12T00:14:27.907057+00:00
[2025-01-12T00:14:27.917+0000] {processor.py:175} INFO - Processing /home/airflow/.local/lib/python3.7/site-packages/airflow/example_dags/example_short_circuit_decorator.py took 0.046 seconds
[2025-01-12T00:14:58.337+0000] {processor.py:153} INFO - Started process (PID=11355) to work on /home/airflow/.local/lib/python3.7/site-packages/airflow/example_dags/example_short_circuit_decorator.py
[2025-01-12T00:14:58.338+0000] {processor.py:743} INFO - Processing file /home/airflow/.local/lib/python3.7/site-packages/airflow/example_dags/example_short_circuit_decorator.py for tasks to queue
[2025-01-12T00:14:58.338+0000] {logging_mixin.py:137} INFO - [2025-01-12T00:14:58.338+0000] {dagbag.py:538} INFO - Filling up the DagBag from /home/airflow/.local/lib/python3.7/site-packages/airflow/example_dags/example_short_circuit_decorator.py
[2025-01-12T00:14:58.348+0000] {processor.py:753} INFO - DAG(s) dict_keys(['example_short_circuit_decorator']) retrieved from /home/airflow/.local/lib/python3.7/site-packages/airflow/example_dags/example_short_circuit_decorator.py
[2025-01-12T00:14:58.360+0000] {logging_mixin.py:137} INFO - [2025-01-12T00:14:58.360+0000] {dag.py:2690} INFO - Sync 1 DAGs
[2025-01-12T00:14:58.371+0000] {logging_mixin.py:137} INFO - [2025-01-12T00:14:58.370+0000] {dag.py:3441} INFO - Setting next_dagrun for example_short_circuit_decorator to 2025-01-11T00:14:58.370891+00:00, run_after=2025-01-12T00:14:58.370891+00:00
[2025-01-12T00:14:58.381+0000] {processor.py:175} INFO - Processing /home/airflow/.local/lib/python3.7/site-packages/airflow/example_dags/example_short_circuit_decorator.py took 0.045 seconds
[2025-01-12T00:15:28.770+0000] {processor.py:153} INFO - Started process (PID=11447) to work on /home/airflow/.local/lib/python3.7/site-packages/airflow/example_dags/example_short_circuit_decorator.py
[2025-01-12T00:15:28.770+0000] {processor.py:743} INFO - Processing file /home/airflow/.local/lib/python3.7/site-packages/airflow/example_dags/example_short_circuit_decorator.py for tasks to queue
[2025-01-12T00:15:28.770+0000] {logging_mixin.py:137} INFO - [2025-01-12T00:15:28.770+0000] {dagbag.py:538} INFO - Filling up the DagBag from /home/airflow/.local/lib/python3.7/site-packages/airflow/example_dags/example_short_circuit_decorator.py
[2025-01-12T00:15:28.780+0000] {processor.py:753} INFO - DAG(s) dict_keys(['example_short_circuit_decorator']) retrieved from /home/airflow/.local/lib/python3.7/site-packages/airflow/example_dags/example_short_circuit_decorator.py
[2025-01-12T00:15:28.790+0000] {logging_mixin.py:137} INFO - [2025-01-12T00:15:28.790+0000] {dag.py:2690} INFO - Sync 1 DAGs
[2025-01-12T00:15:28.800+0000] {logging_mixin.py:137} INFO - [2025-01-12T00:15:28.799+0000] {dag.py:3441} INFO - Setting next_dagrun for example_short_circuit_decorator to 2025-01-11T00:15:28.799863+00:00, run_after=2025-01-12T00:15:28.799863+00:00
[2025-01-12T00:15:28.807+0000] {processor.py:175} INFO - Processing /home/airflow/.local/lib/python3.7/site-packages/airflow/example_dags/example_short_circuit_decorator.py took 0.038 seconds
[2025-01-12T00:15:59.298+0000] {processor.py:153} INFO - Started process (PID=11523) to work on /home/airflow/.local/lib/python3.7/site-packages/airflow/example_dags/example_short_circuit_decorator.py
[2025-01-12T00:15:59.299+0000] {processor.py:743} INFO - Processing file /home/airflow/.local/lib/python3.7/site-packages/airflow/example_dags/example_short_circuit_decorator.py for tasks to queue
[2025-01-12T00:15:59.299+0000] {logging_mixin.py:137} INFO - [2025-01-12T00:15:59.299+0000] {dagbag.py:538} INFO - Filling up the DagBag from /home/airflow/.local/lib/python3.7/site-packages/airflow/example_dags/example_short_circuit_decorator.py
[2025-01-12T00:15:59.310+0000] {processor.py:753} INFO - DAG(s) dict_keys(['example_short_circuit_decorator']) retrieved from /home/airflow/.local/lib/python3.7/site-packages/airflow/example_dags/example_short_circuit_decorator.py
[2025-01-12T00:15:59.322+0000] {logging_mixin.py:137} INFO - [2025-01-12T00:15:59.322+0000] {dag.py:2690} INFO - Sync 1 DAGs
[2025-01-12T00:15:59.333+0000] {logging_mixin.py:137} INFO - [2025-01-12T00:15:59.333+0000] {dag.py:3441} INFO - Setting next_dagrun for example_short_circuit_decorator to 2025-01-11T00:15:59.333720+00:00, run_after=2025-01-12T00:15:59.333720+00:00
[2025-01-12T00:15:59.341+0000] {processor.py:175} INFO - Processing /home/airflow/.local/lib/python3.7/site-packages/airflow/example_dags/example_short_circuit_decorator.py took 0.045 seconds
[2025-01-12T00:16:29.784+0000] {processor.py:153} INFO - Started process (PID=11615) to work on /home/airflow/.local/lib/python3.7/site-packages/airflow/example_dags/example_short_circuit_decorator.py
[2025-01-12T00:16:29.784+0000] {processor.py:743} INFO - Processing file /home/airflow/.local/lib/python3.7/site-packages/airflow/example_dags/example_short_circuit_decorator.py for tasks to queue
[2025-01-12T00:16:29.785+0000] {logging_mixin.py:137} INFO - [2025-01-12T00:16:29.785+0000] {dagbag.py:538} INFO - Filling up the DagBag from /home/airflow/.local/lib/python3.7/site-packages/airflow/example_dags/example_short_circuit_decorator.py
[2025-01-12T00:16:29.796+0000] {processor.py:753} INFO - DAG(s) dict_keys(['example_short_circuit_decorator']) retrieved from /home/airflow/.local/lib/python3.7/site-packages/airflow/example_dags/example_short_circuit_decorator.py
[2025-01-12T00:16:29.809+0000] {logging_mixin.py:137} INFO - [2025-01-12T00:16:29.809+0000] {dag.py:2690} INFO - Sync 1 DAGs
[2025-01-12T00:16:29.819+0000] {logging_mixin.py:137} INFO - [2025-01-12T00:16:29.819+0000] {dag.py:3441} INFO - Setting next_dagrun for example_short_circuit_decorator to 2025-01-11T00:16:29.818914+00:00, run_after=2025-01-12T00:16:29.818914+00:00
[2025-01-12T00:16:29.829+0000] {processor.py:175} INFO - Processing /home/airflow/.local/lib/python3.7/site-packages/airflow/example_dags/example_short_circuit_decorator.py took 0.047 seconds
[2025-01-12T00:17:00.313+0000] {processor.py:153} INFO - Started process (PID=11707) to work on /home/airflow/.local/lib/python3.7/site-packages/airflow/example_dags/example_short_circuit_decorator.py
[2025-01-12T00:17:00.314+0000] {processor.py:743} INFO - Processing file /home/airflow/.local/lib/python3.7/site-packages/airflow/example_dags/example_short_circuit_decorator.py for tasks to queue
[2025-01-12T00:17:00.315+0000] {logging_mixin.py:137} INFO - [2025-01-12T00:17:00.315+0000] {dagbag.py:538} INFO - Filling up the DagBag from /home/airflow/.local/lib/python3.7/site-packages/airflow/example_dags/example_short_circuit_decorator.py
[2025-01-12T00:17:00.325+0000] {processor.py:753} INFO - DAG(s) dict_keys(['example_short_circuit_decorator']) retrieved from /home/airflow/.local/lib/python3.7/site-packages/airflow/example_dags/example_short_circuit_decorator.py
[2025-01-12T00:17:00.339+0000] {logging_mixin.py:137} INFO - [2025-01-12T00:17:00.338+0000] {dag.py:2690} INFO - Sync 1 DAGs
[2025-01-12T00:17:00.349+0000] {logging_mixin.py:137} INFO - [2025-01-12T00:17:00.349+0000] {dag.py:3441} INFO - Setting next_dagrun for example_short_circuit_decorator to 2025-01-11T00:17:00.349232+00:00, run_after=2025-01-12T00:17:00.349232+00:00
[2025-01-12T00:17:00.359+0000] {processor.py:175} INFO - Processing /home/airflow/.local/lib/python3.7/site-packages/airflow/example_dags/example_short_circuit_decorator.py took 0.047 seconds
