[2025-01-12T00:00:09.399+0000] {processor.py:153} INFO - Started process (PID=8786) to work on /home/airflow/.local/lib/python3.7/site-packages/airflow/example_dags/example_task_group.py
[2025-01-12T00:00:09.399+0000] {processor.py:743} INFO - Processing file /home/airflow/.local/lib/python3.7/site-packages/airflow/example_dags/example_task_group.py for tasks to queue
[2025-01-12T00:00:09.399+0000] {logging_mixin.py:137} INFO - [2025-01-12T00:00:09.399+0000] {dagbag.py:538} INFO - Filling up the DagBag from /home/airflow/.local/lib/python3.7/site-packages/airflow/example_dags/example_task_group.py
[2025-01-12T00:00:09.406+0000] {processor.py:753} INFO - DAG(s) dict_keys(['example_task_group']) retrieved from /home/airflow/.local/lib/python3.7/site-packages/airflow/example_dags/example_task_group.py
[2025-01-12T00:00:09.416+0000] {logging_mixin.py:137} INFO - [2025-01-12T00:00:09.416+0000] {dag.py:2690} INFO - Sync 1 DAGs
[2025-01-12T00:00:09.426+0000] {logging_mixin.py:137} INFO - [2025-01-12T00:00:09.426+0000] {dag.py:3441} INFO - Setting next_dagrun for example_task_group to 2025-01-11T00:00:09.426751+00:00, run_after=2025-01-12T00:00:09.426751+00:00
[2025-01-12T00:00:09.433+0000] {processor.py:175} INFO - Processing /home/airflow/.local/lib/python3.7/site-packages/airflow/example_dags/example_task_group.py took 0.036 seconds
[2025-01-12T00:00:40.004+0000] {processor.py:153} INFO - Started process (PID=8877) to work on /home/airflow/.local/lib/python3.7/site-packages/airflow/example_dags/example_task_group.py
[2025-01-12T00:00:40.004+0000] {processor.py:743} INFO - Processing file /home/airflow/.local/lib/python3.7/site-packages/airflow/example_dags/example_task_group.py for tasks to queue
[2025-01-12T00:00:40.005+0000] {logging_mixin.py:137} INFO - [2025-01-12T00:00:40.005+0000] {dagbag.py:538} INFO - Filling up the DagBag from /home/airflow/.local/lib/python3.7/site-packages/airflow/example_dags/example_task_group.py
[2025-01-12T00:00:40.017+0000] {processor.py:753} INFO - DAG(s) dict_keys(['example_task_group']) retrieved from /home/airflow/.local/lib/python3.7/site-packages/airflow/example_dags/example_task_group.py
[2025-01-12T00:00:40.031+0000] {logging_mixin.py:137} INFO - [2025-01-12T00:00:40.031+0000] {dag.py:2690} INFO - Sync 1 DAGs
[2025-01-12T00:00:40.045+0000] {logging_mixin.py:137} INFO - [2025-01-12T00:00:40.045+0000] {dag.py:3441} INFO - Setting next_dagrun for example_task_group to 2025-01-11T00:00:40.045666+00:00, run_after=2025-01-12T00:00:40.045666+00:00
[2025-01-12T00:00:40.055+0000] {processor.py:175} INFO - Processing /home/airflow/.local/lib/python3.7/site-packages/airflow/example_dags/example_task_group.py took 0.053 seconds
[2025-01-12T00:01:10.807+0000] {processor.py:153} INFO - Started process (PID=8953) to work on /home/airflow/.local/lib/python3.7/site-packages/airflow/example_dags/example_task_group.py
[2025-01-12T00:01:10.807+0000] {processor.py:743} INFO - Processing file /home/airflow/.local/lib/python3.7/site-packages/airflow/example_dags/example_task_group.py for tasks to queue
[2025-01-12T00:01:10.808+0000] {logging_mixin.py:137} INFO - [2025-01-12T00:01:10.808+0000] {dagbag.py:538} INFO - Filling up the DagBag from /home/airflow/.local/lib/python3.7/site-packages/airflow/example_dags/example_task_group.py
[2025-01-12T00:01:10.814+0000] {processor.py:753} INFO - DAG(s) dict_keys(['example_task_group']) retrieved from /home/airflow/.local/lib/python3.7/site-packages/airflow/example_dags/example_task_group.py
[2025-01-12T00:01:10.824+0000] {logging_mixin.py:137} INFO - [2025-01-12T00:01:10.824+0000] {dag.py:2690} INFO - Sync 1 DAGs
[2025-01-12T00:01:10.833+0000] {logging_mixin.py:137} INFO - [2025-01-12T00:01:10.833+0000] {dag.py:3441} INFO - Setting next_dagrun for example_task_group to 2025-01-11T00:01:10.833411+00:00, run_after=2025-01-12T00:01:10.833411+00:00
[2025-01-12T00:01:10.839+0000] {processor.py:175} INFO - Processing /home/airflow/.local/lib/python3.7/site-packages/airflow/example_dags/example_task_group.py took 0.033 seconds
[2025-01-12T00:01:41.323+0000] {processor.py:153} INFO - Started process (PID=9045) to work on /home/airflow/.local/lib/python3.7/site-packages/airflow/example_dags/example_task_group.py
[2025-01-12T00:01:41.326+0000] {processor.py:743} INFO - Processing file /home/airflow/.local/lib/python3.7/site-packages/airflow/example_dags/example_task_group.py for tasks to queue
[2025-01-12T00:01:41.328+0000] {logging_mixin.py:137} INFO - [2025-01-12T00:01:41.328+0000] {dagbag.py:538} INFO - Filling up the DagBag from /home/airflow/.local/lib/python3.7/site-packages/airflow/example_dags/example_task_group.py
[2025-01-12T00:01:41.362+0000] {processor.py:753} INFO - DAG(s) dict_keys(['example_task_group']) retrieved from /home/airflow/.local/lib/python3.7/site-packages/airflow/example_dags/example_task_group.py
[2025-01-12T00:01:41.375+0000] {logging_mixin.py:137} INFO - [2025-01-12T00:01:41.375+0000] {dag.py:2690} INFO - Sync 1 DAGs
[2025-01-12T00:01:41.385+0000] {logging_mixin.py:137} INFO - [2025-01-12T00:01:41.384+0000] {dag.py:3441} INFO - Setting next_dagrun for example_task_group to 2025-01-11T00:01:41.384898+00:00, run_after=2025-01-12T00:01:41.384898+00:00
[2025-01-12T00:01:41.391+0000] {processor.py:175} INFO - Processing /home/airflow/.local/lib/python3.7/site-packages/airflow/example_dags/example_task_group.py took 0.070 seconds
[2025-01-12T00:02:11.833+0000] {processor.py:153} INFO - Started process (PID=9137) to work on /home/airflow/.local/lib/python3.7/site-packages/airflow/example_dags/example_task_group.py
[2025-01-12T00:02:11.836+0000] {processor.py:743} INFO - Processing file /home/airflow/.local/lib/python3.7/site-packages/airflow/example_dags/example_task_group.py for tasks to queue
[2025-01-12T00:02:11.837+0000] {logging_mixin.py:137} INFO - [2025-01-12T00:02:11.836+0000] {dagbag.py:538} INFO - Filling up the DagBag from /home/airflow/.local/lib/python3.7/site-packages/airflow/example_dags/example_task_group.py
[2025-01-12T00:02:11.842+0000] {processor.py:753} INFO - DAG(s) dict_keys(['example_task_group']) retrieved from /home/airflow/.local/lib/python3.7/site-packages/airflow/example_dags/example_task_group.py
[2025-01-12T00:02:11.852+0000] {logging_mixin.py:137} INFO - [2025-01-12T00:02:11.852+0000] {dag.py:2690} INFO - Sync 1 DAGs
[2025-01-12T00:02:11.862+0000] {logging_mixin.py:137} INFO - [2025-01-12T00:02:11.862+0000] {dag.py:3441} INFO - Setting next_dagrun for example_task_group to 2025-01-11T00:02:11.862095+00:00, run_after=2025-01-12T00:02:11.862095+00:00
[2025-01-12T00:02:11.869+0000] {processor.py:175} INFO - Processing /home/airflow/.local/lib/python3.7/site-packages/airflow/example_dags/example_task_group.py took 0.037 seconds
[2025-01-12T00:02:42.577+0000] {processor.py:153} INFO - Started process (PID=9228) to work on /home/airflow/.local/lib/python3.7/site-packages/airflow/example_dags/example_task_group.py
[2025-01-12T00:02:42.579+0000] {processor.py:743} INFO - Processing file /home/airflow/.local/lib/python3.7/site-packages/airflow/example_dags/example_task_group.py for tasks to queue
[2025-01-12T00:02:42.579+0000] {logging_mixin.py:137} INFO - [2025-01-12T00:02:42.579+0000] {dagbag.py:538} INFO - Filling up the DagBag from /home/airflow/.local/lib/python3.7/site-packages/airflow/example_dags/example_task_group.py
[2025-01-12T00:02:42.587+0000] {processor.py:753} INFO - DAG(s) dict_keys(['example_task_group']) retrieved from /home/airflow/.local/lib/python3.7/site-packages/airflow/example_dags/example_task_group.py
[2025-01-12T00:02:42.599+0000] {logging_mixin.py:137} INFO - [2025-01-12T00:02:42.599+0000] {dag.py:2690} INFO - Sync 1 DAGs
[2025-01-12T00:02:42.610+0000] {logging_mixin.py:137} INFO - [2025-01-12T00:02:42.610+0000] {dag.py:3441} INFO - Setting next_dagrun for example_task_group to 2025-01-11T00:02:42.610534+00:00, run_after=2025-01-12T00:02:42.610534+00:00
[2025-01-12T00:02:42.619+0000] {processor.py:175} INFO - Processing /home/airflow/.local/lib/python3.7/site-packages/airflow/example_dags/example_task_group.py took 0.043 seconds
[2025-01-12T00:03:13.106+0000] {processor.py:153} INFO - Started process (PID=9303) to work on /home/airflow/.local/lib/python3.7/site-packages/airflow/example_dags/example_task_group.py
[2025-01-12T00:03:13.107+0000] {processor.py:743} INFO - Processing file /home/airflow/.local/lib/python3.7/site-packages/airflow/example_dags/example_task_group.py for tasks to queue
[2025-01-12T00:03:13.107+0000] {logging_mixin.py:137} INFO - [2025-01-12T00:03:13.107+0000] {dagbag.py:538} INFO - Filling up the DagBag from /home/airflow/.local/lib/python3.7/site-packages/airflow/example_dags/example_task_group.py
[2025-01-12T00:03:13.115+0000] {processor.py:753} INFO - DAG(s) dict_keys(['example_task_group']) retrieved from /home/airflow/.local/lib/python3.7/site-packages/airflow/example_dags/example_task_group.py
[2025-01-12T00:03:13.126+0000] {logging_mixin.py:137} INFO - [2025-01-12T00:03:13.126+0000] {dag.py:2690} INFO - Sync 1 DAGs
[2025-01-12T00:03:13.136+0000] {logging_mixin.py:137} INFO - [2025-01-12T00:03:13.136+0000] {dag.py:3441} INFO - Setting next_dagrun for example_task_group to 2025-01-11T00:03:13.136426+00:00, run_after=2025-01-12T00:03:13.136426+00:00
[2025-01-12T00:03:13.143+0000] {processor.py:175} INFO - Processing /home/airflow/.local/lib/python3.7/site-packages/airflow/example_dags/example_task_group.py took 0.039 seconds
[2025-01-12T00:03:43.735+0000] {processor.py:153} INFO - Started process (PID=9394) to work on /home/airflow/.local/lib/python3.7/site-packages/airflow/example_dags/example_task_group.py
[2025-01-12T00:03:43.735+0000] {processor.py:743} INFO - Processing file /home/airflow/.local/lib/python3.7/site-packages/airflow/example_dags/example_task_group.py for tasks to queue
[2025-01-12T00:03:43.735+0000] {logging_mixin.py:137} INFO - [2025-01-12T00:03:43.735+0000] {dagbag.py:538} INFO - Filling up the DagBag from /home/airflow/.local/lib/python3.7/site-packages/airflow/example_dags/example_task_group.py
[2025-01-12T00:03:43.742+0000] {processor.py:753} INFO - DAG(s) dict_keys(['example_task_group']) retrieved from /home/airflow/.local/lib/python3.7/site-packages/airflow/example_dags/example_task_group.py
[2025-01-12T00:03:43.752+0000] {logging_mixin.py:137} INFO - [2025-01-12T00:03:43.752+0000] {dag.py:2690} INFO - Sync 1 DAGs
[2025-01-12T00:03:43.762+0000] {logging_mixin.py:137} INFO - [2025-01-12T00:03:43.762+0000] {dag.py:3441} INFO - Setting next_dagrun for example_task_group to 2025-01-11T00:03:43.762341+00:00, run_after=2025-01-12T00:03:43.762341+00:00
[2025-01-12T00:03:43.769+0000] {processor.py:175} INFO - Processing /home/airflow/.local/lib/python3.7/site-packages/airflow/example_dags/example_task_group.py took 0.036 seconds
[2025-01-12T00:04:14.172+0000] {processor.py:153} INFO - Started process (PID=9486) to work on /home/airflow/.local/lib/python3.7/site-packages/airflow/example_dags/example_task_group.py
[2025-01-12T00:04:14.175+0000] {processor.py:743} INFO - Processing file /home/airflow/.local/lib/python3.7/site-packages/airflow/example_dags/example_task_group.py for tasks to queue
[2025-01-12T00:04:14.175+0000] {logging_mixin.py:137} INFO - [2025-01-12T00:04:14.175+0000] {dagbag.py:538} INFO - Filling up the DagBag from /home/airflow/.local/lib/python3.7/site-packages/airflow/example_dags/example_task_group.py
[2025-01-12T00:04:14.182+0000] {processor.py:753} INFO - DAG(s) dict_keys(['example_task_group']) retrieved from /home/airflow/.local/lib/python3.7/site-packages/airflow/example_dags/example_task_group.py
[2025-01-12T00:04:14.191+0000] {logging_mixin.py:137} INFO - [2025-01-12T00:04:14.191+0000] {dag.py:2690} INFO - Sync 1 DAGs
[2025-01-12T00:04:14.204+0000] {logging_mixin.py:137} INFO - [2025-01-12T00:04:14.203+0000] {dag.py:3441} INFO - Setting next_dagrun for example_task_group to 2025-01-11T00:04:14.203888+00:00, run_after=2025-01-12T00:04:14.203888+00:00
[2025-01-12T00:04:14.210+0000] {processor.py:175} INFO - Processing /home/airflow/.local/lib/python3.7/site-packages/airflow/example_dags/example_task_group.py took 0.040 seconds
[2025-01-12T00:04:44.582+0000] {processor.py:153} INFO - Started process (PID=9578) to work on /home/airflow/.local/lib/python3.7/site-packages/airflow/example_dags/example_task_group.py
[2025-01-12T00:04:44.583+0000] {processor.py:743} INFO - Processing file /home/airflow/.local/lib/python3.7/site-packages/airflow/example_dags/example_task_group.py for tasks to queue
[2025-01-12T00:04:44.583+0000] {logging_mixin.py:137} INFO - [2025-01-12T00:04:44.583+0000] {dagbag.py:538} INFO - Filling up the DagBag from /home/airflow/.local/lib/python3.7/site-packages/airflow/example_dags/example_task_group.py
[2025-01-12T00:04:44.590+0000] {processor.py:753} INFO - DAG(s) dict_keys(['example_task_group']) retrieved from /home/airflow/.local/lib/python3.7/site-packages/airflow/example_dags/example_task_group.py
[2025-01-12T00:04:44.600+0000] {logging_mixin.py:137} INFO - [2025-01-12T00:04:44.600+0000] {dag.py:2690} INFO - Sync 1 DAGs
[2025-01-12T00:04:44.610+0000] {logging_mixin.py:137} INFO - [2025-01-12T00:04:44.610+0000] {dag.py:3441} INFO - Setting next_dagrun for example_task_group to 2025-01-11T00:04:44.609907+00:00, run_after=2025-01-12T00:04:44.609907+00:00
[2025-01-12T00:04:44.619+0000] {processor.py:175} INFO - Processing /home/airflow/.local/lib/python3.7/site-packages/airflow/example_dags/example_task_group.py took 0.038 seconds
[2025-01-12T00:05:15.119+0000] {processor.py:153} INFO - Started process (PID=9654) to work on /home/airflow/.local/lib/python3.7/site-packages/airflow/example_dags/example_task_group.py
[2025-01-12T00:05:15.120+0000] {processor.py:743} INFO - Processing file /home/airflow/.local/lib/python3.7/site-packages/airflow/example_dags/example_task_group.py for tasks to queue
[2025-01-12T00:05:15.121+0000] {logging_mixin.py:137} INFO - [2025-01-12T00:05:15.121+0000] {dagbag.py:538} INFO - Filling up the DagBag from /home/airflow/.local/lib/python3.7/site-packages/airflow/example_dags/example_task_group.py
[2025-01-12T00:05:15.127+0000] {processor.py:753} INFO - DAG(s) dict_keys(['example_task_group']) retrieved from /home/airflow/.local/lib/python3.7/site-packages/airflow/example_dags/example_task_group.py
[2025-01-12T00:05:15.136+0000] {logging_mixin.py:137} INFO - [2025-01-12T00:05:15.136+0000] {dag.py:2690} INFO - Sync 1 DAGs
[2025-01-12T00:05:15.146+0000] {logging_mixin.py:137} INFO - [2025-01-12T00:05:15.146+0000] {dag.py:3441} INFO - Setting next_dagrun for example_task_group to 2025-01-11T00:05:15.146291+00:00, run_after=2025-01-12T00:05:15.146291+00:00
[2025-01-12T00:05:15.157+0000] {processor.py:175} INFO - Processing /home/airflow/.local/lib/python3.7/site-packages/airflow/example_dags/example_task_group.py took 0.040 seconds
[2025-01-12T00:05:45.823+0000] {processor.py:153} INFO - Started process (PID=9746) to work on /home/airflow/.local/lib/python3.7/site-packages/airflow/example_dags/example_task_group.py
[2025-01-12T00:05:45.823+0000] {processor.py:743} INFO - Processing file /home/airflow/.local/lib/python3.7/site-packages/airflow/example_dags/example_task_group.py for tasks to queue
[2025-01-12T00:05:45.824+0000] {logging_mixin.py:137} INFO - [2025-01-12T00:05:45.824+0000] {dagbag.py:538} INFO - Filling up the DagBag from /home/airflow/.local/lib/python3.7/site-packages/airflow/example_dags/example_task_group.py
[2025-01-12T00:05:45.831+0000] {processor.py:753} INFO - DAG(s) dict_keys(['example_task_group']) retrieved from /home/airflow/.local/lib/python3.7/site-packages/airflow/example_dags/example_task_group.py
[2025-01-12T00:05:45.847+0000] {logging_mixin.py:137} INFO - [2025-01-12T00:05:45.847+0000] {dag.py:2690} INFO - Sync 1 DAGs
[2025-01-12T00:05:45.857+0000] {logging_mixin.py:137} INFO - [2025-01-12T00:05:45.857+0000] {dag.py:3441} INFO - Setting next_dagrun for example_task_group to 2025-01-11T00:05:45.857696+00:00, run_after=2025-01-12T00:05:45.857696+00:00
[2025-01-12T00:05:45.866+0000] {processor.py:175} INFO - Processing /home/airflow/.local/lib/python3.7/site-packages/airflow/example_dags/example_task_group.py took 0.045 seconds
[2025-01-12T00:06:16.500+0000] {processor.py:153} INFO - Started process (PID=9838) to work on /home/airflow/.local/lib/python3.7/site-packages/airflow/example_dags/example_task_group.py
[2025-01-12T00:06:16.503+0000] {processor.py:743} INFO - Processing file /home/airflow/.local/lib/python3.7/site-packages/airflow/example_dags/example_task_group.py for tasks to queue
[2025-01-12T00:06:16.503+0000] {logging_mixin.py:137} INFO - [2025-01-12T00:06:16.503+0000] {dagbag.py:538} INFO - Filling up the DagBag from /home/airflow/.local/lib/python3.7/site-packages/airflow/example_dags/example_task_group.py
[2025-01-12T00:06:16.510+0000] {processor.py:753} INFO - DAG(s) dict_keys(['example_task_group']) retrieved from /home/airflow/.local/lib/python3.7/site-packages/airflow/example_dags/example_task_group.py
[2025-01-12T00:06:16.521+0000] {logging_mixin.py:137} INFO - [2025-01-12T00:06:16.521+0000] {dag.py:2690} INFO - Sync 1 DAGs
[2025-01-12T00:06:16.533+0000] {logging_mixin.py:137} INFO - [2025-01-12T00:06:16.533+0000] {dag.py:3441} INFO - Setting next_dagrun for example_task_group to 2025-01-11T00:06:16.532925+00:00, run_after=2025-01-12T00:06:16.532925+00:00
[2025-01-12T00:06:16.541+0000] {processor.py:175} INFO - Processing /home/airflow/.local/lib/python3.7/site-packages/airflow/example_dags/example_task_group.py took 0.042 seconds
[2025-01-12T00:06:47.045+0000] {processor.py:153} INFO - Started process (PID=9930) to work on /home/airflow/.local/lib/python3.7/site-packages/airflow/example_dags/example_task_group.py
[2025-01-12T00:06:47.045+0000] {processor.py:743} INFO - Processing file /home/airflow/.local/lib/python3.7/site-packages/airflow/example_dags/example_task_group.py for tasks to queue
[2025-01-12T00:06:47.045+0000] {logging_mixin.py:137} INFO - [2025-01-12T00:06:47.045+0000] {dagbag.py:538} INFO - Filling up the DagBag from /home/airflow/.local/lib/python3.7/site-packages/airflow/example_dags/example_task_group.py
[2025-01-12T00:06:47.054+0000] {processor.py:753} INFO - DAG(s) dict_keys(['example_task_group']) retrieved from /home/airflow/.local/lib/python3.7/site-packages/airflow/example_dags/example_task_group.py
[2025-01-12T00:06:47.065+0000] {logging_mixin.py:137} INFO - [2025-01-12T00:06:47.065+0000] {dag.py:2690} INFO - Sync 1 DAGs
[2025-01-12T00:06:47.074+0000] {logging_mixin.py:137} INFO - [2025-01-12T00:06:47.074+0000] {dag.py:3441} INFO - Setting next_dagrun for example_task_group to 2025-01-11T00:06:47.074724+00:00, run_after=2025-01-12T00:06:47.074724+00:00
[2025-01-12T00:06:47.087+0000] {processor.py:175} INFO - Processing /home/airflow/.local/lib/python3.7/site-packages/airflow/example_dags/example_task_group.py took 0.044 seconds
[2025-01-12T00:07:17.578+0000] {processor.py:153} INFO - Started process (PID=10015) to work on /home/airflow/.local/lib/python3.7/site-packages/airflow/example_dags/example_task_group.py
[2025-01-12T00:07:17.579+0000] {processor.py:743} INFO - Processing file /home/airflow/.local/lib/python3.7/site-packages/airflow/example_dags/example_task_group.py for tasks to queue
[2025-01-12T00:07:17.580+0000] {logging_mixin.py:137} INFO - [2025-01-12T00:07:17.580+0000] {dagbag.py:538} INFO - Filling up the DagBag from /home/airflow/.local/lib/python3.7/site-packages/airflow/example_dags/example_task_group.py
[2025-01-12T00:07:17.590+0000] {processor.py:753} INFO - DAG(s) dict_keys(['example_task_group']) retrieved from /home/airflow/.local/lib/python3.7/site-packages/airflow/example_dags/example_task_group.py
[2025-01-12T00:07:17.603+0000] {logging_mixin.py:137} INFO - [2025-01-12T00:07:17.603+0000] {dag.py:2690} INFO - Sync 1 DAGs
[2025-01-12T00:07:17.615+0000] {logging_mixin.py:137} INFO - [2025-01-12T00:07:17.614+0000] {dag.py:3441} INFO - Setting next_dagrun for example_task_group to 2025-01-11T00:07:17.614808+00:00, run_after=2025-01-12T00:07:17.614808+00:00
[2025-01-12T00:07:17.623+0000] {processor.py:175} INFO - Processing /home/airflow/.local/lib/python3.7/site-packages/airflow/example_dags/example_task_group.py took 0.047 seconds
[2025-01-12T00:07:48.160+0000] {processor.py:153} INFO - Started process (PID=10097) to work on /home/airflow/.local/lib/python3.7/site-packages/airflow/example_dags/example_task_group.py
[2025-01-12T00:07:48.161+0000] {processor.py:743} INFO - Processing file /home/airflow/.local/lib/python3.7/site-packages/airflow/example_dags/example_task_group.py for tasks to queue
[2025-01-12T00:07:48.161+0000] {logging_mixin.py:137} INFO - [2025-01-12T00:07:48.161+0000] {dagbag.py:538} INFO - Filling up the DagBag from /home/airflow/.local/lib/python3.7/site-packages/airflow/example_dags/example_task_group.py
[2025-01-12T00:07:48.169+0000] {processor.py:753} INFO - DAG(s) dict_keys(['example_task_group']) retrieved from /home/airflow/.local/lib/python3.7/site-packages/airflow/example_dags/example_task_group.py
[2025-01-12T00:07:48.180+0000] {logging_mixin.py:137} INFO - [2025-01-12T00:07:48.180+0000] {dag.py:2690} INFO - Sync 1 DAGs
[2025-01-12T00:07:48.191+0000] {logging_mixin.py:137} INFO - [2025-01-12T00:07:48.191+0000] {dag.py:3441} INFO - Setting next_dagrun for example_task_group to 2025-01-11T00:07:48.191564+00:00, run_after=2025-01-12T00:07:48.191564+00:00
[2025-01-12T00:07:48.198+0000] {processor.py:175} INFO - Processing /home/airflow/.local/lib/python3.7/site-packages/airflow/example_dags/example_task_group.py took 0.039 seconds
[2025-01-12T00:08:18.722+0000] {processor.py:153} INFO - Started process (PID=10189) to work on /home/airflow/.local/lib/python3.7/site-packages/airflow/example_dags/example_task_group.py
[2025-01-12T00:08:18.723+0000] {processor.py:743} INFO - Processing file /home/airflow/.local/lib/python3.7/site-packages/airflow/example_dags/example_task_group.py for tasks to queue
[2025-01-12T00:08:18.724+0000] {logging_mixin.py:137} INFO - [2025-01-12T00:08:18.724+0000] {dagbag.py:538} INFO - Filling up the DagBag from /home/airflow/.local/lib/python3.7/site-packages/airflow/example_dags/example_task_group.py
[2025-01-12T00:08:18.731+0000] {processor.py:753} INFO - DAG(s) dict_keys(['example_task_group']) retrieved from /home/airflow/.local/lib/python3.7/site-packages/airflow/example_dags/example_task_group.py
[2025-01-12T00:08:18.740+0000] {logging_mixin.py:137} INFO - [2025-01-12T00:08:18.740+0000] {dag.py:2690} INFO - Sync 1 DAGs
[2025-01-12T00:08:18.752+0000] {logging_mixin.py:137} INFO - [2025-01-12T00:08:18.752+0000] {dag.py:3441} INFO - Setting next_dagrun for example_task_group to 2025-01-11T00:08:18.751960+00:00, run_after=2025-01-12T00:08:18.751960+00:00
[2025-01-12T00:08:18.760+0000] {processor.py:175} INFO - Processing /home/airflow/.local/lib/python3.7/site-packages/airflow/example_dags/example_task_group.py took 0.039 seconds
[2025-01-12T00:08:49.356+0000] {processor.py:153} INFO - Started process (PID=10281) to work on /home/airflow/.local/lib/python3.7/site-packages/airflow/example_dags/example_task_group.py
[2025-01-12T00:08:49.360+0000] {processor.py:743} INFO - Processing file /home/airflow/.local/lib/python3.7/site-packages/airflow/example_dags/example_task_group.py for tasks to queue
[2025-01-12T00:08:49.361+0000] {logging_mixin.py:137} INFO - [2025-01-12T00:08:49.361+0000] {dagbag.py:538} INFO - Filling up the DagBag from /home/airflow/.local/lib/python3.7/site-packages/airflow/example_dags/example_task_group.py
[2025-01-12T00:08:49.369+0000] {processor.py:753} INFO - DAG(s) dict_keys(['example_task_group']) retrieved from /home/airflow/.local/lib/python3.7/site-packages/airflow/example_dags/example_task_group.py
[2025-01-12T00:08:49.388+0000] {logging_mixin.py:137} INFO - [2025-01-12T00:08:49.387+0000] {dag.py:2690} INFO - Sync 1 DAGs
[2025-01-12T00:08:49.399+0000] {logging_mixin.py:137} INFO - [2025-01-12T00:08:49.398+0000] {dag.py:3441} INFO - Setting next_dagrun for example_task_group to 2025-01-11T00:08:49.398857+00:00, run_after=2025-01-12T00:08:49.398857+00:00
[2025-01-12T00:08:49.406+0000] {processor.py:175} INFO - Processing /home/airflow/.local/lib/python3.7/site-packages/airflow/example_dags/example_task_group.py took 0.051 seconds
[2025-01-12T00:09:20.376+0000] {processor.py:153} INFO - Started process (PID=10372) to work on /home/airflow/.local/lib/python3.7/site-packages/airflow/example_dags/example_task_group.py
[2025-01-12T00:09:20.377+0000] {processor.py:743} INFO - Processing file /home/airflow/.local/lib/python3.7/site-packages/airflow/example_dags/example_task_group.py for tasks to queue
[2025-01-12T00:09:20.378+0000] {logging_mixin.py:137} INFO - [2025-01-12T00:09:20.378+0000] {dagbag.py:538} INFO - Filling up the DagBag from /home/airflow/.local/lib/python3.7/site-packages/airflow/example_dags/example_task_group.py
[2025-01-12T00:09:20.387+0000] {processor.py:753} INFO - DAG(s) dict_keys(['example_task_group']) retrieved from /home/airflow/.local/lib/python3.7/site-packages/airflow/example_dags/example_task_group.py
[2025-01-12T00:09:20.400+0000] {logging_mixin.py:137} INFO - [2025-01-12T00:09:20.400+0000] {dag.py:2690} INFO - Sync 1 DAGs
[2025-01-12T00:09:20.415+0000] {logging_mixin.py:137} INFO - [2025-01-12T00:09:20.415+0000] {dag.py:3441} INFO - Setting next_dagrun for example_task_group to 2025-01-11T00:09:20.415495+00:00, run_after=2025-01-12T00:09:20.415495+00:00
[2025-01-12T00:09:20.426+0000] {processor.py:175} INFO - Processing /home/airflow/.local/lib/python3.7/site-packages/airflow/example_dags/example_task_group.py took 0.051 seconds
[2025-01-12T00:09:51.003+0000] {processor.py:153} INFO - Started process (PID=10448) to work on /home/airflow/.local/lib/python3.7/site-packages/airflow/example_dags/example_task_group.py
[2025-01-12T00:09:51.007+0000] {processor.py:743} INFO - Processing file /home/airflow/.local/lib/python3.7/site-packages/airflow/example_dags/example_task_group.py for tasks to queue
[2025-01-12T00:09:51.008+0000] {logging_mixin.py:137} INFO - [2025-01-12T00:09:51.008+0000] {dagbag.py:538} INFO - Filling up the DagBag from /home/airflow/.local/lib/python3.7/site-packages/airflow/example_dags/example_task_group.py
[2025-01-12T00:09:51.015+0000] {processor.py:753} INFO - DAG(s) dict_keys(['example_task_group']) retrieved from /home/airflow/.local/lib/python3.7/site-packages/airflow/example_dags/example_task_group.py
[2025-01-12T00:09:51.026+0000] {logging_mixin.py:137} INFO - [2025-01-12T00:09:51.026+0000] {dag.py:2690} INFO - Sync 1 DAGs
[2025-01-12T00:09:51.036+0000] {logging_mixin.py:137} INFO - [2025-01-12T00:09:51.036+0000] {dag.py:3441} INFO - Setting next_dagrun for example_task_group to 2025-01-11T00:09:51.036347+00:00, run_after=2025-01-12T00:09:51.036347+00:00
[2025-01-12T00:09:51.047+0000] {processor.py:175} INFO - Processing /home/airflow/.local/lib/python3.7/site-packages/airflow/example_dags/example_task_group.py took 0.045 seconds
[2025-01-12T00:10:21.605+0000] {processor.py:153} INFO - Started process (PID=10540) to work on /home/airflow/.local/lib/python3.7/site-packages/airflow/example_dags/example_task_group.py
[2025-01-12T00:10:21.605+0000] {processor.py:743} INFO - Processing file /home/airflow/.local/lib/python3.7/site-packages/airflow/example_dags/example_task_group.py for tasks to queue
[2025-01-12T00:10:21.607+0000] {logging_mixin.py:137} INFO - [2025-01-12T00:10:21.607+0000] {dagbag.py:538} INFO - Filling up the DagBag from /home/airflow/.local/lib/python3.7/site-packages/airflow/example_dags/example_task_group.py
[2025-01-12T00:10:21.614+0000] {processor.py:753} INFO - DAG(s) dict_keys(['example_task_group']) retrieved from /home/airflow/.local/lib/python3.7/site-packages/airflow/example_dags/example_task_group.py
[2025-01-12T00:10:21.625+0000] {logging_mixin.py:137} INFO - [2025-01-12T00:10:21.625+0000] {dag.py:2690} INFO - Sync 1 DAGs
[2025-01-12T00:10:21.637+0000] {logging_mixin.py:137} INFO - [2025-01-12T00:10:21.637+0000] {dag.py:3441} INFO - Setting next_dagrun for example_task_group to 2025-01-11T00:10:21.637515+00:00, run_after=2025-01-12T00:10:21.637515+00:00
[2025-01-12T00:10:21.646+0000] {processor.py:175} INFO - Processing /home/airflow/.local/lib/python3.7/site-packages/airflow/example_dags/example_task_group.py took 0.043 seconds
[2025-01-12T00:10:52.263+0000] {processor.py:153} INFO - Started process (PID=10632) to work on /home/airflow/.local/lib/python3.7/site-packages/airflow/example_dags/example_task_group.py
[2025-01-12T00:10:52.268+0000] {processor.py:743} INFO - Processing file /home/airflow/.local/lib/python3.7/site-packages/airflow/example_dags/example_task_group.py for tasks to queue
[2025-01-12T00:10:52.268+0000] {logging_mixin.py:137} INFO - [2025-01-12T00:10:52.268+0000] {dagbag.py:538} INFO - Filling up the DagBag from /home/airflow/.local/lib/python3.7/site-packages/airflow/example_dags/example_task_group.py
[2025-01-12T00:10:52.274+0000] {processor.py:753} INFO - DAG(s) dict_keys(['example_task_group']) retrieved from /home/airflow/.local/lib/python3.7/site-packages/airflow/example_dags/example_task_group.py
[2025-01-12T00:10:52.286+0000] {logging_mixin.py:137} INFO - [2025-01-12T00:10:52.286+0000] {dag.py:2690} INFO - Sync 1 DAGs
[2025-01-12T00:10:52.300+0000] {logging_mixin.py:137} INFO - [2025-01-12T00:10:52.300+0000] {dag.py:3441} INFO - Setting next_dagrun for example_task_group to 2025-01-11T00:10:52.300057+00:00, run_after=2025-01-12T00:10:52.300057+00:00
[2025-01-12T00:10:52.313+0000] {processor.py:175} INFO - Processing /home/airflow/.local/lib/python3.7/site-packages/airflow/example_dags/example_task_group.py took 0.051 seconds
[2025-01-12T00:11:23.606+0000] {processor.py:153} INFO - Started process (PID=10724) to work on /home/airflow/.local/lib/python3.7/site-packages/airflow/example_dags/example_task_group.py
[2025-01-12T00:11:23.607+0000] {processor.py:743} INFO - Processing file /home/airflow/.local/lib/python3.7/site-packages/airflow/example_dags/example_task_group.py for tasks to queue
[2025-01-12T00:11:23.607+0000] {logging_mixin.py:137} INFO - [2025-01-12T00:11:23.607+0000] {dagbag.py:538} INFO - Filling up the DagBag from /home/airflow/.local/lib/python3.7/site-packages/airflow/example_dags/example_task_group.py
[2025-01-12T00:11:23.614+0000] {processor.py:753} INFO - DAG(s) dict_keys(['example_task_group']) retrieved from /home/airflow/.local/lib/python3.7/site-packages/airflow/example_dags/example_task_group.py
[2025-01-12T00:11:23.628+0000] {logging_mixin.py:137} INFO - [2025-01-12T00:11:23.628+0000] {dag.py:2690} INFO - Sync 1 DAGs
[2025-01-12T00:11:23.638+0000] {logging_mixin.py:137} INFO - [2025-01-12T00:11:23.638+0000] {dag.py:3441} INFO - Setting next_dagrun for example_task_group to 2025-01-11T00:11:23.638681+00:00, run_after=2025-01-12T00:11:23.638681+00:00
[2025-01-12T00:11:23.648+0000] {processor.py:175} INFO - Processing /home/airflow/.local/lib/python3.7/site-packages/airflow/example_dags/example_task_group.py took 0.043 seconds
[2025-01-12T00:11:54.231+0000] {processor.py:153} INFO - Started process (PID=10800) to work on /home/airflow/.local/lib/python3.7/site-packages/airflow/example_dags/example_task_group.py
[2025-01-12T00:11:54.232+0000] {processor.py:743} INFO - Processing file /home/airflow/.local/lib/python3.7/site-packages/airflow/example_dags/example_task_group.py for tasks to queue
[2025-01-12T00:11:54.233+0000] {logging_mixin.py:137} INFO - [2025-01-12T00:11:54.233+0000] {dagbag.py:538} INFO - Filling up the DagBag from /home/airflow/.local/lib/python3.7/site-packages/airflow/example_dags/example_task_group.py
[2025-01-12T00:11:54.239+0000] {processor.py:753} INFO - DAG(s) dict_keys(['example_task_group']) retrieved from /home/airflow/.local/lib/python3.7/site-packages/airflow/example_dags/example_task_group.py
[2025-01-12T00:11:54.251+0000] {logging_mixin.py:137} INFO - [2025-01-12T00:11:54.251+0000] {dag.py:2690} INFO - Sync 1 DAGs
[2025-01-12T00:11:54.262+0000] {logging_mixin.py:137} INFO - [2025-01-12T00:11:54.262+0000] {dag.py:3441} INFO - Setting next_dagrun for example_task_group to 2025-01-11T00:11:54.262435+00:00, run_after=2025-01-12T00:11:54.262435+00:00
[2025-01-12T00:11:54.273+0000] {processor.py:175} INFO - Processing /home/airflow/.local/lib/python3.7/site-packages/airflow/example_dags/example_task_group.py took 0.044 seconds
[2025-01-12T00:12:24.777+0000] {processor.py:153} INFO - Started process (PID=10892) to work on /home/airflow/.local/lib/python3.7/site-packages/airflow/example_dags/example_task_group.py
[2025-01-12T00:12:24.778+0000] {processor.py:743} INFO - Processing file /home/airflow/.local/lib/python3.7/site-packages/airflow/example_dags/example_task_group.py for tasks to queue
[2025-01-12T00:12:24.778+0000] {logging_mixin.py:137} INFO - [2025-01-12T00:12:24.778+0000] {dagbag.py:538} INFO - Filling up the DagBag from /home/airflow/.local/lib/python3.7/site-packages/airflow/example_dags/example_task_group.py
[2025-01-12T00:12:24.785+0000] {processor.py:753} INFO - DAG(s) dict_keys(['example_task_group']) retrieved from /home/airflow/.local/lib/python3.7/site-packages/airflow/example_dags/example_task_group.py
[2025-01-12T00:12:24.796+0000] {logging_mixin.py:137} INFO - [2025-01-12T00:12:24.796+0000] {dag.py:2690} INFO - Sync 1 DAGs
[2025-01-12T00:12:24.806+0000] {logging_mixin.py:137} INFO - [2025-01-12T00:12:24.806+0000] {dag.py:3441} INFO - Setting next_dagrun for example_task_group to 2025-01-11T00:12:24.806594+00:00, run_after=2025-01-12T00:12:24.806594+00:00
[2025-01-12T00:12:24.816+0000] {processor.py:175} INFO - Processing /home/airflow/.local/lib/python3.7/site-packages/airflow/example_dags/example_task_group.py took 0.040 seconds
[2025-01-12T00:12:55.373+0000] {processor.py:153} INFO - Started process (PID=10984) to work on /home/airflow/.local/lib/python3.7/site-packages/airflow/example_dags/example_task_group.py
[2025-01-12T00:12:55.373+0000] {processor.py:743} INFO - Processing file /home/airflow/.local/lib/python3.7/site-packages/airflow/example_dags/example_task_group.py for tasks to queue
[2025-01-12T00:12:55.374+0000] {logging_mixin.py:137} INFO - [2025-01-12T00:12:55.374+0000] {dagbag.py:538} INFO - Filling up the DagBag from /home/airflow/.local/lib/python3.7/site-packages/airflow/example_dags/example_task_group.py
[2025-01-12T00:12:55.381+0000] {processor.py:753} INFO - DAG(s) dict_keys(['example_task_group']) retrieved from /home/airflow/.local/lib/python3.7/site-packages/airflow/example_dags/example_task_group.py
[2025-01-12T00:12:55.393+0000] {logging_mixin.py:137} INFO - [2025-01-12T00:12:55.393+0000] {dag.py:2690} INFO - Sync 1 DAGs
[2025-01-12T00:12:55.406+0000] {logging_mixin.py:137} INFO - [2025-01-12T00:12:55.406+0000] {dag.py:3441} INFO - Setting next_dagrun for example_task_group to 2025-01-11T00:12:55.406354+00:00, run_after=2025-01-12T00:12:55.406354+00:00
[2025-01-12T00:12:55.415+0000] {processor.py:175} INFO - Processing /home/airflow/.local/lib/python3.7/site-packages/airflow/example_dags/example_task_group.py took 0.044 seconds
[2025-01-12T00:13:26.118+0000] {processor.py:153} INFO - Started process (PID=11075) to work on /home/airflow/.local/lib/python3.7/site-packages/airflow/example_dags/example_task_group.py
[2025-01-12T00:13:26.119+0000] {processor.py:743} INFO - Processing file /home/airflow/.local/lib/python3.7/site-packages/airflow/example_dags/example_task_group.py for tasks to queue
[2025-01-12T00:13:26.119+0000] {logging_mixin.py:137} INFO - [2025-01-12T00:13:26.119+0000] {dagbag.py:538} INFO - Filling up the DagBag from /home/airflow/.local/lib/python3.7/site-packages/airflow/example_dags/example_task_group.py
[2025-01-12T00:13:26.129+0000] {processor.py:753} INFO - DAG(s) dict_keys(['example_task_group']) retrieved from /home/airflow/.local/lib/python3.7/site-packages/airflow/example_dags/example_task_group.py
[2025-01-12T00:13:26.148+0000] {logging_mixin.py:137} INFO - [2025-01-12T00:13:26.148+0000] {dag.py:2690} INFO - Sync 1 DAGs
[2025-01-12T00:13:26.161+0000] {logging_mixin.py:137} INFO - [2025-01-12T00:13:26.161+0000] {dag.py:3441} INFO - Setting next_dagrun for example_task_group to 2025-01-11T00:13:26.161138+00:00, run_after=2025-01-12T00:13:26.161138+00:00
[2025-01-12T00:13:26.173+0000] {processor.py:175} INFO - Processing /home/airflow/.local/lib/python3.7/site-packages/airflow/example_dags/example_task_group.py took 0.056 seconds
[2025-01-12T00:13:56.738+0000] {processor.py:153} INFO - Started process (PID=11151) to work on /home/airflow/.local/lib/python3.7/site-packages/airflow/example_dags/example_task_group.py
[2025-01-12T00:13:56.739+0000] {processor.py:743} INFO - Processing file /home/airflow/.local/lib/python3.7/site-packages/airflow/example_dags/example_task_group.py for tasks to queue
[2025-01-12T00:13:56.739+0000] {logging_mixin.py:137} INFO - [2025-01-12T00:13:56.739+0000] {dagbag.py:538} INFO - Filling up the DagBag from /home/airflow/.local/lib/python3.7/site-packages/airflow/example_dags/example_task_group.py
[2025-01-12T00:13:56.747+0000] {processor.py:753} INFO - DAG(s) dict_keys(['example_task_group']) retrieved from /home/airflow/.local/lib/python3.7/site-packages/airflow/example_dags/example_task_group.py
[2025-01-12T00:13:56.759+0000] {logging_mixin.py:137} INFO - [2025-01-12T00:13:56.759+0000] {dag.py:2690} INFO - Sync 1 DAGs
[2025-01-12T00:13:56.770+0000] {logging_mixin.py:137} INFO - [2025-01-12T00:13:56.770+0000] {dag.py:3441} INFO - Setting next_dagrun for example_task_group to 2025-01-11T00:13:56.770161+00:00, run_after=2025-01-12T00:13:56.770161+00:00
[2025-01-12T00:13:56.780+0000] {processor.py:175} INFO - Processing /home/airflow/.local/lib/python3.7/site-packages/airflow/example_dags/example_task_group.py took 0.043 seconds
[2025-01-12T00:14:27.277+0000] {processor.py:153} INFO - Started process (PID=11243) to work on /home/airflow/.local/lib/python3.7/site-packages/airflow/example_dags/example_task_group.py
[2025-01-12T00:14:27.277+0000] {processor.py:743} INFO - Processing file /home/airflow/.local/lib/python3.7/site-packages/airflow/example_dags/example_task_group.py for tasks to queue
[2025-01-12T00:14:27.277+0000] {logging_mixin.py:137} INFO - [2025-01-12T00:14:27.277+0000] {dagbag.py:538} INFO - Filling up the DagBag from /home/airflow/.local/lib/python3.7/site-packages/airflow/example_dags/example_task_group.py
[2025-01-12T00:14:27.283+0000] {processor.py:753} INFO - DAG(s) dict_keys(['example_task_group']) retrieved from /home/airflow/.local/lib/python3.7/site-packages/airflow/example_dags/example_task_group.py
[2025-01-12T00:14:27.294+0000] {logging_mixin.py:137} INFO - [2025-01-12T00:14:27.293+0000] {dag.py:2690} INFO - Sync 1 DAGs
[2025-01-12T00:14:27.306+0000] {logging_mixin.py:137} INFO - [2025-01-12T00:14:27.305+0000] {dag.py:3441} INFO - Setting next_dagrun for example_task_group to 2025-01-11T00:14:27.305872+00:00, run_after=2025-01-12T00:14:27.305872+00:00
[2025-01-12T00:14:27.314+0000] {processor.py:175} INFO - Processing /home/airflow/.local/lib/python3.7/site-packages/airflow/example_dags/example_task_group.py took 0.038 seconds
[2025-01-12T00:14:57.793+0000] {processor.py:153} INFO - Started process (PID=11335) to work on /home/airflow/.local/lib/python3.7/site-packages/airflow/example_dags/example_task_group.py
[2025-01-12T00:14:57.794+0000] {processor.py:743} INFO - Processing file /home/airflow/.local/lib/python3.7/site-packages/airflow/example_dags/example_task_group.py for tasks to queue
[2025-01-12T00:14:57.794+0000] {logging_mixin.py:137} INFO - [2025-01-12T00:14:57.794+0000] {dagbag.py:538} INFO - Filling up the DagBag from /home/airflow/.local/lib/python3.7/site-packages/airflow/example_dags/example_task_group.py
[2025-01-12T00:14:57.800+0000] {processor.py:753} INFO - DAG(s) dict_keys(['example_task_group']) retrieved from /home/airflow/.local/lib/python3.7/site-packages/airflow/example_dags/example_task_group.py
[2025-01-12T00:14:57.811+0000] {logging_mixin.py:137} INFO - [2025-01-12T00:14:57.811+0000] {dag.py:2690} INFO - Sync 1 DAGs
[2025-01-12T00:14:57.822+0000] {logging_mixin.py:137} INFO - [2025-01-12T00:14:57.822+0000] {dag.py:3441} INFO - Setting next_dagrun for example_task_group to 2025-01-11T00:14:57.822304+00:00, run_after=2025-01-12T00:14:57.822304+00:00
[2025-01-12T00:14:57.833+0000] {processor.py:175} INFO - Processing /home/airflow/.local/lib/python3.7/site-packages/airflow/example_dags/example_task_group.py took 0.041 seconds
[2025-01-12T00:15:28.214+0000] {processor.py:153} INFO - Started process (PID=11427) to work on /home/airflow/.local/lib/python3.7/site-packages/airflow/example_dags/example_task_group.py
[2025-01-12T00:15:28.215+0000] {processor.py:743} INFO - Processing file /home/airflow/.local/lib/python3.7/site-packages/airflow/example_dags/example_task_group.py for tasks to queue
[2025-01-12T00:15:28.215+0000] {logging_mixin.py:137} INFO - [2025-01-12T00:15:28.215+0000] {dagbag.py:538} INFO - Filling up the DagBag from /home/airflow/.local/lib/python3.7/site-packages/airflow/example_dags/example_task_group.py
[2025-01-12T00:15:28.222+0000] {processor.py:753} INFO - DAG(s) dict_keys(['example_task_group']) retrieved from /home/airflow/.local/lib/python3.7/site-packages/airflow/example_dags/example_task_group.py
[2025-01-12T00:15:28.233+0000] {logging_mixin.py:137} INFO - [2025-01-12T00:15:28.233+0000] {dag.py:2690} INFO - Sync 1 DAGs
[2025-01-12T00:15:28.243+0000] {logging_mixin.py:137} INFO - [2025-01-12T00:15:28.242+0000] {dag.py:3441} INFO - Setting next_dagrun for example_task_group to 2025-01-11T00:15:28.242864+00:00, run_after=2025-01-12T00:15:28.242864+00:00
[2025-01-12T00:15:28.254+0000] {processor.py:175} INFO - Processing /home/airflow/.local/lib/python3.7/site-packages/airflow/example_dags/example_task_group.py took 0.041 seconds
[2025-01-12T00:15:58.726+0000] {processor.py:153} INFO - Started process (PID=11503) to work on /home/airflow/.local/lib/python3.7/site-packages/airflow/example_dags/example_task_group.py
[2025-01-12T00:15:58.726+0000] {processor.py:743} INFO - Processing file /home/airflow/.local/lib/python3.7/site-packages/airflow/example_dags/example_task_group.py for tasks to queue
[2025-01-12T00:15:58.726+0000] {logging_mixin.py:137} INFO - [2025-01-12T00:15:58.726+0000] {dagbag.py:538} INFO - Filling up the DagBag from /home/airflow/.local/lib/python3.7/site-packages/airflow/example_dags/example_task_group.py
[2025-01-12T00:15:58.733+0000] {processor.py:753} INFO - DAG(s) dict_keys(['example_task_group']) retrieved from /home/airflow/.local/lib/python3.7/site-packages/airflow/example_dags/example_task_group.py
[2025-01-12T00:15:58.744+0000] {logging_mixin.py:137} INFO - [2025-01-12T00:15:58.744+0000] {dag.py:2690} INFO - Sync 1 DAGs
[2025-01-12T00:15:58.756+0000] {logging_mixin.py:137} INFO - [2025-01-12T00:15:58.755+0000] {dag.py:3441} INFO - Setting next_dagrun for example_task_group to 2025-01-11T00:15:58.755260+00:00, run_after=2025-01-12T00:15:58.755260+00:00
[2025-01-12T00:15:58.764+0000] {processor.py:175} INFO - Processing /home/airflow/.local/lib/python3.7/site-packages/airflow/example_dags/example_task_group.py took 0.039 seconds
[2025-01-12T00:16:29.238+0000] {processor.py:153} INFO - Started process (PID=11595) to work on /home/airflow/.local/lib/python3.7/site-packages/airflow/example_dags/example_task_group.py
[2025-01-12T00:16:29.238+0000] {processor.py:743} INFO - Processing file /home/airflow/.local/lib/python3.7/site-packages/airflow/example_dags/example_task_group.py for tasks to queue
[2025-01-12T00:16:29.239+0000] {logging_mixin.py:137} INFO - [2025-01-12T00:16:29.239+0000] {dagbag.py:538} INFO - Filling up the DagBag from /home/airflow/.local/lib/python3.7/site-packages/airflow/example_dags/example_task_group.py
[2025-01-12T00:16:29.245+0000] {processor.py:753} INFO - DAG(s) dict_keys(['example_task_group']) retrieved from /home/airflow/.local/lib/python3.7/site-packages/airflow/example_dags/example_task_group.py
[2025-01-12T00:16:29.256+0000] {logging_mixin.py:137} INFO - [2025-01-12T00:16:29.256+0000] {dag.py:2690} INFO - Sync 1 DAGs
[2025-01-12T00:16:29.268+0000] {logging_mixin.py:137} INFO - [2025-01-12T00:16:29.268+0000] {dag.py:3441} INFO - Setting next_dagrun for example_task_group to 2025-01-11T00:16:29.268132+00:00, run_after=2025-01-12T00:16:29.268132+00:00
[2025-01-12T00:16:29.276+0000] {processor.py:175} INFO - Processing /home/airflow/.local/lib/python3.7/site-packages/airflow/example_dags/example_task_group.py took 0.040 seconds
[2025-01-12T00:16:59.739+0000] {processor.py:153} INFO - Started process (PID=11687) to work on /home/airflow/.local/lib/python3.7/site-packages/airflow/example_dags/example_task_group.py
[2025-01-12T00:16:59.740+0000] {processor.py:743} INFO - Processing file /home/airflow/.local/lib/python3.7/site-packages/airflow/example_dags/example_task_group.py for tasks to queue
[2025-01-12T00:16:59.740+0000] {logging_mixin.py:137} INFO - [2025-01-12T00:16:59.740+0000] {dagbag.py:538} INFO - Filling up the DagBag from /home/airflow/.local/lib/python3.7/site-packages/airflow/example_dags/example_task_group.py
[2025-01-12T00:16:59.747+0000] {processor.py:753} INFO - DAG(s) dict_keys(['example_task_group']) retrieved from /home/airflow/.local/lib/python3.7/site-packages/airflow/example_dags/example_task_group.py
[2025-01-12T00:16:59.757+0000] {logging_mixin.py:137} INFO - [2025-01-12T00:16:59.757+0000] {dag.py:2690} INFO - Sync 1 DAGs
[2025-01-12T00:16:59.766+0000] {logging_mixin.py:137} INFO - [2025-01-12T00:16:59.766+0000] {dag.py:3441} INFO - Setting next_dagrun for example_task_group to 2025-01-11T00:16:59.766821+00:00, run_after=2025-01-12T00:16:59.766821+00:00
[2025-01-12T00:16:59.776+0000] {processor.py:175} INFO - Processing /home/airflow/.local/lib/python3.7/site-packages/airflow/example_dags/example_task_group.py took 0.038 seconds
