[2025-01-12T00:00:09.444+0000] {processor.py:153} INFO - Started process (PID=8788) to work on /home/airflow/.local/lib/python3.7/site-packages/airflow/example_dags/tutorial_dag.py
[2025-01-12T00:00:09.445+0000] {processor.py:743} INFO - Processing file /home/airflow/.local/lib/python3.7/site-packages/airflow/example_dags/tutorial_dag.py for tasks to queue
[2025-01-12T00:00:09.445+0000] {logging_mixin.py:137} INFO - [2025-01-12T00:00:09.445+0000] {dagbag.py:538} INFO - Filling up the DagBag from /home/airflow/.local/lib/python3.7/site-packages/airflow/example_dags/tutorial_dag.py
[2025-01-12T00:00:09.451+0000] {processor.py:753} INFO - DAG(s) dict_keys(['tutorial_dag']) retrieved from /home/airflow/.local/lib/python3.7/site-packages/airflow/example_dags/tutorial_dag.py
[2025-01-12T00:00:09.461+0000] {logging_mixin.py:137} INFO - [2025-01-12T00:00:09.461+0000] {dag.py:2690} INFO - Sync 1 DAGs
[2025-01-12T00:00:09.470+0000] {logging_mixin.py:137} INFO - [2025-01-12T00:00:09.470+0000] {dag.py:3441} INFO - Setting next_dagrun for tutorial_dag to None, run_after=None
[2025-01-12T00:00:09.477+0000] {processor.py:175} INFO - Processing /home/airflow/.local/lib/python3.7/site-packages/airflow/example_dags/tutorial_dag.py took 0.034 seconds
[2025-01-12T00:00:40.067+0000] {processor.py:153} INFO - Started process (PID=8879) to work on /home/airflow/.local/lib/python3.7/site-packages/airflow/example_dags/tutorial_dag.py
[2025-01-12T00:00:40.068+0000] {processor.py:743} INFO - Processing file /home/airflow/.local/lib/python3.7/site-packages/airflow/example_dags/tutorial_dag.py for tasks to queue
[2025-01-12T00:00:40.069+0000] {logging_mixin.py:137} INFO - [2025-01-12T00:00:40.069+0000] {dagbag.py:538} INFO - Filling up the DagBag from /home/airflow/.local/lib/python3.7/site-packages/airflow/example_dags/tutorial_dag.py
[2025-01-12T00:00:40.075+0000] {processor.py:753} INFO - DAG(s) dict_keys(['tutorial_dag']) retrieved from /home/airflow/.local/lib/python3.7/site-packages/airflow/example_dags/tutorial_dag.py
[2025-01-12T00:00:40.087+0000] {logging_mixin.py:137} INFO - [2025-01-12T00:00:40.087+0000] {dag.py:2690} INFO - Sync 1 DAGs
[2025-01-12T00:00:40.098+0000] {logging_mixin.py:137} INFO - [2025-01-12T00:00:40.098+0000] {dag.py:3441} INFO - Setting next_dagrun for tutorial_dag to None, run_after=None
[2025-01-12T00:00:40.106+0000] {processor.py:175} INFO - Processing /home/airflow/.local/lib/python3.7/site-packages/airflow/example_dags/tutorial_dag.py took 0.040 seconds
[2025-01-12T00:01:10.849+0000] {processor.py:153} INFO - Started process (PID=8955) to work on /home/airflow/.local/lib/python3.7/site-packages/airflow/example_dags/tutorial_dag.py
[2025-01-12T00:01:10.852+0000] {processor.py:743} INFO - Processing file /home/airflow/.local/lib/python3.7/site-packages/airflow/example_dags/tutorial_dag.py for tasks to queue
[2025-01-12T00:01:10.852+0000] {logging_mixin.py:137} INFO - [2025-01-12T00:01:10.852+0000] {dagbag.py:538} INFO - Filling up the DagBag from /home/airflow/.local/lib/python3.7/site-packages/airflow/example_dags/tutorial_dag.py
[2025-01-12T00:01:10.858+0000] {processor.py:753} INFO - DAG(s) dict_keys(['tutorial_dag']) retrieved from /home/airflow/.local/lib/python3.7/site-packages/airflow/example_dags/tutorial_dag.py
[2025-01-12T00:01:10.870+0000] {logging_mixin.py:137} INFO - [2025-01-12T00:01:10.870+0000] {dag.py:2690} INFO - Sync 1 DAGs
[2025-01-12T00:01:10.881+0000] {logging_mixin.py:137} INFO - [2025-01-12T00:01:10.881+0000] {dag.py:3441} INFO - Setting next_dagrun for tutorial_dag to None, run_after=None
[2025-01-12T00:01:10.887+0000] {processor.py:175} INFO - Processing /home/airflow/.local/lib/python3.7/site-packages/airflow/example_dags/tutorial_dag.py took 0.040 seconds
[2025-01-12T00:01:41.400+0000] {processor.py:153} INFO - Started process (PID=9047) to work on /home/airflow/.local/lib/python3.7/site-packages/airflow/example_dags/tutorial_dag.py
[2025-01-12T00:01:41.401+0000] {processor.py:743} INFO - Processing file /home/airflow/.local/lib/python3.7/site-packages/airflow/example_dags/tutorial_dag.py for tasks to queue
[2025-01-12T00:01:41.402+0000] {logging_mixin.py:137} INFO - [2025-01-12T00:01:41.402+0000] {dagbag.py:538} INFO - Filling up the DagBag from /home/airflow/.local/lib/python3.7/site-packages/airflow/example_dags/tutorial_dag.py
[2025-01-12T00:01:41.407+0000] {processor.py:753} INFO - DAG(s) dict_keys(['tutorial_dag']) retrieved from /home/airflow/.local/lib/python3.7/site-packages/airflow/example_dags/tutorial_dag.py
[2025-01-12T00:01:41.419+0000] {logging_mixin.py:137} INFO - [2025-01-12T00:01:41.419+0000] {dag.py:2690} INFO - Sync 1 DAGs
[2025-01-12T00:01:41.428+0000] {logging_mixin.py:137} INFO - [2025-01-12T00:01:41.428+0000] {dag.py:3441} INFO - Setting next_dagrun for tutorial_dag to None, run_after=None
[2025-01-12T00:01:41.434+0000] {processor.py:175} INFO - Processing /home/airflow/.local/lib/python3.7/site-packages/airflow/example_dags/tutorial_dag.py took 0.035 seconds
[2025-01-12T00:02:11.878+0000] {processor.py:153} INFO - Started process (PID=9139) to work on /home/airflow/.local/lib/python3.7/site-packages/airflow/example_dags/tutorial_dag.py
[2025-01-12T00:02:11.881+0000] {processor.py:743} INFO - Processing file /home/airflow/.local/lib/python3.7/site-packages/airflow/example_dags/tutorial_dag.py for tasks to queue
[2025-01-12T00:02:11.882+0000] {logging_mixin.py:137} INFO - [2025-01-12T00:02:11.881+0000] {dagbag.py:538} INFO - Filling up the DagBag from /home/airflow/.local/lib/python3.7/site-packages/airflow/example_dags/tutorial_dag.py
[2025-01-12T00:02:11.887+0000] {processor.py:753} INFO - DAG(s) dict_keys(['tutorial_dag']) retrieved from /home/airflow/.local/lib/python3.7/site-packages/airflow/example_dags/tutorial_dag.py
[2025-01-12T00:02:11.897+0000] {logging_mixin.py:137} INFO - [2025-01-12T00:02:11.897+0000] {dag.py:2690} INFO - Sync 1 DAGs
[2025-01-12T00:02:11.907+0000] {logging_mixin.py:137} INFO - [2025-01-12T00:02:11.907+0000] {dag.py:3441} INFO - Setting next_dagrun for tutorial_dag to None, run_after=None
[2025-01-12T00:02:11.915+0000] {processor.py:175} INFO - Processing /home/airflow/.local/lib/python3.7/site-packages/airflow/example_dags/tutorial_dag.py took 0.038 seconds
[2025-01-12T00:02:42.677+0000] {processor.py:153} INFO - Started process (PID=9230) to work on /home/airflow/.local/lib/python3.7/site-packages/airflow/example_dags/tutorial_dag.py
[2025-01-12T00:02:42.677+0000] {processor.py:743} INFO - Processing file /home/airflow/.local/lib/python3.7/site-packages/airflow/example_dags/tutorial_dag.py for tasks to queue
[2025-01-12T00:02:42.677+0000] {logging_mixin.py:137} INFO - [2025-01-12T00:02:42.677+0000] {dagbag.py:538} INFO - Filling up the DagBag from /home/airflow/.local/lib/python3.7/site-packages/airflow/example_dags/tutorial_dag.py
[2025-01-12T00:02:42.682+0000] {processor.py:753} INFO - DAG(s) dict_keys(['tutorial_dag']) retrieved from /home/airflow/.local/lib/python3.7/site-packages/airflow/example_dags/tutorial_dag.py
[2025-01-12T00:02:42.692+0000] {logging_mixin.py:137} INFO - [2025-01-12T00:02:42.692+0000] {dag.py:2690} INFO - Sync 1 DAGs
[2025-01-12T00:02:42.701+0000] {logging_mixin.py:137} INFO - [2025-01-12T00:02:42.701+0000] {dag.py:3441} INFO - Setting next_dagrun for tutorial_dag to None, run_after=None
[2025-01-12T00:02:42.707+0000] {processor.py:175} INFO - Processing /home/airflow/.local/lib/python3.7/site-packages/airflow/example_dags/tutorial_dag.py took 0.032 seconds
[2025-01-12T00:03:13.159+0000] {processor.py:153} INFO - Started process (PID=9305) to work on /home/airflow/.local/lib/python3.7/site-packages/airflow/example_dags/tutorial_dag.py
[2025-01-12T00:03:13.159+0000] {processor.py:743} INFO - Processing file /home/airflow/.local/lib/python3.7/site-packages/airflow/example_dags/tutorial_dag.py for tasks to queue
[2025-01-12T00:03:13.160+0000] {logging_mixin.py:137} INFO - [2025-01-12T00:03:13.160+0000] {dagbag.py:538} INFO - Filling up the DagBag from /home/airflow/.local/lib/python3.7/site-packages/airflow/example_dags/tutorial_dag.py
[2025-01-12T00:03:13.167+0000] {processor.py:753} INFO - DAG(s) dict_keys(['tutorial_dag']) retrieved from /home/airflow/.local/lib/python3.7/site-packages/airflow/example_dags/tutorial_dag.py
[2025-01-12T00:03:13.179+0000] {logging_mixin.py:137} INFO - [2025-01-12T00:03:13.179+0000] {dag.py:2690} INFO - Sync 1 DAGs
[2025-01-12T00:03:13.188+0000] {logging_mixin.py:137} INFO - [2025-01-12T00:03:13.188+0000] {dag.py:3441} INFO - Setting next_dagrun for tutorial_dag to None, run_after=None
[2025-01-12T00:03:13.194+0000] {processor.py:175} INFO - Processing /home/airflow/.local/lib/python3.7/site-packages/airflow/example_dags/tutorial_dag.py took 0.038 seconds
[2025-01-12T00:03:43.782+0000] {processor.py:153} INFO - Started process (PID=9396) to work on /home/airflow/.local/lib/python3.7/site-packages/airflow/example_dags/tutorial_dag.py
[2025-01-12T00:03:43.782+0000] {processor.py:743} INFO - Processing file /home/airflow/.local/lib/python3.7/site-packages/airflow/example_dags/tutorial_dag.py for tasks to queue
[2025-01-12T00:03:43.782+0000] {logging_mixin.py:137} INFO - [2025-01-12T00:03:43.782+0000] {dagbag.py:538} INFO - Filling up the DagBag from /home/airflow/.local/lib/python3.7/site-packages/airflow/example_dags/tutorial_dag.py
[2025-01-12T00:03:43.787+0000] {processor.py:753} INFO - DAG(s) dict_keys(['tutorial_dag']) retrieved from /home/airflow/.local/lib/python3.7/site-packages/airflow/example_dags/tutorial_dag.py
[2025-01-12T00:03:43.798+0000] {logging_mixin.py:137} INFO - [2025-01-12T00:03:43.798+0000] {dag.py:2690} INFO - Sync 1 DAGs
[2025-01-12T00:03:43.808+0000] {logging_mixin.py:137} INFO - [2025-01-12T00:03:43.808+0000] {dag.py:3441} INFO - Setting next_dagrun for tutorial_dag to None, run_after=None
[2025-01-12T00:03:43.815+0000] {processor.py:175} INFO - Processing /home/airflow/.local/lib/python3.7/site-packages/airflow/example_dags/tutorial_dag.py took 0.034 seconds
[2025-01-12T00:04:14.220+0000] {processor.py:153} INFO - Started process (PID=9488) to work on /home/airflow/.local/lib/python3.7/site-packages/airflow/example_dags/tutorial_dag.py
[2025-01-12T00:04:14.221+0000] {processor.py:743} INFO - Processing file /home/airflow/.local/lib/python3.7/site-packages/airflow/example_dags/tutorial_dag.py for tasks to queue
[2025-01-12T00:04:14.221+0000] {logging_mixin.py:137} INFO - [2025-01-12T00:04:14.221+0000] {dagbag.py:538} INFO - Filling up the DagBag from /home/airflow/.local/lib/python3.7/site-packages/airflow/example_dags/tutorial_dag.py
[2025-01-12T00:04:14.226+0000] {processor.py:753} INFO - DAG(s) dict_keys(['tutorial_dag']) retrieved from /home/airflow/.local/lib/python3.7/site-packages/airflow/example_dags/tutorial_dag.py
[2025-01-12T00:04:14.236+0000] {logging_mixin.py:137} INFO - [2025-01-12T00:04:14.236+0000] {dag.py:2690} INFO - Sync 1 DAGs
[2025-01-12T00:04:14.249+0000] {logging_mixin.py:137} INFO - [2025-01-12T00:04:14.249+0000] {dag.py:3441} INFO - Setting next_dagrun for tutorial_dag to None, run_after=None
[2025-01-12T00:04:14.255+0000] {processor.py:175} INFO - Processing /home/airflow/.local/lib/python3.7/site-packages/airflow/example_dags/tutorial_dag.py took 0.036 seconds
[2025-01-12T00:04:44.630+0000] {processor.py:153} INFO - Started process (PID=9580) to work on /home/airflow/.local/lib/python3.7/site-packages/airflow/example_dags/tutorial_dag.py
[2025-01-12T00:04:44.632+0000] {processor.py:743} INFO - Processing file /home/airflow/.local/lib/python3.7/site-packages/airflow/example_dags/tutorial_dag.py for tasks to queue
[2025-01-12T00:04:44.633+0000] {logging_mixin.py:137} INFO - [2025-01-12T00:04:44.633+0000] {dagbag.py:538} INFO - Filling up the DagBag from /home/airflow/.local/lib/python3.7/site-packages/airflow/example_dags/tutorial_dag.py
[2025-01-12T00:04:44.639+0000] {processor.py:753} INFO - DAG(s) dict_keys(['tutorial_dag']) retrieved from /home/airflow/.local/lib/python3.7/site-packages/airflow/example_dags/tutorial_dag.py
[2025-01-12T00:04:44.653+0000] {logging_mixin.py:137} INFO - [2025-01-12T00:04:44.653+0000] {dag.py:2690} INFO - Sync 1 DAGs
[2025-01-12T00:04:44.662+0000] {logging_mixin.py:137} INFO - [2025-01-12T00:04:44.662+0000] {dag.py:3441} INFO - Setting next_dagrun for tutorial_dag to None, run_after=None
[2025-01-12T00:04:44.669+0000] {processor.py:175} INFO - Processing /home/airflow/.local/lib/python3.7/site-packages/airflow/example_dags/tutorial_dag.py took 0.040 seconds
[2025-01-12T00:05:15.209+0000] {processor.py:153} INFO - Started process (PID=9656) to work on /home/airflow/.local/lib/python3.7/site-packages/airflow/example_dags/tutorial_dag.py
[2025-01-12T00:05:15.209+0000] {processor.py:743} INFO - Processing file /home/airflow/.local/lib/python3.7/site-packages/airflow/example_dags/tutorial_dag.py for tasks to queue
[2025-01-12T00:05:15.209+0000] {logging_mixin.py:137} INFO - [2025-01-12T00:05:15.209+0000] {dagbag.py:538} INFO - Filling up the DagBag from /home/airflow/.local/lib/python3.7/site-packages/airflow/example_dags/tutorial_dag.py
[2025-01-12T00:05:15.214+0000] {processor.py:753} INFO - DAG(s) dict_keys(['tutorial_dag']) retrieved from /home/airflow/.local/lib/python3.7/site-packages/airflow/example_dags/tutorial_dag.py
[2025-01-12T00:05:15.224+0000] {logging_mixin.py:137} INFO - [2025-01-12T00:05:15.224+0000] {dag.py:2690} INFO - Sync 1 DAGs
[2025-01-12T00:05:15.232+0000] {logging_mixin.py:137} INFO - [2025-01-12T00:05:15.232+0000] {dag.py:3441} INFO - Setting next_dagrun for tutorial_dag to None, run_after=None
[2025-01-12T00:05:15.238+0000] {processor.py:175} INFO - Processing /home/airflow/.local/lib/python3.7/site-packages/airflow/example_dags/tutorial_dag.py took 0.031 seconds
[2025-01-12T00:05:45.876+0000] {processor.py:153} INFO - Started process (PID=9748) to work on /home/airflow/.local/lib/python3.7/site-packages/airflow/example_dags/tutorial_dag.py
[2025-01-12T00:05:45.877+0000] {processor.py:743} INFO - Processing file /home/airflow/.local/lib/python3.7/site-packages/airflow/example_dags/tutorial_dag.py for tasks to queue
[2025-01-12T00:05:45.878+0000] {logging_mixin.py:137} INFO - [2025-01-12T00:05:45.878+0000] {dagbag.py:538} INFO - Filling up the DagBag from /home/airflow/.local/lib/python3.7/site-packages/airflow/example_dags/tutorial_dag.py
[2025-01-12T00:05:45.883+0000] {processor.py:753} INFO - DAG(s) dict_keys(['tutorial_dag']) retrieved from /home/airflow/.local/lib/python3.7/site-packages/airflow/example_dags/tutorial_dag.py
[2025-01-12T00:05:45.895+0000] {logging_mixin.py:137} INFO - [2025-01-12T00:05:45.895+0000] {dag.py:2690} INFO - Sync 1 DAGs
[2025-01-12T00:05:45.905+0000] {logging_mixin.py:137} INFO - [2025-01-12T00:05:45.905+0000] {dag.py:3441} INFO - Setting next_dagrun for tutorial_dag to None, run_after=None
[2025-01-12T00:05:45.916+0000] {processor.py:175} INFO - Processing /home/airflow/.local/lib/python3.7/site-packages/airflow/example_dags/tutorial_dag.py took 0.041 seconds
[2025-01-12T00:06:16.550+0000] {processor.py:153} INFO - Started process (PID=9840) to work on /home/airflow/.local/lib/python3.7/site-packages/airflow/example_dags/tutorial_dag.py
[2025-01-12T00:06:16.550+0000] {processor.py:743} INFO - Processing file /home/airflow/.local/lib/python3.7/site-packages/airflow/example_dags/tutorial_dag.py for tasks to queue
[2025-01-12T00:06:16.551+0000] {logging_mixin.py:137} INFO - [2025-01-12T00:06:16.551+0000] {dagbag.py:538} INFO - Filling up the DagBag from /home/airflow/.local/lib/python3.7/site-packages/airflow/example_dags/tutorial_dag.py
[2025-01-12T00:06:16.557+0000] {processor.py:753} INFO - DAG(s) dict_keys(['tutorial_dag']) retrieved from /home/airflow/.local/lib/python3.7/site-packages/airflow/example_dags/tutorial_dag.py
[2025-01-12T00:06:16.566+0000] {logging_mixin.py:137} INFO - [2025-01-12T00:06:16.566+0000] {dag.py:2690} INFO - Sync 1 DAGs
[2025-01-12T00:06:16.576+0000] {logging_mixin.py:137} INFO - [2025-01-12T00:06:16.576+0000] {dag.py:3441} INFO - Setting next_dagrun for tutorial_dag to None, run_after=None
[2025-01-12T00:06:16.582+0000] {processor.py:175} INFO - Processing /home/airflow/.local/lib/python3.7/site-packages/airflow/example_dags/tutorial_dag.py took 0.033 seconds
[2025-01-12T00:06:47.096+0000] {processor.py:153} INFO - Started process (PID=9932) to work on /home/airflow/.local/lib/python3.7/site-packages/airflow/example_dags/tutorial_dag.py
[2025-01-12T00:06:47.097+0000] {processor.py:743} INFO - Processing file /home/airflow/.local/lib/python3.7/site-packages/airflow/example_dags/tutorial_dag.py for tasks to queue
[2025-01-12T00:06:47.098+0000] {logging_mixin.py:137} INFO - [2025-01-12T00:06:47.098+0000] {dagbag.py:538} INFO - Filling up the DagBag from /home/airflow/.local/lib/python3.7/site-packages/airflow/example_dags/tutorial_dag.py
[2025-01-12T00:06:47.103+0000] {processor.py:753} INFO - DAG(s) dict_keys(['tutorial_dag']) retrieved from /home/airflow/.local/lib/python3.7/site-packages/airflow/example_dags/tutorial_dag.py
[2025-01-12T00:06:47.113+0000] {logging_mixin.py:137} INFO - [2025-01-12T00:06:47.113+0000] {dag.py:2690} INFO - Sync 1 DAGs
[2025-01-12T00:06:47.121+0000] {logging_mixin.py:137} INFO - [2025-01-12T00:06:47.121+0000] {dag.py:3441} INFO - Setting next_dagrun for tutorial_dag to None, run_after=None
[2025-01-12T00:06:47.127+0000] {processor.py:175} INFO - Processing /home/airflow/.local/lib/python3.7/site-packages/airflow/example_dags/tutorial_dag.py took 0.033 seconds
[2025-01-12T00:07:17.636+0000] {processor.py:153} INFO - Started process (PID=10017) to work on /home/airflow/.local/lib/python3.7/site-packages/airflow/example_dags/tutorial_dag.py
[2025-01-12T00:07:17.636+0000] {processor.py:743} INFO - Processing file /home/airflow/.local/lib/python3.7/site-packages/airflow/example_dags/tutorial_dag.py for tasks to queue
[2025-01-12T00:07:17.637+0000] {logging_mixin.py:137} INFO - [2025-01-12T00:07:17.637+0000] {dagbag.py:538} INFO - Filling up the DagBag from /home/airflow/.local/lib/python3.7/site-packages/airflow/example_dags/tutorial_dag.py
[2025-01-12T00:07:17.647+0000] {processor.py:753} INFO - DAG(s) dict_keys(['tutorial_dag']) retrieved from /home/airflow/.local/lib/python3.7/site-packages/airflow/example_dags/tutorial_dag.py
[2025-01-12T00:07:17.662+0000] {logging_mixin.py:137} INFO - [2025-01-12T00:07:17.662+0000] {dag.py:2690} INFO - Sync 1 DAGs
[2025-01-12T00:07:17.673+0000] {logging_mixin.py:137} INFO - [2025-01-12T00:07:17.673+0000] {dag.py:3441} INFO - Setting next_dagrun for tutorial_dag to None, run_after=None
[2025-01-12T00:07:17.681+0000] {processor.py:175} INFO - Processing /home/airflow/.local/lib/python3.7/site-packages/airflow/example_dags/tutorial_dag.py took 0.047 seconds
[2025-01-12T00:07:48.208+0000] {processor.py:153} INFO - Started process (PID=10099) to work on /home/airflow/.local/lib/python3.7/site-packages/airflow/example_dags/tutorial_dag.py
[2025-01-12T00:07:48.209+0000] {processor.py:743} INFO - Processing file /home/airflow/.local/lib/python3.7/site-packages/airflow/example_dags/tutorial_dag.py for tasks to queue
[2025-01-12T00:07:48.210+0000] {logging_mixin.py:137} INFO - [2025-01-12T00:07:48.210+0000] {dagbag.py:538} INFO - Filling up the DagBag from /home/airflow/.local/lib/python3.7/site-packages/airflow/example_dags/tutorial_dag.py
[2025-01-12T00:07:48.216+0000] {processor.py:753} INFO - DAG(s) dict_keys(['tutorial_dag']) retrieved from /home/airflow/.local/lib/python3.7/site-packages/airflow/example_dags/tutorial_dag.py
[2025-01-12T00:07:48.226+0000] {logging_mixin.py:137} INFO - [2025-01-12T00:07:48.226+0000] {dag.py:2690} INFO - Sync 1 DAGs
[2025-01-12T00:07:48.236+0000] {logging_mixin.py:137} INFO - [2025-01-12T00:07:48.236+0000] {dag.py:3441} INFO - Setting next_dagrun for tutorial_dag to None, run_after=None
[2025-01-12T00:07:48.246+0000] {processor.py:175} INFO - Processing /home/airflow/.local/lib/python3.7/site-packages/airflow/example_dags/tutorial_dag.py took 0.039 seconds
[2025-01-12T00:08:18.775+0000] {processor.py:153} INFO - Started process (PID=10191) to work on /home/airflow/.local/lib/python3.7/site-packages/airflow/example_dags/tutorial_dag.py
[2025-01-12T00:08:18.775+0000] {processor.py:743} INFO - Processing file /home/airflow/.local/lib/python3.7/site-packages/airflow/example_dags/tutorial_dag.py for tasks to queue
[2025-01-12T00:08:18.777+0000] {logging_mixin.py:137} INFO - [2025-01-12T00:08:18.777+0000] {dagbag.py:538} INFO - Filling up the DagBag from /home/airflow/.local/lib/python3.7/site-packages/airflow/example_dags/tutorial_dag.py
[2025-01-12T00:08:18.782+0000] {processor.py:753} INFO - DAG(s) dict_keys(['tutorial_dag']) retrieved from /home/airflow/.local/lib/python3.7/site-packages/airflow/example_dags/tutorial_dag.py
[2025-01-12T00:08:18.793+0000] {logging_mixin.py:137} INFO - [2025-01-12T00:08:18.793+0000] {dag.py:2690} INFO - Sync 1 DAGs
[2025-01-12T00:08:18.802+0000] {logging_mixin.py:137} INFO - [2025-01-12T00:08:18.802+0000] {dag.py:3441} INFO - Setting next_dagrun for tutorial_dag to None, run_after=None
[2025-01-12T00:08:18.808+0000] {processor.py:175} INFO - Processing /home/airflow/.local/lib/python3.7/site-packages/airflow/example_dags/tutorial_dag.py took 0.034 seconds
[2025-01-12T00:08:49.420+0000] {processor.py:153} INFO - Started process (PID=10283) to work on /home/airflow/.local/lib/python3.7/site-packages/airflow/example_dags/tutorial_dag.py
[2025-01-12T00:08:49.420+0000] {processor.py:743} INFO - Processing file /home/airflow/.local/lib/python3.7/site-packages/airflow/example_dags/tutorial_dag.py for tasks to queue
[2025-01-12T00:08:49.421+0000] {logging_mixin.py:137} INFO - [2025-01-12T00:08:49.421+0000] {dagbag.py:538} INFO - Filling up the DagBag from /home/airflow/.local/lib/python3.7/site-packages/airflow/example_dags/tutorial_dag.py
[2025-01-12T00:08:49.426+0000] {processor.py:753} INFO - DAG(s) dict_keys(['tutorial_dag']) retrieved from /home/airflow/.local/lib/python3.7/site-packages/airflow/example_dags/tutorial_dag.py
[2025-01-12T00:08:49.437+0000] {logging_mixin.py:137} INFO - [2025-01-12T00:08:49.437+0000] {dag.py:2690} INFO - Sync 1 DAGs
[2025-01-12T00:08:49.446+0000] {logging_mixin.py:137} INFO - [2025-01-12T00:08:49.446+0000] {dag.py:3441} INFO - Setting next_dagrun for tutorial_dag to None, run_after=None
[2025-01-12T00:08:49.452+0000] {processor.py:175} INFO - Processing /home/airflow/.local/lib/python3.7/site-packages/airflow/example_dags/tutorial_dag.py took 0.033 seconds
[2025-01-12T00:09:20.440+0000] {processor.py:153} INFO - Started process (PID=10374) to work on /home/airflow/.local/lib/python3.7/site-packages/airflow/example_dags/tutorial_dag.py
[2025-01-12T00:09:20.441+0000] {processor.py:743} INFO - Processing file /home/airflow/.local/lib/python3.7/site-packages/airflow/example_dags/tutorial_dag.py for tasks to queue
[2025-01-12T00:09:20.442+0000] {logging_mixin.py:137} INFO - [2025-01-12T00:09:20.442+0000] {dagbag.py:538} INFO - Filling up the DagBag from /home/airflow/.local/lib/python3.7/site-packages/airflow/example_dags/tutorial_dag.py
[2025-01-12T00:09:20.452+0000] {processor.py:753} INFO - DAG(s) dict_keys(['tutorial_dag']) retrieved from /home/airflow/.local/lib/python3.7/site-packages/airflow/example_dags/tutorial_dag.py
[2025-01-12T00:09:20.473+0000] {logging_mixin.py:137} INFO - [2025-01-12T00:09:20.473+0000] {dag.py:2690} INFO - Sync 1 DAGs
[2025-01-12T00:09:20.485+0000] {logging_mixin.py:137} INFO - [2025-01-12T00:09:20.485+0000] {dag.py:3441} INFO - Setting next_dagrun for tutorial_dag to None, run_after=None
[2025-01-12T00:09:20.495+0000] {processor.py:175} INFO - Processing /home/airflow/.local/lib/python3.7/site-packages/airflow/example_dags/tutorial_dag.py took 0.057 seconds
[2025-01-12T00:09:51.057+0000] {processor.py:153} INFO - Started process (PID=10450) to work on /home/airflow/.local/lib/python3.7/site-packages/airflow/example_dags/tutorial_dag.py
[2025-01-12T00:09:51.058+0000] {processor.py:743} INFO - Processing file /home/airflow/.local/lib/python3.7/site-packages/airflow/example_dags/tutorial_dag.py for tasks to queue
[2025-01-12T00:09:51.058+0000] {logging_mixin.py:137} INFO - [2025-01-12T00:09:51.058+0000] {dagbag.py:538} INFO - Filling up the DagBag from /home/airflow/.local/lib/python3.7/site-packages/airflow/example_dags/tutorial_dag.py
[2025-01-12T00:09:51.064+0000] {processor.py:753} INFO - DAG(s) dict_keys(['tutorial_dag']) retrieved from /home/airflow/.local/lib/python3.7/site-packages/airflow/example_dags/tutorial_dag.py
[2025-01-12T00:09:51.075+0000] {logging_mixin.py:137} INFO - [2025-01-12T00:09:51.075+0000] {dag.py:2690} INFO - Sync 1 DAGs
[2025-01-12T00:09:51.084+0000] {logging_mixin.py:137} INFO - [2025-01-12T00:09:51.084+0000] {dag.py:3441} INFO - Setting next_dagrun for tutorial_dag to None, run_after=None
[2025-01-12T00:09:51.090+0000] {processor.py:175} INFO - Processing /home/airflow/.local/lib/python3.7/site-packages/airflow/example_dags/tutorial_dag.py took 0.034 seconds
[2025-01-12T00:10:21.657+0000] {processor.py:153} INFO - Started process (PID=10542) to work on /home/airflow/.local/lib/python3.7/site-packages/airflow/example_dags/tutorial_dag.py
[2025-01-12T00:10:21.658+0000] {processor.py:743} INFO - Processing file /home/airflow/.local/lib/python3.7/site-packages/airflow/example_dags/tutorial_dag.py for tasks to queue
[2025-01-12T00:10:21.658+0000] {logging_mixin.py:137} INFO - [2025-01-12T00:10:21.658+0000] {dagbag.py:538} INFO - Filling up the DagBag from /home/airflow/.local/lib/python3.7/site-packages/airflow/example_dags/tutorial_dag.py
[2025-01-12T00:10:21.665+0000] {processor.py:753} INFO - DAG(s) dict_keys(['tutorial_dag']) retrieved from /home/airflow/.local/lib/python3.7/site-packages/airflow/example_dags/tutorial_dag.py
[2025-01-12T00:10:21.675+0000] {logging_mixin.py:137} INFO - [2025-01-12T00:10:21.674+0000] {dag.py:2690} INFO - Sync 1 DAGs
[2025-01-12T00:10:21.684+0000] {logging_mixin.py:137} INFO - [2025-01-12T00:10:21.684+0000] {dag.py:3441} INFO - Setting next_dagrun for tutorial_dag to None, run_after=None
[2025-01-12T00:10:21.690+0000] {processor.py:175} INFO - Processing /home/airflow/.local/lib/python3.7/site-packages/airflow/example_dags/tutorial_dag.py took 0.034 seconds
[2025-01-12T00:10:52.326+0000] {processor.py:153} INFO - Started process (PID=10634) to work on /home/airflow/.local/lib/python3.7/site-packages/airflow/example_dags/tutorial_dag.py
[2025-01-12T00:10:52.327+0000] {processor.py:743} INFO - Processing file /home/airflow/.local/lib/python3.7/site-packages/airflow/example_dags/tutorial_dag.py for tasks to queue
[2025-01-12T00:10:52.328+0000] {logging_mixin.py:137} INFO - [2025-01-12T00:10:52.328+0000] {dagbag.py:538} INFO - Filling up the DagBag from /home/airflow/.local/lib/python3.7/site-packages/airflow/example_dags/tutorial_dag.py
[2025-01-12T00:10:52.335+0000] {processor.py:753} INFO - DAG(s) dict_keys(['tutorial_dag']) retrieved from /home/airflow/.local/lib/python3.7/site-packages/airflow/example_dags/tutorial_dag.py
[2025-01-12T00:10:52.352+0000] {logging_mixin.py:137} INFO - [2025-01-12T00:10:52.352+0000] {dag.py:2690} INFO - Sync 1 DAGs
[2025-01-12T00:10:52.394+0000] {logging_mixin.py:137} INFO - [2025-01-12T00:10:52.393+0000] {dag.py:3441} INFO - Setting next_dagrun for tutorial_dag to None, run_after=None
[2025-01-12T00:10:52.407+0000] {processor.py:175} INFO - Processing /home/airflow/.local/lib/python3.7/site-packages/airflow/example_dags/tutorial_dag.py took 0.083 seconds
[2025-01-12T00:11:23.657+0000] {processor.py:153} INFO - Started process (PID=10726) to work on /home/airflow/.local/lib/python3.7/site-packages/airflow/example_dags/tutorial_dag.py
[2025-01-12T00:11:23.661+0000] {processor.py:743} INFO - Processing file /home/airflow/.local/lib/python3.7/site-packages/airflow/example_dags/tutorial_dag.py for tasks to queue
[2025-01-12T00:11:23.661+0000] {logging_mixin.py:137} INFO - [2025-01-12T00:11:23.661+0000] {dagbag.py:538} INFO - Filling up the DagBag from /home/airflow/.local/lib/python3.7/site-packages/airflow/example_dags/tutorial_dag.py
[2025-01-12T00:11:23.667+0000] {processor.py:753} INFO - DAG(s) dict_keys(['tutorial_dag']) retrieved from /home/airflow/.local/lib/python3.7/site-packages/airflow/example_dags/tutorial_dag.py
[2025-01-12T00:11:23.681+0000] {logging_mixin.py:137} INFO - [2025-01-12T00:11:23.681+0000] {dag.py:2690} INFO - Sync 1 DAGs
[2025-01-12T00:11:23.691+0000] {logging_mixin.py:137} INFO - [2025-01-12T00:11:23.691+0000] {dag.py:3441} INFO - Setting next_dagrun for tutorial_dag to None, run_after=None
[2025-01-12T00:11:23.704+0000] {processor.py:175} INFO - Processing /home/airflow/.local/lib/python3.7/site-packages/airflow/example_dags/tutorial_dag.py took 0.049 seconds
[2025-01-12T00:11:54.288+0000] {processor.py:153} INFO - Started process (PID=10802) to work on /home/airflow/.local/lib/python3.7/site-packages/airflow/example_dags/tutorial_dag.py
[2025-01-12T00:11:54.289+0000] {processor.py:743} INFO - Processing file /home/airflow/.local/lib/python3.7/site-packages/airflow/example_dags/tutorial_dag.py for tasks to queue
[2025-01-12T00:11:54.290+0000] {logging_mixin.py:137} INFO - [2025-01-12T00:11:54.290+0000] {dagbag.py:538} INFO - Filling up the DagBag from /home/airflow/.local/lib/python3.7/site-packages/airflow/example_dags/tutorial_dag.py
[2025-01-12T00:11:54.296+0000] {processor.py:753} INFO - DAG(s) dict_keys(['tutorial_dag']) retrieved from /home/airflow/.local/lib/python3.7/site-packages/airflow/example_dags/tutorial_dag.py
[2025-01-12T00:11:54.310+0000] {logging_mixin.py:137} INFO - [2025-01-12T00:11:54.310+0000] {dag.py:2690} INFO - Sync 1 DAGs
[2025-01-12T00:11:54.320+0000] {logging_mixin.py:137} INFO - [2025-01-12T00:11:54.320+0000] {dag.py:3441} INFO - Setting next_dagrun for tutorial_dag to None, run_after=None
[2025-01-12T00:11:54.330+0000] {processor.py:175} INFO - Processing /home/airflow/.local/lib/python3.7/site-packages/airflow/example_dags/tutorial_dag.py took 0.044 seconds
[2025-01-12T00:12:24.829+0000] {processor.py:153} INFO - Started process (PID=10894) to work on /home/airflow/.local/lib/python3.7/site-packages/airflow/example_dags/tutorial_dag.py
[2025-01-12T00:12:24.829+0000] {processor.py:743} INFO - Processing file /home/airflow/.local/lib/python3.7/site-packages/airflow/example_dags/tutorial_dag.py for tasks to queue
[2025-01-12T00:12:24.831+0000] {logging_mixin.py:137} INFO - [2025-01-12T00:12:24.830+0000] {dagbag.py:538} INFO - Filling up the DagBag from /home/airflow/.local/lib/python3.7/site-packages/airflow/example_dags/tutorial_dag.py
[2025-01-12T00:12:24.837+0000] {processor.py:753} INFO - DAG(s) dict_keys(['tutorial_dag']) retrieved from /home/airflow/.local/lib/python3.7/site-packages/airflow/example_dags/tutorial_dag.py
[2025-01-12T00:12:24.849+0000] {logging_mixin.py:137} INFO - [2025-01-12T00:12:24.849+0000] {dag.py:2690} INFO - Sync 1 DAGs
[2025-01-12T00:12:24.858+0000] {logging_mixin.py:137} INFO - [2025-01-12T00:12:24.858+0000] {dag.py:3441} INFO - Setting next_dagrun for tutorial_dag to None, run_after=None
[2025-01-12T00:12:24.873+0000] {processor.py:175} INFO - Processing /home/airflow/.local/lib/python3.7/site-packages/airflow/example_dags/tutorial_dag.py took 0.046 seconds
[2025-01-12T00:12:55.427+0000] {processor.py:153} INFO - Started process (PID=10986) to work on /home/airflow/.local/lib/python3.7/site-packages/airflow/example_dags/tutorial_dag.py
[2025-01-12T00:12:55.427+0000] {processor.py:743} INFO - Processing file /home/airflow/.local/lib/python3.7/site-packages/airflow/example_dags/tutorial_dag.py for tasks to queue
[2025-01-12T00:12:55.428+0000] {logging_mixin.py:137} INFO - [2025-01-12T00:12:55.428+0000] {dagbag.py:538} INFO - Filling up the DagBag from /home/airflow/.local/lib/python3.7/site-packages/airflow/example_dags/tutorial_dag.py
[2025-01-12T00:12:55.435+0000] {processor.py:753} INFO - DAG(s) dict_keys(['tutorial_dag']) retrieved from /home/airflow/.local/lib/python3.7/site-packages/airflow/example_dags/tutorial_dag.py
[2025-01-12T00:12:55.447+0000] {logging_mixin.py:137} INFO - [2025-01-12T00:12:55.446+0000] {dag.py:2690} INFO - Sync 1 DAGs
[2025-01-12T00:12:55.459+0000] {logging_mixin.py:137} INFO - [2025-01-12T00:12:55.458+0000] {dag.py:3441} INFO - Setting next_dagrun for tutorial_dag to None, run_after=None
[2025-01-12T00:12:55.467+0000] {processor.py:175} INFO - Processing /home/airflow/.local/lib/python3.7/site-packages/airflow/example_dags/tutorial_dag.py took 0.042 seconds
[2025-01-12T00:13:26.187+0000] {processor.py:153} INFO - Started process (PID=11077) to work on /home/airflow/.local/lib/python3.7/site-packages/airflow/example_dags/tutorial_dag.py
[2025-01-12T00:13:26.188+0000] {processor.py:743} INFO - Processing file /home/airflow/.local/lib/python3.7/site-packages/airflow/example_dags/tutorial_dag.py for tasks to queue
[2025-01-12T00:13:26.189+0000] {logging_mixin.py:137} INFO - [2025-01-12T00:13:26.189+0000] {dagbag.py:538} INFO - Filling up the DagBag from /home/airflow/.local/lib/python3.7/site-packages/airflow/example_dags/tutorial_dag.py
[2025-01-12T00:13:26.196+0000] {processor.py:753} INFO - DAG(s) dict_keys(['tutorial_dag']) retrieved from /home/airflow/.local/lib/python3.7/site-packages/airflow/example_dags/tutorial_dag.py
[2025-01-12T00:13:26.210+0000] {logging_mixin.py:137} INFO - [2025-01-12T00:13:26.210+0000] {dag.py:2690} INFO - Sync 1 DAGs
[2025-01-12T00:13:26.222+0000] {logging_mixin.py:137} INFO - [2025-01-12T00:13:26.222+0000] {dag.py:3441} INFO - Setting next_dagrun for tutorial_dag to None, run_after=None
[2025-01-12T00:13:26.229+0000] {processor.py:175} INFO - Processing /home/airflow/.local/lib/python3.7/site-packages/airflow/example_dags/tutorial_dag.py took 0.044 seconds
[2025-01-12T00:13:56.793+0000] {processor.py:153} INFO - Started process (PID=11153) to work on /home/airflow/.local/lib/python3.7/site-packages/airflow/example_dags/tutorial_dag.py
[2025-01-12T00:13:56.794+0000] {processor.py:743} INFO - Processing file /home/airflow/.local/lib/python3.7/site-packages/airflow/example_dags/tutorial_dag.py for tasks to queue
[2025-01-12T00:13:56.796+0000] {logging_mixin.py:137} INFO - [2025-01-12T00:13:56.795+0000] {dagbag.py:538} INFO - Filling up the DagBag from /home/airflow/.local/lib/python3.7/site-packages/airflow/example_dags/tutorial_dag.py
[2025-01-12T00:13:56.802+0000] {processor.py:753} INFO - DAG(s) dict_keys(['tutorial_dag']) retrieved from /home/airflow/.local/lib/python3.7/site-packages/airflow/example_dags/tutorial_dag.py
[2025-01-12T00:13:56.814+0000] {logging_mixin.py:137} INFO - [2025-01-12T00:13:56.814+0000] {dag.py:2690} INFO - Sync 1 DAGs
[2025-01-12T00:13:56.825+0000] {logging_mixin.py:137} INFO - [2025-01-12T00:13:56.825+0000] {dag.py:3441} INFO - Setting next_dagrun for tutorial_dag to None, run_after=None
[2025-01-12T00:13:56.838+0000] {processor.py:175} INFO - Processing /home/airflow/.local/lib/python3.7/site-packages/airflow/example_dags/tutorial_dag.py took 0.046 seconds
[2025-01-12T00:14:27.324+0000] {processor.py:153} INFO - Started process (PID=11245) to work on /home/airflow/.local/lib/python3.7/site-packages/airflow/example_dags/tutorial_dag.py
[2025-01-12T00:14:27.325+0000] {processor.py:743} INFO - Processing file /home/airflow/.local/lib/python3.7/site-packages/airflow/example_dags/tutorial_dag.py for tasks to queue
[2025-01-12T00:14:27.325+0000] {logging_mixin.py:137} INFO - [2025-01-12T00:14:27.325+0000] {dagbag.py:538} INFO - Filling up the DagBag from /home/airflow/.local/lib/python3.7/site-packages/airflow/example_dags/tutorial_dag.py
[2025-01-12T00:14:27.331+0000] {processor.py:753} INFO - DAG(s) dict_keys(['tutorial_dag']) retrieved from /home/airflow/.local/lib/python3.7/site-packages/airflow/example_dags/tutorial_dag.py
[2025-01-12T00:14:27.341+0000] {logging_mixin.py:137} INFO - [2025-01-12T00:14:27.341+0000] {dag.py:2690} INFO - Sync 1 DAGs
[2025-01-12T00:14:27.351+0000] {logging_mixin.py:137} INFO - [2025-01-12T00:14:27.351+0000] {dag.py:3441} INFO - Setting next_dagrun for tutorial_dag to None, run_after=None
[2025-01-12T00:14:27.360+0000] {processor.py:175} INFO - Processing /home/airflow/.local/lib/python3.7/site-packages/airflow/example_dags/tutorial_dag.py took 0.038 seconds
[2025-01-12T00:14:57.842+0000] {processor.py:153} INFO - Started process (PID=11337) to work on /home/airflow/.local/lib/python3.7/site-packages/airflow/example_dags/tutorial_dag.py
[2025-01-12T00:14:57.844+0000] {processor.py:743} INFO - Processing file /home/airflow/.local/lib/python3.7/site-packages/airflow/example_dags/tutorial_dag.py for tasks to queue
[2025-01-12T00:14:57.844+0000] {logging_mixin.py:137} INFO - [2025-01-12T00:14:57.844+0000] {dagbag.py:538} INFO - Filling up the DagBag from /home/airflow/.local/lib/python3.7/site-packages/airflow/example_dags/tutorial_dag.py
[2025-01-12T00:14:57.849+0000] {processor.py:753} INFO - DAG(s) dict_keys(['tutorial_dag']) retrieved from /home/airflow/.local/lib/python3.7/site-packages/airflow/example_dags/tutorial_dag.py
[2025-01-12T00:14:57.860+0000] {logging_mixin.py:137} INFO - [2025-01-12T00:14:57.860+0000] {dag.py:2690} INFO - Sync 1 DAGs
[2025-01-12T00:14:57.873+0000] {logging_mixin.py:137} INFO - [2025-01-12T00:14:57.872+0000] {dag.py:3441} INFO - Setting next_dagrun for tutorial_dag to None, run_after=None
[2025-01-12T00:14:57.880+0000] {processor.py:175} INFO - Processing /home/airflow/.local/lib/python3.7/site-packages/airflow/example_dags/tutorial_dag.py took 0.040 seconds
[2025-01-12T00:15:28.263+0000] {processor.py:153} INFO - Started process (PID=11429) to work on /home/airflow/.local/lib/python3.7/site-packages/airflow/example_dags/tutorial_dag.py
[2025-01-12T00:15:28.264+0000] {processor.py:743} INFO - Processing file /home/airflow/.local/lib/python3.7/site-packages/airflow/example_dags/tutorial_dag.py for tasks to queue
[2025-01-12T00:15:28.264+0000] {logging_mixin.py:137} INFO - [2025-01-12T00:15:28.264+0000] {dagbag.py:538} INFO - Filling up the DagBag from /home/airflow/.local/lib/python3.7/site-packages/airflow/example_dags/tutorial_dag.py
[2025-01-12T00:15:28.270+0000] {processor.py:753} INFO - DAG(s) dict_keys(['tutorial_dag']) retrieved from /home/airflow/.local/lib/python3.7/site-packages/airflow/example_dags/tutorial_dag.py
[2025-01-12T00:15:28.281+0000] {logging_mixin.py:137} INFO - [2025-01-12T00:15:28.281+0000] {dag.py:2690} INFO - Sync 1 DAGs
[2025-01-12T00:15:28.293+0000] {logging_mixin.py:137} INFO - [2025-01-12T00:15:28.293+0000] {dag.py:3441} INFO - Setting next_dagrun for tutorial_dag to None, run_after=None
[2025-01-12T00:15:28.300+0000] {processor.py:175} INFO - Processing /home/airflow/.local/lib/python3.7/site-packages/airflow/example_dags/tutorial_dag.py took 0.038 seconds
[2025-01-12T00:15:58.774+0000] {processor.py:153} INFO - Started process (PID=11505) to work on /home/airflow/.local/lib/python3.7/site-packages/airflow/example_dags/tutorial_dag.py
[2025-01-12T00:15:58.775+0000] {processor.py:743} INFO - Processing file /home/airflow/.local/lib/python3.7/site-packages/airflow/example_dags/tutorial_dag.py for tasks to queue
[2025-01-12T00:15:58.776+0000] {logging_mixin.py:137} INFO - [2025-01-12T00:15:58.776+0000] {dagbag.py:538} INFO - Filling up the DagBag from /home/airflow/.local/lib/python3.7/site-packages/airflow/example_dags/tutorial_dag.py
[2025-01-12T00:15:58.783+0000] {processor.py:753} INFO - DAG(s) dict_keys(['tutorial_dag']) retrieved from /home/airflow/.local/lib/python3.7/site-packages/airflow/example_dags/tutorial_dag.py
[2025-01-12T00:15:58.793+0000] {logging_mixin.py:137} INFO - [2025-01-12T00:15:58.793+0000] {dag.py:2690} INFO - Sync 1 DAGs
[2025-01-12T00:15:58.805+0000] {logging_mixin.py:137} INFO - [2025-01-12T00:15:58.805+0000] {dag.py:3441} INFO - Setting next_dagrun for tutorial_dag to None, run_after=None
[2025-01-12T00:15:58.814+0000] {processor.py:175} INFO - Processing /home/airflow/.local/lib/python3.7/site-packages/airflow/example_dags/tutorial_dag.py took 0.041 seconds
[2025-01-12T00:16:29.288+0000] {processor.py:153} INFO - Started process (PID=11597) to work on /home/airflow/.local/lib/python3.7/site-packages/airflow/example_dags/tutorial_dag.py
[2025-01-12T00:16:29.290+0000] {processor.py:743} INFO - Processing file /home/airflow/.local/lib/python3.7/site-packages/airflow/example_dags/tutorial_dag.py for tasks to queue
[2025-01-12T00:16:29.290+0000] {logging_mixin.py:137} INFO - [2025-01-12T00:16:29.290+0000] {dagbag.py:538} INFO - Filling up the DagBag from /home/airflow/.local/lib/python3.7/site-packages/airflow/example_dags/tutorial_dag.py
[2025-01-12T00:16:29.296+0000] {processor.py:753} INFO - DAG(s) dict_keys(['tutorial_dag']) retrieved from /home/airflow/.local/lib/python3.7/site-packages/airflow/example_dags/tutorial_dag.py
[2025-01-12T00:16:29.307+0000] {logging_mixin.py:137} INFO - [2025-01-12T00:16:29.307+0000] {dag.py:2690} INFO - Sync 1 DAGs
[2025-01-12T00:16:29.321+0000] {logging_mixin.py:137} INFO - [2025-01-12T00:16:29.321+0000] {dag.py:3441} INFO - Setting next_dagrun for tutorial_dag to None, run_after=None
[2025-01-12T00:16:29.328+0000] {processor.py:175} INFO - Processing /home/airflow/.local/lib/python3.7/site-packages/airflow/example_dags/tutorial_dag.py took 0.042 seconds
[2025-01-12T00:16:59.787+0000] {processor.py:153} INFO - Started process (PID=11689) to work on /home/airflow/.local/lib/python3.7/site-packages/airflow/example_dags/tutorial_dag.py
[2025-01-12T00:16:59.788+0000] {processor.py:743} INFO - Processing file /home/airflow/.local/lib/python3.7/site-packages/airflow/example_dags/tutorial_dag.py for tasks to queue
[2025-01-12T00:16:59.789+0000] {logging_mixin.py:137} INFO - [2025-01-12T00:16:59.789+0000] {dagbag.py:538} INFO - Filling up the DagBag from /home/airflow/.local/lib/python3.7/site-packages/airflow/example_dags/tutorial_dag.py
[2025-01-12T00:16:59.795+0000] {processor.py:753} INFO - DAG(s) dict_keys(['tutorial_dag']) retrieved from /home/airflow/.local/lib/python3.7/site-packages/airflow/example_dags/tutorial_dag.py
[2025-01-12T00:16:59.807+0000] {logging_mixin.py:137} INFO - [2025-01-12T00:16:59.807+0000] {dag.py:2690} INFO - Sync 1 DAGs
[2025-01-12T00:16:59.820+0000] {logging_mixin.py:137} INFO - [2025-01-12T00:16:59.820+0000] {dag.py:3441} INFO - Setting next_dagrun for tutorial_dag to None, run_after=None
[2025-01-12T00:16:59.830+0000] {processor.py:175} INFO - Processing /home/airflow/.local/lib/python3.7/site-packages/airflow/example_dags/tutorial_dag.py took 0.044 seconds
