[2025-01-12T00:00:10.820+0000] {processor.py:153} INFO - Started process (PID=8801) to work on /home/airflow/.local/lib/python3.7/site-packages/airflow/example_dags/tutorial.py
[2025-01-12T00:00:10.822+0000] {processor.py:743} INFO - Processing file /home/airflow/.local/lib/python3.7/site-packages/airflow/example_dags/tutorial.py for tasks to queue
[2025-01-12T00:00:10.822+0000] {logging_mixin.py:137} INFO - [2025-01-12T00:00:10.822+0000] {dagbag.py:538} INFO - Filling up the DagBag from /home/airflow/.local/lib/python3.7/site-packages/airflow/example_dags/tutorial.py
[2025-01-12T00:00:10.829+0000] {processor.py:753} INFO - DAG(s) dict_keys(['tutorial']) retrieved from /home/airflow/.local/lib/python3.7/site-packages/airflow/example_dags/tutorial.py
[2025-01-12T00:00:10.839+0000] {logging_mixin.py:137} INFO - [2025-01-12T00:00:10.839+0000] {dag.py:2690} INFO - Sync 1 DAGs
[2025-01-12T00:00:10.849+0000] {logging_mixin.py:137} INFO - [2025-01-12T00:00:10.849+0000] {dag.py:3441} INFO - Setting next_dagrun for tutorial to 2025-01-11T00:00:10.849358+00:00, run_after=2025-01-12T00:00:10.849358+00:00
[2025-01-12T00:00:10.857+0000] {processor.py:175} INFO - Processing /home/airflow/.local/lib/python3.7/site-packages/airflow/example_dags/tutorial.py took 0.038 seconds
[2025-01-12T00:00:41.472+0000] {processor.py:153} INFO - Started process (PID=8892) to work on /home/airflow/.local/lib/python3.7/site-packages/airflow/example_dags/tutorial.py
[2025-01-12T00:00:41.473+0000] {processor.py:743} INFO - Processing file /home/airflow/.local/lib/python3.7/site-packages/airflow/example_dags/tutorial.py for tasks to queue
[2025-01-12T00:00:41.473+0000] {logging_mixin.py:137} INFO - [2025-01-12T00:00:41.473+0000] {dagbag.py:538} INFO - Filling up the DagBag from /home/airflow/.local/lib/python3.7/site-packages/airflow/example_dags/tutorial.py
[2025-01-12T00:00:41.480+0000] {processor.py:753} INFO - DAG(s) dict_keys(['tutorial']) retrieved from /home/airflow/.local/lib/python3.7/site-packages/airflow/example_dags/tutorial.py
[2025-01-12T00:00:41.493+0000] {logging_mixin.py:137} INFO - [2025-01-12T00:00:41.493+0000] {dag.py:2690} INFO - Sync 1 DAGs
[2025-01-12T00:00:41.505+0000] {logging_mixin.py:137} INFO - [2025-01-12T00:00:41.505+0000] {dag.py:3441} INFO - Setting next_dagrun for tutorial to 2025-01-11T00:00:41.505240+00:00, run_after=2025-01-12T00:00:41.505240+00:00
[2025-01-12T00:00:41.512+0000] {processor.py:175} INFO - Processing /home/airflow/.local/lib/python3.7/site-packages/airflow/example_dags/tutorial.py took 0.042 seconds
[2025-01-12T00:01:12.201+0000] {processor.py:153} INFO - Started process (PID=8968) to work on /home/airflow/.local/lib/python3.7/site-packages/airflow/example_dags/tutorial.py
[2025-01-12T00:01:12.202+0000] {processor.py:743} INFO - Processing file /home/airflow/.local/lib/python3.7/site-packages/airflow/example_dags/tutorial.py for tasks to queue
[2025-01-12T00:01:12.203+0000] {logging_mixin.py:137} INFO - [2025-01-12T00:01:12.203+0000] {dagbag.py:538} INFO - Filling up the DagBag from /home/airflow/.local/lib/python3.7/site-packages/airflow/example_dags/tutorial.py
[2025-01-12T00:01:12.209+0000] {processor.py:753} INFO - DAG(s) dict_keys(['tutorial']) retrieved from /home/airflow/.local/lib/python3.7/site-packages/airflow/example_dags/tutorial.py
[2025-01-12T00:01:12.222+0000] {logging_mixin.py:137} INFO - [2025-01-12T00:01:12.222+0000] {dag.py:2690} INFO - Sync 1 DAGs
[2025-01-12T00:01:12.232+0000] {logging_mixin.py:137} INFO - [2025-01-12T00:01:12.232+0000] {dag.py:3441} INFO - Setting next_dagrun for tutorial to 2025-01-11T00:01:12.232506+00:00, run_after=2025-01-12T00:01:12.232506+00:00
[2025-01-12T00:01:12.239+0000] {processor.py:175} INFO - Processing /home/airflow/.local/lib/python3.7/site-packages/airflow/example_dags/tutorial.py took 0.039 seconds
[2025-01-12T00:01:42.766+0000] {processor.py:153} INFO - Started process (PID=9060) to work on /home/airflow/.local/lib/python3.7/site-packages/airflow/example_dags/tutorial.py
[2025-01-12T00:01:42.768+0000] {processor.py:743} INFO - Processing file /home/airflow/.local/lib/python3.7/site-packages/airflow/example_dags/tutorial.py for tasks to queue
[2025-01-12T00:01:42.769+0000] {logging_mixin.py:137} INFO - [2025-01-12T00:01:42.769+0000] {dagbag.py:538} INFO - Filling up the DagBag from /home/airflow/.local/lib/python3.7/site-packages/airflow/example_dags/tutorial.py
[2025-01-12T00:01:42.775+0000] {processor.py:753} INFO - DAG(s) dict_keys(['tutorial']) retrieved from /home/airflow/.local/lib/python3.7/site-packages/airflow/example_dags/tutorial.py
[2025-01-12T00:01:42.784+0000] {logging_mixin.py:137} INFO - [2025-01-12T00:01:42.784+0000] {dag.py:2690} INFO - Sync 1 DAGs
[2025-01-12T00:01:42.794+0000] {logging_mixin.py:137} INFO - [2025-01-12T00:01:42.793+0000] {dag.py:3441} INFO - Setting next_dagrun for tutorial to 2025-01-11T00:01:42.793862+00:00, run_after=2025-01-12T00:01:42.793862+00:00
[2025-01-12T00:01:42.800+0000] {processor.py:175} INFO - Processing /home/airflow/.local/lib/python3.7/site-packages/airflow/example_dags/tutorial.py took 0.035 seconds
[2025-01-12T00:02:13.269+0000] {processor.py:153} INFO - Started process (PID=9152) to work on /home/airflow/.local/lib/python3.7/site-packages/airflow/example_dags/tutorial.py
[2025-01-12T00:02:13.270+0000] {processor.py:743} INFO - Processing file /home/airflow/.local/lib/python3.7/site-packages/airflow/example_dags/tutorial.py for tasks to queue
[2025-01-12T00:02:13.270+0000] {logging_mixin.py:137} INFO - [2025-01-12T00:02:13.270+0000] {dagbag.py:538} INFO - Filling up the DagBag from /home/airflow/.local/lib/python3.7/site-packages/airflow/example_dags/tutorial.py
[2025-01-12T00:02:13.276+0000] {processor.py:753} INFO - DAG(s) dict_keys(['tutorial']) retrieved from /home/airflow/.local/lib/python3.7/site-packages/airflow/example_dags/tutorial.py
[2025-01-12T00:02:13.286+0000] {logging_mixin.py:137} INFO - [2025-01-12T00:02:13.286+0000] {dag.py:2690} INFO - Sync 1 DAGs
[2025-01-12T00:02:13.296+0000] {logging_mixin.py:137} INFO - [2025-01-12T00:02:13.296+0000] {dag.py:3441} INFO - Setting next_dagrun for tutorial to 2025-01-11T00:02:13.296511+00:00, run_after=2025-01-12T00:02:13.296511+00:00
[2025-01-12T00:02:13.303+0000] {processor.py:175} INFO - Processing /home/airflow/.local/lib/python3.7/site-packages/airflow/example_dags/tutorial.py took 0.035 seconds
[2025-01-12T00:02:44.030+0000] {processor.py:153} INFO - Started process (PID=9243) to work on /home/airflow/.local/lib/python3.7/site-packages/airflow/example_dags/tutorial.py
[2025-01-12T00:02:44.030+0000] {processor.py:743} INFO - Processing file /home/airflow/.local/lib/python3.7/site-packages/airflow/example_dags/tutorial.py for tasks to queue
[2025-01-12T00:02:44.031+0000] {logging_mixin.py:137} INFO - [2025-01-12T00:02:44.031+0000] {dagbag.py:538} INFO - Filling up the DagBag from /home/airflow/.local/lib/python3.7/site-packages/airflow/example_dags/tutorial.py
[2025-01-12T00:02:44.036+0000] {processor.py:753} INFO - DAG(s) dict_keys(['tutorial']) retrieved from /home/airflow/.local/lib/python3.7/site-packages/airflow/example_dags/tutorial.py
[2025-01-12T00:02:44.045+0000] {logging_mixin.py:137} INFO - [2025-01-12T00:02:44.045+0000] {dag.py:2690} INFO - Sync 1 DAGs
[2025-01-12T00:02:44.054+0000] {logging_mixin.py:137} INFO - [2025-01-12T00:02:44.054+0000] {dag.py:3441} INFO - Setting next_dagrun for tutorial to 2025-01-11T00:02:44.054455+00:00, run_after=2025-01-12T00:02:44.054455+00:00
[2025-01-12T00:02:44.060+0000] {processor.py:175} INFO - Processing /home/airflow/.local/lib/python3.7/site-packages/airflow/example_dags/tutorial.py took 0.031 seconds
[2025-01-12T00:03:14.537+0000] {processor.py:153} INFO - Started process (PID=9318) to work on /home/airflow/.local/lib/python3.7/site-packages/airflow/example_dags/tutorial.py
[2025-01-12T00:03:14.538+0000] {processor.py:743} INFO - Processing file /home/airflow/.local/lib/python3.7/site-packages/airflow/example_dags/tutorial.py for tasks to queue
[2025-01-12T00:03:14.539+0000] {logging_mixin.py:137} INFO - [2025-01-12T00:03:14.539+0000] {dagbag.py:538} INFO - Filling up the DagBag from /home/airflow/.local/lib/python3.7/site-packages/airflow/example_dags/tutorial.py
[2025-01-12T00:03:14.546+0000] {processor.py:753} INFO - DAG(s) dict_keys(['tutorial']) retrieved from /home/airflow/.local/lib/python3.7/site-packages/airflow/example_dags/tutorial.py
[2025-01-12T00:03:14.557+0000] {logging_mixin.py:137} INFO - [2025-01-12T00:03:14.557+0000] {dag.py:2690} INFO - Sync 1 DAGs
[2025-01-12T00:03:14.567+0000] {logging_mixin.py:137} INFO - [2025-01-12T00:03:14.567+0000] {dag.py:3441} INFO - Setting next_dagrun for tutorial to 2025-01-11T00:03:14.567122+00:00, run_after=2025-01-12T00:03:14.567122+00:00
[2025-01-12T00:03:14.574+0000] {processor.py:175} INFO - Processing /home/airflow/.local/lib/python3.7/site-packages/airflow/example_dags/tutorial.py took 0.038 seconds
[2025-01-12T00:03:45.144+0000] {processor.py:153} INFO - Started process (PID=9409) to work on /home/airflow/.local/lib/python3.7/site-packages/airflow/example_dags/tutorial.py
[2025-01-12T00:03:45.145+0000] {processor.py:743} INFO - Processing file /home/airflow/.local/lib/python3.7/site-packages/airflow/example_dags/tutorial.py for tasks to queue
[2025-01-12T00:03:45.145+0000] {logging_mixin.py:137} INFO - [2025-01-12T00:03:45.145+0000] {dagbag.py:538} INFO - Filling up the DagBag from /home/airflow/.local/lib/python3.7/site-packages/airflow/example_dags/tutorial.py
[2025-01-12T00:03:45.150+0000] {processor.py:753} INFO - DAG(s) dict_keys(['tutorial']) retrieved from /home/airflow/.local/lib/python3.7/site-packages/airflow/example_dags/tutorial.py
[2025-01-12T00:03:45.160+0000] {logging_mixin.py:137} INFO - [2025-01-12T00:03:45.160+0000] {dag.py:2690} INFO - Sync 1 DAGs
[2025-01-12T00:03:45.168+0000] {logging_mixin.py:137} INFO - [2025-01-12T00:03:45.168+0000] {dag.py:3441} INFO - Setting next_dagrun for tutorial to 2025-01-11T00:03:45.168689+00:00, run_after=2025-01-12T00:03:45.168689+00:00
[2025-01-12T00:03:45.175+0000] {processor.py:175} INFO - Processing /home/airflow/.local/lib/python3.7/site-packages/airflow/example_dags/tutorial.py took 0.032 seconds
[2025-01-12T00:04:15.581+0000] {processor.py:153} INFO - Started process (PID=9501) to work on /home/airflow/.local/lib/python3.7/site-packages/airflow/example_dags/tutorial.py
[2025-01-12T00:04:15.582+0000] {processor.py:743} INFO - Processing file /home/airflow/.local/lib/python3.7/site-packages/airflow/example_dags/tutorial.py for tasks to queue
[2025-01-12T00:04:15.582+0000] {logging_mixin.py:137} INFO - [2025-01-12T00:04:15.582+0000] {dagbag.py:538} INFO - Filling up the DagBag from /home/airflow/.local/lib/python3.7/site-packages/airflow/example_dags/tutorial.py
[2025-01-12T00:04:15.589+0000] {processor.py:753} INFO - DAG(s) dict_keys(['tutorial']) retrieved from /home/airflow/.local/lib/python3.7/site-packages/airflow/example_dags/tutorial.py
[2025-01-12T00:04:15.598+0000] {logging_mixin.py:137} INFO - [2025-01-12T00:04:15.598+0000] {dag.py:2690} INFO - Sync 1 DAGs
[2025-01-12T00:04:15.608+0000] {logging_mixin.py:137} INFO - [2025-01-12T00:04:15.608+0000] {dag.py:3441} INFO - Setting next_dagrun for tutorial to 2025-01-11T00:04:15.608606+00:00, run_after=2025-01-12T00:04:15.608606+00:00
[2025-01-12T00:04:15.615+0000] {processor.py:175} INFO - Processing /home/airflow/.local/lib/python3.7/site-packages/airflow/example_dags/tutorial.py took 0.035 seconds
[2025-01-12T00:04:46.024+0000] {processor.py:153} INFO - Started process (PID=9593) to work on /home/airflow/.local/lib/python3.7/site-packages/airflow/example_dags/tutorial.py
[2025-01-12T00:04:46.025+0000] {processor.py:743} INFO - Processing file /home/airflow/.local/lib/python3.7/site-packages/airflow/example_dags/tutorial.py for tasks to queue
[2025-01-12T00:04:46.026+0000] {logging_mixin.py:137} INFO - [2025-01-12T00:04:46.026+0000] {dagbag.py:538} INFO - Filling up the DagBag from /home/airflow/.local/lib/python3.7/site-packages/airflow/example_dags/tutorial.py
[2025-01-12T00:04:46.032+0000] {processor.py:753} INFO - DAG(s) dict_keys(['tutorial']) retrieved from /home/airflow/.local/lib/python3.7/site-packages/airflow/example_dags/tutorial.py
[2025-01-12T00:04:46.042+0000] {logging_mixin.py:137} INFO - [2025-01-12T00:04:46.041+0000] {dag.py:2690} INFO - Sync 1 DAGs
[2025-01-12T00:04:46.051+0000] {logging_mixin.py:137} INFO - [2025-01-12T00:04:46.051+0000] {dag.py:3441} INFO - Setting next_dagrun for tutorial to 2025-01-11T00:04:46.051385+00:00, run_after=2025-01-12T00:04:46.051385+00:00
[2025-01-12T00:04:46.058+0000] {processor.py:175} INFO - Processing /home/airflow/.local/lib/python3.7/site-packages/airflow/example_dags/tutorial.py took 0.036 seconds
[2025-01-12T00:05:16.658+0000] {processor.py:153} INFO - Started process (PID=9685) to work on /home/airflow/.local/lib/python3.7/site-packages/airflow/example_dags/tutorial.py
[2025-01-12T00:05:16.662+0000] {processor.py:743} INFO - Processing file /home/airflow/.local/lib/python3.7/site-packages/airflow/example_dags/tutorial.py for tasks to queue
[2025-01-12T00:05:16.663+0000] {logging_mixin.py:137} INFO - [2025-01-12T00:05:16.663+0000] {dagbag.py:538} INFO - Filling up the DagBag from /home/airflow/.local/lib/python3.7/site-packages/airflow/example_dags/tutorial.py
[2025-01-12T00:05:16.669+0000] {processor.py:753} INFO - DAG(s) dict_keys(['tutorial']) retrieved from /home/airflow/.local/lib/python3.7/site-packages/airflow/example_dags/tutorial.py
[2025-01-12T00:05:16.683+0000] {logging_mixin.py:137} INFO - [2025-01-12T00:05:16.683+0000] {dag.py:2690} INFO - Sync 1 DAGs
[2025-01-12T00:05:16.695+0000] {logging_mixin.py:137} INFO - [2025-01-12T00:05:16.695+0000] {dag.py:3441} INFO - Setting next_dagrun for tutorial to 2025-01-11T00:05:16.695125+00:00, run_after=2025-01-12T00:05:16.695125+00:00
[2025-01-12T00:05:16.705+0000] {processor.py:175} INFO - Processing /home/airflow/.local/lib/python3.7/site-packages/airflow/example_dags/tutorial.py took 0.049 seconds
[2025-01-12T00:05:47.286+0000] {processor.py:153} INFO - Started process (PID=9761) to work on /home/airflow/.local/lib/python3.7/site-packages/airflow/example_dags/tutorial.py
[2025-01-12T00:05:47.287+0000] {processor.py:743} INFO - Processing file /home/airflow/.local/lib/python3.7/site-packages/airflow/example_dags/tutorial.py for tasks to queue
[2025-01-12T00:05:47.287+0000] {logging_mixin.py:137} INFO - [2025-01-12T00:05:47.287+0000] {dagbag.py:538} INFO - Filling up the DagBag from /home/airflow/.local/lib/python3.7/site-packages/airflow/example_dags/tutorial.py
[2025-01-12T00:05:47.293+0000] {processor.py:753} INFO - DAG(s) dict_keys(['tutorial']) retrieved from /home/airflow/.local/lib/python3.7/site-packages/airflow/example_dags/tutorial.py
[2025-01-12T00:05:47.304+0000] {logging_mixin.py:137} INFO - [2025-01-12T00:05:47.303+0000] {dag.py:2690} INFO - Sync 1 DAGs
[2025-01-12T00:05:47.314+0000] {logging_mixin.py:137} INFO - [2025-01-12T00:05:47.314+0000] {dag.py:3441} INFO - Setting next_dagrun for tutorial to 2025-01-11T00:05:47.314105+00:00, run_after=2025-01-12T00:05:47.314105+00:00
[2025-01-12T00:05:47.323+0000] {processor.py:175} INFO - Processing /home/airflow/.local/lib/python3.7/site-packages/airflow/example_dags/tutorial.py took 0.038 seconds
[2025-01-12T00:06:17.931+0000] {processor.py:153} INFO - Started process (PID=9853) to work on /home/airflow/.local/lib/python3.7/site-packages/airflow/example_dags/tutorial.py
[2025-01-12T00:06:17.931+0000] {processor.py:743} INFO - Processing file /home/airflow/.local/lib/python3.7/site-packages/airflow/example_dags/tutorial.py for tasks to queue
[2025-01-12T00:06:17.932+0000] {logging_mixin.py:137} INFO - [2025-01-12T00:06:17.932+0000] {dagbag.py:538} INFO - Filling up the DagBag from /home/airflow/.local/lib/python3.7/site-packages/airflow/example_dags/tutorial.py
[2025-01-12T00:06:17.938+0000] {processor.py:753} INFO - DAG(s) dict_keys(['tutorial']) retrieved from /home/airflow/.local/lib/python3.7/site-packages/airflow/example_dags/tutorial.py
[2025-01-12T00:06:17.948+0000] {logging_mixin.py:137} INFO - [2025-01-12T00:06:17.948+0000] {dag.py:2690} INFO - Sync 1 DAGs
[2025-01-12T00:06:17.958+0000] {logging_mixin.py:137} INFO - [2025-01-12T00:06:17.958+0000] {dag.py:3441} INFO - Setting next_dagrun for tutorial to 2025-01-11T00:06:17.957963+00:00, run_after=2025-01-12T00:06:17.957963+00:00
[2025-01-12T00:06:17.968+0000] {processor.py:175} INFO - Processing /home/airflow/.local/lib/python3.7/site-packages/airflow/example_dags/tutorial.py took 0.039 seconds
[2025-01-12T00:06:48.469+0000] {processor.py:153} INFO - Started process (PID=9945) to work on /home/airflow/.local/lib/python3.7/site-packages/airflow/example_dags/tutorial.py
[2025-01-12T00:06:48.469+0000] {processor.py:743} INFO - Processing file /home/airflow/.local/lib/python3.7/site-packages/airflow/example_dags/tutorial.py for tasks to queue
[2025-01-12T00:06:48.469+0000] {logging_mixin.py:137} INFO - [2025-01-12T00:06:48.469+0000] {dagbag.py:538} INFO - Filling up the DagBag from /home/airflow/.local/lib/python3.7/site-packages/airflow/example_dags/tutorial.py
[2025-01-12T00:06:48.475+0000] {processor.py:753} INFO - DAG(s) dict_keys(['tutorial']) retrieved from /home/airflow/.local/lib/python3.7/site-packages/airflow/example_dags/tutorial.py
[2025-01-12T00:06:48.485+0000] {logging_mixin.py:137} INFO - [2025-01-12T00:06:48.485+0000] {dag.py:2690} INFO - Sync 1 DAGs
[2025-01-12T00:06:48.497+0000] {logging_mixin.py:137} INFO - [2025-01-12T00:06:48.497+0000] {dag.py:3441} INFO - Setting next_dagrun for tutorial to 2025-01-11T00:06:48.497676+00:00, run_after=2025-01-12T00:06:48.497676+00:00
[2025-01-12T00:06:48.506+0000] {processor.py:175} INFO - Processing /home/airflow/.local/lib/python3.7/site-packages/airflow/example_dags/tutorial.py took 0.039 seconds
[2025-01-12T00:07:19.059+0000] {processor.py:153} INFO - Started process (PID=10037) to work on /home/airflow/.local/lib/python3.7/site-packages/airflow/example_dags/tutorial.py
[2025-01-12T00:07:19.060+0000] {processor.py:743} INFO - Processing file /home/airflow/.local/lib/python3.7/site-packages/airflow/example_dags/tutorial.py for tasks to queue
[2025-01-12T00:07:19.060+0000] {logging_mixin.py:137} INFO - [2025-01-12T00:07:19.060+0000] {dagbag.py:538} INFO - Filling up the DagBag from /home/airflow/.local/lib/python3.7/site-packages/airflow/example_dags/tutorial.py
[2025-01-12T00:07:19.072+0000] {processor.py:753} INFO - DAG(s) dict_keys(['tutorial']) retrieved from /home/airflow/.local/lib/python3.7/site-packages/airflow/example_dags/tutorial.py
[2025-01-12T00:07:19.085+0000] {logging_mixin.py:137} INFO - [2025-01-12T00:07:19.085+0000] {dag.py:2690} INFO - Sync 1 DAGs
[2025-01-12T00:07:19.095+0000] {logging_mixin.py:137} INFO - [2025-01-12T00:07:19.095+0000] {dag.py:3441} INFO - Setting next_dagrun for tutorial to 2025-01-11T00:07:19.095120+00:00, run_after=2025-01-12T00:07:19.095120+00:00
[2025-01-12T00:07:19.102+0000] {processor.py:175} INFO - Processing /home/airflow/.local/lib/python3.7/site-packages/airflow/example_dags/tutorial.py took 0.044 seconds
[2025-01-12T00:07:49.593+0000] {processor.py:153} INFO - Started process (PID=10112) to work on /home/airflow/.local/lib/python3.7/site-packages/airflow/example_dags/tutorial.py
[2025-01-12T00:07:49.593+0000] {processor.py:743} INFO - Processing file /home/airflow/.local/lib/python3.7/site-packages/airflow/example_dags/tutorial.py for tasks to queue
[2025-01-12T00:07:49.594+0000] {logging_mixin.py:137} INFO - [2025-01-12T00:07:49.593+0000] {dagbag.py:538} INFO - Filling up the DagBag from /home/airflow/.local/lib/python3.7/site-packages/airflow/example_dags/tutorial.py
[2025-01-12T00:07:49.599+0000] {processor.py:753} INFO - DAG(s) dict_keys(['tutorial']) retrieved from /home/airflow/.local/lib/python3.7/site-packages/airflow/example_dags/tutorial.py
[2025-01-12T00:07:49.610+0000] {logging_mixin.py:137} INFO - [2025-01-12T00:07:49.610+0000] {dag.py:2690} INFO - Sync 1 DAGs
[2025-01-12T00:07:49.620+0000] {logging_mixin.py:137} INFO - [2025-01-12T00:07:49.620+0000] {dag.py:3441} INFO - Setting next_dagrun for tutorial to 2025-01-11T00:07:49.620078+00:00, run_after=2025-01-12T00:07:49.620078+00:00
[2025-01-12T00:07:49.631+0000] {processor.py:175} INFO - Processing /home/airflow/.local/lib/python3.7/site-packages/airflow/example_dags/tutorial.py took 0.039 seconds
[2025-01-12T00:08:20.230+0000] {processor.py:153} INFO - Started process (PID=10204) to work on /home/airflow/.local/lib/python3.7/site-packages/airflow/example_dags/tutorial.py
[2025-01-12T00:08:20.230+0000] {processor.py:743} INFO - Processing file /home/airflow/.local/lib/python3.7/site-packages/airflow/example_dags/tutorial.py for tasks to queue
[2025-01-12T00:08:20.230+0000] {logging_mixin.py:137} INFO - [2025-01-12T00:08:20.230+0000] {dagbag.py:538} INFO - Filling up the DagBag from /home/airflow/.local/lib/python3.7/site-packages/airflow/example_dags/tutorial.py
[2025-01-12T00:08:20.236+0000] {processor.py:753} INFO - DAG(s) dict_keys(['tutorial']) retrieved from /home/airflow/.local/lib/python3.7/site-packages/airflow/example_dags/tutorial.py
[2025-01-12T00:08:20.249+0000] {logging_mixin.py:137} INFO - [2025-01-12T00:08:20.249+0000] {dag.py:2690} INFO - Sync 1 DAGs
[2025-01-12T00:08:20.261+0000] {logging_mixin.py:137} INFO - [2025-01-12T00:08:20.260+0000] {dag.py:3441} INFO - Setting next_dagrun for tutorial to 2025-01-11T00:08:20.260851+00:00, run_after=2025-01-12T00:08:20.260851+00:00
[2025-01-12T00:08:20.270+0000] {processor.py:175} INFO - Processing /home/airflow/.local/lib/python3.7/site-packages/airflow/example_dags/tutorial.py took 0.042 seconds
[2025-01-12T00:08:50.883+0000] {processor.py:153} INFO - Started process (PID=10296) to work on /home/airflow/.local/lib/python3.7/site-packages/airflow/example_dags/tutorial.py
[2025-01-12T00:08:50.885+0000] {processor.py:743} INFO - Processing file /home/airflow/.local/lib/python3.7/site-packages/airflow/example_dags/tutorial.py for tasks to queue
[2025-01-12T00:08:50.885+0000] {logging_mixin.py:137} INFO - [2025-01-12T00:08:50.885+0000] {dagbag.py:538} INFO - Filling up the DagBag from /home/airflow/.local/lib/python3.7/site-packages/airflow/example_dags/tutorial.py
[2025-01-12T00:08:50.891+0000] {processor.py:753} INFO - DAG(s) dict_keys(['tutorial']) retrieved from /home/airflow/.local/lib/python3.7/site-packages/airflow/example_dags/tutorial.py
[2025-01-12T00:08:50.903+0000] {logging_mixin.py:137} INFO - [2025-01-12T00:08:50.903+0000] {dag.py:2690} INFO - Sync 1 DAGs
[2025-01-12T00:08:50.914+0000] {logging_mixin.py:137} INFO - [2025-01-12T00:08:50.914+0000] {dag.py:3441} INFO - Setting next_dagrun for tutorial to 2025-01-11T00:08:50.914294+00:00, run_after=2025-01-12T00:08:50.914294+00:00
[2025-01-12T00:08:50.923+0000] {processor.py:175} INFO - Processing /home/airflow/.local/lib/python3.7/site-packages/airflow/example_dags/tutorial.py took 0.041 seconds
[2025-01-12T00:09:21.838+0000] {processor.py:153} INFO - Started process (PID=10387) to work on /home/airflow/.local/lib/python3.7/site-packages/airflow/example_dags/tutorial.py
[2025-01-12T00:09:21.838+0000] {processor.py:743} INFO - Processing file /home/airflow/.local/lib/python3.7/site-packages/airflow/example_dags/tutorial.py for tasks to queue
[2025-01-12T00:09:21.839+0000] {logging_mixin.py:137} INFO - [2025-01-12T00:09:21.839+0000] {dagbag.py:538} INFO - Filling up the DagBag from /home/airflow/.local/lib/python3.7/site-packages/airflow/example_dags/tutorial.py
[2025-01-12T00:09:21.845+0000] {processor.py:753} INFO - DAG(s) dict_keys(['tutorial']) retrieved from /home/airflow/.local/lib/python3.7/site-packages/airflow/example_dags/tutorial.py
[2025-01-12T00:09:21.858+0000] {logging_mixin.py:137} INFO - [2025-01-12T00:09:21.858+0000] {dag.py:2690} INFO - Sync 1 DAGs
[2025-01-12T00:09:21.872+0000] {logging_mixin.py:137} INFO - [2025-01-12T00:09:21.871+0000] {dag.py:3441} INFO - Setting next_dagrun for tutorial to 2025-01-11T00:09:21.871903+00:00, run_after=2025-01-12T00:09:21.871903+00:00
[2025-01-12T00:09:21.879+0000] {processor.py:175} INFO - Processing /home/airflow/.local/lib/python3.7/site-packages/airflow/example_dags/tutorial.py took 0.043 seconds
[2025-01-12T00:09:52.438+0000] {processor.py:153} INFO - Started process (PID=10463) to work on /home/airflow/.local/lib/python3.7/site-packages/airflow/example_dags/tutorial.py
[2025-01-12T00:09:52.439+0000] {processor.py:743} INFO - Processing file /home/airflow/.local/lib/python3.7/site-packages/airflow/example_dags/tutorial.py for tasks to queue
[2025-01-12T00:09:52.439+0000] {logging_mixin.py:137} INFO - [2025-01-12T00:09:52.439+0000] {dagbag.py:538} INFO - Filling up the DagBag from /home/airflow/.local/lib/python3.7/site-packages/airflow/example_dags/tutorial.py
[2025-01-12T00:09:52.448+0000] {processor.py:753} INFO - DAG(s) dict_keys(['tutorial']) retrieved from /home/airflow/.local/lib/python3.7/site-packages/airflow/example_dags/tutorial.py
[2025-01-12T00:09:52.458+0000] {logging_mixin.py:137} INFO - [2025-01-12T00:09:52.458+0000] {dag.py:2690} INFO - Sync 1 DAGs
[2025-01-12T00:09:52.469+0000] {logging_mixin.py:137} INFO - [2025-01-12T00:09:52.469+0000] {dag.py:3441} INFO - Setting next_dagrun for tutorial to 2025-01-11T00:09:52.469335+00:00, run_after=2025-01-12T00:09:52.469335+00:00
[2025-01-12T00:09:52.476+0000] {processor.py:175} INFO - Processing /home/airflow/.local/lib/python3.7/site-packages/airflow/example_dags/tutorial.py took 0.040 seconds
[2025-01-12T00:10:23.056+0000] {processor.py:153} INFO - Started process (PID=10555) to work on /home/airflow/.local/lib/python3.7/site-packages/airflow/example_dags/tutorial.py
[2025-01-12T00:10:23.057+0000] {processor.py:743} INFO - Processing file /home/airflow/.local/lib/python3.7/site-packages/airflow/example_dags/tutorial.py for tasks to queue
[2025-01-12T00:10:23.057+0000] {logging_mixin.py:137} INFO - [2025-01-12T00:10:23.057+0000] {dagbag.py:538} INFO - Filling up the DagBag from /home/airflow/.local/lib/python3.7/site-packages/airflow/example_dags/tutorial.py
[2025-01-12T00:10:23.062+0000] {processor.py:753} INFO - DAG(s) dict_keys(['tutorial']) retrieved from /home/airflow/.local/lib/python3.7/site-packages/airflow/example_dags/tutorial.py
[2025-01-12T00:10:23.076+0000] {logging_mixin.py:137} INFO - [2025-01-12T00:10:23.076+0000] {dag.py:2690} INFO - Sync 1 DAGs
[2025-01-12T00:10:23.088+0000] {logging_mixin.py:137} INFO - [2025-01-12T00:10:23.088+0000] {dag.py:3441} INFO - Setting next_dagrun for tutorial to 2025-01-11T00:10:23.088645+00:00, run_after=2025-01-12T00:10:23.088645+00:00
[2025-01-12T00:10:23.097+0000] {processor.py:175} INFO - Processing /home/airflow/.local/lib/python3.7/site-packages/airflow/example_dags/tutorial.py took 0.043 seconds
[2025-01-12T00:10:53.969+0000] {processor.py:153} INFO - Started process (PID=10647) to work on /home/airflow/.local/lib/python3.7/site-packages/airflow/example_dags/tutorial.py
[2025-01-12T00:10:53.972+0000] {processor.py:743} INFO - Processing file /home/airflow/.local/lib/python3.7/site-packages/airflow/example_dags/tutorial.py for tasks to queue
[2025-01-12T00:10:53.973+0000] {logging_mixin.py:137} INFO - [2025-01-12T00:10:53.973+0000] {dagbag.py:538} INFO - Filling up the DagBag from /home/airflow/.local/lib/python3.7/site-packages/airflow/example_dags/tutorial.py
[2025-01-12T00:10:53.979+0000] {processor.py:753} INFO - DAG(s) dict_keys(['tutorial']) retrieved from /home/airflow/.local/lib/python3.7/site-packages/airflow/example_dags/tutorial.py
[2025-01-12T00:10:53.989+0000] {logging_mixin.py:137} INFO - [2025-01-12T00:10:53.989+0000] {dag.py:2690} INFO - Sync 1 DAGs
[2025-01-12T00:10:54.000+0000] {logging_mixin.py:137} INFO - [2025-01-12T00:10:54.000+0000] {dag.py:3441} INFO - Setting next_dagrun for tutorial to 2025-01-11T00:10:54.000512+00:00, run_after=2025-01-12T00:10:54.000512+00:00
[2025-01-12T00:10:54.007+0000] {processor.py:175} INFO - Processing /home/airflow/.local/lib/python3.7/site-packages/airflow/example_dags/tutorial.py took 0.039 seconds
[2025-01-12T00:11:24.036+0000] {processor.py:153} INFO - Started process (PID=10739) to work on /home/airflow/.local/lib/python3.7/site-packages/airflow/example_dags/tutorial.py
[2025-01-12T00:11:24.037+0000] {processor.py:743} INFO - Processing file /home/airflow/.local/lib/python3.7/site-packages/airflow/example_dags/tutorial.py for tasks to queue
[2025-01-12T00:11:24.037+0000] {logging_mixin.py:137} INFO - [2025-01-12T00:11:24.037+0000] {dagbag.py:538} INFO - Filling up the DagBag from /home/airflow/.local/lib/python3.7/site-packages/airflow/example_dags/tutorial.py
[2025-01-12T00:11:24.044+0000] {processor.py:753} INFO - DAG(s) dict_keys(['tutorial']) retrieved from /home/airflow/.local/lib/python3.7/site-packages/airflow/example_dags/tutorial.py
[2025-01-12T00:11:24.059+0000] {logging_mixin.py:137} INFO - [2025-01-12T00:11:24.059+0000] {dag.py:2690} INFO - Sync 1 DAGs
[2025-01-12T00:11:24.069+0000] {logging_mixin.py:137} INFO - [2025-01-12T00:11:24.069+0000] {dag.py:3441} INFO - Setting next_dagrun for tutorial to 2025-01-11T00:11:24.069753+00:00, run_after=2025-01-12T00:11:24.069753+00:00
[2025-01-12T00:11:24.076+0000] {processor.py:175} INFO - Processing /home/airflow/.local/lib/python3.7/site-packages/airflow/example_dags/tutorial.py took 0.042 seconds
[2025-01-12T00:11:54.683+0000] {processor.py:153} INFO - Started process (PID=10815) to work on /home/airflow/.local/lib/python3.7/site-packages/airflow/example_dags/tutorial.py
[2025-01-12T00:11:54.684+0000] {processor.py:743} INFO - Processing file /home/airflow/.local/lib/python3.7/site-packages/airflow/example_dags/tutorial.py for tasks to queue
[2025-01-12T00:11:54.684+0000] {logging_mixin.py:137} INFO - [2025-01-12T00:11:54.684+0000] {dagbag.py:538} INFO - Filling up the DagBag from /home/airflow/.local/lib/python3.7/site-packages/airflow/example_dags/tutorial.py
[2025-01-12T00:11:54.692+0000] {processor.py:753} INFO - DAG(s) dict_keys(['tutorial']) retrieved from /home/airflow/.local/lib/python3.7/site-packages/airflow/example_dags/tutorial.py
[2025-01-12T00:11:54.705+0000] {logging_mixin.py:137} INFO - [2025-01-12T00:11:54.705+0000] {dag.py:2690} INFO - Sync 1 DAGs
[2025-01-12T00:11:54.715+0000] {logging_mixin.py:137} INFO - [2025-01-12T00:11:54.715+0000] {dag.py:3441} INFO - Setting next_dagrun for tutorial to 2025-01-11T00:11:54.715077+00:00, run_after=2025-01-12T00:11:54.715077+00:00
[2025-01-12T00:11:54.721+0000] {processor.py:175} INFO - Processing /home/airflow/.local/lib/python3.7/site-packages/airflow/example_dags/tutorial.py took 0.040 seconds
[2025-01-12T00:12:25.235+0000] {processor.py:153} INFO - Started process (PID=10907) to work on /home/airflow/.local/lib/python3.7/site-packages/airflow/example_dags/tutorial.py
[2025-01-12T00:12:25.235+0000] {processor.py:743} INFO - Processing file /home/airflow/.local/lib/python3.7/site-packages/airflow/example_dags/tutorial.py for tasks to queue
[2025-01-12T00:12:25.235+0000] {logging_mixin.py:137} INFO - [2025-01-12T00:12:25.235+0000] {dagbag.py:538} INFO - Filling up the DagBag from /home/airflow/.local/lib/python3.7/site-packages/airflow/example_dags/tutorial.py
[2025-01-12T00:12:25.242+0000] {processor.py:753} INFO - DAG(s) dict_keys(['tutorial']) retrieved from /home/airflow/.local/lib/python3.7/site-packages/airflow/example_dags/tutorial.py
[2025-01-12T00:12:25.257+0000] {logging_mixin.py:137} INFO - [2025-01-12T00:12:25.256+0000] {dag.py:2690} INFO - Sync 1 DAGs
[2025-01-12T00:12:25.268+0000] {logging_mixin.py:137} INFO - [2025-01-12T00:12:25.268+0000] {dag.py:3441} INFO - Setting next_dagrun for tutorial to 2025-01-11T00:12:25.268031+00:00, run_after=2025-01-12T00:12:25.268031+00:00
[2025-01-12T00:12:25.277+0000] {processor.py:175} INFO - Processing /home/airflow/.local/lib/python3.7/site-packages/airflow/example_dags/tutorial.py took 0.043 seconds
[2025-01-12T00:12:55.812+0000] {processor.py:153} INFO - Started process (PID=10999) to work on /home/airflow/.local/lib/python3.7/site-packages/airflow/example_dags/tutorial.py
[2025-01-12T00:12:55.813+0000] {processor.py:743} INFO - Processing file /home/airflow/.local/lib/python3.7/site-packages/airflow/example_dags/tutorial.py for tasks to queue
[2025-01-12T00:12:55.813+0000] {logging_mixin.py:137} INFO - [2025-01-12T00:12:55.813+0000] {dagbag.py:538} INFO - Filling up the DagBag from /home/airflow/.local/lib/python3.7/site-packages/airflow/example_dags/tutorial.py
[2025-01-12T00:12:55.819+0000] {processor.py:753} INFO - DAG(s) dict_keys(['tutorial']) retrieved from /home/airflow/.local/lib/python3.7/site-packages/airflow/example_dags/tutorial.py
[2025-01-12T00:12:55.830+0000] {logging_mixin.py:137} INFO - [2025-01-12T00:12:55.830+0000] {dag.py:2690} INFO - Sync 1 DAGs
[2025-01-12T00:12:55.842+0000] {logging_mixin.py:137} INFO - [2025-01-12T00:12:55.842+0000] {dag.py:3441} INFO - Setting next_dagrun for tutorial to 2025-01-11T00:12:55.842130+00:00, run_after=2025-01-12T00:12:55.842130+00:00
[2025-01-12T00:12:55.852+0000] {processor.py:175} INFO - Processing /home/airflow/.local/lib/python3.7/site-packages/airflow/example_dags/tutorial.py took 0.041 seconds
[2025-01-12T00:13:26.565+0000] {processor.py:153} INFO - Started process (PID=11090) to work on /home/airflow/.local/lib/python3.7/site-packages/airflow/example_dags/tutorial.py
[2025-01-12T00:13:26.565+0000] {processor.py:743} INFO - Processing file /home/airflow/.local/lib/python3.7/site-packages/airflow/example_dags/tutorial.py for tasks to queue
[2025-01-12T00:13:26.565+0000] {logging_mixin.py:137} INFO - [2025-01-12T00:13:26.565+0000] {dagbag.py:538} INFO - Filling up the DagBag from /home/airflow/.local/lib/python3.7/site-packages/airflow/example_dags/tutorial.py
[2025-01-12T00:13:26.571+0000] {processor.py:753} INFO - DAG(s) dict_keys(['tutorial']) retrieved from /home/airflow/.local/lib/python3.7/site-packages/airflow/example_dags/tutorial.py
[2025-01-12T00:13:26.581+0000] {logging_mixin.py:137} INFO - [2025-01-12T00:13:26.581+0000] {dag.py:2690} INFO - Sync 1 DAGs
[2025-01-12T00:13:26.590+0000] {logging_mixin.py:137} INFO - [2025-01-12T00:13:26.590+0000] {dag.py:3441} INFO - Setting next_dagrun for tutorial to 2025-01-11T00:13:26.590556+00:00, run_after=2025-01-12T00:13:26.590556+00:00
[2025-01-12T00:13:26.597+0000] {processor.py:175} INFO - Processing /home/airflow/.local/lib/python3.7/site-packages/airflow/example_dags/tutorial.py took 0.033 seconds
[2025-01-12T00:13:57.243+0000] {processor.py:153} INFO - Started process (PID=11166) to work on /home/airflow/.local/lib/python3.7/site-packages/airflow/example_dags/tutorial.py
[2025-01-12T00:13:57.243+0000] {processor.py:743} INFO - Processing file /home/airflow/.local/lib/python3.7/site-packages/airflow/example_dags/tutorial.py for tasks to queue
[2025-01-12T00:13:57.244+0000] {logging_mixin.py:137} INFO - [2025-01-12T00:13:57.244+0000] {dagbag.py:538} INFO - Filling up the DagBag from /home/airflow/.local/lib/python3.7/site-packages/airflow/example_dags/tutorial.py
[2025-01-12T00:13:57.250+0000] {processor.py:753} INFO - DAG(s) dict_keys(['tutorial']) retrieved from /home/airflow/.local/lib/python3.7/site-packages/airflow/example_dags/tutorial.py
[2025-01-12T00:13:57.261+0000] {logging_mixin.py:137} INFO - [2025-01-12T00:13:57.261+0000] {dag.py:2690} INFO - Sync 1 DAGs
[2025-01-12T00:13:57.272+0000] {logging_mixin.py:137} INFO - [2025-01-12T00:13:57.272+0000] {dag.py:3441} INFO - Setting next_dagrun for tutorial to 2025-01-11T00:13:57.272084+00:00, run_after=2025-01-12T00:13:57.272084+00:00
[2025-01-12T00:13:57.281+0000] {processor.py:175} INFO - Processing /home/airflow/.local/lib/python3.7/site-packages/airflow/example_dags/tutorial.py took 0.040 seconds
[2025-01-12T00:14:27.728+0000] {processor.py:153} INFO - Started process (PID=11258) to work on /home/airflow/.local/lib/python3.7/site-packages/airflow/example_dags/tutorial.py
[2025-01-12T00:14:27.728+0000] {processor.py:743} INFO - Processing file /home/airflow/.local/lib/python3.7/site-packages/airflow/example_dags/tutorial.py for tasks to queue
[2025-01-12T00:14:27.729+0000] {logging_mixin.py:137} INFO - [2025-01-12T00:14:27.728+0000] {dagbag.py:538} INFO - Filling up the DagBag from /home/airflow/.local/lib/python3.7/site-packages/airflow/example_dags/tutorial.py
[2025-01-12T00:14:27.734+0000] {processor.py:753} INFO - DAG(s) dict_keys(['tutorial']) retrieved from /home/airflow/.local/lib/python3.7/site-packages/airflow/example_dags/tutorial.py
[2025-01-12T00:14:27.744+0000] {logging_mixin.py:137} INFO - [2025-01-12T00:14:27.744+0000] {dag.py:2690} INFO - Sync 1 DAGs
[2025-01-12T00:14:27.753+0000] {logging_mixin.py:137} INFO - [2025-01-12T00:14:27.753+0000] {dag.py:3441} INFO - Setting next_dagrun for tutorial to 2025-01-11T00:14:27.753519+00:00, run_after=2025-01-12T00:14:27.753519+00:00
[2025-01-12T00:14:27.759+0000] {processor.py:175} INFO - Processing /home/airflow/.local/lib/python3.7/site-packages/airflow/example_dags/tutorial.py took 0.033 seconds
[2025-01-12T00:14:58.192+0000] {processor.py:153} INFO - Started process (PID=11350) to work on /home/airflow/.local/lib/python3.7/site-packages/airflow/example_dags/tutorial.py
[2025-01-12T00:14:58.194+0000] {processor.py:743} INFO - Processing file /home/airflow/.local/lib/python3.7/site-packages/airflow/example_dags/tutorial.py for tasks to queue
[2025-01-12T00:14:58.194+0000] {logging_mixin.py:137} INFO - [2025-01-12T00:14:58.194+0000] {dagbag.py:538} INFO - Filling up the DagBag from /home/airflow/.local/lib/python3.7/site-packages/airflow/example_dags/tutorial.py
[2025-01-12T00:14:58.202+0000] {processor.py:753} INFO - DAG(s) dict_keys(['tutorial']) retrieved from /home/airflow/.local/lib/python3.7/site-packages/airflow/example_dags/tutorial.py
[2025-01-12T00:14:58.213+0000] {logging_mixin.py:137} INFO - [2025-01-12T00:14:58.213+0000] {dag.py:2690} INFO - Sync 1 DAGs
[2025-01-12T00:14:58.224+0000] {logging_mixin.py:137} INFO - [2025-01-12T00:14:58.224+0000] {dag.py:3441} INFO - Setting next_dagrun for tutorial to 2025-01-11T00:14:58.224361+00:00, run_after=2025-01-12T00:14:58.224361+00:00
[2025-01-12T00:14:58.231+0000] {processor.py:175} INFO - Processing /home/airflow/.local/lib/python3.7/site-packages/airflow/example_dags/tutorial.py took 0.040 seconds
[2025-01-12T00:15:28.610+0000] {processor.py:153} INFO - Started process (PID=11442) to work on /home/airflow/.local/lib/python3.7/site-packages/airflow/example_dags/tutorial.py
[2025-01-12T00:15:28.610+0000] {processor.py:743} INFO - Processing file /home/airflow/.local/lib/python3.7/site-packages/airflow/example_dags/tutorial.py for tasks to queue
[2025-01-12T00:15:28.611+0000] {logging_mixin.py:137} INFO - [2025-01-12T00:15:28.611+0000] {dagbag.py:538} INFO - Filling up the DagBag from /home/airflow/.local/lib/python3.7/site-packages/airflow/example_dags/tutorial.py
[2025-01-12T00:15:28.618+0000] {processor.py:753} INFO - DAG(s) dict_keys(['tutorial']) retrieved from /home/airflow/.local/lib/python3.7/site-packages/airflow/example_dags/tutorial.py
[2025-01-12T00:15:28.629+0000] {logging_mixin.py:137} INFO - [2025-01-12T00:15:28.629+0000] {dag.py:2690} INFO - Sync 1 DAGs
[2025-01-12T00:15:28.640+0000] {logging_mixin.py:137} INFO - [2025-01-12T00:15:28.640+0000] {dag.py:3441} INFO - Setting next_dagrun for tutorial to 2025-01-11T00:15:28.640628+00:00, run_after=2025-01-12T00:15:28.640628+00:00
[2025-01-12T00:15:28.649+0000] {processor.py:175} INFO - Processing /home/airflow/.local/lib/python3.7/site-packages/airflow/example_dags/tutorial.py took 0.040 seconds
[2025-01-12T00:15:59.154+0000] {processor.py:153} INFO - Started process (PID=11518) to work on /home/airflow/.local/lib/python3.7/site-packages/airflow/example_dags/tutorial.py
[2025-01-12T00:15:59.154+0000] {processor.py:743} INFO - Processing file /home/airflow/.local/lib/python3.7/site-packages/airflow/example_dags/tutorial.py for tasks to queue
[2025-01-12T00:15:59.155+0000] {logging_mixin.py:137} INFO - [2025-01-12T00:15:59.155+0000] {dagbag.py:538} INFO - Filling up the DagBag from /home/airflow/.local/lib/python3.7/site-packages/airflow/example_dags/tutorial.py
[2025-01-12T00:15:59.161+0000] {processor.py:753} INFO - DAG(s) dict_keys(['tutorial']) retrieved from /home/airflow/.local/lib/python3.7/site-packages/airflow/example_dags/tutorial.py
[2025-01-12T00:15:59.171+0000] {logging_mixin.py:137} INFO - [2025-01-12T00:15:59.171+0000] {dag.py:2690} INFO - Sync 1 DAGs
[2025-01-12T00:15:59.181+0000] {logging_mixin.py:137} INFO - [2025-01-12T00:15:59.181+0000] {dag.py:3441} INFO - Setting next_dagrun for tutorial to 2025-01-11T00:15:59.181729+00:00, run_after=2025-01-12T00:15:59.181729+00:00
[2025-01-12T00:15:59.192+0000] {processor.py:175} INFO - Processing /home/airflow/.local/lib/python3.7/site-packages/airflow/example_dags/tutorial.py took 0.040 seconds
[2025-01-12T00:16:29.656+0000] {processor.py:153} INFO - Started process (PID=11610) to work on /home/airflow/.local/lib/python3.7/site-packages/airflow/example_dags/tutorial.py
[2025-01-12T00:16:29.656+0000] {processor.py:743} INFO - Processing file /home/airflow/.local/lib/python3.7/site-packages/airflow/example_dags/tutorial.py for tasks to queue
[2025-01-12T00:16:29.656+0000] {logging_mixin.py:137} INFO - [2025-01-12T00:16:29.656+0000] {dagbag.py:538} INFO - Filling up the DagBag from /home/airflow/.local/lib/python3.7/site-packages/airflow/example_dags/tutorial.py
[2025-01-12T00:16:29.662+0000] {processor.py:753} INFO - DAG(s) dict_keys(['tutorial']) retrieved from /home/airflow/.local/lib/python3.7/site-packages/airflow/example_dags/tutorial.py
[2025-01-12T00:16:29.675+0000] {logging_mixin.py:137} INFO - [2025-01-12T00:16:29.675+0000] {dag.py:2690} INFO - Sync 1 DAGs
[2025-01-12T00:16:29.686+0000] {logging_mixin.py:137} INFO - [2025-01-12T00:16:29.686+0000] {dag.py:3441} INFO - Setting next_dagrun for tutorial to 2025-01-11T00:16:29.686474+00:00, run_after=2025-01-12T00:16:29.686474+00:00
[2025-01-12T00:16:29.696+0000] {processor.py:175} INFO - Processing /home/airflow/.local/lib/python3.7/site-packages/airflow/example_dags/tutorial.py took 0.042 seconds
[2025-01-12T00:17:00.194+0000] {processor.py:153} INFO - Started process (PID=11702) to work on /home/airflow/.local/lib/python3.7/site-packages/airflow/example_dags/tutorial.py
[2025-01-12T00:17:00.195+0000] {processor.py:743} INFO - Processing file /home/airflow/.local/lib/python3.7/site-packages/airflow/example_dags/tutorial.py for tasks to queue
[2025-01-12T00:17:00.197+0000] {logging_mixin.py:137} INFO - [2025-01-12T00:17:00.197+0000] {dagbag.py:538} INFO - Filling up the DagBag from /home/airflow/.local/lib/python3.7/site-packages/airflow/example_dags/tutorial.py
[2025-01-12T00:17:00.203+0000] {processor.py:753} INFO - DAG(s) dict_keys(['tutorial']) retrieved from /home/airflow/.local/lib/python3.7/site-packages/airflow/example_dags/tutorial.py
[2025-01-12T00:17:00.215+0000] {logging_mixin.py:137} INFO - [2025-01-12T00:17:00.214+0000] {dag.py:2690} INFO - Sync 1 DAGs
[2025-01-12T00:17:00.224+0000] {logging_mixin.py:137} INFO - [2025-01-12T00:17:00.224+0000] {dag.py:3441} INFO - Setting next_dagrun for tutorial to 2025-01-11T00:17:00.224625+00:00, run_after=2025-01-12T00:17:00.224625+00:00
[2025-01-12T00:17:00.231+0000] {processor.py:175} INFO - Processing /home/airflow/.local/lib/python3.7/site-packages/airflow/example_dags/tutorial.py took 0.039 seconds
