[2025-05-06T12:16:39.757+0000] {taskinstance.py:1083} INFO - Dependencies all met for <TaskInstance: parallel_dag.transform scheduled__2025-05-05T00:00:00+00:00 [queued]>
[2025-05-06T12:16:39.760+0000] {taskinstance.py:1083} INFO - Dependencies all met for <TaskInstance: parallel_dag.transform scheduled__2025-05-05T00:00:00+00:00 [queued]>
[2025-05-06T12:16:39.761+0000] {taskinstance.py:1279} INFO - 
--------------------------------------------------------------------------------
[2025-05-06T12:16:39.761+0000] {taskinstance.py:1280} INFO - Starting attempt 1 of 1
[2025-05-06T12:16:39.761+0000] {taskinstance.py:1281} INFO - 
--------------------------------------------------------------------------------
[2025-05-06T12:16:39.766+0000] {taskinstance.py:1300} INFO - Executing <Task(BashOperator): transform> on 2025-05-05 00:00:00+00:00
[2025-05-06T12:16:39.768+0000] {standard_task_runner.py:55} INFO - Started process 404 to run task
[2025-05-06T12:16:39.770+0000] {standard_task_runner.py:82} INFO - Running: ['***', 'tasks', 'run', 'parallel_dag', 'transform', 'scheduled__2025-05-05T00:00:00+00:00', '--job-id', '118', '--raw', '--subdir', 'DAGS_FOLDER/parallel_dag.py', '--cfg-path', '/tmp/tmpkq_j363h']
[2025-05-06T12:16:39.770+0000] {standard_task_runner.py:83} INFO - Job 118: Subtask transform
[2025-05-06T12:16:39.795+0000] {task_command.py:388} INFO - Running <TaskInstance: parallel_dag.transform scheduled__2025-05-05T00:00:00+00:00 [running]> on host 0c1606a67206
[2025-05-06T12:16:39.845+0000] {taskinstance.py:1509} INFO - Exporting the following env vars:
AIRFLOW_CTX_DAG_OWNER=***
AIRFLOW_CTX_DAG_ID=parallel_dag
AIRFLOW_CTX_TASK_ID=transform
AIRFLOW_CTX_EXECUTION_DATE=2025-05-05T00:00:00+00:00
AIRFLOW_CTX_TRY_NUMBER=1
AIRFLOW_CTX_DAG_RUN_ID=scheduled__2025-05-05T00:00:00+00:00
[2025-05-06T12:16:39.846+0000] {subprocess.py:63} INFO - Tmp dir root location: 
 /tmp
[2025-05-06T12:16:39.846+0000] {subprocess.py:75} INFO - Running command: ['/bin/bash', '-c', 'sleep 10']
[2025-05-06T12:16:39.851+0000] {subprocess.py:86} INFO - Output:
[2025-05-06T12:16:49.854+0000] {subprocess.py:97} INFO - Command exited with return code 0
[2025-05-06T12:16:49.876+0000] {taskinstance.py:1323} INFO - Marking task as SUCCESS. dag_id=parallel_dag, task_id=transform, execution_date=20250505T000000, start_date=20250506T121639, end_date=20250506T121649
[2025-05-06T12:16:49.889+0000] {local_task_job.py:208} INFO - Task exited with return code 0
[2025-05-06T12:16:49.898+0000] {taskinstance.py:2578} INFO - 0 downstream tasks scheduled from follow-on schedule check
