[2025-05-23T00:04:22.574+0000] {taskinstance.py:1083} INFO - Dependencies all met for <TaskInstance: parallel_dag.load_a scheduled__2025-05-22T00:00:00+00:00 [queued]>
[2025-05-23T00:04:22.579+0000] {taskinstance.py:1083} INFO - Dependencies all met for <TaskInstance: parallel_dag.load_a scheduled__2025-05-22T00:00:00+00:00 [queued]>
[2025-05-23T00:04:22.579+0000] {taskinstance.py:1279} INFO - 
--------------------------------------------------------------------------------
[2025-05-23T00:04:22.579+0000] {taskinstance.py:1280} INFO - Starting attempt 1 of 1
[2025-05-23T00:04:22.580+0000] {taskinstance.py:1281} INFO - 
--------------------------------------------------------------------------------
[2025-05-23T00:04:22.587+0000] {taskinstance.py:1300} INFO - Executing <Task(BashOperator): load_a> on 2025-05-22 00:00:00+00:00
[2025-05-23T00:04:22.591+0000] {standard_task_runner.py:55} INFO - Started process 19622 to run task
[2025-05-23T00:04:22.594+0000] {standard_task_runner.py:82} INFO - Running: ['***', 'tasks', 'run', 'parallel_dag', 'load_a', 'scheduled__2025-05-22T00:00:00+00:00', '--job-id', '481', '--raw', '--subdir', 'DAGS_FOLDER/parallel_dag.py', '--cfg-path', '/tmp/tmpmgc0oom4']
[2025-05-23T00:04:22.596+0000] {standard_task_runner.py:83} INFO - Job 481: Subtask load_a
[2025-05-23T00:04:22.639+0000] {task_command.py:388} INFO - Running <TaskInstance: parallel_dag.load_a scheduled__2025-05-22T00:00:00+00:00 [running]> on host 74c05f868d26
[2025-05-23T00:04:22.677+0000] {taskinstance.py:1509} INFO - Exporting the following env vars:
AIRFLOW_CTX_DAG_OWNER=***
AIRFLOW_CTX_DAG_ID=parallel_dag
AIRFLOW_CTX_TASK_ID=load_a
AIRFLOW_CTX_EXECUTION_DATE=2025-05-22T00:00:00+00:00
AIRFLOW_CTX_TRY_NUMBER=1
AIRFLOW_CTX_DAG_RUN_ID=scheduled__2025-05-22T00:00:00+00:00
[2025-05-23T00:04:22.678+0000] {subprocess.py:63} INFO - Tmp dir root location: 
 /tmp
[2025-05-23T00:04:22.679+0000] {subprocess.py:75} INFO - Running command: ['/bin/bash', '-c', 'sleep 10']
[2025-05-23T00:04:22.685+0000] {subprocess.py:86} INFO - Output:
[2025-05-23T00:04:32.689+0000] {subprocess.py:97} INFO - Command exited with return code 0
[2025-05-23T00:04:32.701+0000] {taskinstance.py:1323} INFO - Marking task as SUCCESS. dag_id=parallel_dag, task_id=load_a, execution_date=20250522T000000, start_date=20250523T000422, end_date=20250523T000432
[2025-05-23T00:04:32.710+0000] {local_task_job.py:208} INFO - Task exited with return code 0
[2025-05-23T00:04:32.718+0000] {taskinstance.py:2578} INFO - 1 downstream tasks scheduled from follow-on schedule check
