[2025-06-06T16:35:06.668+0000] {taskinstance.py:1083} INFO - Dependencies all met for <TaskInstance: consumer_astro.readFile dataset_triggered__2025-06-06T16:35:04.652553+00:00 [queued]>
[2025-06-06T16:35:06.683+0000] {taskinstance.py:1083} INFO - Dependencies all met for <TaskInstance: consumer_astro.readFile dataset_triggered__2025-06-06T16:35:04.652553+00:00 [queued]>
[2025-06-06T16:35:06.685+0000] {taskinstance.py:1279} INFO - 
--------------------------------------------------------------------------------
[2025-06-06T16:35:06.685+0000] {taskinstance.py:1280} INFO - Starting attempt 1 of 1
[2025-06-06T16:35:06.685+0000] {taskinstance.py:1281} INFO - 
--------------------------------------------------------------------------------
[2025-06-06T16:35:06.703+0000] {taskinstance.py:1300} INFO - Executing <Task(_PythonDecoratedOperator): readFile> on 2025-06-06 16:35:04.652553+00:00
[2025-06-06T16:35:06.711+0000] {standard_task_runner.py:55} INFO - Started process 87 to run task
[2025-06-06T16:35:06.711+0000] {standard_task_runner.py:82} INFO - Running: ['***', 'tasks', 'run', 'consumer_astro', 'readFile', 'dataset_triggered__2025-06-06T16:35:04.652553+00:00', '--job-id', '726', '--raw', '--subdir', 'DAGS_FOLDER/consumer_astro.py', '--cfg-path', '/tmp/tmpfknh8lyq']
[2025-06-06T16:35:06.713+0000] {standard_task_runner.py:83} INFO - Job 726: Subtask readFile
[2025-06-06T16:35:06.778+0000] {task_command.py:388} INFO - Running <TaskInstance: consumer_astro.readFile dataset_triggered__2025-06-06T16:35:04.652553+00:00 [running]> on host 74c05f868d26
[2025-06-06T16:35:06.877+0000] {taskinstance.py:1509} INFO - Exporting the following env vars:
AIRFLOW_CTX_DAG_OWNER=***
AIRFLOW_CTX_DAG_ID=consumer_astro
AIRFLOW_CTX_TASK_ID=readFile
AIRFLOW_CTX_EXECUTION_DATE=2025-06-06T16:35:04.652553+00:00
AIRFLOW_CTX_TRY_NUMBER=1
AIRFLOW_CTX_DAG_RUN_ID=dataset_triggered__2025-06-06T16:35:04.652553+00:00
[2025-06-06T16:35:06.878+0000] {logging_mixin.py:137} INFO - <built-in method read of _io.TextIOWrapper object at 0xffff817424b0>
[2025-06-06T16:35:06.879+0000] {python.py:177} INFO - Done. Returned value was: None
[2025-06-06T16:35:06.890+0000] {taskinstance.py:1323} INFO - Marking task as SUCCESS. dag_id=consumer_astro, task_id=readFile, execution_date=20250606T163504, start_date=20250606T163506, end_date=20250606T163506
[2025-06-06T16:35:06.939+0000] {local_task_job.py:208} INFO - Task exited with return code 0
[2025-06-06T16:35:06.967+0000] {taskinstance.py:2578} INFO - 0 downstream tasks scheduled from follow-on schedule check
