[2025-02-03T05:37:33.808+0000] {taskinstance.py:1083} INFO - Dependencies all met for <TaskInstance: consumer.read_data dataset_triggered__2025-02-03T05:37:30.925330+00:00 [queued]>
[2025-02-03T05:37:33.821+0000] {taskinstance.py:1083} INFO - Dependencies all met for <TaskInstance: consumer.read_data dataset_triggered__2025-02-03T05:37:30.925330+00:00 [queued]>
[2025-02-03T05:37:33.824+0000] {taskinstance.py:1279} INFO - 
--------------------------------------------------------------------------------
[2025-02-03T05:37:33.826+0000] {taskinstance.py:1280} INFO - Starting attempt 1 of 1
[2025-02-03T05:37:33.836+0000] {taskinstance.py:1281} INFO - 
--------------------------------------------------------------------------------
[2025-02-03T05:37:34.139+0000] {taskinstance.py:1300} INFO - Executing <Task(_PythonDecoratedOperator): read_data> on 2025-02-03 05:37:30.925330+00:00
[2025-02-03T05:37:34.254+0000] {standard_task_runner.py:55} INFO - Started process 25442 to run task
[2025-02-03T05:37:34.266+0000] {standard_task_runner.py:82} INFO - Running: ['***', 'tasks', 'run', 'consumer', 'read_data', 'dataset_triggered__2025-02-03T05:37:30.925330+00:00', '--job-id', '323', '--raw', '--subdir', 'DAGS_FOLDER/consumer.py', '--cfg-path', '/tmp/tmpvn90f5bm']
[2025-02-03T05:37:34.285+0000] {standard_task_runner.py:83} INFO - Job 323: Subtask read_data
[2025-02-03T05:37:34.842+0000] {task_command.py:388} INFO - Running <TaskInstance: consumer.read_data dataset_triggered__2025-02-03T05:37:30.925330+00:00 [running]> on host 6a497d97bc7e
[2025-02-03T05:37:35.532+0000] {taskinstance.py:1509} INFO - Exporting the following env vars:
AIRFLOW_CTX_DAG_OWNER=***
AIRFLOW_CTX_DAG_ID=consumer
AIRFLOW_CTX_TASK_ID=read_data
AIRFLOW_CTX_EXECUTION_DATE=2025-02-03T05:37:30.925330+00:00
AIRFLOW_CTX_TRY_NUMBER=1
AIRFLOW_CTX_DAG_RUN_ID=dataset_triggered__2025-02-03T05:37:30.925330+00:00
[2025-02-03T05:37:35.569+0000] {logging_mixin.py:137} INFO - producer updateproducer updateproducer updateproducer updateproducer updateproducer update
[2025-02-03T05:37:35.583+0000] {python.py:177} INFO - Done. Returned value was: None
[2025-02-03T05:37:35.804+0000] {taskinstance.py:1323} INFO - Marking task as SUCCESS. dag_id=consumer, task_id=read_data, execution_date=20250203T053730, start_date=20250203T053733, end_date=20250203T053735
[2025-02-03T05:37:35.946+0000] {local_task_job.py:208} INFO - Task exited with return code 0
[2025-02-03T05:37:36.022+0000] {taskinstance.py:2578} INFO - 0 downstream tasks scheduled from follow-on schedule check
