[2025-05-12T02:31:50.829+0000] {taskinstance.py:1083} INFO - Dependencies all met for <TaskInstance: user_processing.process_user scheduled__2025-05-11T00:00:00+00:00 [queued]>
[2025-05-12T02:31:50.833+0000] {taskinstance.py:1083} INFO - Dependencies all met for <TaskInstance: user_processing.process_user scheduled__2025-05-11T00:00:00+00:00 [queued]>
[2025-05-12T02:31:50.833+0000] {taskinstance.py:1279} INFO - 
--------------------------------------------------------------------------------
[2025-05-12T02:31:50.833+0000] {taskinstance.py:1280} INFO - Starting attempt 1 of 1
[2025-05-12T02:31:50.833+0000] {taskinstance.py:1281} INFO - 
--------------------------------------------------------------------------------
[2025-05-12T02:31:50.840+0000] {taskinstance.py:1300} INFO - Executing <Task(PythonOperator): process_user> on 2025-05-11 00:00:00+00:00
[2025-05-12T02:31:50.843+0000] {standard_task_runner.py:55} INFO - Started process 58620 to run task
[2025-05-12T02:31:50.845+0000] {standard_task_runner.py:82} INFO - Running: ['***', 'tasks', 'run', 'user_processing', 'process_user', 'scheduled__2025-05-11T00:00:00+00:00', '--job-id', '189', '--raw', '--subdir', 'DAGS_FOLDER/user_processing.py', '--cfg-path', '/tmp/tmp9ogbqj5c']
[2025-05-12T02:31:50.846+0000] {standard_task_runner.py:83} INFO - Job 189: Subtask process_user
[2025-05-12T02:31:50.879+0000] {task_command.py:388} INFO - Running <TaskInstance: user_processing.process_user scheduled__2025-05-11T00:00:00+00:00 [running]> on host b1064f4ed60e
[2025-05-12T02:31:50.907+0000] {taskinstance.py:1509} INFO - Exporting the following env vars:
AIRFLOW_CTX_DAG_OWNER=***
AIRFLOW_CTX_DAG_ID=user_processing
AIRFLOW_CTX_TASK_ID=process_user
AIRFLOW_CTX_EXECUTION_DATE=2025-05-11T00:00:00+00:00
AIRFLOW_CTX_TRY_NUMBER=1
AIRFLOW_CTX_DAG_RUN_ID=scheduled__2025-05-11T00:00:00+00:00
[2025-05-12T02:31:50.918+0000] {python.py:177} INFO - Done. Returned value was: None
[2025-05-12T02:31:50.922+0000] {taskinstance.py:1323} INFO - Marking task as SUCCESS. dag_id=user_processing, task_id=process_user, execution_date=20250511T000000, start_date=20250512T023150, end_date=20250512T023150
[2025-05-12T02:31:50.946+0000] {local_task_job.py:208} INFO - Task exited with return code 0
[2025-05-12T02:31:50.955+0000] {taskinstance.py:2578} INFO - 1 downstream tasks scheduled from follow-on schedule check
