[2025-05-31T22:28:22.225+0000] {taskinstance.py:1083} INFO - Dependencies all met for <TaskInstance: consumer_astro.readFile dataset_triggered__2025-05-31T22:28:21.556883+00:00 [queued]>
[2025-05-31T22:28:22.231+0000] {taskinstance.py:1083} INFO - Dependencies all met for <TaskInstance: consumer_astro.readFile dataset_triggered__2025-05-31T22:28:21.556883+00:00 [queued]>
[2025-05-31T22:28:22.231+0000] {taskinstance.py:1279} INFO - 
--------------------------------------------------------------------------------
[2025-05-31T22:28:22.231+0000] {taskinstance.py:1280} INFO - Starting attempt 1 of 1
[2025-05-31T22:28:22.231+0000] {taskinstance.py:1281} INFO - 
--------------------------------------------------------------------------------
[2025-05-31T22:28:22.239+0000] {taskinstance.py:1300} INFO - Executing <Task(_PythonDecoratedOperator): readFile> on 2025-05-31 22:28:21.556883+00:00
[2025-05-31T22:28:22.243+0000] {standard_task_runner.py:55} INFO - Started process 65821 to run task
[2025-05-31T22:28:22.244+0000] {standard_task_runner.py:82} INFO - Running: ['***', 'tasks', 'run', 'consumer_astro', 'readFile', 'dataset_triggered__2025-05-31T22:28:21.556883+00:00', '--job-id', '667', '--raw', '--subdir', 'DAGS_FOLDER/consumer_astro.py', '--cfg-path', '/tmp/tmpaaiog1fq']
[2025-05-31T22:28:22.246+0000] {standard_task_runner.py:83} INFO - Job 667: Subtask readFile
[2025-05-31T22:28:22.318+0000] {task_command.py:388} INFO - Running <TaskInstance: consumer_astro.readFile dataset_triggered__2025-05-31T22:28:21.556883+00:00 [running]> on host 74c05f868d26
[2025-05-31T22:28:22.355+0000] {taskinstance.py:1509} INFO - Exporting the following env vars:
AIRFLOW_CTX_DAG_OWNER=***
AIRFLOW_CTX_DAG_ID=consumer_astro
AIRFLOW_CTX_TASK_ID=readFile
AIRFLOW_CTX_EXECUTION_DATE=2025-05-31T22:28:21.556883+00:00
AIRFLOW_CTX_TRY_NUMBER=1
AIRFLOW_CTX_DAG_RUN_ID=dataset_triggered__2025-05-31T22:28:21.556883+00:00
[2025-05-31T22:28:22.356+0000] {logging_mixin.py:137} INFO - <built-in method read of _io.TextIOWrapper object at 0xffffa52f34b0>
[2025-05-31T22:28:22.357+0000] {python.py:177} INFO - Done. Returned value was: None
[2025-05-31T22:28:22.361+0000] {taskinstance.py:1323} INFO - Marking task as SUCCESS. dag_id=consumer_astro, task_id=readFile, execution_date=20250531T222821, start_date=20250531T222822, end_date=20250531T222822
[2025-05-31T22:28:22.387+0000] {local_task_job.py:208} INFO - Task exited with return code 0
[2025-05-31T22:28:22.395+0000] {taskinstance.py:2578} INFO - 0 downstream tasks scheduled from follow-on schedule check
