[2024-12-22T18:40:12.009+0000] {taskinstance.py:1083} INFO - Dependencies all met for <TaskInstance: user_processing.extract_user_data manual__2024-12-22T18:40:08.924278+00:00 [queued]>
[2024-12-22T18:40:12.013+0000] {taskinstance.py:1083} INFO - Dependencies all met for <TaskInstance: user_processing.extract_user_data manual__2024-12-22T18:40:08.924278+00:00 [queued]>
[2024-12-22T18:40:12.013+0000] {taskinstance.py:1279} INFO - 
--------------------------------------------------------------------------------
[2024-12-22T18:40:12.014+0000] {taskinstance.py:1280} INFO - Starting attempt 1 of 1
[2024-12-22T18:40:12.014+0000] {taskinstance.py:1281} INFO - 
--------------------------------------------------------------------------------
[2024-12-22T18:40:12.019+0000] {taskinstance.py:1300} INFO - Executing <Task(SimpleHttpOperator): extract_user_data> on 2024-12-22 18:40:08.924278+00:00
[2024-12-22T18:40:12.022+0000] {standard_task_runner.py:55} INFO - Started process 80028 to run task
[2024-12-22T18:40:12.024+0000] {standard_task_runner.py:82} INFO - Running: ['***', 'tasks', 'run', 'user_processing', 'extract_user_data', 'manual__2024-12-22T18:40:08.924278+00:00', '--job-id', '183', '--raw', '--subdir', 'DAGS_FOLDER/user_processing.py', '--cfg-path', '/tmp/tmpwh9c16wu']
[2024-12-22T18:40:12.024+0000] {standard_task_runner.py:83} INFO - Job 183: Subtask extract_user_data
[2024-12-22T18:40:12.046+0000] {task_command.py:388} INFO - Running <TaskInstance: user_processing.extract_user_data manual__2024-12-22T18:40:08.924278+00:00 [running]> on host 44e036a430cc
[2024-12-22T18:40:12.070+0000] {taskinstance.py:1509} INFO - Exporting the following env vars:
AIRFLOW_CTX_DAG_OWNER=***
AIRFLOW_CTX_DAG_ID=user_processing
AIRFLOW_CTX_TASK_ID=extract_user_data
AIRFLOW_CTX_EXECUTION_DATE=2024-12-22T18:40:08.924278+00:00
AIRFLOW_CTX_TRY_NUMBER=1
AIRFLOW_CTX_DAG_RUN_ID=manual__2024-12-22T18:40:08.924278+00:00
[2024-12-22T18:40:12.071+0000] {http.py:123} INFO - Calling HTTP method
[2024-12-22T18:40:12.074+0000] {base.py:73} INFO - Using connection ID 'user_api' for task execution.
[2024-12-22T18:40:12.120+0000] {warnings.py:110} WARNING - /home/***/.local/lib/python3.7/site-packages/urllib3/connectionpool.py:1052: InsecureRequestWarning: Unverified HTTPS request is being made to host 'randomuser.me'. Adding certificate verification is strongly advised. See: https://urllib3.readthedocs.io/en/1.26.x/advanced-usage.html#ssl-warnings
  InsecureRequestWarning,

[2024-12-22T18:40:12.458+0000] {http.py:127} INFO - {"results":[{"gender":"female","name":{"title":"Miss","first":"Sonali","last":"Almeida"},"location":{"street":{"number":8016,"name":"Lindsay St"},"city":"Bidhannagar","state":"Himachal Pradesh","country":"India","postcode":40606,"coordinates":{"latitude":"12.7523","longitude":"156.4463"},"timezone":{"offset":"-2:00","description":"Mid-Atlantic"}},"email":"sonali.almeida@example.com","login":{"uuid":"d036c726-5885-4a82-af9c-36f68dd4ee12","username":"silverduck451","password":"meowmeow","salt":"IFvNGkk0","md5":"7a61adbf34c29f3389c73160b9549a20","sha1":"12bdcb94bacc74789b1bc391f6519b4ef27e98e0","sha256":"35689aba943d335c8b3db47e1b3c9d519d76ac90ae8a238abf423e3e59881d02"},"dob":{"date":"1998-07-04T19:27:25.099Z","age":26},"registered":{"date":"2009-11-12T05:20:03.785Z","age":15},"phone":"9829901926","cell":"9876549426","id":{"name":"UIDAI","value":"797465477910"},"picture":{"large":"https://randomuser.me/api/portraits/women/52.jpg","medium":"https://randomuser.me/api/portraits/med/women/52.jpg","thumbnail":"https://randomuser.me/api/portraits/thumb/women/52.jpg"},"nat":"IN"}],"info":{"seed":"c9bc2d07b30e96a5","results":1,"page":1,"version":"1.4"}}
[2024-12-22T18:40:12.561+0000] {taskinstance.py:1323} INFO - Marking task as SUCCESS. dag_id=user_processing, task_id=extract_user_data, execution_date=20241222T184008, start_date=20241222T184012, end_date=20241222T184012
[2024-12-22T18:40:12.594+0000] {local_task_job.py:208} INFO - Task exited with return code 0
[2024-12-22T18:40:12.606+0000] {taskinstance.py:2578} INFO - 1 downstream tasks scheduled from follow-on schedule check
