[2024-12-15T04:20:35.484+0000] {taskinstance.py:1083} INFO - Dependencies all met for <TaskInstance: user_processing.create_table manual__2024-12-15T04:20:34.761209+00:00 [queued]>
[2024-12-15T04:20:35.487+0000] {taskinstance.py:1083} INFO - Dependencies all met for <TaskInstance: user_processing.create_table manual__2024-12-15T04:20:34.761209+00:00 [queued]>
[2024-12-15T04:20:35.487+0000] {taskinstance.py:1279} INFO - 
--------------------------------------------------------------------------------
[2024-12-15T04:20:35.487+0000] {taskinstance.py:1280} INFO - Starting attempt 1 of 1
[2024-12-15T04:20:35.488+0000] {taskinstance.py:1281} INFO - 
--------------------------------------------------------------------------------
[2024-12-15T04:20:35.492+0000] {taskinstance.py:1300} INFO - Executing <Task(PostgresOperator): create_table> on 2024-12-15 04:20:34.761209+00:00
[2024-12-15T04:20:35.495+0000] {standard_task_runner.py:55} INFO - Started process 7465 to run task
[2024-12-15T04:20:35.496+0000] {standard_task_runner.py:82} INFO - Running: ['***', 'tasks', 'run', 'user_processing', 'create_table', 'manual__2024-12-15T04:20:34.761209+00:00', '--job-id', '105', '--raw', '--subdir', 'DAGS_FOLDER/user_processing.py', '--cfg-path', '/tmp/tmpnsrp575o']
[2024-12-15T04:20:35.496+0000] {standard_task_runner.py:83} INFO - Job 105: Subtask create_table
[2024-12-15T04:20:35.519+0000] {task_command.py:388} INFO - Running <TaskInstance: user_processing.create_table manual__2024-12-15T04:20:34.761209+00:00 [running]> on host 44e036a430cc
[2024-12-15T04:20:35.543+0000] {taskinstance.py:1509} INFO - Exporting the following env vars:
AIRFLOW_CTX_DAG_OWNER=***
AIRFLOW_CTX_DAG_ID=user_processing
AIRFLOW_CTX_TASK_ID=create_table
AIRFLOW_CTX_EXECUTION_DATE=2024-12-15T04:20:34.761209+00:00
AIRFLOW_CTX_TRY_NUMBER=1
AIRFLOW_CTX_DAG_RUN_ID=manual__2024-12-15T04:20:34.761209+00:00
[2024-12-15T04:20:35.545+0000] {sql.py:254} INFO - Executing: CREATE TABLE IF NOT EXISTS users (
            firstname TEXT NOT NULL,
            lastname TEXT NOT NULL,
            country TEXT NOT NULL,
            username TEXT NOT NULL,
            password TEXT NOT NULL,
            email TEXT NOT NULL);
[2024-12-15T04:20:35.547+0000] {base.py:73} INFO - Using connection ID 'postgres' for task execution.
[2024-12-15T04:20:35.621+0000] {base.py:73} INFO - Using connection ID 'postgres' for task execution.
[2024-12-15T04:20:35.622+0000] {sql.py:375} INFO - Running statement: CREATE TABLE IF NOT EXISTS users (
            firstname TEXT NOT NULL,
            lastname TEXT NOT NULL,
            country TEXT NOT NULL,
            username TEXT NOT NULL,
            password TEXT NOT NULL,
            email TEXT NOT NULL);, parameters: None
[2024-12-15T04:20:35.625+0000] {taskinstance.py:1323} INFO - Marking task as SUCCESS. dag_id=user_processing, task_id=create_table, execution_date=20241215T042034, start_date=20241215T042035, end_date=20241215T042035
[2024-12-15T04:20:35.641+0000] {local_task_job.py:208} INFO - Task exited with return code 0
[2024-12-15T04:20:35.655+0000] {taskinstance.py:2578} INFO - 1 downstream tasks scheduled from follow-on schedule check
