[2025-05-24T00:01:42.194+0000] {taskinstance.py:1083} INFO - Dependencies all met for <TaskInstance: parallel_dag.load_b scheduled__2025-05-23T00:00:00+00:00 [queued]>
[2025-05-24T00:01:42.198+0000] {taskinstance.py:1083} INFO - Dependencies all met for <TaskInstance: parallel_dag.load_b scheduled__2025-05-23T00:00:00+00:00 [queued]>
[2025-05-24T00:01:42.198+0000] {taskinstance.py:1279} INFO - 
--------------------------------------------------------------------------------
[2025-05-24T00:01:42.198+0000] {taskinstance.py:1280} INFO - Starting attempt 1 of 1
[2025-05-24T00:01:42.198+0000] {taskinstance.py:1281} INFO - 
--------------------------------------------------------------------------------
[2025-05-24T00:01:42.203+0000] {taskinstance.py:1300} INFO - Executing <Task(BashOperator): load_b> on 2025-05-23 00:00:00+00:00
[2025-05-24T00:01:42.206+0000] {standard_task_runner.py:55} INFO - Started process 19469 to run task
[2025-05-24T00:01:42.208+0000] {standard_task_runner.py:82} INFO - Running: ['***', 'tasks', 'run', 'parallel_dag', 'load_b', 'scheduled__2025-05-23T00:00:00+00:00', '--job-id', '508', '--raw', '--subdir', 'DAGS_FOLDER/parallel_dag.py', '--cfg-path', '/tmp/tmpldc1t_6n']
[2025-05-24T00:01:42.209+0000] {standard_task_runner.py:83} INFO - Job 508: Subtask load_b
[2025-05-24T00:01:42.233+0000] {task_command.py:388} INFO - Running <TaskInstance: parallel_dag.load_b scheduled__2025-05-23T00:00:00+00:00 [running]> on host 74c05f868d26
[2025-05-24T00:01:42.260+0000] {taskinstance.py:1509} INFO - Exporting the following env vars:
AIRFLOW_CTX_DAG_OWNER=***
AIRFLOW_CTX_DAG_ID=parallel_dag
AIRFLOW_CTX_TASK_ID=load_b
AIRFLOW_CTX_EXECUTION_DATE=2025-05-23T00:00:00+00:00
AIRFLOW_CTX_TRY_NUMBER=1
AIRFLOW_CTX_DAG_RUN_ID=scheduled__2025-05-23T00:00:00+00:00
[2025-05-24T00:01:42.260+0000] {subprocess.py:63} INFO - Tmp dir root location: 
 /tmp
[2025-05-24T00:01:42.261+0000] {subprocess.py:75} INFO - Running command: ['/bin/bash', '-c', 'sleep 10']
[2025-05-24T00:01:42.267+0000] {subprocess.py:86} INFO - Output:
[2025-05-24T00:01:52.269+0000] {subprocess.py:97} INFO - Command exited with return code 0
[2025-05-24T00:01:52.282+0000] {taskinstance.py:1323} INFO - Marking task as SUCCESS. dag_id=parallel_dag, task_id=load_b, execution_date=20250523T000000, start_date=20250524T000142, end_date=20250524T000152
[2025-05-24T00:01:52.303+0000] {local_task_job.py:208} INFO - Task exited with return code 0
[2025-05-24T00:01:52.311+0000] {taskinstance.py:2578} INFO - 0 downstream tasks scheduled from follow-on schedule check
