[2025-05-14T00:03:43.010+0000] {taskinstance.py:1083} INFO - Dependencies all met for <TaskInstance: parallel_dag.extract_b scheduled__2025-05-13T00:00:00+00:00 [queued]>
[2025-05-14T00:03:43.019+0000] {taskinstance.py:1083} INFO - Dependencies all met for <TaskInstance: parallel_dag.extract_b scheduled__2025-05-13T00:00:00+00:00 [queued]>
[2025-05-14T00:03:43.019+0000] {taskinstance.py:1279} INFO - 
--------------------------------------------------------------------------------
[2025-05-14T00:03:43.019+0000] {taskinstance.py:1280} INFO - Starting attempt 1 of 1
[2025-05-14T00:03:43.020+0000] {taskinstance.py:1281} INFO - 
--------------------------------------------------------------------------------
[2025-05-14T00:03:43.030+0000] {taskinstance.py:1300} INFO - Executing <Task(BashOperator): extract_b> on 2025-05-13 00:00:00+00:00
[2025-05-14T00:03:43.033+0000] {standard_task_runner.py:55} INFO - Started process 81118 to run task
[2025-05-14T00:03:43.035+0000] {standard_task_runner.py:82} INFO - Running: ['***', 'tasks', 'run', 'parallel_dag', 'extract_b', 'scheduled__2025-05-13T00:00:00+00:00', '--job-id', '209', '--raw', '--subdir', 'DAGS_FOLDER/parallel_dag.py', '--cfg-path', '/tmp/tmpqx4dzu8x']
[2025-05-14T00:03:43.035+0000] {standard_task_runner.py:83} INFO - Job 209: Subtask extract_b
[2025-05-14T00:03:43.067+0000] {task_command.py:388} INFO - Running <TaskInstance: parallel_dag.extract_b scheduled__2025-05-13T00:00:00+00:00 [running]> on host b1064f4ed60e
[2025-05-14T00:03:43.103+0000] {taskinstance.py:1509} INFO - Exporting the following env vars:
AIRFLOW_CTX_DAG_OWNER=***
AIRFLOW_CTX_DAG_ID=parallel_dag
AIRFLOW_CTX_TASK_ID=extract_b
AIRFLOW_CTX_EXECUTION_DATE=2025-05-13T00:00:00+00:00
AIRFLOW_CTX_TRY_NUMBER=1
AIRFLOW_CTX_DAG_RUN_ID=scheduled__2025-05-13T00:00:00+00:00
[2025-05-14T00:03:43.104+0000] {subprocess.py:63} INFO - Tmp dir root location: 
 /tmp
[2025-05-14T00:03:43.104+0000] {subprocess.py:75} INFO - Running command: ['/bin/bash', '-c', 'sleep 10']
[2025-05-14T00:03:43.109+0000] {subprocess.py:86} INFO - Output:
[2025-05-14T00:03:53.111+0000] {subprocess.py:97} INFO - Command exited with return code 0
[2025-05-14T00:03:53.129+0000] {taskinstance.py:1323} INFO - Marking task as SUCCESS. dag_id=parallel_dag, task_id=extract_b, execution_date=20250513T000000, start_date=20250514T000343, end_date=20250514T000353
[2025-05-14T00:03:53.152+0000] {local_task_job.py:208} INFO - Task exited with return code 0
[2025-05-14T00:03:53.177+0000] {taskinstance.py:2578} INFO - 1 downstream tasks scheduled from follow-on schedule check
