[2025-01-11T20:58:15.406+0000] {taskinstance.py:1083} INFO - Dependencies all met for <TaskInstance: user_processing.extract_user_data scheduled__2025-01-10T00:00:00+00:00 [queued]>
[2025-01-11T20:58:15.410+0000] {taskinstance.py:1083} INFO - Dependencies all met for <TaskInstance: user_processing.extract_user_data scheduled__2025-01-10T00:00:00+00:00 [queued]>
[2025-01-11T20:58:15.410+0000] {taskinstance.py:1279} INFO - 
--------------------------------------------------------------------------------
[2025-01-11T20:58:15.410+0000] {taskinstance.py:1280} INFO - Starting attempt 1 of 1
[2025-01-11T20:58:15.410+0000] {taskinstance.py:1281} INFO - 
--------------------------------------------------------------------------------
[2025-01-11T20:58:15.417+0000] {taskinstance.py:1300} INFO - Executing <Task(SimpleHttpOperator): extract_user_data> on 2025-01-10 00:00:00+00:00
[2025-01-11T20:58:15.420+0000] {standard_task_runner.py:55} INFO - Started process 13981 to run task
[2025-01-11T20:58:15.422+0000] {standard_task_runner.py:82} INFO - Running: ['***', 'tasks', 'run', 'user_processing', 'extract_user_data', 'scheduled__2025-01-10T00:00:00+00:00', '--job-id', '276', '--raw', '--subdir', 'DAGS_FOLDER/user_processing.py', '--cfg-path', '/tmp/tmpcpmfmfqp']
[2025-01-11T20:58:15.422+0000] {standard_task_runner.py:83} INFO - Job 276: Subtask extract_user_data
[2025-01-11T20:58:15.450+0000] {task_command.py:388} INFO - Running <TaskInstance: user_processing.extract_user_data scheduled__2025-01-10T00:00:00+00:00 [running]> on host 44e036a430cc
[2025-01-11T20:58:15.482+0000] {taskinstance.py:1509} INFO - Exporting the following env vars:
AIRFLOW_CTX_DAG_OWNER=***
AIRFLOW_CTX_DAG_ID=user_processing
AIRFLOW_CTX_TASK_ID=extract_user_data
AIRFLOW_CTX_EXECUTION_DATE=2025-01-10T00:00:00+00:00
AIRFLOW_CTX_TRY_NUMBER=1
AIRFLOW_CTX_DAG_RUN_ID=scheduled__2025-01-10T00:00:00+00:00
[2025-01-11T20:58:15.483+0000] {http.py:123} INFO - Calling HTTP method
[2025-01-11T20:58:15.487+0000] {base.py:73} INFO - Using connection ID 'user_api' for task execution.
[2025-01-11T20:58:15.562+0000] {warnings.py:110} WARNING - /home/***/.local/lib/python3.7/site-packages/urllib3/connectionpool.py:1052: InsecureRequestWarning: Unverified HTTPS request is being made to host 'randomuser.me'. Adding certificate verification is strongly advised. See: https://urllib3.readthedocs.io/en/1.26.x/advanced-usage.html#ssl-warnings
  InsecureRequestWarning,

[2025-01-11T20:58:15.651+0000] {http.py:127} INFO - {"results":[{"gender":"female","name":{"title":"Madame","first":"Vivien","last":"Dumas"},"location":{"street":{"number":4467,"name":"Avenue Jean-Jaurès"},"city":"Wittinsburg","state":"Solothurn","country":"Switzerland","postcode":8499,"coordinates":{"latitude":"-58.9076","longitude":"89.3976"},"timezone":{"offset":"-9:00","description":"Alaska"}},"email":"vivien.dumas@example.com","login":{"uuid":"f3e171fa-74ef-48d9-978b-e3aeb8dcd130","username":"sadtiger278","password":"lions","salt":"r30HYKYE","md5":"9ac679c66b67da7d6de776ae52275ab8","sha1":"7a30be89b8b02c01865702aa29cdcb094229ca85","sha256":"6d3503e855e102dfd6a3acb68ff471bea35733d2e45980c6bc9073385690e1f8"},"dob":{"date":"1981-09-25T13:59:23.396Z","age":43},"registered":{"date":"2020-01-30T14:47:46.028Z","age":4},"phone":"078 802 03 45","cell":"075 116 27 78","id":{"name":"AVS","value":"756.1531.5580.50"},"picture":{"large":"https://randomuser.me/api/portraits/women/67.jpg","medium":"https://randomuser.me/api/portraits/med/women/67.jpg","thumbnail":"https://randomuser.me/api/portraits/thumb/women/67.jpg"},"nat":"CH"}],"info":{"seed":"e4932e4b79161711","results":1,"page":1,"version":"1.4"}}
[2025-01-11T20:58:15.827+0000] {taskinstance.py:1323} INFO - Marking task as SUCCESS. dag_id=user_processing, task_id=extract_user_data, execution_date=20250110T000000, start_date=20250111T205815, end_date=20250111T205815
[2025-01-11T20:58:15.860+0000] {local_task_job.py:208} INFO - Task exited with return code 0
[2025-01-11T20:58:15.875+0000] {taskinstance.py:2578} INFO - 1 downstream tasks scheduled from follow-on schedule check
