[2025-06-05T00:12:51.637+0000] {taskinstance.py:1083} INFO - Dependencies all met for <TaskInstance: consumer.read_data dataset_triggered__2025-06-05T00:12:50.758314+00:00 [queued]>
[2025-06-05T00:12:51.642+0000] {taskinstance.py:1083} INFO - Dependencies all met for <TaskInstance: consumer.read_data dataset_triggered__2025-06-05T00:12:50.758314+00:00 [queued]>
[2025-06-05T00:12:51.643+0000] {taskinstance.py:1279} INFO - 
--------------------------------------------------------------------------------
[2025-06-05T00:12:51.643+0000] {taskinstance.py:1280} INFO - Starting attempt 1 of 1
[2025-06-05T00:12:51.643+0000] {taskinstance.py:1281} INFO - 
--------------------------------------------------------------------------------
[2025-06-05T00:12:51.649+0000] {taskinstance.py:1300} INFO - Executing <Task(_PythonDecoratedOperator): read_data> on 2025-06-05 00:12:50.758314+00:00
[2025-06-05T00:12:51.651+0000] {standard_task_runner.py:55} INFO - Started process 425 to run task
[2025-06-05T00:12:51.652+0000] {standard_task_runner.py:82} INFO - Running: ['***', 'tasks', 'run', 'consumer', 'read_data', 'dataset_triggered__2025-06-05T00:12:50.758314+00:00', '--job-id', '708', '--raw', '--subdir', 'DAGS_FOLDER/consumer.py', '--cfg-path', '/tmp/tmp_8yldajg']
[2025-06-05T00:12:51.655+0000] {standard_task_runner.py:83} INFO - Job 708: Subtask read_data
[2025-06-05T00:12:51.687+0000] {task_command.py:388} INFO - Running <TaskInstance: consumer.read_data dataset_triggered__2025-06-05T00:12:50.758314+00:00 [running]> on host 74c05f868d26
[2025-06-05T00:12:51.716+0000] {taskinstance.py:1509} INFO - Exporting the following env vars:
AIRFLOW_CTX_DAG_OWNER=***
AIRFLOW_CTX_DAG_ID=consumer
AIRFLOW_CTX_TASK_ID=read_data
AIRFLOW_CTX_EXECUTION_DATE=2025-06-05T00:12:50.758314+00:00
AIRFLOW_CTX_TRY_NUMBER=1
AIRFLOW_CTX_DAG_RUN_ID=dataset_triggered__2025-06-05T00:12:50.758314+00:00
[2025-06-05T00:12:51.717+0000] {logging_mixin.py:137} INFO - updated producerupdated producerupdated producerupdated producerupdated producerupdated producerproducer updateproducer updateproducer updateproducer updateupdated producerproducer updateupdated producerupdated producerproducer updateupdated producerproducer updateproducer updateupdated producerproducer updateupdated producer
[2025-06-05T00:12:51.717+0000] {python.py:177} INFO - Done. Returned value was: None
[2025-06-05T00:12:51.721+0000] {taskinstance.py:1323} INFO - Marking task as SUCCESS. dag_id=consumer, task_id=read_data, execution_date=20250605T001250, start_date=20250605T001251, end_date=20250605T001251
[2025-06-05T00:12:51.752+0000] {local_task_job.py:208} INFO - Task exited with return code 0
[2025-06-05T00:12:51.759+0000] {taskinstance.py:2578} INFO - 0 downstream tasks scheduled from follow-on schedule check
