[2024-12-22T18:34:09.516+0000] {taskinstance.py:1083} INFO - Dependencies all met for <TaskInstance: user_processing.extract_user_data manual__2024-12-22T18:34:06.916770+00:00 [queued]>
[2024-12-22T18:34:09.520+0000] {taskinstance.py:1083} INFO - Dependencies all met for <TaskInstance: user_processing.extract_user_data manual__2024-12-22T18:34:06.916770+00:00 [queued]>
[2024-12-22T18:34:09.520+0000] {taskinstance.py:1279} INFO - 
--------------------------------------------------------------------------------
[2024-12-22T18:34:09.520+0000] {taskinstance.py:1280} INFO - Starting attempt 1 of 1
[2024-12-22T18:34:09.520+0000] {taskinstance.py:1281} INFO - 
--------------------------------------------------------------------------------
[2024-12-22T18:34:09.526+0000] {taskinstance.py:1300} INFO - Executing <Task(SimpleHttpOperator): extract_user_data> on 2024-12-22 18:34:06.916770+00:00
[2024-12-22T18:34:09.528+0000] {standard_task_runner.py:55} INFO - Started process 79439 to run task
[2024-12-22T18:34:09.530+0000] {standard_task_runner.py:82} INFO - Running: ['***', 'tasks', 'run', 'user_processing', 'extract_user_data', 'manual__2024-12-22T18:34:06.916770+00:00', '--job-id', '168', '--raw', '--subdir', 'DAGS_FOLDER/user_processing.py', '--cfg-path', '/tmp/tmpn40tc5g3']
[2024-12-22T18:34:09.530+0000] {standard_task_runner.py:83} INFO - Job 168: Subtask extract_user_data
[2024-12-22T18:34:09.553+0000] {task_command.py:388} INFO - Running <TaskInstance: user_processing.extract_user_data manual__2024-12-22T18:34:06.916770+00:00 [running]> on host 44e036a430cc
[2024-12-22T18:34:09.577+0000] {taskinstance.py:1509} INFO - Exporting the following env vars:
AIRFLOW_CTX_DAG_OWNER=***
AIRFLOW_CTX_DAG_ID=user_processing
AIRFLOW_CTX_TASK_ID=extract_user_data
AIRFLOW_CTX_EXECUTION_DATE=2024-12-22T18:34:06.916770+00:00
AIRFLOW_CTX_TRY_NUMBER=1
AIRFLOW_CTX_DAG_RUN_ID=manual__2024-12-22T18:34:06.916770+00:00
[2024-12-22T18:34:09.578+0000] {http.py:123} INFO - Calling HTTP method
[2024-12-22T18:34:09.581+0000] {base.py:73} INFO - Using connection ID 'user_api' for task execution.
[2024-12-22T18:34:09.638+0000] {warnings.py:110} WARNING - /home/***/.local/lib/python3.7/site-packages/urllib3/connectionpool.py:1052: InsecureRequestWarning: Unverified HTTPS request is being made to host 'randomuser.me'. Adding certificate verification is strongly advised. See: https://urllib3.readthedocs.io/en/1.26.x/advanced-usage.html#ssl-warnings
  InsecureRequestWarning,

[2024-12-22T18:34:09.802+0000] {http.py:127} INFO - {"results":[{"gender":"male","name":{"title":"Mr","first":"Ranbir","last":"Moolya"},"location":{"street":{"number":1875,"name":"Sitabuldi Main Rd"},"city":"Kochi","state":"Goa","country":"India","postcode":13756,"coordinates":{"latitude":"7.5584","longitude":"-70.0562"},"timezone":{"offset":"-12:00","description":"Eniwetok, Kwajalein"}},"email":"ranbir.moolya@example.com","login":{"uuid":"b802e840-0f03-4505-85a4-8cf981dfe24a","username":"redfish587","password":"flamingo","salt":"c8aovbvG","md5":"ca1e6cb394ed00c217466bfadaf211dd","sha1":"0cafa14a4c1e469b488e11cb38cf188f251e80c4","sha256":"ce091682768515aec23d58c2d4cc33cff9956ae6d757140502222e06aa6ab5ef"},"dob":{"date":"1989-01-04T12:28:30.524Z","age":35},"registered":{"date":"2021-09-19T08:42:08.607Z","age":3},"phone":"8089812622","cell":"7314226342","id":{"name":"UIDAI","value":"723474659811"},"picture":{"large":"https://randomuser.me/api/portraits/men/61.jpg","medium":"https://randomuser.me/api/portraits/med/men/61.jpg","thumbnail":"https://randomuser.me/api/portraits/thumb/men/61.jpg"},"nat":"IN"}],"info":{"seed":"51adf33f2175de6f","results":1,"page":1,"version":"1.4"}}
[2024-12-22T18:34:09.936+0000] {taskinstance.py:1323} INFO - Marking task as SUCCESS. dag_id=user_processing, task_id=extract_user_data, execution_date=20241222T183406, start_date=20241222T183409, end_date=20241222T183409
[2024-12-22T18:34:09.972+0000] {local_task_job.py:208} INFO - Task exited with return code 0
[2024-12-22T18:34:09.983+0000] {taskinstance.py:2578} INFO - 1 downstream tasks scheduled from follow-on schedule check
