[2025-04-25T05:16:56.350+0000] {taskinstance.py:1083} INFO - Dependencies all met for <TaskInstance: user_processing.is_api_available manual__2025-04-25T05:16:54.882533+00:00 [queued]>
[2025-04-25T05:16:56.354+0000] {taskinstance.py:1083} INFO - Dependencies all met for <TaskInstance: user_processing.is_api_available manual__2025-04-25T05:16:54.882533+00:00 [queued]>
[2025-04-25T05:16:56.354+0000] {taskinstance.py:1279} INFO - 
--------------------------------------------------------------------------------
[2025-04-25T05:16:56.354+0000] {taskinstance.py:1280} INFO - Starting attempt 1 of 1
[2025-04-25T05:16:56.354+0000] {taskinstance.py:1281} INFO - 
--------------------------------------------------------------------------------
[2025-04-25T05:16:56.359+0000] {taskinstance.py:1300} INFO - Executing <Task(HttpSensor): is_api_available> on 2025-04-25 05:16:54.882533+00:00
[2025-04-25T05:16:56.362+0000] {standard_task_runner.py:55} INFO - Started process 11013 to run task
[2025-04-25T05:16:56.363+0000] {standard_task_runner.py:82} INFO - Running: ['***', 'tasks', 'run', 'user_processing', 'is_api_available', 'manual__2025-04-25T05:16:54.882533+00:00', '--job-id', '24', '--raw', '--subdir', 'DAGS_FOLDER/user_processing.py', '--cfg-path', '/tmp/tmp0zh06mp3']
[2025-04-25T05:16:56.364+0000] {standard_task_runner.py:83} INFO - Job 24: Subtask is_api_available
[2025-04-25T05:16:56.389+0000] {task_command.py:388} INFO - Running <TaskInstance: user_processing.is_api_available manual__2025-04-25T05:16:54.882533+00:00 [running]> on host b08efc87d46b
[2025-04-25T05:16:56.415+0000] {taskinstance.py:1509} INFO - Exporting the following env vars:
AIRFLOW_CTX_DAG_OWNER=***
AIRFLOW_CTX_DAG_ID=user_processing
AIRFLOW_CTX_TASK_ID=is_api_available
AIRFLOW_CTX_EXECUTION_DATE=2025-04-25T05:16:54.882533+00:00
AIRFLOW_CTX_TRY_NUMBER=1
AIRFLOW_CTX_DAG_RUN_ID=manual__2025-04-25T05:16:54.882533+00:00
[2025-04-25T05:16:56.416+0000] {http.py:122} INFO - Poking: api/
[2025-04-25T05:16:56.419+0000] {base.py:73} INFO - Using connection ID 'user_api' for task execution.
[2025-04-25T05:16:56.538+0000] {warnings.py:110} WARNING - /home/***/.local/lib/python3.7/site-packages/urllib3/connectionpool.py:1052: InsecureRequestWarning: Unverified HTTPS request is being made to host 'randomuser.me'. Adding certificate verification is strongly advised. See: https://urllib3.readthedocs.io/en/1.26.x/advanced-usage.html#ssl-warnings
  InsecureRequestWarning,

[2025-04-25T05:17:08.946+0000] {base.py:228} INFO - Success criteria met. Exiting.
[2025-04-25T05:17:08.967+0000] {taskinstance.py:1323} INFO - Marking task as SUCCESS. dag_id=user_processing, task_id=is_api_available, execution_date=20250425T051654, start_date=20250425T051656, end_date=20250425T051708
[2025-04-25T05:17:08.998+0000] {local_task_job.py:208} INFO - Task exited with return code 0
[2025-04-25T05:17:09.022+0000] {taskinstance.py:2578} INFO - 1 downstream tasks scheduled from follow-on schedule check
