[2025-01-15T00:05:42.397+0000] {taskinstance.py:1083} INFO - Dependencies all met for <TaskInstance: consumer.read_data dataset_triggered__2025-01-15T00:05:41.626784+00:00 [queued]>
[2025-01-15T00:05:42.406+0000] {taskinstance.py:1083} INFO - Dependencies all met for <TaskInstance: consumer.read_data dataset_triggered__2025-01-15T00:05:41.626784+00:00 [queued]>
[2025-01-15T00:05:42.407+0000] {taskinstance.py:1279} INFO - 
--------------------------------------------------------------------------------
[2025-01-15T00:05:42.407+0000] {taskinstance.py:1280} INFO - Starting attempt 1 of 1
[2025-01-15T00:05:42.407+0000] {taskinstance.py:1281} INFO - 
--------------------------------------------------------------------------------
[2025-01-15T00:05:42.421+0000] {taskinstance.py:1300} INFO - Executing <Task(_PythonDecoratedOperator): read_data> on 2025-01-15 00:05:41.626784+00:00
[2025-01-15T00:05:42.425+0000] {standard_task_runner.py:55} INFO - Started process 24496 to run task
[2025-01-15T00:05:42.427+0000] {standard_task_runner.py:82} INFO - Running: ['***', 'tasks', 'run', 'consumer', 'read_data', 'dataset_triggered__2025-01-15T00:05:41.626784+00:00', '--job-id', '314', '--raw', '--subdir', 'DAGS_FOLDER/consumer.py', '--cfg-path', '/tmp/tmp2lkb552h']
[2025-01-15T00:05:42.427+0000] {standard_task_runner.py:83} INFO - Job 314: Subtask read_data
[2025-01-15T00:05:42.467+0000] {task_command.py:388} INFO - Running <TaskInstance: consumer.read_data dataset_triggered__2025-01-15T00:05:41.626784+00:00 [running]> on host 6a497d97bc7e
[2025-01-15T00:05:42.501+0000] {taskinstance.py:1509} INFO - Exporting the following env vars:
AIRFLOW_CTX_DAG_OWNER=***
AIRFLOW_CTX_DAG_ID=consumer
AIRFLOW_CTX_TASK_ID=read_data
AIRFLOW_CTX_EXECUTION_DATE=2025-01-15T00:05:41.626784+00:00
AIRFLOW_CTX_TRY_NUMBER=1
AIRFLOW_CTX_DAG_RUN_ID=dataset_triggered__2025-01-15T00:05:41.626784+00:00
[2025-01-15T00:05:42.501+0000] {logging_mixin.py:137} INFO - producer updateproducer updateproducer updateproducer update
[2025-01-15T00:05:42.502+0000] {python.py:177} INFO - Done. Returned value was: None
[2025-01-15T00:05:42.507+0000] {taskinstance.py:1323} INFO - Marking task as SUCCESS. dag_id=consumer, task_id=read_data, execution_date=20250115T000541, start_date=20250115T000542, end_date=20250115T000542
[2025-01-15T00:05:42.567+0000] {local_task_job.py:208} INFO - Task exited with return code 0
[2025-01-15T00:05:42.589+0000] {taskinstance.py:2578} INFO - 0 downstream tasks scheduled from follow-on schedule check
