[2025-05-02T19:19:31.735+0000] {taskinstance.py:1083} INFO - Dependencies all met for <TaskInstance: user_processing.create_table scheduled__2025-05-01T00:00:00+00:00 [queued]>
[2025-05-02T19:19:31.868+0000] {taskinstance.py:1083} INFO - Dependencies all met for <TaskInstance: user_processing.create_table scheduled__2025-05-01T00:00:00+00:00 [queued]>
[2025-05-02T19:19:31.880+0000] {taskinstance.py:1279} INFO - 
--------------------------------------------------------------------------------
[2025-05-02T19:19:31.884+0000] {taskinstance.py:1280} INFO - Starting attempt 1 of 1
[2025-05-02T19:19:31.887+0000] {taskinstance.py:1281} INFO - 
--------------------------------------------------------------------------------
[2025-05-02T19:19:31.906+0000] {taskinstance.py:1300} INFO - Executing <Task(PostgresOperator): create_table> on 2025-05-01 00:00:00+00:00
[2025-05-02T19:19:31.912+0000] {standard_task_runner.py:55} INFO - Started process 1785 to run task
[2025-05-02T19:19:31.918+0000] {standard_task_runner.py:82} INFO - Running: ['***', 'tasks', 'run', 'user_processing', 'create_table', 'scheduled__2025-05-01T00:00:00+00:00', '--job-id', '46', '--raw', '--subdir', 'DAGS_FOLDER/user_processing.py', '--cfg-path', '/tmp/tmp646_rbyb']
[2025-05-02T19:19:31.918+0000] {standard_task_runner.py:83} INFO - Job 46: Subtask create_table
[2025-05-02T19:19:32.008+0000] {task_command.py:388} INFO - Running <TaskInstance: user_processing.create_table scheduled__2025-05-01T00:00:00+00:00 [running]> on host b08efc87d46b
[2025-05-02T19:19:32.100+0000] {taskinstance.py:1509} INFO - Exporting the following env vars:
AIRFLOW_CTX_DAG_OWNER=***
AIRFLOW_CTX_DAG_ID=user_processing
AIRFLOW_CTX_TASK_ID=create_table
AIRFLOW_CTX_EXECUTION_DATE=2025-05-01T00:00:00+00:00
AIRFLOW_CTX_TRY_NUMBER=1
AIRFLOW_CTX_DAG_RUN_ID=scheduled__2025-05-01T00:00:00+00:00
[2025-05-02T19:19:32.103+0000] {sql.py:254} INFO - Executing: CREATE TABLE IF NOT EXISTS users (
            firstname TEXT NOT NULL,
            lastname TEXT NOT NULL,
            country TEXT NOT NULL,
            username TEXT NOT NULL,
            password TEXT NOT NULL,
            email TEXT NOT NULL);
[2025-05-02T19:19:32.114+0000] {base.py:73} INFO - Using connection ID 'postgres' for task execution.
[2025-05-02T19:19:32.325+0000] {base.py:73} INFO - Using connection ID 'postgres' for task execution.
[2025-05-02T19:19:32.380+0000] {sql.py:375} INFO - Running statement: CREATE TABLE IF NOT EXISTS users (
            firstname TEXT NOT NULL,
            lastname TEXT NOT NULL,
            country TEXT NOT NULL,
            username TEXT NOT NULL,
            password TEXT NOT NULL,
            email TEXT NOT NULL);, parameters: None
[2025-05-02T19:19:32.398+0000] {taskinstance.py:1323} INFO - Marking task as SUCCESS. dag_id=user_processing, task_id=create_table, execution_date=20250501T000000, start_date=20250502T191931, end_date=20250502T191932
[2025-05-02T19:19:32.443+0000] {local_task_job.py:208} INFO - Task exited with return code 0
[2025-05-02T19:19:32.479+0000] {taskinstance.py:2578} INFO - 1 downstream tasks scheduled from follow-on schedule check
