[2025-05-29T00:00:59.768+0000] {taskinstance.py:1083} INFO - Dependencies all met for <TaskInstance: user_processing.extract_user_data scheduled__2025-05-28T00:00:00+00:00 [queued]>
[2025-05-29T00:00:59.772+0000] {taskinstance.py:1083} INFO - Dependencies all met for <TaskInstance: user_processing.extract_user_data scheduled__2025-05-28T00:00:00+00:00 [queued]>
[2025-05-29T00:00:59.772+0000] {taskinstance.py:1279} INFO - 
--------------------------------------------------------------------------------
[2025-05-29T00:00:59.772+0000] {taskinstance.py:1280} INFO - Starting attempt 1 of 1
[2025-05-29T00:00:59.772+0000] {taskinstance.py:1281} INFO - 
--------------------------------------------------------------------------------
[2025-05-29T00:00:59.778+0000] {taskinstance.py:1300} INFO - Executing <Task(SimpleHttpOperator): extract_user_data> on 2025-05-28 00:00:00+00:00
[2025-05-29T00:00:59.780+0000] {standard_task_runner.py:55} INFO - Started process 24991 to run task
[2025-05-29T00:00:59.781+0000] {standard_task_runner.py:82} INFO - Running: ['***', 'tasks', 'run', 'user_processing', 'extract_user_data', 'scheduled__2025-05-28T00:00:00+00:00', '--job-id', '618', '--raw', '--subdir', 'DAGS_FOLDER/user_processing.py', '--cfg-path', '/tmp/tmpqvlh53ms']
[2025-05-29T00:00:59.782+0000] {standard_task_runner.py:83} INFO - Job 618: Subtask extract_user_data
[2025-05-29T00:00:59.804+0000] {task_command.py:388} INFO - Running <TaskInstance: user_processing.extract_user_data scheduled__2025-05-28T00:00:00+00:00 [running]> on host 74c05f868d26
[2025-05-29T00:00:59.828+0000] {taskinstance.py:1509} INFO - Exporting the following env vars:
AIRFLOW_CTX_DAG_OWNER=***
AIRFLOW_CTX_DAG_ID=user_processing
AIRFLOW_CTX_TASK_ID=extract_user_data
AIRFLOW_CTX_EXECUTION_DATE=2025-05-28T00:00:00+00:00
AIRFLOW_CTX_TRY_NUMBER=1
AIRFLOW_CTX_DAG_RUN_ID=scheduled__2025-05-28T00:00:00+00:00
[2025-05-29T00:00:59.828+0000] {http.py:123} INFO - Calling HTTP method
[2025-05-29T00:00:59.831+0000] {base.py:73} INFO - Using connection ID 'user_api' for task execution.
[2025-05-29T00:00:59.887+0000] {warnings.py:110} WARNING - /home/***/.local/lib/python3.7/site-packages/urllib3/connectionpool.py:1052: InsecureRequestWarning: Unverified HTTPS request is being made to host 'randomuser.me'. Adding certificate verification is strongly advised. See: https://urllib3.readthedocs.io/en/1.26.x/advanced-usage.html#ssl-warnings
  InsecureRequestWarning,

[2025-05-29T00:01:00.010+0000] {http.py:127} INFO - {"results":[{"gender":"female","name":{"title":"Mrs","first":"Ellen","last":"Garcia"},"location":{"street":{"number":3060,"name":"Walnut Hill Ln"},"city":"Launceston","state":"New South Wales","country":"Australia","postcode":1045,"coordinates":{"latitude":"-87.7268","longitude":"87.1360"},"timezone":{"offset":"+5:30","description":"Bombay, Calcutta, Madras, New Delhi"}},"email":"ellen.garcia@example.com","login":{"uuid":"44ab4f82-c8d4-450a-ab5e-65fc1f4e6a11","username":"tinygorilla382","password":"freeway","salt":"GYqwaQhR","md5":"3fbc6c4e9f48ba753dbf4c0189cced29","sha1":"4e74f7c8b095f0c92e3285d1a57d04e45caa48e1","sha256":"0c4fd61f06205c0bf8e34355675362e71c4e890344082e629e7c5caf744e91ab"},"dob":{"date":"1998-08-18T01:43:56.411Z","age":26},"registered":{"date":"2018-02-11T19:09:41.830Z","age":7},"phone":"09-2946-0086","cell":"0407-391-946","id":{"name":"TFN","value":"132633988"},"picture":{"large":"https://randomuser.me/api/portraits/women/9.jpg","medium":"https://randomuser.me/api/portraits/med/women/9.jpg","thumbnail":"https://randomuser.me/api/portraits/thumb/women/9.jpg"},"nat":"AU"}],"info":{"seed":"39782db0f495e999","results":1,"page":1,"version":"1.4"}}
[2025-05-29T00:01:00.027+0000] {taskinstance.py:1323} INFO - Marking task as SUCCESS. dag_id=user_processing, task_id=extract_user_data, execution_date=20250528T000000, start_date=20250529T000059, end_date=20250529T000100
[2025-05-29T00:01:00.054+0000] {local_task_job.py:208} INFO - Task exited with return code 0
[2025-05-29T00:01:00.067+0000] {taskinstance.py:2578} INFO - 1 downstream tasks scheduled from follow-on schedule check
