[2024-12-22T18:35:13.554+0000] {taskinstance.py:1083} INFO - Dependencies all met for <TaskInstance: user_processing.store_user manual__2024-12-22T18:35:07.424575+00:00 [queued]>
[2024-12-22T18:35:13.557+0000] {taskinstance.py:1083} INFO - Dependencies all met for <TaskInstance: user_processing.store_user manual__2024-12-22T18:35:07.424575+00:00 [queued]>
[2024-12-22T18:35:13.558+0000] {taskinstance.py:1279} INFO - 
--------------------------------------------------------------------------------
[2024-12-22T18:35:13.558+0000] {taskinstance.py:1280} INFO - Starting attempt 1 of 1
[2024-12-22T18:35:13.558+0000] {taskinstance.py:1281} INFO - 
--------------------------------------------------------------------------------
[2024-12-22T18:35:13.563+0000] {taskinstance.py:1300} INFO - Executing <Task(PythonOperator): store_user> on 2024-12-22 18:35:07.424575+00:00
[2024-12-22T18:35:13.565+0000] {standard_task_runner.py:55} INFO - Started process 79556 to run task
[2024-12-22T18:35:13.566+0000] {standard_task_runner.py:82} INFO - Running: ['***', 'tasks', 'run', 'user_processing', 'store_user', 'manual__2024-12-22T18:35:07.424575+00:00', '--job-id', '175', '--raw', '--subdir', 'DAGS_FOLDER/user_processing.py', '--cfg-path', '/tmp/tmphmv0oliy']
[2024-12-22T18:35:13.566+0000] {standard_task_runner.py:83} INFO - Job 175: Subtask store_user
[2024-12-22T18:35:13.590+0000] {task_command.py:388} INFO - Running <TaskInstance: user_processing.store_user manual__2024-12-22T18:35:07.424575+00:00 [running]> on host 44e036a430cc
[2024-12-22T18:35:13.615+0000] {taskinstance.py:1509} INFO - Exporting the following env vars:
AIRFLOW_CTX_DAG_OWNER=***
AIRFLOW_CTX_DAG_ID=user_processing
AIRFLOW_CTX_TASK_ID=store_user
AIRFLOW_CTX_EXECUTION_DATE=2024-12-22T18:35:07.424575+00:00
AIRFLOW_CTX_TRY_NUMBER=1
AIRFLOW_CTX_DAG_RUN_ID=manual__2024-12-22T18:35:07.424575+00:00
[2024-12-22T18:35:13.620+0000] {postgres.py:158} INFO - Running copy expert: COPY user FROM stdin WITH DELIMITER AS ',', filename: /tmp/processed_user.csv
[2024-12-22T18:35:13.622+0000] {base.py:73} INFO - Using connection ID 'postgres' for task execution.
[2024-12-22T18:35:13.624+0000] {taskinstance.py:1768} ERROR - Task failed with exception
Traceback (most recent call last):
  File "/home/airflow/.local/lib/python3.7/site-packages/airflow/operators/python.py", line 175, in execute
    return_value = self.execute_callable()
  File "/home/airflow/.local/lib/python3.7/site-packages/airflow/operators/python.py", line 192, in execute_callable
    return self.python_callable(*self.op_args, **self.op_kwargs)
  File "/opt/airflow/dags/user_processing.py", line 40, in _store_user
    filename = f'/tmp/processed_user.csv'
  File "/home/airflow/.local/lib/python3.7/site-packages/airflow/providers/postgres/hooks/postgres.py", line 166, in copy_expert
    cur.copy_expert(sql, file)
psycopg2.errors.SyntaxError: syntax error at or near "user"
LINE 1: COPY user FROM stdin WITH DELIMITER AS ','
             ^

[2024-12-22T18:35:13.626+0000] {taskinstance.py:1323} INFO - Marking task as FAILED. dag_id=user_processing, task_id=store_user, execution_date=20241222T183507, start_date=20241222T183513, end_date=20241222T183513
[2024-12-22T18:35:13.631+0000] {standard_task_runner.py:105} ERROR - Failed to execute job 175 for task store_user (syntax error at or near "user"
LINE 1: COPY user FROM stdin WITH DELIMITER AS ','
             ^
; 79556)
[2024-12-22T18:35:13.664+0000] {local_task_job.py:208} INFO - Task exited with return code 1
[2024-12-22T18:35:13.672+0000] {taskinstance.py:2578} INFO - 0 downstream tasks scheduled from follow-on schedule check
