[2025-05-17T00:12:42.305+0000] {taskinstance.py:1083} INFO - Dependencies all met for <TaskInstance: parallel_dag.extract_a scheduled__2025-05-16T00:00:00+00:00 [queued]>
[2025-05-17T00:12:42.330+0000] {taskinstance.py:1083} INFO - Dependencies all met for <TaskInstance: parallel_dag.extract_a scheduled__2025-05-16T00:00:00+00:00 [queued]>
[2025-05-17T00:12:42.330+0000] {taskinstance.py:1279} INFO - 
--------------------------------------------------------------------------------
[2025-05-17T00:12:42.331+0000] {taskinstance.py:1280} INFO - Starting attempt 1 of 1
[2025-05-17T00:12:42.331+0000] {taskinstance.py:1281} INFO - 
--------------------------------------------------------------------------------
[2025-05-17T00:12:42.346+0000] {taskinstance.py:1300} INFO - Executing <Task(BashOperator): extract_a> on 2025-05-16 00:00:00+00:00
[2025-05-17T00:12:42.351+0000] {standard_task_runner.py:55} INFO - Started process 74063 to run task
[2025-05-17T00:12:42.355+0000] {standard_task_runner.py:82} INFO - Running: ['***', 'tasks', 'run', 'parallel_dag', 'extract_a', 'scheduled__2025-05-16T00:00:00+00:00', '--job-id', '338', '--raw', '--subdir', 'DAGS_FOLDER/parallel_dag.py', '--cfg-path', '/tmp/tmptox0s7nt']
[2025-05-17T00:12:42.356+0000] {standard_task_runner.py:83} INFO - Job 338: Subtask extract_a
[2025-05-17T00:12:42.426+0000] {task_command.py:388} INFO - Running <TaskInstance: parallel_dag.extract_a scheduled__2025-05-16T00:00:00+00:00 [running]> on host b1064f4ed60e
[2025-05-17T00:12:42.498+0000] {taskinstance.py:1509} INFO - Exporting the following env vars:
AIRFLOW_CTX_DAG_OWNER=***
AIRFLOW_CTX_DAG_ID=parallel_dag
AIRFLOW_CTX_TASK_ID=extract_a
AIRFLOW_CTX_EXECUTION_DATE=2025-05-16T00:00:00+00:00
AIRFLOW_CTX_TRY_NUMBER=1
AIRFLOW_CTX_DAG_RUN_ID=scheduled__2025-05-16T00:00:00+00:00
[2025-05-17T00:12:42.499+0000] {subprocess.py:63} INFO - Tmp dir root location: 
 /tmp
[2025-05-17T00:12:42.499+0000] {subprocess.py:75} INFO - Running command: ['/bin/bash', '-c', 'sleep 10']
[2025-05-17T00:12:42.504+0000] {subprocess.py:86} INFO - Output:
[2025-05-17T00:12:52.508+0000] {subprocess.py:97} INFO - Command exited with return code 0
[2025-05-17T00:12:52.522+0000] {taskinstance.py:1323} INFO - Marking task as SUCCESS. dag_id=parallel_dag, task_id=extract_a, execution_date=20250516T000000, start_date=20250517T001242, end_date=20250517T001252
[2025-05-17T00:12:52.563+0000] {local_task_job.py:208} INFO - Task exited with return code 0
[2025-05-17T00:12:52.575+0000] {taskinstance.py:2578} INFO - 1 downstream tasks scheduled from follow-on schedule check
