[2025-01-09T23:31:32.576+0000] {processor.py:153} INFO - Started process (PID=73) to work on /home/airflow/.local/lib/python3.7/site-packages/airflow/example_dags/example_short_circuit_decorator.py
[2025-01-09T23:31:32.576+0000] {processor.py:743} INFO - Processing file /home/airflow/.local/lib/python3.7/site-packages/airflow/example_dags/example_short_circuit_decorator.py for tasks to queue
[2025-01-09T23:31:32.577+0000] {logging_mixin.py:137} INFO - [2025-01-09T23:31:32.577+0000] {dagbag.py:538} INFO - Filling up the DagBag from /home/airflow/.local/lib/python3.7/site-packages/airflow/example_dags/example_short_circuit_decorator.py
[2025-01-09T23:31:32.588+0000] {processor.py:753} INFO - DAG(s) dict_keys(['example_short_circuit_decorator']) retrieved from /home/airflow/.local/lib/python3.7/site-packages/airflow/example_dags/example_short_circuit_decorator.py
[2025-01-09T23:31:32.598+0000] {logging_mixin.py:137} INFO - [2025-01-09T23:31:32.598+0000] {dag.py:2690} INFO - Sync 1 DAGs
[2025-01-09T23:31:32.609+0000] {logging_mixin.py:137} INFO - [2025-01-09T23:31:32.609+0000] {dag.py:3441} INFO - Setting next_dagrun for example_short_circuit_decorator to 2025-01-08T23:31:32.609528+00:00, run_after=2025-01-09T23:31:32.609528+00:00
[2025-01-09T23:31:32.618+0000] {processor.py:175} INFO - Processing /home/airflow/.local/lib/python3.7/site-packages/airflow/example_dags/example_short_circuit_decorator.py took 0.044 seconds
[2025-01-09T23:32:03.156+0000] {processor.py:153} INFO - Started process (PID=180) to work on /home/airflow/.local/lib/python3.7/site-packages/airflow/example_dags/example_short_circuit_decorator.py
[2025-01-09T23:32:03.156+0000] {processor.py:743} INFO - Processing file /home/airflow/.local/lib/python3.7/site-packages/airflow/example_dags/example_short_circuit_decorator.py for tasks to queue
[2025-01-09T23:32:03.156+0000] {logging_mixin.py:137} INFO - [2025-01-09T23:32:03.156+0000] {dagbag.py:538} INFO - Filling up the DagBag from /home/airflow/.local/lib/python3.7/site-packages/airflow/example_dags/example_short_circuit_decorator.py
[2025-01-09T23:32:03.166+0000] {processor.py:753} INFO - DAG(s) dict_keys(['example_short_circuit_decorator']) retrieved from /home/airflow/.local/lib/python3.7/site-packages/airflow/example_dags/example_short_circuit_decorator.py
[2025-01-09T23:32:03.176+0000] {logging_mixin.py:137} INFO - [2025-01-09T23:32:03.176+0000] {dag.py:2690} INFO - Sync 1 DAGs
[2025-01-09T23:32:03.189+0000] {logging_mixin.py:137} INFO - [2025-01-09T23:32:03.189+0000] {dag.py:3441} INFO - Setting next_dagrun for example_short_circuit_decorator to 2025-01-08T23:32:03.189545+00:00, run_after=2025-01-09T23:32:03.189545+00:00
[2025-01-09T23:32:03.200+0000] {processor.py:175} INFO - Processing /home/airflow/.local/lib/python3.7/site-packages/airflow/example_dags/example_short_circuit_decorator.py took 0.045 seconds
[2025-01-09T23:32:34.107+0000] {processor.py:153} INFO - Started process (PID=270) to work on /home/airflow/.local/lib/python3.7/site-packages/airflow/example_dags/example_short_circuit_decorator.py
[2025-01-09T23:32:34.108+0000] {processor.py:743} INFO - Processing file /home/airflow/.local/lib/python3.7/site-packages/airflow/example_dags/example_short_circuit_decorator.py for tasks to queue
[2025-01-09T23:32:34.109+0000] {logging_mixin.py:137} INFO - [2025-01-09T23:32:34.109+0000] {dagbag.py:538} INFO - Filling up the DagBag from /home/airflow/.local/lib/python3.7/site-packages/airflow/example_dags/example_short_circuit_decorator.py
[2025-01-09T23:32:34.118+0000] {processor.py:753} INFO - DAG(s) dict_keys(['example_short_circuit_decorator']) retrieved from /home/airflow/.local/lib/python3.7/site-packages/airflow/example_dags/example_short_circuit_decorator.py
[2025-01-09T23:32:34.131+0000] {logging_mixin.py:137} INFO - [2025-01-09T23:32:34.131+0000] {dag.py:2690} INFO - Sync 1 DAGs
[2025-01-09T23:32:34.141+0000] {logging_mixin.py:137} INFO - [2025-01-09T23:32:34.140+0000] {dag.py:3441} INFO - Setting next_dagrun for example_short_circuit_decorator to 2025-01-08T23:32:34.140878+00:00, run_after=2025-01-09T23:32:34.140878+00:00
[2025-01-09T23:32:34.152+0000] {processor.py:175} INFO - Processing /home/airflow/.local/lib/python3.7/site-packages/airflow/example_dags/example_short_circuit_decorator.py took 0.046 seconds
[2025-01-09T23:33:04.608+0000] {processor.py:153} INFO - Started process (PID=345) to work on /home/airflow/.local/lib/python3.7/site-packages/airflow/example_dags/example_short_circuit_decorator.py
[2025-01-09T23:33:04.609+0000] {processor.py:743} INFO - Processing file /home/airflow/.local/lib/python3.7/site-packages/airflow/example_dags/example_short_circuit_decorator.py for tasks to queue
[2025-01-09T23:33:04.609+0000] {logging_mixin.py:137} INFO - [2025-01-09T23:33:04.609+0000] {dagbag.py:538} INFO - Filling up the DagBag from /home/airflow/.local/lib/python3.7/site-packages/airflow/example_dags/example_short_circuit_decorator.py
[2025-01-09T23:33:04.619+0000] {processor.py:753} INFO - DAG(s) dict_keys(['example_short_circuit_decorator']) retrieved from /home/airflow/.local/lib/python3.7/site-packages/airflow/example_dags/example_short_circuit_decorator.py
[2025-01-09T23:33:04.633+0000] {logging_mixin.py:137} INFO - [2025-01-09T23:33:04.633+0000] {dag.py:2690} INFO - Sync 1 DAGs
[2025-01-09T23:33:04.645+0000] {logging_mixin.py:137} INFO - [2025-01-09T23:33:04.645+0000] {dag.py:3441} INFO - Setting next_dagrun for example_short_circuit_decorator to 2025-01-08T23:33:04.645510+00:00, run_after=2025-01-09T23:33:04.645510+00:00
[2025-01-09T23:33:04.654+0000] {processor.py:175} INFO - Processing /home/airflow/.local/lib/python3.7/site-packages/airflow/example_dags/example_short_circuit_decorator.py took 0.047 seconds
[2025-01-09T23:33:34.983+0000] {processor.py:153} INFO - Started process (PID=436) to work on /home/airflow/.local/lib/python3.7/site-packages/airflow/example_dags/example_short_circuit_decorator.py
[2025-01-09T23:33:34.984+0000] {processor.py:743} INFO - Processing file /home/airflow/.local/lib/python3.7/site-packages/airflow/example_dags/example_short_circuit_decorator.py for tasks to queue
[2025-01-09T23:33:34.984+0000] {logging_mixin.py:137} INFO - [2025-01-09T23:33:34.984+0000] {dagbag.py:538} INFO - Filling up the DagBag from /home/airflow/.local/lib/python3.7/site-packages/airflow/example_dags/example_short_circuit_decorator.py
[2025-01-09T23:33:34.994+0000] {processor.py:753} INFO - DAG(s) dict_keys(['example_short_circuit_decorator']) retrieved from /home/airflow/.local/lib/python3.7/site-packages/airflow/example_dags/example_short_circuit_decorator.py
[2025-01-09T23:33:35.006+0000] {logging_mixin.py:137} INFO - [2025-01-09T23:33:35.006+0000] {dag.py:2690} INFO - Sync 1 DAGs
[2025-01-09T23:33:35.018+0000] {logging_mixin.py:137} INFO - [2025-01-09T23:33:35.018+0000] {dag.py:3441} INFO - Setting next_dagrun for example_short_circuit_decorator to 2025-01-08T23:33:35.018415+00:00, run_after=2025-01-09T23:33:35.018415+00:00
[2025-01-09T23:33:35.028+0000] {processor.py:175} INFO - Processing /home/airflow/.local/lib/python3.7/site-packages/airflow/example_dags/example_short_circuit_decorator.py took 0.046 seconds
[2025-01-09T23:34:05.456+0000] {processor.py:153} INFO - Started process (PID=527) to work on /home/airflow/.local/lib/python3.7/site-packages/airflow/example_dags/example_short_circuit_decorator.py
[2025-01-09T23:34:05.456+0000] {processor.py:743} INFO - Processing file /home/airflow/.local/lib/python3.7/site-packages/airflow/example_dags/example_short_circuit_decorator.py for tasks to queue
[2025-01-09T23:34:05.456+0000] {logging_mixin.py:137} INFO - [2025-01-09T23:34:05.456+0000] {dagbag.py:538} INFO - Filling up the DagBag from /home/airflow/.local/lib/python3.7/site-packages/airflow/example_dags/example_short_circuit_decorator.py
[2025-01-09T23:34:05.467+0000] {processor.py:753} INFO - DAG(s) dict_keys(['example_short_circuit_decorator']) retrieved from /home/airflow/.local/lib/python3.7/site-packages/airflow/example_dags/example_short_circuit_decorator.py
[2025-01-09T23:34:05.477+0000] {logging_mixin.py:137} INFO - [2025-01-09T23:34:05.477+0000] {dag.py:2690} INFO - Sync 1 DAGs
[2025-01-09T23:34:05.489+0000] {logging_mixin.py:137} INFO - [2025-01-09T23:34:05.489+0000] {dag.py:3441} INFO - Setting next_dagrun for example_short_circuit_decorator to 2025-01-08T23:34:05.489422+00:00, run_after=2025-01-09T23:34:05.489422+00:00
[2025-01-09T23:34:05.497+0000] {processor.py:175} INFO - Processing /home/airflow/.local/lib/python3.7/site-packages/airflow/example_dags/example_short_circuit_decorator.py took 0.043 seconds
[2025-01-09T23:34:35.967+0000] {processor.py:153} INFO - Started process (PID=617) to work on /home/airflow/.local/lib/python3.7/site-packages/airflow/example_dags/example_short_circuit_decorator.py
[2025-01-09T23:34:35.969+0000] {processor.py:743} INFO - Processing file /home/airflow/.local/lib/python3.7/site-packages/airflow/example_dags/example_short_circuit_decorator.py for tasks to queue
[2025-01-09T23:34:35.969+0000] {logging_mixin.py:137} INFO - [2025-01-09T23:34:35.969+0000] {dagbag.py:538} INFO - Filling up the DagBag from /home/airflow/.local/lib/python3.7/site-packages/airflow/example_dags/example_short_circuit_decorator.py
[2025-01-09T23:34:35.980+0000] {processor.py:753} INFO - DAG(s) dict_keys(['example_short_circuit_decorator']) retrieved from /home/airflow/.local/lib/python3.7/site-packages/airflow/example_dags/example_short_circuit_decorator.py
[2025-01-09T23:34:35.990+0000] {logging_mixin.py:137} INFO - [2025-01-09T23:34:35.990+0000] {dag.py:2690} INFO - Sync 1 DAGs
[2025-01-09T23:34:36.002+0000] {logging_mixin.py:137} INFO - [2025-01-09T23:34:36.002+0000] {dag.py:3441} INFO - Setting next_dagrun for example_short_circuit_decorator to 2025-01-08T23:34:36.002488+00:00, run_after=2025-01-09T23:34:36.002488+00:00
[2025-01-09T23:34:36.014+0000] {processor.py:175} INFO - Processing /home/airflow/.local/lib/python3.7/site-packages/airflow/example_dags/example_short_circuit_decorator.py took 0.049 seconds
[2025-01-09T23:35:06.364+0000] {processor.py:153} INFO - Started process (PID=692) to work on /home/airflow/.local/lib/python3.7/site-packages/airflow/example_dags/example_short_circuit_decorator.py
[2025-01-09T23:35:06.365+0000] {processor.py:743} INFO - Processing file /home/airflow/.local/lib/python3.7/site-packages/airflow/example_dags/example_short_circuit_decorator.py for tasks to queue
[2025-01-09T23:35:06.365+0000] {logging_mixin.py:137} INFO - [2025-01-09T23:35:06.365+0000] {dagbag.py:538} INFO - Filling up the DagBag from /home/airflow/.local/lib/python3.7/site-packages/airflow/example_dags/example_short_circuit_decorator.py
[2025-01-09T23:35:06.376+0000] {processor.py:753} INFO - DAG(s) dict_keys(['example_short_circuit_decorator']) retrieved from /home/airflow/.local/lib/python3.7/site-packages/airflow/example_dags/example_short_circuit_decorator.py
[2025-01-09T23:35:06.387+0000] {logging_mixin.py:137} INFO - [2025-01-09T23:35:06.387+0000] {dag.py:2690} INFO - Sync 1 DAGs
[2025-01-09T23:35:06.397+0000] {logging_mixin.py:137} INFO - [2025-01-09T23:35:06.397+0000] {dag.py:3441} INFO - Setting next_dagrun for example_short_circuit_decorator to 2025-01-08T23:35:06.397515+00:00, run_after=2025-01-09T23:35:06.397515+00:00
[2025-01-09T23:35:06.407+0000] {processor.py:175} INFO - Processing /home/airflow/.local/lib/python3.7/site-packages/airflow/example_dags/example_short_circuit_decorator.py took 0.044 seconds
[2025-01-09T23:35:36.821+0000] {processor.py:153} INFO - Started process (PID=783) to work on /home/airflow/.local/lib/python3.7/site-packages/airflow/example_dags/example_short_circuit_decorator.py
[2025-01-09T23:35:36.822+0000] {processor.py:743} INFO - Processing file /home/airflow/.local/lib/python3.7/site-packages/airflow/example_dags/example_short_circuit_decorator.py for tasks to queue
[2025-01-09T23:35:36.823+0000] {logging_mixin.py:137} INFO - [2025-01-09T23:35:36.823+0000] {dagbag.py:538} INFO - Filling up the DagBag from /home/airflow/.local/lib/python3.7/site-packages/airflow/example_dags/example_short_circuit_decorator.py
[2025-01-09T23:35:36.833+0000] {processor.py:753} INFO - DAG(s) dict_keys(['example_short_circuit_decorator']) retrieved from /home/airflow/.local/lib/python3.7/site-packages/airflow/example_dags/example_short_circuit_decorator.py
[2025-01-09T23:35:36.847+0000] {logging_mixin.py:137} INFO - [2025-01-09T23:35:36.847+0000] {dag.py:2690} INFO - Sync 1 DAGs
[2025-01-09T23:35:36.858+0000] {logging_mixin.py:137} INFO - [2025-01-09T23:35:36.858+0000] {dag.py:3441} INFO - Setting next_dagrun for example_short_circuit_decorator to 2025-01-08T23:35:36.858344+00:00, run_after=2025-01-09T23:35:36.858344+00:00
[2025-01-09T23:35:36.869+0000] {processor.py:175} INFO - Processing /home/airflow/.local/lib/python3.7/site-packages/airflow/example_dags/example_short_circuit_decorator.py took 0.049 seconds
[2025-01-09T23:36:07.257+0000] {processor.py:153} INFO - Started process (PID=874) to work on /home/airflow/.local/lib/python3.7/site-packages/airflow/example_dags/example_short_circuit_decorator.py
[2025-01-09T23:36:07.258+0000] {processor.py:743} INFO - Processing file /home/airflow/.local/lib/python3.7/site-packages/airflow/example_dags/example_short_circuit_decorator.py for tasks to queue
[2025-01-09T23:36:07.258+0000] {logging_mixin.py:137} INFO - [2025-01-09T23:36:07.258+0000] {dagbag.py:538} INFO - Filling up the DagBag from /home/airflow/.local/lib/python3.7/site-packages/airflow/example_dags/example_short_circuit_decorator.py
[2025-01-09T23:36:07.268+0000] {processor.py:753} INFO - DAG(s) dict_keys(['example_short_circuit_decorator']) retrieved from /home/airflow/.local/lib/python3.7/site-packages/airflow/example_dags/example_short_circuit_decorator.py
[2025-01-09T23:36:07.281+0000] {logging_mixin.py:137} INFO - [2025-01-09T23:36:07.281+0000] {dag.py:2690} INFO - Sync 1 DAGs
[2025-01-09T23:36:07.293+0000] {logging_mixin.py:137} INFO - [2025-01-09T23:36:07.293+0000] {dag.py:3441} INFO - Setting next_dagrun for example_short_circuit_decorator to 2025-01-08T23:36:07.292877+00:00, run_after=2025-01-09T23:36:07.292877+00:00
[2025-01-09T23:36:07.301+0000] {processor.py:175} INFO - Processing /home/airflow/.local/lib/python3.7/site-packages/airflow/example_dags/example_short_circuit_decorator.py took 0.045 seconds
[2025-01-09T23:36:37.758+0000] {processor.py:153} INFO - Started process (PID=964) to work on /home/airflow/.local/lib/python3.7/site-packages/airflow/example_dags/example_short_circuit_decorator.py
[2025-01-09T23:36:37.759+0000] {processor.py:743} INFO - Processing file /home/airflow/.local/lib/python3.7/site-packages/airflow/example_dags/example_short_circuit_decorator.py for tasks to queue
[2025-01-09T23:36:37.760+0000] {logging_mixin.py:137} INFO - [2025-01-09T23:36:37.760+0000] {dagbag.py:538} INFO - Filling up the DagBag from /home/airflow/.local/lib/python3.7/site-packages/airflow/example_dags/example_short_circuit_decorator.py
[2025-01-09T23:36:37.771+0000] {processor.py:753} INFO - DAG(s) dict_keys(['example_short_circuit_decorator']) retrieved from /home/airflow/.local/lib/python3.7/site-packages/airflow/example_dags/example_short_circuit_decorator.py
[2025-01-09T23:36:37.782+0000] {logging_mixin.py:137} INFO - [2025-01-09T23:36:37.782+0000] {dag.py:2690} INFO - Sync 1 DAGs
[2025-01-09T23:36:37.793+0000] {logging_mixin.py:137} INFO - [2025-01-09T23:36:37.793+0000] {dag.py:3441} INFO - Setting next_dagrun for example_short_circuit_decorator to 2025-01-08T23:36:37.792916+00:00, run_after=2025-01-09T23:36:37.792916+00:00
[2025-01-09T23:36:37.801+0000] {processor.py:175} INFO - Processing /home/airflow/.local/lib/python3.7/site-packages/airflow/example_dags/example_short_circuit_decorator.py took 0.045 seconds
[2025-01-09T23:37:08.398+0000] {processor.py:153} INFO - Started process (PID=1055) to work on /home/airflow/.local/lib/python3.7/site-packages/airflow/example_dags/example_short_circuit_decorator.py
[2025-01-09T23:37:08.398+0000] {processor.py:743} INFO - Processing file /home/airflow/.local/lib/python3.7/site-packages/airflow/example_dags/example_short_circuit_decorator.py for tasks to queue
[2025-01-09T23:37:08.399+0000] {logging_mixin.py:137} INFO - [2025-01-09T23:37:08.399+0000] {dagbag.py:538} INFO - Filling up the DagBag from /home/airflow/.local/lib/python3.7/site-packages/airflow/example_dags/example_short_circuit_decorator.py
[2025-01-09T23:37:08.410+0000] {processor.py:753} INFO - DAG(s) dict_keys(['example_short_circuit_decorator']) retrieved from /home/airflow/.local/lib/python3.7/site-packages/airflow/example_dags/example_short_circuit_decorator.py
[2025-01-09T23:37:08.420+0000] {logging_mixin.py:137} INFO - [2025-01-09T23:37:08.420+0000] {dag.py:2690} INFO - Sync 1 DAGs
[2025-01-09T23:37:08.431+0000] {logging_mixin.py:137} INFO - [2025-01-09T23:37:08.431+0000] {dag.py:3441} INFO - Setting next_dagrun for example_short_circuit_decorator to 2025-01-08T23:37:08.430930+00:00, run_after=2025-01-09T23:37:08.430930+00:00
[2025-01-09T23:37:08.438+0000] {processor.py:175} INFO - Processing /home/airflow/.local/lib/python3.7/site-packages/airflow/example_dags/example_short_circuit_decorator.py took 0.041 seconds
[2025-01-09T23:37:38.900+0000] {processor.py:153} INFO - Started process (PID=1130) to work on /home/airflow/.local/lib/python3.7/site-packages/airflow/example_dags/example_short_circuit_decorator.py
[2025-01-09T23:37:38.900+0000] {processor.py:743} INFO - Processing file /home/airflow/.local/lib/python3.7/site-packages/airflow/example_dags/example_short_circuit_decorator.py for tasks to queue
[2025-01-09T23:37:38.900+0000] {logging_mixin.py:137} INFO - [2025-01-09T23:37:38.900+0000] {dagbag.py:538} INFO - Filling up the DagBag from /home/airflow/.local/lib/python3.7/site-packages/airflow/example_dags/example_short_circuit_decorator.py
[2025-01-09T23:37:38.909+0000] {processor.py:753} INFO - DAG(s) dict_keys(['example_short_circuit_decorator']) retrieved from /home/airflow/.local/lib/python3.7/site-packages/airflow/example_dags/example_short_circuit_decorator.py
[2025-01-09T23:37:38.919+0000] {logging_mixin.py:137} INFO - [2025-01-09T23:37:38.919+0000] {dag.py:2690} INFO - Sync 1 DAGs
[2025-01-09T23:37:38.928+0000] {logging_mixin.py:137} INFO - [2025-01-09T23:37:38.928+0000] {dag.py:3441} INFO - Setting next_dagrun for example_short_circuit_decorator to 2025-01-08T23:37:38.928240+00:00, run_after=2025-01-09T23:37:38.928240+00:00
[2025-01-09T23:37:38.934+0000] {processor.py:175} INFO - Processing /home/airflow/.local/lib/python3.7/site-packages/airflow/example_dags/example_short_circuit_decorator.py took 0.036 seconds
[2025-01-09T23:38:41.097+0000] {processor.py:153} INFO - Started process (PID=1205) to work on /home/airflow/.local/lib/python3.7/site-packages/airflow/example_dags/example_short_circuit_decorator.py
[2025-01-09T23:38:41.098+0000] {processor.py:743} INFO - Processing file /home/airflow/.local/lib/python3.7/site-packages/airflow/example_dags/example_short_circuit_decorator.py for tasks to queue
[2025-01-09T23:38:41.099+0000] {logging_mixin.py:137} INFO - [2025-01-09T23:38:41.099+0000] {dagbag.py:538} INFO - Filling up the DagBag from /home/airflow/.local/lib/python3.7/site-packages/airflow/example_dags/example_short_circuit_decorator.py
[2025-01-09T23:38:41.110+0000] {processor.py:753} INFO - DAG(s) dict_keys(['example_short_circuit_decorator']) retrieved from /home/airflow/.local/lib/python3.7/site-packages/airflow/example_dags/example_short_circuit_decorator.py
[2025-01-09T23:38:41.120+0000] {logging_mixin.py:137} INFO - [2025-01-09T23:38:41.119+0000] {dag.py:2690} INFO - Sync 1 DAGs
[2025-01-09T23:38:41.132+0000] {logging_mixin.py:137} INFO - [2025-01-09T23:38:41.132+0000] {dag.py:3441} INFO - Setting next_dagrun for example_short_circuit_decorator to 2025-01-08T23:38:41.132783+00:00, run_after=2025-01-09T23:38:41.132783+00:00
[2025-01-09T23:38:41.146+0000] {processor.py:175} INFO - Processing /home/airflow/.local/lib/python3.7/site-packages/airflow/example_dags/example_short_circuit_decorator.py took 0.050 seconds
[2025-01-09T23:39:11.580+0000] {processor.py:153} INFO - Started process (PID=1295) to work on /home/airflow/.local/lib/python3.7/site-packages/airflow/example_dags/example_short_circuit_decorator.py
[2025-01-09T23:39:11.580+0000] {processor.py:743} INFO - Processing file /home/airflow/.local/lib/python3.7/site-packages/airflow/example_dags/example_short_circuit_decorator.py for tasks to queue
[2025-01-09T23:39:11.580+0000] {logging_mixin.py:137} INFO - [2025-01-09T23:39:11.580+0000] {dagbag.py:538} INFO - Filling up the DagBag from /home/airflow/.local/lib/python3.7/site-packages/airflow/example_dags/example_short_circuit_decorator.py
[2025-01-09T23:39:11.590+0000] {processor.py:753} INFO - DAG(s) dict_keys(['example_short_circuit_decorator']) retrieved from /home/airflow/.local/lib/python3.7/site-packages/airflow/example_dags/example_short_circuit_decorator.py
[2025-01-09T23:39:11.603+0000] {logging_mixin.py:137} INFO - [2025-01-09T23:39:11.603+0000] {dag.py:2690} INFO - Sync 1 DAGs
[2025-01-09T23:39:11.616+0000] {logging_mixin.py:137} INFO - [2025-01-09T23:39:11.616+0000] {dag.py:3441} INFO - Setting next_dagrun for example_short_circuit_decorator to 2025-01-08T23:39:11.616602+00:00, run_after=2025-01-09T23:39:11.616602+00:00
[2025-01-09T23:39:11.625+0000] {processor.py:175} INFO - Processing /home/airflow/.local/lib/python3.7/site-packages/airflow/example_dags/example_short_circuit_decorator.py took 0.047 seconds
[2025-01-09T23:39:42.272+0000] {processor.py:153} INFO - Started process (PID=1386) to work on /home/airflow/.local/lib/python3.7/site-packages/airflow/example_dags/example_short_circuit_decorator.py
[2025-01-09T23:39:42.272+0000] {processor.py:743} INFO - Processing file /home/airflow/.local/lib/python3.7/site-packages/airflow/example_dags/example_short_circuit_decorator.py for tasks to queue
[2025-01-09T23:39:42.273+0000] {logging_mixin.py:137} INFO - [2025-01-09T23:39:42.273+0000] {dagbag.py:538} INFO - Filling up the DagBag from /home/airflow/.local/lib/python3.7/site-packages/airflow/example_dags/example_short_circuit_decorator.py
[2025-01-09T23:39:42.285+0000] {processor.py:753} INFO - DAG(s) dict_keys(['example_short_circuit_decorator']) retrieved from /home/airflow/.local/lib/python3.7/site-packages/airflow/example_dags/example_short_circuit_decorator.py
[2025-01-09T23:39:42.300+0000] {logging_mixin.py:137} INFO - [2025-01-09T23:39:42.300+0000] {dag.py:2690} INFO - Sync 1 DAGs
[2025-01-09T23:39:42.315+0000] {logging_mixin.py:137} INFO - [2025-01-09T23:39:42.315+0000] {dag.py:3441} INFO - Setting next_dagrun for example_short_circuit_decorator to 2025-01-08T23:39:42.315775+00:00, run_after=2025-01-09T23:39:42.315775+00:00
[2025-01-09T23:39:42.329+0000] {processor.py:175} INFO - Processing /home/airflow/.local/lib/python3.7/site-packages/airflow/example_dags/example_short_circuit_decorator.py took 0.059 seconds
[2025-01-09T23:40:12.781+0000] {processor.py:153} INFO - Started process (PID=1461) to work on /home/airflow/.local/lib/python3.7/site-packages/airflow/example_dags/example_short_circuit_decorator.py
[2025-01-09T23:40:12.782+0000] {processor.py:743} INFO - Processing file /home/airflow/.local/lib/python3.7/site-packages/airflow/example_dags/example_short_circuit_decorator.py for tasks to queue
[2025-01-09T23:40:12.782+0000] {logging_mixin.py:137} INFO - [2025-01-09T23:40:12.782+0000] {dagbag.py:538} INFO - Filling up the DagBag from /home/airflow/.local/lib/python3.7/site-packages/airflow/example_dags/example_short_circuit_decorator.py
[2025-01-09T23:40:12.792+0000] {processor.py:753} INFO - DAG(s) dict_keys(['example_short_circuit_decorator']) retrieved from /home/airflow/.local/lib/python3.7/site-packages/airflow/example_dags/example_short_circuit_decorator.py
[2025-01-09T23:40:12.804+0000] {logging_mixin.py:137} INFO - [2025-01-09T23:40:12.804+0000] {dag.py:2690} INFO - Sync 1 DAGs
[2025-01-09T23:40:12.814+0000] {logging_mixin.py:137} INFO - [2025-01-09T23:40:12.814+0000] {dag.py:3441} INFO - Setting next_dagrun for example_short_circuit_decorator to 2025-01-08T23:40:12.814561+00:00, run_after=2025-01-09T23:40:12.814561+00:00
[2025-01-09T23:40:12.828+0000] {processor.py:175} INFO - Processing /home/airflow/.local/lib/python3.7/site-packages/airflow/example_dags/example_short_circuit_decorator.py took 0.049 seconds
[2025-01-09T23:40:43.217+0000] {processor.py:153} INFO - Started process (PID=1552) to work on /home/airflow/.local/lib/python3.7/site-packages/airflow/example_dags/example_short_circuit_decorator.py
[2025-01-09T23:40:43.218+0000] {processor.py:743} INFO - Processing file /home/airflow/.local/lib/python3.7/site-packages/airflow/example_dags/example_short_circuit_decorator.py for tasks to queue
[2025-01-09T23:40:43.218+0000] {logging_mixin.py:137} INFO - [2025-01-09T23:40:43.218+0000] {dagbag.py:538} INFO - Filling up the DagBag from /home/airflow/.local/lib/python3.7/site-packages/airflow/example_dags/example_short_circuit_decorator.py
[2025-01-09T23:40:43.227+0000] {processor.py:753} INFO - DAG(s) dict_keys(['example_short_circuit_decorator']) retrieved from /home/airflow/.local/lib/python3.7/site-packages/airflow/example_dags/example_short_circuit_decorator.py
[2025-01-09T23:40:43.236+0000] {logging_mixin.py:137} INFO - [2025-01-09T23:40:43.236+0000] {dag.py:2690} INFO - Sync 1 DAGs
[2025-01-09T23:40:43.246+0000] {logging_mixin.py:137} INFO - [2025-01-09T23:40:43.246+0000] {dag.py:3441} INFO - Setting next_dagrun for example_short_circuit_decorator to 2025-01-08T23:40:43.246149+00:00, run_after=2025-01-09T23:40:43.246149+00:00
[2025-01-09T23:40:43.252+0000] {processor.py:175} INFO - Processing /home/airflow/.local/lib/python3.7/site-packages/airflow/example_dags/example_short_circuit_decorator.py took 0.036 seconds
[2025-01-09T23:41:13.677+0000] {processor.py:153} INFO - Started process (PID=1643) to work on /home/airflow/.local/lib/python3.7/site-packages/airflow/example_dags/example_short_circuit_decorator.py
[2025-01-09T23:41:13.679+0000] {processor.py:743} INFO - Processing file /home/airflow/.local/lib/python3.7/site-packages/airflow/example_dags/example_short_circuit_decorator.py for tasks to queue
[2025-01-09T23:41:13.679+0000] {logging_mixin.py:137} INFO - [2025-01-09T23:41:13.679+0000] {dagbag.py:538} INFO - Filling up the DagBag from /home/airflow/.local/lib/python3.7/site-packages/airflow/example_dags/example_short_circuit_decorator.py
[2025-01-09T23:41:13.688+0000] {processor.py:753} INFO - DAG(s) dict_keys(['example_short_circuit_decorator']) retrieved from /home/airflow/.local/lib/python3.7/site-packages/airflow/example_dags/example_short_circuit_decorator.py
[2025-01-09T23:41:13.702+0000] {logging_mixin.py:137} INFO - [2025-01-09T23:41:13.702+0000] {dag.py:2690} INFO - Sync 1 DAGs
[2025-01-09T23:41:13.713+0000] {logging_mixin.py:137} INFO - [2025-01-09T23:41:13.713+0000] {dag.py:3441} INFO - Setting next_dagrun for example_short_circuit_decorator to 2025-01-08T23:41:13.713315+00:00, run_after=2025-01-09T23:41:13.713315+00:00
[2025-01-09T23:41:13.720+0000] {processor.py:175} INFO - Processing /home/airflow/.local/lib/python3.7/site-packages/airflow/example_dags/example_short_circuit_decorator.py took 0.044 seconds
[2025-01-09T23:41:44.384+0000] {processor.py:153} INFO - Started process (PID=1734) to work on /home/airflow/.local/lib/python3.7/site-packages/airflow/example_dags/example_short_circuit_decorator.py
[2025-01-09T23:41:44.384+0000] {processor.py:743} INFO - Processing file /home/airflow/.local/lib/python3.7/site-packages/airflow/example_dags/example_short_circuit_decorator.py for tasks to queue
[2025-01-09T23:41:44.384+0000] {logging_mixin.py:137} INFO - [2025-01-09T23:41:44.384+0000] {dagbag.py:538} INFO - Filling up the DagBag from /home/airflow/.local/lib/python3.7/site-packages/airflow/example_dags/example_short_circuit_decorator.py
[2025-01-09T23:41:44.394+0000] {processor.py:753} INFO - DAG(s) dict_keys(['example_short_circuit_decorator']) retrieved from /home/airflow/.local/lib/python3.7/site-packages/airflow/example_dags/example_short_circuit_decorator.py
[2025-01-09T23:41:44.405+0000] {logging_mixin.py:137} INFO - [2025-01-09T23:41:44.405+0000] {dag.py:2690} INFO - Sync 1 DAGs
[2025-01-09T23:41:44.416+0000] {logging_mixin.py:137} INFO - [2025-01-09T23:41:44.416+0000] {dag.py:3441} INFO - Setting next_dagrun for example_short_circuit_decorator to 2025-01-08T23:41:44.415910+00:00, run_after=2025-01-09T23:41:44.415910+00:00
[2025-01-09T23:41:44.427+0000] {processor.py:175} INFO - Processing /home/airflow/.local/lib/python3.7/site-packages/airflow/example_dags/example_short_circuit_decorator.py took 0.045 seconds
[2025-01-09T23:42:14.819+0000] {processor.py:153} INFO - Started process (PID=1809) to work on /home/airflow/.local/lib/python3.7/site-packages/airflow/example_dags/example_short_circuit_decorator.py
[2025-01-09T23:42:14.822+0000] {processor.py:743} INFO - Processing file /home/airflow/.local/lib/python3.7/site-packages/airflow/example_dags/example_short_circuit_decorator.py for tasks to queue
[2025-01-09T23:42:14.823+0000] {logging_mixin.py:137} INFO - [2025-01-09T23:42:14.823+0000] {dagbag.py:538} INFO - Filling up the DagBag from /home/airflow/.local/lib/python3.7/site-packages/airflow/example_dags/example_short_circuit_decorator.py
[2025-01-09T23:42:14.832+0000] {processor.py:753} INFO - DAG(s) dict_keys(['example_short_circuit_decorator']) retrieved from /home/airflow/.local/lib/python3.7/site-packages/airflow/example_dags/example_short_circuit_decorator.py
[2025-01-09T23:42:14.844+0000] {logging_mixin.py:137} INFO - [2025-01-09T23:42:14.844+0000] {dag.py:2690} INFO - Sync 1 DAGs
[2025-01-09T23:42:14.855+0000] {logging_mixin.py:137} INFO - [2025-01-09T23:42:14.855+0000] {dag.py:3441} INFO - Setting next_dagrun for example_short_circuit_decorator to 2025-01-08T23:42:14.855207+00:00, run_after=2025-01-09T23:42:14.855207+00:00
[2025-01-09T23:42:14.863+0000] {processor.py:175} INFO - Processing /home/airflow/.local/lib/python3.7/site-packages/airflow/example_dags/example_short_circuit_decorator.py took 0.045 seconds
[2025-01-09T23:42:45.503+0000] {processor.py:153} INFO - Started process (PID=1901) to work on /home/airflow/.local/lib/python3.7/site-packages/airflow/example_dags/example_short_circuit_decorator.py
[2025-01-09T23:42:45.504+0000] {processor.py:743} INFO - Processing file /home/airflow/.local/lib/python3.7/site-packages/airflow/example_dags/example_short_circuit_decorator.py for tasks to queue
[2025-01-09T23:42:45.504+0000] {logging_mixin.py:137} INFO - [2025-01-09T23:42:45.504+0000] {dagbag.py:538} INFO - Filling up the DagBag from /home/airflow/.local/lib/python3.7/site-packages/airflow/example_dags/example_short_circuit_decorator.py
[2025-01-09T23:42:45.516+0000] {processor.py:753} INFO - DAG(s) dict_keys(['example_short_circuit_decorator']) retrieved from /home/airflow/.local/lib/python3.7/site-packages/airflow/example_dags/example_short_circuit_decorator.py
[2025-01-09T23:42:45.528+0000] {logging_mixin.py:137} INFO - [2025-01-09T23:42:45.528+0000] {dag.py:2690} INFO - Sync 1 DAGs
[2025-01-09T23:42:45.542+0000] {logging_mixin.py:137} INFO - [2025-01-09T23:42:45.542+0000] {dag.py:3441} INFO - Setting next_dagrun for example_short_circuit_decorator to 2025-01-08T23:42:45.542545+00:00, run_after=2025-01-09T23:42:45.542545+00:00
[2025-01-09T23:42:45.558+0000] {processor.py:175} INFO - Processing /home/airflow/.local/lib/python3.7/site-packages/airflow/example_dags/example_short_circuit_decorator.py took 0.056 seconds
[2025-01-09T23:43:16.092+0000] {processor.py:153} INFO - Started process (PID=1992) to work on /home/airflow/.local/lib/python3.7/site-packages/airflow/example_dags/example_short_circuit_decorator.py
[2025-01-09T23:43:16.093+0000] {processor.py:743} INFO - Processing file /home/airflow/.local/lib/python3.7/site-packages/airflow/example_dags/example_short_circuit_decorator.py for tasks to queue
[2025-01-09T23:43:16.094+0000] {logging_mixin.py:137} INFO - [2025-01-09T23:43:16.094+0000] {dagbag.py:538} INFO - Filling up the DagBag from /home/airflow/.local/lib/python3.7/site-packages/airflow/example_dags/example_short_circuit_decorator.py
[2025-01-09T23:43:16.106+0000] {processor.py:753} INFO - DAG(s) dict_keys(['example_short_circuit_decorator']) retrieved from /home/airflow/.local/lib/python3.7/site-packages/airflow/example_dags/example_short_circuit_decorator.py
[2025-01-09T23:43:16.117+0000] {logging_mixin.py:137} INFO - [2025-01-09T23:43:16.117+0000] {dag.py:2690} INFO - Sync 1 DAGs
[2025-01-09T23:43:16.128+0000] {logging_mixin.py:137} INFO - [2025-01-09T23:43:16.128+0000] {dag.py:3441} INFO - Setting next_dagrun for example_short_circuit_decorator to 2025-01-08T23:43:16.128759+00:00, run_after=2025-01-09T23:43:16.128759+00:00
[2025-01-09T23:43:16.136+0000] {processor.py:175} INFO - Processing /home/airflow/.local/lib/python3.7/site-packages/airflow/example_dags/example_short_circuit_decorator.py took 0.045 seconds
[2025-01-09T23:43:46.688+0000] {processor.py:153} INFO - Started process (PID=2083) to work on /home/airflow/.local/lib/python3.7/site-packages/airflow/example_dags/example_short_circuit_decorator.py
[2025-01-09T23:43:46.688+0000] {processor.py:743} INFO - Processing file /home/airflow/.local/lib/python3.7/site-packages/airflow/example_dags/example_short_circuit_decorator.py for tasks to queue
[2025-01-09T23:43:46.688+0000] {logging_mixin.py:137} INFO - [2025-01-09T23:43:46.688+0000] {dagbag.py:538} INFO - Filling up the DagBag from /home/airflow/.local/lib/python3.7/site-packages/airflow/example_dags/example_short_circuit_decorator.py
[2025-01-09T23:43:46.699+0000] {processor.py:753} INFO - DAG(s) dict_keys(['example_short_circuit_decorator']) retrieved from /home/airflow/.local/lib/python3.7/site-packages/airflow/example_dags/example_short_circuit_decorator.py
[2025-01-09T23:43:46.716+0000] {logging_mixin.py:137} INFO - [2025-01-09T23:43:46.716+0000] {dag.py:2690} INFO - Sync 1 DAGs
[2025-01-09T23:43:46.728+0000] {logging_mixin.py:137} INFO - [2025-01-09T23:43:46.728+0000] {dag.py:3441} INFO - Setting next_dagrun for example_short_circuit_decorator to 2025-01-08T23:43:46.728398+00:00, run_after=2025-01-09T23:43:46.728398+00:00
[2025-01-09T23:43:46.738+0000] {processor.py:175} INFO - Processing /home/airflow/.local/lib/python3.7/site-packages/airflow/example_dags/example_short_circuit_decorator.py took 0.052 seconds
[2025-01-09T23:44:17.265+0000] {processor.py:153} INFO - Started process (PID=2158) to work on /home/airflow/.local/lib/python3.7/site-packages/airflow/example_dags/example_short_circuit_decorator.py
[2025-01-09T23:44:17.265+0000] {processor.py:743} INFO - Processing file /home/airflow/.local/lib/python3.7/site-packages/airflow/example_dags/example_short_circuit_decorator.py for tasks to queue
[2025-01-09T23:44:17.266+0000] {logging_mixin.py:137} INFO - [2025-01-09T23:44:17.266+0000] {dagbag.py:538} INFO - Filling up the DagBag from /home/airflow/.local/lib/python3.7/site-packages/airflow/example_dags/example_short_circuit_decorator.py
[2025-01-09T23:44:17.276+0000] {processor.py:753} INFO - DAG(s) dict_keys(['example_short_circuit_decorator']) retrieved from /home/airflow/.local/lib/python3.7/site-packages/airflow/example_dags/example_short_circuit_decorator.py
[2025-01-09T23:44:17.293+0000] {logging_mixin.py:137} INFO - [2025-01-09T23:44:17.293+0000] {dag.py:2690} INFO - Sync 1 DAGs
[2025-01-09T23:44:17.308+0000] {logging_mixin.py:137} INFO - [2025-01-09T23:44:17.308+0000] {dag.py:3441} INFO - Setting next_dagrun for example_short_circuit_decorator to 2025-01-08T23:44:17.307947+00:00, run_after=2025-01-09T23:44:17.307947+00:00
[2025-01-09T23:44:17.319+0000] {processor.py:175} INFO - Processing /home/airflow/.local/lib/python3.7/site-packages/airflow/example_dags/example_short_circuit_decorator.py took 0.055 seconds
[2025-01-09T23:44:47.782+0000] {processor.py:153} INFO - Started process (PID=2249) to work on /home/airflow/.local/lib/python3.7/site-packages/airflow/example_dags/example_short_circuit_decorator.py
[2025-01-09T23:44:47.783+0000] {processor.py:743} INFO - Processing file /home/airflow/.local/lib/python3.7/site-packages/airflow/example_dags/example_short_circuit_decorator.py for tasks to queue
[2025-01-09T23:44:47.783+0000] {logging_mixin.py:137} INFO - [2025-01-09T23:44:47.783+0000] {dagbag.py:538} INFO - Filling up the DagBag from /home/airflow/.local/lib/python3.7/site-packages/airflow/example_dags/example_short_circuit_decorator.py
[2025-01-09T23:44:47.793+0000] {processor.py:753} INFO - DAG(s) dict_keys(['example_short_circuit_decorator']) retrieved from /home/airflow/.local/lib/python3.7/site-packages/airflow/example_dags/example_short_circuit_decorator.py
[2025-01-09T23:44:47.805+0000] {logging_mixin.py:137} INFO - [2025-01-09T23:44:47.805+0000] {dag.py:2690} INFO - Sync 1 DAGs
[2025-01-09T23:44:47.816+0000] {logging_mixin.py:137} INFO - [2025-01-09T23:44:47.816+0000] {dag.py:3441} INFO - Setting next_dagrun for example_short_circuit_decorator to 2025-01-08T23:44:47.815996+00:00, run_after=2025-01-09T23:44:47.815996+00:00
[2025-01-09T23:44:47.822+0000] {processor.py:175} INFO - Processing /home/airflow/.local/lib/python3.7/site-packages/airflow/example_dags/example_short_circuit_decorator.py took 0.042 seconds
[2025-01-09T23:45:18.205+0000] {processor.py:153} INFO - Started process (PID=2340) to work on /home/airflow/.local/lib/python3.7/site-packages/airflow/example_dags/example_short_circuit_decorator.py
[2025-01-09T23:45:18.206+0000] {processor.py:743} INFO - Processing file /home/airflow/.local/lib/python3.7/site-packages/airflow/example_dags/example_short_circuit_decorator.py for tasks to queue
[2025-01-09T23:45:18.207+0000] {logging_mixin.py:137} INFO - [2025-01-09T23:45:18.207+0000] {dagbag.py:538} INFO - Filling up the DagBag from /home/airflow/.local/lib/python3.7/site-packages/airflow/example_dags/example_short_circuit_decorator.py
[2025-01-09T23:45:18.218+0000] {processor.py:753} INFO - DAG(s) dict_keys(['example_short_circuit_decorator']) retrieved from /home/airflow/.local/lib/python3.7/site-packages/airflow/example_dags/example_short_circuit_decorator.py
[2025-01-09T23:45:18.230+0000] {logging_mixin.py:137} INFO - [2025-01-09T23:45:18.230+0000] {dag.py:2690} INFO - Sync 1 DAGs
[2025-01-09T23:45:18.240+0000] {logging_mixin.py:137} INFO - [2025-01-09T23:45:18.240+0000] {dag.py:3441} INFO - Setting next_dagrun for example_short_circuit_decorator to 2025-01-08T23:45:18.240776+00:00, run_after=2025-01-09T23:45:18.240776+00:00
[2025-01-09T23:45:18.249+0000] {processor.py:175} INFO - Processing /home/airflow/.local/lib/python3.7/site-packages/airflow/example_dags/example_short_circuit_decorator.py took 0.046 seconds
[2025-01-09T23:45:48.679+0000] {processor.py:153} INFO - Started process (PID=2431) to work on /home/airflow/.local/lib/python3.7/site-packages/airflow/example_dags/example_short_circuit_decorator.py
[2025-01-09T23:45:48.680+0000] {processor.py:743} INFO - Processing file /home/airflow/.local/lib/python3.7/site-packages/airflow/example_dags/example_short_circuit_decorator.py for tasks to queue
[2025-01-09T23:45:48.681+0000] {logging_mixin.py:137} INFO - [2025-01-09T23:45:48.681+0000] {dagbag.py:538} INFO - Filling up the DagBag from /home/airflow/.local/lib/python3.7/site-packages/airflow/example_dags/example_short_circuit_decorator.py
[2025-01-09T23:45:48.691+0000] {processor.py:753} INFO - DAG(s) dict_keys(['example_short_circuit_decorator']) retrieved from /home/airflow/.local/lib/python3.7/site-packages/airflow/example_dags/example_short_circuit_decorator.py
[2025-01-09T23:45:48.705+0000] {logging_mixin.py:137} INFO - [2025-01-09T23:45:48.704+0000] {dag.py:2690} INFO - Sync 1 DAGs
[2025-01-09T23:45:48.716+0000] {logging_mixin.py:137} INFO - [2025-01-09T23:45:48.716+0000] {dag.py:3441} INFO - Setting next_dagrun for example_short_circuit_decorator to 2025-01-08T23:45:48.716216+00:00, run_after=2025-01-09T23:45:48.716216+00:00
[2025-01-09T23:45:48.734+0000] {processor.py:175} INFO - Processing /home/airflow/.local/lib/python3.7/site-packages/airflow/example_dags/example_short_circuit_decorator.py took 0.056 seconds
[2025-01-09T23:46:19.076+0000] {processor.py:153} INFO - Started process (PID=2511) to work on /home/airflow/.local/lib/python3.7/site-packages/airflow/example_dags/example_short_circuit_decorator.py
[2025-01-09T23:46:19.076+0000] {processor.py:743} INFO - Processing file /home/airflow/.local/lib/python3.7/site-packages/airflow/example_dags/example_short_circuit_decorator.py for tasks to queue
[2025-01-09T23:46:19.076+0000] {logging_mixin.py:137} INFO - [2025-01-09T23:46:19.076+0000] {dagbag.py:538} INFO - Filling up the DagBag from /home/airflow/.local/lib/python3.7/site-packages/airflow/example_dags/example_short_circuit_decorator.py
[2025-01-09T23:46:19.088+0000] {processor.py:753} INFO - DAG(s) dict_keys(['example_short_circuit_decorator']) retrieved from /home/airflow/.local/lib/python3.7/site-packages/airflow/example_dags/example_short_circuit_decorator.py
[2025-01-09T23:46:19.100+0000] {logging_mixin.py:137} INFO - [2025-01-09T23:46:19.100+0000] {dag.py:2690} INFO - Sync 1 DAGs
[2025-01-09T23:46:19.115+0000] {logging_mixin.py:137} INFO - [2025-01-09T23:46:19.115+0000] {dag.py:3441} INFO - Setting next_dagrun for example_short_circuit_decorator to 2025-01-08T23:46:19.115628+00:00, run_after=2025-01-09T23:46:19.115628+00:00
[2025-01-09T23:46:19.128+0000] {processor.py:175} INFO - Processing /home/airflow/.local/lib/python3.7/site-packages/airflow/example_dags/example_short_circuit_decorator.py took 0.053 seconds
[2025-01-09T23:46:49.552+0000] {processor.py:153} INFO - Started process (PID=2595) to work on /home/airflow/.local/lib/python3.7/site-packages/airflow/example_dags/example_short_circuit_decorator.py
[2025-01-09T23:46:49.552+0000] {processor.py:743} INFO - Processing file /home/airflow/.local/lib/python3.7/site-packages/airflow/example_dags/example_short_circuit_decorator.py for tasks to queue
[2025-01-09T23:46:49.552+0000] {logging_mixin.py:137} INFO - [2025-01-09T23:46:49.552+0000] {dagbag.py:538} INFO - Filling up the DagBag from /home/airflow/.local/lib/python3.7/site-packages/airflow/example_dags/example_short_circuit_decorator.py
[2025-01-09T23:46:49.562+0000] {processor.py:753} INFO - DAG(s) dict_keys(['example_short_circuit_decorator']) retrieved from /home/airflow/.local/lib/python3.7/site-packages/airflow/example_dags/example_short_circuit_decorator.py
[2025-01-09T23:46:49.573+0000] {logging_mixin.py:137} INFO - [2025-01-09T23:46:49.573+0000] {dag.py:2690} INFO - Sync 1 DAGs
[2025-01-09T23:46:49.584+0000] {logging_mixin.py:137} INFO - [2025-01-09T23:46:49.584+0000] {dag.py:3441} INFO - Setting next_dagrun for example_short_circuit_decorator to 2025-01-08T23:46:49.584233+00:00, run_after=2025-01-09T23:46:49.584233+00:00
[2025-01-09T23:46:49.591+0000] {processor.py:175} INFO - Processing /home/airflow/.local/lib/python3.7/site-packages/airflow/example_dags/example_short_circuit_decorator.py took 0.040 seconds
[2025-01-09T23:47:20.042+0000] {processor.py:153} INFO - Started process (PID=2686) to work on /home/airflow/.local/lib/python3.7/site-packages/airflow/example_dags/example_short_circuit_decorator.py
[2025-01-09T23:47:20.043+0000] {processor.py:743} INFO - Processing file /home/airflow/.local/lib/python3.7/site-packages/airflow/example_dags/example_short_circuit_decorator.py for tasks to queue
[2025-01-09T23:47:20.043+0000] {logging_mixin.py:137} INFO - [2025-01-09T23:47:20.043+0000] {dagbag.py:538} INFO - Filling up the DagBag from /home/airflow/.local/lib/python3.7/site-packages/airflow/example_dags/example_short_circuit_decorator.py
[2025-01-09T23:47:20.054+0000] {processor.py:753} INFO - DAG(s) dict_keys(['example_short_circuit_decorator']) retrieved from /home/airflow/.local/lib/python3.7/site-packages/airflow/example_dags/example_short_circuit_decorator.py
[2025-01-09T23:47:20.075+0000] {logging_mixin.py:137} INFO - [2025-01-09T23:47:20.074+0000] {dag.py:2690} INFO - Sync 1 DAGs
[2025-01-09T23:47:20.088+0000] {logging_mixin.py:137} INFO - [2025-01-09T23:47:20.088+0000] {dag.py:3441} INFO - Setting next_dagrun for example_short_circuit_decorator to 2025-01-08T23:47:20.087898+00:00, run_after=2025-01-09T23:47:20.087898+00:00
[2025-01-09T23:47:20.095+0000] {processor.py:175} INFO - Processing /home/airflow/.local/lib/python3.7/site-packages/airflow/example_dags/example_short_circuit_decorator.py took 0.054 seconds
[2025-01-09T23:47:50.518+0000] {processor.py:153} INFO - Started process (PID=2777) to work on /home/airflow/.local/lib/python3.7/site-packages/airflow/example_dags/example_short_circuit_decorator.py
[2025-01-09T23:47:50.521+0000] {processor.py:743} INFO - Processing file /home/airflow/.local/lib/python3.7/site-packages/airflow/example_dags/example_short_circuit_decorator.py for tasks to queue
[2025-01-09T23:47:50.521+0000] {logging_mixin.py:137} INFO - [2025-01-09T23:47:50.521+0000] {dagbag.py:538} INFO - Filling up the DagBag from /home/airflow/.local/lib/python3.7/site-packages/airflow/example_dags/example_short_circuit_decorator.py
[2025-01-09T23:47:50.532+0000] {processor.py:753} INFO - DAG(s) dict_keys(['example_short_circuit_decorator']) retrieved from /home/airflow/.local/lib/python3.7/site-packages/airflow/example_dags/example_short_circuit_decorator.py
[2025-01-09T23:47:50.542+0000] {logging_mixin.py:137} INFO - [2025-01-09T23:47:50.542+0000] {dag.py:2690} INFO - Sync 1 DAGs
[2025-01-09T23:47:50.553+0000] {logging_mixin.py:137} INFO - [2025-01-09T23:47:50.553+0000] {dag.py:3441} INFO - Setting next_dagrun for example_short_circuit_decorator to 2025-01-08T23:47:50.553014+00:00, run_after=2025-01-09T23:47:50.553014+00:00
[2025-01-09T23:47:50.565+0000] {processor.py:175} INFO - Processing /home/airflow/.local/lib/python3.7/site-packages/airflow/example_dags/example_short_circuit_decorator.py took 0.049 seconds
[2025-01-09T23:48:21.219+0000] {processor.py:153} INFO - Started process (PID=2868) to work on /home/airflow/.local/lib/python3.7/site-packages/airflow/example_dags/example_short_circuit_decorator.py
[2025-01-09T23:48:21.219+0000] {processor.py:743} INFO - Processing file /home/airflow/.local/lib/python3.7/site-packages/airflow/example_dags/example_short_circuit_decorator.py for tasks to queue
[2025-01-09T23:48:21.219+0000] {logging_mixin.py:137} INFO - [2025-01-09T23:48:21.219+0000] {dagbag.py:538} INFO - Filling up the DagBag from /home/airflow/.local/lib/python3.7/site-packages/airflow/example_dags/example_short_circuit_decorator.py
[2025-01-09T23:48:21.229+0000] {processor.py:753} INFO - DAG(s) dict_keys(['example_short_circuit_decorator']) retrieved from /home/airflow/.local/lib/python3.7/site-packages/airflow/example_dags/example_short_circuit_decorator.py
[2025-01-09T23:48:21.238+0000] {logging_mixin.py:137} INFO - [2025-01-09T23:48:21.238+0000] {dag.py:2690} INFO - Sync 1 DAGs
[2025-01-09T23:48:21.248+0000] {logging_mixin.py:137} INFO - [2025-01-09T23:48:21.248+0000] {dag.py:3441} INFO - Setting next_dagrun for example_short_circuit_decorator to 2025-01-08T23:48:21.248433+00:00, run_after=2025-01-09T23:48:21.248433+00:00
[2025-01-09T23:48:21.255+0000] {processor.py:175} INFO - Processing /home/airflow/.local/lib/python3.7/site-packages/airflow/example_dags/example_short_circuit_decorator.py took 0.037 seconds
[2025-01-09T23:48:51.623+0000] {processor.py:153} INFO - Started process (PID=2943) to work on /home/airflow/.local/lib/python3.7/site-packages/airflow/example_dags/example_short_circuit_decorator.py
[2025-01-09T23:48:51.624+0000] {processor.py:743} INFO - Processing file /home/airflow/.local/lib/python3.7/site-packages/airflow/example_dags/example_short_circuit_decorator.py for tasks to queue
[2025-01-09T23:48:51.624+0000] {logging_mixin.py:137} INFO - [2025-01-09T23:48:51.624+0000] {dagbag.py:538} INFO - Filling up the DagBag from /home/airflow/.local/lib/python3.7/site-packages/airflow/example_dags/example_short_circuit_decorator.py
[2025-01-09T23:48:51.634+0000] {processor.py:753} INFO - DAG(s) dict_keys(['example_short_circuit_decorator']) retrieved from /home/airflow/.local/lib/python3.7/site-packages/airflow/example_dags/example_short_circuit_decorator.py
[2025-01-09T23:48:51.645+0000] {logging_mixin.py:137} INFO - [2025-01-09T23:48:51.645+0000] {dag.py:2690} INFO - Sync 1 DAGs
[2025-01-09T23:48:51.657+0000] {logging_mixin.py:137} INFO - [2025-01-09T23:48:51.657+0000] {dag.py:3441} INFO - Setting next_dagrun for example_short_circuit_decorator to 2025-01-08T23:48:51.657814+00:00, run_after=2025-01-09T23:48:51.657814+00:00
[2025-01-09T23:48:51.667+0000] {processor.py:175} INFO - Processing /home/airflow/.local/lib/python3.7/site-packages/airflow/example_dags/example_short_circuit_decorator.py took 0.046 seconds
[2025-01-09T23:49:22.090+0000] {processor.py:153} INFO - Started process (PID=3034) to work on /home/airflow/.local/lib/python3.7/site-packages/airflow/example_dags/example_short_circuit_decorator.py
[2025-01-09T23:49:22.091+0000] {processor.py:743} INFO - Processing file /home/airflow/.local/lib/python3.7/site-packages/airflow/example_dags/example_short_circuit_decorator.py for tasks to queue
[2025-01-09T23:49:22.091+0000] {logging_mixin.py:137} INFO - [2025-01-09T23:49:22.091+0000] {dagbag.py:538} INFO - Filling up the DagBag from /home/airflow/.local/lib/python3.7/site-packages/airflow/example_dags/example_short_circuit_decorator.py
[2025-01-09T23:49:22.101+0000] {processor.py:753} INFO - DAG(s) dict_keys(['example_short_circuit_decorator']) retrieved from /home/airflow/.local/lib/python3.7/site-packages/airflow/example_dags/example_short_circuit_decorator.py
[2025-01-09T23:49:22.112+0000] {logging_mixin.py:137} INFO - [2025-01-09T23:49:22.112+0000] {dag.py:2690} INFO - Sync 1 DAGs
[2025-01-09T23:49:22.124+0000] {logging_mixin.py:137} INFO - [2025-01-09T23:49:22.124+0000] {dag.py:3441} INFO - Setting next_dagrun for example_short_circuit_decorator to 2025-01-08T23:49:22.123992+00:00, run_after=2025-01-09T23:49:22.123992+00:00
[2025-01-09T23:49:22.134+0000] {processor.py:175} INFO - Processing /home/airflow/.local/lib/python3.7/site-packages/airflow/example_dags/example_short_circuit_decorator.py took 0.045 seconds
[2025-01-09T23:49:52.567+0000] {processor.py:153} INFO - Started process (PID=3125) to work on /home/airflow/.local/lib/python3.7/site-packages/airflow/example_dags/example_short_circuit_decorator.py
[2025-01-09T23:49:52.568+0000] {processor.py:743} INFO - Processing file /home/airflow/.local/lib/python3.7/site-packages/airflow/example_dags/example_short_circuit_decorator.py for tasks to queue
[2025-01-09T23:49:52.569+0000] {logging_mixin.py:137} INFO - [2025-01-09T23:49:52.569+0000] {dagbag.py:538} INFO - Filling up the DagBag from /home/airflow/.local/lib/python3.7/site-packages/airflow/example_dags/example_short_circuit_decorator.py
[2025-01-09T23:49:52.581+0000] {processor.py:753} INFO - DAG(s) dict_keys(['example_short_circuit_decorator']) retrieved from /home/airflow/.local/lib/python3.7/site-packages/airflow/example_dags/example_short_circuit_decorator.py
[2025-01-09T23:49:52.594+0000] {logging_mixin.py:137} INFO - [2025-01-09T23:49:52.594+0000] {dag.py:2690} INFO - Sync 1 DAGs
[2025-01-09T23:49:52.607+0000] {logging_mixin.py:137} INFO - [2025-01-09T23:49:52.606+0000] {dag.py:3441} INFO - Setting next_dagrun for example_short_circuit_decorator to 2025-01-08T23:49:52.606866+00:00, run_after=2025-01-09T23:49:52.606866+00:00
[2025-01-09T23:49:52.620+0000] {processor.py:175} INFO - Processing /home/airflow/.local/lib/python3.7/site-packages/airflow/example_dags/example_short_circuit_decorator.py took 0.055 seconds
[2025-01-09T23:50:23.075+0000] {processor.py:153} INFO - Started process (PID=3216) to work on /home/airflow/.local/lib/python3.7/site-packages/airflow/example_dags/example_short_circuit_decorator.py
[2025-01-09T23:50:23.076+0000] {processor.py:743} INFO - Processing file /home/airflow/.local/lib/python3.7/site-packages/airflow/example_dags/example_short_circuit_decorator.py for tasks to queue
[2025-01-09T23:50:23.076+0000] {logging_mixin.py:137} INFO - [2025-01-09T23:50:23.076+0000] {dagbag.py:538} INFO - Filling up the DagBag from /home/airflow/.local/lib/python3.7/site-packages/airflow/example_dags/example_short_circuit_decorator.py
[2025-01-09T23:50:23.086+0000] {processor.py:753} INFO - DAG(s) dict_keys(['example_short_circuit_decorator']) retrieved from /home/airflow/.local/lib/python3.7/site-packages/airflow/example_dags/example_short_circuit_decorator.py
[2025-01-09T23:50:23.096+0000] {logging_mixin.py:137} INFO - [2025-01-09T23:50:23.096+0000] {dag.py:2690} INFO - Sync 1 DAGs
[2025-01-09T23:50:23.108+0000] {logging_mixin.py:137} INFO - [2025-01-09T23:50:23.108+0000] {dag.py:3441} INFO - Setting next_dagrun for example_short_circuit_decorator to 2025-01-08T23:50:23.108000+00:00, run_after=2025-01-09T23:50:23.108000+00:00
[2025-01-09T23:50:23.118+0000] {processor.py:175} INFO - Processing /home/airflow/.local/lib/python3.7/site-packages/airflow/example_dags/example_short_circuit_decorator.py took 0.044 seconds
[2025-01-09T23:50:53.513+0000] {processor.py:153} INFO - Started process (PID=3291) to work on /home/airflow/.local/lib/python3.7/site-packages/airflow/example_dags/example_short_circuit_decorator.py
[2025-01-09T23:50:53.513+0000] {processor.py:743} INFO - Processing file /home/airflow/.local/lib/python3.7/site-packages/airflow/example_dags/example_short_circuit_decorator.py for tasks to queue
[2025-01-09T23:50:53.514+0000] {logging_mixin.py:137} INFO - [2025-01-09T23:50:53.513+0000] {dagbag.py:538} INFO - Filling up the DagBag from /home/airflow/.local/lib/python3.7/site-packages/airflow/example_dags/example_short_circuit_decorator.py
[2025-01-09T23:50:53.526+0000] {processor.py:753} INFO - DAG(s) dict_keys(['example_short_circuit_decorator']) retrieved from /home/airflow/.local/lib/python3.7/site-packages/airflow/example_dags/example_short_circuit_decorator.py
[2025-01-09T23:50:53.539+0000] {logging_mixin.py:137} INFO - [2025-01-09T23:50:53.539+0000] {dag.py:2690} INFO - Sync 1 DAGs
[2025-01-09T23:50:53.552+0000] {logging_mixin.py:137} INFO - [2025-01-09T23:50:53.552+0000] {dag.py:3441} INFO - Setting next_dagrun for example_short_circuit_decorator to 2025-01-08T23:50:53.552675+00:00, run_after=2025-01-09T23:50:53.552675+00:00
[2025-01-09T23:50:53.560+0000] {processor.py:175} INFO - Processing /home/airflow/.local/lib/python3.7/site-packages/airflow/example_dags/example_short_circuit_decorator.py took 0.049 seconds
[2025-01-09T23:51:23.926+0000] {processor.py:153} INFO - Started process (PID=3382) to work on /home/airflow/.local/lib/python3.7/site-packages/airflow/example_dags/example_short_circuit_decorator.py
[2025-01-09T23:51:23.926+0000] {processor.py:743} INFO - Processing file /home/airflow/.local/lib/python3.7/site-packages/airflow/example_dags/example_short_circuit_decorator.py for tasks to queue
[2025-01-09T23:51:23.927+0000] {logging_mixin.py:137} INFO - [2025-01-09T23:51:23.927+0000] {dagbag.py:538} INFO - Filling up the DagBag from /home/airflow/.local/lib/python3.7/site-packages/airflow/example_dags/example_short_circuit_decorator.py
[2025-01-09T23:51:23.936+0000] {processor.py:753} INFO - DAG(s) dict_keys(['example_short_circuit_decorator']) retrieved from /home/airflow/.local/lib/python3.7/site-packages/airflow/example_dags/example_short_circuit_decorator.py
[2025-01-09T23:51:23.949+0000] {logging_mixin.py:137} INFO - [2025-01-09T23:51:23.949+0000] {dag.py:2690} INFO - Sync 1 DAGs
[2025-01-09T23:51:23.959+0000] {logging_mixin.py:137} INFO - [2025-01-09T23:51:23.959+0000] {dag.py:3441} INFO - Setting next_dagrun for example_short_circuit_decorator to 2025-01-08T23:51:23.959362+00:00, run_after=2025-01-09T23:51:23.959362+00:00
[2025-01-09T23:51:23.970+0000] {processor.py:175} INFO - Processing /home/airflow/.local/lib/python3.7/site-packages/airflow/example_dags/example_short_circuit_decorator.py took 0.045 seconds
[2025-01-09T23:51:54.386+0000] {processor.py:153} INFO - Started process (PID=3473) to work on /home/airflow/.local/lib/python3.7/site-packages/airflow/example_dags/example_short_circuit_decorator.py
[2025-01-09T23:51:54.387+0000] {processor.py:743} INFO - Processing file /home/airflow/.local/lib/python3.7/site-packages/airflow/example_dags/example_short_circuit_decorator.py for tasks to queue
[2025-01-09T23:51:54.387+0000] {logging_mixin.py:137} INFO - [2025-01-09T23:51:54.387+0000] {dagbag.py:538} INFO - Filling up the DagBag from /home/airflow/.local/lib/python3.7/site-packages/airflow/example_dags/example_short_circuit_decorator.py
[2025-01-09T23:51:54.397+0000] {processor.py:753} INFO - DAG(s) dict_keys(['example_short_circuit_decorator']) retrieved from /home/airflow/.local/lib/python3.7/site-packages/airflow/example_dags/example_short_circuit_decorator.py
[2025-01-09T23:51:54.410+0000] {logging_mixin.py:137} INFO - [2025-01-09T23:51:54.410+0000] {dag.py:2690} INFO - Sync 1 DAGs
[2025-01-09T23:51:54.421+0000] {logging_mixin.py:137} INFO - [2025-01-09T23:51:54.421+0000] {dag.py:3441} INFO - Setting next_dagrun for example_short_circuit_decorator to 2025-01-08T23:51:54.421084+00:00, run_after=2025-01-09T23:51:54.421084+00:00
[2025-01-09T23:51:54.433+0000] {processor.py:175} INFO - Processing /home/airflow/.local/lib/python3.7/site-packages/airflow/example_dags/example_short_circuit_decorator.py took 0.048 seconds
[2025-01-09T23:52:25.014+0000] {processor.py:153} INFO - Started process (PID=3564) to work on /home/airflow/.local/lib/python3.7/site-packages/airflow/example_dags/example_short_circuit_decorator.py
[2025-01-09T23:52:25.014+0000] {processor.py:743} INFO - Processing file /home/airflow/.local/lib/python3.7/site-packages/airflow/example_dags/example_short_circuit_decorator.py for tasks to queue
[2025-01-09T23:52:25.015+0000] {logging_mixin.py:137} INFO - [2025-01-09T23:52:25.015+0000] {dagbag.py:538} INFO - Filling up the DagBag from /home/airflow/.local/lib/python3.7/site-packages/airflow/example_dags/example_short_circuit_decorator.py
[2025-01-09T23:52:25.026+0000] {processor.py:753} INFO - DAG(s) dict_keys(['example_short_circuit_decorator']) retrieved from /home/airflow/.local/lib/python3.7/site-packages/airflow/example_dags/example_short_circuit_decorator.py
[2025-01-09T23:52:25.039+0000] {logging_mixin.py:137} INFO - [2025-01-09T23:52:25.039+0000] {dag.py:2690} INFO - Sync 1 DAGs
[2025-01-09T23:52:25.053+0000] {logging_mixin.py:137} INFO - [2025-01-09T23:52:25.053+0000] {dag.py:3441} INFO - Setting next_dagrun for example_short_circuit_decorator to 2025-01-08T23:52:25.053141+00:00, run_after=2025-01-09T23:52:25.053141+00:00
[2025-01-09T23:52:25.060+0000] {processor.py:175} INFO - Processing /home/airflow/.local/lib/python3.7/site-packages/airflow/example_dags/example_short_circuit_decorator.py took 0.048 seconds
[2025-01-09T23:52:55.700+0000] {processor.py:153} INFO - Started process (PID=3655) to work on /home/airflow/.local/lib/python3.7/site-packages/airflow/example_dags/example_short_circuit_decorator.py
[2025-01-09T23:52:55.700+0000] {processor.py:743} INFO - Processing file /home/airflow/.local/lib/python3.7/site-packages/airflow/example_dags/example_short_circuit_decorator.py for tasks to queue
[2025-01-09T23:52:55.701+0000] {logging_mixin.py:137} INFO - [2025-01-09T23:52:55.701+0000] {dagbag.py:538} INFO - Filling up the DagBag from /home/airflow/.local/lib/python3.7/site-packages/airflow/example_dags/example_short_circuit_decorator.py
[2025-01-09T23:52:55.716+0000] {processor.py:753} INFO - DAG(s) dict_keys(['example_short_circuit_decorator']) retrieved from /home/airflow/.local/lib/python3.7/site-packages/airflow/example_dags/example_short_circuit_decorator.py
[2025-01-09T23:52:55.733+0000] {logging_mixin.py:137} INFO - [2025-01-09T23:52:55.733+0000] {dag.py:2690} INFO - Sync 1 DAGs
[2025-01-09T23:52:55.745+0000] {logging_mixin.py:137} INFO - [2025-01-09T23:52:55.745+0000] {dag.py:3441} INFO - Setting next_dagrun for example_short_circuit_decorator to 2025-01-08T23:52:55.745532+00:00, run_after=2025-01-09T23:52:55.745532+00:00
[2025-01-09T23:52:55.757+0000] {processor.py:175} INFO - Processing /home/airflow/.local/lib/python3.7/site-packages/airflow/example_dags/example_short_circuit_decorator.py took 0.059 seconds
[2025-01-09T23:53:26.225+0000] {processor.py:153} INFO - Started process (PID=3730) to work on /home/airflow/.local/lib/python3.7/site-packages/airflow/example_dags/example_short_circuit_decorator.py
[2025-01-09T23:53:26.225+0000] {processor.py:743} INFO - Processing file /home/airflow/.local/lib/python3.7/site-packages/airflow/example_dags/example_short_circuit_decorator.py for tasks to queue
[2025-01-09T23:53:26.225+0000] {logging_mixin.py:137} INFO - [2025-01-09T23:53:26.225+0000] {dagbag.py:538} INFO - Filling up the DagBag from /home/airflow/.local/lib/python3.7/site-packages/airflow/example_dags/example_short_circuit_decorator.py
[2025-01-09T23:53:26.235+0000] {processor.py:753} INFO - DAG(s) dict_keys(['example_short_circuit_decorator']) retrieved from /home/airflow/.local/lib/python3.7/site-packages/airflow/example_dags/example_short_circuit_decorator.py
[2025-01-09T23:53:26.249+0000] {logging_mixin.py:137} INFO - [2025-01-09T23:53:26.249+0000] {dag.py:2690} INFO - Sync 1 DAGs
[2025-01-09T23:53:26.259+0000] {logging_mixin.py:137} INFO - [2025-01-09T23:53:26.259+0000] {dag.py:3441} INFO - Setting next_dagrun for example_short_circuit_decorator to 2025-01-08T23:53:26.259083+00:00, run_after=2025-01-09T23:53:26.259083+00:00
[2025-01-09T23:53:26.268+0000] {processor.py:175} INFO - Processing /home/airflow/.local/lib/python3.7/site-packages/airflow/example_dags/example_short_circuit_decorator.py took 0.045 seconds
[2025-01-09T23:53:56.738+0000] {processor.py:153} INFO - Started process (PID=3821) to work on /home/airflow/.local/lib/python3.7/site-packages/airflow/example_dags/example_short_circuit_decorator.py
[2025-01-09T23:53:56.738+0000] {processor.py:743} INFO - Processing file /home/airflow/.local/lib/python3.7/site-packages/airflow/example_dags/example_short_circuit_decorator.py for tasks to queue
[2025-01-09T23:53:56.739+0000] {logging_mixin.py:137} INFO - [2025-01-09T23:53:56.739+0000] {dagbag.py:538} INFO - Filling up the DagBag from /home/airflow/.local/lib/python3.7/site-packages/airflow/example_dags/example_short_circuit_decorator.py
[2025-01-09T23:53:56.750+0000] {processor.py:753} INFO - DAG(s) dict_keys(['example_short_circuit_decorator']) retrieved from /home/airflow/.local/lib/python3.7/site-packages/airflow/example_dags/example_short_circuit_decorator.py
[2025-01-09T23:53:56.760+0000] {logging_mixin.py:137} INFO - [2025-01-09T23:53:56.760+0000] {dag.py:2690} INFO - Sync 1 DAGs
[2025-01-09T23:53:56.770+0000] {logging_mixin.py:137} INFO - [2025-01-09T23:53:56.770+0000] {dag.py:3441} INFO - Setting next_dagrun for example_short_circuit_decorator to 2025-01-08T23:53:56.770174+00:00, run_after=2025-01-09T23:53:56.770174+00:00
[2025-01-09T23:53:56.780+0000] {processor.py:175} INFO - Processing /home/airflow/.local/lib/python3.7/site-packages/airflow/example_dags/example_short_circuit_decorator.py took 0.044 seconds
[2025-01-09T23:54:27.296+0000] {processor.py:153} INFO - Started process (PID=3912) to work on /home/airflow/.local/lib/python3.7/site-packages/airflow/example_dags/example_short_circuit_decorator.py
[2025-01-09T23:54:27.298+0000] {processor.py:743} INFO - Processing file /home/airflow/.local/lib/python3.7/site-packages/airflow/example_dags/example_short_circuit_decorator.py for tasks to queue
[2025-01-09T23:54:27.299+0000] {logging_mixin.py:137} INFO - [2025-01-09T23:54:27.299+0000] {dagbag.py:538} INFO - Filling up the DagBag from /home/airflow/.local/lib/python3.7/site-packages/airflow/example_dags/example_short_circuit_decorator.py
[2025-01-09T23:54:27.309+0000] {processor.py:753} INFO - DAG(s) dict_keys(['example_short_circuit_decorator']) retrieved from /home/airflow/.local/lib/python3.7/site-packages/airflow/example_dags/example_short_circuit_decorator.py
[2025-01-09T23:54:27.321+0000] {logging_mixin.py:137} INFO - [2025-01-09T23:54:27.321+0000] {dag.py:2690} INFO - Sync 1 DAGs
[2025-01-09T23:54:27.334+0000] {logging_mixin.py:137} INFO - [2025-01-09T23:54:27.334+0000] {dag.py:3441} INFO - Setting next_dagrun for example_short_circuit_decorator to 2025-01-08T23:54:27.334156+00:00, run_after=2025-01-09T23:54:27.334156+00:00
[2025-01-09T23:54:27.345+0000] {processor.py:175} INFO - Processing /home/airflow/.local/lib/python3.7/site-packages/airflow/example_dags/example_short_circuit_decorator.py took 0.050 seconds
[2025-01-09T23:54:57.878+0000] {processor.py:153} INFO - Started process (PID=4003) to work on /home/airflow/.local/lib/python3.7/site-packages/airflow/example_dags/example_short_circuit_decorator.py
[2025-01-09T23:54:57.879+0000] {processor.py:743} INFO - Processing file /home/airflow/.local/lib/python3.7/site-packages/airflow/example_dags/example_short_circuit_decorator.py for tasks to queue
[2025-01-09T23:54:57.879+0000] {logging_mixin.py:137} INFO - [2025-01-09T23:54:57.879+0000] {dagbag.py:538} INFO - Filling up the DagBag from /home/airflow/.local/lib/python3.7/site-packages/airflow/example_dags/example_short_circuit_decorator.py
[2025-01-09T23:54:57.889+0000] {processor.py:753} INFO - DAG(s) dict_keys(['example_short_circuit_decorator']) retrieved from /home/airflow/.local/lib/python3.7/site-packages/airflow/example_dags/example_short_circuit_decorator.py
[2025-01-09T23:54:57.901+0000] {logging_mixin.py:137} INFO - [2025-01-09T23:54:57.901+0000] {dag.py:2690} INFO - Sync 1 DAGs
[2025-01-09T23:54:57.912+0000] {logging_mixin.py:137} INFO - [2025-01-09T23:54:57.912+0000] {dag.py:3441} INFO - Setting next_dagrun for example_short_circuit_decorator to 2025-01-08T23:54:57.911986+00:00, run_after=2025-01-09T23:54:57.911986+00:00
[2025-01-09T23:54:57.919+0000] {processor.py:175} INFO - Processing /home/airflow/.local/lib/python3.7/site-packages/airflow/example_dags/example_short_circuit_decorator.py took 0.042 seconds
[2025-01-09T23:55:28.292+0000] {processor.py:153} INFO - Started process (PID=4077) to work on /home/airflow/.local/lib/python3.7/site-packages/airflow/example_dags/example_short_circuit_decorator.py
[2025-01-09T23:55:28.293+0000] {processor.py:743} INFO - Processing file /home/airflow/.local/lib/python3.7/site-packages/airflow/example_dags/example_short_circuit_decorator.py for tasks to queue
[2025-01-09T23:55:28.294+0000] {logging_mixin.py:137} INFO - [2025-01-09T23:55:28.294+0000] {dagbag.py:538} INFO - Filling up the DagBag from /home/airflow/.local/lib/python3.7/site-packages/airflow/example_dags/example_short_circuit_decorator.py
[2025-01-09T23:55:28.303+0000] {processor.py:753} INFO - DAG(s) dict_keys(['example_short_circuit_decorator']) retrieved from /home/airflow/.local/lib/python3.7/site-packages/airflow/example_dags/example_short_circuit_decorator.py
[2025-01-09T23:55:28.316+0000] {logging_mixin.py:137} INFO - [2025-01-09T23:55:28.316+0000] {dag.py:2690} INFO - Sync 1 DAGs
[2025-01-09T23:55:28.327+0000] {logging_mixin.py:137} INFO - [2025-01-09T23:55:28.327+0000] {dag.py:3441} INFO - Setting next_dagrun for example_short_circuit_decorator to 2025-01-08T23:55:28.327211+00:00, run_after=2025-01-09T23:55:28.327211+00:00
[2025-01-09T23:55:28.339+0000] {processor.py:175} INFO - Processing /home/airflow/.local/lib/python3.7/site-packages/airflow/example_dags/example_short_circuit_decorator.py took 0.049 seconds
