[2025-01-09T23:31:32.105+0000] {processor.py:153} INFO - Started process (PID=62) to work on /home/airflow/.local/lib/python3.7/site-packages/airflow/example_dags/example_trigger_target_dag.py
[2025-01-09T23:31:32.108+0000] {processor.py:743} INFO - Processing file /home/airflow/.local/lib/python3.7/site-packages/airflow/example_dags/example_trigger_target_dag.py for tasks to queue
[2025-01-09T23:31:32.109+0000] {logging_mixin.py:137} INFO - [2025-01-09T23:31:32.109+0000] {dagbag.py:538} INFO - Filling up the DagBag from /home/airflow/.local/lib/python3.7/site-packages/airflow/example_dags/example_trigger_target_dag.py
[2025-01-09T23:31:32.122+0000] {processor.py:753} INFO - DAG(s) dict_keys(['example_trigger_target_dag']) retrieved from /home/airflow/.local/lib/python3.7/site-packages/airflow/example_dags/example_trigger_target_dag.py
[2025-01-09T23:31:32.136+0000] {logging_mixin.py:137} INFO - [2025-01-09T23:31:32.136+0000] {dag.py:2690} INFO - Sync 1 DAGs
[2025-01-09T23:31:32.155+0000] {logging_mixin.py:137} INFO - [2025-01-09T23:31:32.155+0000] {dag.py:3441} INFO - Setting next_dagrun for example_trigger_target_dag to None, run_after=None
[2025-01-09T23:31:32.176+0000] {processor.py:175} INFO - Processing /home/airflow/.local/lib/python3.7/site-packages/airflow/example_dags/example_trigger_target_dag.py took 0.073 seconds
[2025-01-09T23:32:02.823+0000] {processor.py:153} INFO - Started process (PID=169) to work on /home/airflow/.local/lib/python3.7/site-packages/airflow/example_dags/example_trigger_target_dag.py
[2025-01-09T23:32:02.825+0000] {processor.py:743} INFO - Processing file /home/airflow/.local/lib/python3.7/site-packages/airflow/example_dags/example_trigger_target_dag.py for tasks to queue
[2025-01-09T23:32:02.825+0000] {logging_mixin.py:137} INFO - [2025-01-09T23:32:02.825+0000] {dagbag.py:538} INFO - Filling up the DagBag from /home/airflow/.local/lib/python3.7/site-packages/airflow/example_dags/example_trigger_target_dag.py
[2025-01-09T23:32:02.835+0000] {processor.py:753} INFO - DAG(s) dict_keys(['example_trigger_target_dag']) retrieved from /home/airflow/.local/lib/python3.7/site-packages/airflow/example_dags/example_trigger_target_dag.py
[2025-01-09T23:32:02.848+0000] {logging_mixin.py:137} INFO - [2025-01-09T23:32:02.848+0000] {dag.py:2690} INFO - Sync 1 DAGs
[2025-01-09T23:32:02.862+0000] {logging_mixin.py:137} INFO - [2025-01-09T23:32:02.862+0000] {dag.py:3441} INFO - Setting next_dagrun for example_trigger_target_dag to None, run_after=None
[2025-01-09T23:32:02.878+0000] {processor.py:175} INFO - Processing /home/airflow/.local/lib/python3.7/site-packages/airflow/example_dags/example_trigger_target_dag.py took 0.056 seconds
[2025-01-09T23:32:33.784+0000] {processor.py:153} INFO - Started process (PID=259) to work on /home/airflow/.local/lib/python3.7/site-packages/airflow/example_dags/example_trigger_target_dag.py
[2025-01-09T23:32:33.784+0000] {processor.py:743} INFO - Processing file /home/airflow/.local/lib/python3.7/site-packages/airflow/example_dags/example_trigger_target_dag.py for tasks to queue
[2025-01-09T23:32:33.784+0000] {logging_mixin.py:137} INFO - [2025-01-09T23:32:33.784+0000] {dagbag.py:538} INFO - Filling up the DagBag from /home/airflow/.local/lib/python3.7/site-packages/airflow/example_dags/example_trigger_target_dag.py
[2025-01-09T23:32:33.793+0000] {processor.py:753} INFO - DAG(s) dict_keys(['example_trigger_target_dag']) retrieved from /home/airflow/.local/lib/python3.7/site-packages/airflow/example_dags/example_trigger_target_dag.py
[2025-01-09T23:32:33.808+0000] {logging_mixin.py:137} INFO - [2025-01-09T23:32:33.808+0000] {dag.py:2690} INFO - Sync 1 DAGs
[2025-01-09T23:32:33.822+0000] {logging_mixin.py:137} INFO - [2025-01-09T23:32:33.822+0000] {dag.py:3441} INFO - Setting next_dagrun for example_trigger_target_dag to None, run_after=None
[2025-01-09T23:32:33.837+0000] {processor.py:175} INFO - Processing /home/airflow/.local/lib/python3.7/site-packages/airflow/example_dags/example_trigger_target_dag.py took 0.055 seconds
[2025-01-09T23:33:04.271+0000] {processor.py:153} INFO - Started process (PID=334) to work on /home/airflow/.local/lib/python3.7/site-packages/airflow/example_dags/example_trigger_target_dag.py
[2025-01-09T23:33:04.272+0000] {processor.py:743} INFO - Processing file /home/airflow/.local/lib/python3.7/site-packages/airflow/example_dags/example_trigger_target_dag.py for tasks to queue
[2025-01-09T23:33:04.272+0000] {logging_mixin.py:137} INFO - [2025-01-09T23:33:04.272+0000] {dagbag.py:538} INFO - Filling up the DagBag from /home/airflow/.local/lib/python3.7/site-packages/airflow/example_dags/example_trigger_target_dag.py
[2025-01-09T23:33:04.281+0000] {processor.py:753} INFO - DAG(s) dict_keys(['example_trigger_target_dag']) retrieved from /home/airflow/.local/lib/python3.7/site-packages/airflow/example_dags/example_trigger_target_dag.py
[2025-01-09T23:33:04.292+0000] {logging_mixin.py:137} INFO - [2025-01-09T23:33:04.292+0000] {dag.py:2690} INFO - Sync 1 DAGs
[2025-01-09T23:33:04.304+0000] {logging_mixin.py:137} INFO - [2025-01-09T23:33:04.304+0000] {dag.py:3441} INFO - Setting next_dagrun for example_trigger_target_dag to None, run_after=None
[2025-01-09T23:33:04.317+0000] {processor.py:175} INFO - Processing /home/airflow/.local/lib/python3.7/site-packages/airflow/example_dags/example_trigger_target_dag.py took 0.046 seconds
[2025-01-09T23:33:34.691+0000] {processor.py:153} INFO - Started process (PID=425) to work on /home/airflow/.local/lib/python3.7/site-packages/airflow/example_dags/example_trigger_target_dag.py
[2025-01-09T23:33:34.691+0000] {processor.py:743} INFO - Processing file /home/airflow/.local/lib/python3.7/site-packages/airflow/example_dags/example_trigger_target_dag.py for tasks to queue
[2025-01-09T23:33:34.692+0000] {logging_mixin.py:137} INFO - [2025-01-09T23:33:34.691+0000] {dagbag.py:538} INFO - Filling up the DagBag from /home/airflow/.local/lib/python3.7/site-packages/airflow/example_dags/example_trigger_target_dag.py
[2025-01-09T23:33:34.700+0000] {processor.py:753} INFO - DAG(s) dict_keys(['example_trigger_target_dag']) retrieved from /home/airflow/.local/lib/python3.7/site-packages/airflow/example_dags/example_trigger_target_dag.py
[2025-01-09T23:33:34.710+0000] {logging_mixin.py:137} INFO - [2025-01-09T23:33:34.710+0000] {dag.py:2690} INFO - Sync 1 DAGs
[2025-01-09T23:33:34.721+0000] {logging_mixin.py:137} INFO - [2025-01-09T23:33:34.721+0000] {dag.py:3441} INFO - Setting next_dagrun for example_trigger_target_dag to None, run_after=None
[2025-01-09T23:33:34.730+0000] {processor.py:175} INFO - Processing /home/airflow/.local/lib/python3.7/site-packages/airflow/example_dags/example_trigger_target_dag.py took 0.040 seconds
[2025-01-09T23:34:05.165+0000] {processor.py:153} INFO - Started process (PID=516) to work on /home/airflow/.local/lib/python3.7/site-packages/airflow/example_dags/example_trigger_target_dag.py
[2025-01-09T23:34:05.165+0000] {processor.py:743} INFO - Processing file /home/airflow/.local/lib/python3.7/site-packages/airflow/example_dags/example_trigger_target_dag.py for tasks to queue
[2025-01-09T23:34:05.165+0000] {logging_mixin.py:137} INFO - [2025-01-09T23:34:05.165+0000] {dagbag.py:538} INFO - Filling up the DagBag from /home/airflow/.local/lib/python3.7/site-packages/airflow/example_dags/example_trigger_target_dag.py
[2025-01-09T23:34:05.175+0000] {processor.py:753} INFO - DAG(s) dict_keys(['example_trigger_target_dag']) retrieved from /home/airflow/.local/lib/python3.7/site-packages/airflow/example_dags/example_trigger_target_dag.py
[2025-01-09T23:34:05.185+0000] {logging_mixin.py:137} INFO - [2025-01-09T23:34:05.185+0000] {dag.py:2690} INFO - Sync 1 DAGs
[2025-01-09T23:34:05.196+0000] {logging_mixin.py:137} INFO - [2025-01-09T23:34:05.196+0000] {dag.py:3441} INFO - Setting next_dagrun for example_trigger_target_dag to None, run_after=None
[2025-01-09T23:34:05.206+0000] {processor.py:175} INFO - Processing /home/airflow/.local/lib/python3.7/site-packages/airflow/example_dags/example_trigger_target_dag.py took 0.043 seconds
[2025-01-09T23:34:35.676+0000] {processor.py:153} INFO - Started process (PID=606) to work on /home/airflow/.local/lib/python3.7/site-packages/airflow/example_dags/example_trigger_target_dag.py
[2025-01-09T23:34:35.677+0000] {processor.py:743} INFO - Processing file /home/airflow/.local/lib/python3.7/site-packages/airflow/example_dags/example_trigger_target_dag.py for tasks to queue
[2025-01-09T23:34:35.678+0000] {logging_mixin.py:137} INFO - [2025-01-09T23:34:35.678+0000] {dagbag.py:538} INFO - Filling up the DagBag from /home/airflow/.local/lib/python3.7/site-packages/airflow/example_dags/example_trigger_target_dag.py
[2025-01-09T23:34:35.689+0000] {processor.py:753} INFO - DAG(s) dict_keys(['example_trigger_target_dag']) retrieved from /home/airflow/.local/lib/python3.7/site-packages/airflow/example_dags/example_trigger_target_dag.py
[2025-01-09T23:34:35.699+0000] {logging_mixin.py:137} INFO - [2025-01-09T23:34:35.698+0000] {dag.py:2690} INFO - Sync 1 DAGs
[2025-01-09T23:34:35.708+0000] {logging_mixin.py:137} INFO - [2025-01-09T23:34:35.708+0000] {dag.py:3441} INFO - Setting next_dagrun for example_trigger_target_dag to None, run_after=None
[2025-01-09T23:34:35.717+0000] {processor.py:175} INFO - Processing /home/airflow/.local/lib/python3.7/site-packages/airflow/example_dags/example_trigger_target_dag.py took 0.042 seconds
[2025-01-09T23:35:06.077+0000] {processor.py:153} INFO - Started process (PID=681) to work on /home/airflow/.local/lib/python3.7/site-packages/airflow/example_dags/example_trigger_target_dag.py
[2025-01-09T23:35:06.077+0000] {processor.py:743} INFO - Processing file /home/airflow/.local/lib/python3.7/site-packages/airflow/example_dags/example_trigger_target_dag.py for tasks to queue
[2025-01-09T23:35:06.077+0000] {logging_mixin.py:137} INFO - [2025-01-09T23:35:06.077+0000] {dagbag.py:538} INFO - Filling up the DagBag from /home/airflow/.local/lib/python3.7/site-packages/airflow/example_dags/example_trigger_target_dag.py
[2025-01-09T23:35:06.085+0000] {processor.py:753} INFO - DAG(s) dict_keys(['example_trigger_target_dag']) retrieved from /home/airflow/.local/lib/python3.7/site-packages/airflow/example_dags/example_trigger_target_dag.py
[2025-01-09T23:35:06.096+0000] {logging_mixin.py:137} INFO - [2025-01-09T23:35:06.096+0000] {dag.py:2690} INFO - Sync 1 DAGs
[2025-01-09T23:35:06.107+0000] {logging_mixin.py:137} INFO - [2025-01-09T23:35:06.107+0000] {dag.py:3441} INFO - Setting next_dagrun for example_trigger_target_dag to None, run_after=None
[2025-01-09T23:35:06.116+0000] {processor.py:175} INFO - Processing /home/airflow/.local/lib/python3.7/site-packages/airflow/example_dags/example_trigger_target_dag.py took 0.040 seconds
[2025-01-09T23:35:36.541+0000] {processor.py:153} INFO - Started process (PID=772) to work on /home/airflow/.local/lib/python3.7/site-packages/airflow/example_dags/example_trigger_target_dag.py
[2025-01-09T23:35:36.541+0000] {processor.py:743} INFO - Processing file /home/airflow/.local/lib/python3.7/site-packages/airflow/example_dags/example_trigger_target_dag.py for tasks to queue
[2025-01-09T23:35:36.542+0000] {logging_mixin.py:137} INFO - [2025-01-09T23:35:36.542+0000] {dagbag.py:538} INFO - Filling up the DagBag from /home/airflow/.local/lib/python3.7/site-packages/airflow/example_dags/example_trigger_target_dag.py
[2025-01-09T23:35:36.550+0000] {processor.py:753} INFO - DAG(s) dict_keys(['example_trigger_target_dag']) retrieved from /home/airflow/.local/lib/python3.7/site-packages/airflow/example_dags/example_trigger_target_dag.py
[2025-01-09T23:35:36.560+0000] {logging_mixin.py:137} INFO - [2025-01-09T23:35:36.560+0000] {dag.py:2690} INFO - Sync 1 DAGs
[2025-01-09T23:35:36.571+0000] {logging_mixin.py:137} INFO - [2025-01-09T23:35:36.571+0000] {dag.py:3441} INFO - Setting next_dagrun for example_trigger_target_dag to None, run_after=None
[2025-01-09T23:35:36.578+0000] {processor.py:175} INFO - Processing /home/airflow/.local/lib/python3.7/site-packages/airflow/example_dags/example_trigger_target_dag.py took 0.039 seconds
[2025-01-09T23:36:06.957+0000] {processor.py:153} INFO - Started process (PID=863) to work on /home/airflow/.local/lib/python3.7/site-packages/airflow/example_dags/example_trigger_target_dag.py
[2025-01-09T23:36:06.959+0000] {processor.py:743} INFO - Processing file /home/airflow/.local/lib/python3.7/site-packages/airflow/example_dags/example_trigger_target_dag.py for tasks to queue
[2025-01-09T23:36:06.959+0000] {logging_mixin.py:137} INFO - [2025-01-09T23:36:06.959+0000] {dagbag.py:538} INFO - Filling up the DagBag from /home/airflow/.local/lib/python3.7/site-packages/airflow/example_dags/example_trigger_target_dag.py
[2025-01-09T23:36:06.967+0000] {processor.py:753} INFO - DAG(s) dict_keys(['example_trigger_target_dag']) retrieved from /home/airflow/.local/lib/python3.7/site-packages/airflow/example_dags/example_trigger_target_dag.py
[2025-01-09T23:36:06.977+0000] {logging_mixin.py:137} INFO - [2025-01-09T23:36:06.977+0000] {dag.py:2690} INFO - Sync 1 DAGs
[2025-01-09T23:36:06.991+0000] {logging_mixin.py:137} INFO - [2025-01-09T23:36:06.991+0000] {dag.py:3441} INFO - Setting next_dagrun for example_trigger_target_dag to None, run_after=None
[2025-01-09T23:36:07.000+0000] {processor.py:175} INFO - Processing /home/airflow/.local/lib/python3.7/site-packages/airflow/example_dags/example_trigger_target_dag.py took 0.044 seconds
[2025-01-09T23:36:37.474+0000] {processor.py:153} INFO - Started process (PID=953) to work on /home/airflow/.local/lib/python3.7/site-packages/airflow/example_dags/example_trigger_target_dag.py
[2025-01-09T23:36:37.475+0000] {processor.py:743} INFO - Processing file /home/airflow/.local/lib/python3.7/site-packages/airflow/example_dags/example_trigger_target_dag.py for tasks to queue
[2025-01-09T23:36:37.476+0000] {logging_mixin.py:137} INFO - [2025-01-09T23:36:37.476+0000] {dagbag.py:538} INFO - Filling up the DagBag from /home/airflow/.local/lib/python3.7/site-packages/airflow/example_dags/example_trigger_target_dag.py
[2025-01-09T23:36:37.486+0000] {processor.py:753} INFO - DAG(s) dict_keys(['example_trigger_target_dag']) retrieved from /home/airflow/.local/lib/python3.7/site-packages/airflow/example_dags/example_trigger_target_dag.py
[2025-01-09T23:36:37.496+0000] {logging_mixin.py:137} INFO - [2025-01-09T23:36:37.495+0000] {dag.py:2690} INFO - Sync 1 DAGs
[2025-01-09T23:36:37.509+0000] {logging_mixin.py:137} INFO - [2025-01-09T23:36:37.509+0000] {dag.py:3441} INFO - Setting next_dagrun for example_trigger_target_dag to None, run_after=None
[2025-01-09T23:36:37.520+0000] {processor.py:175} INFO - Processing /home/airflow/.local/lib/python3.7/site-packages/airflow/example_dags/example_trigger_target_dag.py took 0.048 seconds
[2025-01-09T23:37:07.964+0000] {processor.py:153} INFO - Started process (PID=1037) to work on /home/airflow/.local/lib/python3.7/site-packages/airflow/example_dags/example_trigger_target_dag.py
[2025-01-09T23:37:07.964+0000] {processor.py:743} INFO - Processing file /home/airflow/.local/lib/python3.7/site-packages/airflow/example_dags/example_trigger_target_dag.py for tasks to queue
[2025-01-09T23:37:07.964+0000] {logging_mixin.py:137} INFO - [2025-01-09T23:37:07.964+0000] {dagbag.py:538} INFO - Filling up the DagBag from /home/airflow/.local/lib/python3.7/site-packages/airflow/example_dags/example_trigger_target_dag.py
[2025-01-09T23:37:07.973+0000] {processor.py:753} INFO - DAG(s) dict_keys(['example_trigger_target_dag']) retrieved from /home/airflow/.local/lib/python3.7/site-packages/airflow/example_dags/example_trigger_target_dag.py
[2025-01-09T23:37:07.984+0000] {logging_mixin.py:137} INFO - [2025-01-09T23:37:07.984+0000] {dag.py:2690} INFO - Sync 1 DAGs
[2025-01-09T23:37:07.996+0000] {logging_mixin.py:137} INFO - [2025-01-09T23:37:07.996+0000] {dag.py:3441} INFO - Setting next_dagrun for example_trigger_target_dag to None, run_after=None
[2025-01-09T23:37:08.008+0000] {processor.py:175} INFO - Processing /home/airflow/.local/lib/python3.7/site-packages/airflow/example_dags/example_trigger_target_dag.py took 0.045 seconds
[2025-01-09T23:37:38.602+0000] {processor.py:153} INFO - Started process (PID=1119) to work on /home/airflow/.local/lib/python3.7/site-packages/airflow/example_dags/example_trigger_target_dag.py
[2025-01-09T23:37:38.602+0000] {processor.py:743} INFO - Processing file /home/airflow/.local/lib/python3.7/site-packages/airflow/example_dags/example_trigger_target_dag.py for tasks to queue
[2025-01-09T23:37:38.604+0000] {logging_mixin.py:137} INFO - [2025-01-09T23:37:38.604+0000] {dagbag.py:538} INFO - Filling up the DagBag from /home/airflow/.local/lib/python3.7/site-packages/airflow/example_dags/example_trigger_target_dag.py
[2025-01-09T23:37:38.613+0000] {processor.py:753} INFO - DAG(s) dict_keys(['example_trigger_target_dag']) retrieved from /home/airflow/.local/lib/python3.7/site-packages/airflow/example_dags/example_trigger_target_dag.py
[2025-01-09T23:37:38.623+0000] {logging_mixin.py:137} INFO - [2025-01-09T23:37:38.623+0000] {dag.py:2690} INFO - Sync 1 DAGs
[2025-01-09T23:37:38.633+0000] {logging_mixin.py:137} INFO - [2025-01-09T23:37:38.633+0000] {dag.py:3441} INFO - Setting next_dagrun for example_trigger_target_dag to None, run_after=None
[2025-01-09T23:37:38.643+0000] {processor.py:175} INFO - Processing /home/airflow/.local/lib/python3.7/site-packages/airflow/example_dags/example_trigger_target_dag.py took 0.043 seconds
[2025-01-09T23:38:40.799+0000] {processor.py:153} INFO - Started process (PID=1194) to work on /home/airflow/.local/lib/python3.7/site-packages/airflow/example_dags/example_trigger_target_dag.py
[2025-01-09T23:38:40.800+0000] {processor.py:743} INFO - Processing file /home/airflow/.local/lib/python3.7/site-packages/airflow/example_dags/example_trigger_target_dag.py for tasks to queue
[2025-01-09T23:38:40.801+0000] {logging_mixin.py:137} INFO - [2025-01-09T23:38:40.801+0000] {dagbag.py:538} INFO - Filling up the DagBag from /home/airflow/.local/lib/python3.7/site-packages/airflow/example_dags/example_trigger_target_dag.py
[2025-01-09T23:38:40.809+0000] {processor.py:753} INFO - DAG(s) dict_keys(['example_trigger_target_dag']) retrieved from /home/airflow/.local/lib/python3.7/site-packages/airflow/example_dags/example_trigger_target_dag.py
[2025-01-09T23:38:40.822+0000] {logging_mixin.py:137} INFO - [2025-01-09T23:38:40.822+0000] {dag.py:2690} INFO - Sync 1 DAGs
[2025-01-09T23:38:40.834+0000] {logging_mixin.py:137} INFO - [2025-01-09T23:38:40.834+0000] {dag.py:3441} INFO - Setting next_dagrun for example_trigger_target_dag to None, run_after=None
[2025-01-09T23:38:40.842+0000] {processor.py:175} INFO - Processing /home/airflow/.local/lib/python3.7/site-packages/airflow/example_dags/example_trigger_target_dag.py took 0.045 seconds
[2025-01-09T23:39:11.273+0000] {processor.py:153} INFO - Started process (PID=1284) to work on /home/airflow/.local/lib/python3.7/site-packages/airflow/example_dags/example_trigger_target_dag.py
[2025-01-09T23:39:11.273+0000] {processor.py:743} INFO - Processing file /home/airflow/.local/lib/python3.7/site-packages/airflow/example_dags/example_trigger_target_dag.py for tasks to queue
[2025-01-09T23:39:11.274+0000] {logging_mixin.py:137} INFO - [2025-01-09T23:39:11.274+0000] {dagbag.py:538} INFO - Filling up the DagBag from /home/airflow/.local/lib/python3.7/site-packages/airflow/example_dags/example_trigger_target_dag.py
[2025-01-09T23:39:11.283+0000] {processor.py:753} INFO - DAG(s) dict_keys(['example_trigger_target_dag']) retrieved from /home/airflow/.local/lib/python3.7/site-packages/airflow/example_dags/example_trigger_target_dag.py
[2025-01-09T23:39:11.294+0000] {logging_mixin.py:137} INFO - [2025-01-09T23:39:11.294+0000] {dag.py:2690} INFO - Sync 1 DAGs
[2025-01-09T23:39:11.304+0000] {logging_mixin.py:137} INFO - [2025-01-09T23:39:11.304+0000] {dag.py:3441} INFO - Setting next_dagrun for example_trigger_target_dag to None, run_after=None
[2025-01-09T23:39:11.316+0000] {processor.py:175} INFO - Processing /home/airflow/.local/lib/python3.7/site-packages/airflow/example_dags/example_trigger_target_dag.py took 0.045 seconds
[2025-01-09T23:39:41.873+0000] {processor.py:153} INFO - Started process (PID=1368) to work on /home/airflow/.local/lib/python3.7/site-packages/airflow/example_dags/example_trigger_target_dag.py
[2025-01-09T23:39:41.873+0000] {processor.py:743} INFO - Processing file /home/airflow/.local/lib/python3.7/site-packages/airflow/example_dags/example_trigger_target_dag.py for tasks to queue
[2025-01-09T23:39:41.874+0000] {logging_mixin.py:137} INFO - [2025-01-09T23:39:41.874+0000] {dagbag.py:538} INFO - Filling up the DagBag from /home/airflow/.local/lib/python3.7/site-packages/airflow/example_dags/example_trigger_target_dag.py
[2025-01-09T23:39:41.884+0000] {processor.py:753} INFO - DAG(s) dict_keys(['example_trigger_target_dag']) retrieved from /home/airflow/.local/lib/python3.7/site-packages/airflow/example_dags/example_trigger_target_dag.py
[2025-01-09T23:39:41.897+0000] {logging_mixin.py:137} INFO - [2025-01-09T23:39:41.897+0000] {dag.py:2690} INFO - Sync 1 DAGs
[2025-01-09T23:39:41.909+0000] {logging_mixin.py:137} INFO - [2025-01-09T23:39:41.909+0000] {dag.py:3441} INFO - Setting next_dagrun for example_trigger_target_dag to None, run_after=None
[2025-01-09T23:39:41.920+0000] {processor.py:175} INFO - Processing /home/airflow/.local/lib/python3.7/site-packages/airflow/example_dags/example_trigger_target_dag.py took 0.049 seconds
[2025-01-09T23:40:12.493+0000] {processor.py:153} INFO - Started process (PID=1450) to work on /home/airflow/.local/lib/python3.7/site-packages/airflow/example_dags/example_trigger_target_dag.py
[2025-01-09T23:40:12.494+0000] {processor.py:743} INFO - Processing file /home/airflow/.local/lib/python3.7/site-packages/airflow/example_dags/example_trigger_target_dag.py for tasks to queue
[2025-01-09T23:40:12.494+0000] {logging_mixin.py:137} INFO - [2025-01-09T23:40:12.494+0000] {dagbag.py:538} INFO - Filling up the DagBag from /home/airflow/.local/lib/python3.7/site-packages/airflow/example_dags/example_trigger_target_dag.py
[2025-01-09T23:40:12.504+0000] {processor.py:753} INFO - DAG(s) dict_keys(['example_trigger_target_dag']) retrieved from /home/airflow/.local/lib/python3.7/site-packages/airflow/example_dags/example_trigger_target_dag.py
[2025-01-09T23:40:12.516+0000] {logging_mixin.py:137} INFO - [2025-01-09T23:40:12.516+0000] {dag.py:2690} INFO - Sync 1 DAGs
[2025-01-09T23:40:12.528+0000] {logging_mixin.py:137} INFO - [2025-01-09T23:40:12.528+0000] {dag.py:3441} INFO - Setting next_dagrun for example_trigger_target_dag to None, run_after=None
[2025-01-09T23:40:12.538+0000] {processor.py:175} INFO - Processing /home/airflow/.local/lib/python3.7/site-packages/airflow/example_dags/example_trigger_target_dag.py took 0.045 seconds
[2025-01-09T23:40:42.896+0000] {processor.py:153} INFO - Started process (PID=1541) to work on /home/airflow/.local/lib/python3.7/site-packages/airflow/example_dags/example_trigger_target_dag.py
[2025-01-09T23:40:42.896+0000] {processor.py:743} INFO - Processing file /home/airflow/.local/lib/python3.7/site-packages/airflow/example_dags/example_trigger_target_dag.py for tasks to queue
[2025-01-09T23:40:42.896+0000] {logging_mixin.py:137} INFO - [2025-01-09T23:40:42.896+0000] {dagbag.py:538} INFO - Filling up the DagBag from /home/airflow/.local/lib/python3.7/site-packages/airflow/example_dags/example_trigger_target_dag.py
[2025-01-09T23:40:42.905+0000] {processor.py:753} INFO - DAG(s) dict_keys(['example_trigger_target_dag']) retrieved from /home/airflow/.local/lib/python3.7/site-packages/airflow/example_dags/example_trigger_target_dag.py
[2025-01-09T23:40:42.916+0000] {logging_mixin.py:137} INFO - [2025-01-09T23:40:42.915+0000] {dag.py:2690} INFO - Sync 1 DAGs
[2025-01-09T23:40:42.926+0000] {logging_mixin.py:137} INFO - [2025-01-09T23:40:42.926+0000] {dag.py:3441} INFO - Setting next_dagrun for example_trigger_target_dag to None, run_after=None
[2025-01-09T23:40:42.939+0000] {processor.py:175} INFO - Processing /home/airflow/.local/lib/python3.7/site-packages/airflow/example_dags/example_trigger_target_dag.py took 0.044 seconds
[2025-01-09T23:41:13.400+0000] {processor.py:153} INFO - Started process (PID=1632) to work on /home/airflow/.local/lib/python3.7/site-packages/airflow/example_dags/example_trigger_target_dag.py
[2025-01-09T23:41:13.401+0000] {processor.py:743} INFO - Processing file /home/airflow/.local/lib/python3.7/site-packages/airflow/example_dags/example_trigger_target_dag.py for tasks to queue
[2025-01-09T23:41:13.401+0000] {logging_mixin.py:137} INFO - [2025-01-09T23:41:13.401+0000] {dagbag.py:538} INFO - Filling up the DagBag from /home/airflow/.local/lib/python3.7/site-packages/airflow/example_dags/example_trigger_target_dag.py
[2025-01-09T23:41:13.410+0000] {processor.py:753} INFO - DAG(s) dict_keys(['example_trigger_target_dag']) retrieved from /home/airflow/.local/lib/python3.7/site-packages/airflow/example_dags/example_trigger_target_dag.py
[2025-01-09T23:41:13.420+0000] {logging_mixin.py:137} INFO - [2025-01-09T23:41:13.420+0000] {dag.py:2690} INFO - Sync 1 DAGs
[2025-01-09T23:41:13.431+0000] {logging_mixin.py:137} INFO - [2025-01-09T23:41:13.431+0000] {dag.py:3441} INFO - Setting next_dagrun for example_trigger_target_dag to None, run_after=None
[2025-01-09T23:41:13.444+0000] {processor.py:175} INFO - Processing /home/airflow/.local/lib/python3.7/site-packages/airflow/example_dags/example_trigger_target_dag.py took 0.045 seconds
[2025-01-09T23:41:44.089+0000] {processor.py:153} INFO - Started process (PID=1723) to work on /home/airflow/.local/lib/python3.7/site-packages/airflow/example_dags/example_trigger_target_dag.py
[2025-01-09T23:41:44.090+0000] {processor.py:743} INFO - Processing file /home/airflow/.local/lib/python3.7/site-packages/airflow/example_dags/example_trigger_target_dag.py for tasks to queue
[2025-01-09T23:41:44.090+0000] {logging_mixin.py:137} INFO - [2025-01-09T23:41:44.090+0000] {dagbag.py:538} INFO - Filling up the DagBag from /home/airflow/.local/lib/python3.7/site-packages/airflow/example_dags/example_trigger_target_dag.py
[2025-01-09T23:41:44.099+0000] {processor.py:753} INFO - DAG(s) dict_keys(['example_trigger_target_dag']) retrieved from /home/airflow/.local/lib/python3.7/site-packages/airflow/example_dags/example_trigger_target_dag.py
[2025-01-09T23:41:44.109+0000] {logging_mixin.py:137} INFO - [2025-01-09T23:41:44.109+0000] {dag.py:2690} INFO - Sync 1 DAGs
[2025-01-09T23:41:44.121+0000] {logging_mixin.py:137} INFO - [2025-01-09T23:41:44.121+0000] {dag.py:3441} INFO - Setting next_dagrun for example_trigger_target_dag to None, run_after=None
[2025-01-09T23:41:44.134+0000] {processor.py:175} INFO - Processing /home/airflow/.local/lib/python3.7/site-packages/airflow/example_dags/example_trigger_target_dag.py took 0.046 seconds
[2025-01-09T23:42:14.547+0000] {processor.py:153} INFO - Started process (PID=1798) to work on /home/airflow/.local/lib/python3.7/site-packages/airflow/example_dags/example_trigger_target_dag.py
[2025-01-09T23:42:14.548+0000] {processor.py:743} INFO - Processing file /home/airflow/.local/lib/python3.7/site-packages/airflow/example_dags/example_trigger_target_dag.py for tasks to queue
[2025-01-09T23:42:14.548+0000] {logging_mixin.py:137} INFO - [2025-01-09T23:42:14.548+0000] {dagbag.py:538} INFO - Filling up the DagBag from /home/airflow/.local/lib/python3.7/site-packages/airflow/example_dags/example_trigger_target_dag.py
[2025-01-09T23:42:14.558+0000] {processor.py:753} INFO - DAG(s) dict_keys(['example_trigger_target_dag']) retrieved from /home/airflow/.local/lib/python3.7/site-packages/airflow/example_dags/example_trigger_target_dag.py
[2025-01-09T23:42:14.568+0000] {logging_mixin.py:137} INFO - [2025-01-09T23:42:14.568+0000] {dag.py:2690} INFO - Sync 1 DAGs
[2025-01-09T23:42:14.579+0000] {logging_mixin.py:137} INFO - [2025-01-09T23:42:14.579+0000] {dag.py:3441} INFO - Setting next_dagrun for example_trigger_target_dag to None, run_after=None
[2025-01-09T23:42:14.588+0000] {processor.py:175} INFO - Processing /home/airflow/.local/lib/python3.7/site-packages/airflow/example_dags/example_trigger_target_dag.py took 0.042 seconds
[2025-01-09T23:42:45.066+0000] {processor.py:153} INFO - Started process (PID=1890) to work on /home/airflow/.local/lib/python3.7/site-packages/airflow/example_dags/example_trigger_target_dag.py
[2025-01-09T23:42:45.067+0000] {processor.py:743} INFO - Processing file /home/airflow/.local/lib/python3.7/site-packages/airflow/example_dags/example_trigger_target_dag.py for tasks to queue
[2025-01-09T23:42:45.071+0000] {logging_mixin.py:137} INFO - [2025-01-09T23:42:45.071+0000] {dagbag.py:538} INFO - Filling up the DagBag from /home/airflow/.local/lib/python3.7/site-packages/airflow/example_dags/example_trigger_target_dag.py
[2025-01-09T23:42:45.088+0000] {processor.py:753} INFO - DAG(s) dict_keys(['example_trigger_target_dag']) retrieved from /home/airflow/.local/lib/python3.7/site-packages/airflow/example_dags/example_trigger_target_dag.py
[2025-01-09T23:42:45.104+0000] {logging_mixin.py:137} INFO - [2025-01-09T23:42:45.104+0000] {dag.py:2690} INFO - Sync 1 DAGs
[2025-01-09T23:42:45.126+0000] {logging_mixin.py:137} INFO - [2025-01-09T23:42:45.125+0000] {dag.py:3441} INFO - Setting next_dagrun for example_trigger_target_dag to None, run_after=None
[2025-01-09T23:42:45.135+0000] {processor.py:175} INFO - Processing /home/airflow/.local/lib/python3.7/site-packages/airflow/example_dags/example_trigger_target_dag.py took 0.072 seconds
[2025-01-09T23:43:15.779+0000] {processor.py:153} INFO - Started process (PID=1981) to work on /home/airflow/.local/lib/python3.7/site-packages/airflow/example_dags/example_trigger_target_dag.py
[2025-01-09T23:43:15.781+0000] {processor.py:743} INFO - Processing file /home/airflow/.local/lib/python3.7/site-packages/airflow/example_dags/example_trigger_target_dag.py for tasks to queue
[2025-01-09T23:43:15.782+0000] {logging_mixin.py:137} INFO - [2025-01-09T23:43:15.781+0000] {dagbag.py:538} INFO - Filling up the DagBag from /home/airflow/.local/lib/python3.7/site-packages/airflow/example_dags/example_trigger_target_dag.py
[2025-01-09T23:43:15.790+0000] {processor.py:753} INFO - DAG(s) dict_keys(['example_trigger_target_dag']) retrieved from /home/airflow/.local/lib/python3.7/site-packages/airflow/example_dags/example_trigger_target_dag.py
[2025-01-09T23:43:15.803+0000] {logging_mixin.py:137} INFO - [2025-01-09T23:43:15.803+0000] {dag.py:2690} INFO - Sync 1 DAGs
[2025-01-09T23:43:15.814+0000] {logging_mixin.py:137} INFO - [2025-01-09T23:43:15.814+0000] {dag.py:3441} INFO - Setting next_dagrun for example_trigger_target_dag to None, run_after=None
[2025-01-09T23:43:15.827+0000] {processor.py:175} INFO - Processing /home/airflow/.local/lib/python3.7/site-packages/airflow/example_dags/example_trigger_target_dag.py took 0.049 seconds
[2025-01-09T23:43:46.337+0000] {processor.py:153} INFO - Started process (PID=2072) to work on /home/airflow/.local/lib/python3.7/site-packages/airflow/example_dags/example_trigger_target_dag.py
[2025-01-09T23:43:46.338+0000] {processor.py:743} INFO - Processing file /home/airflow/.local/lib/python3.7/site-packages/airflow/example_dags/example_trigger_target_dag.py for tasks to queue
[2025-01-09T23:43:46.338+0000] {logging_mixin.py:137} INFO - [2025-01-09T23:43:46.338+0000] {dagbag.py:538} INFO - Filling up the DagBag from /home/airflow/.local/lib/python3.7/site-packages/airflow/example_dags/example_trigger_target_dag.py
[2025-01-09T23:43:46.349+0000] {processor.py:753} INFO - DAG(s) dict_keys(['example_trigger_target_dag']) retrieved from /home/airflow/.local/lib/python3.7/site-packages/airflow/example_dags/example_trigger_target_dag.py
[2025-01-09T23:43:46.375+0000] {logging_mixin.py:137} INFO - [2025-01-09T23:43:46.375+0000] {dag.py:2690} INFO - Sync 1 DAGs
[2025-01-09T23:43:46.388+0000] {logging_mixin.py:137} INFO - [2025-01-09T23:43:46.388+0000] {dag.py:3441} INFO - Setting next_dagrun for example_trigger_target_dag to None, run_after=None
[2025-01-09T23:43:46.398+0000] {processor.py:175} INFO - Processing /home/airflow/.local/lib/python3.7/site-packages/airflow/example_dags/example_trigger_target_dag.py took 0.062 seconds
[2025-01-09T23:44:16.924+0000] {processor.py:153} INFO - Started process (PID=2147) to work on /home/airflow/.local/lib/python3.7/site-packages/airflow/example_dags/example_trigger_target_dag.py
[2025-01-09T23:44:16.924+0000] {processor.py:743} INFO - Processing file /home/airflow/.local/lib/python3.7/site-packages/airflow/example_dags/example_trigger_target_dag.py for tasks to queue
[2025-01-09T23:44:16.927+0000] {logging_mixin.py:137} INFO - [2025-01-09T23:44:16.927+0000] {dagbag.py:538} INFO - Filling up the DagBag from /home/airflow/.local/lib/python3.7/site-packages/airflow/example_dags/example_trigger_target_dag.py
[2025-01-09T23:44:16.935+0000] {processor.py:753} INFO - DAG(s) dict_keys(['example_trigger_target_dag']) retrieved from /home/airflow/.local/lib/python3.7/site-packages/airflow/example_dags/example_trigger_target_dag.py
[2025-01-09T23:44:16.951+0000] {logging_mixin.py:137} INFO - [2025-01-09T23:44:16.951+0000] {dag.py:2690} INFO - Sync 1 DAGs
[2025-01-09T23:44:16.965+0000] {logging_mixin.py:137} INFO - [2025-01-09T23:44:16.965+0000] {dag.py:3441} INFO - Setting next_dagrun for example_trigger_target_dag to None, run_after=None
[2025-01-09T23:44:16.975+0000] {processor.py:175} INFO - Processing /home/airflow/.local/lib/python3.7/site-packages/airflow/example_dags/example_trigger_target_dag.py took 0.053 seconds
[2025-01-09T23:44:47.506+0000] {processor.py:153} INFO - Started process (PID=2238) to work on /home/airflow/.local/lib/python3.7/site-packages/airflow/example_dags/example_trigger_target_dag.py
[2025-01-09T23:44:47.506+0000] {processor.py:743} INFO - Processing file /home/airflow/.local/lib/python3.7/site-packages/airflow/example_dags/example_trigger_target_dag.py for tasks to queue
[2025-01-09T23:44:47.506+0000] {logging_mixin.py:137} INFO - [2025-01-09T23:44:47.506+0000] {dagbag.py:538} INFO - Filling up the DagBag from /home/airflow/.local/lib/python3.7/site-packages/airflow/example_dags/example_trigger_target_dag.py
[2025-01-09T23:44:47.515+0000] {processor.py:753} INFO - DAG(s) dict_keys(['example_trigger_target_dag']) retrieved from /home/airflow/.local/lib/python3.7/site-packages/airflow/example_dags/example_trigger_target_dag.py
[2025-01-09T23:44:47.531+0000] {logging_mixin.py:137} INFO - [2025-01-09T23:44:47.531+0000] {dag.py:2690} INFO - Sync 1 DAGs
[2025-01-09T23:44:47.542+0000] {logging_mixin.py:137} INFO - [2025-01-09T23:44:47.542+0000] {dag.py:3441} INFO - Setting next_dagrun for example_trigger_target_dag to None, run_after=None
[2025-01-09T23:44:47.551+0000] {processor.py:175} INFO - Processing /home/airflow/.local/lib/python3.7/site-packages/airflow/example_dags/example_trigger_target_dag.py took 0.047 seconds
[2025-01-09T23:45:17.896+0000] {processor.py:153} INFO - Started process (PID=2329) to work on /home/airflow/.local/lib/python3.7/site-packages/airflow/example_dags/example_trigger_target_dag.py
[2025-01-09T23:45:17.896+0000] {processor.py:743} INFO - Processing file /home/airflow/.local/lib/python3.7/site-packages/airflow/example_dags/example_trigger_target_dag.py for tasks to queue
[2025-01-09T23:45:17.897+0000] {logging_mixin.py:137} INFO - [2025-01-09T23:45:17.897+0000] {dagbag.py:538} INFO - Filling up the DagBag from /home/airflow/.local/lib/python3.7/site-packages/airflow/example_dags/example_trigger_target_dag.py
[2025-01-09T23:45:17.908+0000] {processor.py:753} INFO - DAG(s) dict_keys(['example_trigger_target_dag']) retrieved from /home/airflow/.local/lib/python3.7/site-packages/airflow/example_dags/example_trigger_target_dag.py
[2025-01-09T23:45:17.920+0000] {logging_mixin.py:137} INFO - [2025-01-09T23:45:17.920+0000] {dag.py:2690} INFO - Sync 1 DAGs
[2025-01-09T23:45:17.930+0000] {logging_mixin.py:137} INFO - [2025-01-09T23:45:17.930+0000] {dag.py:3441} INFO - Setting next_dagrun for example_trigger_target_dag to None, run_after=None
[2025-01-09T23:45:17.945+0000] {processor.py:175} INFO - Processing /home/airflow/.local/lib/python3.7/site-packages/airflow/example_dags/example_trigger_target_dag.py took 0.051 seconds
[2025-01-09T23:45:48.384+0000] {processor.py:153} INFO - Started process (PID=2420) to work on /home/airflow/.local/lib/python3.7/site-packages/airflow/example_dags/example_trigger_target_dag.py
[2025-01-09T23:45:48.385+0000] {processor.py:743} INFO - Processing file /home/airflow/.local/lib/python3.7/site-packages/airflow/example_dags/example_trigger_target_dag.py for tasks to queue
[2025-01-09T23:45:48.386+0000] {logging_mixin.py:137} INFO - [2025-01-09T23:45:48.386+0000] {dagbag.py:538} INFO - Filling up the DagBag from /home/airflow/.local/lib/python3.7/site-packages/airflow/example_dags/example_trigger_target_dag.py
[2025-01-09T23:45:48.395+0000] {processor.py:753} INFO - DAG(s) dict_keys(['example_trigger_target_dag']) retrieved from /home/airflow/.local/lib/python3.7/site-packages/airflow/example_dags/example_trigger_target_dag.py
[2025-01-09T23:45:48.405+0000] {logging_mixin.py:137} INFO - [2025-01-09T23:45:48.405+0000] {dag.py:2690} INFO - Sync 1 DAGs
[2025-01-09T23:45:48.417+0000] {logging_mixin.py:137} INFO - [2025-01-09T23:45:48.417+0000] {dag.py:3441} INFO - Setting next_dagrun for example_trigger_target_dag to None, run_after=None
[2025-01-09T23:45:48.429+0000] {processor.py:175} INFO - Processing /home/airflow/.local/lib/python3.7/site-packages/airflow/example_dags/example_trigger_target_dag.py took 0.047 seconds
[2025-01-09T23:46:18.723+0000] {processor.py:153} INFO - Started process (PID=2494) to work on /home/airflow/.local/lib/python3.7/site-packages/airflow/example_dags/example_trigger_target_dag.py
[2025-01-09T23:46:18.724+0000] {processor.py:743} INFO - Processing file /home/airflow/.local/lib/python3.7/site-packages/airflow/example_dags/example_trigger_target_dag.py for tasks to queue
[2025-01-09T23:46:18.724+0000] {logging_mixin.py:137} INFO - [2025-01-09T23:46:18.724+0000] {dagbag.py:538} INFO - Filling up the DagBag from /home/airflow/.local/lib/python3.7/site-packages/airflow/example_dags/example_trigger_target_dag.py
[2025-01-09T23:46:18.732+0000] {processor.py:753} INFO - DAG(s) dict_keys(['example_trigger_target_dag']) retrieved from /home/airflow/.local/lib/python3.7/site-packages/airflow/example_dags/example_trigger_target_dag.py
[2025-01-09T23:46:18.741+0000] {logging_mixin.py:137} INFO - [2025-01-09T23:46:18.741+0000] {dag.py:2690} INFO - Sync 1 DAGs
[2025-01-09T23:46:18.750+0000] {logging_mixin.py:137} INFO - [2025-01-09T23:46:18.750+0000] {dag.py:3441} INFO - Setting next_dagrun for example_trigger_target_dag to None, run_after=None
[2025-01-09T23:46:18.756+0000] {processor.py:175} INFO - Processing /home/airflow/.local/lib/python3.7/site-packages/airflow/example_dags/example_trigger_target_dag.py took 0.034 seconds
[2025-01-09T23:46:49.274+0000] {processor.py:153} INFO - Started process (PID=2584) to work on /home/airflow/.local/lib/python3.7/site-packages/airflow/example_dags/example_trigger_target_dag.py
[2025-01-09T23:46:49.275+0000] {processor.py:743} INFO - Processing file /home/airflow/.local/lib/python3.7/site-packages/airflow/example_dags/example_trigger_target_dag.py for tasks to queue
[2025-01-09T23:46:49.276+0000] {logging_mixin.py:137} INFO - [2025-01-09T23:46:49.275+0000] {dagbag.py:538} INFO - Filling up the DagBag from /home/airflow/.local/lib/python3.7/site-packages/airflow/example_dags/example_trigger_target_dag.py
[2025-01-09T23:46:49.286+0000] {processor.py:753} INFO - DAG(s) dict_keys(['example_trigger_target_dag']) retrieved from /home/airflow/.local/lib/python3.7/site-packages/airflow/example_dags/example_trigger_target_dag.py
[2025-01-09T23:46:49.297+0000] {logging_mixin.py:137} INFO - [2025-01-09T23:46:49.297+0000] {dag.py:2690} INFO - Sync 1 DAGs
[2025-01-09T23:46:49.309+0000] {logging_mixin.py:137} INFO - [2025-01-09T23:46:49.309+0000] {dag.py:3441} INFO - Setting next_dagrun for example_trigger_target_dag to None, run_after=None
[2025-01-09T23:46:49.321+0000] {processor.py:175} INFO - Processing /home/airflow/.local/lib/python3.7/site-packages/airflow/example_dags/example_trigger_target_dag.py took 0.049 seconds
[2025-01-09T23:47:19.749+0000] {processor.py:153} INFO - Started process (PID=2675) to work on /home/airflow/.local/lib/python3.7/site-packages/airflow/example_dags/example_trigger_target_dag.py
[2025-01-09T23:47:19.750+0000] {processor.py:743} INFO - Processing file /home/airflow/.local/lib/python3.7/site-packages/airflow/example_dags/example_trigger_target_dag.py for tasks to queue
[2025-01-09T23:47:19.751+0000] {logging_mixin.py:137} INFO - [2025-01-09T23:47:19.751+0000] {dagbag.py:538} INFO - Filling up the DagBag from /home/airflow/.local/lib/python3.7/site-packages/airflow/example_dags/example_trigger_target_dag.py
[2025-01-09T23:47:19.761+0000] {processor.py:753} INFO - DAG(s) dict_keys(['example_trigger_target_dag']) retrieved from /home/airflow/.local/lib/python3.7/site-packages/airflow/example_dags/example_trigger_target_dag.py
[2025-01-09T23:47:19.774+0000] {logging_mixin.py:137} INFO - [2025-01-09T23:47:19.774+0000] {dag.py:2690} INFO - Sync 1 DAGs
[2025-01-09T23:47:19.788+0000] {logging_mixin.py:137} INFO - [2025-01-09T23:47:19.788+0000] {dag.py:3441} INFO - Setting next_dagrun for example_trigger_target_dag to None, run_after=None
[2025-01-09T23:47:19.798+0000] {processor.py:175} INFO - Processing /home/airflow/.local/lib/python3.7/site-packages/airflow/example_dags/example_trigger_target_dag.py took 0.051 seconds
[2025-01-09T23:47:50.198+0000] {processor.py:153} INFO - Started process (PID=2766) to work on /home/airflow/.local/lib/python3.7/site-packages/airflow/example_dags/example_trigger_target_dag.py
[2025-01-09T23:47:50.200+0000] {processor.py:743} INFO - Processing file /home/airflow/.local/lib/python3.7/site-packages/airflow/example_dags/example_trigger_target_dag.py for tasks to queue
[2025-01-09T23:47:50.201+0000] {logging_mixin.py:137} INFO - [2025-01-09T23:47:50.201+0000] {dagbag.py:538} INFO - Filling up the DagBag from /home/airflow/.local/lib/python3.7/site-packages/airflow/example_dags/example_trigger_target_dag.py
[2025-01-09T23:47:50.209+0000] {processor.py:753} INFO - DAG(s) dict_keys(['example_trigger_target_dag']) retrieved from /home/airflow/.local/lib/python3.7/site-packages/airflow/example_dags/example_trigger_target_dag.py
[2025-01-09T23:47:50.222+0000] {logging_mixin.py:137} INFO - [2025-01-09T23:47:50.222+0000] {dag.py:2690} INFO - Sync 1 DAGs
[2025-01-09T23:47:50.233+0000] {logging_mixin.py:137} INFO - [2025-01-09T23:47:50.233+0000] {dag.py:3441} INFO - Setting next_dagrun for example_trigger_target_dag to None, run_after=None
[2025-01-09T23:47:50.243+0000] {processor.py:175} INFO - Processing /home/airflow/.local/lib/python3.7/site-packages/airflow/example_dags/example_trigger_target_dag.py took 0.047 seconds
[2025-01-09T23:48:20.849+0000] {processor.py:153} INFO - Started process (PID=2857) to work on /home/airflow/.local/lib/python3.7/site-packages/airflow/example_dags/example_trigger_target_dag.py
[2025-01-09T23:48:20.850+0000] {processor.py:743} INFO - Processing file /home/airflow/.local/lib/python3.7/site-packages/airflow/example_dags/example_trigger_target_dag.py for tasks to queue
[2025-01-09T23:48:20.850+0000] {logging_mixin.py:137} INFO - [2025-01-09T23:48:20.850+0000] {dagbag.py:538} INFO - Filling up the DagBag from /home/airflow/.local/lib/python3.7/site-packages/airflow/example_dags/example_trigger_target_dag.py
[2025-01-09T23:48:20.860+0000] {processor.py:753} INFO - DAG(s) dict_keys(['example_trigger_target_dag']) retrieved from /home/airflow/.local/lib/python3.7/site-packages/airflow/example_dags/example_trigger_target_dag.py
[2025-01-09T23:48:20.876+0000] {logging_mixin.py:137} INFO - [2025-01-09T23:48:20.876+0000] {dag.py:2690} INFO - Sync 1 DAGs
[2025-01-09T23:48:20.890+0000] {logging_mixin.py:137} INFO - [2025-01-09T23:48:20.890+0000] {dag.py:3441} INFO - Setting next_dagrun for example_trigger_target_dag to None, run_after=None
[2025-01-09T23:48:20.908+0000] {processor.py:175} INFO - Processing /home/airflow/.local/lib/python3.7/site-packages/airflow/example_dags/example_trigger_target_dag.py took 0.060 seconds
[2025-01-09T23:48:51.344+0000] {processor.py:153} INFO - Started process (PID=2932) to work on /home/airflow/.local/lib/python3.7/site-packages/airflow/example_dags/example_trigger_target_dag.py
[2025-01-09T23:48:51.345+0000] {processor.py:743} INFO - Processing file /home/airflow/.local/lib/python3.7/site-packages/airflow/example_dags/example_trigger_target_dag.py for tasks to queue
[2025-01-09T23:48:51.345+0000] {logging_mixin.py:137} INFO - [2025-01-09T23:48:51.345+0000] {dagbag.py:538} INFO - Filling up the DagBag from /home/airflow/.local/lib/python3.7/site-packages/airflow/example_dags/example_trigger_target_dag.py
[2025-01-09T23:48:51.354+0000] {processor.py:753} INFO - DAG(s) dict_keys(['example_trigger_target_dag']) retrieved from /home/airflow/.local/lib/python3.7/site-packages/airflow/example_dags/example_trigger_target_dag.py
[2025-01-09T23:48:51.364+0000] {logging_mixin.py:137} INFO - [2025-01-09T23:48:51.364+0000] {dag.py:2690} INFO - Sync 1 DAGs
[2025-01-09T23:48:51.375+0000] {logging_mixin.py:137} INFO - [2025-01-09T23:48:51.375+0000] {dag.py:3441} INFO - Setting next_dagrun for example_trigger_target_dag to None, run_after=None
[2025-01-09T23:48:51.386+0000] {processor.py:175} INFO - Processing /home/airflow/.local/lib/python3.7/site-packages/airflow/example_dags/example_trigger_target_dag.py took 0.043 seconds
[2025-01-09T23:49:21.760+0000] {processor.py:153} INFO - Started process (PID=3023) to work on /home/airflow/.local/lib/python3.7/site-packages/airflow/example_dags/example_trigger_target_dag.py
[2025-01-09T23:49:21.761+0000] {processor.py:743} INFO - Processing file /home/airflow/.local/lib/python3.7/site-packages/airflow/example_dags/example_trigger_target_dag.py for tasks to queue
[2025-01-09T23:49:21.761+0000] {logging_mixin.py:137} INFO - [2025-01-09T23:49:21.761+0000] {dagbag.py:538} INFO - Filling up the DagBag from /home/airflow/.local/lib/python3.7/site-packages/airflow/example_dags/example_trigger_target_dag.py
[2025-01-09T23:49:21.770+0000] {processor.py:753} INFO - DAG(s) dict_keys(['example_trigger_target_dag']) retrieved from /home/airflow/.local/lib/python3.7/site-packages/airflow/example_dags/example_trigger_target_dag.py
[2025-01-09T23:49:21.780+0000] {logging_mixin.py:137} INFO - [2025-01-09T23:49:21.780+0000] {dag.py:2690} INFO - Sync 1 DAGs
[2025-01-09T23:49:21.794+0000] {logging_mixin.py:137} INFO - [2025-01-09T23:49:21.794+0000] {dag.py:3441} INFO - Setting next_dagrun for example_trigger_target_dag to None, run_after=None
[2025-01-09T23:49:21.810+0000] {processor.py:175} INFO - Processing /home/airflow/.local/lib/python3.7/site-packages/airflow/example_dags/example_trigger_target_dag.py took 0.052 seconds
[2025-01-09T23:49:52.257+0000] {processor.py:153} INFO - Started process (PID=3114) to work on /home/airflow/.local/lib/python3.7/site-packages/airflow/example_dags/example_trigger_target_dag.py
[2025-01-09T23:49:52.257+0000] {processor.py:743} INFO - Processing file /home/airflow/.local/lib/python3.7/site-packages/airflow/example_dags/example_trigger_target_dag.py for tasks to queue
[2025-01-09T23:49:52.257+0000] {logging_mixin.py:137} INFO - [2025-01-09T23:49:52.257+0000] {dagbag.py:538} INFO - Filling up the DagBag from /home/airflow/.local/lib/python3.7/site-packages/airflow/example_dags/example_trigger_target_dag.py
[2025-01-09T23:49:52.266+0000] {processor.py:753} INFO - DAG(s) dict_keys(['example_trigger_target_dag']) retrieved from /home/airflow/.local/lib/python3.7/site-packages/airflow/example_dags/example_trigger_target_dag.py
[2025-01-09T23:49:52.277+0000] {logging_mixin.py:137} INFO - [2025-01-09T23:49:52.276+0000] {dag.py:2690} INFO - Sync 1 DAGs
[2025-01-09T23:49:52.287+0000] {logging_mixin.py:137} INFO - [2025-01-09T23:49:52.287+0000] {dag.py:3441} INFO - Setting next_dagrun for example_trigger_target_dag to None, run_after=None
[2025-01-09T23:49:52.300+0000] {processor.py:175} INFO - Processing /home/airflow/.local/lib/python3.7/site-packages/airflow/example_dags/example_trigger_target_dag.py took 0.044 seconds
[2025-01-09T23:50:22.753+0000] {processor.py:153} INFO - Started process (PID=3205) to work on /home/airflow/.local/lib/python3.7/site-packages/airflow/example_dags/example_trigger_target_dag.py
[2025-01-09T23:50:22.753+0000] {processor.py:743} INFO - Processing file /home/airflow/.local/lib/python3.7/site-packages/airflow/example_dags/example_trigger_target_dag.py for tasks to queue
[2025-01-09T23:50:22.754+0000] {logging_mixin.py:137} INFO - [2025-01-09T23:50:22.754+0000] {dagbag.py:538} INFO - Filling up the DagBag from /home/airflow/.local/lib/python3.7/site-packages/airflow/example_dags/example_trigger_target_dag.py
[2025-01-09T23:50:22.762+0000] {processor.py:753} INFO - DAG(s) dict_keys(['example_trigger_target_dag']) retrieved from /home/airflow/.local/lib/python3.7/site-packages/airflow/example_dags/example_trigger_target_dag.py
[2025-01-09T23:50:22.771+0000] {logging_mixin.py:137} INFO - [2025-01-09T23:50:22.771+0000] {dag.py:2690} INFO - Sync 1 DAGs
[2025-01-09T23:50:22.781+0000] {logging_mixin.py:137} INFO - [2025-01-09T23:50:22.781+0000] {dag.py:3441} INFO - Setting next_dagrun for example_trigger_target_dag to None, run_after=None
[2025-01-09T23:50:22.787+0000] {processor.py:175} INFO - Processing /home/airflow/.local/lib/python3.7/site-packages/airflow/example_dags/example_trigger_target_dag.py took 0.035 seconds
[2025-01-09T23:50:53.216+0000] {processor.py:153} INFO - Started process (PID=3280) to work on /home/airflow/.local/lib/python3.7/site-packages/airflow/example_dags/example_trigger_target_dag.py
[2025-01-09T23:50:53.217+0000] {processor.py:743} INFO - Processing file /home/airflow/.local/lib/python3.7/site-packages/airflow/example_dags/example_trigger_target_dag.py for tasks to queue
[2025-01-09T23:50:53.218+0000] {logging_mixin.py:137} INFO - [2025-01-09T23:50:53.218+0000] {dagbag.py:538} INFO - Filling up the DagBag from /home/airflow/.local/lib/python3.7/site-packages/airflow/example_dags/example_trigger_target_dag.py
[2025-01-09T23:50:53.227+0000] {processor.py:753} INFO - DAG(s) dict_keys(['example_trigger_target_dag']) retrieved from /home/airflow/.local/lib/python3.7/site-packages/airflow/example_dags/example_trigger_target_dag.py
[2025-01-09T23:50:53.239+0000] {logging_mixin.py:137} INFO - [2025-01-09T23:50:53.239+0000] {dag.py:2690} INFO - Sync 1 DAGs
[2025-01-09T23:50:53.251+0000] {logging_mixin.py:137} INFO - [2025-01-09T23:50:53.251+0000] {dag.py:3441} INFO - Setting next_dagrun for example_trigger_target_dag to None, run_after=None
[2025-01-09T23:50:53.268+0000] {processor.py:175} INFO - Processing /home/airflow/.local/lib/python3.7/site-packages/airflow/example_dags/example_trigger_target_dag.py took 0.053 seconds
[2025-01-09T23:51:23.633+0000] {processor.py:153} INFO - Started process (PID=3371) to work on /home/airflow/.local/lib/python3.7/site-packages/airflow/example_dags/example_trigger_target_dag.py
[2025-01-09T23:51:23.634+0000] {processor.py:743} INFO - Processing file /home/airflow/.local/lib/python3.7/site-packages/airflow/example_dags/example_trigger_target_dag.py for tasks to queue
[2025-01-09T23:51:23.634+0000] {logging_mixin.py:137} INFO - [2025-01-09T23:51:23.634+0000] {dagbag.py:538} INFO - Filling up the DagBag from /home/airflow/.local/lib/python3.7/site-packages/airflow/example_dags/example_trigger_target_dag.py
[2025-01-09T23:51:23.642+0000] {processor.py:753} INFO - DAG(s) dict_keys(['example_trigger_target_dag']) retrieved from /home/airflow/.local/lib/python3.7/site-packages/airflow/example_dags/example_trigger_target_dag.py
[2025-01-09T23:51:23.653+0000] {logging_mixin.py:137} INFO - [2025-01-09T23:51:23.653+0000] {dag.py:2690} INFO - Sync 1 DAGs
[2025-01-09T23:51:23.664+0000] {logging_mixin.py:137} INFO - [2025-01-09T23:51:23.664+0000] {dag.py:3441} INFO - Setting next_dagrun for example_trigger_target_dag to None, run_after=None
[2025-01-09T23:51:23.671+0000] {processor.py:175} INFO - Processing /home/airflow/.local/lib/python3.7/site-packages/airflow/example_dags/example_trigger_target_dag.py took 0.040 seconds
[2025-01-09T23:51:54.076+0000] {processor.py:153} INFO - Started process (PID=3462) to work on /home/airflow/.local/lib/python3.7/site-packages/airflow/example_dags/example_trigger_target_dag.py
[2025-01-09T23:51:54.077+0000] {processor.py:743} INFO - Processing file /home/airflow/.local/lib/python3.7/site-packages/airflow/example_dags/example_trigger_target_dag.py for tasks to queue
[2025-01-09T23:51:54.077+0000] {logging_mixin.py:137} INFO - [2025-01-09T23:51:54.077+0000] {dagbag.py:538} INFO - Filling up the DagBag from /home/airflow/.local/lib/python3.7/site-packages/airflow/example_dags/example_trigger_target_dag.py
[2025-01-09T23:51:54.086+0000] {processor.py:753} INFO - DAG(s) dict_keys(['example_trigger_target_dag']) retrieved from /home/airflow/.local/lib/python3.7/site-packages/airflow/example_dags/example_trigger_target_dag.py
[2025-01-09T23:51:54.097+0000] {logging_mixin.py:137} INFO - [2025-01-09T23:51:54.097+0000] {dag.py:2690} INFO - Sync 1 DAGs
[2025-01-09T23:51:54.107+0000] {logging_mixin.py:137} INFO - [2025-01-09T23:51:54.107+0000] {dag.py:3441} INFO - Setting next_dagrun for example_trigger_target_dag to None, run_after=None
[2025-01-09T23:51:54.116+0000] {processor.py:175} INFO - Processing /home/airflow/.local/lib/python3.7/site-packages/airflow/example_dags/example_trigger_target_dag.py took 0.041 seconds
[2025-01-09T23:52:24.715+0000] {processor.py:153} INFO - Started process (PID=3553) to work on /home/airflow/.local/lib/python3.7/site-packages/airflow/example_dags/example_trigger_target_dag.py
[2025-01-09T23:52:24.716+0000] {processor.py:743} INFO - Processing file /home/airflow/.local/lib/python3.7/site-packages/airflow/example_dags/example_trigger_target_dag.py for tasks to queue
[2025-01-09T23:52:24.716+0000] {logging_mixin.py:137} INFO - [2025-01-09T23:52:24.716+0000] {dagbag.py:538} INFO - Filling up the DagBag from /home/airflow/.local/lib/python3.7/site-packages/airflow/example_dags/example_trigger_target_dag.py
[2025-01-09T23:52:24.725+0000] {processor.py:753} INFO - DAG(s) dict_keys(['example_trigger_target_dag']) retrieved from /home/airflow/.local/lib/python3.7/site-packages/airflow/example_dags/example_trigger_target_dag.py
[2025-01-09T23:52:24.736+0000] {logging_mixin.py:137} INFO - [2025-01-09T23:52:24.736+0000] {dag.py:2690} INFO - Sync 1 DAGs
[2025-01-09T23:52:24.748+0000] {logging_mixin.py:137} INFO - [2025-01-09T23:52:24.748+0000] {dag.py:3441} INFO - Setting next_dagrun for example_trigger_target_dag to None, run_after=None
[2025-01-09T23:52:24.756+0000] {processor.py:175} INFO - Processing /home/airflow/.local/lib/python3.7/site-packages/airflow/example_dags/example_trigger_target_dag.py took 0.042 seconds
[2025-01-09T23:52:55.290+0000] {processor.py:153} INFO - Started process (PID=3637) to work on /home/airflow/.local/lib/python3.7/site-packages/airflow/example_dags/example_trigger_target_dag.py
[2025-01-09T23:52:55.291+0000] {processor.py:743} INFO - Processing file /home/airflow/.local/lib/python3.7/site-packages/airflow/example_dags/example_trigger_target_dag.py for tasks to queue
[2025-01-09T23:52:55.292+0000] {logging_mixin.py:137} INFO - [2025-01-09T23:52:55.292+0000] {dagbag.py:538} INFO - Filling up the DagBag from /home/airflow/.local/lib/python3.7/site-packages/airflow/example_dags/example_trigger_target_dag.py
[2025-01-09T23:52:55.302+0000] {processor.py:753} INFO - DAG(s) dict_keys(['example_trigger_target_dag']) retrieved from /home/airflow/.local/lib/python3.7/site-packages/airflow/example_dags/example_trigger_target_dag.py
[2025-01-09T23:52:55.314+0000] {logging_mixin.py:137} INFO - [2025-01-09T23:52:55.314+0000] {dag.py:2690} INFO - Sync 1 DAGs
[2025-01-09T23:52:55.327+0000] {logging_mixin.py:137} INFO - [2025-01-09T23:52:55.326+0000] {dag.py:3441} INFO - Setting next_dagrun for example_trigger_target_dag to None, run_after=None
[2025-01-09T23:52:55.334+0000] {processor.py:175} INFO - Processing /home/airflow/.local/lib/python3.7/site-packages/airflow/example_dags/example_trigger_target_dag.py took 0.046 seconds
[2025-01-09T23:53:25.926+0000] {processor.py:153} INFO - Started process (PID=3719) to work on /home/airflow/.local/lib/python3.7/site-packages/airflow/example_dags/example_trigger_target_dag.py
[2025-01-09T23:53:25.926+0000] {processor.py:743} INFO - Processing file /home/airflow/.local/lib/python3.7/site-packages/airflow/example_dags/example_trigger_target_dag.py for tasks to queue
[2025-01-09T23:53:25.927+0000] {logging_mixin.py:137} INFO - [2025-01-09T23:53:25.927+0000] {dagbag.py:538} INFO - Filling up the DagBag from /home/airflow/.local/lib/python3.7/site-packages/airflow/example_dags/example_trigger_target_dag.py
[2025-01-09T23:53:25.936+0000] {processor.py:753} INFO - DAG(s) dict_keys(['example_trigger_target_dag']) retrieved from /home/airflow/.local/lib/python3.7/site-packages/airflow/example_dags/example_trigger_target_dag.py
[2025-01-09T23:53:25.946+0000] {logging_mixin.py:137} INFO - [2025-01-09T23:53:25.946+0000] {dag.py:2690} INFO - Sync 1 DAGs
[2025-01-09T23:53:25.957+0000] {logging_mixin.py:137} INFO - [2025-01-09T23:53:25.957+0000] {dag.py:3441} INFO - Setting next_dagrun for example_trigger_target_dag to None, run_after=None
[2025-01-09T23:53:25.963+0000] {processor.py:175} INFO - Processing /home/airflow/.local/lib/python3.7/site-packages/airflow/example_dags/example_trigger_target_dag.py took 0.039 seconds
[2025-01-09T23:53:56.443+0000] {processor.py:153} INFO - Started process (PID=3810) to work on /home/airflow/.local/lib/python3.7/site-packages/airflow/example_dags/example_trigger_target_dag.py
[2025-01-09T23:53:56.444+0000] {processor.py:743} INFO - Processing file /home/airflow/.local/lib/python3.7/site-packages/airflow/example_dags/example_trigger_target_dag.py for tasks to queue
[2025-01-09T23:53:56.445+0000] {logging_mixin.py:137} INFO - [2025-01-09T23:53:56.445+0000] {dagbag.py:538} INFO - Filling up the DagBag from /home/airflow/.local/lib/python3.7/site-packages/airflow/example_dags/example_trigger_target_dag.py
[2025-01-09T23:53:56.453+0000] {processor.py:753} INFO - DAG(s) dict_keys(['example_trigger_target_dag']) retrieved from /home/airflow/.local/lib/python3.7/site-packages/airflow/example_dags/example_trigger_target_dag.py
[2025-01-09T23:53:56.463+0000] {logging_mixin.py:137} INFO - [2025-01-09T23:53:56.463+0000] {dag.py:2690} INFO - Sync 1 DAGs
[2025-01-09T23:53:56.476+0000] {logging_mixin.py:137} INFO - [2025-01-09T23:53:56.476+0000] {dag.py:3441} INFO - Setting next_dagrun for example_trigger_target_dag to None, run_after=None
[2025-01-09T23:53:56.489+0000] {processor.py:175} INFO - Processing /home/airflow/.local/lib/python3.7/site-packages/airflow/example_dags/example_trigger_target_dag.py took 0.047 seconds
[2025-01-09T23:54:26.982+0000] {processor.py:153} INFO - Started process (PID=3901) to work on /home/airflow/.local/lib/python3.7/site-packages/airflow/example_dags/example_trigger_target_dag.py
[2025-01-09T23:54:26.983+0000] {processor.py:743} INFO - Processing file /home/airflow/.local/lib/python3.7/site-packages/airflow/example_dags/example_trigger_target_dag.py for tasks to queue
[2025-01-09T23:54:26.983+0000] {logging_mixin.py:137} INFO - [2025-01-09T23:54:26.983+0000] {dagbag.py:538} INFO - Filling up the DagBag from /home/airflow/.local/lib/python3.7/site-packages/airflow/example_dags/example_trigger_target_dag.py
[2025-01-09T23:54:26.992+0000] {processor.py:753} INFO - DAG(s) dict_keys(['example_trigger_target_dag']) retrieved from /home/airflow/.local/lib/python3.7/site-packages/airflow/example_dags/example_trigger_target_dag.py
[2025-01-09T23:54:27.004+0000] {logging_mixin.py:137} INFO - [2025-01-09T23:54:27.004+0000] {dag.py:2690} INFO - Sync 1 DAGs
[2025-01-09T23:54:27.015+0000] {logging_mixin.py:137} INFO - [2025-01-09T23:54:27.015+0000] {dag.py:3441} INFO - Setting next_dagrun for example_trigger_target_dag to None, run_after=None
[2025-01-09T23:54:27.025+0000] {processor.py:175} INFO - Processing /home/airflow/.local/lib/python3.7/site-packages/airflow/example_dags/example_trigger_target_dag.py took 0.044 seconds
[2025-01-09T23:54:57.599+0000] {processor.py:153} INFO - Started process (PID=3992) to work on /home/airflow/.local/lib/python3.7/site-packages/airflow/example_dags/example_trigger_target_dag.py
[2025-01-09T23:54:57.599+0000] {processor.py:743} INFO - Processing file /home/airflow/.local/lib/python3.7/site-packages/airflow/example_dags/example_trigger_target_dag.py for tasks to queue
[2025-01-09T23:54:57.600+0000] {logging_mixin.py:137} INFO - [2025-01-09T23:54:57.600+0000] {dagbag.py:538} INFO - Filling up the DagBag from /home/airflow/.local/lib/python3.7/site-packages/airflow/example_dags/example_trigger_target_dag.py
[2025-01-09T23:54:57.610+0000] {processor.py:753} INFO - DAG(s) dict_keys(['example_trigger_target_dag']) retrieved from /home/airflow/.local/lib/python3.7/site-packages/airflow/example_dags/example_trigger_target_dag.py
[2025-01-09T23:54:57.621+0000] {logging_mixin.py:137} INFO - [2025-01-09T23:54:57.621+0000] {dag.py:2690} INFO - Sync 1 DAGs
[2025-01-09T23:54:57.633+0000] {logging_mixin.py:137} INFO - [2025-01-09T23:54:57.633+0000] {dag.py:3441} INFO - Setting next_dagrun for example_trigger_target_dag to None, run_after=None
[2025-01-09T23:54:57.644+0000] {processor.py:175} INFO - Processing /home/airflow/.local/lib/python3.7/site-packages/airflow/example_dags/example_trigger_target_dag.py took 0.047 seconds
[2025-01-09T23:55:28.021+0000] {processor.py:153} INFO - Started process (PID=4066) to work on /home/airflow/.local/lib/python3.7/site-packages/airflow/example_dags/example_trigger_target_dag.py
[2025-01-09T23:55:28.022+0000] {processor.py:743} INFO - Processing file /home/airflow/.local/lib/python3.7/site-packages/airflow/example_dags/example_trigger_target_dag.py for tasks to queue
[2025-01-09T23:55:28.022+0000] {logging_mixin.py:137} INFO - [2025-01-09T23:55:28.022+0000] {dagbag.py:538} INFO - Filling up the DagBag from /home/airflow/.local/lib/python3.7/site-packages/airflow/example_dags/example_trigger_target_dag.py
[2025-01-09T23:55:28.031+0000] {processor.py:753} INFO - DAG(s) dict_keys(['example_trigger_target_dag']) retrieved from /home/airflow/.local/lib/python3.7/site-packages/airflow/example_dags/example_trigger_target_dag.py
[2025-01-09T23:55:28.048+0000] {logging_mixin.py:137} INFO - [2025-01-09T23:55:28.048+0000] {dag.py:2690} INFO - Sync 1 DAGs
[2025-01-09T23:55:28.058+0000] {logging_mixin.py:137} INFO - [2025-01-09T23:55:28.058+0000] {dag.py:3441} INFO - Setting next_dagrun for example_trigger_target_dag to None, run_after=None
[2025-01-09T23:55:28.068+0000] {processor.py:175} INFO - Processing /home/airflow/.local/lib/python3.7/site-packages/airflow/example_dags/example_trigger_target_dag.py took 0.048 seconds
