[2025-01-09T23:31:32.152+0000] {processor.py:153} INFO - Started process (PID=63) to work on /home/airflow/.local/lib/python3.7/site-packages/airflow/example_dags/example_branch_operator.py
[2025-01-09T23:31:32.152+0000] {processor.py:743} INFO - Processing file /home/airflow/.local/lib/python3.7/site-packages/airflow/example_dags/example_branch_operator.py for tasks to queue
[2025-01-09T23:31:32.153+0000] {logging_mixin.py:137} INFO - [2025-01-09T23:31:32.153+0000] {dagbag.py:538} INFO - Filling up the DagBag from /home/airflow/.local/lib/python3.7/site-packages/airflow/example_dags/example_branch_operator.py
[2025-01-09T23:31:32.165+0000] {processor.py:753} INFO - DAG(s) dict_keys(['example_branch_operator']) retrieved from /home/airflow/.local/lib/python3.7/site-packages/airflow/example_dags/example_branch_operator.py
[2025-01-09T23:31:32.183+0000] {logging_mixin.py:137} INFO - [2025-01-09T23:31:32.183+0000] {dag.py:2690} INFO - Sync 1 DAGs
[2025-01-09T23:31:32.202+0000] {logging_mixin.py:137} INFO - [2025-01-09T23:31:32.202+0000] {dag.py:3441} INFO - Setting next_dagrun for example_branch_operator to 2025-01-08T00:00:00+00:00, run_after=2025-01-09T00:00:00+00:00
[2025-01-09T23:31:32.216+0000] {processor.py:175} INFO - Processing /home/airflow/.local/lib/python3.7/site-packages/airflow/example_dags/example_branch_operator.py took 0.066 seconds
[2025-01-09T23:32:02.846+0000] {processor.py:153} INFO - Started process (PID=170) to work on /home/airflow/.local/lib/python3.7/site-packages/airflow/example_dags/example_branch_operator.py
[2025-01-09T23:32:02.847+0000] {processor.py:743} INFO - Processing file /home/airflow/.local/lib/python3.7/site-packages/airflow/example_dags/example_branch_operator.py for tasks to queue
[2025-01-09T23:32:02.848+0000] {logging_mixin.py:137} INFO - [2025-01-09T23:32:02.848+0000] {dagbag.py:538} INFO - Filling up the DagBag from /home/airflow/.local/lib/python3.7/site-packages/airflow/example_dags/example_branch_operator.py
[2025-01-09T23:32:02.855+0000] {processor.py:753} INFO - DAG(s) dict_keys(['example_branch_operator']) retrieved from /home/airflow/.local/lib/python3.7/site-packages/airflow/example_dags/example_branch_operator.py
[2025-01-09T23:32:02.869+0000] {logging_mixin.py:137} INFO - [2025-01-09T23:32:02.869+0000] {dag.py:2690} INFO - Sync 1 DAGs
[2025-01-09T23:32:02.881+0000] {logging_mixin.py:137} INFO - [2025-01-09T23:32:02.881+0000] {dag.py:3441} INFO - Setting next_dagrun for example_branch_operator to 2025-01-08T00:00:00+00:00, run_after=2025-01-09T00:00:00+00:00
[2025-01-09T23:32:02.892+0000] {processor.py:175} INFO - Processing /home/airflow/.local/lib/python3.7/site-packages/airflow/example_dags/example_branch_operator.py took 0.047 seconds
[2025-01-09T23:32:33.798+0000] {processor.py:153} INFO - Started process (PID=260) to work on /home/airflow/.local/lib/python3.7/site-packages/airflow/example_dags/example_branch_operator.py
[2025-01-09T23:32:33.799+0000] {processor.py:743} INFO - Processing file /home/airflow/.local/lib/python3.7/site-packages/airflow/example_dags/example_branch_operator.py for tasks to queue
[2025-01-09T23:32:33.799+0000] {logging_mixin.py:137} INFO - [2025-01-09T23:32:33.799+0000] {dagbag.py:538} INFO - Filling up the DagBag from /home/airflow/.local/lib/python3.7/site-packages/airflow/example_dags/example_branch_operator.py
[2025-01-09T23:32:33.807+0000] {processor.py:753} INFO - DAG(s) dict_keys(['example_branch_operator']) retrieved from /home/airflow/.local/lib/python3.7/site-packages/airflow/example_dags/example_branch_operator.py
[2025-01-09T23:32:33.821+0000] {logging_mixin.py:137} INFO - [2025-01-09T23:32:33.821+0000] {dag.py:2690} INFO - Sync 1 DAGs
[2025-01-09T23:32:33.836+0000] {logging_mixin.py:137} INFO - [2025-01-09T23:32:33.836+0000] {dag.py:3441} INFO - Setting next_dagrun for example_branch_operator to 2025-01-08T00:00:00+00:00, run_after=2025-01-09T00:00:00+00:00
[2025-01-09T23:32:33.844+0000] {processor.py:175} INFO - Processing /home/airflow/.local/lib/python3.7/site-packages/airflow/example_dags/example_branch_operator.py took 0.047 seconds
[2025-01-09T23:33:04.278+0000] {processor.py:153} INFO - Started process (PID=335) to work on /home/airflow/.local/lib/python3.7/site-packages/airflow/example_dags/example_branch_operator.py
[2025-01-09T23:33:04.279+0000] {processor.py:743} INFO - Processing file /home/airflow/.local/lib/python3.7/site-packages/airflow/example_dags/example_branch_operator.py for tasks to queue
[2025-01-09T23:33:04.280+0000] {logging_mixin.py:137} INFO - [2025-01-09T23:33:04.280+0000] {dagbag.py:538} INFO - Filling up the DagBag from /home/airflow/.local/lib/python3.7/site-packages/airflow/example_dags/example_branch_operator.py
[2025-01-09T23:33:04.288+0000] {processor.py:753} INFO - DAG(s) dict_keys(['example_branch_operator']) retrieved from /home/airflow/.local/lib/python3.7/site-packages/airflow/example_dags/example_branch_operator.py
[2025-01-09T23:33:04.304+0000] {logging_mixin.py:137} INFO - [2025-01-09T23:33:04.304+0000] {dag.py:2690} INFO - Sync 1 DAGs
[2025-01-09T23:33:04.318+0000] {logging_mixin.py:137} INFO - [2025-01-09T23:33:04.318+0000] {dag.py:3441} INFO - Setting next_dagrun for example_branch_operator to 2025-01-08T00:00:00+00:00, run_after=2025-01-09T00:00:00+00:00
[2025-01-09T23:33:04.326+0000] {processor.py:175} INFO - Processing /home/airflow/.local/lib/python3.7/site-packages/airflow/example_dags/example_branch_operator.py took 0.049 seconds
[2025-01-09T23:33:34.696+0000] {processor.py:153} INFO - Started process (PID=426) to work on /home/airflow/.local/lib/python3.7/site-packages/airflow/example_dags/example_branch_operator.py
[2025-01-09T23:33:34.697+0000] {processor.py:743} INFO - Processing file /home/airflow/.local/lib/python3.7/site-packages/airflow/example_dags/example_branch_operator.py for tasks to queue
[2025-01-09T23:33:34.697+0000] {logging_mixin.py:137} INFO - [2025-01-09T23:33:34.697+0000] {dagbag.py:538} INFO - Filling up the DagBag from /home/airflow/.local/lib/python3.7/site-packages/airflow/example_dags/example_branch_operator.py
[2025-01-09T23:33:34.704+0000] {processor.py:753} INFO - DAG(s) dict_keys(['example_branch_operator']) retrieved from /home/airflow/.local/lib/python3.7/site-packages/airflow/example_dags/example_branch_operator.py
[2025-01-09T23:33:34.714+0000] {logging_mixin.py:137} INFO - [2025-01-09T23:33:34.714+0000] {dag.py:2690} INFO - Sync 1 DAGs
[2025-01-09T23:33:34.724+0000] {logging_mixin.py:137} INFO - [2025-01-09T23:33:34.724+0000] {dag.py:3441} INFO - Setting next_dagrun for example_branch_operator to 2025-01-08T00:00:00+00:00, run_after=2025-01-09T00:00:00+00:00
[2025-01-09T23:33:34.735+0000] {processor.py:175} INFO - Processing /home/airflow/.local/lib/python3.7/site-packages/airflow/example_dags/example_branch_operator.py took 0.040 seconds
[2025-01-09T23:34:05.176+0000] {processor.py:153} INFO - Started process (PID=517) to work on /home/airflow/.local/lib/python3.7/site-packages/airflow/example_dags/example_branch_operator.py
[2025-01-09T23:34:05.176+0000] {processor.py:743} INFO - Processing file /home/airflow/.local/lib/python3.7/site-packages/airflow/example_dags/example_branch_operator.py for tasks to queue
[2025-01-09T23:34:05.176+0000] {logging_mixin.py:137} INFO - [2025-01-09T23:34:05.176+0000] {dagbag.py:538} INFO - Filling up the DagBag from /home/airflow/.local/lib/python3.7/site-packages/airflow/example_dags/example_branch_operator.py
[2025-01-09T23:34:05.184+0000] {processor.py:753} INFO - DAG(s) dict_keys(['example_branch_operator']) retrieved from /home/airflow/.local/lib/python3.7/site-packages/airflow/example_dags/example_branch_operator.py
[2025-01-09T23:34:05.195+0000] {logging_mixin.py:137} INFO - [2025-01-09T23:34:05.195+0000] {dag.py:2690} INFO - Sync 1 DAGs
[2025-01-09T23:34:05.206+0000] {logging_mixin.py:137} INFO - [2025-01-09T23:34:05.206+0000] {dag.py:3441} INFO - Setting next_dagrun for example_branch_operator to 2025-01-08T00:00:00+00:00, run_after=2025-01-09T00:00:00+00:00
[2025-01-09T23:34:05.215+0000] {processor.py:175} INFO - Processing /home/airflow/.local/lib/python3.7/site-packages/airflow/example_dags/example_branch_operator.py took 0.040 seconds
[2025-01-09T23:34:35.679+0000] {processor.py:153} INFO - Started process (PID=607) to work on /home/airflow/.local/lib/python3.7/site-packages/airflow/example_dags/example_branch_operator.py
[2025-01-09T23:34:35.680+0000] {processor.py:743} INFO - Processing file /home/airflow/.local/lib/python3.7/site-packages/airflow/example_dags/example_branch_operator.py for tasks to queue
[2025-01-09T23:34:35.681+0000] {logging_mixin.py:137} INFO - [2025-01-09T23:34:35.681+0000] {dagbag.py:538} INFO - Filling up the DagBag from /home/airflow/.local/lib/python3.7/site-packages/airflow/example_dags/example_branch_operator.py
[2025-01-09T23:34:35.688+0000] {processor.py:753} INFO - DAG(s) dict_keys(['example_branch_operator']) retrieved from /home/airflow/.local/lib/python3.7/site-packages/airflow/example_dags/example_branch_operator.py
[2025-01-09T23:34:35.699+0000] {logging_mixin.py:137} INFO - [2025-01-09T23:34:35.699+0000] {dag.py:2690} INFO - Sync 1 DAGs
[2025-01-09T23:34:35.712+0000] {logging_mixin.py:137} INFO - [2025-01-09T23:34:35.712+0000] {dag.py:3441} INFO - Setting next_dagrun for example_branch_operator to 2025-01-08T00:00:00+00:00, run_after=2025-01-09T00:00:00+00:00
[2025-01-09T23:34:35.723+0000] {processor.py:175} INFO - Processing /home/airflow/.local/lib/python3.7/site-packages/airflow/example_dags/example_branch_operator.py took 0.045 seconds
[2025-01-09T23:35:06.083+0000] {processor.py:153} INFO - Started process (PID=682) to work on /home/airflow/.local/lib/python3.7/site-packages/airflow/example_dags/example_branch_operator.py
[2025-01-09T23:35:06.083+0000] {processor.py:743} INFO - Processing file /home/airflow/.local/lib/python3.7/site-packages/airflow/example_dags/example_branch_operator.py for tasks to queue
[2025-01-09T23:35:06.084+0000] {logging_mixin.py:137} INFO - [2025-01-09T23:35:06.084+0000] {dagbag.py:538} INFO - Filling up the DagBag from /home/airflow/.local/lib/python3.7/site-packages/airflow/example_dags/example_branch_operator.py
[2025-01-09T23:35:06.091+0000] {processor.py:753} INFO - DAG(s) dict_keys(['example_branch_operator']) retrieved from /home/airflow/.local/lib/python3.7/site-packages/airflow/example_dags/example_branch_operator.py
[2025-01-09T23:35:06.105+0000] {logging_mixin.py:137} INFO - [2025-01-09T23:35:06.105+0000] {dag.py:2690} INFO - Sync 1 DAGs
[2025-01-09T23:35:06.117+0000] {logging_mixin.py:137} INFO - [2025-01-09T23:35:06.117+0000] {dag.py:3441} INFO - Setting next_dagrun for example_branch_operator to 2025-01-08T00:00:00+00:00, run_after=2025-01-09T00:00:00+00:00
[2025-01-09T23:35:06.124+0000] {processor.py:175} INFO - Processing /home/airflow/.local/lib/python3.7/site-packages/airflow/example_dags/example_branch_operator.py took 0.043 seconds
[2025-01-09T23:35:36.557+0000] {processor.py:153} INFO - Started process (PID=773) to work on /home/airflow/.local/lib/python3.7/site-packages/airflow/example_dags/example_branch_operator.py
[2025-01-09T23:35:36.558+0000] {processor.py:743} INFO - Processing file /home/airflow/.local/lib/python3.7/site-packages/airflow/example_dags/example_branch_operator.py for tasks to queue
[2025-01-09T23:35:36.559+0000] {logging_mixin.py:137} INFO - [2025-01-09T23:35:36.559+0000] {dagbag.py:538} INFO - Filling up the DagBag from /home/airflow/.local/lib/python3.7/site-packages/airflow/example_dags/example_branch_operator.py
[2025-01-09T23:35:36.566+0000] {processor.py:753} INFO - DAG(s) dict_keys(['example_branch_operator']) retrieved from /home/airflow/.local/lib/python3.7/site-packages/airflow/example_dags/example_branch_operator.py
[2025-01-09T23:35:36.578+0000] {logging_mixin.py:137} INFO - [2025-01-09T23:35:36.578+0000] {dag.py:2690} INFO - Sync 1 DAGs
[2025-01-09T23:35:36.589+0000] {logging_mixin.py:137} INFO - [2025-01-09T23:35:36.589+0000] {dag.py:3441} INFO - Setting next_dagrun for example_branch_operator to 2025-01-08T00:00:00+00:00, run_after=2025-01-09T00:00:00+00:00
[2025-01-09T23:35:36.599+0000] {processor.py:175} INFO - Processing /home/airflow/.local/lib/python3.7/site-packages/airflow/example_dags/example_branch_operator.py took 0.044 seconds
[2025-01-09T23:36:06.965+0000] {processor.py:153} INFO - Started process (PID=864) to work on /home/airflow/.local/lib/python3.7/site-packages/airflow/example_dags/example_branch_operator.py
[2025-01-09T23:36:06.966+0000] {processor.py:743} INFO - Processing file /home/airflow/.local/lib/python3.7/site-packages/airflow/example_dags/example_branch_operator.py for tasks to queue
[2025-01-09T23:36:06.966+0000] {logging_mixin.py:137} INFO - [2025-01-09T23:36:06.966+0000] {dagbag.py:538} INFO - Filling up the DagBag from /home/airflow/.local/lib/python3.7/site-packages/airflow/example_dags/example_branch_operator.py
[2025-01-09T23:36:06.973+0000] {processor.py:753} INFO - DAG(s) dict_keys(['example_branch_operator']) retrieved from /home/airflow/.local/lib/python3.7/site-packages/airflow/example_dags/example_branch_operator.py
[2025-01-09T23:36:06.988+0000] {logging_mixin.py:137} INFO - [2025-01-09T23:36:06.988+0000] {dag.py:2690} INFO - Sync 1 DAGs
[2025-01-09T23:36:06.999+0000] {logging_mixin.py:137} INFO - [2025-01-09T23:36:06.999+0000] {dag.py:3441} INFO - Setting next_dagrun for example_branch_operator to 2025-01-08T00:00:00+00:00, run_after=2025-01-09T00:00:00+00:00
[2025-01-09T23:36:07.006+0000] {processor.py:175} INFO - Processing /home/airflow/.local/lib/python3.7/site-packages/airflow/example_dags/example_branch_operator.py took 0.043 seconds
[2025-01-09T23:36:37.490+0000] {processor.py:153} INFO - Started process (PID=954) to work on /home/airflow/.local/lib/python3.7/site-packages/airflow/example_dags/example_branch_operator.py
[2025-01-09T23:36:37.490+0000] {processor.py:743} INFO - Processing file /home/airflow/.local/lib/python3.7/site-packages/airflow/example_dags/example_branch_operator.py for tasks to queue
[2025-01-09T23:36:37.491+0000] {logging_mixin.py:137} INFO - [2025-01-09T23:36:37.491+0000] {dagbag.py:538} INFO - Filling up the DagBag from /home/airflow/.local/lib/python3.7/site-packages/airflow/example_dags/example_branch_operator.py
[2025-01-09T23:36:37.498+0000] {processor.py:753} INFO - DAG(s) dict_keys(['example_branch_operator']) retrieved from /home/airflow/.local/lib/python3.7/site-packages/airflow/example_dags/example_branch_operator.py
[2025-01-09T23:36:37.508+0000] {logging_mixin.py:137} INFO - [2025-01-09T23:36:37.508+0000] {dag.py:2690} INFO - Sync 1 DAGs
[2025-01-09T23:36:37.519+0000] {logging_mixin.py:137} INFO - [2025-01-09T23:36:37.519+0000] {dag.py:3441} INFO - Setting next_dagrun for example_branch_operator to 2025-01-08T00:00:00+00:00, run_after=2025-01-09T00:00:00+00:00
[2025-01-09T23:36:37.526+0000] {processor.py:175} INFO - Processing /home/airflow/.local/lib/python3.7/site-packages/airflow/example_dags/example_branch_operator.py took 0.037 seconds
[2025-01-09T23:37:07.970+0000] {processor.py:153} INFO - Started process (PID=1038) to work on /home/airflow/.local/lib/python3.7/site-packages/airflow/example_dags/example_branch_operator.py
[2025-01-09T23:37:07.971+0000] {processor.py:743} INFO - Processing file /home/airflow/.local/lib/python3.7/site-packages/airflow/example_dags/example_branch_operator.py for tasks to queue
[2025-01-09T23:37:07.972+0000] {logging_mixin.py:137} INFO - [2025-01-09T23:37:07.972+0000] {dagbag.py:538} INFO - Filling up the DagBag from /home/airflow/.local/lib/python3.7/site-packages/airflow/example_dags/example_branch_operator.py
[2025-01-09T23:37:07.980+0000] {processor.py:753} INFO - DAG(s) dict_keys(['example_branch_operator']) retrieved from /home/airflow/.local/lib/python3.7/site-packages/airflow/example_dags/example_branch_operator.py
[2025-01-09T23:37:07.994+0000] {logging_mixin.py:137} INFO - [2025-01-09T23:37:07.994+0000] {dag.py:2690} INFO - Sync 1 DAGs
[2025-01-09T23:37:08.008+0000] {logging_mixin.py:137} INFO - [2025-01-09T23:37:08.008+0000] {dag.py:3441} INFO - Setting next_dagrun for example_branch_operator to 2025-01-08T00:00:00+00:00, run_after=2025-01-09T00:00:00+00:00
[2025-01-09T23:37:08.018+0000] {processor.py:175} INFO - Processing /home/airflow/.local/lib/python3.7/site-packages/airflow/example_dags/example_branch_operator.py took 0.050 seconds
[2025-01-09T23:37:38.610+0000] {processor.py:153} INFO - Started process (PID=1120) to work on /home/airflow/.local/lib/python3.7/site-packages/airflow/example_dags/example_branch_operator.py
[2025-01-09T23:37:38.610+0000] {processor.py:743} INFO - Processing file /home/airflow/.local/lib/python3.7/site-packages/airflow/example_dags/example_branch_operator.py for tasks to queue
[2025-01-09T23:37:38.612+0000] {logging_mixin.py:137} INFO - [2025-01-09T23:37:38.612+0000] {dagbag.py:538} INFO - Filling up the DagBag from /home/airflow/.local/lib/python3.7/site-packages/airflow/example_dags/example_branch_operator.py
[2025-01-09T23:37:38.619+0000] {processor.py:753} INFO - DAG(s) dict_keys(['example_branch_operator']) retrieved from /home/airflow/.local/lib/python3.7/site-packages/airflow/example_dags/example_branch_operator.py
[2025-01-09T23:37:38.632+0000] {logging_mixin.py:137} INFO - [2025-01-09T23:37:38.632+0000] {dag.py:2690} INFO - Sync 1 DAGs
[2025-01-09T23:37:38.645+0000] {logging_mixin.py:137} INFO - [2025-01-09T23:37:38.645+0000] {dag.py:3441} INFO - Setting next_dagrun for example_branch_operator to 2025-01-08T00:00:00+00:00, run_after=2025-01-09T00:00:00+00:00
[2025-01-09T23:37:38.653+0000] {processor.py:175} INFO - Processing /home/airflow/.local/lib/python3.7/site-packages/airflow/example_dags/example_branch_operator.py took 0.045 seconds
[2025-01-09T23:38:40.829+0000] {processor.py:153} INFO - Started process (PID=1195) to work on /home/airflow/.local/lib/python3.7/site-packages/airflow/example_dags/example_branch_operator.py
[2025-01-09T23:38:40.831+0000] {processor.py:743} INFO - Processing file /home/airflow/.local/lib/python3.7/site-packages/airflow/example_dags/example_branch_operator.py for tasks to queue
[2025-01-09T23:38:40.831+0000] {logging_mixin.py:137} INFO - [2025-01-09T23:38:40.831+0000] {dagbag.py:538} INFO - Filling up the DagBag from /home/airflow/.local/lib/python3.7/site-packages/airflow/example_dags/example_branch_operator.py
[2025-01-09T23:38:40.838+0000] {processor.py:753} INFO - DAG(s) dict_keys(['example_branch_operator']) retrieved from /home/airflow/.local/lib/python3.7/site-packages/airflow/example_dags/example_branch_operator.py
[2025-01-09T23:38:40.851+0000] {logging_mixin.py:137} INFO - [2025-01-09T23:38:40.850+0000] {dag.py:2690} INFO - Sync 1 DAGs
[2025-01-09T23:38:40.863+0000] {logging_mixin.py:137} INFO - [2025-01-09T23:38:40.863+0000] {dag.py:3441} INFO - Setting next_dagrun for example_branch_operator to 2025-01-08T00:00:00+00:00, run_after=2025-01-09T00:00:00+00:00
[2025-01-09T23:38:40.873+0000] {processor.py:175} INFO - Processing /home/airflow/.local/lib/python3.7/site-packages/airflow/example_dags/example_branch_operator.py took 0.045 seconds
[2025-01-09T23:39:11.284+0000] {processor.py:153} INFO - Started process (PID=1285) to work on /home/airflow/.local/lib/python3.7/site-packages/airflow/example_dags/example_branch_operator.py
[2025-01-09T23:39:11.285+0000] {processor.py:743} INFO - Processing file /home/airflow/.local/lib/python3.7/site-packages/airflow/example_dags/example_branch_operator.py for tasks to queue
[2025-01-09T23:39:11.285+0000] {logging_mixin.py:137} INFO - [2025-01-09T23:39:11.285+0000] {dagbag.py:538} INFO - Filling up the DagBag from /home/airflow/.local/lib/python3.7/site-packages/airflow/example_dags/example_branch_operator.py
[2025-01-09T23:39:11.292+0000] {processor.py:753} INFO - DAG(s) dict_keys(['example_branch_operator']) retrieved from /home/airflow/.local/lib/python3.7/site-packages/airflow/example_dags/example_branch_operator.py
[2025-01-09T23:39:11.303+0000] {logging_mixin.py:137} INFO - [2025-01-09T23:39:11.302+0000] {dag.py:2690} INFO - Sync 1 DAGs
[2025-01-09T23:39:11.315+0000] {logging_mixin.py:137} INFO - [2025-01-09T23:39:11.315+0000] {dag.py:3441} INFO - Setting next_dagrun for example_branch_operator to 2025-01-08T00:00:00+00:00, run_after=2025-01-09T00:00:00+00:00
[2025-01-09T23:39:11.323+0000] {processor.py:175} INFO - Processing /home/airflow/.local/lib/python3.7/site-packages/airflow/example_dags/example_branch_operator.py took 0.040 seconds
[2025-01-09T23:39:41.892+0000] {processor.py:153} INFO - Started process (PID=1369) to work on /home/airflow/.local/lib/python3.7/site-packages/airflow/example_dags/example_branch_operator.py
[2025-01-09T23:39:41.893+0000] {processor.py:743} INFO - Processing file /home/airflow/.local/lib/python3.7/site-packages/airflow/example_dags/example_branch_operator.py for tasks to queue
[2025-01-09T23:39:41.894+0000] {logging_mixin.py:137} INFO - [2025-01-09T23:39:41.894+0000] {dagbag.py:538} INFO - Filling up the DagBag from /home/airflow/.local/lib/python3.7/site-packages/airflow/example_dags/example_branch_operator.py
[2025-01-09T23:39:41.902+0000] {processor.py:753} INFO - DAG(s) dict_keys(['example_branch_operator']) retrieved from /home/airflow/.local/lib/python3.7/site-packages/airflow/example_dags/example_branch_operator.py
[2025-01-09T23:39:41.915+0000] {logging_mixin.py:137} INFO - [2025-01-09T23:39:41.915+0000] {dag.py:2690} INFO - Sync 1 DAGs
[2025-01-09T23:39:41.927+0000] {logging_mixin.py:137} INFO - [2025-01-09T23:39:41.927+0000] {dag.py:3441} INFO - Setting next_dagrun for example_branch_operator to 2025-01-08T00:00:00+00:00, run_after=2025-01-09T00:00:00+00:00
[2025-01-09T23:39:41.939+0000] {processor.py:175} INFO - Processing /home/airflow/.local/lib/python3.7/site-packages/airflow/example_dags/example_branch_operator.py took 0.048 seconds
[2025-01-09T23:40:12.508+0000] {processor.py:153} INFO - Started process (PID=1451) to work on /home/airflow/.local/lib/python3.7/site-packages/airflow/example_dags/example_branch_operator.py
[2025-01-09T23:40:12.508+0000] {processor.py:743} INFO - Processing file /home/airflow/.local/lib/python3.7/site-packages/airflow/example_dags/example_branch_operator.py for tasks to queue
[2025-01-09T23:40:12.509+0000] {logging_mixin.py:137} INFO - [2025-01-09T23:40:12.508+0000] {dagbag.py:538} INFO - Filling up the DagBag from /home/airflow/.local/lib/python3.7/site-packages/airflow/example_dags/example_branch_operator.py
[2025-01-09T23:40:12.515+0000] {processor.py:753} INFO - DAG(s) dict_keys(['example_branch_operator']) retrieved from /home/airflow/.local/lib/python3.7/site-packages/airflow/example_dags/example_branch_operator.py
[2025-01-09T23:40:12.526+0000] {logging_mixin.py:137} INFO - [2025-01-09T23:40:12.526+0000] {dag.py:2690} INFO - Sync 1 DAGs
[2025-01-09T23:40:12.538+0000] {logging_mixin.py:137} INFO - [2025-01-09T23:40:12.538+0000] {dag.py:3441} INFO - Setting next_dagrun for example_branch_operator to 2025-01-08T00:00:00+00:00, run_after=2025-01-09T00:00:00+00:00
[2025-01-09T23:40:12.546+0000] {processor.py:175} INFO - Processing /home/airflow/.local/lib/python3.7/site-packages/airflow/example_dags/example_branch_operator.py took 0.040 seconds
[2025-01-09T23:40:42.907+0000] {processor.py:153} INFO - Started process (PID=1542) to work on /home/airflow/.local/lib/python3.7/site-packages/airflow/example_dags/example_branch_operator.py
[2025-01-09T23:40:42.907+0000] {processor.py:743} INFO - Processing file /home/airflow/.local/lib/python3.7/site-packages/airflow/example_dags/example_branch_operator.py for tasks to queue
[2025-01-09T23:40:42.908+0000] {logging_mixin.py:137} INFO - [2025-01-09T23:40:42.907+0000] {dagbag.py:538} INFO - Filling up the DagBag from /home/airflow/.local/lib/python3.7/site-packages/airflow/example_dags/example_branch_operator.py
[2025-01-09T23:40:42.914+0000] {processor.py:753} INFO - DAG(s) dict_keys(['example_branch_operator']) retrieved from /home/airflow/.local/lib/python3.7/site-packages/airflow/example_dags/example_branch_operator.py
[2025-01-09T23:40:42.924+0000] {logging_mixin.py:137} INFO - [2025-01-09T23:40:42.924+0000] {dag.py:2690} INFO - Sync 1 DAGs
[2025-01-09T23:40:42.937+0000] {logging_mixin.py:137} INFO - [2025-01-09T23:40:42.937+0000] {dag.py:3441} INFO - Setting next_dagrun for example_branch_operator to 2025-01-08T00:00:00+00:00, run_after=2025-01-09T00:00:00+00:00
[2025-01-09T23:40:42.945+0000] {processor.py:175} INFO - Processing /home/airflow/.local/lib/python3.7/site-packages/airflow/example_dags/example_branch_operator.py took 0.039 seconds
[2025-01-09T23:41:13.412+0000] {processor.py:153} INFO - Started process (PID=1633) to work on /home/airflow/.local/lib/python3.7/site-packages/airflow/example_dags/example_branch_operator.py
[2025-01-09T23:41:13.413+0000] {processor.py:743} INFO - Processing file /home/airflow/.local/lib/python3.7/site-packages/airflow/example_dags/example_branch_operator.py for tasks to queue
[2025-01-09T23:41:13.413+0000] {logging_mixin.py:137} INFO - [2025-01-09T23:41:13.413+0000] {dagbag.py:538} INFO - Filling up the DagBag from /home/airflow/.local/lib/python3.7/site-packages/airflow/example_dags/example_branch_operator.py
[2025-01-09T23:41:13.419+0000] {processor.py:753} INFO - DAG(s) dict_keys(['example_branch_operator']) retrieved from /home/airflow/.local/lib/python3.7/site-packages/airflow/example_dags/example_branch_operator.py
[2025-01-09T23:41:13.430+0000] {logging_mixin.py:137} INFO - [2025-01-09T23:41:13.430+0000] {dag.py:2690} INFO - Sync 1 DAGs
[2025-01-09T23:41:13.442+0000] {logging_mixin.py:137} INFO - [2025-01-09T23:41:13.442+0000] {dag.py:3441} INFO - Setting next_dagrun for example_branch_operator to 2025-01-08T00:00:00+00:00, run_after=2025-01-09T00:00:00+00:00
[2025-01-09T23:41:13.450+0000] {processor.py:175} INFO - Processing /home/airflow/.local/lib/python3.7/site-packages/airflow/example_dags/example_branch_operator.py took 0.039 seconds
[2025-01-09T23:41:44.096+0000] {processor.py:153} INFO - Started process (PID=1724) to work on /home/airflow/.local/lib/python3.7/site-packages/airflow/example_dags/example_branch_operator.py
[2025-01-09T23:41:44.097+0000] {processor.py:743} INFO - Processing file /home/airflow/.local/lib/python3.7/site-packages/airflow/example_dags/example_branch_operator.py for tasks to queue
[2025-01-09T23:41:44.098+0000] {logging_mixin.py:137} INFO - [2025-01-09T23:41:44.098+0000] {dagbag.py:538} INFO - Filling up the DagBag from /home/airflow/.local/lib/python3.7/site-packages/airflow/example_dags/example_branch_operator.py
[2025-01-09T23:41:44.105+0000] {processor.py:753} INFO - DAG(s) dict_keys(['example_branch_operator']) retrieved from /home/airflow/.local/lib/python3.7/site-packages/airflow/example_dags/example_branch_operator.py
[2025-01-09T23:41:44.119+0000] {logging_mixin.py:137} INFO - [2025-01-09T23:41:44.119+0000] {dag.py:2690} INFO - Sync 1 DAGs
[2025-01-09T23:41:44.131+0000] {logging_mixin.py:137} INFO - [2025-01-09T23:41:44.131+0000] {dag.py:3441} INFO - Setting next_dagrun for example_branch_operator to 2025-01-08T00:00:00+00:00, run_after=2025-01-09T00:00:00+00:00
[2025-01-09T23:41:44.141+0000] {processor.py:175} INFO - Processing /home/airflow/.local/lib/python3.7/site-packages/airflow/example_dags/example_branch_operator.py took 0.047 seconds
[2025-01-09T23:42:14.550+0000] {processor.py:153} INFO - Started process (PID=1799) to work on /home/airflow/.local/lib/python3.7/site-packages/airflow/example_dags/example_branch_operator.py
[2025-01-09T23:42:14.552+0000] {processor.py:743} INFO - Processing file /home/airflow/.local/lib/python3.7/site-packages/airflow/example_dags/example_branch_operator.py for tasks to queue
[2025-01-09T23:42:14.552+0000] {logging_mixin.py:137} INFO - [2025-01-09T23:42:14.552+0000] {dagbag.py:538} INFO - Filling up the DagBag from /home/airflow/.local/lib/python3.7/site-packages/airflow/example_dags/example_branch_operator.py
[2025-01-09T23:42:14.558+0000] {processor.py:753} INFO - DAG(s) dict_keys(['example_branch_operator']) retrieved from /home/airflow/.local/lib/python3.7/site-packages/airflow/example_dags/example_branch_operator.py
[2025-01-09T23:42:14.569+0000] {logging_mixin.py:137} INFO - [2025-01-09T23:42:14.569+0000] {dag.py:2690} INFO - Sync 1 DAGs
[2025-01-09T23:42:14.582+0000] {logging_mixin.py:137} INFO - [2025-01-09T23:42:14.582+0000] {dag.py:3441} INFO - Setting next_dagrun for example_branch_operator to 2025-01-08T00:00:00+00:00, run_after=2025-01-09T00:00:00+00:00
[2025-01-09T23:42:14.591+0000] {processor.py:175} INFO - Processing /home/airflow/.local/lib/python3.7/site-packages/airflow/example_dags/example_branch_operator.py took 0.043 seconds
[2025-01-09T23:42:45.107+0000] {processor.py:153} INFO - Started process (PID=1891) to work on /home/airflow/.local/lib/python3.7/site-packages/airflow/example_dags/example_branch_operator.py
[2025-01-09T23:42:45.108+0000] {processor.py:743} INFO - Processing file /home/airflow/.local/lib/python3.7/site-packages/airflow/example_dags/example_branch_operator.py for tasks to queue
[2025-01-09T23:42:45.108+0000] {logging_mixin.py:137} INFO - [2025-01-09T23:42:45.108+0000] {dagbag.py:538} INFO - Filling up the DagBag from /home/airflow/.local/lib/python3.7/site-packages/airflow/example_dags/example_branch_operator.py
[2025-01-09T23:42:45.120+0000] {processor.py:753} INFO - DAG(s) dict_keys(['example_branch_operator']) retrieved from /home/airflow/.local/lib/python3.7/site-packages/airflow/example_dags/example_branch_operator.py
[2025-01-09T23:42:45.135+0000] {logging_mixin.py:137} INFO - [2025-01-09T23:42:45.135+0000] {dag.py:2690} INFO - Sync 1 DAGs
[2025-01-09T23:42:45.160+0000] {logging_mixin.py:137} INFO - [2025-01-09T23:42:45.160+0000] {dag.py:3441} INFO - Setting next_dagrun for example_branch_operator to 2025-01-08T00:00:00+00:00, run_after=2025-01-09T00:00:00+00:00
[2025-01-09T23:42:45.180+0000] {processor.py:175} INFO - Processing /home/airflow/.local/lib/python3.7/site-packages/airflow/example_dags/example_branch_operator.py took 0.075 seconds
[2025-01-09T23:43:15.803+0000] {processor.py:153} INFO - Started process (PID=1982) to work on /home/airflow/.local/lib/python3.7/site-packages/airflow/example_dags/example_branch_operator.py
[2025-01-09T23:43:15.807+0000] {processor.py:743} INFO - Processing file /home/airflow/.local/lib/python3.7/site-packages/airflow/example_dags/example_branch_operator.py for tasks to queue
[2025-01-09T23:43:15.808+0000] {logging_mixin.py:137} INFO - [2025-01-09T23:43:15.808+0000] {dagbag.py:538} INFO - Filling up the DagBag from /home/airflow/.local/lib/python3.7/site-packages/airflow/example_dags/example_branch_operator.py
[2025-01-09T23:43:15.815+0000] {processor.py:753} INFO - DAG(s) dict_keys(['example_branch_operator']) retrieved from /home/airflow/.local/lib/python3.7/site-packages/airflow/example_dags/example_branch_operator.py
[2025-01-09T23:43:15.829+0000] {logging_mixin.py:137} INFO - [2025-01-09T23:43:15.829+0000] {dag.py:2690} INFO - Sync 1 DAGs
[2025-01-09T23:43:15.840+0000] {logging_mixin.py:137} INFO - [2025-01-09T23:43:15.840+0000] {dag.py:3441} INFO - Setting next_dagrun for example_branch_operator to 2025-01-08T00:00:00+00:00, run_after=2025-01-09T00:00:00+00:00
[2025-01-09T23:43:15.853+0000] {processor.py:175} INFO - Processing /home/airflow/.local/lib/python3.7/site-packages/airflow/example_dags/example_branch_operator.py took 0.051 seconds
[2025-01-09T23:43:46.344+0000] {processor.py:153} INFO - Started process (PID=2073) to work on /home/airflow/.local/lib/python3.7/site-packages/airflow/example_dags/example_branch_operator.py
[2025-01-09T23:43:46.345+0000] {processor.py:743} INFO - Processing file /home/airflow/.local/lib/python3.7/site-packages/airflow/example_dags/example_branch_operator.py for tasks to queue
[2025-01-09T23:43:46.345+0000] {logging_mixin.py:137} INFO - [2025-01-09T23:43:46.345+0000] {dagbag.py:538} INFO - Filling up the DagBag from /home/airflow/.local/lib/python3.7/site-packages/airflow/example_dags/example_branch_operator.py
[2025-01-09T23:43:46.352+0000] {processor.py:753} INFO - DAG(s) dict_keys(['example_branch_operator']) retrieved from /home/airflow/.local/lib/python3.7/site-packages/airflow/example_dags/example_branch_operator.py
[2025-01-09T23:43:46.374+0000] {logging_mixin.py:137} INFO - [2025-01-09T23:43:46.374+0000] {dag.py:2690} INFO - Sync 1 DAGs
[2025-01-09T23:43:46.385+0000] {logging_mixin.py:137} INFO - [2025-01-09T23:43:46.385+0000] {dag.py:3441} INFO - Setting next_dagrun for example_branch_operator to 2025-01-08T00:00:00+00:00, run_after=2025-01-09T00:00:00+00:00
[2025-01-09T23:43:46.396+0000] {processor.py:175} INFO - Processing /home/airflow/.local/lib/python3.7/site-packages/airflow/example_dags/example_branch_operator.py took 0.054 seconds
[2025-01-09T23:44:16.932+0000] {processor.py:153} INFO - Started process (PID=2148) to work on /home/airflow/.local/lib/python3.7/site-packages/airflow/example_dags/example_branch_operator.py
[2025-01-09T23:44:16.935+0000] {processor.py:743} INFO - Processing file /home/airflow/.local/lib/python3.7/site-packages/airflow/example_dags/example_branch_operator.py for tasks to queue
[2025-01-09T23:44:16.936+0000] {logging_mixin.py:137} INFO - [2025-01-09T23:44:16.936+0000] {dagbag.py:538} INFO - Filling up the DagBag from /home/airflow/.local/lib/python3.7/site-packages/airflow/example_dags/example_branch_operator.py
[2025-01-09T23:44:16.942+0000] {processor.py:753} INFO - DAG(s) dict_keys(['example_branch_operator']) retrieved from /home/airflow/.local/lib/python3.7/site-packages/airflow/example_dags/example_branch_operator.py
[2025-01-09T23:44:16.957+0000] {logging_mixin.py:137} INFO - [2025-01-09T23:44:16.956+0000] {dag.py:2690} INFO - Sync 1 DAGs
[2025-01-09T23:44:16.969+0000] {logging_mixin.py:137} INFO - [2025-01-09T23:44:16.969+0000] {dag.py:3441} INFO - Setting next_dagrun for example_branch_operator to 2025-01-08T00:00:00+00:00, run_after=2025-01-09T00:00:00+00:00
[2025-01-09T23:44:16.978+0000] {processor.py:175} INFO - Processing /home/airflow/.local/lib/python3.7/site-packages/airflow/example_dags/example_branch_operator.py took 0.047 seconds
[2025-01-09T23:44:47.512+0000] {processor.py:153} INFO - Started process (PID=2239) to work on /home/airflow/.local/lib/python3.7/site-packages/airflow/example_dags/example_branch_operator.py
[2025-01-09T23:44:47.514+0000] {processor.py:743} INFO - Processing file /home/airflow/.local/lib/python3.7/site-packages/airflow/example_dags/example_branch_operator.py for tasks to queue
[2025-01-09T23:44:47.514+0000] {logging_mixin.py:137} INFO - [2025-01-09T23:44:47.514+0000] {dagbag.py:538} INFO - Filling up the DagBag from /home/airflow/.local/lib/python3.7/site-packages/airflow/example_dags/example_branch_operator.py
[2025-01-09T23:44:47.521+0000] {processor.py:753} INFO - DAG(s) dict_keys(['example_branch_operator']) retrieved from /home/airflow/.local/lib/python3.7/site-packages/airflow/example_dags/example_branch_operator.py
[2025-01-09T23:44:47.536+0000] {logging_mixin.py:137} INFO - [2025-01-09T23:44:47.536+0000] {dag.py:2690} INFO - Sync 1 DAGs
[2025-01-09T23:44:47.547+0000] {logging_mixin.py:137} INFO - [2025-01-09T23:44:47.546+0000] {dag.py:3441} INFO - Setting next_dagrun for example_branch_operator to 2025-01-08T00:00:00+00:00, run_after=2025-01-09T00:00:00+00:00
[2025-01-09T23:44:47.554+0000] {processor.py:175} INFO - Processing /home/airflow/.local/lib/python3.7/site-packages/airflow/example_dags/example_branch_operator.py took 0.043 seconds
[2025-01-09T23:45:17.919+0000] {processor.py:153} INFO - Started process (PID=2330) to work on /home/airflow/.local/lib/python3.7/site-packages/airflow/example_dags/example_branch_operator.py
[2025-01-09T23:45:17.920+0000] {processor.py:743} INFO - Processing file /home/airflow/.local/lib/python3.7/site-packages/airflow/example_dags/example_branch_operator.py for tasks to queue
[2025-01-09T23:45:17.920+0000] {logging_mixin.py:137} INFO - [2025-01-09T23:45:17.920+0000] {dagbag.py:538} INFO - Filling up the DagBag from /home/airflow/.local/lib/python3.7/site-packages/airflow/example_dags/example_branch_operator.py
[2025-01-09T23:45:17.929+0000] {processor.py:753} INFO - DAG(s) dict_keys(['example_branch_operator']) retrieved from /home/airflow/.local/lib/python3.7/site-packages/airflow/example_dags/example_branch_operator.py
[2025-01-09T23:45:17.941+0000] {logging_mixin.py:137} INFO - [2025-01-09T23:45:17.941+0000] {dag.py:2690} INFO - Sync 1 DAGs
[2025-01-09T23:45:17.952+0000] {logging_mixin.py:137} INFO - [2025-01-09T23:45:17.952+0000] {dag.py:3441} INFO - Setting next_dagrun for example_branch_operator to 2025-01-08T00:00:00+00:00, run_after=2025-01-09T00:00:00+00:00
[2025-01-09T23:45:17.964+0000] {processor.py:175} INFO - Processing /home/airflow/.local/lib/python3.7/site-packages/airflow/example_dags/example_branch_operator.py took 0.046 seconds
[2025-01-09T23:45:48.406+0000] {processor.py:153} INFO - Started process (PID=2421) to work on /home/airflow/.local/lib/python3.7/site-packages/airflow/example_dags/example_branch_operator.py
[2025-01-09T23:45:48.409+0000] {processor.py:743} INFO - Processing file /home/airflow/.local/lib/python3.7/site-packages/airflow/example_dags/example_branch_operator.py for tasks to queue
[2025-01-09T23:45:48.410+0000] {logging_mixin.py:137} INFO - [2025-01-09T23:45:48.410+0000] {dagbag.py:538} INFO - Filling up the DagBag from /home/airflow/.local/lib/python3.7/site-packages/airflow/example_dags/example_branch_operator.py
[2025-01-09T23:45:48.417+0000] {processor.py:753} INFO - DAG(s) dict_keys(['example_branch_operator']) retrieved from /home/airflow/.local/lib/python3.7/site-packages/airflow/example_dags/example_branch_operator.py
[2025-01-09T23:45:48.431+0000] {logging_mixin.py:137} INFO - [2025-01-09T23:45:48.431+0000] {dag.py:2690} INFO - Sync 1 DAGs
[2025-01-09T23:45:48.443+0000] {logging_mixin.py:137} INFO - [2025-01-09T23:45:48.443+0000] {dag.py:3441} INFO - Setting next_dagrun for example_branch_operator to 2025-01-08T00:00:00+00:00, run_after=2025-01-09T00:00:00+00:00
[2025-01-09T23:45:48.453+0000] {processor.py:175} INFO - Processing /home/airflow/.local/lib/python3.7/site-packages/airflow/example_dags/example_branch_operator.py took 0.049 seconds
[2025-01-09T23:46:18.763+0000] {processor.py:153} INFO - Started process (PID=2495) to work on /home/airflow/.local/lib/python3.7/site-packages/airflow/example_dags/example_branch_operator.py
[2025-01-09T23:46:18.763+0000] {processor.py:743} INFO - Processing file /home/airflow/.local/lib/python3.7/site-packages/airflow/example_dags/example_branch_operator.py for tasks to queue
[2025-01-09T23:46:18.764+0000] {logging_mixin.py:137} INFO - [2025-01-09T23:46:18.764+0000] {dagbag.py:538} INFO - Filling up the DagBag from /home/airflow/.local/lib/python3.7/site-packages/airflow/example_dags/example_branch_operator.py
[2025-01-09T23:46:18.771+0000] {processor.py:753} INFO - DAG(s) dict_keys(['example_branch_operator']) retrieved from /home/airflow/.local/lib/python3.7/site-packages/airflow/example_dags/example_branch_operator.py
[2025-01-09T23:46:18.782+0000] {logging_mixin.py:137} INFO - [2025-01-09T23:46:18.782+0000] {dag.py:2690} INFO - Sync 1 DAGs
[2025-01-09T23:46:18.793+0000] {logging_mixin.py:137} INFO - [2025-01-09T23:46:18.793+0000] {dag.py:3441} INFO - Setting next_dagrun for example_branch_operator to 2025-01-08T00:00:00+00:00, run_after=2025-01-09T00:00:00+00:00
[2025-01-09T23:46:18.805+0000] {processor.py:175} INFO - Processing /home/airflow/.local/lib/python3.7/site-packages/airflow/example_dags/example_branch_operator.py took 0.043 seconds
[2025-01-09T23:46:49.308+0000] {processor.py:153} INFO - Started process (PID=2585) to work on /home/airflow/.local/lib/python3.7/site-packages/airflow/example_dags/example_branch_operator.py
[2025-01-09T23:46:49.308+0000] {processor.py:743} INFO - Processing file /home/airflow/.local/lib/python3.7/site-packages/airflow/example_dags/example_branch_operator.py for tasks to queue
[2025-01-09T23:46:49.309+0000] {logging_mixin.py:137} INFO - [2025-01-09T23:46:49.309+0000] {dagbag.py:538} INFO - Filling up the DagBag from /home/airflow/.local/lib/python3.7/site-packages/airflow/example_dags/example_branch_operator.py
[2025-01-09T23:46:49.315+0000] {processor.py:753} INFO - DAG(s) dict_keys(['example_branch_operator']) retrieved from /home/airflow/.local/lib/python3.7/site-packages/airflow/example_dags/example_branch_operator.py
[2025-01-09T23:46:49.326+0000] {logging_mixin.py:137} INFO - [2025-01-09T23:46:49.326+0000] {dag.py:2690} INFO - Sync 1 DAGs
[2025-01-09T23:46:49.338+0000] {logging_mixin.py:137} INFO - [2025-01-09T23:46:49.338+0000] {dag.py:3441} INFO - Setting next_dagrun for example_branch_operator to 2025-01-08T00:00:00+00:00, run_after=2025-01-09T00:00:00+00:00
[2025-01-09T23:46:49.346+0000] {processor.py:175} INFO - Processing /home/airflow/.local/lib/python3.7/site-packages/airflow/example_dags/example_branch_operator.py took 0.040 seconds
[2025-01-09T23:47:19.757+0000] {processor.py:153} INFO - Started process (PID=2676) to work on /home/airflow/.local/lib/python3.7/site-packages/airflow/example_dags/example_branch_operator.py
[2025-01-09T23:47:19.758+0000] {processor.py:743} INFO - Processing file /home/airflow/.local/lib/python3.7/site-packages/airflow/example_dags/example_branch_operator.py for tasks to queue
[2025-01-09T23:47:19.759+0000] {logging_mixin.py:137} INFO - [2025-01-09T23:47:19.759+0000] {dagbag.py:538} INFO - Filling up the DagBag from /home/airflow/.local/lib/python3.7/site-packages/airflow/example_dags/example_branch_operator.py
[2025-01-09T23:47:19.765+0000] {processor.py:753} INFO - DAG(s) dict_keys(['example_branch_operator']) retrieved from /home/airflow/.local/lib/python3.7/site-packages/airflow/example_dags/example_branch_operator.py
[2025-01-09T23:47:19.779+0000] {logging_mixin.py:137} INFO - [2025-01-09T23:47:19.779+0000] {dag.py:2690} INFO - Sync 1 DAGs
[2025-01-09T23:47:19.790+0000] {logging_mixin.py:137} INFO - [2025-01-09T23:47:19.790+0000] {dag.py:3441} INFO - Setting next_dagrun for example_branch_operator to 2025-01-08T00:00:00+00:00, run_after=2025-01-09T00:00:00+00:00
[2025-01-09T23:47:19.801+0000] {processor.py:175} INFO - Processing /home/airflow/.local/lib/python3.7/site-packages/airflow/example_dags/example_branch_operator.py took 0.046 seconds
[2025-01-09T23:47:50.228+0000] {processor.py:153} INFO - Started process (PID=2767) to work on /home/airflow/.local/lib/python3.7/site-packages/airflow/example_dags/example_branch_operator.py
[2025-01-09T23:47:50.229+0000] {processor.py:743} INFO - Processing file /home/airflow/.local/lib/python3.7/site-packages/airflow/example_dags/example_branch_operator.py for tasks to queue
[2025-01-09T23:47:50.230+0000] {logging_mixin.py:137} INFO - [2025-01-09T23:47:50.230+0000] {dagbag.py:538} INFO - Filling up the DagBag from /home/airflow/.local/lib/python3.7/site-packages/airflow/example_dags/example_branch_operator.py
[2025-01-09T23:47:50.237+0000] {processor.py:753} INFO - DAG(s) dict_keys(['example_branch_operator']) retrieved from /home/airflow/.local/lib/python3.7/site-packages/airflow/example_dags/example_branch_operator.py
[2025-01-09T23:47:50.249+0000] {logging_mixin.py:137} INFO - [2025-01-09T23:47:50.249+0000] {dag.py:2690} INFO - Sync 1 DAGs
[2025-01-09T23:47:50.260+0000] {logging_mixin.py:137} INFO - [2025-01-09T23:47:50.260+0000] {dag.py:3441} INFO - Setting next_dagrun for example_branch_operator to 2025-01-08T00:00:00+00:00, run_after=2025-01-09T00:00:00+00:00
[2025-01-09T23:47:50.273+0000] {processor.py:175} INFO - Processing /home/airflow/.local/lib/python3.7/site-packages/airflow/example_dags/example_branch_operator.py took 0.047 seconds
[2025-01-09T23:48:20.859+0000] {processor.py:153} INFO - Started process (PID=2858) to work on /home/airflow/.local/lib/python3.7/site-packages/airflow/example_dags/example_branch_operator.py
[2025-01-09T23:48:20.860+0000] {processor.py:743} INFO - Processing file /home/airflow/.local/lib/python3.7/site-packages/airflow/example_dags/example_branch_operator.py for tasks to queue
[2025-01-09T23:48:20.861+0000] {logging_mixin.py:137} INFO - [2025-01-09T23:48:20.861+0000] {dagbag.py:538} INFO - Filling up the DagBag from /home/airflow/.local/lib/python3.7/site-packages/airflow/example_dags/example_branch_operator.py
[2025-01-09T23:48:20.868+0000] {processor.py:753} INFO - DAG(s) dict_keys(['example_branch_operator']) retrieved from /home/airflow/.local/lib/python3.7/site-packages/airflow/example_dags/example_branch_operator.py
[2025-01-09T23:48:20.889+0000] {logging_mixin.py:137} INFO - [2025-01-09T23:48:20.889+0000] {dag.py:2690} INFO - Sync 1 DAGs
[2025-01-09T23:48:20.903+0000] {logging_mixin.py:137} INFO - [2025-01-09T23:48:20.903+0000] {dag.py:3441} INFO - Setting next_dagrun for example_branch_operator to 2025-01-08T00:00:00+00:00, run_after=2025-01-09T00:00:00+00:00
[2025-01-09T23:48:20.914+0000] {processor.py:175} INFO - Processing /home/airflow/.local/lib/python3.7/site-packages/airflow/example_dags/example_branch_operator.py took 0.057 seconds
[2025-01-09T23:48:51.359+0000] {processor.py:153} INFO - Started process (PID=2933) to work on /home/airflow/.local/lib/python3.7/site-packages/airflow/example_dags/example_branch_operator.py
[2025-01-09T23:48:51.362+0000] {processor.py:743} INFO - Processing file /home/airflow/.local/lib/python3.7/site-packages/airflow/example_dags/example_branch_operator.py for tasks to queue
[2025-01-09T23:48:51.363+0000] {logging_mixin.py:137} INFO - [2025-01-09T23:48:51.363+0000] {dagbag.py:538} INFO - Filling up the DagBag from /home/airflow/.local/lib/python3.7/site-packages/airflow/example_dags/example_branch_operator.py
[2025-01-09T23:48:51.370+0000] {processor.py:753} INFO - DAG(s) dict_keys(['example_branch_operator']) retrieved from /home/airflow/.local/lib/python3.7/site-packages/airflow/example_dags/example_branch_operator.py
[2025-01-09T23:48:51.380+0000] {logging_mixin.py:137} INFO - [2025-01-09T23:48:51.380+0000] {dag.py:2690} INFO - Sync 1 DAGs
[2025-01-09T23:48:51.390+0000] {logging_mixin.py:137} INFO - [2025-01-09T23:48:51.390+0000] {dag.py:3441} INFO - Setting next_dagrun for example_branch_operator to 2025-01-08T00:00:00+00:00, run_after=2025-01-09T00:00:00+00:00
[2025-01-09T23:48:51.397+0000] {processor.py:175} INFO - Processing /home/airflow/.local/lib/python3.7/site-packages/airflow/example_dags/example_branch_operator.py took 0.040 seconds
[2025-01-09T23:49:21.777+0000] {processor.py:153} INFO - Started process (PID=3024) to work on /home/airflow/.local/lib/python3.7/site-packages/airflow/example_dags/example_branch_operator.py
[2025-01-09T23:49:21.777+0000] {processor.py:743} INFO - Processing file /home/airflow/.local/lib/python3.7/site-packages/airflow/example_dags/example_branch_operator.py for tasks to queue
[2025-01-09T23:49:21.779+0000] {logging_mixin.py:137} INFO - [2025-01-09T23:49:21.779+0000] {dagbag.py:538} INFO - Filling up the DagBag from /home/airflow/.local/lib/python3.7/site-packages/airflow/example_dags/example_branch_operator.py
[2025-01-09T23:49:21.786+0000] {processor.py:753} INFO - DAG(s) dict_keys(['example_branch_operator']) retrieved from /home/airflow/.local/lib/python3.7/site-packages/airflow/example_dags/example_branch_operator.py
[2025-01-09T23:49:21.800+0000] {logging_mixin.py:137} INFO - [2025-01-09T23:49:21.800+0000] {dag.py:2690} INFO - Sync 1 DAGs
[2025-01-09T23:49:21.813+0000] {logging_mixin.py:137} INFO - [2025-01-09T23:49:21.813+0000] {dag.py:3441} INFO - Setting next_dagrun for example_branch_operator to 2025-01-08T00:00:00+00:00, run_after=2025-01-09T00:00:00+00:00
[2025-01-09T23:49:21.820+0000] {processor.py:175} INFO - Processing /home/airflow/.local/lib/python3.7/site-packages/airflow/example_dags/example_branch_operator.py took 0.045 seconds
[2025-01-09T23:49:52.270+0000] {processor.py:153} INFO - Started process (PID=3115) to work on /home/airflow/.local/lib/python3.7/site-packages/airflow/example_dags/example_branch_operator.py
[2025-01-09T23:49:52.272+0000] {processor.py:743} INFO - Processing file /home/airflow/.local/lib/python3.7/site-packages/airflow/example_dags/example_branch_operator.py for tasks to queue
[2025-01-09T23:49:52.276+0000] {logging_mixin.py:137} INFO - [2025-01-09T23:49:52.276+0000] {dagbag.py:538} INFO - Filling up the DagBag from /home/airflow/.local/lib/python3.7/site-packages/airflow/example_dags/example_branch_operator.py
[2025-01-09T23:49:52.284+0000] {processor.py:753} INFO - DAG(s) dict_keys(['example_branch_operator']) retrieved from /home/airflow/.local/lib/python3.7/site-packages/airflow/example_dags/example_branch_operator.py
[2025-01-09T23:49:52.299+0000] {logging_mixin.py:137} INFO - [2025-01-09T23:49:52.299+0000] {dag.py:2690} INFO - Sync 1 DAGs
[2025-01-09T23:49:52.310+0000] {logging_mixin.py:137} INFO - [2025-01-09T23:49:52.310+0000] {dag.py:3441} INFO - Setting next_dagrun for example_branch_operator to 2025-01-08T00:00:00+00:00, run_after=2025-01-09T00:00:00+00:00
[2025-01-09T23:49:52.321+0000] {processor.py:175} INFO - Processing /home/airflow/.local/lib/python3.7/site-packages/airflow/example_dags/example_branch_operator.py took 0.052 seconds
[2025-01-09T23:50:22.795+0000] {processor.py:153} INFO - Started process (PID=3206) to work on /home/airflow/.local/lib/python3.7/site-packages/airflow/example_dags/example_branch_operator.py
[2025-01-09T23:50:22.795+0000] {processor.py:743} INFO - Processing file /home/airflow/.local/lib/python3.7/site-packages/airflow/example_dags/example_branch_operator.py for tasks to queue
[2025-01-09T23:50:22.795+0000] {logging_mixin.py:137} INFO - [2025-01-09T23:50:22.795+0000] {dagbag.py:538} INFO - Filling up the DagBag from /home/airflow/.local/lib/python3.7/site-packages/airflow/example_dags/example_branch_operator.py
[2025-01-09T23:50:22.803+0000] {processor.py:753} INFO - DAG(s) dict_keys(['example_branch_operator']) retrieved from /home/airflow/.local/lib/python3.7/site-packages/airflow/example_dags/example_branch_operator.py
[2025-01-09T23:50:22.815+0000] {logging_mixin.py:137} INFO - [2025-01-09T23:50:22.815+0000] {dag.py:2690} INFO - Sync 1 DAGs
[2025-01-09T23:50:22.829+0000] {logging_mixin.py:137} INFO - [2025-01-09T23:50:22.829+0000] {dag.py:3441} INFO - Setting next_dagrun for example_branch_operator to 2025-01-08T00:00:00+00:00, run_after=2025-01-09T00:00:00+00:00
[2025-01-09T23:50:22.841+0000] {processor.py:175} INFO - Processing /home/airflow/.local/lib/python3.7/site-packages/airflow/example_dags/example_branch_operator.py took 0.048 seconds
[2025-01-09T23:50:53.250+0000] {processor.py:153} INFO - Started process (PID=3281) to work on /home/airflow/.local/lib/python3.7/site-packages/airflow/example_dags/example_branch_operator.py
[2025-01-09T23:50:53.251+0000] {processor.py:743} INFO - Processing file /home/airflow/.local/lib/python3.7/site-packages/airflow/example_dags/example_branch_operator.py for tasks to queue
[2025-01-09T23:50:53.251+0000] {logging_mixin.py:137} INFO - [2025-01-09T23:50:53.251+0000] {dagbag.py:538} INFO - Filling up the DagBag from /home/airflow/.local/lib/python3.7/site-packages/airflow/example_dags/example_branch_operator.py
[2025-01-09T23:50:53.258+0000] {processor.py:753} INFO - DAG(s) dict_keys(['example_branch_operator']) retrieved from /home/airflow/.local/lib/python3.7/site-packages/airflow/example_dags/example_branch_operator.py
[2025-01-09T23:50:53.271+0000] {logging_mixin.py:137} INFO - [2025-01-09T23:50:53.271+0000] {dag.py:2690} INFO - Sync 1 DAGs
[2025-01-09T23:50:53.283+0000] {logging_mixin.py:137} INFO - [2025-01-09T23:50:53.282+0000] {dag.py:3441} INFO - Setting next_dagrun for example_branch_operator to 2025-01-08T00:00:00+00:00, run_after=2025-01-09T00:00:00+00:00
[2025-01-09T23:50:53.291+0000] {processor.py:175} INFO - Processing /home/airflow/.local/lib/python3.7/site-packages/airflow/example_dags/example_branch_operator.py took 0.042 seconds
[2025-01-09T23:51:23.665+0000] {processor.py:153} INFO - Started process (PID=3372) to work on /home/airflow/.local/lib/python3.7/site-packages/airflow/example_dags/example_branch_operator.py
[2025-01-09T23:51:23.665+0000] {processor.py:743} INFO - Processing file /home/airflow/.local/lib/python3.7/site-packages/airflow/example_dags/example_branch_operator.py for tasks to queue
[2025-01-09T23:51:23.666+0000] {logging_mixin.py:137} INFO - [2025-01-09T23:51:23.666+0000] {dagbag.py:538} INFO - Filling up the DagBag from /home/airflow/.local/lib/python3.7/site-packages/airflow/example_dags/example_branch_operator.py
[2025-01-09T23:51:23.673+0000] {processor.py:753} INFO - DAG(s) dict_keys(['example_branch_operator']) retrieved from /home/airflow/.local/lib/python3.7/site-packages/airflow/example_dags/example_branch_operator.py
[2025-01-09T23:51:23.683+0000] {logging_mixin.py:137} INFO - [2025-01-09T23:51:23.683+0000] {dag.py:2690} INFO - Sync 1 DAGs
[2025-01-09T23:51:23.694+0000] {logging_mixin.py:137} INFO - [2025-01-09T23:51:23.694+0000] {dag.py:3441} INFO - Setting next_dagrun for example_branch_operator to 2025-01-08T00:00:00+00:00, run_after=2025-01-09T00:00:00+00:00
[2025-01-09T23:51:23.702+0000] {processor.py:175} INFO - Processing /home/airflow/.local/lib/python3.7/site-packages/airflow/example_dags/example_branch_operator.py took 0.039 seconds
[2025-01-09T23:51:54.093+0000] {processor.py:153} INFO - Started process (PID=3463) to work on /home/airflow/.local/lib/python3.7/site-packages/airflow/example_dags/example_branch_operator.py
[2025-01-09T23:51:54.094+0000] {processor.py:743} INFO - Processing file /home/airflow/.local/lib/python3.7/site-packages/airflow/example_dags/example_branch_operator.py for tasks to queue
[2025-01-09T23:51:54.094+0000] {logging_mixin.py:137} INFO - [2025-01-09T23:51:54.094+0000] {dagbag.py:538} INFO - Filling up the DagBag from /home/airflow/.local/lib/python3.7/site-packages/airflow/example_dags/example_branch_operator.py
[2025-01-09T23:51:54.101+0000] {processor.py:753} INFO - DAG(s) dict_keys(['example_branch_operator']) retrieved from /home/airflow/.local/lib/python3.7/site-packages/airflow/example_dags/example_branch_operator.py
[2025-01-09T23:51:54.111+0000] {logging_mixin.py:137} INFO - [2025-01-09T23:51:54.111+0000] {dag.py:2690} INFO - Sync 1 DAGs
[2025-01-09T23:51:54.123+0000] {logging_mixin.py:137} INFO - [2025-01-09T23:51:54.122+0000] {dag.py:3441} INFO - Setting next_dagrun for example_branch_operator to 2025-01-08T00:00:00+00:00, run_after=2025-01-09T00:00:00+00:00
[2025-01-09T23:51:54.130+0000] {processor.py:175} INFO - Processing /home/airflow/.local/lib/python3.7/site-packages/airflow/example_dags/example_branch_operator.py took 0.039 seconds
[2025-01-09T23:52:24.722+0000] {processor.py:153} INFO - Started process (PID=3554) to work on /home/airflow/.local/lib/python3.7/site-packages/airflow/example_dags/example_branch_operator.py
[2025-01-09T23:52:24.723+0000] {processor.py:743} INFO - Processing file /home/airflow/.local/lib/python3.7/site-packages/airflow/example_dags/example_branch_operator.py for tasks to queue
[2025-01-09T23:52:24.724+0000] {logging_mixin.py:137} INFO - [2025-01-09T23:52:24.724+0000] {dagbag.py:538} INFO - Filling up the DagBag from /home/airflow/.local/lib/python3.7/site-packages/airflow/example_dags/example_branch_operator.py
[2025-01-09T23:52:24.731+0000] {processor.py:753} INFO - DAG(s) dict_keys(['example_branch_operator']) retrieved from /home/airflow/.local/lib/python3.7/site-packages/airflow/example_dags/example_branch_operator.py
[2025-01-09T23:52:24.749+0000] {logging_mixin.py:137} INFO - [2025-01-09T23:52:24.749+0000] {dag.py:2690} INFO - Sync 1 DAGs
[2025-01-09T23:52:24.761+0000] {logging_mixin.py:137} INFO - [2025-01-09T23:52:24.761+0000] {dag.py:3441} INFO - Setting next_dagrun for example_branch_operator to 2025-01-08T00:00:00+00:00, run_after=2025-01-09T00:00:00+00:00
[2025-01-09T23:52:24.770+0000] {processor.py:175} INFO - Processing /home/airflow/.local/lib/python3.7/site-packages/airflow/example_dags/example_branch_operator.py took 0.050 seconds
[2025-01-09T23:52:55.331+0000] {processor.py:153} INFO - Started process (PID=3638) to work on /home/airflow/.local/lib/python3.7/site-packages/airflow/example_dags/example_branch_operator.py
[2025-01-09T23:52:55.331+0000] {processor.py:743} INFO - Processing file /home/airflow/.local/lib/python3.7/site-packages/airflow/example_dags/example_branch_operator.py for tasks to queue
[2025-01-09T23:52:55.332+0000] {logging_mixin.py:137} INFO - [2025-01-09T23:52:55.332+0000] {dagbag.py:538} INFO - Filling up the DagBag from /home/airflow/.local/lib/python3.7/site-packages/airflow/example_dags/example_branch_operator.py
[2025-01-09T23:52:55.339+0000] {processor.py:753} INFO - DAG(s) dict_keys(['example_branch_operator']) retrieved from /home/airflow/.local/lib/python3.7/site-packages/airflow/example_dags/example_branch_operator.py
[2025-01-09T23:52:55.351+0000] {logging_mixin.py:137} INFO - [2025-01-09T23:52:55.351+0000] {dag.py:2690} INFO - Sync 1 DAGs
[2025-01-09T23:52:55.365+0000] {logging_mixin.py:137} INFO - [2025-01-09T23:52:55.364+0000] {dag.py:3441} INFO - Setting next_dagrun for example_branch_operator to 2025-01-08T00:00:00+00:00, run_after=2025-01-09T00:00:00+00:00
[2025-01-09T23:52:55.377+0000] {processor.py:175} INFO - Processing /home/airflow/.local/lib/python3.7/site-packages/airflow/example_dags/example_branch_operator.py took 0.048 seconds
[2025-01-09T23:53:25.963+0000] {processor.py:153} INFO - Started process (PID=3720) to work on /home/airflow/.local/lib/python3.7/site-packages/airflow/example_dags/example_branch_operator.py
[2025-01-09T23:53:25.963+0000] {processor.py:743} INFO - Processing file /home/airflow/.local/lib/python3.7/site-packages/airflow/example_dags/example_branch_operator.py for tasks to queue
[2025-01-09T23:53:25.963+0000] {logging_mixin.py:137} INFO - [2025-01-09T23:53:25.963+0000] {dagbag.py:538} INFO - Filling up the DagBag from /home/airflow/.local/lib/python3.7/site-packages/airflow/example_dags/example_branch_operator.py
[2025-01-09T23:53:25.971+0000] {processor.py:753} INFO - DAG(s) dict_keys(['example_branch_operator']) retrieved from /home/airflow/.local/lib/python3.7/site-packages/airflow/example_dags/example_branch_operator.py
[2025-01-09T23:53:25.983+0000] {logging_mixin.py:137} INFO - [2025-01-09T23:53:25.983+0000] {dag.py:2690} INFO - Sync 1 DAGs
[2025-01-09T23:53:25.994+0000] {logging_mixin.py:137} INFO - [2025-01-09T23:53:25.994+0000] {dag.py:3441} INFO - Setting next_dagrun for example_branch_operator to 2025-01-08T00:00:00+00:00, run_after=2025-01-09T00:00:00+00:00
[2025-01-09T23:53:26.003+0000] {processor.py:175} INFO - Processing /home/airflow/.local/lib/python3.7/site-packages/airflow/example_dags/example_branch_operator.py took 0.042 seconds
[2025-01-09T23:53:56.460+0000] {processor.py:153} INFO - Started process (PID=3811) to work on /home/airflow/.local/lib/python3.7/site-packages/airflow/example_dags/example_branch_operator.py
[2025-01-09T23:53:56.461+0000] {processor.py:743} INFO - Processing file /home/airflow/.local/lib/python3.7/site-packages/airflow/example_dags/example_branch_operator.py for tasks to queue
[2025-01-09T23:53:56.462+0000] {logging_mixin.py:137} INFO - [2025-01-09T23:53:56.462+0000] {dagbag.py:538} INFO - Filling up the DagBag from /home/airflow/.local/lib/python3.7/site-packages/airflow/example_dags/example_branch_operator.py
[2025-01-09T23:53:56.469+0000] {processor.py:753} INFO - DAG(s) dict_keys(['example_branch_operator']) retrieved from /home/airflow/.local/lib/python3.7/site-packages/airflow/example_dags/example_branch_operator.py
[2025-01-09T23:53:56.480+0000] {logging_mixin.py:137} INFO - [2025-01-09T23:53:56.480+0000] {dag.py:2690} INFO - Sync 1 DAGs
[2025-01-09T23:53:56.492+0000] {logging_mixin.py:137} INFO - [2025-01-09T23:53:56.492+0000] {dag.py:3441} INFO - Setting next_dagrun for example_branch_operator to 2025-01-08T00:00:00+00:00, run_after=2025-01-09T00:00:00+00:00
[2025-01-09T23:53:56.499+0000] {processor.py:175} INFO - Processing /home/airflow/.local/lib/python3.7/site-packages/airflow/example_dags/example_branch_operator.py took 0.040 seconds
[2025-01-09T23:54:26.996+0000] {processor.py:153} INFO - Started process (PID=3902) to work on /home/airflow/.local/lib/python3.7/site-packages/airflow/example_dags/example_branch_operator.py
[2025-01-09T23:54:26.996+0000] {processor.py:743} INFO - Processing file /home/airflow/.local/lib/python3.7/site-packages/airflow/example_dags/example_branch_operator.py for tasks to queue
[2025-01-09T23:54:26.996+0000] {logging_mixin.py:137} INFO - [2025-01-09T23:54:26.996+0000] {dagbag.py:538} INFO - Filling up the DagBag from /home/airflow/.local/lib/python3.7/site-packages/airflow/example_dags/example_branch_operator.py
[2025-01-09T23:54:27.004+0000] {processor.py:753} INFO - DAG(s) dict_keys(['example_branch_operator']) retrieved from /home/airflow/.local/lib/python3.7/site-packages/airflow/example_dags/example_branch_operator.py
[2025-01-09T23:54:27.017+0000] {logging_mixin.py:137} INFO - [2025-01-09T23:54:27.017+0000] {dag.py:2690} INFO - Sync 1 DAGs
[2025-01-09T23:54:27.029+0000] {logging_mixin.py:137} INFO - [2025-01-09T23:54:27.029+0000] {dag.py:3441} INFO - Setting next_dagrun for example_branch_operator to 2025-01-08T00:00:00+00:00, run_after=2025-01-09T00:00:00+00:00
[2025-01-09T23:54:27.038+0000] {processor.py:175} INFO - Processing /home/airflow/.local/lib/python3.7/site-packages/airflow/example_dags/example_branch_operator.py took 0.044 seconds
[2025-01-09T23:54:57.614+0000] {processor.py:153} INFO - Started process (PID=3993) to work on /home/airflow/.local/lib/python3.7/site-packages/airflow/example_dags/example_branch_operator.py
[2025-01-09T23:54:57.615+0000] {processor.py:743} INFO - Processing file /home/airflow/.local/lib/python3.7/site-packages/airflow/example_dags/example_branch_operator.py for tasks to queue
[2025-01-09T23:54:57.615+0000] {logging_mixin.py:137} INFO - [2025-01-09T23:54:57.615+0000] {dagbag.py:538} INFO - Filling up the DagBag from /home/airflow/.local/lib/python3.7/site-packages/airflow/example_dags/example_branch_operator.py
[2025-01-09T23:54:57.622+0000] {processor.py:753} INFO - DAG(s) dict_keys(['example_branch_operator']) retrieved from /home/airflow/.local/lib/python3.7/site-packages/airflow/example_dags/example_branch_operator.py
[2025-01-09T23:54:57.633+0000] {logging_mixin.py:137} INFO - [2025-01-09T23:54:57.633+0000] {dag.py:2690} INFO - Sync 1 DAGs
[2025-01-09T23:54:57.646+0000] {logging_mixin.py:137} INFO - [2025-01-09T23:54:57.646+0000] {dag.py:3441} INFO - Setting next_dagrun for example_branch_operator to 2025-01-08T00:00:00+00:00, run_after=2025-01-09T00:00:00+00:00
[2025-01-09T23:54:57.653+0000] {processor.py:175} INFO - Processing /home/airflow/.local/lib/python3.7/site-packages/airflow/example_dags/example_branch_operator.py took 0.041 seconds
[2025-01-09T23:55:28.030+0000] {processor.py:153} INFO - Started process (PID=4067) to work on /home/airflow/.local/lib/python3.7/site-packages/airflow/example_dags/example_branch_operator.py
[2025-01-09T23:55:28.030+0000] {processor.py:743} INFO - Processing file /home/airflow/.local/lib/python3.7/site-packages/airflow/example_dags/example_branch_operator.py for tasks to queue
[2025-01-09T23:55:28.030+0000] {logging_mixin.py:137} INFO - [2025-01-09T23:55:28.030+0000] {dagbag.py:538} INFO - Filling up the DagBag from /home/airflow/.local/lib/python3.7/site-packages/airflow/example_dags/example_branch_operator.py
[2025-01-09T23:55:28.036+0000] {processor.py:753} INFO - DAG(s) dict_keys(['example_branch_operator']) retrieved from /home/airflow/.local/lib/python3.7/site-packages/airflow/example_dags/example_branch_operator.py
[2025-01-09T23:55:28.052+0000] {logging_mixin.py:137} INFO - [2025-01-09T23:55:28.052+0000] {dag.py:2690} INFO - Sync 1 DAGs
[2025-01-09T23:55:28.063+0000] {logging_mixin.py:137} INFO - [2025-01-09T23:55:28.063+0000] {dag.py:3441} INFO - Setting next_dagrun for example_branch_operator to 2025-01-08T00:00:00+00:00, run_after=2025-01-09T00:00:00+00:00
[2025-01-09T23:55:28.072+0000] {processor.py:175} INFO - Processing /home/airflow/.local/lib/python3.7/site-packages/airflow/example_dags/example_branch_operator.py took 0.043 seconds
