[2025-01-09T23:31:31.808+0000] {processor.py:153} INFO - Started process (PID=56) to work on /home/airflow/.local/lib/python3.7/site-packages/airflow/example_dags/example_sla_dag.py
[2025-01-09T23:31:31.811+0000] {processor.py:743} INFO - Processing file /home/airflow/.local/lib/python3.7/site-packages/airflow/example_dags/example_sla_dag.py for tasks to queue
[2025-01-09T23:31:31.812+0000] {logging_mixin.py:137} INFO - [2025-01-09T23:31:31.812+0000] {dagbag.py:538} INFO - Filling up the DagBag from /home/airflow/.local/lib/python3.7/site-packages/airflow/example_dags/example_sla_dag.py
[2025-01-09T23:31:31.826+0000] {processor.py:753} INFO - DAG(s) dict_keys(['example_sla_dag']) retrieved from /home/airflow/.local/lib/python3.7/site-packages/airflow/example_dags/example_sla_dag.py
[2025-01-09T23:31:31.841+0000] {logging_mixin.py:137} INFO - [2025-01-09T23:31:31.841+0000] {dag.py:2690} INFO - Sync 1 DAGs
[2025-01-09T23:31:31.863+0000] {logging_mixin.py:137} INFO - [2025-01-09T23:31:31.863+0000] {dag.py:3441} INFO - Setting next_dagrun for example_sla_dag to 2025-01-09T23:28:00+00:00, run_after=2025-01-09T23:30:00+00:00
[2025-01-09T23:31:31.880+0000] {processor.py:175} INFO - Processing /home/airflow/.local/lib/python3.7/site-packages/airflow/example_dags/example_sla_dag.py took 0.074 seconds
[2025-01-09T23:32:02.655+0000] {processor.py:153} INFO - Started process (PID=163) to work on /home/airflow/.local/lib/python3.7/site-packages/airflow/example_dags/example_sla_dag.py
[2025-01-09T23:32:02.656+0000] {processor.py:743} INFO - Processing file /home/airflow/.local/lib/python3.7/site-packages/airflow/example_dags/example_sla_dag.py for tasks to queue
[2025-01-09T23:32:02.656+0000] {logging_mixin.py:137} INFO - [2025-01-09T23:32:02.656+0000] {dagbag.py:538} INFO - Filling up the DagBag from /home/airflow/.local/lib/python3.7/site-packages/airflow/example_dags/example_sla_dag.py
[2025-01-09T23:32:02.665+0000] {processor.py:753} INFO - DAG(s) dict_keys(['example_sla_dag']) retrieved from /home/airflow/.local/lib/python3.7/site-packages/airflow/example_dags/example_sla_dag.py
[2025-01-09T23:32:02.676+0000] {logging_mixin.py:137} INFO - [2025-01-09T23:32:02.675+0000] {dag.py:2690} INFO - Sync 1 DAGs
[2025-01-09T23:32:02.688+0000] {logging_mixin.py:137} INFO - [2025-01-09T23:32:02.688+0000] {dag.py:3441} INFO - Setting next_dagrun for example_sla_dag to 2025-01-09T23:30:00+00:00, run_after=2025-01-09T23:32:00+00:00
[2025-01-09T23:32:02.702+0000] {processor.py:175} INFO - Processing /home/airflow/.local/lib/python3.7/site-packages/airflow/example_dags/example_sla_dag.py took 0.048 seconds
[2025-01-09T23:32:33.521+0000] {processor.py:153} INFO - Started process (PID=253) to work on /home/airflow/.local/lib/python3.7/site-packages/airflow/example_dags/example_sla_dag.py
[2025-01-09T23:32:33.524+0000] {processor.py:743} INFO - Processing file /home/airflow/.local/lib/python3.7/site-packages/airflow/example_dags/example_sla_dag.py for tasks to queue
[2025-01-09T23:32:33.526+0000] {logging_mixin.py:137} INFO - [2025-01-09T23:32:33.525+0000] {dagbag.py:538} INFO - Filling up the DagBag from /home/airflow/.local/lib/python3.7/site-packages/airflow/example_dags/example_sla_dag.py
[2025-01-09T23:32:33.554+0000] {processor.py:753} INFO - DAG(s) dict_keys(['example_sla_dag']) retrieved from /home/airflow/.local/lib/python3.7/site-packages/airflow/example_dags/example_sla_dag.py
[2025-01-09T23:32:33.585+0000] {logging_mixin.py:137} INFO - [2025-01-09T23:32:33.585+0000] {dag.py:2690} INFO - Sync 1 DAGs
[2025-01-09T23:32:33.605+0000] {logging_mixin.py:137} INFO - [2025-01-09T23:32:33.605+0000] {dag.py:3441} INFO - Setting next_dagrun for example_sla_dag to 2025-01-09T23:30:00+00:00, run_after=2025-01-09T23:32:00+00:00
[2025-01-09T23:32:33.618+0000] {processor.py:175} INFO - Processing /home/airflow/.local/lib/python3.7/site-packages/airflow/example_dags/example_sla_dag.py took 0.102 seconds
[2025-01-09T23:33:04.091+0000] {processor.py:153} INFO - Started process (PID=328) to work on /home/airflow/.local/lib/python3.7/site-packages/airflow/example_dags/example_sla_dag.py
[2025-01-09T23:33:04.091+0000] {processor.py:743} INFO - Processing file /home/airflow/.local/lib/python3.7/site-packages/airflow/example_dags/example_sla_dag.py for tasks to queue
[2025-01-09T23:33:04.091+0000] {logging_mixin.py:137} INFO - [2025-01-09T23:33:04.091+0000] {dagbag.py:538} INFO - Filling up the DagBag from /home/airflow/.local/lib/python3.7/site-packages/airflow/example_dags/example_sla_dag.py
[2025-01-09T23:33:04.100+0000] {processor.py:753} INFO - DAG(s) dict_keys(['example_sla_dag']) retrieved from /home/airflow/.local/lib/python3.7/site-packages/airflow/example_dags/example_sla_dag.py
[2025-01-09T23:33:04.109+0000] {logging_mixin.py:137} INFO - [2025-01-09T23:33:04.109+0000] {dag.py:2690} INFO - Sync 1 DAGs
[2025-01-09T23:33:04.122+0000] {logging_mixin.py:137} INFO - [2025-01-09T23:33:04.122+0000] {dag.py:3441} INFO - Setting next_dagrun for example_sla_dag to 2025-01-09T23:30:00+00:00, run_after=2025-01-09T23:32:00+00:00
[2025-01-09T23:33:04.133+0000] {processor.py:175} INFO - Processing /home/airflow/.local/lib/python3.7/site-packages/airflow/example_dags/example_sla_dag.py took 0.044 seconds
[2025-01-09T23:33:34.510+0000] {processor.py:153} INFO - Started process (PID=419) to work on /home/airflow/.local/lib/python3.7/site-packages/airflow/example_dags/example_sla_dag.py
[2025-01-09T23:33:34.510+0000] {processor.py:743} INFO - Processing file /home/airflow/.local/lib/python3.7/site-packages/airflow/example_dags/example_sla_dag.py for tasks to queue
[2025-01-09T23:33:34.510+0000] {logging_mixin.py:137} INFO - [2025-01-09T23:33:34.510+0000] {dagbag.py:538} INFO - Filling up the DagBag from /home/airflow/.local/lib/python3.7/site-packages/airflow/example_dags/example_sla_dag.py
[2025-01-09T23:33:34.519+0000] {processor.py:753} INFO - DAG(s) dict_keys(['example_sla_dag']) retrieved from /home/airflow/.local/lib/python3.7/site-packages/airflow/example_dags/example_sla_dag.py
[2025-01-09T23:33:34.529+0000] {logging_mixin.py:137} INFO - [2025-01-09T23:33:34.529+0000] {dag.py:2690} INFO - Sync 1 DAGs
[2025-01-09T23:33:34.540+0000] {logging_mixin.py:137} INFO - [2025-01-09T23:33:34.540+0000] {dag.py:3441} INFO - Setting next_dagrun for example_sla_dag to 2025-01-09T23:30:00+00:00, run_after=2025-01-09T23:32:00+00:00
[2025-01-09T23:33:34.549+0000] {processor.py:175} INFO - Processing /home/airflow/.local/lib/python3.7/site-packages/airflow/example_dags/example_sla_dag.py took 0.041 seconds
[2025-01-09T23:34:04.970+0000] {processor.py:153} INFO - Started process (PID=510) to work on /home/airflow/.local/lib/python3.7/site-packages/airflow/example_dags/example_sla_dag.py
[2025-01-09T23:34:04.971+0000] {processor.py:743} INFO - Processing file /home/airflow/.local/lib/python3.7/site-packages/airflow/example_dags/example_sla_dag.py for tasks to queue
[2025-01-09T23:34:04.972+0000] {logging_mixin.py:137} INFO - [2025-01-09T23:34:04.972+0000] {dagbag.py:538} INFO - Filling up the DagBag from /home/airflow/.local/lib/python3.7/site-packages/airflow/example_dags/example_sla_dag.py
[2025-01-09T23:34:04.982+0000] {processor.py:753} INFO - DAG(s) dict_keys(['example_sla_dag']) retrieved from /home/airflow/.local/lib/python3.7/site-packages/airflow/example_dags/example_sla_dag.py
[2025-01-09T23:34:04.996+0000] {logging_mixin.py:137} INFO - [2025-01-09T23:34:04.996+0000] {dag.py:2690} INFO - Sync 1 DAGs
[2025-01-09T23:34:05.010+0000] {logging_mixin.py:137} INFO - [2025-01-09T23:34:05.010+0000] {dag.py:3441} INFO - Setting next_dagrun for example_sla_dag to 2025-01-09T23:32:00+00:00, run_after=2025-01-09T23:34:00+00:00
[2025-01-09T23:34:05.022+0000] {processor.py:175} INFO - Processing /home/airflow/.local/lib/python3.7/site-packages/airflow/example_dags/example_sla_dag.py took 0.054 seconds
[2025-01-09T23:34:35.491+0000] {processor.py:153} INFO - Started process (PID=600) to work on /home/airflow/.local/lib/python3.7/site-packages/airflow/example_dags/example_sla_dag.py
[2025-01-09T23:34:35.495+0000] {processor.py:743} INFO - Processing file /home/airflow/.local/lib/python3.7/site-packages/airflow/example_dags/example_sla_dag.py for tasks to queue
[2025-01-09T23:34:35.495+0000] {logging_mixin.py:137} INFO - [2025-01-09T23:34:35.495+0000] {dagbag.py:538} INFO - Filling up the DagBag from /home/airflow/.local/lib/python3.7/site-packages/airflow/example_dags/example_sla_dag.py
[2025-01-09T23:34:35.506+0000] {processor.py:753} INFO - DAG(s) dict_keys(['example_sla_dag']) retrieved from /home/airflow/.local/lib/python3.7/site-packages/airflow/example_dags/example_sla_dag.py
[2025-01-09T23:34:35.517+0000] {logging_mixin.py:137} INFO - [2025-01-09T23:34:35.517+0000] {dag.py:2690} INFO - Sync 1 DAGs
[2025-01-09T23:34:35.528+0000] {logging_mixin.py:137} INFO - [2025-01-09T23:34:35.528+0000] {dag.py:3441} INFO - Setting next_dagrun for example_sla_dag to 2025-01-09T23:32:00+00:00, run_after=2025-01-09T23:34:00+00:00
[2025-01-09T23:34:35.540+0000] {processor.py:175} INFO - Processing /home/airflow/.local/lib/python3.7/site-packages/airflow/example_dags/example_sla_dag.py took 0.050 seconds
[2025-01-09T23:35:05.911+0000] {processor.py:153} INFO - Started process (PID=675) to work on /home/airflow/.local/lib/python3.7/site-packages/airflow/example_dags/example_sla_dag.py
[2025-01-09T23:35:05.912+0000] {processor.py:743} INFO - Processing file /home/airflow/.local/lib/python3.7/site-packages/airflow/example_dags/example_sla_dag.py for tasks to queue
[2025-01-09T23:35:05.912+0000] {logging_mixin.py:137} INFO - [2025-01-09T23:35:05.912+0000] {dagbag.py:538} INFO - Filling up the DagBag from /home/airflow/.local/lib/python3.7/site-packages/airflow/example_dags/example_sla_dag.py
[2025-01-09T23:35:05.922+0000] {processor.py:753} INFO - DAG(s) dict_keys(['example_sla_dag']) retrieved from /home/airflow/.local/lib/python3.7/site-packages/airflow/example_dags/example_sla_dag.py
[2025-01-09T23:35:05.931+0000] {logging_mixin.py:137} INFO - [2025-01-09T23:35:05.931+0000] {dag.py:2690} INFO - Sync 1 DAGs
[2025-01-09T23:35:05.942+0000] {logging_mixin.py:137} INFO - [2025-01-09T23:35:05.942+0000] {dag.py:3441} INFO - Setting next_dagrun for example_sla_dag to 2025-01-09T23:32:00+00:00, run_after=2025-01-09T23:34:00+00:00
[2025-01-09T23:35:05.949+0000] {processor.py:175} INFO - Processing /home/airflow/.local/lib/python3.7/site-packages/airflow/example_dags/example_sla_dag.py took 0.039 seconds
[2025-01-09T23:35:36.369+0000] {processor.py:153} INFO - Started process (PID=766) to work on /home/airflow/.local/lib/python3.7/site-packages/airflow/example_dags/example_sla_dag.py
[2025-01-09T23:35:36.372+0000] {processor.py:743} INFO - Processing file /home/airflow/.local/lib/python3.7/site-packages/airflow/example_dags/example_sla_dag.py for tasks to queue
[2025-01-09T23:35:36.372+0000] {logging_mixin.py:137} INFO - [2025-01-09T23:35:36.372+0000] {dagbag.py:538} INFO - Filling up the DagBag from /home/airflow/.local/lib/python3.7/site-packages/airflow/example_dags/example_sla_dag.py
[2025-01-09T23:35:36.382+0000] {processor.py:753} INFO - DAG(s) dict_keys(['example_sla_dag']) retrieved from /home/airflow/.local/lib/python3.7/site-packages/airflow/example_dags/example_sla_dag.py
[2025-01-09T23:35:36.394+0000] {logging_mixin.py:137} INFO - [2025-01-09T23:35:36.394+0000] {dag.py:2690} INFO - Sync 1 DAGs
[2025-01-09T23:35:36.407+0000] {logging_mixin.py:137} INFO - [2025-01-09T23:35:36.407+0000] {dag.py:3441} INFO - Setting next_dagrun for example_sla_dag to 2025-01-09T23:32:00+00:00, run_after=2025-01-09T23:34:00+00:00
[2025-01-09T23:35:36.416+0000] {processor.py:175} INFO - Processing /home/airflow/.local/lib/python3.7/site-packages/airflow/example_dags/example_sla_dag.py took 0.049 seconds
[2025-01-09T23:36:06.788+0000] {processor.py:153} INFO - Started process (PID=857) to work on /home/airflow/.local/lib/python3.7/site-packages/airflow/example_dags/example_sla_dag.py
[2025-01-09T23:36:06.788+0000] {processor.py:743} INFO - Processing file /home/airflow/.local/lib/python3.7/site-packages/airflow/example_dags/example_sla_dag.py for tasks to queue
[2025-01-09T23:36:06.788+0000] {logging_mixin.py:137} INFO - [2025-01-09T23:36:06.788+0000] {dagbag.py:538} INFO - Filling up the DagBag from /home/airflow/.local/lib/python3.7/site-packages/airflow/example_dags/example_sla_dag.py
[2025-01-09T23:36:06.797+0000] {processor.py:753} INFO - DAG(s) dict_keys(['example_sla_dag']) retrieved from /home/airflow/.local/lib/python3.7/site-packages/airflow/example_dags/example_sla_dag.py
[2025-01-09T23:36:06.808+0000] {logging_mixin.py:137} INFO - [2025-01-09T23:36:06.808+0000] {dag.py:2690} INFO - Sync 1 DAGs
[2025-01-09T23:36:06.820+0000] {logging_mixin.py:137} INFO - [2025-01-09T23:36:06.820+0000] {dag.py:3441} INFO - Setting next_dagrun for example_sla_dag to 2025-01-09T23:34:00+00:00, run_after=2025-01-09T23:36:00+00:00
[2025-01-09T23:36:06.827+0000] {processor.py:175} INFO - Processing /home/airflow/.local/lib/python3.7/site-packages/airflow/example_dags/example_sla_dag.py took 0.041 seconds
[2025-01-09T23:36:37.301+0000] {processor.py:153} INFO - Started process (PID=947) to work on /home/airflow/.local/lib/python3.7/site-packages/airflow/example_dags/example_sla_dag.py
[2025-01-09T23:36:37.301+0000] {processor.py:743} INFO - Processing file /home/airflow/.local/lib/python3.7/site-packages/airflow/example_dags/example_sla_dag.py for tasks to queue
[2025-01-09T23:36:37.302+0000] {logging_mixin.py:137} INFO - [2025-01-09T23:36:37.302+0000] {dagbag.py:538} INFO - Filling up the DagBag from /home/airflow/.local/lib/python3.7/site-packages/airflow/example_dags/example_sla_dag.py
[2025-01-09T23:36:37.311+0000] {processor.py:753} INFO - DAG(s) dict_keys(['example_sla_dag']) retrieved from /home/airflow/.local/lib/python3.7/site-packages/airflow/example_dags/example_sla_dag.py
[2025-01-09T23:36:37.325+0000] {logging_mixin.py:137} INFO - [2025-01-09T23:36:37.325+0000] {dag.py:2690} INFO - Sync 1 DAGs
[2025-01-09T23:36:37.338+0000] {logging_mixin.py:137} INFO - [2025-01-09T23:36:37.338+0000] {dag.py:3441} INFO - Setting next_dagrun for example_sla_dag to 2025-01-09T23:34:00+00:00, run_after=2025-01-09T23:36:00+00:00
[2025-01-09T23:36:37.345+0000] {processor.py:175} INFO - Processing /home/airflow/.local/lib/python3.7/site-packages/airflow/example_dags/example_sla_dag.py took 0.046 seconds
[2025-01-09T23:37:07.751+0000] {processor.py:153} INFO - Started process (PID=1022) to work on /home/airflow/.local/lib/python3.7/site-packages/airflow/example_dags/example_sla_dag.py
[2025-01-09T23:37:07.751+0000] {processor.py:743} INFO - Processing file /home/airflow/.local/lib/python3.7/site-packages/airflow/example_dags/example_sla_dag.py for tasks to queue
[2025-01-09T23:37:07.751+0000] {logging_mixin.py:137} INFO - [2025-01-09T23:37:07.751+0000] {dagbag.py:538} INFO - Filling up the DagBag from /home/airflow/.local/lib/python3.7/site-packages/airflow/example_dags/example_sla_dag.py
[2025-01-09T23:37:07.760+0000] {processor.py:753} INFO - DAG(s) dict_keys(['example_sla_dag']) retrieved from /home/airflow/.local/lib/python3.7/site-packages/airflow/example_dags/example_sla_dag.py
[2025-01-09T23:37:07.770+0000] {logging_mixin.py:137} INFO - [2025-01-09T23:37:07.770+0000] {dag.py:2690} INFO - Sync 1 DAGs
[2025-01-09T23:37:07.782+0000] {logging_mixin.py:137} INFO - [2025-01-09T23:37:07.782+0000] {dag.py:3441} INFO - Setting next_dagrun for example_sla_dag to 2025-01-09T23:34:00+00:00, run_after=2025-01-09T23:36:00+00:00
[2025-01-09T23:37:07.791+0000] {processor.py:175} INFO - Processing /home/airflow/.local/lib/python3.7/site-packages/airflow/example_dags/example_sla_dag.py took 0.041 seconds
[2025-01-09T23:37:38.420+0000] {processor.py:153} INFO - Started process (PID=1113) to work on /home/airflow/.local/lib/python3.7/site-packages/airflow/example_dags/example_sla_dag.py
[2025-01-09T23:37:38.421+0000] {processor.py:743} INFO - Processing file /home/airflow/.local/lib/python3.7/site-packages/airflow/example_dags/example_sla_dag.py for tasks to queue
[2025-01-09T23:37:38.421+0000] {logging_mixin.py:137} INFO - [2025-01-09T23:37:38.421+0000] {dagbag.py:538} INFO - Filling up the DagBag from /home/airflow/.local/lib/python3.7/site-packages/airflow/example_dags/example_sla_dag.py
[2025-01-09T23:37:38.430+0000] {processor.py:753} INFO - DAG(s) dict_keys(['example_sla_dag']) retrieved from /home/airflow/.local/lib/python3.7/site-packages/airflow/example_dags/example_sla_dag.py
[2025-01-09T23:37:38.444+0000] {logging_mixin.py:137} INFO - [2025-01-09T23:37:38.443+0000] {dag.py:2690} INFO - Sync 1 DAGs
[2025-01-09T23:37:38.457+0000] {logging_mixin.py:137} INFO - [2025-01-09T23:37:38.457+0000] {dag.py:3441} INFO - Setting next_dagrun for example_sla_dag to 2025-01-09T23:34:00+00:00, run_after=2025-01-09T23:36:00+00:00
[2025-01-09T23:37:38.467+0000] {processor.py:175} INFO - Processing /home/airflow/.local/lib/python3.7/site-packages/airflow/example_dags/example_sla_dag.py took 0.048 seconds
[2025-01-09T23:38:40.602+0000] {processor.py:153} INFO - Started process (PID=1188) to work on /home/airflow/.local/lib/python3.7/site-packages/airflow/example_dags/example_sla_dag.py
[2025-01-09T23:38:40.604+0000] {processor.py:743} INFO - Processing file /home/airflow/.local/lib/python3.7/site-packages/airflow/example_dags/example_sla_dag.py for tasks to queue
[2025-01-09T23:38:40.605+0000] {logging_mixin.py:137} INFO - [2025-01-09T23:38:40.605+0000] {dagbag.py:538} INFO - Filling up the DagBag from /home/airflow/.local/lib/python3.7/site-packages/airflow/example_dags/example_sla_dag.py
[2025-01-09T23:38:40.616+0000] {processor.py:753} INFO - DAG(s) dict_keys(['example_sla_dag']) retrieved from /home/airflow/.local/lib/python3.7/site-packages/airflow/example_dags/example_sla_dag.py
[2025-01-09T23:38:40.628+0000] {logging_mixin.py:137} INFO - [2025-01-09T23:38:40.628+0000] {dag.py:2690} INFO - Sync 1 DAGs
[2025-01-09T23:38:40.640+0000] {logging_mixin.py:137} INFO - [2025-01-09T23:38:40.640+0000] {dag.py:3441} INFO - Setting next_dagrun for example_sla_dag to 2025-01-09T23:36:00+00:00, run_after=2025-01-09T23:38:00+00:00
[2025-01-09T23:38:40.651+0000] {processor.py:175} INFO - Processing /home/airflow/.local/lib/python3.7/site-packages/airflow/example_dags/example_sla_dag.py took 0.051 seconds
[2025-01-09T23:39:11.091+0000] {processor.py:153} INFO - Started process (PID=1278) to work on /home/airflow/.local/lib/python3.7/site-packages/airflow/example_dags/example_sla_dag.py
[2025-01-09T23:39:11.092+0000] {processor.py:743} INFO - Processing file /home/airflow/.local/lib/python3.7/site-packages/airflow/example_dags/example_sla_dag.py for tasks to queue
[2025-01-09T23:39:11.093+0000] {logging_mixin.py:137} INFO - [2025-01-09T23:39:11.093+0000] {dagbag.py:538} INFO - Filling up the DagBag from /home/airflow/.local/lib/python3.7/site-packages/airflow/example_dags/example_sla_dag.py
[2025-01-09T23:39:11.102+0000] {processor.py:753} INFO - DAG(s) dict_keys(['example_sla_dag']) retrieved from /home/airflow/.local/lib/python3.7/site-packages/airflow/example_dags/example_sla_dag.py
[2025-01-09T23:39:11.114+0000] {logging_mixin.py:137} INFO - [2025-01-09T23:39:11.114+0000] {dag.py:2690} INFO - Sync 1 DAGs
[2025-01-09T23:39:11.127+0000] {logging_mixin.py:137} INFO - [2025-01-09T23:39:11.126+0000] {dag.py:3441} INFO - Setting next_dagrun for example_sla_dag to 2025-01-09T23:36:00+00:00, run_after=2025-01-09T23:38:00+00:00
[2025-01-09T23:39:11.137+0000] {processor.py:175} INFO - Processing /home/airflow/.local/lib/python3.7/site-packages/airflow/example_dags/example_sla_dag.py took 0.047 seconds
[2025-01-09T23:39:41.654+0000] {processor.py:153} INFO - Started process (PID=1360) to work on /home/airflow/.local/lib/python3.7/site-packages/airflow/example_dags/example_sla_dag.py
[2025-01-09T23:39:41.656+0000] {processor.py:743} INFO - Processing file /home/airflow/.local/lib/python3.7/site-packages/airflow/example_dags/example_sla_dag.py for tasks to queue
[2025-01-09T23:39:41.656+0000] {logging_mixin.py:137} INFO - [2025-01-09T23:39:41.656+0000] {dagbag.py:538} INFO - Filling up the DagBag from /home/airflow/.local/lib/python3.7/site-packages/airflow/example_dags/example_sla_dag.py
[2025-01-09T23:39:41.667+0000] {processor.py:753} INFO - DAG(s) dict_keys(['example_sla_dag']) retrieved from /home/airflow/.local/lib/python3.7/site-packages/airflow/example_dags/example_sla_dag.py
[2025-01-09T23:39:41.684+0000] {logging_mixin.py:137} INFO - [2025-01-09T23:39:41.684+0000] {dag.py:2690} INFO - Sync 1 DAGs
[2025-01-09T23:39:41.701+0000] {logging_mixin.py:137} INFO - [2025-01-09T23:39:41.701+0000] {dag.py:3441} INFO - Setting next_dagrun for example_sla_dag to 2025-01-09T23:36:00+00:00, run_after=2025-01-09T23:38:00+00:00
[2025-01-09T23:39:41.711+0000] {processor.py:175} INFO - Processing /home/airflow/.local/lib/python3.7/site-packages/airflow/example_dags/example_sla_dag.py took 0.059 seconds
[2025-01-09T23:40:12.294+0000] {processor.py:153} INFO - Started process (PID=1444) to work on /home/airflow/.local/lib/python3.7/site-packages/airflow/example_dags/example_sla_dag.py
[2025-01-09T23:40:12.295+0000] {processor.py:743} INFO - Processing file /home/airflow/.local/lib/python3.7/site-packages/airflow/example_dags/example_sla_dag.py for tasks to queue
[2025-01-09T23:40:12.295+0000] {logging_mixin.py:137} INFO - [2025-01-09T23:40:12.295+0000] {dagbag.py:538} INFO - Filling up the DagBag from /home/airflow/.local/lib/python3.7/site-packages/airflow/example_dags/example_sla_dag.py
[2025-01-09T23:40:12.304+0000] {processor.py:753} INFO - DAG(s) dict_keys(['example_sla_dag']) retrieved from /home/airflow/.local/lib/python3.7/site-packages/airflow/example_dags/example_sla_dag.py
[2025-01-09T23:40:12.316+0000] {logging_mixin.py:137} INFO - [2025-01-09T23:40:12.316+0000] {dag.py:2690} INFO - Sync 1 DAGs
[2025-01-09T23:40:12.329+0000] {logging_mixin.py:137} INFO - [2025-01-09T23:40:12.329+0000] {dag.py:3441} INFO - Setting next_dagrun for example_sla_dag to 2025-01-09T23:38:00+00:00, run_after=2025-01-09T23:40:00+00:00
[2025-01-09T23:40:12.336+0000] {processor.py:175} INFO - Processing /home/airflow/.local/lib/python3.7/site-packages/airflow/example_dags/example_sla_dag.py took 0.043 seconds
[2025-01-09T23:40:42.706+0000] {processor.py:153} INFO - Started process (PID=1535) to work on /home/airflow/.local/lib/python3.7/site-packages/airflow/example_dags/example_sla_dag.py
[2025-01-09T23:40:42.706+0000] {processor.py:743} INFO - Processing file /home/airflow/.local/lib/python3.7/site-packages/airflow/example_dags/example_sla_dag.py for tasks to queue
[2025-01-09T23:40:42.708+0000] {logging_mixin.py:137} INFO - [2025-01-09T23:40:42.708+0000] {dagbag.py:538} INFO - Filling up the DagBag from /home/airflow/.local/lib/python3.7/site-packages/airflow/example_dags/example_sla_dag.py
[2025-01-09T23:40:42.717+0000] {processor.py:753} INFO - DAG(s) dict_keys(['example_sla_dag']) retrieved from /home/airflow/.local/lib/python3.7/site-packages/airflow/example_dags/example_sla_dag.py
[2025-01-09T23:40:42.730+0000] {logging_mixin.py:137} INFO - [2025-01-09T23:40:42.730+0000] {dag.py:2690} INFO - Sync 1 DAGs
[2025-01-09T23:40:42.745+0000] {logging_mixin.py:137} INFO - [2025-01-09T23:40:42.744+0000] {dag.py:3441} INFO - Setting next_dagrun for example_sla_dag to 2025-01-09T23:38:00+00:00, run_after=2025-01-09T23:40:00+00:00
[2025-01-09T23:40:42.752+0000] {processor.py:175} INFO - Processing /home/airflow/.local/lib/python3.7/site-packages/airflow/example_dags/example_sla_dag.py took 0.048 seconds
[2025-01-09T23:41:13.202+0000] {processor.py:153} INFO - Started process (PID=1626) to work on /home/airflow/.local/lib/python3.7/site-packages/airflow/example_dags/example_sla_dag.py
[2025-01-09T23:41:13.202+0000] {processor.py:743} INFO - Processing file /home/airflow/.local/lib/python3.7/site-packages/airflow/example_dags/example_sla_dag.py for tasks to queue
[2025-01-09T23:41:13.202+0000] {logging_mixin.py:137} INFO - [2025-01-09T23:41:13.202+0000] {dagbag.py:538} INFO - Filling up the DagBag from /home/airflow/.local/lib/python3.7/site-packages/airflow/example_dags/example_sla_dag.py
[2025-01-09T23:41:13.212+0000] {processor.py:753} INFO - DAG(s) dict_keys(['example_sla_dag']) retrieved from /home/airflow/.local/lib/python3.7/site-packages/airflow/example_dags/example_sla_dag.py
[2025-01-09T23:41:13.227+0000] {logging_mixin.py:137} INFO - [2025-01-09T23:41:13.226+0000] {dag.py:2690} INFO - Sync 1 DAGs
[2025-01-09T23:41:13.238+0000] {logging_mixin.py:137} INFO - [2025-01-09T23:41:13.238+0000] {dag.py:3441} INFO - Setting next_dagrun for example_sla_dag to 2025-01-09T23:38:00+00:00, run_after=2025-01-09T23:40:00+00:00
[2025-01-09T23:41:13.244+0000] {processor.py:175} INFO - Processing /home/airflow/.local/lib/python3.7/site-packages/airflow/example_dags/example_sla_dag.py took 0.044 seconds
[2025-01-09T23:41:43.826+0000] {processor.py:153} INFO - Started process (PID=1717) to work on /home/airflow/.local/lib/python3.7/site-packages/airflow/example_dags/example_sla_dag.py
[2025-01-09T23:41:43.827+0000] {processor.py:743} INFO - Processing file /home/airflow/.local/lib/python3.7/site-packages/airflow/example_dags/example_sla_dag.py for tasks to queue
[2025-01-09T23:41:43.827+0000] {logging_mixin.py:137} INFO - [2025-01-09T23:41:43.827+0000] {dagbag.py:538} INFO - Filling up the DagBag from /home/airflow/.local/lib/python3.7/site-packages/airflow/example_dags/example_sla_dag.py
[2025-01-09T23:41:43.838+0000] {processor.py:753} INFO - DAG(s) dict_keys(['example_sla_dag']) retrieved from /home/airflow/.local/lib/python3.7/site-packages/airflow/example_dags/example_sla_dag.py
[2025-01-09T23:41:43.852+0000] {logging_mixin.py:137} INFO - [2025-01-09T23:41:43.852+0000] {dag.py:2690} INFO - Sync 1 DAGs
[2025-01-09T23:41:43.866+0000] {logging_mixin.py:137} INFO - [2025-01-09T23:41:43.866+0000] {dag.py:3441} INFO - Setting next_dagrun for example_sla_dag to 2025-01-09T23:38:00+00:00, run_after=2025-01-09T23:40:00+00:00
[2025-01-09T23:41:43.877+0000] {processor.py:175} INFO - Processing /home/airflow/.local/lib/python3.7/site-packages/airflow/example_dags/example_sla_dag.py took 0.053 seconds
[2025-01-09T23:42:14.363+0000] {processor.py:153} INFO - Started process (PID=1792) to work on /home/airflow/.local/lib/python3.7/site-packages/airflow/example_dags/example_sla_dag.py
[2025-01-09T23:42:14.364+0000] {processor.py:743} INFO - Processing file /home/airflow/.local/lib/python3.7/site-packages/airflow/example_dags/example_sla_dag.py for tasks to queue
[2025-01-09T23:42:14.366+0000] {logging_mixin.py:137} INFO - [2025-01-09T23:42:14.366+0000] {dagbag.py:538} INFO - Filling up the DagBag from /home/airflow/.local/lib/python3.7/site-packages/airflow/example_dags/example_sla_dag.py
[2025-01-09T23:42:14.374+0000] {processor.py:753} INFO - DAG(s) dict_keys(['example_sla_dag']) retrieved from /home/airflow/.local/lib/python3.7/site-packages/airflow/example_dags/example_sla_dag.py
[2025-01-09T23:42:14.385+0000] {logging_mixin.py:137} INFO - [2025-01-09T23:42:14.385+0000] {dag.py:2690} INFO - Sync 1 DAGs
[2025-01-09T23:42:14.401+0000] {logging_mixin.py:137} INFO - [2025-01-09T23:42:14.401+0000] {dag.py:3441} INFO - Setting next_dagrun for example_sla_dag to 2025-01-09T23:40:00+00:00, run_after=2025-01-09T23:42:00+00:00
[2025-01-09T23:42:14.411+0000] {processor.py:175} INFO - Processing /home/airflow/.local/lib/python3.7/site-packages/airflow/example_dags/example_sla_dag.py took 0.050 seconds
[2025-01-09T23:42:44.832+0000] {processor.py:153} INFO - Started process (PID=1884) to work on /home/airflow/.local/lib/python3.7/site-packages/airflow/example_dags/example_sla_dag.py
[2025-01-09T23:42:44.832+0000] {processor.py:743} INFO - Processing file /home/airflow/.local/lib/python3.7/site-packages/airflow/example_dags/example_sla_dag.py for tasks to queue
[2025-01-09T23:42:44.836+0000] {logging_mixin.py:137} INFO - [2025-01-09T23:42:44.836+0000] {dagbag.py:538} INFO - Filling up the DagBag from /home/airflow/.local/lib/python3.7/site-packages/airflow/example_dags/example_sla_dag.py
[2025-01-09T23:42:44.846+0000] {processor.py:753} INFO - DAG(s) dict_keys(['example_sla_dag']) retrieved from /home/airflow/.local/lib/python3.7/site-packages/airflow/example_dags/example_sla_dag.py
[2025-01-09T23:42:44.858+0000] {logging_mixin.py:137} INFO - [2025-01-09T23:42:44.858+0000] {dag.py:2690} INFO - Sync 1 DAGs
[2025-01-09T23:42:44.871+0000] {logging_mixin.py:137} INFO - [2025-01-09T23:42:44.871+0000] {dag.py:3441} INFO - Setting next_dagrun for example_sla_dag to 2025-01-09T23:40:00+00:00, run_after=2025-01-09T23:42:00+00:00
[2025-01-09T23:42:44.878+0000] {processor.py:175} INFO - Processing /home/airflow/.local/lib/python3.7/site-packages/airflow/example_dags/example_sla_dag.py took 0.047 seconds
[2025-01-09T23:43:15.559+0000] {processor.py:153} INFO - Started process (PID=1975) to work on /home/airflow/.local/lib/python3.7/site-packages/airflow/example_dags/example_sla_dag.py
[2025-01-09T23:43:15.559+0000] {processor.py:743} INFO - Processing file /home/airflow/.local/lib/python3.7/site-packages/airflow/example_dags/example_sla_dag.py for tasks to queue
[2025-01-09T23:43:15.560+0000] {logging_mixin.py:137} INFO - [2025-01-09T23:43:15.559+0000] {dagbag.py:538} INFO - Filling up the DagBag from /home/airflow/.local/lib/python3.7/site-packages/airflow/example_dags/example_sla_dag.py
[2025-01-09T23:43:15.570+0000] {processor.py:753} INFO - DAG(s) dict_keys(['example_sla_dag']) retrieved from /home/airflow/.local/lib/python3.7/site-packages/airflow/example_dags/example_sla_dag.py
[2025-01-09T23:43:15.581+0000] {logging_mixin.py:137} INFO - [2025-01-09T23:43:15.581+0000] {dag.py:2690} INFO - Sync 1 DAGs
[2025-01-09T23:43:15.593+0000] {logging_mixin.py:137} INFO - [2025-01-09T23:43:15.593+0000] {dag.py:3441} INFO - Setting next_dagrun for example_sla_dag to 2025-01-09T23:40:00+00:00, run_after=2025-01-09T23:42:00+00:00
[2025-01-09T23:43:15.601+0000] {processor.py:175} INFO - Processing /home/airflow/.local/lib/python3.7/site-packages/airflow/example_dags/example_sla_dag.py took 0.043 seconds
[2025-01-09T23:43:46.159+0000] {processor.py:153} INFO - Started process (PID=2066) to work on /home/airflow/.local/lib/python3.7/site-packages/airflow/example_dags/example_sla_dag.py
[2025-01-09T23:43:46.161+0000] {processor.py:743} INFO - Processing file /home/airflow/.local/lib/python3.7/site-packages/airflow/example_dags/example_sla_dag.py for tasks to queue
[2025-01-09T23:43:46.161+0000] {logging_mixin.py:137} INFO - [2025-01-09T23:43:46.161+0000] {dagbag.py:538} INFO - Filling up the DagBag from /home/airflow/.local/lib/python3.7/site-packages/airflow/example_dags/example_sla_dag.py
[2025-01-09T23:43:46.171+0000] {processor.py:753} INFO - DAG(s) dict_keys(['example_sla_dag']) retrieved from /home/airflow/.local/lib/python3.7/site-packages/airflow/example_dags/example_sla_dag.py
[2025-01-09T23:43:46.180+0000] {logging_mixin.py:137} INFO - [2025-01-09T23:43:46.180+0000] {dag.py:2690} INFO - Sync 1 DAGs
[2025-01-09T23:43:46.194+0000] {logging_mixin.py:137} INFO - [2025-01-09T23:43:46.193+0000] {dag.py:3441} INFO - Setting next_dagrun for example_sla_dag to 2025-01-09T23:40:00+00:00, run_after=2025-01-09T23:42:00+00:00
[2025-01-09T23:43:46.205+0000] {processor.py:175} INFO - Processing /home/airflow/.local/lib/python3.7/site-packages/airflow/example_dags/example_sla_dag.py took 0.048 seconds
[2025-01-09T23:44:16.719+0000] {processor.py:153} INFO - Started process (PID=2141) to work on /home/airflow/.local/lib/python3.7/site-packages/airflow/example_dags/example_sla_dag.py
[2025-01-09T23:44:16.723+0000] {processor.py:743} INFO - Processing file /home/airflow/.local/lib/python3.7/site-packages/airflow/example_dags/example_sla_dag.py for tasks to queue
[2025-01-09T23:44:16.724+0000] {logging_mixin.py:137} INFO - [2025-01-09T23:44:16.724+0000] {dagbag.py:538} INFO - Filling up the DagBag from /home/airflow/.local/lib/python3.7/site-packages/airflow/example_dags/example_sla_dag.py
[2025-01-09T23:44:16.733+0000] {processor.py:753} INFO - DAG(s) dict_keys(['example_sla_dag']) retrieved from /home/airflow/.local/lib/python3.7/site-packages/airflow/example_dags/example_sla_dag.py
[2025-01-09T23:44:16.744+0000] {logging_mixin.py:137} INFO - [2025-01-09T23:44:16.744+0000] {dag.py:2690} INFO - Sync 1 DAGs
[2025-01-09T23:44:16.758+0000] {logging_mixin.py:137} INFO - [2025-01-09T23:44:16.758+0000] {dag.py:3441} INFO - Setting next_dagrun for example_sla_dag to 2025-01-09T23:42:00+00:00, run_after=2025-01-09T23:44:00+00:00
[2025-01-09T23:44:16.770+0000] {processor.py:175} INFO - Processing /home/airflow/.local/lib/python3.7/site-packages/airflow/example_dags/example_sla_dag.py took 0.053 seconds
[2025-01-09T23:44:47.334+0000] {processor.py:153} INFO - Started process (PID=2232) to work on /home/airflow/.local/lib/python3.7/site-packages/airflow/example_dags/example_sla_dag.py
[2025-01-09T23:44:47.334+0000] {processor.py:743} INFO - Processing file /home/airflow/.local/lib/python3.7/site-packages/airflow/example_dags/example_sla_dag.py for tasks to queue
[2025-01-09T23:44:47.334+0000] {logging_mixin.py:137} INFO - [2025-01-09T23:44:47.334+0000] {dagbag.py:538} INFO - Filling up the DagBag from /home/airflow/.local/lib/python3.7/site-packages/airflow/example_dags/example_sla_dag.py
[2025-01-09T23:44:47.345+0000] {processor.py:753} INFO - DAG(s) dict_keys(['example_sla_dag']) retrieved from /home/airflow/.local/lib/python3.7/site-packages/airflow/example_dags/example_sla_dag.py
[2025-01-09T23:44:47.356+0000] {logging_mixin.py:137} INFO - [2025-01-09T23:44:47.356+0000] {dag.py:2690} INFO - Sync 1 DAGs
[2025-01-09T23:44:47.367+0000] {logging_mixin.py:137} INFO - [2025-01-09T23:44:47.367+0000] {dag.py:3441} INFO - Setting next_dagrun for example_sla_dag to 2025-01-09T23:42:00+00:00, run_after=2025-01-09T23:44:00+00:00
[2025-01-09T23:44:47.377+0000] {processor.py:175} INFO - Processing /home/airflow/.local/lib/python3.7/site-packages/airflow/example_dags/example_sla_dag.py took 0.044 seconds
[2025-01-09T23:45:17.721+0000] {processor.py:153} INFO - Started process (PID=2323) to work on /home/airflow/.local/lib/python3.7/site-packages/airflow/example_dags/example_sla_dag.py
[2025-01-09T23:45:17.722+0000] {processor.py:743} INFO - Processing file /home/airflow/.local/lib/python3.7/site-packages/airflow/example_dags/example_sla_dag.py for tasks to queue
[2025-01-09T23:45:17.722+0000] {logging_mixin.py:137} INFO - [2025-01-09T23:45:17.722+0000] {dagbag.py:538} INFO - Filling up the DagBag from /home/airflow/.local/lib/python3.7/site-packages/airflow/example_dags/example_sla_dag.py
[2025-01-09T23:45:17.731+0000] {processor.py:753} INFO - DAG(s) dict_keys(['example_sla_dag']) retrieved from /home/airflow/.local/lib/python3.7/site-packages/airflow/example_dags/example_sla_dag.py
[2025-01-09T23:45:17.740+0000] {logging_mixin.py:137} INFO - [2025-01-09T23:45:17.740+0000] {dag.py:2690} INFO - Sync 1 DAGs
[2025-01-09T23:45:17.752+0000] {logging_mixin.py:137} INFO - [2025-01-09T23:45:17.752+0000] {dag.py:3441} INFO - Setting next_dagrun for example_sla_dag to 2025-01-09T23:42:00+00:00, run_after=2025-01-09T23:44:00+00:00
[2025-01-09T23:45:17.761+0000] {processor.py:175} INFO - Processing /home/airflow/.local/lib/python3.7/site-packages/airflow/example_dags/example_sla_dag.py took 0.041 seconds
[2025-01-09T23:45:48.194+0000] {processor.py:153} INFO - Started process (PID=2414) to work on /home/airflow/.local/lib/python3.7/site-packages/airflow/example_dags/example_sla_dag.py
[2025-01-09T23:45:48.194+0000] {processor.py:743} INFO - Processing file /home/airflow/.local/lib/python3.7/site-packages/airflow/example_dags/example_sla_dag.py for tasks to queue
[2025-01-09T23:45:48.195+0000] {logging_mixin.py:137} INFO - [2025-01-09T23:45:48.195+0000] {dagbag.py:538} INFO - Filling up the DagBag from /home/airflow/.local/lib/python3.7/site-packages/airflow/example_dags/example_sla_dag.py
[2025-01-09T23:45:48.204+0000] {processor.py:753} INFO - DAG(s) dict_keys(['example_sla_dag']) retrieved from /home/airflow/.local/lib/python3.7/site-packages/airflow/example_dags/example_sla_dag.py
[2025-01-09T23:45:48.213+0000] {logging_mixin.py:137} INFO - [2025-01-09T23:45:48.213+0000] {dag.py:2690} INFO - Sync 1 DAGs
[2025-01-09T23:45:48.223+0000] {logging_mixin.py:137} INFO - [2025-01-09T23:45:48.223+0000] {dag.py:3441} INFO - Setting next_dagrun for example_sla_dag to 2025-01-09T23:42:00+00:00, run_after=2025-01-09T23:44:00+00:00
[2025-01-09T23:45:48.229+0000] {processor.py:175} INFO - Processing /home/airflow/.local/lib/python3.7/site-packages/airflow/example_dags/example_sla_dag.py took 0.036 seconds
[2025-01-09T23:46:18.541+0000] {processor.py:153} INFO - Started process (PID=2488) to work on /home/airflow/.local/lib/python3.7/site-packages/airflow/example_dags/example_sla_dag.py
[2025-01-09T23:46:18.545+0000] {processor.py:743} INFO - Processing file /home/airflow/.local/lib/python3.7/site-packages/airflow/example_dags/example_sla_dag.py for tasks to queue
[2025-01-09T23:46:18.545+0000] {logging_mixin.py:137} INFO - [2025-01-09T23:46:18.545+0000] {dagbag.py:538} INFO - Filling up the DagBag from /home/airflow/.local/lib/python3.7/site-packages/airflow/example_dags/example_sla_dag.py
[2025-01-09T23:46:18.555+0000] {processor.py:753} INFO - DAG(s) dict_keys(['example_sla_dag']) retrieved from /home/airflow/.local/lib/python3.7/site-packages/airflow/example_dags/example_sla_dag.py
[2025-01-09T23:46:18.565+0000] {logging_mixin.py:137} INFO - [2025-01-09T23:46:18.565+0000] {dag.py:2690} INFO - Sync 1 DAGs
[2025-01-09T23:46:18.578+0000] {logging_mixin.py:137} INFO - [2025-01-09T23:46:18.578+0000] {dag.py:3441} INFO - Setting next_dagrun for example_sla_dag to 2025-01-09T23:44:00+00:00, run_after=2025-01-09T23:46:00+00:00
[2025-01-09T23:46:18.585+0000] {processor.py:175} INFO - Processing /home/airflow/.local/lib/python3.7/site-packages/airflow/example_dags/example_sla_dag.py took 0.046 seconds
[2025-01-09T23:46:49.085+0000] {processor.py:153} INFO - Started process (PID=2578) to work on /home/airflow/.local/lib/python3.7/site-packages/airflow/example_dags/example_sla_dag.py
[2025-01-09T23:46:49.085+0000] {processor.py:743} INFO - Processing file /home/airflow/.local/lib/python3.7/site-packages/airflow/example_dags/example_sla_dag.py for tasks to queue
[2025-01-09T23:46:49.085+0000] {logging_mixin.py:137} INFO - [2025-01-09T23:46:49.085+0000] {dagbag.py:538} INFO - Filling up the DagBag from /home/airflow/.local/lib/python3.7/site-packages/airflow/example_dags/example_sla_dag.py
[2025-01-09T23:46:49.095+0000] {processor.py:753} INFO - DAG(s) dict_keys(['example_sla_dag']) retrieved from /home/airflow/.local/lib/python3.7/site-packages/airflow/example_dags/example_sla_dag.py
[2025-01-09T23:46:49.105+0000] {logging_mixin.py:137} INFO - [2025-01-09T23:46:49.105+0000] {dag.py:2690} INFO - Sync 1 DAGs
[2025-01-09T23:46:49.117+0000] {logging_mixin.py:137} INFO - [2025-01-09T23:46:49.117+0000] {dag.py:3441} INFO - Setting next_dagrun for example_sla_dag to 2025-01-09T23:44:00+00:00, run_after=2025-01-09T23:46:00+00:00
[2025-01-09T23:46:49.125+0000] {processor.py:175} INFO - Processing /home/airflow/.local/lib/python3.7/site-packages/airflow/example_dags/example_sla_dag.py took 0.041 seconds
[2025-01-09T23:47:19.545+0000] {processor.py:153} INFO - Started process (PID=2669) to work on /home/airflow/.local/lib/python3.7/site-packages/airflow/example_dags/example_sla_dag.py
[2025-01-09T23:47:19.546+0000] {processor.py:743} INFO - Processing file /home/airflow/.local/lib/python3.7/site-packages/airflow/example_dags/example_sla_dag.py for tasks to queue
[2025-01-09T23:47:19.546+0000] {logging_mixin.py:137} INFO - [2025-01-09T23:47:19.546+0000] {dagbag.py:538} INFO - Filling up the DagBag from /home/airflow/.local/lib/python3.7/site-packages/airflow/example_dags/example_sla_dag.py
[2025-01-09T23:47:19.559+0000] {processor.py:753} INFO - DAG(s) dict_keys(['example_sla_dag']) retrieved from /home/airflow/.local/lib/python3.7/site-packages/airflow/example_dags/example_sla_dag.py
[2025-01-09T23:47:19.572+0000] {logging_mixin.py:137} INFO - [2025-01-09T23:47:19.572+0000] {dag.py:2690} INFO - Sync 1 DAGs
[2025-01-09T23:47:19.587+0000] {logging_mixin.py:137} INFO - [2025-01-09T23:47:19.587+0000] {dag.py:3441} INFO - Setting next_dagrun for example_sla_dag to 2025-01-09T23:44:00+00:00, run_after=2025-01-09T23:46:00+00:00
[2025-01-09T23:47:19.599+0000] {processor.py:175} INFO - Processing /home/airflow/.local/lib/python3.7/site-packages/airflow/example_dags/example_sla_dag.py took 0.055 seconds
[2025-01-09T23:47:50.013+0000] {processor.py:153} INFO - Started process (PID=2760) to work on /home/airflow/.local/lib/python3.7/site-packages/airflow/example_dags/example_sla_dag.py
[2025-01-09T23:47:50.013+0000] {processor.py:743} INFO - Processing file /home/airflow/.local/lib/python3.7/site-packages/airflow/example_dags/example_sla_dag.py for tasks to queue
[2025-01-09T23:47:50.014+0000] {logging_mixin.py:137} INFO - [2025-01-09T23:47:50.014+0000] {dagbag.py:538} INFO - Filling up the DagBag from /home/airflow/.local/lib/python3.7/site-packages/airflow/example_dags/example_sla_dag.py
[2025-01-09T23:47:50.023+0000] {processor.py:753} INFO - DAG(s) dict_keys(['example_sla_dag']) retrieved from /home/airflow/.local/lib/python3.7/site-packages/airflow/example_dags/example_sla_dag.py
[2025-01-09T23:47:50.033+0000] {logging_mixin.py:137} INFO - [2025-01-09T23:47:50.033+0000] {dag.py:2690} INFO - Sync 1 DAGs
[2025-01-09T23:47:50.045+0000] {logging_mixin.py:137} INFO - [2025-01-09T23:47:50.045+0000] {dag.py:3441} INFO - Setting next_dagrun for example_sla_dag to 2025-01-09T23:44:00+00:00, run_after=2025-01-09T23:46:00+00:00
[2025-01-09T23:47:50.054+0000] {processor.py:175} INFO - Processing /home/airflow/.local/lib/python3.7/site-packages/airflow/example_dags/example_sla_dag.py took 0.042 seconds
[2025-01-09T23:48:20.662+0000] {processor.py:153} INFO - Started process (PID=2851) to work on /home/airflow/.local/lib/python3.7/site-packages/airflow/example_dags/example_sla_dag.py
[2025-01-09T23:48:20.662+0000] {processor.py:743} INFO - Processing file /home/airflow/.local/lib/python3.7/site-packages/airflow/example_dags/example_sla_dag.py for tasks to queue
[2025-01-09T23:48:20.663+0000] {logging_mixin.py:137} INFO - [2025-01-09T23:48:20.663+0000] {dagbag.py:538} INFO - Filling up the DagBag from /home/airflow/.local/lib/python3.7/site-packages/airflow/example_dags/example_sla_dag.py
[2025-01-09T23:48:20.672+0000] {processor.py:753} INFO - DAG(s) dict_keys(['example_sla_dag']) retrieved from /home/airflow/.local/lib/python3.7/site-packages/airflow/example_dags/example_sla_dag.py
[2025-01-09T23:48:20.684+0000] {logging_mixin.py:137} INFO - [2025-01-09T23:48:20.684+0000] {dag.py:2690} INFO - Sync 1 DAGs
[2025-01-09T23:48:20.696+0000] {logging_mixin.py:137} INFO - [2025-01-09T23:48:20.696+0000] {dag.py:3441} INFO - Setting next_dagrun for example_sla_dag to 2025-01-09T23:46:00+00:00, run_after=2025-01-09T23:48:00+00:00
[2025-01-09T23:48:20.704+0000] {processor.py:175} INFO - Processing /home/airflow/.local/lib/python3.7/site-packages/airflow/example_dags/example_sla_dag.py took 0.043 seconds
[2025-01-09T23:48:51.177+0000] {processor.py:153} INFO - Started process (PID=2926) to work on /home/airflow/.local/lib/python3.7/site-packages/airflow/example_dags/example_sla_dag.py
[2025-01-09T23:48:51.178+0000] {processor.py:743} INFO - Processing file /home/airflow/.local/lib/python3.7/site-packages/airflow/example_dags/example_sla_dag.py for tasks to queue
[2025-01-09T23:48:51.178+0000] {logging_mixin.py:137} INFO - [2025-01-09T23:48:51.178+0000] {dagbag.py:538} INFO - Filling up the DagBag from /home/airflow/.local/lib/python3.7/site-packages/airflow/example_dags/example_sla_dag.py
[2025-01-09T23:48:51.187+0000] {processor.py:753} INFO - DAG(s) dict_keys(['example_sla_dag']) retrieved from /home/airflow/.local/lib/python3.7/site-packages/airflow/example_dags/example_sla_dag.py
[2025-01-09T23:48:51.198+0000] {logging_mixin.py:137} INFO - [2025-01-09T23:48:51.198+0000] {dag.py:2690} INFO - Sync 1 DAGs
[2025-01-09T23:48:51.213+0000] {logging_mixin.py:137} INFO - [2025-01-09T23:48:51.213+0000] {dag.py:3441} INFO - Setting next_dagrun for example_sla_dag to 2025-01-09T23:46:00+00:00, run_after=2025-01-09T23:48:00+00:00
[2025-01-09T23:48:51.222+0000] {processor.py:175} INFO - Processing /home/airflow/.local/lib/python3.7/site-packages/airflow/example_dags/example_sla_dag.py took 0.046 seconds
[2025-01-09T23:49:21.582+0000] {processor.py:153} INFO - Started process (PID=3017) to work on /home/airflow/.local/lib/python3.7/site-packages/airflow/example_dags/example_sla_dag.py
[2025-01-09T23:49:21.582+0000] {processor.py:743} INFO - Processing file /home/airflow/.local/lib/python3.7/site-packages/airflow/example_dags/example_sla_dag.py for tasks to queue
[2025-01-09T23:49:21.582+0000] {logging_mixin.py:137} INFO - [2025-01-09T23:49:21.582+0000] {dagbag.py:538} INFO - Filling up the DagBag from /home/airflow/.local/lib/python3.7/site-packages/airflow/example_dags/example_sla_dag.py
[2025-01-09T23:49:21.591+0000] {processor.py:753} INFO - DAG(s) dict_keys(['example_sla_dag']) retrieved from /home/airflow/.local/lib/python3.7/site-packages/airflow/example_dags/example_sla_dag.py
[2025-01-09T23:49:21.602+0000] {logging_mixin.py:137} INFO - [2025-01-09T23:49:21.602+0000] {dag.py:2690} INFO - Sync 1 DAGs
[2025-01-09T23:49:21.616+0000] {logging_mixin.py:137} INFO - [2025-01-09T23:49:21.616+0000] {dag.py:3441} INFO - Setting next_dagrun for example_sla_dag to 2025-01-09T23:46:00+00:00, run_after=2025-01-09T23:48:00+00:00
[2025-01-09T23:49:21.628+0000] {processor.py:175} INFO - Processing /home/airflow/.local/lib/python3.7/site-packages/airflow/example_dags/example_sla_dag.py took 0.047 seconds
[2025-01-09T23:49:52.069+0000] {processor.py:153} INFO - Started process (PID=3108) to work on /home/airflow/.local/lib/python3.7/site-packages/airflow/example_dags/example_sla_dag.py
[2025-01-09T23:49:52.070+0000] {processor.py:743} INFO - Processing file /home/airflow/.local/lib/python3.7/site-packages/airflow/example_dags/example_sla_dag.py for tasks to queue
[2025-01-09T23:49:52.070+0000] {logging_mixin.py:137} INFO - [2025-01-09T23:49:52.070+0000] {dagbag.py:538} INFO - Filling up the DagBag from /home/airflow/.local/lib/python3.7/site-packages/airflow/example_dags/example_sla_dag.py
[2025-01-09T23:49:52.079+0000] {processor.py:753} INFO - DAG(s) dict_keys(['example_sla_dag']) retrieved from /home/airflow/.local/lib/python3.7/site-packages/airflow/example_dags/example_sla_dag.py
[2025-01-09T23:49:52.089+0000] {logging_mixin.py:137} INFO - [2025-01-09T23:49:52.089+0000] {dag.py:2690} INFO - Sync 1 DAGs
[2025-01-09T23:49:52.101+0000] {logging_mixin.py:137} INFO - [2025-01-09T23:49:52.101+0000] {dag.py:3441} INFO - Setting next_dagrun for example_sla_dag to 2025-01-09T23:46:00+00:00, run_after=2025-01-09T23:48:00+00:00
[2025-01-09T23:49:52.114+0000] {processor.py:175} INFO - Processing /home/airflow/.local/lib/python3.7/site-packages/airflow/example_dags/example_sla_dag.py took 0.046 seconds
[2025-01-09T23:50:22.564+0000] {processor.py:153} INFO - Started process (PID=3199) to work on /home/airflow/.local/lib/python3.7/site-packages/airflow/example_dags/example_sla_dag.py
[2025-01-09T23:50:22.565+0000] {processor.py:743} INFO - Processing file /home/airflow/.local/lib/python3.7/site-packages/airflow/example_dags/example_sla_dag.py for tasks to queue
[2025-01-09T23:50:22.565+0000] {logging_mixin.py:137} INFO - [2025-01-09T23:50:22.565+0000] {dagbag.py:538} INFO - Filling up the DagBag from /home/airflow/.local/lib/python3.7/site-packages/airflow/example_dags/example_sla_dag.py
[2025-01-09T23:50:22.575+0000] {processor.py:753} INFO - DAG(s) dict_keys(['example_sla_dag']) retrieved from /home/airflow/.local/lib/python3.7/site-packages/airflow/example_dags/example_sla_dag.py
[2025-01-09T23:50:22.584+0000] {logging_mixin.py:137} INFO - [2025-01-09T23:50:22.584+0000] {dag.py:2690} INFO - Sync 1 DAGs
[2025-01-09T23:50:22.602+0000] {logging_mixin.py:137} INFO - [2025-01-09T23:50:22.602+0000] {dag.py:3441} INFO - Setting next_dagrun for example_sla_dag to 2025-01-09T23:48:00+00:00, run_after=2025-01-09T23:50:00+00:00
[2025-01-09T23:50:22.613+0000] {processor.py:175} INFO - Processing /home/airflow/.local/lib/python3.7/site-packages/airflow/example_dags/example_sla_dag.py took 0.050 seconds
[2025-01-09T23:50:53.025+0000] {processor.py:153} INFO - Started process (PID=3274) to work on /home/airflow/.local/lib/python3.7/site-packages/airflow/example_dags/example_sla_dag.py
[2025-01-09T23:50:53.026+0000] {processor.py:743} INFO - Processing file /home/airflow/.local/lib/python3.7/site-packages/airflow/example_dags/example_sla_dag.py for tasks to queue
[2025-01-09T23:50:53.026+0000] {logging_mixin.py:137} INFO - [2025-01-09T23:50:53.026+0000] {dagbag.py:538} INFO - Filling up the DagBag from /home/airflow/.local/lib/python3.7/site-packages/airflow/example_dags/example_sla_dag.py
[2025-01-09T23:50:53.035+0000] {processor.py:753} INFO - DAG(s) dict_keys(['example_sla_dag']) retrieved from /home/airflow/.local/lib/python3.7/site-packages/airflow/example_dags/example_sla_dag.py
[2025-01-09T23:50:53.047+0000] {logging_mixin.py:137} INFO - [2025-01-09T23:50:53.047+0000] {dag.py:2690} INFO - Sync 1 DAGs
[2025-01-09T23:50:53.062+0000] {logging_mixin.py:137} INFO - [2025-01-09T23:50:53.062+0000] {dag.py:3441} INFO - Setting next_dagrun for example_sla_dag to 2025-01-09T23:48:00+00:00, run_after=2025-01-09T23:50:00+00:00
[2025-01-09T23:50:53.070+0000] {processor.py:175} INFO - Processing /home/airflow/.local/lib/python3.7/site-packages/airflow/example_dags/example_sla_dag.py took 0.046 seconds
[2025-01-09T23:51:23.461+0000] {processor.py:153} INFO - Started process (PID=3365) to work on /home/airflow/.local/lib/python3.7/site-packages/airflow/example_dags/example_sla_dag.py
[2025-01-09T23:51:23.462+0000] {processor.py:743} INFO - Processing file /home/airflow/.local/lib/python3.7/site-packages/airflow/example_dags/example_sla_dag.py for tasks to queue
[2025-01-09T23:51:23.463+0000] {logging_mixin.py:137} INFO - [2025-01-09T23:51:23.463+0000] {dagbag.py:538} INFO - Filling up the DagBag from /home/airflow/.local/lib/python3.7/site-packages/airflow/example_dags/example_sla_dag.py
[2025-01-09T23:51:23.472+0000] {processor.py:753} INFO - DAG(s) dict_keys(['example_sla_dag']) retrieved from /home/airflow/.local/lib/python3.7/site-packages/airflow/example_dags/example_sla_dag.py
[2025-01-09T23:51:23.487+0000] {logging_mixin.py:137} INFO - [2025-01-09T23:51:23.487+0000] {dag.py:2690} INFO - Sync 1 DAGs
[2025-01-09T23:51:23.500+0000] {logging_mixin.py:137} INFO - [2025-01-09T23:51:23.500+0000] {dag.py:3441} INFO - Setting next_dagrun for example_sla_dag to 2025-01-09T23:48:00+00:00, run_after=2025-01-09T23:50:00+00:00
[2025-01-09T23:51:23.507+0000] {processor.py:175} INFO - Processing /home/airflow/.local/lib/python3.7/site-packages/airflow/example_dags/example_sla_dag.py took 0.047 seconds
[2025-01-09T23:51:53.884+0000] {processor.py:153} INFO - Started process (PID=3456) to work on /home/airflow/.local/lib/python3.7/site-packages/airflow/example_dags/example_sla_dag.py
[2025-01-09T23:51:53.884+0000] {processor.py:743} INFO - Processing file /home/airflow/.local/lib/python3.7/site-packages/airflow/example_dags/example_sla_dag.py for tasks to queue
[2025-01-09T23:51:53.884+0000] {logging_mixin.py:137} INFO - [2025-01-09T23:51:53.884+0000] {dagbag.py:538} INFO - Filling up the DagBag from /home/airflow/.local/lib/python3.7/site-packages/airflow/example_dags/example_sla_dag.py
[2025-01-09T23:51:53.893+0000] {processor.py:753} INFO - DAG(s) dict_keys(['example_sla_dag']) retrieved from /home/airflow/.local/lib/python3.7/site-packages/airflow/example_dags/example_sla_dag.py
[2025-01-09T23:51:53.902+0000] {logging_mixin.py:137} INFO - [2025-01-09T23:51:53.902+0000] {dag.py:2690} INFO - Sync 1 DAGs
[2025-01-09T23:51:53.912+0000] {logging_mixin.py:137} INFO - [2025-01-09T23:51:53.912+0000] {dag.py:3441} INFO - Setting next_dagrun for example_sla_dag to 2025-01-09T23:48:00+00:00, run_after=2025-01-09T23:50:00+00:00
[2025-01-09T23:51:53.918+0000] {processor.py:175} INFO - Processing /home/airflow/.local/lib/python3.7/site-packages/airflow/example_dags/example_sla_dag.py took 0.036 seconds
[2025-01-09T23:52:24.484+0000] {processor.py:153} INFO - Started process (PID=3547) to work on /home/airflow/.local/lib/python3.7/site-packages/airflow/example_dags/example_sla_dag.py
[2025-01-09T23:52:24.484+0000] {processor.py:743} INFO - Processing file /home/airflow/.local/lib/python3.7/site-packages/airflow/example_dags/example_sla_dag.py for tasks to queue
[2025-01-09T23:52:24.484+0000] {logging_mixin.py:137} INFO - [2025-01-09T23:52:24.484+0000] {dagbag.py:538} INFO - Filling up the DagBag from /home/airflow/.local/lib/python3.7/site-packages/airflow/example_dags/example_sla_dag.py
[2025-01-09T23:52:24.494+0000] {processor.py:753} INFO - DAG(s) dict_keys(['example_sla_dag']) retrieved from /home/airflow/.local/lib/python3.7/site-packages/airflow/example_dags/example_sla_dag.py
[2025-01-09T23:52:24.505+0000] {logging_mixin.py:137} INFO - [2025-01-09T23:52:24.505+0000] {dag.py:2690} INFO - Sync 1 DAGs
[2025-01-09T23:52:24.517+0000] {logging_mixin.py:137} INFO - [2025-01-09T23:52:24.517+0000] {dag.py:3441} INFO - Setting next_dagrun for example_sla_dag to 2025-01-09T23:50:00+00:00, run_after=2025-01-09T23:52:00+00:00
[2025-01-09T23:52:24.547+0000] {processor.py:175} INFO - Processing /home/airflow/.local/lib/python3.7/site-packages/airflow/example_dags/example_sla_dag.py took 0.065 seconds
[2025-01-09T23:52:55.095+0000] {processor.py:153} INFO - Started process (PID=3629) to work on /home/airflow/.local/lib/python3.7/site-packages/airflow/example_dags/example_sla_dag.py
[2025-01-09T23:52:55.096+0000] {processor.py:743} INFO - Processing file /home/airflow/.local/lib/python3.7/site-packages/airflow/example_dags/example_sla_dag.py for tasks to queue
[2025-01-09T23:52:55.097+0000] {logging_mixin.py:137} INFO - [2025-01-09T23:52:55.097+0000] {dagbag.py:538} INFO - Filling up the DagBag from /home/airflow/.local/lib/python3.7/site-packages/airflow/example_dags/example_sla_dag.py
[2025-01-09T23:52:55.109+0000] {processor.py:753} INFO - DAG(s) dict_keys(['example_sla_dag']) retrieved from /home/airflow/.local/lib/python3.7/site-packages/airflow/example_dags/example_sla_dag.py
[2025-01-09T23:52:55.122+0000] {logging_mixin.py:137} INFO - [2025-01-09T23:52:55.122+0000] {dag.py:2690} INFO - Sync 1 DAGs
[2025-01-09T23:52:55.134+0000] {logging_mixin.py:137} INFO - [2025-01-09T23:52:55.134+0000] {dag.py:3441} INFO - Setting next_dagrun for example_sla_dag to 2025-01-09T23:50:00+00:00, run_after=2025-01-09T23:52:00+00:00
[2025-01-09T23:52:55.143+0000] {processor.py:175} INFO - Processing /home/airflow/.local/lib/python3.7/site-packages/airflow/example_dags/example_sla_dag.py took 0.049 seconds
[2025-01-09T23:53:25.760+0000] {processor.py:153} INFO - Started process (PID=3713) to work on /home/airflow/.local/lib/python3.7/site-packages/airflow/example_dags/example_sla_dag.py
[2025-01-09T23:53:25.760+0000] {processor.py:743} INFO - Processing file /home/airflow/.local/lib/python3.7/site-packages/airflow/example_dags/example_sla_dag.py for tasks to queue
[2025-01-09T23:53:25.760+0000] {logging_mixin.py:137} INFO - [2025-01-09T23:53:25.760+0000] {dagbag.py:538} INFO - Filling up the DagBag from /home/airflow/.local/lib/python3.7/site-packages/airflow/example_dags/example_sla_dag.py
[2025-01-09T23:53:25.769+0000] {processor.py:753} INFO - DAG(s) dict_keys(['example_sla_dag']) retrieved from /home/airflow/.local/lib/python3.7/site-packages/airflow/example_dags/example_sla_dag.py
[2025-01-09T23:53:25.778+0000] {logging_mixin.py:137} INFO - [2025-01-09T23:53:25.778+0000] {dag.py:2690} INFO - Sync 1 DAGs
[2025-01-09T23:53:25.788+0000] {logging_mixin.py:137} INFO - [2025-01-09T23:53:25.788+0000] {dag.py:3441} INFO - Setting next_dagrun for example_sla_dag to 2025-01-09T23:50:00+00:00, run_after=2025-01-09T23:52:00+00:00
[2025-01-09T23:53:25.793+0000] {processor.py:175} INFO - Processing /home/airflow/.local/lib/python3.7/site-packages/airflow/example_dags/example_sla_dag.py took 0.035 seconds
[2025-01-09T23:53:56.232+0000] {processor.py:153} INFO - Started process (PID=3804) to work on /home/airflow/.local/lib/python3.7/site-packages/airflow/example_dags/example_sla_dag.py
[2025-01-09T23:53:56.232+0000] {processor.py:743} INFO - Processing file /home/airflow/.local/lib/python3.7/site-packages/airflow/example_dags/example_sla_dag.py for tasks to queue
[2025-01-09T23:53:56.232+0000] {logging_mixin.py:137} INFO - [2025-01-09T23:53:56.232+0000] {dagbag.py:538} INFO - Filling up the DagBag from /home/airflow/.local/lib/python3.7/site-packages/airflow/example_dags/example_sla_dag.py
[2025-01-09T23:53:56.243+0000] {processor.py:753} INFO - DAG(s) dict_keys(['example_sla_dag']) retrieved from /home/airflow/.local/lib/python3.7/site-packages/airflow/example_dags/example_sla_dag.py
[2025-01-09T23:53:56.256+0000] {logging_mixin.py:137} INFO - [2025-01-09T23:53:56.256+0000] {dag.py:2690} INFO - Sync 1 DAGs
[2025-01-09T23:53:56.268+0000] {logging_mixin.py:137} INFO - [2025-01-09T23:53:56.268+0000] {dag.py:3441} INFO - Setting next_dagrun for example_sla_dag to 2025-01-09T23:50:00+00:00, run_after=2025-01-09T23:52:00+00:00
[2025-01-09T23:53:56.275+0000] {processor.py:175} INFO - Processing /home/airflow/.local/lib/python3.7/site-packages/airflow/example_dags/example_sla_dag.py took 0.045 seconds
[2025-01-09T23:54:26.784+0000] {processor.py:153} INFO - Started process (PID=3895) to work on /home/airflow/.local/lib/python3.7/site-packages/airflow/example_dags/example_sla_dag.py
[2025-01-09T23:54:26.785+0000] {processor.py:743} INFO - Processing file /home/airflow/.local/lib/python3.7/site-packages/airflow/example_dags/example_sla_dag.py for tasks to queue
[2025-01-09T23:54:26.785+0000] {logging_mixin.py:137} INFO - [2025-01-09T23:54:26.785+0000] {dagbag.py:538} INFO - Filling up the DagBag from /home/airflow/.local/lib/python3.7/site-packages/airflow/example_dags/example_sla_dag.py
[2025-01-09T23:54:26.796+0000] {processor.py:753} INFO - DAG(s) dict_keys(['example_sla_dag']) retrieved from /home/airflow/.local/lib/python3.7/site-packages/airflow/example_dags/example_sla_dag.py
[2025-01-09T23:54:26.810+0000] {logging_mixin.py:137} INFO - [2025-01-09T23:54:26.810+0000] {dag.py:2690} INFO - Sync 1 DAGs
[2025-01-09T23:54:26.824+0000] {logging_mixin.py:137} INFO - [2025-01-09T23:54:26.824+0000] {dag.py:3441} INFO - Setting next_dagrun for example_sla_dag to 2025-01-09T23:52:00+00:00, run_after=2025-01-09T23:54:00+00:00
[2025-01-09T23:54:26.834+0000] {processor.py:175} INFO - Processing /home/airflow/.local/lib/python3.7/site-packages/airflow/example_dags/example_sla_dag.py took 0.052 seconds
[2025-01-09T23:54:57.374+0000] {processor.py:153} INFO - Started process (PID=3986) to work on /home/airflow/.local/lib/python3.7/site-packages/airflow/example_dags/example_sla_dag.py
[2025-01-09T23:54:57.375+0000] {processor.py:743} INFO - Processing file /home/airflow/.local/lib/python3.7/site-packages/airflow/example_dags/example_sla_dag.py for tasks to queue
[2025-01-09T23:54:57.377+0000] {logging_mixin.py:137} INFO - [2025-01-09T23:54:57.377+0000] {dagbag.py:538} INFO - Filling up the DagBag from /home/airflow/.local/lib/python3.7/site-packages/airflow/example_dags/example_sla_dag.py
[2025-01-09T23:54:57.387+0000] {processor.py:753} INFO - DAG(s) dict_keys(['example_sla_dag']) retrieved from /home/airflow/.local/lib/python3.7/site-packages/airflow/example_dags/example_sla_dag.py
[2025-01-09T23:54:57.398+0000] {logging_mixin.py:137} INFO - [2025-01-09T23:54:57.398+0000] {dag.py:2690} INFO - Sync 1 DAGs
[2025-01-09T23:54:57.411+0000] {logging_mixin.py:137} INFO - [2025-01-09T23:54:57.411+0000] {dag.py:3441} INFO - Setting next_dagrun for example_sla_dag to 2025-01-09T23:52:00+00:00, run_after=2025-01-09T23:54:00+00:00
[2025-01-09T23:54:57.426+0000] {processor.py:175} INFO - Processing /home/airflow/.local/lib/python3.7/site-packages/airflow/example_dags/example_sla_dag.py took 0.054 seconds
[2025-01-09T23:55:27.847+0000] {processor.py:153} INFO - Started process (PID=4060) to work on /home/airflow/.local/lib/python3.7/site-packages/airflow/example_dags/example_sla_dag.py
[2025-01-09T23:55:27.848+0000] {processor.py:743} INFO - Processing file /home/airflow/.local/lib/python3.7/site-packages/airflow/example_dags/example_sla_dag.py for tasks to queue
[2025-01-09T23:55:27.849+0000] {logging_mixin.py:137} INFO - [2025-01-09T23:55:27.849+0000] {dagbag.py:538} INFO - Filling up the DagBag from /home/airflow/.local/lib/python3.7/site-packages/airflow/example_dags/example_sla_dag.py
[2025-01-09T23:55:27.859+0000] {processor.py:753} INFO - DAG(s) dict_keys(['example_sla_dag']) retrieved from /home/airflow/.local/lib/python3.7/site-packages/airflow/example_dags/example_sla_dag.py
[2025-01-09T23:55:27.870+0000] {logging_mixin.py:137} INFO - [2025-01-09T23:55:27.870+0000] {dag.py:2690} INFO - Sync 1 DAGs
[2025-01-09T23:55:27.881+0000] {logging_mixin.py:137} INFO - [2025-01-09T23:55:27.881+0000] {dag.py:3441} INFO - Setting next_dagrun for example_sla_dag to 2025-01-09T23:52:00+00:00, run_after=2025-01-09T23:54:00+00:00
[2025-01-09T23:55:27.891+0000] {processor.py:175} INFO - Processing /home/airflow/.local/lib/python3.7/site-packages/airflow/example_dags/example_sla_dag.py took 0.045 seconds
