[2025-01-09T23:31:32.414+0000] {processor.py:153} INFO - Started process (PID=69) to work on /home/airflow/.local/lib/python3.7/site-packages/airflow/example_dags/example_branch_datetime_operator.py
[2025-01-09T23:31:32.416+0000] {processor.py:743} INFO - Processing file /home/airflow/.local/lib/python3.7/site-packages/airflow/example_dags/example_branch_datetime_operator.py for tasks to queue
[2025-01-09T23:31:32.417+0000] {logging_mixin.py:137} INFO - [2025-01-09T23:31:32.417+0000] {dagbag.py:538} INFO - Filling up the DagBag from /home/airflow/.local/lib/python3.7/site-packages/airflow/example_dags/example_branch_datetime_operator.py
[2025-01-09T23:31:32.425+0000] {processor.py:753} INFO - DAG(s) dict_keys(['example_branch_datetime_operator_2', 'example_branch_datetime_operator', 'example_branch_datetime_operator_3']) retrieved from /home/airflow/.local/lib/python3.7/site-packages/airflow/example_dags/example_branch_datetime_operator.py
[2025-01-09T23:31:32.445+0000] {logging_mixin.py:137} INFO - [2025-01-09T23:31:32.445+0000] {dag.py:2690} INFO - Sync 3 DAGs
[2025-01-09T23:31:32.462+0000] {logging_mixin.py:137} INFO - [2025-01-09T23:31:32.462+0000] {dag.py:3441} INFO - Setting next_dagrun for example_branch_datetime_operator to 2025-01-08T00:00:00+00:00, run_after=2025-01-09T00:00:00+00:00
[2025-01-09T23:31:32.466+0000] {logging_mixin.py:137} INFO - [2025-01-09T23:31:32.466+0000] {dag.py:3441} INFO - Setting next_dagrun for example_branch_datetime_operator_2 to 2025-01-08T00:00:00+00:00, run_after=2025-01-09T00:00:00+00:00
[2025-01-09T23:31:32.468+0000] {logging_mixin.py:137} INFO - [2025-01-09T23:31:32.468+0000] {dag.py:3441} INFO - Setting next_dagrun for example_branch_datetime_operator_3 to 2025-01-08T00:00:00+00:00, run_after=2025-01-09T00:00:00+00:00
[2025-01-09T23:31:32.483+0000] {processor.py:175} INFO - Processing /home/airflow/.local/lib/python3.7/site-packages/airflow/example_dags/example_branch_datetime_operator.py took 0.072 seconds
[2025-01-09T23:32:03.042+0000] {processor.py:153} INFO - Started process (PID=176) to work on /home/airflow/.local/lib/python3.7/site-packages/airflow/example_dags/example_branch_datetime_operator.py
[2025-01-09T23:32:03.042+0000] {processor.py:743} INFO - Processing file /home/airflow/.local/lib/python3.7/site-packages/airflow/example_dags/example_branch_datetime_operator.py for tasks to queue
[2025-01-09T23:32:03.043+0000] {logging_mixin.py:137} INFO - [2025-01-09T23:32:03.043+0000] {dagbag.py:538} INFO - Filling up the DagBag from /home/airflow/.local/lib/python3.7/site-packages/airflow/example_dags/example_branch_datetime_operator.py
[2025-01-09T23:32:03.050+0000] {processor.py:753} INFO - DAG(s) dict_keys(['example_branch_datetime_operator_2', 'example_branch_datetime_operator', 'example_branch_datetime_operator_3']) retrieved from /home/airflow/.local/lib/python3.7/site-packages/airflow/example_dags/example_branch_datetime_operator.py
[2025-01-09T23:32:03.065+0000] {logging_mixin.py:137} INFO - [2025-01-09T23:32:03.065+0000] {dag.py:2690} INFO - Sync 3 DAGs
[2025-01-09T23:32:03.079+0000] {logging_mixin.py:137} INFO - [2025-01-09T23:32:03.079+0000] {dag.py:3441} INFO - Setting next_dagrun for example_branch_datetime_operator to 2025-01-08T00:00:00+00:00, run_after=2025-01-09T00:00:00+00:00
[2025-01-09T23:32:03.081+0000] {logging_mixin.py:137} INFO - [2025-01-09T23:32:03.081+0000] {dag.py:3441} INFO - Setting next_dagrun for example_branch_datetime_operator_2 to 2025-01-08T00:00:00+00:00, run_after=2025-01-09T00:00:00+00:00
[2025-01-09T23:32:03.082+0000] {logging_mixin.py:137} INFO - [2025-01-09T23:32:03.082+0000] {dag.py:3441} INFO - Setting next_dagrun for example_branch_datetime_operator_3 to 2025-01-08T00:00:00+00:00, run_after=2025-01-09T00:00:00+00:00
[2025-01-09T23:32:03.090+0000] {processor.py:175} INFO - Processing /home/airflow/.local/lib/python3.7/site-packages/airflow/example_dags/example_branch_datetime_operator.py took 0.050 seconds
[2025-01-09T23:32:34.002+0000] {processor.py:153} INFO - Started process (PID=266) to work on /home/airflow/.local/lib/python3.7/site-packages/airflow/example_dags/example_branch_datetime_operator.py
[2025-01-09T23:32:34.002+0000] {processor.py:743} INFO - Processing file /home/airflow/.local/lib/python3.7/site-packages/airflow/example_dags/example_branch_datetime_operator.py for tasks to queue
[2025-01-09T23:32:34.003+0000] {logging_mixin.py:137} INFO - [2025-01-09T23:32:34.003+0000] {dagbag.py:538} INFO - Filling up the DagBag from /home/airflow/.local/lib/python3.7/site-packages/airflow/example_dags/example_branch_datetime_operator.py
[2025-01-09T23:32:34.009+0000] {processor.py:753} INFO - DAG(s) dict_keys(['example_branch_datetime_operator', 'example_branch_datetime_operator_3', 'example_branch_datetime_operator_2']) retrieved from /home/airflow/.local/lib/python3.7/site-packages/airflow/example_dags/example_branch_datetime_operator.py
[2025-01-09T23:32:34.020+0000] {logging_mixin.py:137} INFO - [2025-01-09T23:32:34.020+0000] {dag.py:2690} INFO - Sync 3 DAGs
[2025-01-09T23:32:34.030+0000] {logging_mixin.py:137} INFO - [2025-01-09T23:32:34.030+0000] {dag.py:3441} INFO - Setting next_dagrun for example_branch_datetime_operator to 2025-01-08T00:00:00+00:00, run_after=2025-01-09T00:00:00+00:00
[2025-01-09T23:32:34.032+0000] {logging_mixin.py:137} INFO - [2025-01-09T23:32:34.032+0000] {dag.py:3441} INFO - Setting next_dagrun for example_branch_datetime_operator_2 to 2025-01-08T00:00:00+00:00, run_after=2025-01-09T00:00:00+00:00
[2025-01-09T23:32:34.033+0000] {logging_mixin.py:137} INFO - [2025-01-09T23:32:34.033+0000] {dag.py:3441} INFO - Setting next_dagrun for example_branch_datetime_operator_3 to 2025-01-08T00:00:00+00:00, run_after=2025-01-09T00:00:00+00:00
[2025-01-09T23:32:34.038+0000] {processor.py:175} INFO - Processing /home/airflow/.local/lib/python3.7/site-packages/airflow/example_dags/example_branch_datetime_operator.py took 0.037 seconds
[2025-01-09T23:33:04.492+0000] {processor.py:153} INFO - Started process (PID=341) to work on /home/airflow/.local/lib/python3.7/site-packages/airflow/example_dags/example_branch_datetime_operator.py
[2025-01-09T23:33:04.492+0000] {processor.py:743} INFO - Processing file /home/airflow/.local/lib/python3.7/site-packages/airflow/example_dags/example_branch_datetime_operator.py for tasks to queue
[2025-01-09T23:33:04.492+0000] {logging_mixin.py:137} INFO - [2025-01-09T23:33:04.492+0000] {dagbag.py:538} INFO - Filling up the DagBag from /home/airflow/.local/lib/python3.7/site-packages/airflow/example_dags/example_branch_datetime_operator.py
[2025-01-09T23:33:04.500+0000] {processor.py:753} INFO - DAG(s) dict_keys(['example_branch_datetime_operator', 'example_branch_datetime_operator_3', 'example_branch_datetime_operator_2']) retrieved from /home/airflow/.local/lib/python3.7/site-packages/airflow/example_dags/example_branch_datetime_operator.py
[2025-01-09T23:33:04.513+0000] {logging_mixin.py:137} INFO - [2025-01-09T23:33:04.513+0000] {dag.py:2690} INFO - Sync 3 DAGs
[2025-01-09T23:33:04.529+0000] {logging_mixin.py:137} INFO - [2025-01-09T23:33:04.529+0000] {dag.py:3441} INFO - Setting next_dagrun for example_branch_datetime_operator to 2025-01-08T00:00:00+00:00, run_after=2025-01-09T00:00:00+00:00
[2025-01-09T23:33:04.531+0000] {logging_mixin.py:137} INFO - [2025-01-09T23:33:04.531+0000] {dag.py:3441} INFO - Setting next_dagrun for example_branch_datetime_operator_2 to 2025-01-08T00:00:00+00:00, run_after=2025-01-09T00:00:00+00:00
[2025-01-09T23:33:04.532+0000] {logging_mixin.py:137} INFO - [2025-01-09T23:33:04.532+0000] {dag.py:3441} INFO - Setting next_dagrun for example_branch_datetime_operator_3 to 2025-01-08T00:00:00+00:00, run_after=2025-01-09T00:00:00+00:00
[2025-01-09T23:33:04.539+0000] {processor.py:175} INFO - Processing /home/airflow/.local/lib/python3.7/site-packages/airflow/example_dags/example_branch_datetime_operator.py took 0.049 seconds
[2025-01-09T23:33:34.885+0000] {processor.py:153} INFO - Started process (PID=432) to work on /home/airflow/.local/lib/python3.7/site-packages/airflow/example_dags/example_branch_datetime_operator.py
[2025-01-09T23:33:34.886+0000] {processor.py:743} INFO - Processing file /home/airflow/.local/lib/python3.7/site-packages/airflow/example_dags/example_branch_datetime_operator.py for tasks to queue
[2025-01-09T23:33:34.886+0000] {logging_mixin.py:137} INFO - [2025-01-09T23:33:34.886+0000] {dagbag.py:538} INFO - Filling up the DagBag from /home/airflow/.local/lib/python3.7/site-packages/airflow/example_dags/example_branch_datetime_operator.py
[2025-01-09T23:33:34.892+0000] {processor.py:753} INFO - DAG(s) dict_keys(['example_branch_datetime_operator_3', 'example_branch_datetime_operator', 'example_branch_datetime_operator_2']) retrieved from /home/airflow/.local/lib/python3.7/site-packages/airflow/example_dags/example_branch_datetime_operator.py
[2025-01-09T23:33:34.909+0000] {logging_mixin.py:137} INFO - [2025-01-09T23:33:34.909+0000] {dag.py:2690} INFO - Sync 3 DAGs
[2025-01-09T23:33:34.920+0000] {logging_mixin.py:137} INFO - [2025-01-09T23:33:34.920+0000] {dag.py:3441} INFO - Setting next_dagrun for example_branch_datetime_operator to 2025-01-08T00:00:00+00:00, run_after=2025-01-09T00:00:00+00:00
[2025-01-09T23:33:34.922+0000] {logging_mixin.py:137} INFO - [2025-01-09T23:33:34.922+0000] {dag.py:3441} INFO - Setting next_dagrun for example_branch_datetime_operator_2 to 2025-01-08T00:00:00+00:00, run_after=2025-01-09T00:00:00+00:00
[2025-01-09T23:33:34.924+0000] {logging_mixin.py:137} INFO - [2025-01-09T23:33:34.924+0000] {dag.py:3441} INFO - Setting next_dagrun for example_branch_datetime_operator_3 to 2025-01-08T00:00:00+00:00, run_after=2025-01-09T00:00:00+00:00
[2025-01-09T23:33:34.934+0000] {processor.py:175} INFO - Processing /home/airflow/.local/lib/python3.7/site-packages/airflow/example_dags/example_branch_datetime_operator.py took 0.050 seconds
[2025-01-09T23:34:05.335+0000] {processor.py:153} INFO - Started process (PID=523) to work on /home/airflow/.local/lib/python3.7/site-packages/airflow/example_dags/example_branch_datetime_operator.py
[2025-01-09T23:34:05.335+0000] {processor.py:743} INFO - Processing file /home/airflow/.local/lib/python3.7/site-packages/airflow/example_dags/example_branch_datetime_operator.py for tasks to queue
[2025-01-09T23:34:05.336+0000] {logging_mixin.py:137} INFO - [2025-01-09T23:34:05.336+0000] {dagbag.py:538} INFO - Filling up the DagBag from /home/airflow/.local/lib/python3.7/site-packages/airflow/example_dags/example_branch_datetime_operator.py
[2025-01-09T23:34:05.343+0000] {processor.py:753} INFO - DAG(s) dict_keys(['example_branch_datetime_operator', 'example_branch_datetime_operator_3', 'example_branch_datetime_operator_2']) retrieved from /home/airflow/.local/lib/python3.7/site-packages/airflow/example_dags/example_branch_datetime_operator.py
[2025-01-09T23:34:05.363+0000] {logging_mixin.py:137} INFO - [2025-01-09T23:34:05.363+0000] {dag.py:2690} INFO - Sync 3 DAGs
[2025-01-09T23:34:05.377+0000] {logging_mixin.py:137} INFO - [2025-01-09T23:34:05.376+0000] {dag.py:3441} INFO - Setting next_dagrun for example_branch_datetime_operator to 2025-01-08T00:00:00+00:00, run_after=2025-01-09T00:00:00+00:00
[2025-01-09T23:34:05.379+0000] {logging_mixin.py:137} INFO - [2025-01-09T23:34:05.379+0000] {dag.py:3441} INFO - Setting next_dagrun for example_branch_datetime_operator_2 to 2025-01-08T00:00:00+00:00, run_after=2025-01-09T00:00:00+00:00
[2025-01-09T23:34:05.380+0000] {logging_mixin.py:137} INFO - [2025-01-09T23:34:05.380+0000] {dag.py:3441} INFO - Setting next_dagrun for example_branch_datetime_operator_3 to 2025-01-08T00:00:00+00:00, run_after=2025-01-09T00:00:00+00:00
[2025-01-09T23:34:05.388+0000] {processor.py:175} INFO - Processing /home/airflow/.local/lib/python3.7/site-packages/airflow/example_dags/example_branch_datetime_operator.py took 0.054 seconds
[2025-01-09T23:34:35.869+0000] {processor.py:153} INFO - Started process (PID=613) to work on /home/airflow/.local/lib/python3.7/site-packages/airflow/example_dags/example_branch_datetime_operator.py
[2025-01-09T23:34:35.869+0000] {processor.py:743} INFO - Processing file /home/airflow/.local/lib/python3.7/site-packages/airflow/example_dags/example_branch_datetime_operator.py for tasks to queue
[2025-01-09T23:34:35.870+0000] {logging_mixin.py:137} INFO - [2025-01-09T23:34:35.870+0000] {dagbag.py:538} INFO - Filling up the DagBag from /home/airflow/.local/lib/python3.7/site-packages/airflow/example_dags/example_branch_datetime_operator.py
[2025-01-09T23:34:35.877+0000] {processor.py:753} INFO - DAG(s) dict_keys(['example_branch_datetime_operator', 'example_branch_datetime_operator_3', 'example_branch_datetime_operator_2']) retrieved from /home/airflow/.local/lib/python3.7/site-packages/airflow/example_dags/example_branch_datetime_operator.py
[2025-01-09T23:34:35.890+0000] {logging_mixin.py:137} INFO - [2025-01-09T23:34:35.890+0000] {dag.py:2690} INFO - Sync 3 DAGs
[2025-01-09T23:34:35.904+0000] {logging_mixin.py:137} INFO - [2025-01-09T23:34:35.904+0000] {dag.py:3441} INFO - Setting next_dagrun for example_branch_datetime_operator to 2025-01-08T00:00:00+00:00, run_after=2025-01-09T00:00:00+00:00
[2025-01-09T23:34:35.906+0000] {logging_mixin.py:137} INFO - [2025-01-09T23:34:35.906+0000] {dag.py:3441} INFO - Setting next_dagrun for example_branch_datetime_operator_2 to 2025-01-08T00:00:00+00:00, run_after=2025-01-09T00:00:00+00:00
[2025-01-09T23:34:35.907+0000] {logging_mixin.py:137} INFO - [2025-01-09T23:34:35.907+0000] {dag.py:3441} INFO - Setting next_dagrun for example_branch_datetime_operator_3 to 2025-01-08T00:00:00+00:00, run_after=2025-01-09T00:00:00+00:00
[2025-01-09T23:34:35.915+0000] {processor.py:175} INFO - Processing /home/airflow/.local/lib/python3.7/site-packages/airflow/example_dags/example_branch_datetime_operator.py took 0.048 seconds
[2025-01-09T23:35:06.238+0000] {processor.py:153} INFO - Started process (PID=688) to work on /home/airflow/.local/lib/python3.7/site-packages/airflow/example_dags/example_branch_datetime_operator.py
[2025-01-09T23:35:06.239+0000] {processor.py:743} INFO - Processing file /home/airflow/.local/lib/python3.7/site-packages/airflow/example_dags/example_branch_datetime_operator.py for tasks to queue
[2025-01-09T23:35:06.239+0000] {logging_mixin.py:137} INFO - [2025-01-09T23:35:06.239+0000] {dagbag.py:538} INFO - Filling up the DagBag from /home/airflow/.local/lib/python3.7/site-packages/airflow/example_dags/example_branch_datetime_operator.py
[2025-01-09T23:35:06.247+0000] {processor.py:753} INFO - DAG(s) dict_keys(['example_branch_datetime_operator', 'example_branch_datetime_operator_3', 'example_branch_datetime_operator_2']) retrieved from /home/airflow/.local/lib/python3.7/site-packages/airflow/example_dags/example_branch_datetime_operator.py
[2025-01-09T23:35:06.260+0000] {logging_mixin.py:137} INFO - [2025-01-09T23:35:06.260+0000] {dag.py:2690} INFO - Sync 3 DAGs
[2025-01-09T23:35:06.272+0000] {logging_mixin.py:137} INFO - [2025-01-09T23:35:06.272+0000] {dag.py:3441} INFO - Setting next_dagrun for example_branch_datetime_operator to 2025-01-08T00:00:00+00:00, run_after=2025-01-09T00:00:00+00:00
[2025-01-09T23:35:06.286+0000] {logging_mixin.py:137} INFO - [2025-01-09T23:35:06.286+0000] {dag.py:3441} INFO - Setting next_dagrun for example_branch_datetime_operator_2 to 2025-01-08T00:00:00+00:00, run_after=2025-01-09T00:00:00+00:00
[2025-01-09T23:35:06.288+0000] {logging_mixin.py:137} INFO - [2025-01-09T23:35:06.288+0000] {dag.py:3441} INFO - Setting next_dagrun for example_branch_datetime_operator_3 to 2025-01-08T00:00:00+00:00, run_after=2025-01-09T00:00:00+00:00
[2025-01-09T23:35:06.296+0000] {processor.py:175} INFO - Processing /home/airflow/.local/lib/python3.7/site-packages/airflow/example_dags/example_branch_datetime_operator.py took 0.060 seconds
[2025-01-09T23:35:36.708+0000] {processor.py:153} INFO - Started process (PID=779) to work on /home/airflow/.local/lib/python3.7/site-packages/airflow/example_dags/example_branch_datetime_operator.py
[2025-01-09T23:35:36.709+0000] {processor.py:743} INFO - Processing file /home/airflow/.local/lib/python3.7/site-packages/airflow/example_dags/example_branch_datetime_operator.py for tasks to queue
[2025-01-09T23:35:36.709+0000] {logging_mixin.py:137} INFO - [2025-01-09T23:35:36.709+0000] {dagbag.py:538} INFO - Filling up the DagBag from /home/airflow/.local/lib/python3.7/site-packages/airflow/example_dags/example_branch_datetime_operator.py
[2025-01-09T23:35:36.715+0000] {processor.py:753} INFO - DAG(s) dict_keys(['example_branch_datetime_operator_3', 'example_branch_datetime_operator', 'example_branch_datetime_operator_2']) retrieved from /home/airflow/.local/lib/python3.7/site-packages/airflow/example_dags/example_branch_datetime_operator.py
[2025-01-09T23:35:36.730+0000] {logging_mixin.py:137} INFO - [2025-01-09T23:35:36.729+0000] {dag.py:2690} INFO - Sync 3 DAGs
[2025-01-09T23:35:36.740+0000] {logging_mixin.py:137} INFO - [2025-01-09T23:35:36.740+0000] {dag.py:3441} INFO - Setting next_dagrun for example_branch_datetime_operator to 2025-01-08T00:00:00+00:00, run_after=2025-01-09T00:00:00+00:00
[2025-01-09T23:35:36.742+0000] {logging_mixin.py:137} INFO - [2025-01-09T23:35:36.742+0000] {dag.py:3441} INFO - Setting next_dagrun for example_branch_datetime_operator_2 to 2025-01-08T00:00:00+00:00, run_after=2025-01-09T00:00:00+00:00
[2025-01-09T23:35:36.743+0000] {logging_mixin.py:137} INFO - [2025-01-09T23:35:36.743+0000] {dag.py:3441} INFO - Setting next_dagrun for example_branch_datetime_operator_3 to 2025-01-08T00:00:00+00:00, run_after=2025-01-09T00:00:00+00:00
[2025-01-09T23:35:36.749+0000] {processor.py:175} INFO - Processing /home/airflow/.local/lib/python3.7/site-packages/airflow/example_dags/example_branch_datetime_operator.py took 0.042 seconds
[2025-01-09T23:36:07.147+0000] {processor.py:153} INFO - Started process (PID=870) to work on /home/airflow/.local/lib/python3.7/site-packages/airflow/example_dags/example_branch_datetime_operator.py
[2025-01-09T23:36:07.147+0000] {processor.py:743} INFO - Processing file /home/airflow/.local/lib/python3.7/site-packages/airflow/example_dags/example_branch_datetime_operator.py for tasks to queue
[2025-01-09T23:36:07.148+0000] {logging_mixin.py:137} INFO - [2025-01-09T23:36:07.147+0000] {dagbag.py:538} INFO - Filling up the DagBag from /home/airflow/.local/lib/python3.7/site-packages/airflow/example_dags/example_branch_datetime_operator.py
[2025-01-09T23:36:07.156+0000] {processor.py:753} INFO - DAG(s) dict_keys(['example_branch_datetime_operator_3', 'example_branch_datetime_operator_2', 'example_branch_datetime_operator']) retrieved from /home/airflow/.local/lib/python3.7/site-packages/airflow/example_dags/example_branch_datetime_operator.py
[2025-01-09T23:36:07.168+0000] {logging_mixin.py:137} INFO - [2025-01-09T23:36:07.167+0000] {dag.py:2690} INFO - Sync 3 DAGs
[2025-01-09T23:36:07.181+0000] {logging_mixin.py:137} INFO - [2025-01-09T23:36:07.181+0000] {dag.py:3441} INFO - Setting next_dagrun for example_branch_datetime_operator to 2025-01-08T00:00:00+00:00, run_after=2025-01-09T00:00:00+00:00
[2025-01-09T23:36:07.183+0000] {logging_mixin.py:137} INFO - [2025-01-09T23:36:07.183+0000] {dag.py:3441} INFO - Setting next_dagrun for example_branch_datetime_operator_2 to 2025-01-08T00:00:00+00:00, run_after=2025-01-09T00:00:00+00:00
[2025-01-09T23:36:07.184+0000] {logging_mixin.py:137} INFO - [2025-01-09T23:36:07.184+0000] {dag.py:3441} INFO - Setting next_dagrun for example_branch_datetime_operator_3 to 2025-01-08T00:00:00+00:00, run_after=2025-01-09T00:00:00+00:00
[2025-01-09T23:36:07.192+0000] {processor.py:175} INFO - Processing /home/airflow/.local/lib/python3.7/site-packages/airflow/example_dags/example_branch_datetime_operator.py took 0.047 seconds
[2025-01-09T23:36:37.642+0000] {processor.py:153} INFO - Started process (PID=960) to work on /home/airflow/.local/lib/python3.7/site-packages/airflow/example_dags/example_branch_datetime_operator.py
[2025-01-09T23:36:37.642+0000] {processor.py:743} INFO - Processing file /home/airflow/.local/lib/python3.7/site-packages/airflow/example_dags/example_branch_datetime_operator.py for tasks to queue
[2025-01-09T23:36:37.643+0000] {logging_mixin.py:137} INFO - [2025-01-09T23:36:37.643+0000] {dagbag.py:538} INFO - Filling up the DagBag from /home/airflow/.local/lib/python3.7/site-packages/airflow/example_dags/example_branch_datetime_operator.py
[2025-01-09T23:36:37.650+0000] {processor.py:753} INFO - DAG(s) dict_keys(['example_branch_datetime_operator_3', 'example_branch_datetime_operator', 'example_branch_datetime_operator_2']) retrieved from /home/airflow/.local/lib/python3.7/site-packages/airflow/example_dags/example_branch_datetime_operator.py
[2025-01-09T23:36:37.663+0000] {logging_mixin.py:137} INFO - [2025-01-09T23:36:37.663+0000] {dag.py:2690} INFO - Sync 3 DAGs
[2025-01-09T23:36:37.674+0000] {logging_mixin.py:137} INFO - [2025-01-09T23:36:37.674+0000] {dag.py:3441} INFO - Setting next_dagrun for example_branch_datetime_operator to 2025-01-08T00:00:00+00:00, run_after=2025-01-09T00:00:00+00:00
[2025-01-09T23:36:37.676+0000] {logging_mixin.py:137} INFO - [2025-01-09T23:36:37.676+0000] {dag.py:3441} INFO - Setting next_dagrun for example_branch_datetime_operator_2 to 2025-01-08T00:00:00+00:00, run_after=2025-01-09T00:00:00+00:00
[2025-01-09T23:36:37.677+0000] {logging_mixin.py:137} INFO - [2025-01-09T23:36:37.677+0000] {dag.py:3441} INFO - Setting next_dagrun for example_branch_datetime_operator_3 to 2025-01-08T00:00:00+00:00, run_after=2025-01-09T00:00:00+00:00
[2025-01-09T23:36:37.684+0000] {processor.py:175} INFO - Processing /home/airflow/.local/lib/python3.7/site-packages/airflow/example_dags/example_branch_datetime_operator.py took 0.044 seconds
[2025-01-09T23:37:08.181+0000] {processor.py:153} INFO - Started process (PID=1044) to work on /home/airflow/.local/lib/python3.7/site-packages/airflow/example_dags/example_branch_datetime_operator.py
[2025-01-09T23:37:08.182+0000] {processor.py:743} INFO - Processing file /home/airflow/.local/lib/python3.7/site-packages/airflow/example_dags/example_branch_datetime_operator.py for tasks to queue
[2025-01-09T23:37:08.182+0000] {logging_mixin.py:137} INFO - [2025-01-09T23:37:08.182+0000] {dagbag.py:538} INFO - Filling up the DagBag from /home/airflow/.local/lib/python3.7/site-packages/airflow/example_dags/example_branch_datetime_operator.py
[2025-01-09T23:37:08.189+0000] {processor.py:753} INFO - DAG(s) dict_keys(['example_branch_datetime_operator_2', 'example_branch_datetime_operator', 'example_branch_datetime_operator_3']) retrieved from /home/airflow/.local/lib/python3.7/site-packages/airflow/example_dags/example_branch_datetime_operator.py
[2025-01-09T23:37:08.219+0000] {logging_mixin.py:137} INFO - [2025-01-09T23:37:08.219+0000] {dag.py:2690} INFO - Sync 3 DAGs
[2025-01-09T23:37:08.237+0000] {logging_mixin.py:137} INFO - [2025-01-09T23:37:08.237+0000] {dag.py:3441} INFO - Setting next_dagrun for example_branch_datetime_operator to 2025-01-08T00:00:00+00:00, run_after=2025-01-09T00:00:00+00:00
[2025-01-09T23:37:08.241+0000] {logging_mixin.py:137} INFO - [2025-01-09T23:37:08.241+0000] {dag.py:3441} INFO - Setting next_dagrun for example_branch_datetime_operator_2 to 2025-01-08T00:00:00+00:00, run_after=2025-01-09T00:00:00+00:00
[2025-01-09T23:37:08.252+0000] {logging_mixin.py:137} INFO - [2025-01-09T23:37:08.252+0000] {dag.py:3441} INFO - Setting next_dagrun for example_branch_datetime_operator_3 to 2025-01-08T00:00:00+00:00, run_after=2025-01-09T00:00:00+00:00
[2025-01-09T23:37:08.297+0000] {processor.py:175} INFO - Processing /home/airflow/.local/lib/python3.7/site-packages/airflow/example_dags/example_branch_datetime_operator.py took 0.117 seconds
[2025-01-09T23:37:38.799+0000] {processor.py:153} INFO - Started process (PID=1126) to work on /home/airflow/.local/lib/python3.7/site-packages/airflow/example_dags/example_branch_datetime_operator.py
[2025-01-09T23:37:38.800+0000] {processor.py:743} INFO - Processing file /home/airflow/.local/lib/python3.7/site-packages/airflow/example_dags/example_branch_datetime_operator.py for tasks to queue
[2025-01-09T23:37:38.800+0000] {logging_mixin.py:137} INFO - [2025-01-09T23:37:38.800+0000] {dagbag.py:538} INFO - Filling up the DagBag from /home/airflow/.local/lib/python3.7/site-packages/airflow/example_dags/example_branch_datetime_operator.py
[2025-01-09T23:37:38.807+0000] {processor.py:753} INFO - DAG(s) dict_keys(['example_branch_datetime_operator_3', 'example_branch_datetime_operator', 'example_branch_datetime_operator_2']) retrieved from /home/airflow/.local/lib/python3.7/site-packages/airflow/example_dags/example_branch_datetime_operator.py
[2025-01-09T23:37:38.820+0000] {logging_mixin.py:137} INFO - [2025-01-09T23:37:38.819+0000] {dag.py:2690} INFO - Sync 3 DAGs
[2025-01-09T23:37:38.830+0000] {logging_mixin.py:137} INFO - [2025-01-09T23:37:38.830+0000] {dag.py:3441} INFO - Setting next_dagrun for example_branch_datetime_operator to 2025-01-08T00:00:00+00:00, run_after=2025-01-09T00:00:00+00:00
[2025-01-09T23:37:38.832+0000] {logging_mixin.py:137} INFO - [2025-01-09T23:37:38.832+0000] {dag.py:3441} INFO - Setting next_dagrun for example_branch_datetime_operator_2 to 2025-01-08T00:00:00+00:00, run_after=2025-01-09T00:00:00+00:00
[2025-01-09T23:37:38.833+0000] {logging_mixin.py:137} INFO - [2025-01-09T23:37:38.833+0000] {dag.py:3441} INFO - Setting next_dagrun for example_branch_datetime_operator_3 to 2025-01-08T00:00:00+00:00, run_after=2025-01-09T00:00:00+00:00
[2025-01-09T23:37:38.841+0000] {processor.py:175} INFO - Processing /home/airflow/.local/lib/python3.7/site-packages/airflow/example_dags/example_branch_datetime_operator.py took 0.043 seconds
[2025-01-09T23:38:40.980+0000] {processor.py:153} INFO - Started process (PID=1201) to work on /home/airflow/.local/lib/python3.7/site-packages/airflow/example_dags/example_branch_datetime_operator.py
[2025-01-09T23:38:40.981+0000] {processor.py:743} INFO - Processing file /home/airflow/.local/lib/python3.7/site-packages/airflow/example_dags/example_branch_datetime_operator.py for tasks to queue
[2025-01-09T23:38:40.981+0000] {logging_mixin.py:137} INFO - [2025-01-09T23:38:40.981+0000] {dagbag.py:538} INFO - Filling up the DagBag from /home/airflow/.local/lib/python3.7/site-packages/airflow/example_dags/example_branch_datetime_operator.py
[2025-01-09T23:38:40.988+0000] {processor.py:753} INFO - DAG(s) dict_keys(['example_branch_datetime_operator_2', 'example_branch_datetime_operator_3', 'example_branch_datetime_operator']) retrieved from /home/airflow/.local/lib/python3.7/site-packages/airflow/example_dags/example_branch_datetime_operator.py
[2025-01-09T23:38:41.000+0000] {logging_mixin.py:137} INFO - [2025-01-09T23:38:41.000+0000] {dag.py:2690} INFO - Sync 3 DAGs
[2025-01-09T23:38:41.011+0000] {logging_mixin.py:137} INFO - [2025-01-09T23:38:41.011+0000] {dag.py:3441} INFO - Setting next_dagrun for example_branch_datetime_operator to 2025-01-08T00:00:00+00:00, run_after=2025-01-09T00:00:00+00:00
[2025-01-09T23:38:41.013+0000] {logging_mixin.py:137} INFO - [2025-01-09T23:38:41.013+0000] {dag.py:3441} INFO - Setting next_dagrun for example_branch_datetime_operator_2 to 2025-01-08T00:00:00+00:00, run_after=2025-01-09T00:00:00+00:00
[2025-01-09T23:38:41.014+0000] {logging_mixin.py:137} INFO - [2025-01-09T23:38:41.014+0000] {dag.py:3441} INFO - Setting next_dagrun for example_branch_datetime_operator_3 to 2025-01-08T00:00:00+00:00, run_after=2025-01-09T00:00:00+00:00
[2025-01-09T23:38:41.022+0000] {processor.py:175} INFO - Processing /home/airflow/.local/lib/python3.7/site-packages/airflow/example_dags/example_branch_datetime_operator.py took 0.044 seconds
[2025-01-09T23:39:11.476+0000] {processor.py:153} INFO - Started process (PID=1291) to work on /home/airflow/.local/lib/python3.7/site-packages/airflow/example_dags/example_branch_datetime_operator.py
[2025-01-09T23:39:11.476+0000] {processor.py:743} INFO - Processing file /home/airflow/.local/lib/python3.7/site-packages/airflow/example_dags/example_branch_datetime_operator.py for tasks to queue
[2025-01-09T23:39:11.476+0000] {logging_mixin.py:137} INFO - [2025-01-09T23:39:11.476+0000] {dagbag.py:538} INFO - Filling up the DagBag from /home/airflow/.local/lib/python3.7/site-packages/airflow/example_dags/example_branch_datetime_operator.py
[2025-01-09T23:39:11.484+0000] {processor.py:753} INFO - DAG(s) dict_keys(['example_branch_datetime_operator_3', 'example_branch_datetime_operator_2', 'example_branch_datetime_operator']) retrieved from /home/airflow/.local/lib/python3.7/site-packages/airflow/example_dags/example_branch_datetime_operator.py
[2025-01-09T23:39:11.499+0000] {logging_mixin.py:137} INFO - [2025-01-09T23:39:11.499+0000] {dag.py:2690} INFO - Sync 3 DAGs
[2025-01-09T23:39:11.510+0000] {logging_mixin.py:137} INFO - [2025-01-09T23:39:11.510+0000] {dag.py:3441} INFO - Setting next_dagrun for example_branch_datetime_operator to 2025-01-08T00:00:00+00:00, run_after=2025-01-09T00:00:00+00:00
[2025-01-09T23:39:11.514+0000] {logging_mixin.py:137} INFO - [2025-01-09T23:39:11.513+0000] {dag.py:3441} INFO - Setting next_dagrun for example_branch_datetime_operator_2 to 2025-01-08T00:00:00+00:00, run_after=2025-01-09T00:00:00+00:00
[2025-01-09T23:39:11.515+0000] {logging_mixin.py:137} INFO - [2025-01-09T23:39:11.515+0000] {dag.py:3441} INFO - Setting next_dagrun for example_branch_datetime_operator_3 to 2025-01-08T00:00:00+00:00, run_after=2025-01-09T00:00:00+00:00
[2025-01-09T23:39:11.522+0000] {processor.py:175} INFO - Processing /home/airflow/.local/lib/python3.7/site-packages/airflow/example_dags/example_branch_datetime_operator.py took 0.048 seconds
[2025-01-09T23:39:42.064+0000] {processor.py:153} INFO - Started process (PID=1375) to work on /home/airflow/.local/lib/python3.7/site-packages/airflow/example_dags/example_branch_datetime_operator.py
[2025-01-09T23:39:42.067+0000] {processor.py:743} INFO - Processing file /home/airflow/.local/lib/python3.7/site-packages/airflow/example_dags/example_branch_datetime_operator.py for tasks to queue
[2025-01-09T23:39:42.071+0000] {logging_mixin.py:137} INFO - [2025-01-09T23:39:42.071+0000] {dagbag.py:538} INFO - Filling up the DagBag from /home/airflow/.local/lib/python3.7/site-packages/airflow/example_dags/example_branch_datetime_operator.py
[2025-01-09T23:39:42.081+0000] {processor.py:753} INFO - DAG(s) dict_keys(['example_branch_datetime_operator', 'example_branch_datetime_operator_2', 'example_branch_datetime_operator_3']) retrieved from /home/airflow/.local/lib/python3.7/site-packages/airflow/example_dags/example_branch_datetime_operator.py
[2025-01-09T23:39:42.119+0000] {logging_mixin.py:137} INFO - [2025-01-09T23:39:42.118+0000] {dag.py:2690} INFO - Sync 3 DAGs
[2025-01-09T23:39:42.154+0000] {logging_mixin.py:137} INFO - [2025-01-09T23:39:42.154+0000] {dag.py:3441} INFO - Setting next_dagrun for example_branch_datetime_operator to 2025-01-08T00:00:00+00:00, run_after=2025-01-09T00:00:00+00:00
[2025-01-09T23:39:42.158+0000] {logging_mixin.py:137} INFO - [2025-01-09T23:39:42.158+0000] {dag.py:3441} INFO - Setting next_dagrun for example_branch_datetime_operator_2 to 2025-01-08T00:00:00+00:00, run_after=2025-01-09T00:00:00+00:00
[2025-01-09T23:39:42.160+0000] {logging_mixin.py:137} INFO - [2025-01-09T23:39:42.160+0000] {dag.py:3441} INFO - Setting next_dagrun for example_branch_datetime_operator_3 to 2025-01-08T00:00:00+00:00, run_after=2025-01-09T00:00:00+00:00
[2025-01-09T23:39:42.176+0000] {processor.py:175} INFO - Processing /home/airflow/.local/lib/python3.7/site-packages/airflow/example_dags/example_branch_datetime_operator.py took 0.114 seconds
[2025-01-09T23:40:12.663+0000] {processor.py:153} INFO - Started process (PID=1457) to work on /home/airflow/.local/lib/python3.7/site-packages/airflow/example_dags/example_branch_datetime_operator.py
[2025-01-09T23:40:12.663+0000] {processor.py:743} INFO - Processing file /home/airflow/.local/lib/python3.7/site-packages/airflow/example_dags/example_branch_datetime_operator.py for tasks to queue
[2025-01-09T23:40:12.664+0000] {logging_mixin.py:137} INFO - [2025-01-09T23:40:12.664+0000] {dagbag.py:538} INFO - Filling up the DagBag from /home/airflow/.local/lib/python3.7/site-packages/airflow/example_dags/example_branch_datetime_operator.py
[2025-01-09T23:40:12.670+0000] {processor.py:753} INFO - DAG(s) dict_keys(['example_branch_datetime_operator_3', 'example_branch_datetime_operator_2', 'example_branch_datetime_operator']) retrieved from /home/airflow/.local/lib/python3.7/site-packages/airflow/example_dags/example_branch_datetime_operator.py
[2025-01-09T23:40:12.682+0000] {logging_mixin.py:137} INFO - [2025-01-09T23:40:12.682+0000] {dag.py:2690} INFO - Sync 3 DAGs
[2025-01-09T23:40:12.692+0000] {logging_mixin.py:137} INFO - [2025-01-09T23:40:12.692+0000] {dag.py:3441} INFO - Setting next_dagrun for example_branch_datetime_operator to 2025-01-08T00:00:00+00:00, run_after=2025-01-09T00:00:00+00:00
[2025-01-09T23:40:12.694+0000] {logging_mixin.py:137} INFO - [2025-01-09T23:40:12.694+0000] {dag.py:3441} INFO - Setting next_dagrun for example_branch_datetime_operator_2 to 2025-01-08T00:00:00+00:00, run_after=2025-01-09T00:00:00+00:00
[2025-01-09T23:40:12.695+0000] {logging_mixin.py:137} INFO - [2025-01-09T23:40:12.695+0000] {dag.py:3441} INFO - Setting next_dagrun for example_branch_datetime_operator_3 to 2025-01-08T00:00:00+00:00, run_after=2025-01-09T00:00:00+00:00
[2025-01-09T23:40:12.705+0000] {processor.py:175} INFO - Processing /home/airflow/.local/lib/python3.7/site-packages/airflow/example_dags/example_branch_datetime_operator.py took 0.043 seconds
[2025-01-09T23:40:43.104+0000] {processor.py:153} INFO - Started process (PID=1548) to work on /home/airflow/.local/lib/python3.7/site-packages/airflow/example_dags/example_branch_datetime_operator.py
[2025-01-09T23:40:43.104+0000] {processor.py:743} INFO - Processing file /home/airflow/.local/lib/python3.7/site-packages/airflow/example_dags/example_branch_datetime_operator.py for tasks to queue
[2025-01-09T23:40:43.104+0000] {logging_mixin.py:137} INFO - [2025-01-09T23:40:43.104+0000] {dagbag.py:538} INFO - Filling up the DagBag from /home/airflow/.local/lib/python3.7/site-packages/airflow/example_dags/example_branch_datetime_operator.py
[2025-01-09T23:40:43.111+0000] {processor.py:753} INFO - DAG(s) dict_keys(['example_branch_datetime_operator_2', 'example_branch_datetime_operator', 'example_branch_datetime_operator_3']) retrieved from /home/airflow/.local/lib/python3.7/site-packages/airflow/example_dags/example_branch_datetime_operator.py
[2025-01-09T23:40:43.131+0000] {logging_mixin.py:137} INFO - [2025-01-09T23:40:43.131+0000] {dag.py:2690} INFO - Sync 3 DAGs
[2025-01-09T23:40:43.143+0000] {logging_mixin.py:137} INFO - [2025-01-09T23:40:43.143+0000] {dag.py:3441} INFO - Setting next_dagrun for example_branch_datetime_operator to 2025-01-08T00:00:00+00:00, run_after=2025-01-09T00:00:00+00:00
[2025-01-09T23:40:43.146+0000] {logging_mixin.py:137} INFO - [2025-01-09T23:40:43.146+0000] {dag.py:3441} INFO - Setting next_dagrun for example_branch_datetime_operator_2 to 2025-01-08T00:00:00+00:00, run_after=2025-01-09T00:00:00+00:00
[2025-01-09T23:40:43.147+0000] {logging_mixin.py:137} INFO - [2025-01-09T23:40:43.147+0000] {dag.py:3441} INFO - Setting next_dagrun for example_branch_datetime_operator_3 to 2025-01-08T00:00:00+00:00, run_after=2025-01-09T00:00:00+00:00
[2025-01-09T23:40:43.155+0000] {processor.py:175} INFO - Processing /home/airflow/.local/lib/python3.7/site-packages/airflow/example_dags/example_branch_datetime_operator.py took 0.052 seconds
[2025-01-09T23:41:13.561+0000] {processor.py:153} INFO - Started process (PID=1639) to work on /home/airflow/.local/lib/python3.7/site-packages/airflow/example_dags/example_branch_datetime_operator.py
[2025-01-09T23:41:13.562+0000] {processor.py:743} INFO - Processing file /home/airflow/.local/lib/python3.7/site-packages/airflow/example_dags/example_branch_datetime_operator.py for tasks to queue
[2025-01-09T23:41:13.562+0000] {logging_mixin.py:137} INFO - [2025-01-09T23:41:13.562+0000] {dagbag.py:538} INFO - Filling up the DagBag from /home/airflow/.local/lib/python3.7/site-packages/airflow/example_dags/example_branch_datetime_operator.py
[2025-01-09T23:41:13.569+0000] {processor.py:753} INFO - DAG(s) dict_keys(['example_branch_datetime_operator_3', 'example_branch_datetime_operator', 'example_branch_datetime_operator_2']) retrieved from /home/airflow/.local/lib/python3.7/site-packages/airflow/example_dags/example_branch_datetime_operator.py
[2025-01-09T23:41:13.582+0000] {logging_mixin.py:137} INFO - [2025-01-09T23:41:13.582+0000] {dag.py:2690} INFO - Sync 3 DAGs
[2025-01-09T23:41:13.593+0000] {logging_mixin.py:137} INFO - [2025-01-09T23:41:13.593+0000] {dag.py:3441} INFO - Setting next_dagrun for example_branch_datetime_operator to 2025-01-08T00:00:00+00:00, run_after=2025-01-09T00:00:00+00:00
[2025-01-09T23:41:13.595+0000] {logging_mixin.py:137} INFO - [2025-01-09T23:41:13.595+0000] {dag.py:3441} INFO - Setting next_dagrun for example_branch_datetime_operator_2 to 2025-01-08T00:00:00+00:00, run_after=2025-01-09T00:00:00+00:00
[2025-01-09T23:41:13.597+0000] {logging_mixin.py:137} INFO - [2025-01-09T23:41:13.597+0000] {dag.py:3441} INFO - Setting next_dagrun for example_branch_datetime_operator_3 to 2025-01-08T00:00:00+00:00, run_after=2025-01-09T00:00:00+00:00
[2025-01-09T23:41:13.603+0000] {processor.py:175} INFO - Processing /home/airflow/.local/lib/python3.7/site-packages/airflow/example_dags/example_branch_datetime_operator.py took 0.043 seconds
[2025-01-09T23:41:44.264+0000] {processor.py:153} INFO - Started process (PID=1730) to work on /home/airflow/.local/lib/python3.7/site-packages/airflow/example_dags/example_branch_datetime_operator.py
[2025-01-09T23:41:44.265+0000] {processor.py:743} INFO - Processing file /home/airflow/.local/lib/python3.7/site-packages/airflow/example_dags/example_branch_datetime_operator.py for tasks to queue
[2025-01-09T23:41:44.265+0000] {logging_mixin.py:137} INFO - [2025-01-09T23:41:44.265+0000] {dagbag.py:538} INFO - Filling up the DagBag from /home/airflow/.local/lib/python3.7/site-packages/airflow/example_dags/example_branch_datetime_operator.py
[2025-01-09T23:41:44.273+0000] {processor.py:753} INFO - DAG(s) dict_keys(['example_branch_datetime_operator', 'example_branch_datetime_operator_3', 'example_branch_datetime_operator_2']) retrieved from /home/airflow/.local/lib/python3.7/site-packages/airflow/example_dags/example_branch_datetime_operator.py
[2025-01-09T23:41:44.289+0000] {logging_mixin.py:137} INFO - [2025-01-09T23:41:44.289+0000] {dag.py:2690} INFO - Sync 3 DAGs
[2025-01-09T23:41:44.301+0000] {logging_mixin.py:137} INFO - [2025-01-09T23:41:44.301+0000] {dag.py:3441} INFO - Setting next_dagrun for example_branch_datetime_operator to 2025-01-08T00:00:00+00:00, run_after=2025-01-09T00:00:00+00:00
[2025-01-09T23:41:44.303+0000] {logging_mixin.py:137} INFO - [2025-01-09T23:41:44.303+0000] {dag.py:3441} INFO - Setting next_dagrun for example_branch_datetime_operator_2 to 2025-01-08T00:00:00+00:00, run_after=2025-01-09T00:00:00+00:00
[2025-01-09T23:41:44.304+0000] {logging_mixin.py:137} INFO - [2025-01-09T23:41:44.304+0000] {dag.py:3441} INFO - Setting next_dagrun for example_branch_datetime_operator_3 to 2025-01-08T00:00:00+00:00, run_after=2025-01-09T00:00:00+00:00
[2025-01-09T23:41:44.310+0000] {processor.py:175} INFO - Processing /home/airflow/.local/lib/python3.7/site-packages/airflow/example_dags/example_branch_datetime_operator.py took 0.047 seconds
[2025-01-09T23:42:14.706+0000] {processor.py:153} INFO - Started process (PID=1805) to work on /home/airflow/.local/lib/python3.7/site-packages/airflow/example_dags/example_branch_datetime_operator.py
[2025-01-09T23:42:14.706+0000] {processor.py:743} INFO - Processing file /home/airflow/.local/lib/python3.7/site-packages/airflow/example_dags/example_branch_datetime_operator.py for tasks to queue
[2025-01-09T23:42:14.707+0000] {logging_mixin.py:137} INFO - [2025-01-09T23:42:14.707+0000] {dagbag.py:538} INFO - Filling up the DagBag from /home/airflow/.local/lib/python3.7/site-packages/airflow/example_dags/example_branch_datetime_operator.py
[2025-01-09T23:42:14.713+0000] {processor.py:753} INFO - DAG(s) dict_keys(['example_branch_datetime_operator_2', 'example_branch_datetime_operator', 'example_branch_datetime_operator_3']) retrieved from /home/airflow/.local/lib/python3.7/site-packages/airflow/example_dags/example_branch_datetime_operator.py
[2025-01-09T23:42:14.725+0000] {logging_mixin.py:137} INFO - [2025-01-09T23:42:14.725+0000] {dag.py:2690} INFO - Sync 3 DAGs
[2025-01-09T23:42:14.736+0000] {logging_mixin.py:137} INFO - [2025-01-09T23:42:14.736+0000] {dag.py:3441} INFO - Setting next_dagrun for example_branch_datetime_operator to 2025-01-08T00:00:00+00:00, run_after=2025-01-09T00:00:00+00:00
[2025-01-09T23:42:14.739+0000] {logging_mixin.py:137} INFO - [2025-01-09T23:42:14.739+0000] {dag.py:3441} INFO - Setting next_dagrun for example_branch_datetime_operator_2 to 2025-01-08T00:00:00+00:00, run_after=2025-01-09T00:00:00+00:00
[2025-01-09T23:42:14.740+0000] {logging_mixin.py:137} INFO - [2025-01-09T23:42:14.740+0000] {dag.py:3441} INFO - Setting next_dagrun for example_branch_datetime_operator_3 to 2025-01-08T00:00:00+00:00, run_after=2025-01-09T00:00:00+00:00
[2025-01-09T23:42:14.751+0000] {processor.py:175} INFO - Processing /home/airflow/.local/lib/python3.7/site-packages/airflow/example_dags/example_branch_datetime_operator.py took 0.046 seconds
[2025-01-09T23:42:45.334+0000] {processor.py:153} INFO - Started process (PID=1897) to work on /home/airflow/.local/lib/python3.7/site-packages/airflow/example_dags/example_branch_datetime_operator.py
[2025-01-09T23:42:45.335+0000] {processor.py:743} INFO - Processing file /home/airflow/.local/lib/python3.7/site-packages/airflow/example_dags/example_branch_datetime_operator.py for tasks to queue
[2025-01-09T23:42:45.336+0000] {logging_mixin.py:137} INFO - [2025-01-09T23:42:45.336+0000] {dagbag.py:538} INFO - Filling up the DagBag from /home/airflow/.local/lib/python3.7/site-packages/airflow/example_dags/example_branch_datetime_operator.py
[2025-01-09T23:42:45.344+0000] {processor.py:753} INFO - DAG(s) dict_keys(['example_branch_datetime_operator_3', 'example_branch_datetime_operator_2', 'example_branch_datetime_operator']) retrieved from /home/airflow/.local/lib/python3.7/site-packages/airflow/example_dags/example_branch_datetime_operator.py
[2025-01-09T23:42:45.361+0000] {logging_mixin.py:137} INFO - [2025-01-09T23:42:45.361+0000] {dag.py:2690} INFO - Sync 3 DAGs
[2025-01-09T23:42:45.373+0000] {logging_mixin.py:137} INFO - [2025-01-09T23:42:45.373+0000] {dag.py:3441} INFO - Setting next_dagrun for example_branch_datetime_operator to 2025-01-08T00:00:00+00:00, run_after=2025-01-09T00:00:00+00:00
[2025-01-09T23:42:45.375+0000] {logging_mixin.py:137} INFO - [2025-01-09T23:42:45.375+0000] {dag.py:3441} INFO - Setting next_dagrun for example_branch_datetime_operator_2 to 2025-01-08T00:00:00+00:00, run_after=2025-01-09T00:00:00+00:00
[2025-01-09T23:42:45.376+0000] {logging_mixin.py:137} INFO - [2025-01-09T23:42:45.376+0000] {dag.py:3441} INFO - Setting next_dagrun for example_branch_datetime_operator_3 to 2025-01-08T00:00:00+00:00, run_after=2025-01-09T00:00:00+00:00
[2025-01-09T23:42:45.382+0000] {processor.py:175} INFO - Processing /home/airflow/.local/lib/python3.7/site-packages/airflow/example_dags/example_branch_datetime_operator.py took 0.050 seconds
[2025-01-09T23:43:15.970+0000] {processor.py:153} INFO - Started process (PID=1988) to work on /home/airflow/.local/lib/python3.7/site-packages/airflow/example_dags/example_branch_datetime_operator.py
[2025-01-09T23:43:15.971+0000] {processor.py:743} INFO - Processing file /home/airflow/.local/lib/python3.7/site-packages/airflow/example_dags/example_branch_datetime_operator.py for tasks to queue
[2025-01-09T23:43:15.971+0000] {logging_mixin.py:137} INFO - [2025-01-09T23:43:15.971+0000] {dagbag.py:538} INFO - Filling up the DagBag from /home/airflow/.local/lib/python3.7/site-packages/airflow/example_dags/example_branch_datetime_operator.py
[2025-01-09T23:43:15.978+0000] {processor.py:753} INFO - DAG(s) dict_keys(['example_branch_datetime_operator_3', 'example_branch_datetime_operator', 'example_branch_datetime_operator_2']) retrieved from /home/airflow/.local/lib/python3.7/site-packages/airflow/example_dags/example_branch_datetime_operator.py
[2025-01-09T23:43:15.990+0000] {logging_mixin.py:137} INFO - [2025-01-09T23:43:15.990+0000] {dag.py:2690} INFO - Sync 3 DAGs
[2025-01-09T23:43:16.001+0000] {logging_mixin.py:137} INFO - [2025-01-09T23:43:16.001+0000] {dag.py:3441} INFO - Setting next_dagrun for example_branch_datetime_operator to 2025-01-08T00:00:00+00:00, run_after=2025-01-09T00:00:00+00:00
[2025-01-09T23:43:16.003+0000] {logging_mixin.py:137} INFO - [2025-01-09T23:43:16.003+0000] {dag.py:3441} INFO - Setting next_dagrun for example_branch_datetime_operator_2 to 2025-01-08T00:00:00+00:00, run_after=2025-01-09T00:00:00+00:00
[2025-01-09T23:43:16.004+0000] {logging_mixin.py:137} INFO - [2025-01-09T23:43:16.004+0000] {dag.py:3441} INFO - Setting next_dagrun for example_branch_datetime_operator_3 to 2025-01-08T00:00:00+00:00, run_after=2025-01-09T00:00:00+00:00
[2025-01-09T23:43:16.014+0000] {processor.py:175} INFO - Processing /home/airflow/.local/lib/python3.7/site-packages/airflow/example_dags/example_branch_datetime_operator.py took 0.044 seconds
[2025-01-09T23:43:46.552+0000] {processor.py:153} INFO - Started process (PID=2079) to work on /home/airflow/.local/lib/python3.7/site-packages/airflow/example_dags/example_branch_datetime_operator.py
[2025-01-09T23:43:46.553+0000] {processor.py:743} INFO - Processing file /home/airflow/.local/lib/python3.7/site-packages/airflow/example_dags/example_branch_datetime_operator.py for tasks to queue
[2025-01-09T23:43:46.553+0000] {logging_mixin.py:137} INFO - [2025-01-09T23:43:46.553+0000] {dagbag.py:538} INFO - Filling up the DagBag from /home/airflow/.local/lib/python3.7/site-packages/airflow/example_dags/example_branch_datetime_operator.py
[2025-01-09T23:43:46.560+0000] {processor.py:753} INFO - DAG(s) dict_keys(['example_branch_datetime_operator', 'example_branch_datetime_operator_2', 'example_branch_datetime_operator_3']) retrieved from /home/airflow/.local/lib/python3.7/site-packages/airflow/example_dags/example_branch_datetime_operator.py
[2025-01-09T23:43:46.578+0000] {logging_mixin.py:137} INFO - [2025-01-09T23:43:46.578+0000] {dag.py:2690} INFO - Sync 3 DAGs
[2025-01-09T23:43:46.591+0000] {logging_mixin.py:137} INFO - [2025-01-09T23:43:46.591+0000] {dag.py:3441} INFO - Setting next_dagrun for example_branch_datetime_operator to 2025-01-08T00:00:00+00:00, run_after=2025-01-09T00:00:00+00:00
[2025-01-09T23:43:46.593+0000] {logging_mixin.py:137} INFO - [2025-01-09T23:43:46.593+0000] {dag.py:3441} INFO - Setting next_dagrun for example_branch_datetime_operator_2 to 2025-01-08T00:00:00+00:00, run_after=2025-01-09T00:00:00+00:00
[2025-01-09T23:43:46.594+0000] {logging_mixin.py:137} INFO - [2025-01-09T23:43:46.594+0000] {dag.py:3441} INFO - Setting next_dagrun for example_branch_datetime_operator_3 to 2025-01-08T00:00:00+00:00, run_after=2025-01-09T00:00:00+00:00
[2025-01-09T23:43:46.607+0000] {processor.py:175} INFO - Processing /home/airflow/.local/lib/python3.7/site-packages/airflow/example_dags/example_branch_datetime_operator.py took 0.056 seconds
[2025-01-09T23:44:17.149+0000] {processor.py:153} INFO - Started process (PID=2154) to work on /home/airflow/.local/lib/python3.7/site-packages/airflow/example_dags/example_branch_datetime_operator.py
[2025-01-09T23:44:17.150+0000] {processor.py:743} INFO - Processing file /home/airflow/.local/lib/python3.7/site-packages/airflow/example_dags/example_branch_datetime_operator.py for tasks to queue
[2025-01-09T23:44:17.150+0000] {logging_mixin.py:137} INFO - [2025-01-09T23:44:17.150+0000] {dagbag.py:538} INFO - Filling up the DagBag from /home/airflow/.local/lib/python3.7/site-packages/airflow/example_dags/example_branch_datetime_operator.py
[2025-01-09T23:44:17.157+0000] {processor.py:753} INFO - DAG(s) dict_keys(['example_branch_datetime_operator_3', 'example_branch_datetime_operator', 'example_branch_datetime_operator_2']) retrieved from /home/airflow/.local/lib/python3.7/site-packages/airflow/example_dags/example_branch_datetime_operator.py
[2025-01-09T23:44:17.170+0000] {logging_mixin.py:137} INFO - [2025-01-09T23:44:17.170+0000] {dag.py:2690} INFO - Sync 3 DAGs
[2025-01-09T23:44:17.181+0000] {logging_mixin.py:137} INFO - [2025-01-09T23:44:17.181+0000] {dag.py:3441} INFO - Setting next_dagrun for example_branch_datetime_operator to 2025-01-08T00:00:00+00:00, run_after=2025-01-09T00:00:00+00:00
[2025-01-09T23:44:17.183+0000] {logging_mixin.py:137} INFO - [2025-01-09T23:44:17.183+0000] {dag.py:3441} INFO - Setting next_dagrun for example_branch_datetime_operator_2 to 2025-01-08T00:00:00+00:00, run_after=2025-01-09T00:00:00+00:00
[2025-01-09T23:44:17.184+0000] {logging_mixin.py:137} INFO - [2025-01-09T23:44:17.184+0000] {dag.py:3441} INFO - Setting next_dagrun for example_branch_datetime_operator_3 to 2025-01-08T00:00:00+00:00, run_after=2025-01-09T00:00:00+00:00
[2025-01-09T23:44:17.193+0000] {processor.py:175} INFO - Processing /home/airflow/.local/lib/python3.7/site-packages/airflow/example_dags/example_branch_datetime_operator.py took 0.045 seconds
[2025-01-09T23:44:47.671+0000] {processor.py:153} INFO - Started process (PID=2245) to work on /home/airflow/.local/lib/python3.7/site-packages/airflow/example_dags/example_branch_datetime_operator.py
[2025-01-09T23:44:47.672+0000] {processor.py:743} INFO - Processing file /home/airflow/.local/lib/python3.7/site-packages/airflow/example_dags/example_branch_datetime_operator.py for tasks to queue
[2025-01-09T23:44:47.672+0000] {logging_mixin.py:137} INFO - [2025-01-09T23:44:47.672+0000] {dagbag.py:538} INFO - Filling up the DagBag from /home/airflow/.local/lib/python3.7/site-packages/airflow/example_dags/example_branch_datetime_operator.py
[2025-01-09T23:44:47.679+0000] {processor.py:753} INFO - DAG(s) dict_keys(['example_branch_datetime_operator_2', 'example_branch_datetime_operator_3', 'example_branch_datetime_operator']) retrieved from /home/airflow/.local/lib/python3.7/site-packages/airflow/example_dags/example_branch_datetime_operator.py
[2025-01-09T23:44:47.693+0000] {logging_mixin.py:137} INFO - [2025-01-09T23:44:47.693+0000] {dag.py:2690} INFO - Sync 3 DAGs
[2025-01-09T23:44:47.703+0000] {logging_mixin.py:137} INFO - [2025-01-09T23:44:47.703+0000] {dag.py:3441} INFO - Setting next_dagrun for example_branch_datetime_operator to 2025-01-08T00:00:00+00:00, run_after=2025-01-09T00:00:00+00:00
[2025-01-09T23:44:47.705+0000] {logging_mixin.py:137} INFO - [2025-01-09T23:44:47.705+0000] {dag.py:3441} INFO - Setting next_dagrun for example_branch_datetime_operator_2 to 2025-01-08T00:00:00+00:00, run_after=2025-01-09T00:00:00+00:00
[2025-01-09T23:44:47.706+0000] {logging_mixin.py:137} INFO - [2025-01-09T23:44:47.706+0000] {dag.py:3441} INFO - Setting next_dagrun for example_branch_datetime_operator_3 to 2025-01-08T00:00:00+00:00, run_after=2025-01-09T00:00:00+00:00
[2025-01-09T23:44:47.713+0000] {processor.py:175} INFO - Processing /home/airflow/.local/lib/python3.7/site-packages/airflow/example_dags/example_branch_datetime_operator.py took 0.045 seconds
[2025-01-09T23:45:18.088+0000] {processor.py:153} INFO - Started process (PID=2336) to work on /home/airflow/.local/lib/python3.7/site-packages/airflow/example_dags/example_branch_datetime_operator.py
[2025-01-09T23:45:18.089+0000] {processor.py:743} INFO - Processing file /home/airflow/.local/lib/python3.7/site-packages/airflow/example_dags/example_branch_datetime_operator.py for tasks to queue
[2025-01-09T23:45:18.089+0000] {logging_mixin.py:137} INFO - [2025-01-09T23:45:18.089+0000] {dagbag.py:538} INFO - Filling up the DagBag from /home/airflow/.local/lib/python3.7/site-packages/airflow/example_dags/example_branch_datetime_operator.py
[2025-01-09T23:45:18.097+0000] {processor.py:753} INFO - DAG(s) dict_keys(['example_branch_datetime_operator_2', 'example_branch_datetime_operator', 'example_branch_datetime_operator_3']) retrieved from /home/airflow/.local/lib/python3.7/site-packages/airflow/example_dags/example_branch_datetime_operator.py
[2025-01-09T23:45:18.110+0000] {logging_mixin.py:137} INFO - [2025-01-09T23:45:18.110+0000] {dag.py:2690} INFO - Sync 3 DAGs
[2025-01-09T23:45:18.121+0000] {logging_mixin.py:137} INFO - [2025-01-09T23:45:18.121+0000] {dag.py:3441} INFO - Setting next_dagrun for example_branch_datetime_operator to 2025-01-08T00:00:00+00:00, run_after=2025-01-09T00:00:00+00:00
[2025-01-09T23:45:18.123+0000] {logging_mixin.py:137} INFO - [2025-01-09T23:45:18.123+0000] {dag.py:3441} INFO - Setting next_dagrun for example_branch_datetime_operator_2 to 2025-01-08T00:00:00+00:00, run_after=2025-01-09T00:00:00+00:00
[2025-01-09T23:45:18.124+0000] {logging_mixin.py:137} INFO - [2025-01-09T23:45:18.124+0000] {dag.py:3441} INFO - Setting next_dagrun for example_branch_datetime_operator_3 to 2025-01-08T00:00:00+00:00, run_after=2025-01-09T00:00:00+00:00
[2025-01-09T23:45:18.132+0000] {processor.py:175} INFO - Processing /home/airflow/.local/lib/python3.7/site-packages/airflow/example_dags/example_branch_datetime_operator.py took 0.046 seconds
[2025-01-09T23:45:48.572+0000] {processor.py:153} INFO - Started process (PID=2427) to work on /home/airflow/.local/lib/python3.7/site-packages/airflow/example_dags/example_branch_datetime_operator.py
[2025-01-09T23:45:48.573+0000] {processor.py:743} INFO - Processing file /home/airflow/.local/lib/python3.7/site-packages/airflow/example_dags/example_branch_datetime_operator.py for tasks to queue
[2025-01-09T23:45:48.573+0000] {logging_mixin.py:137} INFO - [2025-01-09T23:45:48.573+0000] {dagbag.py:538} INFO - Filling up the DagBag from /home/airflow/.local/lib/python3.7/site-packages/airflow/example_dags/example_branch_datetime_operator.py
[2025-01-09T23:45:48.579+0000] {processor.py:753} INFO - DAG(s) dict_keys(['example_branch_datetime_operator', 'example_branch_datetime_operator_2', 'example_branch_datetime_operator_3']) retrieved from /home/airflow/.local/lib/python3.7/site-packages/airflow/example_dags/example_branch_datetime_operator.py
[2025-01-09T23:45:48.594+0000] {logging_mixin.py:137} INFO - [2025-01-09T23:45:48.594+0000] {dag.py:2690} INFO - Sync 3 DAGs
[2025-01-09T23:45:48.605+0000] {logging_mixin.py:137} INFO - [2025-01-09T23:45:48.605+0000] {dag.py:3441} INFO - Setting next_dagrun for example_branch_datetime_operator to 2025-01-08T00:00:00+00:00, run_after=2025-01-09T00:00:00+00:00
[2025-01-09T23:45:48.609+0000] {logging_mixin.py:137} INFO - [2025-01-09T23:45:48.608+0000] {dag.py:3441} INFO - Setting next_dagrun for example_branch_datetime_operator_2 to 2025-01-08T00:00:00+00:00, run_after=2025-01-09T00:00:00+00:00
[2025-01-09T23:45:48.610+0000] {logging_mixin.py:137} INFO - [2025-01-09T23:45:48.610+0000] {dag.py:3441} INFO - Setting next_dagrun for example_branch_datetime_operator_3 to 2025-01-08T00:00:00+00:00, run_after=2025-01-09T00:00:00+00:00
[2025-01-09T23:45:48.618+0000] {processor.py:175} INFO - Processing /home/airflow/.local/lib/python3.7/site-packages/airflow/example_dags/example_branch_datetime_operator.py took 0.047 seconds
[2025-01-09T23:46:18.927+0000] {processor.py:153} INFO - Started process (PID=2501) to work on /home/airflow/.local/lib/python3.7/site-packages/airflow/example_dags/example_branch_datetime_operator.py
[2025-01-09T23:46:18.928+0000] {processor.py:743} INFO - Processing file /home/airflow/.local/lib/python3.7/site-packages/airflow/example_dags/example_branch_datetime_operator.py for tasks to queue
[2025-01-09T23:46:18.928+0000] {logging_mixin.py:137} INFO - [2025-01-09T23:46:18.928+0000] {dagbag.py:538} INFO - Filling up the DagBag from /home/airflow/.local/lib/python3.7/site-packages/airflow/example_dags/example_branch_datetime_operator.py
[2025-01-09T23:46:18.936+0000] {processor.py:753} INFO - DAG(s) dict_keys(['example_branch_datetime_operator_3', 'example_branch_datetime_operator', 'example_branch_datetime_operator_2']) retrieved from /home/airflow/.local/lib/python3.7/site-packages/airflow/example_dags/example_branch_datetime_operator.py
[2025-01-09T23:46:18.948+0000] {logging_mixin.py:137} INFO - [2025-01-09T23:46:18.948+0000] {dag.py:2690} INFO - Sync 3 DAGs
[2025-01-09T23:46:18.962+0000] {logging_mixin.py:137} INFO - [2025-01-09T23:46:18.962+0000] {dag.py:3441} INFO - Setting next_dagrun for example_branch_datetime_operator to 2025-01-08T00:00:00+00:00, run_after=2025-01-09T00:00:00+00:00
[2025-01-09T23:46:18.964+0000] {logging_mixin.py:137} INFO - [2025-01-09T23:46:18.964+0000] {dag.py:3441} INFO - Setting next_dagrun for example_branch_datetime_operator_2 to 2025-01-08T00:00:00+00:00, run_after=2025-01-09T00:00:00+00:00
[2025-01-09T23:46:18.966+0000] {logging_mixin.py:137} INFO - [2025-01-09T23:46:18.966+0000] {dag.py:3441} INFO - Setting next_dagrun for example_branch_datetime_operator_3 to 2025-01-08T00:00:00+00:00, run_after=2025-01-09T00:00:00+00:00
[2025-01-09T23:46:18.974+0000] {processor.py:175} INFO - Processing /home/airflow/.local/lib/python3.7/site-packages/airflow/example_dags/example_branch_datetime_operator.py took 0.048 seconds
[2025-01-09T23:46:49.449+0000] {processor.py:153} INFO - Started process (PID=2591) to work on /home/airflow/.local/lib/python3.7/site-packages/airflow/example_dags/example_branch_datetime_operator.py
[2025-01-09T23:46:49.450+0000] {processor.py:743} INFO - Processing file /home/airflow/.local/lib/python3.7/site-packages/airflow/example_dags/example_branch_datetime_operator.py for tasks to queue
[2025-01-09T23:46:49.450+0000] {logging_mixin.py:137} INFO - [2025-01-09T23:46:49.450+0000] {dagbag.py:538} INFO - Filling up the DagBag from /home/airflow/.local/lib/python3.7/site-packages/airflow/example_dags/example_branch_datetime_operator.py
[2025-01-09T23:46:49.458+0000] {processor.py:753} INFO - DAG(s) dict_keys(['example_branch_datetime_operator_2', 'example_branch_datetime_operator_3', 'example_branch_datetime_operator']) retrieved from /home/airflow/.local/lib/python3.7/site-packages/airflow/example_dags/example_branch_datetime_operator.py
[2025-01-09T23:46:49.471+0000] {logging_mixin.py:137} INFO - [2025-01-09T23:46:49.471+0000] {dag.py:2690} INFO - Sync 3 DAGs
[2025-01-09T23:46:49.483+0000] {logging_mixin.py:137} INFO - [2025-01-09T23:46:49.483+0000] {dag.py:3441} INFO - Setting next_dagrun for example_branch_datetime_operator to 2025-01-08T00:00:00+00:00, run_after=2025-01-09T00:00:00+00:00
[2025-01-09T23:46:49.485+0000] {logging_mixin.py:137} INFO - [2025-01-09T23:46:49.485+0000] {dag.py:3441} INFO - Setting next_dagrun for example_branch_datetime_operator_2 to 2025-01-08T00:00:00+00:00, run_after=2025-01-09T00:00:00+00:00
[2025-01-09T23:46:49.486+0000] {logging_mixin.py:137} INFO - [2025-01-09T23:46:49.486+0000] {dag.py:3441} INFO - Setting next_dagrun for example_branch_datetime_operator_3 to 2025-01-08T00:00:00+00:00, run_after=2025-01-09T00:00:00+00:00
[2025-01-09T23:46:49.491+0000] {processor.py:175} INFO - Processing /home/airflow/.local/lib/python3.7/site-packages/airflow/example_dags/example_branch_datetime_operator.py took 0.044 seconds
[2025-01-09T23:47:19.934+0000] {processor.py:153} INFO - Started process (PID=2682) to work on /home/airflow/.local/lib/python3.7/site-packages/airflow/example_dags/example_branch_datetime_operator.py
[2025-01-09T23:47:19.935+0000] {processor.py:743} INFO - Processing file /home/airflow/.local/lib/python3.7/site-packages/airflow/example_dags/example_branch_datetime_operator.py for tasks to queue
[2025-01-09T23:47:19.936+0000] {logging_mixin.py:137} INFO - [2025-01-09T23:47:19.936+0000] {dagbag.py:538} INFO - Filling up the DagBag from /home/airflow/.local/lib/python3.7/site-packages/airflow/example_dags/example_branch_datetime_operator.py
[2025-01-09T23:47:19.942+0000] {processor.py:753} INFO - DAG(s) dict_keys(['example_branch_datetime_operator_3', 'example_branch_datetime_operator', 'example_branch_datetime_operator_2']) retrieved from /home/airflow/.local/lib/python3.7/site-packages/airflow/example_dags/example_branch_datetime_operator.py
[2025-01-09T23:47:19.957+0000] {logging_mixin.py:137} INFO - [2025-01-09T23:47:19.957+0000] {dag.py:2690} INFO - Sync 3 DAGs
[2025-01-09T23:47:19.969+0000] {logging_mixin.py:137} INFO - [2025-01-09T23:47:19.969+0000] {dag.py:3441} INFO - Setting next_dagrun for example_branch_datetime_operator to 2025-01-08T00:00:00+00:00, run_after=2025-01-09T00:00:00+00:00
[2025-01-09T23:47:19.971+0000] {logging_mixin.py:137} INFO - [2025-01-09T23:47:19.971+0000] {dag.py:3441} INFO - Setting next_dagrun for example_branch_datetime_operator_2 to 2025-01-08T00:00:00+00:00, run_after=2025-01-09T00:00:00+00:00
[2025-01-09T23:47:19.972+0000] {logging_mixin.py:137} INFO - [2025-01-09T23:47:19.972+0000] {dag.py:3441} INFO - Setting next_dagrun for example_branch_datetime_operator_3 to 2025-01-08T00:00:00+00:00, run_after=2025-01-09T00:00:00+00:00
[2025-01-09T23:47:19.979+0000] {processor.py:175} INFO - Processing /home/airflow/.local/lib/python3.7/site-packages/airflow/example_dags/example_branch_datetime_operator.py took 0.046 seconds
[2025-01-09T23:47:50.390+0000] {processor.py:153} INFO - Started process (PID=2773) to work on /home/airflow/.local/lib/python3.7/site-packages/airflow/example_dags/example_branch_datetime_operator.py
[2025-01-09T23:47:50.390+0000] {processor.py:743} INFO - Processing file /home/airflow/.local/lib/python3.7/site-packages/airflow/example_dags/example_branch_datetime_operator.py for tasks to queue
[2025-01-09T23:47:50.391+0000] {logging_mixin.py:137} INFO - [2025-01-09T23:47:50.391+0000] {dagbag.py:538} INFO - Filling up the DagBag from /home/airflow/.local/lib/python3.7/site-packages/airflow/example_dags/example_branch_datetime_operator.py
[2025-01-09T23:47:50.398+0000] {processor.py:753} INFO - DAG(s) dict_keys(['example_branch_datetime_operator_2', 'example_branch_datetime_operator_3', 'example_branch_datetime_operator']) retrieved from /home/airflow/.local/lib/python3.7/site-packages/airflow/example_dags/example_branch_datetime_operator.py
[2025-01-09T23:47:50.413+0000] {logging_mixin.py:137} INFO - [2025-01-09T23:47:50.413+0000] {dag.py:2690} INFO - Sync 3 DAGs
[2025-01-09T23:47:50.425+0000] {logging_mixin.py:137} INFO - [2025-01-09T23:47:50.425+0000] {dag.py:3441} INFO - Setting next_dagrun for example_branch_datetime_operator to 2025-01-08T00:00:00+00:00, run_after=2025-01-09T00:00:00+00:00
[2025-01-09T23:47:50.426+0000] {logging_mixin.py:137} INFO - [2025-01-09T23:47:50.426+0000] {dag.py:3441} INFO - Setting next_dagrun for example_branch_datetime_operator_2 to 2025-01-08T00:00:00+00:00, run_after=2025-01-09T00:00:00+00:00
[2025-01-09T23:47:50.427+0000] {logging_mixin.py:137} INFO - [2025-01-09T23:47:50.427+0000] {dag.py:3441} INFO - Setting next_dagrun for example_branch_datetime_operator_3 to 2025-01-08T00:00:00+00:00, run_after=2025-01-09T00:00:00+00:00
[2025-01-09T23:47:50.439+0000] {processor.py:175} INFO - Processing /home/airflow/.local/lib/python3.7/site-packages/airflow/example_dags/example_branch_datetime_operator.py took 0.051 seconds
[2025-01-09T23:48:21.110+0000] {processor.py:153} INFO - Started process (PID=2864) to work on /home/airflow/.local/lib/python3.7/site-packages/airflow/example_dags/example_branch_datetime_operator.py
[2025-01-09T23:48:21.110+0000] {processor.py:743} INFO - Processing file /home/airflow/.local/lib/python3.7/site-packages/airflow/example_dags/example_branch_datetime_operator.py for tasks to queue
[2025-01-09T23:48:21.111+0000] {logging_mixin.py:137} INFO - [2025-01-09T23:48:21.111+0000] {dagbag.py:538} INFO - Filling up the DagBag from /home/airflow/.local/lib/python3.7/site-packages/airflow/example_dags/example_branch_datetime_operator.py
[2025-01-09T23:48:21.120+0000] {processor.py:753} INFO - DAG(s) dict_keys(['example_branch_datetime_operator_2', 'example_branch_datetime_operator_3', 'example_branch_datetime_operator']) retrieved from /home/airflow/.local/lib/python3.7/site-packages/airflow/example_dags/example_branch_datetime_operator.py
[2025-01-09T23:48:21.133+0000] {logging_mixin.py:137} INFO - [2025-01-09T23:48:21.133+0000] {dag.py:2690} INFO - Sync 3 DAGs
[2025-01-09T23:48:21.143+0000] {logging_mixin.py:137} INFO - [2025-01-09T23:48:21.143+0000] {dag.py:3441} INFO - Setting next_dagrun for example_branch_datetime_operator to 2025-01-08T00:00:00+00:00, run_after=2025-01-09T00:00:00+00:00
[2025-01-09T23:48:21.147+0000] {logging_mixin.py:137} INFO - [2025-01-09T23:48:21.147+0000] {dag.py:3441} INFO - Setting next_dagrun for example_branch_datetime_operator_2 to 2025-01-08T00:00:00+00:00, run_after=2025-01-09T00:00:00+00:00
[2025-01-09T23:48:21.148+0000] {logging_mixin.py:137} INFO - [2025-01-09T23:48:21.148+0000] {dag.py:3441} INFO - Setting next_dagrun for example_branch_datetime_operator_3 to 2025-01-08T00:00:00+00:00, run_after=2025-01-09T00:00:00+00:00
[2025-01-09T23:48:21.156+0000] {processor.py:175} INFO - Processing /home/airflow/.local/lib/python3.7/site-packages/airflow/example_dags/example_branch_datetime_operator.py took 0.047 seconds
[2025-01-09T23:48:51.510+0000] {processor.py:153} INFO - Started process (PID=2939) to work on /home/airflow/.local/lib/python3.7/site-packages/airflow/example_dags/example_branch_datetime_operator.py
[2025-01-09T23:48:51.510+0000] {processor.py:743} INFO - Processing file /home/airflow/.local/lib/python3.7/site-packages/airflow/example_dags/example_branch_datetime_operator.py for tasks to queue
[2025-01-09T23:48:51.510+0000] {logging_mixin.py:137} INFO - [2025-01-09T23:48:51.510+0000] {dagbag.py:538} INFO - Filling up the DagBag from /home/airflow/.local/lib/python3.7/site-packages/airflow/example_dags/example_branch_datetime_operator.py
[2025-01-09T23:48:51.517+0000] {processor.py:753} INFO - DAG(s) dict_keys(['example_branch_datetime_operator_2', 'example_branch_datetime_operator', 'example_branch_datetime_operator_3']) retrieved from /home/airflow/.local/lib/python3.7/site-packages/airflow/example_dags/example_branch_datetime_operator.py
[2025-01-09T23:48:51.528+0000] {logging_mixin.py:137} INFO - [2025-01-09T23:48:51.528+0000] {dag.py:2690} INFO - Sync 3 DAGs
[2025-01-09T23:48:51.539+0000] {logging_mixin.py:137} INFO - [2025-01-09T23:48:51.539+0000] {dag.py:3441} INFO - Setting next_dagrun for example_branch_datetime_operator to 2025-01-08T00:00:00+00:00, run_after=2025-01-09T00:00:00+00:00
[2025-01-09T23:48:51.541+0000] {logging_mixin.py:137} INFO - [2025-01-09T23:48:51.541+0000] {dag.py:3441} INFO - Setting next_dagrun for example_branch_datetime_operator_2 to 2025-01-08T00:00:00+00:00, run_after=2025-01-09T00:00:00+00:00
[2025-01-09T23:48:51.542+0000] {logging_mixin.py:137} INFO - [2025-01-09T23:48:51.542+0000] {dag.py:3441} INFO - Setting next_dagrun for example_branch_datetime_operator_3 to 2025-01-08T00:00:00+00:00, run_after=2025-01-09T00:00:00+00:00
[2025-01-09T23:48:51.552+0000] {processor.py:175} INFO - Processing /home/airflow/.local/lib/python3.7/site-packages/airflow/example_dags/example_branch_datetime_operator.py took 0.043 seconds
[2025-01-09T23:49:21.976+0000] {processor.py:153} INFO - Started process (PID=3030) to work on /home/airflow/.local/lib/python3.7/site-packages/airflow/example_dags/example_branch_datetime_operator.py
[2025-01-09T23:49:21.976+0000] {processor.py:743} INFO - Processing file /home/airflow/.local/lib/python3.7/site-packages/airflow/example_dags/example_branch_datetime_operator.py for tasks to queue
[2025-01-09T23:49:21.976+0000] {logging_mixin.py:137} INFO - [2025-01-09T23:49:21.976+0000] {dagbag.py:538} INFO - Filling up the DagBag from /home/airflow/.local/lib/python3.7/site-packages/airflow/example_dags/example_branch_datetime_operator.py
[2025-01-09T23:49:21.982+0000] {processor.py:753} INFO - DAG(s) dict_keys(['example_branch_datetime_operator', 'example_branch_datetime_operator_3', 'example_branch_datetime_operator_2']) retrieved from /home/airflow/.local/lib/python3.7/site-packages/airflow/example_dags/example_branch_datetime_operator.py
[2025-01-09T23:49:21.993+0000] {logging_mixin.py:137} INFO - [2025-01-09T23:49:21.993+0000] {dag.py:2690} INFO - Sync 3 DAGs
[2025-01-09T23:49:22.004+0000] {logging_mixin.py:137} INFO - [2025-01-09T23:49:22.003+0000] {dag.py:3441} INFO - Setting next_dagrun for example_branch_datetime_operator to 2025-01-08T00:00:00+00:00, run_after=2025-01-09T00:00:00+00:00
[2025-01-09T23:49:22.005+0000] {logging_mixin.py:137} INFO - [2025-01-09T23:49:22.005+0000] {dag.py:3441} INFO - Setting next_dagrun for example_branch_datetime_operator_2 to 2025-01-08T00:00:00+00:00, run_after=2025-01-09T00:00:00+00:00
[2025-01-09T23:49:22.006+0000] {logging_mixin.py:137} INFO - [2025-01-09T23:49:22.006+0000] {dag.py:3441} INFO - Setting next_dagrun for example_branch_datetime_operator_3 to 2025-01-08T00:00:00+00:00, run_after=2025-01-09T00:00:00+00:00
[2025-01-09T23:49:22.012+0000] {processor.py:175} INFO - Processing /home/airflow/.local/lib/python3.7/site-packages/airflow/example_dags/example_branch_datetime_operator.py took 0.037 seconds
[2025-01-09T23:49:52.432+0000] {processor.py:153} INFO - Started process (PID=3121) to work on /home/airflow/.local/lib/python3.7/site-packages/airflow/example_dags/example_branch_datetime_operator.py
[2025-01-09T23:49:52.434+0000] {processor.py:743} INFO - Processing file /home/airflow/.local/lib/python3.7/site-packages/airflow/example_dags/example_branch_datetime_operator.py for tasks to queue
[2025-01-09T23:49:52.434+0000] {logging_mixin.py:137} INFO - [2025-01-09T23:49:52.434+0000] {dagbag.py:538} INFO - Filling up the DagBag from /home/airflow/.local/lib/python3.7/site-packages/airflow/example_dags/example_branch_datetime_operator.py
[2025-01-09T23:49:52.446+0000] {processor.py:753} INFO - DAG(s) dict_keys(['example_branch_datetime_operator_2', 'example_branch_datetime_operator_3', 'example_branch_datetime_operator']) retrieved from /home/airflow/.local/lib/python3.7/site-packages/airflow/example_dags/example_branch_datetime_operator.py
[2025-01-09T23:49:52.464+0000] {logging_mixin.py:137} INFO - [2025-01-09T23:49:52.464+0000] {dag.py:2690} INFO - Sync 3 DAGs
[2025-01-09T23:49:52.476+0000] {logging_mixin.py:137} INFO - [2025-01-09T23:49:52.476+0000] {dag.py:3441} INFO - Setting next_dagrun for example_branch_datetime_operator to 2025-01-08T00:00:00+00:00, run_after=2025-01-09T00:00:00+00:00
[2025-01-09T23:49:52.478+0000] {logging_mixin.py:137} INFO - [2025-01-09T23:49:52.478+0000] {dag.py:3441} INFO - Setting next_dagrun for example_branch_datetime_operator_2 to 2025-01-08T00:00:00+00:00, run_after=2025-01-09T00:00:00+00:00
[2025-01-09T23:49:52.479+0000] {logging_mixin.py:137} INFO - [2025-01-09T23:49:52.479+0000] {dag.py:3441} INFO - Setting next_dagrun for example_branch_datetime_operator_3 to 2025-01-08T00:00:00+00:00, run_after=2025-01-09T00:00:00+00:00
[2025-01-09T23:49:52.485+0000] {processor.py:175} INFO - Processing /home/airflow/.local/lib/python3.7/site-packages/airflow/example_dags/example_branch_datetime_operator.py took 0.054 seconds
[2025-01-09T23:50:22.955+0000] {processor.py:153} INFO - Started process (PID=3212) to work on /home/airflow/.local/lib/python3.7/site-packages/airflow/example_dags/example_branch_datetime_operator.py
[2025-01-09T23:50:22.955+0000] {processor.py:743} INFO - Processing file /home/airflow/.local/lib/python3.7/site-packages/airflow/example_dags/example_branch_datetime_operator.py for tasks to queue
[2025-01-09T23:50:22.955+0000] {logging_mixin.py:137} INFO - [2025-01-09T23:50:22.955+0000] {dagbag.py:538} INFO - Filling up the DagBag from /home/airflow/.local/lib/python3.7/site-packages/airflow/example_dags/example_branch_datetime_operator.py
[2025-01-09T23:50:22.962+0000] {processor.py:753} INFO - DAG(s) dict_keys(['example_branch_datetime_operator_2', 'example_branch_datetime_operator_3', 'example_branch_datetime_operator']) retrieved from /home/airflow/.local/lib/python3.7/site-packages/airflow/example_dags/example_branch_datetime_operator.py
[2025-01-09T23:50:22.977+0000] {logging_mixin.py:137} INFO - [2025-01-09T23:50:22.977+0000] {dag.py:2690} INFO - Sync 3 DAGs
[2025-01-09T23:50:22.991+0000] {logging_mixin.py:137} INFO - [2025-01-09T23:50:22.991+0000] {dag.py:3441} INFO - Setting next_dagrun for example_branch_datetime_operator to 2025-01-08T00:00:00+00:00, run_after=2025-01-09T00:00:00+00:00
[2025-01-09T23:50:22.994+0000] {logging_mixin.py:137} INFO - [2025-01-09T23:50:22.994+0000] {dag.py:3441} INFO - Setting next_dagrun for example_branch_datetime_operator_2 to 2025-01-08T00:00:00+00:00, run_after=2025-01-09T00:00:00+00:00
[2025-01-09T23:50:22.996+0000] {logging_mixin.py:137} INFO - [2025-01-09T23:50:22.996+0000] {dag.py:3441} INFO - Setting next_dagrun for example_branch_datetime_operator_3 to 2025-01-08T00:00:00+00:00, run_after=2025-01-09T00:00:00+00:00
[2025-01-09T23:50:23.005+0000] {processor.py:175} INFO - Processing /home/airflow/.local/lib/python3.7/site-packages/airflow/example_dags/example_branch_datetime_operator.py took 0.052 seconds
[2025-01-09T23:50:53.399+0000] {processor.py:153} INFO - Started process (PID=3287) to work on /home/airflow/.local/lib/python3.7/site-packages/airflow/example_dags/example_branch_datetime_operator.py
[2025-01-09T23:50:53.400+0000] {processor.py:743} INFO - Processing file /home/airflow/.local/lib/python3.7/site-packages/airflow/example_dags/example_branch_datetime_operator.py for tasks to queue
[2025-01-09T23:50:53.400+0000] {logging_mixin.py:137} INFO - [2025-01-09T23:50:53.400+0000] {dagbag.py:538} INFO - Filling up the DagBag from /home/airflow/.local/lib/python3.7/site-packages/airflow/example_dags/example_branch_datetime_operator.py
[2025-01-09T23:50:53.406+0000] {processor.py:753} INFO - DAG(s) dict_keys(['example_branch_datetime_operator', 'example_branch_datetime_operator_2', 'example_branch_datetime_operator_3']) retrieved from /home/airflow/.local/lib/python3.7/site-packages/airflow/example_dags/example_branch_datetime_operator.py
[2025-01-09T23:50:53.423+0000] {logging_mixin.py:137} INFO - [2025-01-09T23:50:53.423+0000] {dag.py:2690} INFO - Sync 3 DAGs
[2025-01-09T23:50:53.433+0000] {logging_mixin.py:137} INFO - [2025-01-09T23:50:53.433+0000] {dag.py:3441} INFO - Setting next_dagrun for example_branch_datetime_operator to 2025-01-08T00:00:00+00:00, run_after=2025-01-09T00:00:00+00:00
[2025-01-09T23:50:53.435+0000] {logging_mixin.py:137} INFO - [2025-01-09T23:50:53.435+0000] {dag.py:3441} INFO - Setting next_dagrun for example_branch_datetime_operator_2 to 2025-01-08T00:00:00+00:00, run_after=2025-01-09T00:00:00+00:00
[2025-01-09T23:50:53.437+0000] {logging_mixin.py:137} INFO - [2025-01-09T23:50:53.437+0000] {dag.py:3441} INFO - Setting next_dagrun for example_branch_datetime_operator_3 to 2025-01-08T00:00:00+00:00, run_after=2025-01-09T00:00:00+00:00
[2025-01-09T23:50:53.443+0000] {processor.py:175} INFO - Processing /home/airflow/.local/lib/python3.7/site-packages/airflow/example_dags/example_branch_datetime_operator.py took 0.046 seconds
[2025-01-09T23:51:23.813+0000] {processor.py:153} INFO - Started process (PID=3378) to work on /home/airflow/.local/lib/python3.7/site-packages/airflow/example_dags/example_branch_datetime_operator.py
[2025-01-09T23:51:23.814+0000] {processor.py:743} INFO - Processing file /home/airflow/.local/lib/python3.7/site-packages/airflow/example_dags/example_branch_datetime_operator.py for tasks to queue
[2025-01-09T23:51:23.814+0000] {logging_mixin.py:137} INFO - [2025-01-09T23:51:23.814+0000] {dagbag.py:538} INFO - Filling up the DagBag from /home/airflow/.local/lib/python3.7/site-packages/airflow/example_dags/example_branch_datetime_operator.py
[2025-01-09T23:51:23.820+0000] {processor.py:753} INFO - DAG(s) dict_keys(['example_branch_datetime_operator_2', 'example_branch_datetime_operator', 'example_branch_datetime_operator_3']) retrieved from /home/airflow/.local/lib/python3.7/site-packages/airflow/example_dags/example_branch_datetime_operator.py
[2025-01-09T23:51:23.833+0000] {logging_mixin.py:137} INFO - [2025-01-09T23:51:23.833+0000] {dag.py:2690} INFO - Sync 3 DAGs
[2025-01-09T23:51:23.848+0000] {logging_mixin.py:137} INFO - [2025-01-09T23:51:23.848+0000] {dag.py:3441} INFO - Setting next_dagrun for example_branch_datetime_operator to 2025-01-08T00:00:00+00:00, run_after=2025-01-09T00:00:00+00:00
[2025-01-09T23:51:23.850+0000] {logging_mixin.py:137} INFO - [2025-01-09T23:51:23.849+0000] {dag.py:3441} INFO - Setting next_dagrun for example_branch_datetime_operator_2 to 2025-01-08T00:00:00+00:00, run_after=2025-01-09T00:00:00+00:00
[2025-01-09T23:51:23.850+0000] {logging_mixin.py:137} INFO - [2025-01-09T23:51:23.850+0000] {dag.py:3441} INFO - Setting next_dagrun for example_branch_datetime_operator_3 to 2025-01-08T00:00:00+00:00, run_after=2025-01-09T00:00:00+00:00
[2025-01-09T23:51:23.861+0000] {processor.py:175} INFO - Processing /home/airflow/.local/lib/python3.7/site-packages/airflow/example_dags/example_branch_datetime_operator.py took 0.050 seconds
[2025-01-09T23:51:54.273+0000] {processor.py:153} INFO - Started process (PID=3469) to work on /home/airflow/.local/lib/python3.7/site-packages/airflow/example_dags/example_branch_datetime_operator.py
[2025-01-09T23:51:54.277+0000] {processor.py:743} INFO - Processing file /home/airflow/.local/lib/python3.7/site-packages/airflow/example_dags/example_branch_datetime_operator.py for tasks to queue
[2025-01-09T23:51:54.278+0000] {logging_mixin.py:137} INFO - [2025-01-09T23:51:54.277+0000] {dagbag.py:538} INFO - Filling up the DagBag from /home/airflow/.local/lib/python3.7/site-packages/airflow/example_dags/example_branch_datetime_operator.py
[2025-01-09T23:51:54.284+0000] {processor.py:753} INFO - DAG(s) dict_keys(['example_branch_datetime_operator_2', 'example_branch_datetime_operator_3', 'example_branch_datetime_operator']) retrieved from /home/airflow/.local/lib/python3.7/site-packages/airflow/example_dags/example_branch_datetime_operator.py
[2025-01-09T23:51:54.296+0000] {logging_mixin.py:137} INFO - [2025-01-09T23:51:54.296+0000] {dag.py:2690} INFO - Sync 3 DAGs
[2025-01-09T23:51:54.308+0000] {logging_mixin.py:137} INFO - [2025-01-09T23:51:54.308+0000] {dag.py:3441} INFO - Setting next_dagrun for example_branch_datetime_operator to 2025-01-08T00:00:00+00:00, run_after=2025-01-09T00:00:00+00:00
[2025-01-09T23:51:54.312+0000] {logging_mixin.py:137} INFO - [2025-01-09T23:51:54.312+0000] {dag.py:3441} INFO - Setting next_dagrun for example_branch_datetime_operator_2 to 2025-01-08T00:00:00+00:00, run_after=2025-01-09T00:00:00+00:00
[2025-01-09T23:51:54.313+0000] {logging_mixin.py:137} INFO - [2025-01-09T23:51:54.313+0000] {dag.py:3441} INFO - Setting next_dagrun for example_branch_datetime_operator_3 to 2025-01-08T00:00:00+00:00, run_after=2025-01-09T00:00:00+00:00
[2025-01-09T23:51:54.320+0000] {processor.py:175} INFO - Processing /home/airflow/.local/lib/python3.7/site-packages/airflow/example_dags/example_branch_datetime_operator.py took 0.048 seconds
[2025-01-09T23:52:24.897+0000] {processor.py:153} INFO - Started process (PID=3560) to work on /home/airflow/.local/lib/python3.7/site-packages/airflow/example_dags/example_branch_datetime_operator.py
[2025-01-09T23:52:24.897+0000] {processor.py:743} INFO - Processing file /home/airflow/.local/lib/python3.7/site-packages/airflow/example_dags/example_branch_datetime_operator.py for tasks to queue
[2025-01-09T23:52:24.898+0000] {logging_mixin.py:137} INFO - [2025-01-09T23:52:24.898+0000] {dagbag.py:538} INFO - Filling up the DagBag from /home/airflow/.local/lib/python3.7/site-packages/airflow/example_dags/example_branch_datetime_operator.py
[2025-01-09T23:52:24.905+0000] {processor.py:753} INFO - DAG(s) dict_keys(['example_branch_datetime_operator_2', 'example_branch_datetime_operator', 'example_branch_datetime_operator_3']) retrieved from /home/airflow/.local/lib/python3.7/site-packages/airflow/example_dags/example_branch_datetime_operator.py
[2025-01-09T23:52:24.917+0000] {logging_mixin.py:137} INFO - [2025-01-09T23:52:24.916+0000] {dag.py:2690} INFO - Sync 3 DAGs
[2025-01-09T23:52:24.927+0000] {logging_mixin.py:137} INFO - [2025-01-09T23:52:24.927+0000] {dag.py:3441} INFO - Setting next_dagrun for example_branch_datetime_operator to 2025-01-08T00:00:00+00:00, run_after=2025-01-09T00:00:00+00:00
[2025-01-09T23:52:24.929+0000] {logging_mixin.py:137} INFO - [2025-01-09T23:52:24.929+0000] {dag.py:3441} INFO - Setting next_dagrun for example_branch_datetime_operator_2 to 2025-01-08T00:00:00+00:00, run_after=2025-01-09T00:00:00+00:00
[2025-01-09T23:52:24.930+0000] {logging_mixin.py:137} INFO - [2025-01-09T23:52:24.930+0000] {dag.py:3441} INFO - Setting next_dagrun for example_branch_datetime_operator_3 to 2025-01-08T00:00:00+00:00, run_after=2025-01-09T00:00:00+00:00
[2025-01-09T23:52:24.942+0000] {processor.py:175} INFO - Processing /home/airflow/.local/lib/python3.7/site-packages/airflow/example_dags/example_branch_datetime_operator.py took 0.047 seconds
[2025-01-09T23:52:55.587+0000] {processor.py:153} INFO - Started process (PID=3651) to work on /home/airflow/.local/lib/python3.7/site-packages/airflow/example_dags/example_branch_datetime_operator.py
[2025-01-09T23:52:55.588+0000] {processor.py:743} INFO - Processing file /home/airflow/.local/lib/python3.7/site-packages/airflow/example_dags/example_branch_datetime_operator.py for tasks to queue
[2025-01-09T23:52:55.588+0000] {logging_mixin.py:137} INFO - [2025-01-09T23:52:55.588+0000] {dagbag.py:538} INFO - Filling up the DagBag from /home/airflow/.local/lib/python3.7/site-packages/airflow/example_dags/example_branch_datetime_operator.py
[2025-01-09T23:52:55.598+0000] {processor.py:753} INFO - DAG(s) dict_keys(['example_branch_datetime_operator_2', 'example_branch_datetime_operator_3', 'example_branch_datetime_operator']) retrieved from /home/airflow/.local/lib/python3.7/site-packages/airflow/example_dags/example_branch_datetime_operator.py
[2025-01-09T23:52:55.614+0000] {logging_mixin.py:137} INFO - [2025-01-09T23:52:55.614+0000] {dag.py:2690} INFO - Sync 3 DAGs
[2025-01-09T23:52:55.627+0000] {logging_mixin.py:137} INFO - [2025-01-09T23:52:55.627+0000] {dag.py:3441} INFO - Setting next_dagrun for example_branch_datetime_operator to 2025-01-08T00:00:00+00:00, run_after=2025-01-09T00:00:00+00:00
[2025-01-09T23:52:55.629+0000] {logging_mixin.py:137} INFO - [2025-01-09T23:52:55.629+0000] {dag.py:3441} INFO - Setting next_dagrun for example_branch_datetime_operator_2 to 2025-01-08T00:00:00+00:00, run_after=2025-01-09T00:00:00+00:00
[2025-01-09T23:52:55.630+0000] {logging_mixin.py:137} INFO - [2025-01-09T23:52:55.630+0000] {dag.py:3441} INFO - Setting next_dagrun for example_branch_datetime_operator_3 to 2025-01-08T00:00:00+00:00, run_after=2025-01-09T00:00:00+00:00
[2025-01-09T23:52:55.639+0000] {processor.py:175} INFO - Processing /home/airflow/.local/lib/python3.7/site-packages/airflow/example_dags/example_branch_datetime_operator.py took 0.053 seconds
[2025-01-09T23:53:26.115+0000] {processor.py:153} INFO - Started process (PID=3726) to work on /home/airflow/.local/lib/python3.7/site-packages/airflow/example_dags/example_branch_datetime_operator.py
[2025-01-09T23:53:26.115+0000] {processor.py:743} INFO - Processing file /home/airflow/.local/lib/python3.7/site-packages/airflow/example_dags/example_branch_datetime_operator.py for tasks to queue
[2025-01-09T23:53:26.116+0000] {logging_mixin.py:137} INFO - [2025-01-09T23:53:26.116+0000] {dagbag.py:538} INFO - Filling up the DagBag from /home/airflow/.local/lib/python3.7/site-packages/airflow/example_dags/example_branch_datetime_operator.py
[2025-01-09T23:53:26.123+0000] {processor.py:753} INFO - DAG(s) dict_keys(['example_branch_datetime_operator_3', 'example_branch_datetime_operator_2', 'example_branch_datetime_operator']) retrieved from /home/airflow/.local/lib/python3.7/site-packages/airflow/example_dags/example_branch_datetime_operator.py
[2025-01-09T23:53:26.137+0000] {logging_mixin.py:137} INFO - [2025-01-09T23:53:26.137+0000] {dag.py:2690} INFO - Sync 3 DAGs
[2025-01-09T23:53:26.149+0000] {logging_mixin.py:137} INFO - [2025-01-09T23:53:26.149+0000] {dag.py:3441} INFO - Setting next_dagrun for example_branch_datetime_operator to 2025-01-08T00:00:00+00:00, run_after=2025-01-09T00:00:00+00:00
[2025-01-09T23:53:26.152+0000] {logging_mixin.py:137} INFO - [2025-01-09T23:53:26.152+0000] {dag.py:3441} INFO - Setting next_dagrun for example_branch_datetime_operator_2 to 2025-01-08T00:00:00+00:00, run_after=2025-01-09T00:00:00+00:00
[2025-01-09T23:53:26.154+0000] {logging_mixin.py:137} INFO - [2025-01-09T23:53:26.154+0000] {dag.py:3441} INFO - Setting next_dagrun for example_branch_datetime_operator_3 to 2025-01-08T00:00:00+00:00, run_after=2025-01-09T00:00:00+00:00
[2025-01-09T23:53:26.163+0000] {processor.py:175} INFO - Processing /home/airflow/.local/lib/python3.7/site-packages/airflow/example_dags/example_branch_datetime_operator.py took 0.049 seconds
[2025-01-09T23:53:56.611+0000] {processor.py:153} INFO - Started process (PID=3817) to work on /home/airflow/.local/lib/python3.7/site-packages/airflow/example_dags/example_branch_datetime_operator.py
[2025-01-09T23:53:56.612+0000] {processor.py:743} INFO - Processing file /home/airflow/.local/lib/python3.7/site-packages/airflow/example_dags/example_branch_datetime_operator.py for tasks to queue
[2025-01-09T23:53:56.612+0000] {logging_mixin.py:137} INFO - [2025-01-09T23:53:56.612+0000] {dagbag.py:538} INFO - Filling up the DagBag from /home/airflow/.local/lib/python3.7/site-packages/airflow/example_dags/example_branch_datetime_operator.py
[2025-01-09T23:53:56.618+0000] {processor.py:753} INFO - DAG(s) dict_keys(['example_branch_datetime_operator_3', 'example_branch_datetime_operator_2', 'example_branch_datetime_operator']) retrieved from /home/airflow/.local/lib/python3.7/site-packages/airflow/example_dags/example_branch_datetime_operator.py
[2025-01-09T23:53:56.634+0000] {logging_mixin.py:137} INFO - [2025-01-09T23:53:56.634+0000] {dag.py:2690} INFO - Sync 3 DAGs
[2025-01-09T23:53:56.646+0000] {logging_mixin.py:137} INFO - [2025-01-09T23:53:56.645+0000] {dag.py:3441} INFO - Setting next_dagrun for example_branch_datetime_operator to 2025-01-08T00:00:00+00:00, run_after=2025-01-09T00:00:00+00:00
[2025-01-09T23:53:56.647+0000] {logging_mixin.py:137} INFO - [2025-01-09T23:53:56.647+0000] {dag.py:3441} INFO - Setting next_dagrun for example_branch_datetime_operator_2 to 2025-01-08T00:00:00+00:00, run_after=2025-01-09T00:00:00+00:00
[2025-01-09T23:53:56.651+0000] {logging_mixin.py:137} INFO - [2025-01-09T23:53:56.651+0000] {dag.py:3441} INFO - Setting next_dagrun for example_branch_datetime_operator_3 to 2025-01-08T00:00:00+00:00, run_after=2025-01-09T00:00:00+00:00
[2025-01-09T23:53:56.663+0000] {processor.py:175} INFO - Processing /home/airflow/.local/lib/python3.7/site-packages/airflow/example_dags/example_branch_datetime_operator.py took 0.054 seconds
[2025-01-09T23:54:27.169+0000] {processor.py:153} INFO - Started process (PID=3908) to work on /home/airflow/.local/lib/python3.7/site-packages/airflow/example_dags/example_branch_datetime_operator.py
[2025-01-09T23:54:27.170+0000] {processor.py:743} INFO - Processing file /home/airflow/.local/lib/python3.7/site-packages/airflow/example_dags/example_branch_datetime_operator.py for tasks to queue
[2025-01-09T23:54:27.170+0000] {logging_mixin.py:137} INFO - [2025-01-09T23:54:27.170+0000] {dagbag.py:538} INFO - Filling up the DagBag from /home/airflow/.local/lib/python3.7/site-packages/airflow/example_dags/example_branch_datetime_operator.py
[2025-01-09T23:54:27.177+0000] {processor.py:753} INFO - DAG(s) dict_keys(['example_branch_datetime_operator_3', 'example_branch_datetime_operator', 'example_branch_datetime_operator_2']) retrieved from /home/airflow/.local/lib/python3.7/site-packages/airflow/example_dags/example_branch_datetime_operator.py
[2025-01-09T23:54:27.191+0000] {logging_mixin.py:137} INFO - [2025-01-09T23:54:27.190+0000] {dag.py:2690} INFO - Sync 3 DAGs
[2025-01-09T23:54:27.205+0000] {logging_mixin.py:137} INFO - [2025-01-09T23:54:27.205+0000] {dag.py:3441} INFO - Setting next_dagrun for example_branch_datetime_operator to 2025-01-08T00:00:00+00:00, run_after=2025-01-09T00:00:00+00:00
[2025-01-09T23:54:27.207+0000] {logging_mixin.py:137} INFO - [2025-01-09T23:54:27.207+0000] {dag.py:3441} INFO - Setting next_dagrun for example_branch_datetime_operator_2 to 2025-01-08T00:00:00+00:00, run_after=2025-01-09T00:00:00+00:00
[2025-01-09T23:54:27.208+0000] {logging_mixin.py:137} INFO - [2025-01-09T23:54:27.208+0000] {dag.py:3441} INFO - Setting next_dagrun for example_branch_datetime_operator_3 to 2025-01-08T00:00:00+00:00, run_after=2025-01-09T00:00:00+00:00
[2025-01-09T23:54:27.215+0000] {processor.py:175} INFO - Processing /home/airflow/.local/lib/python3.7/site-packages/airflow/example_dags/example_branch_datetime_operator.py took 0.048 seconds
[2025-01-09T23:54:57.764+0000] {processor.py:153} INFO - Started process (PID=3999) to work on /home/airflow/.local/lib/python3.7/site-packages/airflow/example_dags/example_branch_datetime_operator.py
[2025-01-09T23:54:57.765+0000] {processor.py:743} INFO - Processing file /home/airflow/.local/lib/python3.7/site-packages/airflow/example_dags/example_branch_datetime_operator.py for tasks to queue
[2025-01-09T23:54:57.766+0000] {logging_mixin.py:137} INFO - [2025-01-09T23:54:57.766+0000] {dagbag.py:538} INFO - Filling up the DagBag from /home/airflow/.local/lib/python3.7/site-packages/airflow/example_dags/example_branch_datetime_operator.py
[2025-01-09T23:54:57.772+0000] {processor.py:753} INFO - DAG(s) dict_keys(['example_branch_datetime_operator_2', 'example_branch_datetime_operator', 'example_branch_datetime_operator_3']) retrieved from /home/airflow/.local/lib/python3.7/site-packages/airflow/example_dags/example_branch_datetime_operator.py
[2025-01-09T23:54:57.786+0000] {logging_mixin.py:137} INFO - [2025-01-09T23:54:57.786+0000] {dag.py:2690} INFO - Sync 3 DAGs
[2025-01-09T23:54:57.798+0000] {logging_mixin.py:137} INFO - [2025-01-09T23:54:57.797+0000] {dag.py:3441} INFO - Setting next_dagrun for example_branch_datetime_operator to 2025-01-08T00:00:00+00:00, run_after=2025-01-09T00:00:00+00:00
[2025-01-09T23:54:57.799+0000] {logging_mixin.py:137} INFO - [2025-01-09T23:54:57.799+0000] {dag.py:3441} INFO - Setting next_dagrun for example_branch_datetime_operator_2 to 2025-01-08T00:00:00+00:00, run_after=2025-01-09T00:00:00+00:00
[2025-01-09T23:54:57.800+0000] {logging_mixin.py:137} INFO - [2025-01-09T23:54:57.800+0000] {dag.py:3441} INFO - Setting next_dagrun for example_branch_datetime_operator_3 to 2025-01-08T00:00:00+00:00, run_after=2025-01-09T00:00:00+00:00
[2025-01-09T23:54:57.806+0000] {processor.py:175} INFO - Processing /home/airflow/.local/lib/python3.7/site-packages/airflow/example_dags/example_branch_datetime_operator.py took 0.043 seconds
[2025-01-09T23:55:28.185+0000] {processor.py:153} INFO - Started process (PID=4073) to work on /home/airflow/.local/lib/python3.7/site-packages/airflow/example_dags/example_branch_datetime_operator.py
[2025-01-09T23:55:28.186+0000] {processor.py:743} INFO - Processing file /home/airflow/.local/lib/python3.7/site-packages/airflow/example_dags/example_branch_datetime_operator.py for tasks to queue
[2025-01-09T23:55:28.187+0000] {logging_mixin.py:137} INFO - [2025-01-09T23:55:28.187+0000] {dagbag.py:538} INFO - Filling up the DagBag from /home/airflow/.local/lib/python3.7/site-packages/airflow/example_dags/example_branch_datetime_operator.py
[2025-01-09T23:55:28.194+0000] {processor.py:753} INFO - DAG(s) dict_keys(['example_branch_datetime_operator', 'example_branch_datetime_operator_2', 'example_branch_datetime_operator_3']) retrieved from /home/airflow/.local/lib/python3.7/site-packages/airflow/example_dags/example_branch_datetime_operator.py
[2025-01-09T23:55:28.207+0000] {logging_mixin.py:137} INFO - [2025-01-09T23:55:28.207+0000] {dag.py:2690} INFO - Sync 3 DAGs
[2025-01-09T23:55:28.219+0000] {logging_mixin.py:137} INFO - [2025-01-09T23:55:28.219+0000] {dag.py:3441} INFO - Setting next_dagrun for example_branch_datetime_operator to 2025-01-08T00:00:00+00:00, run_after=2025-01-09T00:00:00+00:00
[2025-01-09T23:55:28.221+0000] {logging_mixin.py:137} INFO - [2025-01-09T23:55:28.221+0000] {dag.py:3441} INFO - Setting next_dagrun for example_branch_datetime_operator_2 to 2025-01-08T00:00:00+00:00, run_after=2025-01-09T00:00:00+00:00
[2025-01-09T23:55:28.222+0000] {logging_mixin.py:137} INFO - [2025-01-09T23:55:28.222+0000] {dag.py:3441} INFO - Setting next_dagrun for example_branch_datetime_operator_3 to 2025-01-08T00:00:00+00:00, run_after=2025-01-09T00:00:00+00:00
[2025-01-09T23:55:28.227+0000] {processor.py:175} INFO - Processing /home/airflow/.local/lib/python3.7/site-packages/airflow/example_dags/example_branch_datetime_operator.py took 0.043 seconds
