[2025-01-09T23:31:31.403+0000] {processor.py:153} INFO - Started process (PID=48) to work on /home/airflow/.local/lib/python3.7/site-packages/airflow/example_dags/example_trigger_controller_dag.py
[2025-01-09T23:31:31.404+0000] {processor.py:743} INFO - Processing file /home/airflow/.local/lib/python3.7/site-packages/airflow/example_dags/example_trigger_controller_dag.py for tasks to queue
[2025-01-09T23:31:31.405+0000] {logging_mixin.py:137} INFO - [2025-01-09T23:31:31.405+0000] {dagbag.py:538} INFO - Filling up the DagBag from /home/airflow/.local/lib/python3.7/site-packages/airflow/example_dags/example_trigger_controller_dag.py
[2025-01-09T23:31:31.414+0000] {processor.py:753} INFO - DAG(s) dict_keys(['example_trigger_controller_dag']) retrieved from /home/airflow/.local/lib/python3.7/site-packages/airflow/example_dags/example_trigger_controller_dag.py
[2025-01-09T23:31:31.437+0000] {logging_mixin.py:137} INFO - [2025-01-09T23:31:31.437+0000] {dag.py:2690} INFO - Sync 1 DAGs
[2025-01-09T23:31:31.453+0000] {logging_mixin.py:137} INFO - [2025-01-09T23:31:31.453+0000] {dag.py:3441} INFO - Setting next_dagrun for example_trigger_controller_dag to 2021-01-01T00:00:00+00:00, run_after=2021-01-01T00:00:00+00:00
[2025-01-09T23:31:31.465+0000] {processor.py:175} INFO - Processing /home/airflow/.local/lib/python3.7/site-packages/airflow/example_dags/example_trigger_controller_dag.py took 0.064 seconds
[2025-01-09T23:32:02.397+0000] {processor.py:153} INFO - Started process (PID=155) to work on /home/airflow/.local/lib/python3.7/site-packages/airflow/example_dags/example_trigger_controller_dag.py
[2025-01-09T23:32:02.402+0000] {processor.py:743} INFO - Processing file /home/airflow/.local/lib/python3.7/site-packages/airflow/example_dags/example_trigger_controller_dag.py for tasks to queue
[2025-01-09T23:32:02.403+0000] {logging_mixin.py:137} INFO - [2025-01-09T23:32:02.403+0000] {dagbag.py:538} INFO - Filling up the DagBag from /home/airflow/.local/lib/python3.7/site-packages/airflow/example_dags/example_trigger_controller_dag.py
[2025-01-09T23:32:02.407+0000] {processor.py:753} INFO - DAG(s) dict_keys(['example_trigger_controller_dag']) retrieved from /home/airflow/.local/lib/python3.7/site-packages/airflow/example_dags/example_trigger_controller_dag.py
[2025-01-09T23:32:02.420+0000] {logging_mixin.py:137} INFO - [2025-01-09T23:32:02.420+0000] {dag.py:2690} INFO - Sync 1 DAGs
[2025-01-09T23:32:02.434+0000] {logging_mixin.py:137} INFO - [2025-01-09T23:32:02.434+0000] {dag.py:3441} INFO - Setting next_dagrun for example_trigger_controller_dag to 2021-01-01T00:00:00+00:00, run_after=2021-01-01T00:00:00+00:00
[2025-01-09T23:32:02.443+0000] {processor.py:175} INFO - Processing /home/airflow/.local/lib/python3.7/site-packages/airflow/example_dags/example_trigger_controller_dag.py took 0.047 seconds
[2025-01-09T23:32:33.167+0000] {processor.py:153} INFO - Started process (PID=245) to work on /home/airflow/.local/lib/python3.7/site-packages/airflow/example_dags/example_trigger_controller_dag.py
[2025-01-09T23:32:33.167+0000] {processor.py:743} INFO - Processing file /home/airflow/.local/lib/python3.7/site-packages/airflow/example_dags/example_trigger_controller_dag.py for tasks to queue
[2025-01-09T23:32:33.167+0000] {logging_mixin.py:137} INFO - [2025-01-09T23:32:33.167+0000] {dagbag.py:538} INFO - Filling up the DagBag from /home/airflow/.local/lib/python3.7/site-packages/airflow/example_dags/example_trigger_controller_dag.py
[2025-01-09T23:32:33.172+0000] {processor.py:753} INFO - DAG(s) dict_keys(['example_trigger_controller_dag']) retrieved from /home/airflow/.local/lib/python3.7/site-packages/airflow/example_dags/example_trigger_controller_dag.py
[2025-01-09T23:32:33.186+0000] {logging_mixin.py:137} INFO - [2025-01-09T23:32:33.186+0000] {dag.py:2690} INFO - Sync 1 DAGs
[2025-01-09T23:32:33.198+0000] {logging_mixin.py:137} INFO - [2025-01-09T23:32:33.198+0000] {dag.py:3441} INFO - Setting next_dagrun for example_trigger_controller_dag to 2021-01-01T00:00:00+00:00, run_after=2021-01-01T00:00:00+00:00
[2025-01-09T23:32:33.208+0000] {processor.py:175} INFO - Processing /home/airflow/.local/lib/python3.7/site-packages/airflow/example_dags/example_trigger_controller_dag.py took 0.043 seconds
[2025-01-09T23:33:03.857+0000] {processor.py:153} INFO - Started process (PID=320) to work on /home/airflow/.local/lib/python3.7/site-packages/airflow/example_dags/example_trigger_controller_dag.py
[2025-01-09T23:33:03.858+0000] {processor.py:743} INFO - Processing file /home/airflow/.local/lib/python3.7/site-packages/airflow/example_dags/example_trigger_controller_dag.py for tasks to queue
[2025-01-09T23:33:03.860+0000] {logging_mixin.py:137} INFO - [2025-01-09T23:33:03.860+0000] {dagbag.py:538} INFO - Filling up the DagBag from /home/airflow/.local/lib/python3.7/site-packages/airflow/example_dags/example_trigger_controller_dag.py
[2025-01-09T23:33:03.865+0000] {processor.py:753} INFO - DAG(s) dict_keys(['example_trigger_controller_dag']) retrieved from /home/airflow/.local/lib/python3.7/site-packages/airflow/example_dags/example_trigger_controller_dag.py
[2025-01-09T23:33:03.876+0000] {logging_mixin.py:137} INFO - [2025-01-09T23:33:03.876+0000] {dag.py:2690} INFO - Sync 1 DAGs
[2025-01-09T23:33:03.886+0000] {logging_mixin.py:137} INFO - [2025-01-09T23:33:03.886+0000] {dag.py:3441} INFO - Setting next_dagrun for example_trigger_controller_dag to 2021-01-01T00:00:00+00:00, run_after=2021-01-01T00:00:00+00:00
[2025-01-09T23:33:03.895+0000] {processor.py:175} INFO - Processing /home/airflow/.local/lib/python3.7/site-packages/airflow/example_dags/example_trigger_controller_dag.py took 0.039 seconds
[2025-01-09T23:33:34.302+0000] {processor.py:153} INFO - Started process (PID=411) to work on /home/airflow/.local/lib/python3.7/site-packages/airflow/example_dags/example_trigger_controller_dag.py
[2025-01-09T23:33:34.302+0000] {processor.py:743} INFO - Processing file /home/airflow/.local/lib/python3.7/site-packages/airflow/example_dags/example_trigger_controller_dag.py for tasks to queue
[2025-01-09T23:33:34.303+0000] {logging_mixin.py:137} INFO - [2025-01-09T23:33:34.303+0000] {dagbag.py:538} INFO - Filling up the DagBag from /home/airflow/.local/lib/python3.7/site-packages/airflow/example_dags/example_trigger_controller_dag.py
[2025-01-09T23:33:34.307+0000] {processor.py:753} INFO - DAG(s) dict_keys(['example_trigger_controller_dag']) retrieved from /home/airflow/.local/lib/python3.7/site-packages/airflow/example_dags/example_trigger_controller_dag.py
[2025-01-09T23:33:34.317+0000] {logging_mixin.py:137} INFO - [2025-01-09T23:33:34.317+0000] {dag.py:2690} INFO - Sync 1 DAGs
[2025-01-09T23:33:34.328+0000] {logging_mixin.py:137} INFO - [2025-01-09T23:33:34.328+0000] {dag.py:3441} INFO - Setting next_dagrun for example_trigger_controller_dag to 2021-01-01T00:00:00+00:00, run_after=2021-01-01T00:00:00+00:00
[2025-01-09T23:33:34.339+0000] {processor.py:175} INFO - Processing /home/airflow/.local/lib/python3.7/site-packages/airflow/example_dags/example_trigger_controller_dag.py took 0.038 seconds
[2025-01-09T23:34:04.733+0000] {processor.py:153} INFO - Started process (PID=502) to work on /home/airflow/.local/lib/python3.7/site-packages/airflow/example_dags/example_trigger_controller_dag.py
[2025-01-09T23:34:04.734+0000] {processor.py:743} INFO - Processing file /home/airflow/.local/lib/python3.7/site-packages/airflow/example_dags/example_trigger_controller_dag.py for tasks to queue
[2025-01-09T23:34:04.734+0000] {logging_mixin.py:137} INFO - [2025-01-09T23:34:04.734+0000] {dagbag.py:538} INFO - Filling up the DagBag from /home/airflow/.local/lib/python3.7/site-packages/airflow/example_dags/example_trigger_controller_dag.py
[2025-01-09T23:34:04.739+0000] {processor.py:753} INFO - DAG(s) dict_keys(['example_trigger_controller_dag']) retrieved from /home/airflow/.local/lib/python3.7/site-packages/airflow/example_dags/example_trigger_controller_dag.py
[2025-01-09T23:34:04.751+0000] {logging_mixin.py:137} INFO - [2025-01-09T23:34:04.750+0000] {dag.py:2690} INFO - Sync 1 DAGs
[2025-01-09T23:34:04.761+0000] {logging_mixin.py:137} INFO - [2025-01-09T23:34:04.761+0000] {dag.py:3441} INFO - Setting next_dagrun for example_trigger_controller_dag to 2021-01-01T00:00:00+00:00, run_after=2021-01-01T00:00:00+00:00
[2025-01-09T23:34:04.771+0000] {processor.py:175} INFO - Processing /home/airflow/.local/lib/python3.7/site-packages/airflow/example_dags/example_trigger_controller_dag.py took 0.039 seconds
[2025-01-09T23:34:35.268+0000] {processor.py:153} INFO - Started process (PID=592) to work on /home/airflow/.local/lib/python3.7/site-packages/airflow/example_dags/example_trigger_controller_dag.py
[2025-01-09T23:34:35.273+0000] {processor.py:743} INFO - Processing file /home/airflow/.local/lib/python3.7/site-packages/airflow/example_dags/example_trigger_controller_dag.py for tasks to queue
[2025-01-09T23:34:35.274+0000] {logging_mixin.py:137} INFO - [2025-01-09T23:34:35.274+0000] {dagbag.py:538} INFO - Filling up the DagBag from /home/airflow/.local/lib/python3.7/site-packages/airflow/example_dags/example_trigger_controller_dag.py
[2025-01-09T23:34:35.278+0000] {processor.py:753} INFO - DAG(s) dict_keys(['example_trigger_controller_dag']) retrieved from /home/airflow/.local/lib/python3.7/site-packages/airflow/example_dags/example_trigger_controller_dag.py
[2025-01-09T23:34:35.289+0000] {logging_mixin.py:137} INFO - [2025-01-09T23:34:35.289+0000] {dag.py:2690} INFO - Sync 1 DAGs
[2025-01-09T23:34:35.299+0000] {logging_mixin.py:137} INFO - [2025-01-09T23:34:35.299+0000] {dag.py:3441} INFO - Setting next_dagrun for example_trigger_controller_dag to 2021-01-01T00:00:00+00:00, run_after=2021-01-01T00:00:00+00:00
[2025-01-09T23:34:35.308+0000] {processor.py:175} INFO - Processing /home/airflow/.local/lib/python3.7/site-packages/airflow/example_dags/example_trigger_controller_dag.py took 0.042 seconds
[2025-01-09T23:35:05.683+0000] {processor.py:153} INFO - Started process (PID=667) to work on /home/airflow/.local/lib/python3.7/site-packages/airflow/example_dags/example_trigger_controller_dag.py
[2025-01-09T23:35:05.683+0000] {processor.py:743} INFO - Processing file /home/airflow/.local/lib/python3.7/site-packages/airflow/example_dags/example_trigger_controller_dag.py for tasks to queue
[2025-01-09T23:35:05.685+0000] {logging_mixin.py:137} INFO - [2025-01-09T23:35:05.685+0000] {dagbag.py:538} INFO - Filling up the DagBag from /home/airflow/.local/lib/python3.7/site-packages/airflow/example_dags/example_trigger_controller_dag.py
[2025-01-09T23:35:05.689+0000] {processor.py:753} INFO - DAG(s) dict_keys(['example_trigger_controller_dag']) retrieved from /home/airflow/.local/lib/python3.7/site-packages/airflow/example_dags/example_trigger_controller_dag.py
[2025-01-09T23:35:05.699+0000] {logging_mixin.py:137} INFO - [2025-01-09T23:35:05.699+0000] {dag.py:2690} INFO - Sync 1 DAGs
[2025-01-09T23:35:05.711+0000] {logging_mixin.py:137} INFO - [2025-01-09T23:35:05.711+0000] {dag.py:3441} INFO - Setting next_dagrun for example_trigger_controller_dag to 2021-01-01T00:00:00+00:00, run_after=2021-01-01T00:00:00+00:00
[2025-01-09T23:35:05.721+0000] {processor.py:175} INFO - Processing /home/airflow/.local/lib/python3.7/site-packages/airflow/example_dags/example_trigger_controller_dag.py took 0.039 seconds
[2025-01-09T23:35:36.122+0000] {processor.py:153} INFO - Started process (PID=758) to work on /home/airflow/.local/lib/python3.7/site-packages/airflow/example_dags/example_trigger_controller_dag.py
[2025-01-09T23:35:36.122+0000] {processor.py:743} INFO - Processing file /home/airflow/.local/lib/python3.7/site-packages/airflow/example_dags/example_trigger_controller_dag.py for tasks to queue
[2025-01-09T23:35:36.122+0000] {logging_mixin.py:137} INFO - [2025-01-09T23:35:36.122+0000] {dagbag.py:538} INFO - Filling up the DagBag from /home/airflow/.local/lib/python3.7/site-packages/airflow/example_dags/example_trigger_controller_dag.py
[2025-01-09T23:35:36.131+0000] {processor.py:753} INFO - DAG(s) dict_keys(['example_trigger_controller_dag']) retrieved from /home/airflow/.local/lib/python3.7/site-packages/airflow/example_dags/example_trigger_controller_dag.py
[2025-01-09T23:35:36.141+0000] {logging_mixin.py:137} INFO - [2025-01-09T23:35:36.141+0000] {dag.py:2690} INFO - Sync 1 DAGs
[2025-01-09T23:35:36.155+0000] {logging_mixin.py:137} INFO - [2025-01-09T23:35:36.155+0000] {dag.py:3441} INFO - Setting next_dagrun for example_trigger_controller_dag to 2021-01-01T00:00:00+00:00, run_after=2021-01-01T00:00:00+00:00
[2025-01-09T23:35:36.165+0000] {processor.py:175} INFO - Processing /home/airflow/.local/lib/python3.7/site-packages/airflow/example_dags/example_trigger_controller_dag.py took 0.045 seconds
[2025-01-09T23:36:06.577+0000] {processor.py:153} INFO - Started process (PID=849) to work on /home/airflow/.local/lib/python3.7/site-packages/airflow/example_dags/example_trigger_controller_dag.py
[2025-01-09T23:36:06.577+0000] {processor.py:743} INFO - Processing file /home/airflow/.local/lib/python3.7/site-packages/airflow/example_dags/example_trigger_controller_dag.py for tasks to queue
[2025-01-09T23:36:06.577+0000] {logging_mixin.py:137} INFO - [2025-01-09T23:36:06.577+0000] {dagbag.py:538} INFO - Filling up the DagBag from /home/airflow/.local/lib/python3.7/site-packages/airflow/example_dags/example_trigger_controller_dag.py
[2025-01-09T23:36:06.582+0000] {processor.py:753} INFO - DAG(s) dict_keys(['example_trigger_controller_dag']) retrieved from /home/airflow/.local/lib/python3.7/site-packages/airflow/example_dags/example_trigger_controller_dag.py
[2025-01-09T23:36:06.593+0000] {logging_mixin.py:137} INFO - [2025-01-09T23:36:06.593+0000] {dag.py:2690} INFO - Sync 1 DAGs
[2025-01-09T23:36:06.603+0000] {logging_mixin.py:137} INFO - [2025-01-09T23:36:06.603+0000] {dag.py:3441} INFO - Setting next_dagrun for example_trigger_controller_dag to 2021-01-01T00:00:00+00:00, run_after=2021-01-01T00:00:00+00:00
[2025-01-09T23:36:06.610+0000] {processor.py:175} INFO - Processing /home/airflow/.local/lib/python3.7/site-packages/airflow/example_dags/example_trigger_controller_dag.py took 0.035 seconds
[2025-01-09T23:36:37.077+0000] {processor.py:153} INFO - Started process (PID=939) to work on /home/airflow/.local/lib/python3.7/site-packages/airflow/example_dags/example_trigger_controller_dag.py
[2025-01-09T23:36:37.077+0000] {processor.py:743} INFO - Processing file /home/airflow/.local/lib/python3.7/site-packages/airflow/example_dags/example_trigger_controller_dag.py for tasks to queue
[2025-01-09T23:36:37.078+0000] {logging_mixin.py:137} INFO - [2025-01-09T23:36:37.078+0000] {dagbag.py:538} INFO - Filling up the DagBag from /home/airflow/.local/lib/python3.7/site-packages/airflow/example_dags/example_trigger_controller_dag.py
[2025-01-09T23:36:37.082+0000] {processor.py:753} INFO - DAG(s) dict_keys(['example_trigger_controller_dag']) retrieved from /home/airflow/.local/lib/python3.7/site-packages/airflow/example_dags/example_trigger_controller_dag.py
[2025-01-09T23:36:37.091+0000] {logging_mixin.py:137} INFO - [2025-01-09T23:36:37.091+0000] {dag.py:2690} INFO - Sync 1 DAGs
[2025-01-09T23:36:37.101+0000] {logging_mixin.py:137} INFO - [2025-01-09T23:36:37.101+0000] {dag.py:3441} INFO - Setting next_dagrun for example_trigger_controller_dag to 2021-01-01T00:00:00+00:00, run_after=2021-01-01T00:00:00+00:00
[2025-01-09T23:36:37.110+0000] {processor.py:175} INFO - Processing /home/airflow/.local/lib/python3.7/site-packages/airflow/example_dags/example_trigger_controller_dag.py took 0.034 seconds
[2025-01-09T23:37:07.507+0000] {processor.py:153} INFO - Started process (PID=1014) to work on /home/airflow/.local/lib/python3.7/site-packages/airflow/example_dags/example_trigger_controller_dag.py
[2025-01-09T23:37:07.508+0000] {processor.py:743} INFO - Processing file /home/airflow/.local/lib/python3.7/site-packages/airflow/example_dags/example_trigger_controller_dag.py for tasks to queue
[2025-01-09T23:37:07.508+0000] {logging_mixin.py:137} INFO - [2025-01-09T23:37:07.508+0000] {dagbag.py:538} INFO - Filling up the DagBag from /home/airflow/.local/lib/python3.7/site-packages/airflow/example_dags/example_trigger_controller_dag.py
[2025-01-09T23:37:07.513+0000] {processor.py:753} INFO - DAG(s) dict_keys(['example_trigger_controller_dag']) retrieved from /home/airflow/.local/lib/python3.7/site-packages/airflow/example_dags/example_trigger_controller_dag.py
[2025-01-09T23:37:07.524+0000] {logging_mixin.py:137} INFO - [2025-01-09T23:37:07.524+0000] {dag.py:2690} INFO - Sync 1 DAGs
[2025-01-09T23:37:07.534+0000] {logging_mixin.py:137} INFO - [2025-01-09T23:37:07.534+0000] {dag.py:3441} INFO - Setting next_dagrun for example_trigger_controller_dag to 2021-01-01T00:00:00+00:00, run_after=2021-01-01T00:00:00+00:00
[2025-01-09T23:37:07.547+0000] {processor.py:175} INFO - Processing /home/airflow/.local/lib/python3.7/site-packages/airflow/example_dags/example_trigger_controller_dag.py took 0.041 seconds
[2025-01-09T23:37:38.203+0000] {processor.py:153} INFO - Started process (PID=1105) to work on /home/airflow/.local/lib/python3.7/site-packages/airflow/example_dags/example_trigger_controller_dag.py
[2025-01-09T23:37:38.204+0000] {processor.py:743} INFO - Processing file /home/airflow/.local/lib/python3.7/site-packages/airflow/example_dags/example_trigger_controller_dag.py for tasks to queue
[2025-01-09T23:37:38.205+0000] {logging_mixin.py:137} INFO - [2025-01-09T23:37:38.205+0000] {dagbag.py:538} INFO - Filling up the DagBag from /home/airflow/.local/lib/python3.7/site-packages/airflow/example_dags/example_trigger_controller_dag.py
[2025-01-09T23:37:38.209+0000] {processor.py:753} INFO - DAG(s) dict_keys(['example_trigger_controller_dag']) retrieved from /home/airflow/.local/lib/python3.7/site-packages/airflow/example_dags/example_trigger_controller_dag.py
[2025-01-09T23:37:38.222+0000] {logging_mixin.py:137} INFO - [2025-01-09T23:37:38.222+0000] {dag.py:2690} INFO - Sync 1 DAGs
[2025-01-09T23:37:38.232+0000] {logging_mixin.py:137} INFO - [2025-01-09T23:37:38.231+0000] {dag.py:3441} INFO - Setting next_dagrun for example_trigger_controller_dag to 2021-01-01T00:00:00+00:00, run_after=2021-01-01T00:00:00+00:00
[2025-01-09T23:37:38.243+0000] {processor.py:175} INFO - Processing /home/airflow/.local/lib/python3.7/site-packages/airflow/example_dags/example_trigger_controller_dag.py took 0.042 seconds
[2025-01-09T23:38:40.306+0000] {processor.py:153} INFO - Started process (PID=1180) to work on /home/airflow/.local/lib/python3.7/site-packages/airflow/example_dags/example_trigger_controller_dag.py
[2025-01-09T23:38:40.307+0000] {processor.py:743} INFO - Processing file /home/airflow/.local/lib/python3.7/site-packages/airflow/example_dags/example_trigger_controller_dag.py for tasks to queue
[2025-01-09T23:38:40.307+0000] {logging_mixin.py:137} INFO - [2025-01-09T23:38:40.307+0000] {dagbag.py:538} INFO - Filling up the DagBag from /home/airflow/.local/lib/python3.7/site-packages/airflow/example_dags/example_trigger_controller_dag.py
[2025-01-09T23:38:40.312+0000] {processor.py:753} INFO - DAG(s) dict_keys(['example_trigger_controller_dag']) retrieved from /home/airflow/.local/lib/python3.7/site-packages/airflow/example_dags/example_trigger_controller_dag.py
[2025-01-09T23:38:40.322+0000] {logging_mixin.py:137} INFO - [2025-01-09T23:38:40.322+0000] {dag.py:2690} INFO - Sync 1 DAGs
[2025-01-09T23:38:40.350+0000] {logging_mixin.py:137} INFO - [2025-01-09T23:38:40.350+0000] {dag.py:3441} INFO - Setting next_dagrun for example_trigger_controller_dag to 2021-01-01T00:00:00+00:00, run_after=2021-01-01T00:00:00+00:00
[2025-01-09T23:38:40.383+0000] {processor.py:175} INFO - Processing /home/airflow/.local/lib/python3.7/site-packages/airflow/example_dags/example_trigger_controller_dag.py took 0.079 seconds
[2025-01-09T23:39:10.844+0000] {processor.py:153} INFO - Started process (PID=1270) to work on /home/airflow/.local/lib/python3.7/site-packages/airflow/example_dags/example_trigger_controller_dag.py
[2025-01-09T23:39:10.845+0000] {processor.py:743} INFO - Processing file /home/airflow/.local/lib/python3.7/site-packages/airflow/example_dags/example_trigger_controller_dag.py for tasks to queue
[2025-01-09T23:39:10.845+0000] {logging_mixin.py:137} INFO - [2025-01-09T23:39:10.845+0000] {dagbag.py:538} INFO - Filling up the DagBag from /home/airflow/.local/lib/python3.7/site-packages/airflow/example_dags/example_trigger_controller_dag.py
[2025-01-09T23:39:10.849+0000] {processor.py:753} INFO - DAG(s) dict_keys(['example_trigger_controller_dag']) retrieved from /home/airflow/.local/lib/python3.7/site-packages/airflow/example_dags/example_trigger_controller_dag.py
[2025-01-09T23:39:10.860+0000] {logging_mixin.py:137} INFO - [2025-01-09T23:39:10.860+0000] {dag.py:2690} INFO - Sync 1 DAGs
[2025-01-09T23:39:10.872+0000] {logging_mixin.py:137} INFO - [2025-01-09T23:39:10.871+0000] {dag.py:3441} INFO - Setting next_dagrun for example_trigger_controller_dag to 2021-01-01T00:00:00+00:00, run_after=2021-01-01T00:00:00+00:00
[2025-01-09T23:39:10.880+0000] {processor.py:175} INFO - Processing /home/airflow/.local/lib/python3.7/site-packages/airflow/example_dags/example_trigger_controller_dag.py took 0.037 seconds
[2025-01-09T23:39:41.366+0000] {processor.py:153} INFO - Started process (PID=1345) to work on /home/airflow/.local/lib/python3.7/site-packages/airflow/example_dags/example_trigger_controller_dag.py
[2025-01-09T23:39:41.368+0000] {processor.py:743} INFO - Processing file /home/airflow/.local/lib/python3.7/site-packages/airflow/example_dags/example_trigger_controller_dag.py for tasks to queue
[2025-01-09T23:39:41.369+0000] {logging_mixin.py:137} INFO - [2025-01-09T23:39:41.369+0000] {dagbag.py:538} INFO - Filling up the DagBag from /home/airflow/.local/lib/python3.7/site-packages/airflow/example_dags/example_trigger_controller_dag.py
[2025-01-09T23:39:41.375+0000] {processor.py:753} INFO - DAG(s) dict_keys(['example_trigger_controller_dag']) retrieved from /home/airflow/.local/lib/python3.7/site-packages/airflow/example_dags/example_trigger_controller_dag.py
[2025-01-09T23:39:41.390+0000] {logging_mixin.py:137} INFO - [2025-01-09T23:39:41.390+0000] {dag.py:2690} INFO - Sync 1 DAGs
[2025-01-09T23:39:41.406+0000] {logging_mixin.py:137} INFO - [2025-01-09T23:39:41.406+0000] {dag.py:3441} INFO - Setting next_dagrun for example_trigger_controller_dag to 2021-01-01T00:00:00+00:00, run_after=2021-01-01T00:00:00+00:00
[2025-01-09T23:39:41.419+0000] {processor.py:175} INFO - Processing /home/airflow/.local/lib/python3.7/site-packages/airflow/example_dags/example_trigger_controller_dag.py took 0.054 seconds
[2025-01-09T23:40:12.084+0000] {processor.py:153} INFO - Started process (PID=1436) to work on /home/airflow/.local/lib/python3.7/site-packages/airflow/example_dags/example_trigger_controller_dag.py
[2025-01-09T23:40:12.085+0000] {processor.py:743} INFO - Processing file /home/airflow/.local/lib/python3.7/site-packages/airflow/example_dags/example_trigger_controller_dag.py for tasks to queue
[2025-01-09T23:40:12.085+0000] {logging_mixin.py:137} INFO - [2025-01-09T23:40:12.085+0000] {dagbag.py:538} INFO - Filling up the DagBag from /home/airflow/.local/lib/python3.7/site-packages/airflow/example_dags/example_trigger_controller_dag.py
[2025-01-09T23:40:12.090+0000] {processor.py:753} INFO - DAG(s) dict_keys(['example_trigger_controller_dag']) retrieved from /home/airflow/.local/lib/python3.7/site-packages/airflow/example_dags/example_trigger_controller_dag.py
[2025-01-09T23:40:12.101+0000] {logging_mixin.py:137} INFO - [2025-01-09T23:40:12.101+0000] {dag.py:2690} INFO - Sync 1 DAGs
[2025-01-09T23:40:12.111+0000] {logging_mixin.py:137} INFO - [2025-01-09T23:40:12.111+0000] {dag.py:3441} INFO - Setting next_dagrun for example_trigger_controller_dag to 2021-01-01T00:00:00+00:00, run_after=2021-01-01T00:00:00+00:00
[2025-01-09T23:40:12.123+0000] {processor.py:175} INFO - Processing /home/airflow/.local/lib/python3.7/site-packages/airflow/example_dags/example_trigger_controller_dag.py took 0.040 seconds
[2025-01-09T23:40:42.483+0000] {processor.py:153} INFO - Started process (PID=1527) to work on /home/airflow/.local/lib/python3.7/site-packages/airflow/example_dags/example_trigger_controller_dag.py
[2025-01-09T23:40:42.484+0000] {processor.py:743} INFO - Processing file /home/airflow/.local/lib/python3.7/site-packages/airflow/example_dags/example_trigger_controller_dag.py for tasks to queue
[2025-01-09T23:40:42.484+0000] {logging_mixin.py:137} INFO - [2025-01-09T23:40:42.484+0000] {dagbag.py:538} INFO - Filling up the DagBag from /home/airflow/.local/lib/python3.7/site-packages/airflow/example_dags/example_trigger_controller_dag.py
[2025-01-09T23:40:42.492+0000] {processor.py:753} INFO - DAG(s) dict_keys(['example_trigger_controller_dag']) retrieved from /home/airflow/.local/lib/python3.7/site-packages/airflow/example_dags/example_trigger_controller_dag.py
[2025-01-09T23:40:42.501+0000] {logging_mixin.py:137} INFO - [2025-01-09T23:40:42.501+0000] {dag.py:2690} INFO - Sync 1 DAGs
[2025-01-09T23:40:42.513+0000] {logging_mixin.py:137} INFO - [2025-01-09T23:40:42.513+0000] {dag.py:3441} INFO - Setting next_dagrun for example_trigger_controller_dag to 2021-01-01T00:00:00+00:00, run_after=2021-01-01T00:00:00+00:00
[2025-01-09T23:40:42.522+0000] {processor.py:175} INFO - Processing /home/airflow/.local/lib/python3.7/site-packages/airflow/example_dags/example_trigger_controller_dag.py took 0.040 seconds
[2025-01-09T23:41:12.958+0000] {processor.py:153} INFO - Started process (PID=1618) to work on /home/airflow/.local/lib/python3.7/site-packages/airflow/example_dags/example_trigger_controller_dag.py
[2025-01-09T23:41:12.960+0000] {processor.py:743} INFO - Processing file /home/airflow/.local/lib/python3.7/site-packages/airflow/example_dags/example_trigger_controller_dag.py for tasks to queue
[2025-01-09T23:41:12.961+0000] {logging_mixin.py:137} INFO - [2025-01-09T23:41:12.961+0000] {dagbag.py:538} INFO - Filling up the DagBag from /home/airflow/.local/lib/python3.7/site-packages/airflow/example_dags/example_trigger_controller_dag.py
[2025-01-09T23:41:12.965+0000] {processor.py:753} INFO - DAG(s) dict_keys(['example_trigger_controller_dag']) retrieved from /home/airflow/.local/lib/python3.7/site-packages/airflow/example_dags/example_trigger_controller_dag.py
[2025-01-09T23:41:12.977+0000] {logging_mixin.py:137} INFO - [2025-01-09T23:41:12.977+0000] {dag.py:2690} INFO - Sync 1 DAGs
[2025-01-09T23:41:12.987+0000] {logging_mixin.py:137} INFO - [2025-01-09T23:41:12.987+0000] {dag.py:3441} INFO - Setting next_dagrun for example_trigger_controller_dag to 2021-01-01T00:00:00+00:00, run_after=2021-01-01T00:00:00+00:00
[2025-01-09T23:41:12.997+0000] {processor.py:175} INFO - Processing /home/airflow/.local/lib/python3.7/site-packages/airflow/example_dags/example_trigger_controller_dag.py took 0.040 seconds
[2025-01-09T23:41:43.548+0000] {processor.py:153} INFO - Started process (PID=1709) to work on /home/airflow/.local/lib/python3.7/site-packages/airflow/example_dags/example_trigger_controller_dag.py
[2025-01-09T23:41:43.549+0000] {processor.py:743} INFO - Processing file /home/airflow/.local/lib/python3.7/site-packages/airflow/example_dags/example_trigger_controller_dag.py for tasks to queue
[2025-01-09T23:41:43.549+0000] {logging_mixin.py:137} INFO - [2025-01-09T23:41:43.549+0000] {dagbag.py:538} INFO - Filling up the DagBag from /home/airflow/.local/lib/python3.7/site-packages/airflow/example_dags/example_trigger_controller_dag.py
[2025-01-09T23:41:43.554+0000] {processor.py:753} INFO - DAG(s) dict_keys(['example_trigger_controller_dag']) retrieved from /home/airflow/.local/lib/python3.7/site-packages/airflow/example_dags/example_trigger_controller_dag.py
[2025-01-09T23:41:43.570+0000] {logging_mixin.py:137} INFO - [2025-01-09T23:41:43.569+0000] {dag.py:2690} INFO - Sync 1 DAGs
[2025-01-09T23:41:43.582+0000] {logging_mixin.py:137} INFO - [2025-01-09T23:41:43.582+0000] {dag.py:3441} INFO - Setting next_dagrun for example_trigger_controller_dag to 2021-01-01T00:00:00+00:00, run_after=2021-01-01T00:00:00+00:00
[2025-01-09T23:41:43.591+0000] {processor.py:175} INFO - Processing /home/airflow/.local/lib/python3.7/site-packages/airflow/example_dags/example_trigger_controller_dag.py took 0.045 seconds
[2025-01-09T23:42:14.150+0000] {processor.py:153} INFO - Started process (PID=1784) to work on /home/airflow/.local/lib/python3.7/site-packages/airflow/example_dags/example_trigger_controller_dag.py
[2025-01-09T23:42:14.152+0000] {processor.py:743} INFO - Processing file /home/airflow/.local/lib/python3.7/site-packages/airflow/example_dags/example_trigger_controller_dag.py for tasks to queue
[2025-01-09T23:42:14.152+0000] {logging_mixin.py:137} INFO - [2025-01-09T23:42:14.152+0000] {dagbag.py:538} INFO - Filling up the DagBag from /home/airflow/.local/lib/python3.7/site-packages/airflow/example_dags/example_trigger_controller_dag.py
[2025-01-09T23:42:14.156+0000] {processor.py:753} INFO - DAG(s) dict_keys(['example_trigger_controller_dag']) retrieved from /home/airflow/.local/lib/python3.7/site-packages/airflow/example_dags/example_trigger_controller_dag.py
[2025-01-09T23:42:14.169+0000] {logging_mixin.py:137} INFO - [2025-01-09T23:42:14.169+0000] {dag.py:2690} INFO - Sync 1 DAGs
[2025-01-09T23:42:14.179+0000] {logging_mixin.py:137} INFO - [2025-01-09T23:42:14.179+0000] {dag.py:3441} INFO - Setting next_dagrun for example_trigger_controller_dag to 2021-01-01T00:00:00+00:00, run_after=2021-01-01T00:00:00+00:00
[2025-01-09T23:42:14.192+0000] {processor.py:175} INFO - Processing /home/airflow/.local/lib/python3.7/site-packages/airflow/example_dags/example_trigger_controller_dag.py took 0.043 seconds
[2025-01-09T23:42:44.590+0000] {processor.py:153} INFO - Started process (PID=1876) to work on /home/airflow/.local/lib/python3.7/site-packages/airflow/example_dags/example_trigger_controller_dag.py
[2025-01-09T23:42:44.591+0000] {processor.py:743} INFO - Processing file /home/airflow/.local/lib/python3.7/site-packages/airflow/example_dags/example_trigger_controller_dag.py for tasks to queue
[2025-01-09T23:42:44.595+0000] {logging_mixin.py:137} INFO - [2025-01-09T23:42:44.595+0000] {dagbag.py:538} INFO - Filling up the DagBag from /home/airflow/.local/lib/python3.7/site-packages/airflow/example_dags/example_trigger_controller_dag.py
[2025-01-09T23:42:44.599+0000] {processor.py:753} INFO - DAG(s) dict_keys(['example_trigger_controller_dag']) retrieved from /home/airflow/.local/lib/python3.7/site-packages/airflow/example_dags/example_trigger_controller_dag.py
[2025-01-09T23:42:44.615+0000] {logging_mixin.py:137} INFO - [2025-01-09T23:42:44.615+0000] {dag.py:2690} INFO - Sync 1 DAGs
[2025-01-09T23:42:44.629+0000] {logging_mixin.py:137} INFO - [2025-01-09T23:42:44.629+0000] {dag.py:3441} INFO - Setting next_dagrun for example_trigger_controller_dag to 2021-01-01T00:00:00+00:00, run_after=2021-01-01T00:00:00+00:00
[2025-01-09T23:42:44.640+0000] {processor.py:175} INFO - Processing /home/airflow/.local/lib/python3.7/site-packages/airflow/example_dags/example_trigger_controller_dag.py took 0.051 seconds
[2025-01-09T23:43:15.329+0000] {processor.py:153} INFO - Started process (PID=1967) to work on /home/airflow/.local/lib/python3.7/site-packages/airflow/example_dags/example_trigger_controller_dag.py
[2025-01-09T23:43:15.330+0000] {processor.py:743} INFO - Processing file /home/airflow/.local/lib/python3.7/site-packages/airflow/example_dags/example_trigger_controller_dag.py for tasks to queue
[2025-01-09T23:43:15.331+0000] {logging_mixin.py:137} INFO - [2025-01-09T23:43:15.331+0000] {dagbag.py:538} INFO - Filling up the DagBag from /home/airflow/.local/lib/python3.7/site-packages/airflow/example_dags/example_trigger_controller_dag.py
[2025-01-09T23:43:15.335+0000] {processor.py:753} INFO - DAG(s) dict_keys(['example_trigger_controller_dag']) retrieved from /home/airflow/.local/lib/python3.7/site-packages/airflow/example_dags/example_trigger_controller_dag.py
[2025-01-09T23:43:15.345+0000] {logging_mixin.py:137} INFO - [2025-01-09T23:43:15.345+0000] {dag.py:2690} INFO - Sync 1 DAGs
[2025-01-09T23:43:15.358+0000] {logging_mixin.py:137} INFO - [2025-01-09T23:43:15.358+0000] {dag.py:3441} INFO - Setting next_dagrun for example_trigger_controller_dag to 2021-01-01T00:00:00+00:00, run_after=2021-01-01T00:00:00+00:00
[2025-01-09T23:43:15.365+0000] {processor.py:175} INFO - Processing /home/airflow/.local/lib/python3.7/site-packages/airflow/example_dags/example_trigger_controller_dag.py took 0.037 seconds
[2025-01-09T23:43:45.922+0000] {processor.py:153} INFO - Started process (PID=2058) to work on /home/airflow/.local/lib/python3.7/site-packages/airflow/example_dags/example_trigger_controller_dag.py
[2025-01-09T23:43:45.922+0000] {processor.py:743} INFO - Processing file /home/airflow/.local/lib/python3.7/site-packages/airflow/example_dags/example_trigger_controller_dag.py for tasks to queue
[2025-01-09T23:43:45.922+0000] {logging_mixin.py:137} INFO - [2025-01-09T23:43:45.922+0000] {dagbag.py:538} INFO - Filling up the DagBag from /home/airflow/.local/lib/python3.7/site-packages/airflow/example_dags/example_trigger_controller_dag.py
[2025-01-09T23:43:45.927+0000] {processor.py:753} INFO - DAG(s) dict_keys(['example_trigger_controller_dag']) retrieved from /home/airflow/.local/lib/python3.7/site-packages/airflow/example_dags/example_trigger_controller_dag.py
[2025-01-09T23:43:45.939+0000] {logging_mixin.py:137} INFO - [2025-01-09T23:43:45.939+0000] {dag.py:2690} INFO - Sync 1 DAGs
[2025-01-09T23:43:45.948+0000] {logging_mixin.py:137} INFO - [2025-01-09T23:43:45.948+0000] {dag.py:3441} INFO - Setting next_dagrun for example_trigger_controller_dag to 2021-01-01T00:00:00+00:00, run_after=2021-01-01T00:00:00+00:00
[2025-01-09T23:43:45.955+0000] {processor.py:175} INFO - Processing /home/airflow/.local/lib/python3.7/site-packages/airflow/example_dags/example_trigger_controller_dag.py took 0.034 seconds
[2025-01-09T23:44:16.435+0000] {processor.py:153} INFO - Started process (PID=2133) to work on /home/airflow/.local/lib/python3.7/site-packages/airflow/example_dags/example_trigger_controller_dag.py
[2025-01-09T23:44:16.438+0000] {processor.py:743} INFO - Processing file /home/airflow/.local/lib/python3.7/site-packages/airflow/example_dags/example_trigger_controller_dag.py for tasks to queue
[2025-01-09T23:44:16.438+0000] {logging_mixin.py:137} INFO - [2025-01-09T23:44:16.438+0000] {dagbag.py:538} INFO - Filling up the DagBag from /home/airflow/.local/lib/python3.7/site-packages/airflow/example_dags/example_trigger_controller_dag.py
[2025-01-09T23:44:16.443+0000] {processor.py:753} INFO - DAG(s) dict_keys(['example_trigger_controller_dag']) retrieved from /home/airflow/.local/lib/python3.7/site-packages/airflow/example_dags/example_trigger_controller_dag.py
[2025-01-09T23:44:16.456+0000] {logging_mixin.py:137} INFO - [2025-01-09T23:44:16.455+0000] {dag.py:2690} INFO - Sync 1 DAGs
[2025-01-09T23:44:16.469+0000] {logging_mixin.py:137} INFO - [2025-01-09T23:44:16.468+0000] {dag.py:3441} INFO - Setting next_dagrun for example_trigger_controller_dag to 2021-01-01T00:00:00+00:00, run_after=2021-01-01T00:00:00+00:00
[2025-01-09T23:44:16.479+0000] {processor.py:175} INFO - Processing /home/airflow/.local/lib/python3.7/site-packages/airflow/example_dags/example_trigger_controller_dag.py took 0.045 seconds
[2025-01-09T23:44:47.054+0000] {processor.py:153} INFO - Started process (PID=2224) to work on /home/airflow/.local/lib/python3.7/site-packages/airflow/example_dags/example_trigger_controller_dag.py
[2025-01-09T23:44:47.056+0000] {processor.py:743} INFO - Processing file /home/airflow/.local/lib/python3.7/site-packages/airflow/example_dags/example_trigger_controller_dag.py for tasks to queue
[2025-01-09T23:44:47.056+0000] {logging_mixin.py:137} INFO - [2025-01-09T23:44:47.056+0000] {dagbag.py:538} INFO - Filling up the DagBag from /home/airflow/.local/lib/python3.7/site-packages/airflow/example_dags/example_trigger_controller_dag.py
[2025-01-09T23:44:47.062+0000] {processor.py:753} INFO - DAG(s) dict_keys(['example_trigger_controller_dag']) retrieved from /home/airflow/.local/lib/python3.7/site-packages/airflow/example_dags/example_trigger_controller_dag.py
[2025-01-09T23:44:47.073+0000] {logging_mixin.py:137} INFO - [2025-01-09T23:44:47.073+0000] {dag.py:2690} INFO - Sync 1 DAGs
[2025-01-09T23:44:47.086+0000] {logging_mixin.py:137} INFO - [2025-01-09T23:44:47.086+0000] {dag.py:3441} INFO - Setting next_dagrun for example_trigger_controller_dag to 2021-01-01T00:00:00+00:00, run_after=2021-01-01T00:00:00+00:00
[2025-01-09T23:44:47.093+0000] {processor.py:175} INFO - Processing /home/airflow/.local/lib/python3.7/site-packages/airflow/example_dags/example_trigger_controller_dag.py took 0.040 seconds
[2025-01-09T23:45:17.505+0000] {processor.py:153} INFO - Started process (PID=2315) to work on /home/airflow/.local/lib/python3.7/site-packages/airflow/example_dags/example_trigger_controller_dag.py
[2025-01-09T23:45:17.506+0000] {processor.py:743} INFO - Processing file /home/airflow/.local/lib/python3.7/site-packages/airflow/example_dags/example_trigger_controller_dag.py for tasks to queue
[2025-01-09T23:45:17.506+0000] {logging_mixin.py:137} INFO - [2025-01-09T23:45:17.506+0000] {dagbag.py:538} INFO - Filling up the DagBag from /home/airflow/.local/lib/python3.7/site-packages/airflow/example_dags/example_trigger_controller_dag.py
[2025-01-09T23:45:17.511+0000] {processor.py:753} INFO - DAG(s) dict_keys(['example_trigger_controller_dag']) retrieved from /home/airflow/.local/lib/python3.7/site-packages/airflow/example_dags/example_trigger_controller_dag.py
[2025-01-09T23:45:17.522+0000] {logging_mixin.py:137} INFO - [2025-01-09T23:45:17.522+0000] {dag.py:2690} INFO - Sync 1 DAGs
[2025-01-09T23:45:17.533+0000] {logging_mixin.py:137} INFO - [2025-01-09T23:45:17.533+0000] {dag.py:3441} INFO - Setting next_dagrun for example_trigger_controller_dag to 2021-01-01T00:00:00+00:00, run_after=2021-01-01T00:00:00+00:00
[2025-01-09T23:45:17.541+0000] {processor.py:175} INFO - Processing /home/airflow/.local/lib/python3.7/site-packages/airflow/example_dags/example_trigger_controller_dag.py took 0.037 seconds
[2025-01-09T23:45:47.912+0000] {processor.py:153} INFO - Started process (PID=2406) to work on /home/airflow/.local/lib/python3.7/site-packages/airflow/example_dags/example_trigger_controller_dag.py
[2025-01-09T23:45:47.912+0000] {processor.py:743} INFO - Processing file /home/airflow/.local/lib/python3.7/site-packages/airflow/example_dags/example_trigger_controller_dag.py for tasks to queue
[2025-01-09T23:45:47.913+0000] {logging_mixin.py:137} INFO - [2025-01-09T23:45:47.913+0000] {dagbag.py:538} INFO - Filling up the DagBag from /home/airflow/.local/lib/python3.7/site-packages/airflow/example_dags/example_trigger_controller_dag.py
[2025-01-09T23:45:47.917+0000] {processor.py:753} INFO - DAG(s) dict_keys(['example_trigger_controller_dag']) retrieved from /home/airflow/.local/lib/python3.7/site-packages/airflow/example_dags/example_trigger_controller_dag.py
[2025-01-09T23:45:47.927+0000] {logging_mixin.py:137} INFO - [2025-01-09T23:45:47.927+0000] {dag.py:2690} INFO - Sync 1 DAGs
[2025-01-09T23:45:47.940+0000] {logging_mixin.py:137} INFO - [2025-01-09T23:45:47.940+0000] {dag.py:3441} INFO - Setting next_dagrun for example_trigger_controller_dag to 2021-01-01T00:00:00+00:00, run_after=2021-01-01T00:00:00+00:00
[2025-01-09T23:45:47.949+0000] {processor.py:175} INFO - Processing /home/airflow/.local/lib/python3.7/site-packages/airflow/example_dags/example_trigger_controller_dag.py took 0.039 seconds
[2025-01-09T23:46:18.330+0000] {processor.py:153} INFO - Started process (PID=2480) to work on /home/airflow/.local/lib/python3.7/site-packages/airflow/example_dags/example_trigger_controller_dag.py
[2025-01-09T23:46:18.332+0000] {processor.py:743} INFO - Processing file /home/airflow/.local/lib/python3.7/site-packages/airflow/example_dags/example_trigger_controller_dag.py for tasks to queue
[2025-01-09T23:46:18.332+0000] {logging_mixin.py:137} INFO - [2025-01-09T23:46:18.332+0000] {dagbag.py:538} INFO - Filling up the DagBag from /home/airflow/.local/lib/python3.7/site-packages/airflow/example_dags/example_trigger_controller_dag.py
[2025-01-09T23:46:18.336+0000] {processor.py:753} INFO - DAG(s) dict_keys(['example_trigger_controller_dag']) retrieved from /home/airflow/.local/lib/python3.7/site-packages/airflow/example_dags/example_trigger_controller_dag.py
[2025-01-09T23:46:18.349+0000] {logging_mixin.py:137} INFO - [2025-01-09T23:46:18.349+0000] {dag.py:2690} INFO - Sync 1 DAGs
[2025-01-09T23:46:18.359+0000] {logging_mixin.py:137} INFO - [2025-01-09T23:46:18.359+0000] {dag.py:3441} INFO - Setting next_dagrun for example_trigger_controller_dag to 2021-01-01T00:00:00+00:00, run_after=2021-01-01T00:00:00+00:00
[2025-01-09T23:46:18.368+0000] {processor.py:175} INFO - Processing /home/airflow/.local/lib/python3.7/site-packages/airflow/example_dags/example_trigger_controller_dag.py took 0.039 seconds
[2025-01-09T23:46:48.776+0000] {processor.py:153} INFO - Started process (PID=2570) to work on /home/airflow/.local/lib/python3.7/site-packages/airflow/example_dags/example_trigger_controller_dag.py
[2025-01-09T23:46:48.777+0000] {processor.py:743} INFO - Processing file /home/airflow/.local/lib/python3.7/site-packages/airflow/example_dags/example_trigger_controller_dag.py for tasks to queue
[2025-01-09T23:46:48.777+0000] {logging_mixin.py:137} INFO - [2025-01-09T23:46:48.777+0000] {dagbag.py:538} INFO - Filling up the DagBag from /home/airflow/.local/lib/python3.7/site-packages/airflow/example_dags/example_trigger_controller_dag.py
[2025-01-09T23:46:48.782+0000] {processor.py:753} INFO - DAG(s) dict_keys(['example_trigger_controller_dag']) retrieved from /home/airflow/.local/lib/python3.7/site-packages/airflow/example_dags/example_trigger_controller_dag.py
[2025-01-09T23:46:48.795+0000] {logging_mixin.py:137} INFO - [2025-01-09T23:46:48.795+0000] {dag.py:2690} INFO - Sync 1 DAGs
[2025-01-09T23:46:48.805+0000] {logging_mixin.py:137} INFO - [2025-01-09T23:46:48.805+0000] {dag.py:3441} INFO - Setting next_dagrun for example_trigger_controller_dag to 2021-01-01T00:00:00+00:00, run_after=2021-01-01T00:00:00+00:00
[2025-01-09T23:46:48.812+0000] {processor.py:175} INFO - Processing /home/airflow/.local/lib/python3.7/site-packages/airflow/example_dags/example_trigger_controller_dag.py took 0.037 seconds
[2025-01-09T23:47:19.311+0000] {processor.py:153} INFO - Started process (PID=2661) to work on /home/airflow/.local/lib/python3.7/site-packages/airflow/example_dags/example_trigger_controller_dag.py
[2025-01-09T23:47:19.312+0000] {processor.py:743} INFO - Processing file /home/airflow/.local/lib/python3.7/site-packages/airflow/example_dags/example_trigger_controller_dag.py for tasks to queue
[2025-01-09T23:47:19.313+0000] {logging_mixin.py:137} INFO - [2025-01-09T23:47:19.313+0000] {dagbag.py:538} INFO - Filling up the DagBag from /home/airflow/.local/lib/python3.7/site-packages/airflow/example_dags/example_trigger_controller_dag.py
[2025-01-09T23:47:19.317+0000] {processor.py:753} INFO - DAG(s) dict_keys(['example_trigger_controller_dag']) retrieved from /home/airflow/.local/lib/python3.7/site-packages/airflow/example_dags/example_trigger_controller_dag.py
[2025-01-09T23:47:19.327+0000] {logging_mixin.py:137} INFO - [2025-01-09T23:47:19.327+0000] {dag.py:2690} INFO - Sync 1 DAGs
[2025-01-09T23:47:19.337+0000] {logging_mixin.py:137} INFO - [2025-01-09T23:47:19.337+0000] {dag.py:3441} INFO - Setting next_dagrun for example_trigger_controller_dag to 2021-01-01T00:00:00+00:00, run_after=2021-01-01T00:00:00+00:00
[2025-01-09T23:47:19.348+0000] {processor.py:175} INFO - Processing /home/airflow/.local/lib/python3.7/site-packages/airflow/example_dags/example_trigger_controller_dag.py took 0.038 seconds
[2025-01-09T23:47:49.772+0000] {processor.py:153} INFO - Started process (PID=2752) to work on /home/airflow/.local/lib/python3.7/site-packages/airflow/example_dags/example_trigger_controller_dag.py
[2025-01-09T23:47:49.773+0000] {processor.py:743} INFO - Processing file /home/airflow/.local/lib/python3.7/site-packages/airflow/example_dags/example_trigger_controller_dag.py for tasks to queue
[2025-01-09T23:47:49.774+0000] {logging_mixin.py:137} INFO - [2025-01-09T23:47:49.774+0000] {dagbag.py:538} INFO - Filling up the DagBag from /home/airflow/.local/lib/python3.7/site-packages/airflow/example_dags/example_trigger_controller_dag.py
[2025-01-09T23:47:49.779+0000] {processor.py:753} INFO - DAG(s) dict_keys(['example_trigger_controller_dag']) retrieved from /home/airflow/.local/lib/python3.7/site-packages/airflow/example_dags/example_trigger_controller_dag.py
[2025-01-09T23:47:49.792+0000] {logging_mixin.py:137} INFO - [2025-01-09T23:47:49.792+0000] {dag.py:2690} INFO - Sync 1 DAGs
[2025-01-09T23:47:49.804+0000] {logging_mixin.py:137} INFO - [2025-01-09T23:47:49.804+0000] {dag.py:3441} INFO - Setting next_dagrun for example_trigger_controller_dag to 2021-01-01T00:00:00+00:00, run_after=2021-01-01T00:00:00+00:00
[2025-01-09T23:47:49.812+0000] {processor.py:175} INFO - Processing /home/airflow/.local/lib/python3.7/site-packages/airflow/example_dags/example_trigger_controller_dag.py took 0.041 seconds
[2025-01-09T23:48:20.278+0000] {processor.py:153} INFO - Started process (PID=2836) to work on /home/airflow/.local/lib/python3.7/site-packages/airflow/example_dags/example_trigger_controller_dag.py
[2025-01-09T23:48:20.278+0000] {processor.py:743} INFO - Processing file /home/airflow/.local/lib/python3.7/site-packages/airflow/example_dags/example_trigger_controller_dag.py for tasks to queue
[2025-01-09T23:48:20.279+0000] {logging_mixin.py:137} INFO - [2025-01-09T23:48:20.278+0000] {dagbag.py:538} INFO - Filling up the DagBag from /home/airflow/.local/lib/python3.7/site-packages/airflow/example_dags/example_trigger_controller_dag.py
[2025-01-09T23:48:20.284+0000] {processor.py:753} INFO - DAG(s) dict_keys(['example_trigger_controller_dag']) retrieved from /home/airflow/.local/lib/python3.7/site-packages/airflow/example_dags/example_trigger_controller_dag.py
[2025-01-09T23:48:20.296+0000] {logging_mixin.py:137} INFO - [2025-01-09T23:48:20.296+0000] {dag.py:2690} INFO - Sync 1 DAGs
[2025-01-09T23:48:20.306+0000] {logging_mixin.py:137} INFO - [2025-01-09T23:48:20.306+0000] {dag.py:3441} INFO - Setting next_dagrun for example_trigger_controller_dag to 2021-01-01T00:00:00+00:00, run_after=2021-01-01T00:00:00+00:00
[2025-01-09T23:48:20.317+0000] {processor.py:175} INFO - Processing /home/airflow/.local/lib/python3.7/site-packages/airflow/example_dags/example_trigger_controller_dag.py took 0.041 seconds
[2025-01-09T23:48:50.956+0000] {processor.py:153} INFO - Started process (PID=2918) to work on /home/airflow/.local/lib/python3.7/site-packages/airflow/example_dags/example_trigger_controller_dag.py
[2025-01-09T23:48:50.957+0000] {processor.py:743} INFO - Processing file /home/airflow/.local/lib/python3.7/site-packages/airflow/example_dags/example_trigger_controller_dag.py for tasks to queue
[2025-01-09T23:48:50.957+0000] {logging_mixin.py:137} INFO - [2025-01-09T23:48:50.957+0000] {dagbag.py:538} INFO - Filling up the DagBag from /home/airflow/.local/lib/python3.7/site-packages/airflow/example_dags/example_trigger_controller_dag.py
[2025-01-09T23:48:50.962+0000] {processor.py:753} INFO - DAG(s) dict_keys(['example_trigger_controller_dag']) retrieved from /home/airflow/.local/lib/python3.7/site-packages/airflow/example_dags/example_trigger_controller_dag.py
[2025-01-09T23:48:50.975+0000] {logging_mixin.py:137} INFO - [2025-01-09T23:48:50.974+0000] {dag.py:2690} INFO - Sync 1 DAGs
[2025-01-09T23:48:50.985+0000] {logging_mixin.py:137} INFO - [2025-01-09T23:48:50.985+0000] {dag.py:3441} INFO - Setting next_dagrun for example_trigger_controller_dag to 2021-01-01T00:00:00+00:00, run_after=2021-01-01T00:00:00+00:00
[2025-01-09T23:48:50.997+0000] {processor.py:175} INFO - Processing /home/airflow/.local/lib/python3.7/site-packages/airflow/example_dags/example_trigger_controller_dag.py took 0.043 seconds
[2025-01-09T23:49:21.320+0000] {processor.py:153} INFO - Started process (PID=3009) to work on /home/airflow/.local/lib/python3.7/site-packages/airflow/example_dags/example_trigger_controller_dag.py
[2025-01-09T23:49:21.320+0000] {processor.py:743} INFO - Processing file /home/airflow/.local/lib/python3.7/site-packages/airflow/example_dags/example_trigger_controller_dag.py for tasks to queue
[2025-01-09T23:49:21.320+0000] {logging_mixin.py:137} INFO - [2025-01-09T23:49:21.320+0000] {dagbag.py:538} INFO - Filling up the DagBag from /home/airflow/.local/lib/python3.7/site-packages/airflow/example_dags/example_trigger_controller_dag.py
[2025-01-09T23:49:21.324+0000] {processor.py:753} INFO - DAG(s) dict_keys(['example_trigger_controller_dag']) retrieved from /home/airflow/.local/lib/python3.7/site-packages/airflow/example_dags/example_trigger_controller_dag.py
[2025-01-09T23:49:21.336+0000] {logging_mixin.py:137} INFO - [2025-01-09T23:49:21.336+0000] {dag.py:2690} INFO - Sync 1 DAGs
[2025-01-09T23:49:21.350+0000] {logging_mixin.py:137} INFO - [2025-01-09T23:49:21.350+0000] {dag.py:3441} INFO - Setting next_dagrun for example_trigger_controller_dag to 2021-01-01T00:00:00+00:00, run_after=2021-01-01T00:00:00+00:00
[2025-01-09T23:49:21.360+0000] {processor.py:175} INFO - Processing /home/airflow/.local/lib/python3.7/site-packages/airflow/example_dags/example_trigger_controller_dag.py took 0.042 seconds
[2025-01-09T23:49:51.820+0000] {processor.py:153} INFO - Started process (PID=3100) to work on /home/airflow/.local/lib/python3.7/site-packages/airflow/example_dags/example_trigger_controller_dag.py
[2025-01-09T23:49:51.820+0000] {processor.py:743} INFO - Processing file /home/airflow/.local/lib/python3.7/site-packages/airflow/example_dags/example_trigger_controller_dag.py for tasks to queue
[2025-01-09T23:49:51.821+0000] {logging_mixin.py:137} INFO - [2025-01-09T23:49:51.821+0000] {dagbag.py:538} INFO - Filling up the DagBag from /home/airflow/.local/lib/python3.7/site-packages/airflow/example_dags/example_trigger_controller_dag.py
[2025-01-09T23:49:51.825+0000] {processor.py:753} INFO - DAG(s) dict_keys(['example_trigger_controller_dag']) retrieved from /home/airflow/.local/lib/python3.7/site-packages/airflow/example_dags/example_trigger_controller_dag.py
[2025-01-09T23:49:51.840+0000] {logging_mixin.py:137} INFO - [2025-01-09T23:49:51.840+0000] {dag.py:2690} INFO - Sync 1 DAGs
[2025-01-09T23:49:51.851+0000] {logging_mixin.py:137} INFO - [2025-01-09T23:49:51.851+0000] {dag.py:3441} INFO - Setting next_dagrun for example_trigger_controller_dag to 2021-01-01T00:00:00+00:00, run_after=2021-01-01T00:00:00+00:00
[2025-01-09T23:49:51.862+0000] {processor.py:175} INFO - Processing /home/airflow/.local/lib/python3.7/site-packages/airflow/example_dags/example_trigger_controller_dag.py took 0.043 seconds
[2025-01-09T23:50:22.328+0000] {processor.py:153} INFO - Started process (PID=3191) to work on /home/airflow/.local/lib/python3.7/site-packages/airflow/example_dags/example_trigger_controller_dag.py
[2025-01-09T23:50:22.328+0000] {processor.py:743} INFO - Processing file /home/airflow/.local/lib/python3.7/site-packages/airflow/example_dags/example_trigger_controller_dag.py for tasks to queue
[2025-01-09T23:50:22.329+0000] {logging_mixin.py:137} INFO - [2025-01-09T23:50:22.329+0000] {dagbag.py:538} INFO - Filling up the DagBag from /home/airflow/.local/lib/python3.7/site-packages/airflow/example_dags/example_trigger_controller_dag.py
[2025-01-09T23:50:22.335+0000] {processor.py:753} INFO - DAG(s) dict_keys(['example_trigger_controller_dag']) retrieved from /home/airflow/.local/lib/python3.7/site-packages/airflow/example_dags/example_trigger_controller_dag.py
[2025-01-09T23:50:22.345+0000] {logging_mixin.py:137} INFO - [2025-01-09T23:50:22.344+0000] {dag.py:2690} INFO - Sync 1 DAGs
[2025-01-09T23:50:22.356+0000] {logging_mixin.py:137} INFO - [2025-01-09T23:50:22.356+0000] {dag.py:3441} INFO - Setting next_dagrun for example_trigger_controller_dag to 2021-01-01T00:00:00+00:00, run_after=2021-01-01T00:00:00+00:00
[2025-01-09T23:50:22.367+0000] {processor.py:175} INFO - Processing /home/airflow/.local/lib/python3.7/site-packages/airflow/example_dags/example_trigger_controller_dag.py took 0.040 seconds
[2025-01-09T23:50:52.815+0000] {processor.py:153} INFO - Started process (PID=3266) to work on /home/airflow/.local/lib/python3.7/site-packages/airflow/example_dags/example_trigger_controller_dag.py
[2025-01-09T23:50:52.816+0000] {processor.py:743} INFO - Processing file /home/airflow/.local/lib/python3.7/site-packages/airflow/example_dags/example_trigger_controller_dag.py for tasks to queue
[2025-01-09T23:50:52.818+0000] {logging_mixin.py:137} INFO - [2025-01-09T23:50:52.818+0000] {dagbag.py:538} INFO - Filling up the DagBag from /home/airflow/.local/lib/python3.7/site-packages/airflow/example_dags/example_trigger_controller_dag.py
[2025-01-09T23:50:52.822+0000] {processor.py:753} INFO - DAG(s) dict_keys(['example_trigger_controller_dag']) retrieved from /home/airflow/.local/lib/python3.7/site-packages/airflow/example_dags/example_trigger_controller_dag.py
[2025-01-09T23:50:52.835+0000] {logging_mixin.py:137} INFO - [2025-01-09T23:50:52.835+0000] {dag.py:2690} INFO - Sync 1 DAGs
[2025-01-09T23:50:52.845+0000] {logging_mixin.py:137} INFO - [2025-01-09T23:50:52.845+0000] {dag.py:3441} INFO - Setting next_dagrun for example_trigger_controller_dag to 2021-01-01T00:00:00+00:00, run_after=2021-01-01T00:00:00+00:00
[2025-01-09T23:50:52.859+0000] {processor.py:175} INFO - Processing /home/airflow/.local/lib/python3.7/site-packages/airflow/example_dags/example_trigger_controller_dag.py took 0.046 seconds
[2025-01-09T23:51:23.247+0000] {processor.py:153} INFO - Started process (PID=3357) to work on /home/airflow/.local/lib/python3.7/site-packages/airflow/example_dags/example_trigger_controller_dag.py
[2025-01-09T23:51:23.248+0000] {processor.py:743} INFO - Processing file /home/airflow/.local/lib/python3.7/site-packages/airflow/example_dags/example_trigger_controller_dag.py for tasks to queue
[2025-01-09T23:51:23.248+0000] {logging_mixin.py:137} INFO - [2025-01-09T23:51:23.248+0000] {dagbag.py:538} INFO - Filling up the DagBag from /home/airflow/.local/lib/python3.7/site-packages/airflow/example_dags/example_trigger_controller_dag.py
[2025-01-09T23:51:23.252+0000] {processor.py:753} INFO - DAG(s) dict_keys(['example_trigger_controller_dag']) retrieved from /home/airflow/.local/lib/python3.7/site-packages/airflow/example_dags/example_trigger_controller_dag.py
[2025-01-09T23:51:23.265+0000] {logging_mixin.py:137} INFO - [2025-01-09T23:51:23.265+0000] {dag.py:2690} INFO - Sync 1 DAGs
[2025-01-09T23:51:23.275+0000] {logging_mixin.py:137} INFO - [2025-01-09T23:51:23.275+0000] {dag.py:3441} INFO - Setting next_dagrun for example_trigger_controller_dag to 2021-01-01T00:00:00+00:00, run_after=2021-01-01T00:00:00+00:00
[2025-01-09T23:51:23.284+0000] {processor.py:175} INFO - Processing /home/airflow/.local/lib/python3.7/site-packages/airflow/example_dags/example_trigger_controller_dag.py took 0.038 seconds
[2025-01-09T23:51:53.632+0000] {processor.py:153} INFO - Started process (PID=3448) to work on /home/airflow/.local/lib/python3.7/site-packages/airflow/example_dags/example_trigger_controller_dag.py
[2025-01-09T23:51:53.633+0000] {processor.py:743} INFO - Processing file /home/airflow/.local/lib/python3.7/site-packages/airflow/example_dags/example_trigger_controller_dag.py for tasks to queue
[2025-01-09T23:51:53.634+0000] {logging_mixin.py:137} INFO - [2025-01-09T23:51:53.634+0000] {dagbag.py:538} INFO - Filling up the DagBag from /home/airflow/.local/lib/python3.7/site-packages/airflow/example_dags/example_trigger_controller_dag.py
[2025-01-09T23:51:53.639+0000] {processor.py:753} INFO - DAG(s) dict_keys(['example_trigger_controller_dag']) retrieved from /home/airflow/.local/lib/python3.7/site-packages/airflow/example_dags/example_trigger_controller_dag.py
[2025-01-09T23:51:53.656+0000] {logging_mixin.py:137} INFO - [2025-01-09T23:51:53.656+0000] {dag.py:2690} INFO - Sync 1 DAGs
[2025-01-09T23:51:53.666+0000] {logging_mixin.py:137} INFO - [2025-01-09T23:51:53.666+0000] {dag.py:3441} INFO - Setting next_dagrun for example_trigger_controller_dag to 2021-01-01T00:00:00+00:00, run_after=2021-01-01T00:00:00+00:00
[2025-01-09T23:51:53.677+0000] {processor.py:175} INFO - Processing /home/airflow/.local/lib/python3.7/site-packages/airflow/example_dags/example_trigger_controller_dag.py took 0.047 seconds
[2025-01-09T23:52:24.185+0000] {processor.py:153} INFO - Started process (PID=3539) to work on /home/airflow/.local/lib/python3.7/site-packages/airflow/example_dags/example_trigger_controller_dag.py
[2025-01-09T23:52:24.186+0000] {processor.py:743} INFO - Processing file /home/airflow/.local/lib/python3.7/site-packages/airflow/example_dags/example_trigger_controller_dag.py for tasks to queue
[2025-01-09T23:52:24.186+0000] {logging_mixin.py:137} INFO - [2025-01-09T23:52:24.186+0000] {dagbag.py:538} INFO - Filling up the DagBag from /home/airflow/.local/lib/python3.7/site-packages/airflow/example_dags/example_trigger_controller_dag.py
[2025-01-09T23:52:24.190+0000] {processor.py:753} INFO - DAG(s) dict_keys(['example_trigger_controller_dag']) retrieved from /home/airflow/.local/lib/python3.7/site-packages/airflow/example_dags/example_trigger_controller_dag.py
[2025-01-09T23:52:24.203+0000] {logging_mixin.py:137} INFO - [2025-01-09T23:52:24.203+0000] {dag.py:2690} INFO - Sync 1 DAGs
[2025-01-09T23:52:24.214+0000] {logging_mixin.py:137} INFO - [2025-01-09T23:52:24.214+0000] {dag.py:3441} INFO - Setting next_dagrun for example_trigger_controller_dag to 2021-01-01T00:00:00+00:00, run_after=2021-01-01T00:00:00+00:00
[2025-01-09T23:52:24.226+0000] {processor.py:175} INFO - Processing /home/airflow/.local/lib/python3.7/site-packages/airflow/example_dags/example_trigger_controller_dag.py took 0.042 seconds
[2025-01-09T23:52:54.822+0000] {processor.py:153} INFO - Started process (PID=3614) to work on /home/airflow/.local/lib/python3.7/site-packages/airflow/example_dags/example_trigger_controller_dag.py
[2025-01-09T23:52:54.826+0000] {processor.py:743} INFO - Processing file /home/airflow/.local/lib/python3.7/site-packages/airflow/example_dags/example_trigger_controller_dag.py for tasks to queue
[2025-01-09T23:52:54.827+0000] {logging_mixin.py:137} INFO - [2025-01-09T23:52:54.827+0000] {dagbag.py:538} INFO - Filling up the DagBag from /home/airflow/.local/lib/python3.7/site-packages/airflow/example_dags/example_trigger_controller_dag.py
[2025-01-09T23:52:54.831+0000] {processor.py:753} INFO - DAG(s) dict_keys(['example_trigger_controller_dag']) retrieved from /home/airflow/.local/lib/python3.7/site-packages/airflow/example_dags/example_trigger_controller_dag.py
[2025-01-09T23:52:54.845+0000] {logging_mixin.py:137} INFO - [2025-01-09T23:52:54.845+0000] {dag.py:2690} INFO - Sync 1 DAGs
[2025-01-09T23:52:54.856+0000] {logging_mixin.py:137} INFO - [2025-01-09T23:52:54.855+0000] {dag.py:3441} INFO - Setting next_dagrun for example_trigger_controller_dag to 2021-01-01T00:00:00+00:00, run_after=2021-01-01T00:00:00+00:00
[2025-01-09T23:52:54.866+0000] {processor.py:175} INFO - Processing /home/airflow/.local/lib/python3.7/site-packages/airflow/example_dags/example_trigger_controller_dag.py took 0.045 seconds
[2025-01-09T23:53:25.522+0000] {processor.py:153} INFO - Started process (PID=3705) to work on /home/airflow/.local/lib/python3.7/site-packages/airflow/example_dags/example_trigger_controller_dag.py
[2025-01-09T23:53:25.522+0000] {processor.py:743} INFO - Processing file /home/airflow/.local/lib/python3.7/site-packages/airflow/example_dags/example_trigger_controller_dag.py for tasks to queue
[2025-01-09T23:53:25.523+0000] {logging_mixin.py:137} INFO - [2025-01-09T23:53:25.523+0000] {dagbag.py:538} INFO - Filling up the DagBag from /home/airflow/.local/lib/python3.7/site-packages/airflow/example_dags/example_trigger_controller_dag.py
[2025-01-09T23:53:25.528+0000] {processor.py:753} INFO - DAG(s) dict_keys(['example_trigger_controller_dag']) retrieved from /home/airflow/.local/lib/python3.7/site-packages/airflow/example_dags/example_trigger_controller_dag.py
[2025-01-09T23:53:25.541+0000] {logging_mixin.py:137} INFO - [2025-01-09T23:53:25.540+0000] {dag.py:2690} INFO - Sync 1 DAGs
[2025-01-09T23:53:25.553+0000] {logging_mixin.py:137} INFO - [2025-01-09T23:53:25.553+0000] {dag.py:3441} INFO - Setting next_dagrun for example_trigger_controller_dag to 2021-01-01T00:00:00+00:00, run_after=2021-01-01T00:00:00+00:00
[2025-01-09T23:53:25.564+0000] {processor.py:175} INFO - Processing /home/airflow/.local/lib/python3.7/site-packages/airflow/example_dags/example_trigger_controller_dag.py took 0.044 seconds
[2025-01-09T23:53:55.979+0000] {processor.py:153} INFO - Started process (PID=3796) to work on /home/airflow/.local/lib/python3.7/site-packages/airflow/example_dags/example_trigger_controller_dag.py
[2025-01-09T23:53:55.980+0000] {processor.py:743} INFO - Processing file /home/airflow/.local/lib/python3.7/site-packages/airflow/example_dags/example_trigger_controller_dag.py for tasks to queue
[2025-01-09T23:53:55.982+0000] {logging_mixin.py:137} INFO - [2025-01-09T23:53:55.982+0000] {dagbag.py:538} INFO - Filling up the DagBag from /home/airflow/.local/lib/python3.7/site-packages/airflow/example_dags/example_trigger_controller_dag.py
[2025-01-09T23:53:55.987+0000] {processor.py:753} INFO - DAG(s) dict_keys(['example_trigger_controller_dag']) retrieved from /home/airflow/.local/lib/python3.7/site-packages/airflow/example_dags/example_trigger_controller_dag.py
[2025-01-09T23:53:55.997+0000] {logging_mixin.py:137} INFO - [2025-01-09T23:53:55.997+0000] {dag.py:2690} INFO - Sync 1 DAGs
[2025-01-09T23:53:56.009+0000] {logging_mixin.py:137} INFO - [2025-01-09T23:53:56.009+0000] {dag.py:3441} INFO - Setting next_dagrun for example_trigger_controller_dag to 2021-01-01T00:00:00+00:00, run_after=2021-01-01T00:00:00+00:00
[2025-01-09T23:53:56.020+0000] {processor.py:175} INFO - Processing /home/airflow/.local/lib/python3.7/site-packages/airflow/example_dags/example_trigger_controller_dag.py took 0.043 seconds
[2025-01-09T23:54:26.552+0000] {processor.py:153} INFO - Started process (PID=3887) to work on /home/airflow/.local/lib/python3.7/site-packages/airflow/example_dags/example_trigger_controller_dag.py
[2025-01-09T23:54:26.553+0000] {processor.py:743} INFO - Processing file /home/airflow/.local/lib/python3.7/site-packages/airflow/example_dags/example_trigger_controller_dag.py for tasks to queue
[2025-01-09T23:54:26.553+0000] {logging_mixin.py:137} INFO - [2025-01-09T23:54:26.553+0000] {dagbag.py:538} INFO - Filling up the DagBag from /home/airflow/.local/lib/python3.7/site-packages/airflow/example_dags/example_trigger_controller_dag.py
[2025-01-09T23:54:26.559+0000] {processor.py:753} INFO - DAG(s) dict_keys(['example_trigger_controller_dag']) retrieved from /home/airflow/.local/lib/python3.7/site-packages/airflow/example_dags/example_trigger_controller_dag.py
[2025-01-09T23:54:26.570+0000] {logging_mixin.py:137} INFO - [2025-01-09T23:54:26.570+0000] {dag.py:2690} INFO - Sync 1 DAGs
[2025-01-09T23:54:26.581+0000] {logging_mixin.py:137} INFO - [2025-01-09T23:54:26.581+0000] {dag.py:3441} INFO - Setting next_dagrun for example_trigger_controller_dag to 2021-01-01T00:00:00+00:00, run_after=2021-01-01T00:00:00+00:00
[2025-01-09T23:54:26.589+0000] {processor.py:175} INFO - Processing /home/airflow/.local/lib/python3.7/site-packages/airflow/example_dags/example_trigger_controller_dag.py took 0.038 seconds
[2025-01-09T23:54:57.143+0000] {processor.py:153} INFO - Started process (PID=3978) to work on /home/airflow/.local/lib/python3.7/site-packages/airflow/example_dags/example_trigger_controller_dag.py
[2025-01-09T23:54:57.144+0000] {processor.py:743} INFO - Processing file /home/airflow/.local/lib/python3.7/site-packages/airflow/example_dags/example_trigger_controller_dag.py for tasks to queue
[2025-01-09T23:54:57.145+0000] {logging_mixin.py:137} INFO - [2025-01-09T23:54:57.145+0000] {dagbag.py:538} INFO - Filling up the DagBag from /home/airflow/.local/lib/python3.7/site-packages/airflow/example_dags/example_trigger_controller_dag.py
[2025-01-09T23:54:57.151+0000] {processor.py:753} INFO - DAG(s) dict_keys(['example_trigger_controller_dag']) retrieved from /home/airflow/.local/lib/python3.7/site-packages/airflow/example_dags/example_trigger_controller_dag.py
[2025-01-09T23:54:57.162+0000] {logging_mixin.py:137} INFO - [2025-01-09T23:54:57.162+0000] {dag.py:2690} INFO - Sync 1 DAGs
[2025-01-09T23:54:57.178+0000] {logging_mixin.py:137} INFO - [2025-01-09T23:54:57.178+0000] {dag.py:3441} INFO - Setting next_dagrun for example_trigger_controller_dag to 2021-01-01T00:00:00+00:00, run_after=2021-01-01T00:00:00+00:00
[2025-01-09T23:54:57.191+0000] {processor.py:175} INFO - Processing /home/airflow/.local/lib/python3.7/site-packages/airflow/example_dags/example_trigger_controller_dag.py took 0.050 seconds
[2025-01-09T23:55:27.656+0000] {processor.py:153} INFO - Started process (PID=4052) to work on /home/airflow/.local/lib/python3.7/site-packages/airflow/example_dags/example_trigger_controller_dag.py
[2025-01-09T23:55:27.656+0000] {processor.py:743} INFO - Processing file /home/airflow/.local/lib/python3.7/site-packages/airflow/example_dags/example_trigger_controller_dag.py for tasks to queue
[2025-01-09T23:55:27.656+0000] {logging_mixin.py:137} INFO - [2025-01-09T23:55:27.656+0000] {dagbag.py:538} INFO - Filling up the DagBag from /home/airflow/.local/lib/python3.7/site-packages/airflow/example_dags/example_trigger_controller_dag.py
[2025-01-09T23:55:27.661+0000] {processor.py:753} INFO - DAG(s) dict_keys(['example_trigger_controller_dag']) retrieved from /home/airflow/.local/lib/python3.7/site-packages/airflow/example_dags/example_trigger_controller_dag.py
[2025-01-09T23:55:27.672+0000] {logging_mixin.py:137} INFO - [2025-01-09T23:55:27.672+0000] {dag.py:2690} INFO - Sync 1 DAGs
[2025-01-09T23:55:27.682+0000] {logging_mixin.py:137} INFO - [2025-01-09T23:55:27.682+0000] {dag.py:3441} INFO - Setting next_dagrun for example_trigger_controller_dag to 2021-01-01T00:00:00+00:00, run_after=2021-01-01T00:00:00+00:00
[2025-01-09T23:55:27.690+0000] {processor.py:175} INFO - Processing /home/airflow/.local/lib/python3.7/site-packages/airflow/example_dags/example_trigger_controller_dag.py took 0.036 seconds
