[2025-01-09T23:31:31.767+0000] {processor.py:153} INFO - Started process (PID=55) to work on /home/airflow/.local/lib/python3.7/site-packages/airflow/example_dags/tutorial_dag.py
[2025-01-09T23:31:31.768+0000] {processor.py:743} INFO - Processing file /home/airflow/.local/lib/python3.7/site-packages/airflow/example_dags/tutorial_dag.py for tasks to queue
[2025-01-09T23:31:31.770+0000] {logging_mixin.py:137} INFO - [2025-01-09T23:31:31.770+0000] {dagbag.py:538} INFO - Filling up the DagBag from /home/airflow/.local/lib/python3.7/site-packages/airflow/example_dags/tutorial_dag.py
[2025-01-09T23:31:31.779+0000] {processor.py:753} INFO - DAG(s) dict_keys(['tutorial_dag']) retrieved from /home/airflow/.local/lib/python3.7/site-packages/airflow/example_dags/tutorial_dag.py
[2025-01-09T23:31:31.798+0000] {logging_mixin.py:137} INFO - [2025-01-09T23:31:31.798+0000] {dag.py:2690} INFO - Sync 1 DAGs
[2025-01-09T23:31:31.818+0000] {logging_mixin.py:137} INFO - [2025-01-09T23:31:31.818+0000] {dag.py:3441} INFO - Setting next_dagrun for tutorial_dag to None, run_after=None
[2025-01-09T23:31:31.829+0000] {processor.py:175} INFO - Processing /home/airflow/.local/lib/python3.7/site-packages/airflow/example_dags/tutorial_dag.py took 0.064 seconds
[2025-01-09T23:32:02.608+0000] {processor.py:153} INFO - Started process (PID=162) to work on /home/airflow/.local/lib/python3.7/site-packages/airflow/example_dags/tutorial_dag.py
[2025-01-09T23:32:02.608+0000] {processor.py:743} INFO - Processing file /home/airflow/.local/lib/python3.7/site-packages/airflow/example_dags/tutorial_dag.py for tasks to queue
[2025-01-09T23:32:02.609+0000] {logging_mixin.py:137} INFO - [2025-01-09T23:32:02.609+0000] {dagbag.py:538} INFO - Filling up the DagBag from /home/airflow/.local/lib/python3.7/site-packages/airflow/example_dags/tutorial_dag.py
[2025-01-09T23:32:02.614+0000] {processor.py:753} INFO - DAG(s) dict_keys(['tutorial_dag']) retrieved from /home/airflow/.local/lib/python3.7/site-packages/airflow/example_dags/tutorial_dag.py
[2025-01-09T23:32:02.626+0000] {logging_mixin.py:137} INFO - [2025-01-09T23:32:02.626+0000] {dag.py:2690} INFO - Sync 1 DAGs
[2025-01-09T23:32:02.637+0000] {logging_mixin.py:137} INFO - [2025-01-09T23:32:02.637+0000] {dag.py:3441} INFO - Setting next_dagrun for tutorial_dag to None, run_after=None
[2025-01-09T23:32:02.647+0000] {processor.py:175} INFO - Processing /home/airflow/.local/lib/python3.7/site-packages/airflow/example_dags/tutorial_dag.py took 0.041 seconds
[2025-01-09T23:32:33.452+0000] {processor.py:153} INFO - Started process (PID=252) to work on /home/airflow/.local/lib/python3.7/site-packages/airflow/example_dags/tutorial_dag.py
[2025-01-09T23:32:33.454+0000] {processor.py:743} INFO - Processing file /home/airflow/.local/lib/python3.7/site-packages/airflow/example_dags/tutorial_dag.py for tasks to queue
[2025-01-09T23:32:33.457+0000] {logging_mixin.py:137} INFO - [2025-01-09T23:32:33.457+0000] {dagbag.py:538} INFO - Filling up the DagBag from /home/airflow/.local/lib/python3.7/site-packages/airflow/example_dags/tutorial_dag.py
[2025-01-09T23:32:33.478+0000] {processor.py:753} INFO - DAG(s) dict_keys(['tutorial_dag']) retrieved from /home/airflow/.local/lib/python3.7/site-packages/airflow/example_dags/tutorial_dag.py
[2025-01-09T23:32:33.505+0000] {logging_mixin.py:137} INFO - [2025-01-09T23:32:33.505+0000] {dag.py:2690} INFO - Sync 1 DAGs
[2025-01-09T23:32:33.525+0000] {logging_mixin.py:137} INFO - [2025-01-09T23:32:33.525+0000] {dag.py:3441} INFO - Setting next_dagrun for tutorial_dag to None, run_after=None
[2025-01-09T23:32:33.551+0000] {processor.py:175} INFO - Processing /home/airflow/.local/lib/python3.7/site-packages/airflow/example_dags/tutorial_dag.py took 0.102 seconds
[2025-01-09T23:33:04.043+0000] {processor.py:153} INFO - Started process (PID=327) to work on /home/airflow/.local/lib/python3.7/site-packages/airflow/example_dags/tutorial_dag.py
[2025-01-09T23:33:04.043+0000] {processor.py:743} INFO - Processing file /home/airflow/.local/lib/python3.7/site-packages/airflow/example_dags/tutorial_dag.py for tasks to queue
[2025-01-09T23:33:04.045+0000] {logging_mixin.py:137} INFO - [2025-01-09T23:33:04.045+0000] {dagbag.py:538} INFO - Filling up the DagBag from /home/airflow/.local/lib/python3.7/site-packages/airflow/example_dags/tutorial_dag.py
[2025-01-09T23:33:04.050+0000] {processor.py:753} INFO - DAG(s) dict_keys(['tutorial_dag']) retrieved from /home/airflow/.local/lib/python3.7/site-packages/airflow/example_dags/tutorial_dag.py
[2025-01-09T23:33:04.062+0000] {logging_mixin.py:137} INFO - [2025-01-09T23:33:04.062+0000] {dag.py:2690} INFO - Sync 1 DAGs
[2025-01-09T23:33:04.074+0000] {logging_mixin.py:137} INFO - [2025-01-09T23:33:04.074+0000] {dag.py:3441} INFO - Setting next_dagrun for tutorial_dag to None, run_after=None
[2025-01-09T23:33:04.083+0000] {processor.py:175} INFO - Processing /home/airflow/.local/lib/python3.7/site-packages/airflow/example_dags/tutorial_dag.py took 0.042 seconds
[2025-01-09T23:33:34.490+0000] {processor.py:153} INFO - Started process (PID=418) to work on /home/airflow/.local/lib/python3.7/site-packages/airflow/example_dags/tutorial_dag.py
[2025-01-09T23:33:34.490+0000] {processor.py:743} INFO - Processing file /home/airflow/.local/lib/python3.7/site-packages/airflow/example_dags/tutorial_dag.py for tasks to queue
[2025-01-09T23:33:34.491+0000] {logging_mixin.py:137} INFO - [2025-01-09T23:33:34.491+0000] {dagbag.py:538} INFO - Filling up the DagBag from /home/airflow/.local/lib/python3.7/site-packages/airflow/example_dags/tutorial_dag.py
[2025-01-09T23:33:34.497+0000] {processor.py:753} INFO - DAG(s) dict_keys(['tutorial_dag']) retrieved from /home/airflow/.local/lib/python3.7/site-packages/airflow/example_dags/tutorial_dag.py
[2025-01-09T23:33:34.509+0000] {logging_mixin.py:137} INFO - [2025-01-09T23:33:34.509+0000] {dag.py:2690} INFO - Sync 1 DAGs
[2025-01-09T23:33:34.520+0000] {logging_mixin.py:137} INFO - [2025-01-09T23:33:34.520+0000] {dag.py:3441} INFO - Setting next_dagrun for tutorial_dag to None, run_after=None
[2025-01-09T23:33:34.527+0000] {processor.py:175} INFO - Processing /home/airflow/.local/lib/python3.7/site-packages/airflow/example_dags/tutorial_dag.py took 0.039 seconds
[2025-01-09T23:34:04.943+0000] {processor.py:153} INFO - Started process (PID=509) to work on /home/airflow/.local/lib/python3.7/site-packages/airflow/example_dags/tutorial_dag.py
[2025-01-09T23:34:04.944+0000] {processor.py:743} INFO - Processing file /home/airflow/.local/lib/python3.7/site-packages/airflow/example_dags/tutorial_dag.py for tasks to queue
[2025-01-09T23:34:04.945+0000] {logging_mixin.py:137} INFO - [2025-01-09T23:34:04.945+0000] {dagbag.py:538} INFO - Filling up the DagBag from /home/airflow/.local/lib/python3.7/site-packages/airflow/example_dags/tutorial_dag.py
[2025-01-09T23:34:04.951+0000] {processor.py:753} INFO - DAG(s) dict_keys(['tutorial_dag']) retrieved from /home/airflow/.local/lib/python3.7/site-packages/airflow/example_dags/tutorial_dag.py
[2025-01-09T23:34:04.962+0000] {logging_mixin.py:137} INFO - [2025-01-09T23:34:04.962+0000] {dag.py:2690} INFO - Sync 1 DAGs
[2025-01-09T23:34:04.974+0000] {logging_mixin.py:137} INFO - [2025-01-09T23:34:04.974+0000] {dag.py:3441} INFO - Setting next_dagrun for tutorial_dag to None, run_after=None
[2025-01-09T23:34:04.986+0000] {processor.py:175} INFO - Processing /home/airflow/.local/lib/python3.7/site-packages/airflow/example_dags/tutorial_dag.py took 0.045 seconds
[2025-01-09T23:34:35.473+0000] {processor.py:153} INFO - Started process (PID=599) to work on /home/airflow/.local/lib/python3.7/site-packages/airflow/example_dags/tutorial_dag.py
[2025-01-09T23:34:35.474+0000] {processor.py:743} INFO - Processing file /home/airflow/.local/lib/python3.7/site-packages/airflow/example_dags/tutorial_dag.py for tasks to queue
[2025-01-09T23:34:35.475+0000] {logging_mixin.py:137} INFO - [2025-01-09T23:34:35.475+0000] {dagbag.py:538} INFO - Filling up the DagBag from /home/airflow/.local/lib/python3.7/site-packages/airflow/example_dags/tutorial_dag.py
[2025-01-09T23:34:35.480+0000] {processor.py:753} INFO - DAG(s) dict_keys(['tutorial_dag']) retrieved from /home/airflow/.local/lib/python3.7/site-packages/airflow/example_dags/tutorial_dag.py
[2025-01-09T23:34:35.491+0000] {logging_mixin.py:137} INFO - [2025-01-09T23:34:35.491+0000] {dag.py:2690} INFO - Sync 1 DAGs
[2025-01-09T23:34:35.501+0000] {logging_mixin.py:137} INFO - [2025-01-09T23:34:35.501+0000] {dag.py:3441} INFO - Setting next_dagrun for tutorial_dag to None, run_after=None
[2025-01-09T23:34:35.509+0000] {processor.py:175} INFO - Processing /home/airflow/.local/lib/python3.7/site-packages/airflow/example_dags/tutorial_dag.py took 0.037 seconds
[2025-01-09T23:35:05.877+0000] {processor.py:153} INFO - Started process (PID=674) to work on /home/airflow/.local/lib/python3.7/site-packages/airflow/example_dags/tutorial_dag.py
[2025-01-09T23:35:05.878+0000] {processor.py:743} INFO - Processing file /home/airflow/.local/lib/python3.7/site-packages/airflow/example_dags/tutorial_dag.py for tasks to queue
[2025-01-09T23:35:05.879+0000] {logging_mixin.py:137} INFO - [2025-01-09T23:35:05.878+0000] {dagbag.py:538} INFO - Filling up the DagBag from /home/airflow/.local/lib/python3.7/site-packages/airflow/example_dags/tutorial_dag.py
[2025-01-09T23:35:05.884+0000] {processor.py:753} INFO - DAG(s) dict_keys(['tutorial_dag']) retrieved from /home/airflow/.local/lib/python3.7/site-packages/airflow/example_dags/tutorial_dag.py
[2025-01-09T23:35:05.895+0000] {logging_mixin.py:137} INFO - [2025-01-09T23:35:05.895+0000] {dag.py:2690} INFO - Sync 1 DAGs
[2025-01-09T23:35:05.905+0000] {logging_mixin.py:137} INFO - [2025-01-09T23:35:05.905+0000] {dag.py:3441} INFO - Setting next_dagrun for tutorial_dag to None, run_after=None
[2025-01-09T23:35:05.914+0000] {processor.py:175} INFO - Processing /home/airflow/.local/lib/python3.7/site-packages/airflow/example_dags/tutorial_dag.py took 0.039 seconds
[2025-01-09T23:35:36.348+0000] {processor.py:153} INFO - Started process (PID=765) to work on /home/airflow/.local/lib/python3.7/site-packages/airflow/example_dags/tutorial_dag.py
[2025-01-09T23:35:36.348+0000] {processor.py:743} INFO - Processing file /home/airflow/.local/lib/python3.7/site-packages/airflow/example_dags/tutorial_dag.py for tasks to queue
[2025-01-09T23:35:36.349+0000] {logging_mixin.py:137} INFO - [2025-01-09T23:35:36.349+0000] {dagbag.py:538} INFO - Filling up the DagBag from /home/airflow/.local/lib/python3.7/site-packages/airflow/example_dags/tutorial_dag.py
[2025-01-09T23:35:36.356+0000] {processor.py:753} INFO - DAG(s) dict_keys(['tutorial_dag']) retrieved from /home/airflow/.local/lib/python3.7/site-packages/airflow/example_dags/tutorial_dag.py
[2025-01-09T23:35:36.367+0000] {logging_mixin.py:137} INFO - [2025-01-09T23:35:36.367+0000] {dag.py:2690} INFO - Sync 1 DAGs
[2025-01-09T23:35:36.378+0000] {logging_mixin.py:137} INFO - [2025-01-09T23:35:36.378+0000] {dag.py:3441} INFO - Setting next_dagrun for tutorial_dag to None, run_after=None
[2025-01-09T23:35:36.386+0000] {processor.py:175} INFO - Processing /home/airflow/.local/lib/python3.7/site-packages/airflow/example_dags/tutorial_dag.py took 0.040 seconds
[2025-01-09T23:36:06.752+0000] {processor.py:153} INFO - Started process (PID=856) to work on /home/airflow/.local/lib/python3.7/site-packages/airflow/example_dags/tutorial_dag.py
[2025-01-09T23:36:06.754+0000] {processor.py:743} INFO - Processing file /home/airflow/.local/lib/python3.7/site-packages/airflow/example_dags/tutorial_dag.py for tasks to queue
[2025-01-09T23:36:06.755+0000] {logging_mixin.py:137} INFO - [2025-01-09T23:36:06.755+0000] {dagbag.py:538} INFO - Filling up the DagBag from /home/airflow/.local/lib/python3.7/site-packages/airflow/example_dags/tutorial_dag.py
[2025-01-09T23:36:06.761+0000] {processor.py:753} INFO - DAG(s) dict_keys(['tutorial_dag']) retrieved from /home/airflow/.local/lib/python3.7/site-packages/airflow/example_dags/tutorial_dag.py
[2025-01-09T23:36:06.773+0000] {logging_mixin.py:137} INFO - [2025-01-09T23:36:06.772+0000] {dag.py:2690} INFO - Sync 1 DAGs
[2025-01-09T23:36:06.785+0000] {logging_mixin.py:137} INFO - [2025-01-09T23:36:06.785+0000] {dag.py:3441} INFO - Setting next_dagrun for tutorial_dag to None, run_after=None
[2025-01-09T23:36:06.791+0000] {processor.py:175} INFO - Processing /home/airflow/.local/lib/python3.7/site-packages/airflow/example_dags/tutorial_dag.py took 0.040 seconds
[2025-01-09T23:36:37.281+0000] {processor.py:153} INFO - Started process (PID=946) to work on /home/airflow/.local/lib/python3.7/site-packages/airflow/example_dags/tutorial_dag.py
[2025-01-09T23:36:37.282+0000] {processor.py:743} INFO - Processing file /home/airflow/.local/lib/python3.7/site-packages/airflow/example_dags/tutorial_dag.py for tasks to queue
[2025-01-09T23:36:37.283+0000] {logging_mixin.py:137} INFO - [2025-01-09T23:36:37.283+0000] {dagbag.py:538} INFO - Filling up the DagBag from /home/airflow/.local/lib/python3.7/site-packages/airflow/example_dags/tutorial_dag.py
[2025-01-09T23:36:37.289+0000] {processor.py:753} INFO - DAG(s) dict_keys(['tutorial_dag']) retrieved from /home/airflow/.local/lib/python3.7/site-packages/airflow/example_dags/tutorial_dag.py
[2025-01-09T23:36:37.301+0000] {logging_mixin.py:137} INFO - [2025-01-09T23:36:37.301+0000] {dag.py:2690} INFO - Sync 1 DAGs
[2025-01-09T23:36:37.313+0000] {logging_mixin.py:137} INFO - [2025-01-09T23:36:37.313+0000] {dag.py:3441} INFO - Setting next_dagrun for tutorial_dag to None, run_after=None
[2025-01-09T23:36:37.322+0000] {processor.py:175} INFO - Processing /home/airflow/.local/lib/python3.7/site-packages/airflow/example_dags/tutorial_dag.py took 0.042 seconds
[2025-01-09T23:37:07.749+0000] {processor.py:153} INFO - Started process (PID=1021) to work on /home/airflow/.local/lib/python3.7/site-packages/airflow/example_dags/tutorial_dag.py
[2025-01-09T23:37:07.750+0000] {processor.py:743} INFO - Processing file /home/airflow/.local/lib/python3.7/site-packages/airflow/example_dags/tutorial_dag.py for tasks to queue
[2025-01-09T23:37:07.750+0000] {logging_mixin.py:137} INFO - [2025-01-09T23:37:07.750+0000] {dagbag.py:538} INFO - Filling up the DagBag from /home/airflow/.local/lib/python3.7/site-packages/airflow/example_dags/tutorial_dag.py
[2025-01-09T23:37:07.755+0000] {processor.py:753} INFO - DAG(s) dict_keys(['tutorial_dag']) retrieved from /home/airflow/.local/lib/python3.7/site-packages/airflow/example_dags/tutorial_dag.py
[2025-01-09T23:37:07.767+0000] {logging_mixin.py:137} INFO - [2025-01-09T23:37:07.767+0000] {dag.py:2690} INFO - Sync 1 DAGs
[2025-01-09T23:37:07.781+0000] {logging_mixin.py:137} INFO - [2025-01-09T23:37:07.781+0000] {dag.py:3441} INFO - Setting next_dagrun for tutorial_dag to None, run_after=None
[2025-01-09T23:37:07.790+0000] {processor.py:175} INFO - Processing /home/airflow/.local/lib/python3.7/site-packages/airflow/example_dags/tutorial_dag.py took 0.042 seconds
[2025-01-09T23:37:38.411+0000] {processor.py:153} INFO - Started process (PID=1112) to work on /home/airflow/.local/lib/python3.7/site-packages/airflow/example_dags/tutorial_dag.py
[2025-01-09T23:37:38.412+0000] {processor.py:743} INFO - Processing file /home/airflow/.local/lib/python3.7/site-packages/airflow/example_dags/tutorial_dag.py for tasks to queue
[2025-01-09T23:37:38.413+0000] {logging_mixin.py:137} INFO - [2025-01-09T23:37:38.413+0000] {dagbag.py:538} INFO - Filling up the DagBag from /home/airflow/.local/lib/python3.7/site-packages/airflow/example_dags/tutorial_dag.py
[2025-01-09T23:37:38.418+0000] {processor.py:753} INFO - DAG(s) dict_keys(['tutorial_dag']) retrieved from /home/airflow/.local/lib/python3.7/site-packages/airflow/example_dags/tutorial_dag.py
[2025-01-09T23:37:38.428+0000] {logging_mixin.py:137} INFO - [2025-01-09T23:37:38.427+0000] {dag.py:2690} INFO - Sync 1 DAGs
[2025-01-09T23:37:38.439+0000] {logging_mixin.py:137} INFO - [2025-01-09T23:37:38.439+0000] {dag.py:3441} INFO - Setting next_dagrun for tutorial_dag to None, run_after=None
[2025-01-09T23:37:38.449+0000] {processor.py:175} INFO - Processing /home/airflow/.local/lib/python3.7/site-packages/airflow/example_dags/tutorial_dag.py took 0.040 seconds
[2025-01-09T23:38:40.586+0000] {processor.py:153} INFO - Started process (PID=1187) to work on /home/airflow/.local/lib/python3.7/site-packages/airflow/example_dags/tutorial_dag.py
[2025-01-09T23:38:40.587+0000] {processor.py:743} INFO - Processing file /home/airflow/.local/lib/python3.7/site-packages/airflow/example_dags/tutorial_dag.py for tasks to queue
[2025-01-09T23:38:40.587+0000] {logging_mixin.py:137} INFO - [2025-01-09T23:38:40.587+0000] {dagbag.py:538} INFO - Filling up the DagBag from /home/airflow/.local/lib/python3.7/site-packages/airflow/example_dags/tutorial_dag.py
[2025-01-09T23:38:40.595+0000] {processor.py:753} INFO - DAG(s) dict_keys(['tutorial_dag']) retrieved from /home/airflow/.local/lib/python3.7/site-packages/airflow/example_dags/tutorial_dag.py
[2025-01-09T23:38:40.607+0000] {logging_mixin.py:137} INFO - [2025-01-09T23:38:40.607+0000] {dag.py:2690} INFO - Sync 1 DAGs
[2025-01-09T23:38:40.619+0000] {logging_mixin.py:137} INFO - [2025-01-09T23:38:40.619+0000] {dag.py:3441} INFO - Setting next_dagrun for tutorial_dag to None, run_after=None
[2025-01-09T23:38:40.629+0000] {processor.py:175} INFO - Processing /home/airflow/.local/lib/python3.7/site-packages/airflow/example_dags/tutorial_dag.py took 0.045 seconds
[2025-01-09T23:39:11.076+0000] {processor.py:153} INFO - Started process (PID=1277) to work on /home/airflow/.local/lib/python3.7/site-packages/airflow/example_dags/tutorial_dag.py
[2025-01-09T23:39:11.077+0000] {processor.py:743} INFO - Processing file /home/airflow/.local/lib/python3.7/site-packages/airflow/example_dags/tutorial_dag.py for tasks to queue
[2025-01-09T23:39:11.077+0000] {logging_mixin.py:137} INFO - [2025-01-09T23:39:11.077+0000] {dagbag.py:538} INFO - Filling up the DagBag from /home/airflow/.local/lib/python3.7/site-packages/airflow/example_dags/tutorial_dag.py
[2025-01-09T23:39:11.083+0000] {processor.py:753} INFO - DAG(s) dict_keys(['tutorial_dag']) retrieved from /home/airflow/.local/lib/python3.7/site-packages/airflow/example_dags/tutorial_dag.py
[2025-01-09T23:39:11.093+0000] {logging_mixin.py:137} INFO - [2025-01-09T23:39:11.093+0000] {dag.py:2690} INFO - Sync 1 DAGs
[2025-01-09T23:39:11.104+0000] {logging_mixin.py:137} INFO - [2025-01-09T23:39:11.104+0000] {dag.py:3441} INFO - Setting next_dagrun for tutorial_dag to None, run_after=None
[2025-01-09T23:39:11.112+0000] {processor.py:175} INFO - Processing /home/airflow/.local/lib/python3.7/site-packages/airflow/example_dags/tutorial_dag.py took 0.037 seconds
[2025-01-09T23:39:41.637+0000] {processor.py:153} INFO - Started process (PID=1358) to work on /home/airflow/.local/lib/python3.7/site-packages/airflow/example_dags/tutorial_dag.py
[2025-01-09T23:39:41.637+0000] {processor.py:743} INFO - Processing file /home/airflow/.local/lib/python3.7/site-packages/airflow/example_dags/tutorial_dag.py for tasks to queue
[2025-01-09T23:39:41.638+0000] {logging_mixin.py:137} INFO - [2025-01-09T23:39:41.638+0000] {dagbag.py:538} INFO - Filling up the DagBag from /home/airflow/.local/lib/python3.7/site-packages/airflow/example_dags/tutorial_dag.py
[2025-01-09T23:39:41.645+0000] {processor.py:753} INFO - DAG(s) dict_keys(['tutorial_dag']) retrieved from /home/airflow/.local/lib/python3.7/site-packages/airflow/example_dags/tutorial_dag.py
[2025-01-09T23:39:41.659+0000] {logging_mixin.py:137} INFO - [2025-01-09T23:39:41.659+0000] {dag.py:2690} INFO - Sync 1 DAGs
[2025-01-09T23:39:41.673+0000] {logging_mixin.py:137} INFO - [2025-01-09T23:39:41.673+0000] {dag.py:3441} INFO - Setting next_dagrun for tutorial_dag to None, run_after=None
[2025-01-09T23:39:41.681+0000] {processor.py:175} INFO - Processing /home/airflow/.local/lib/python3.7/site-packages/airflow/example_dags/tutorial_dag.py took 0.047 seconds
[2025-01-09T23:40:12.286+0000] {processor.py:153} INFO - Started process (PID=1443) to work on /home/airflow/.local/lib/python3.7/site-packages/airflow/example_dags/tutorial_dag.py
[2025-01-09T23:40:12.287+0000] {processor.py:743} INFO - Processing file /home/airflow/.local/lib/python3.7/site-packages/airflow/example_dags/tutorial_dag.py for tasks to queue
[2025-01-09T23:40:12.287+0000] {logging_mixin.py:137} INFO - [2025-01-09T23:40:12.287+0000] {dagbag.py:538} INFO - Filling up the DagBag from /home/airflow/.local/lib/python3.7/site-packages/airflow/example_dags/tutorial_dag.py
[2025-01-09T23:40:12.292+0000] {processor.py:753} INFO - DAG(s) dict_keys(['tutorial_dag']) retrieved from /home/airflow/.local/lib/python3.7/site-packages/airflow/example_dags/tutorial_dag.py
[2025-01-09T23:40:12.302+0000] {logging_mixin.py:137} INFO - [2025-01-09T23:40:12.302+0000] {dag.py:2690} INFO - Sync 1 DAGs
[2025-01-09T23:40:12.315+0000] {logging_mixin.py:137} INFO - [2025-01-09T23:40:12.314+0000] {dag.py:3441} INFO - Setting next_dagrun for tutorial_dag to None, run_after=None
[2025-01-09T23:40:12.327+0000] {processor.py:175} INFO - Processing /home/airflow/.local/lib/python3.7/site-packages/airflow/example_dags/tutorial_dag.py took 0.043 seconds
[2025-01-09T23:40:42.689+0000] {processor.py:153} INFO - Started process (PID=1534) to work on /home/airflow/.local/lib/python3.7/site-packages/airflow/example_dags/tutorial_dag.py
[2025-01-09T23:40:42.689+0000] {processor.py:743} INFO - Processing file /home/airflow/.local/lib/python3.7/site-packages/airflow/example_dags/tutorial_dag.py for tasks to queue
[2025-01-09T23:40:42.690+0000] {logging_mixin.py:137} INFO - [2025-01-09T23:40:42.690+0000] {dagbag.py:538} INFO - Filling up the DagBag from /home/airflow/.local/lib/python3.7/site-packages/airflow/example_dags/tutorial_dag.py
[2025-01-09T23:40:42.695+0000] {processor.py:753} INFO - DAG(s) dict_keys(['tutorial_dag']) retrieved from /home/airflow/.local/lib/python3.7/site-packages/airflow/example_dags/tutorial_dag.py
[2025-01-09T23:40:42.706+0000] {logging_mixin.py:137} INFO - [2025-01-09T23:40:42.706+0000] {dag.py:2690} INFO - Sync 1 DAGs
[2025-01-09T23:40:42.716+0000] {logging_mixin.py:137} INFO - [2025-01-09T23:40:42.716+0000] {dag.py:3441} INFO - Setting next_dagrun for tutorial_dag to None, run_after=None
[2025-01-09T23:40:42.727+0000] {processor.py:175} INFO - Processing /home/airflow/.local/lib/python3.7/site-packages/airflow/example_dags/tutorial_dag.py took 0.040 seconds
[2025-01-09T23:41:13.195+0000] {processor.py:153} INFO - Started process (PID=1625) to work on /home/airflow/.local/lib/python3.7/site-packages/airflow/example_dags/tutorial_dag.py
[2025-01-09T23:41:13.195+0000] {processor.py:743} INFO - Processing file /home/airflow/.local/lib/python3.7/site-packages/airflow/example_dags/tutorial_dag.py for tasks to queue
[2025-01-09T23:41:13.196+0000] {logging_mixin.py:137} INFO - [2025-01-09T23:41:13.195+0000] {dagbag.py:538} INFO - Filling up the DagBag from /home/airflow/.local/lib/python3.7/site-packages/airflow/example_dags/tutorial_dag.py
[2025-01-09T23:41:13.200+0000] {processor.py:753} INFO - DAG(s) dict_keys(['tutorial_dag']) retrieved from /home/airflow/.local/lib/python3.7/site-packages/airflow/example_dags/tutorial_dag.py
[2025-01-09T23:41:13.212+0000] {logging_mixin.py:137} INFO - [2025-01-09T23:41:13.212+0000] {dag.py:2690} INFO - Sync 1 DAGs
[2025-01-09T23:41:13.222+0000] {logging_mixin.py:137} INFO - [2025-01-09T23:41:13.222+0000] {dag.py:3441} INFO - Setting next_dagrun for tutorial_dag to None, run_after=None
[2025-01-09T23:41:13.229+0000] {processor.py:175} INFO - Processing /home/airflow/.local/lib/python3.7/site-packages/airflow/example_dags/tutorial_dag.py took 0.036 seconds
[2025-01-09T23:41:43.826+0000] {processor.py:153} INFO - Started process (PID=1716) to work on /home/airflow/.local/lib/python3.7/site-packages/airflow/example_dags/tutorial_dag.py
[2025-01-09T23:41:43.827+0000] {processor.py:743} INFO - Processing file /home/airflow/.local/lib/python3.7/site-packages/airflow/example_dags/tutorial_dag.py for tasks to queue
[2025-01-09T23:41:43.827+0000] {logging_mixin.py:137} INFO - [2025-01-09T23:41:43.827+0000] {dagbag.py:538} INFO - Filling up the DagBag from /home/airflow/.local/lib/python3.7/site-packages/airflow/example_dags/tutorial_dag.py
[2025-01-09T23:41:43.836+0000] {processor.py:753} INFO - DAG(s) dict_keys(['tutorial_dag']) retrieved from /home/airflow/.local/lib/python3.7/site-packages/airflow/example_dags/tutorial_dag.py
[2025-01-09T23:41:43.852+0000] {logging_mixin.py:137} INFO - [2025-01-09T23:41:43.851+0000] {dag.py:2690} INFO - Sync 1 DAGs
[2025-01-09T23:41:43.865+0000] {logging_mixin.py:137} INFO - [2025-01-09T23:41:43.865+0000] {dag.py:3441} INFO - Setting next_dagrun for tutorial_dag to None, run_after=None
[2025-01-09T23:41:43.878+0000] {processor.py:175} INFO - Processing /home/airflow/.local/lib/python3.7/site-packages/airflow/example_dags/tutorial_dag.py took 0.053 seconds
[2025-01-09T23:42:14.336+0000] {processor.py:153} INFO - Started process (PID=1791) to work on /home/airflow/.local/lib/python3.7/site-packages/airflow/example_dags/tutorial_dag.py
[2025-01-09T23:42:14.339+0000] {processor.py:743} INFO - Processing file /home/airflow/.local/lib/python3.7/site-packages/airflow/example_dags/tutorial_dag.py for tasks to queue
[2025-01-09T23:42:14.340+0000] {logging_mixin.py:137} INFO - [2025-01-09T23:42:14.340+0000] {dagbag.py:538} INFO - Filling up the DagBag from /home/airflow/.local/lib/python3.7/site-packages/airflow/example_dags/tutorial_dag.py
[2025-01-09T23:42:14.345+0000] {processor.py:753} INFO - DAG(s) dict_keys(['tutorial_dag']) retrieved from /home/airflow/.local/lib/python3.7/site-packages/airflow/example_dags/tutorial_dag.py
[2025-01-09T23:42:14.357+0000] {logging_mixin.py:137} INFO - [2025-01-09T23:42:14.357+0000] {dag.py:2690} INFO - Sync 1 DAGs
[2025-01-09T23:42:14.367+0000] {logging_mixin.py:137} INFO - [2025-01-09T23:42:14.367+0000] {dag.py:3441} INFO - Setting next_dagrun for tutorial_dag to None, run_after=None
[2025-01-09T23:42:14.379+0000] {processor.py:175} INFO - Processing /home/airflow/.local/lib/python3.7/site-packages/airflow/example_dags/tutorial_dag.py took 0.044 seconds
[2025-01-09T23:42:44.822+0000] {processor.py:153} INFO - Started process (PID=1883) to work on /home/airflow/.local/lib/python3.7/site-packages/airflow/example_dags/tutorial_dag.py
[2025-01-09T23:42:44.822+0000] {processor.py:743} INFO - Processing file /home/airflow/.local/lib/python3.7/site-packages/airflow/example_dags/tutorial_dag.py for tasks to queue
[2025-01-09T23:42:44.822+0000] {logging_mixin.py:137} INFO - [2025-01-09T23:42:44.822+0000] {dagbag.py:538} INFO - Filling up the DagBag from /home/airflow/.local/lib/python3.7/site-packages/airflow/example_dags/tutorial_dag.py
[2025-01-09T23:42:44.828+0000] {processor.py:753} INFO - DAG(s) dict_keys(['tutorial_dag']) retrieved from /home/airflow/.local/lib/python3.7/site-packages/airflow/example_dags/tutorial_dag.py
[2025-01-09T23:42:44.838+0000] {logging_mixin.py:137} INFO - [2025-01-09T23:42:44.838+0000] {dag.py:2690} INFO - Sync 1 DAGs
[2025-01-09T23:42:44.851+0000] {logging_mixin.py:137} INFO - [2025-01-09T23:42:44.851+0000] {dag.py:3441} INFO - Setting next_dagrun for tutorial_dag to None, run_after=None
[2025-01-09T23:42:44.865+0000] {processor.py:175} INFO - Processing /home/airflow/.local/lib/python3.7/site-packages/airflow/example_dags/tutorial_dag.py took 0.045 seconds
[2025-01-09T23:43:15.550+0000] {processor.py:153} INFO - Started process (PID=1974) to work on /home/airflow/.local/lib/python3.7/site-packages/airflow/example_dags/tutorial_dag.py
[2025-01-09T23:43:15.551+0000] {processor.py:743} INFO - Processing file /home/airflow/.local/lib/python3.7/site-packages/airflow/example_dags/tutorial_dag.py for tasks to queue
[2025-01-09T23:43:15.551+0000] {logging_mixin.py:137} INFO - [2025-01-09T23:43:15.551+0000] {dagbag.py:538} INFO - Filling up the DagBag from /home/airflow/.local/lib/python3.7/site-packages/airflow/example_dags/tutorial_dag.py
[2025-01-09T23:43:15.557+0000] {processor.py:753} INFO - DAG(s) dict_keys(['tutorial_dag']) retrieved from /home/airflow/.local/lib/python3.7/site-packages/airflow/example_dags/tutorial_dag.py
[2025-01-09T23:43:15.568+0000] {logging_mixin.py:137} INFO - [2025-01-09T23:43:15.568+0000] {dag.py:2690} INFO - Sync 1 DAGs
[2025-01-09T23:43:15.580+0000] {logging_mixin.py:137} INFO - [2025-01-09T23:43:15.580+0000] {dag.py:3441} INFO - Setting next_dagrun for tutorial_dag to None, run_after=None
[2025-01-09T23:43:15.594+0000] {processor.py:175} INFO - Processing /home/airflow/.local/lib/python3.7/site-packages/airflow/example_dags/tutorial_dag.py took 0.045 seconds
[2025-01-09T23:43:46.125+0000] {processor.py:153} INFO - Started process (PID=2065) to work on /home/airflow/.local/lib/python3.7/site-packages/airflow/example_dags/tutorial_dag.py
[2025-01-09T23:43:46.126+0000] {processor.py:743} INFO - Processing file /home/airflow/.local/lib/python3.7/site-packages/airflow/example_dags/tutorial_dag.py for tasks to queue
[2025-01-09T23:43:46.126+0000] {logging_mixin.py:137} INFO - [2025-01-09T23:43:46.126+0000] {dagbag.py:538} INFO - Filling up the DagBag from /home/airflow/.local/lib/python3.7/site-packages/airflow/example_dags/tutorial_dag.py
[2025-01-09T23:43:46.132+0000] {processor.py:753} INFO - DAG(s) dict_keys(['tutorial_dag']) retrieved from /home/airflow/.local/lib/python3.7/site-packages/airflow/example_dags/tutorial_dag.py
[2025-01-09T23:43:46.142+0000] {logging_mixin.py:137} INFO - [2025-01-09T23:43:46.142+0000] {dag.py:2690} INFO - Sync 1 DAGs
[2025-01-09T23:43:46.152+0000] {logging_mixin.py:137} INFO - [2025-01-09T23:43:46.152+0000] {dag.py:3441} INFO - Setting next_dagrun for tutorial_dag to None, run_after=None
[2025-01-09T23:43:46.159+0000] {processor.py:175} INFO - Processing /home/airflow/.local/lib/python3.7/site-packages/airflow/example_dags/tutorial_dag.py took 0.035 seconds
[2025-01-09T23:44:16.701+0000] {processor.py:153} INFO - Started process (PID=2140) to work on /home/airflow/.local/lib/python3.7/site-packages/airflow/example_dags/tutorial_dag.py
[2025-01-09T23:44:16.701+0000] {processor.py:743} INFO - Processing file /home/airflow/.local/lib/python3.7/site-packages/airflow/example_dags/tutorial_dag.py for tasks to queue
[2025-01-09T23:44:16.702+0000] {logging_mixin.py:137} INFO - [2025-01-09T23:44:16.702+0000] {dagbag.py:538} INFO - Filling up the DagBag from /home/airflow/.local/lib/python3.7/site-packages/airflow/example_dags/tutorial_dag.py
[2025-01-09T23:44:16.707+0000] {processor.py:753} INFO - DAG(s) dict_keys(['tutorial_dag']) retrieved from /home/airflow/.local/lib/python3.7/site-packages/airflow/example_dags/tutorial_dag.py
[2025-01-09T23:44:16.719+0000] {logging_mixin.py:137} INFO - [2025-01-09T23:44:16.719+0000] {dag.py:2690} INFO - Sync 1 DAGs
[2025-01-09T23:44:16.730+0000] {logging_mixin.py:137} INFO - [2025-01-09T23:44:16.730+0000] {dag.py:3441} INFO - Setting next_dagrun for tutorial_dag to None, run_after=None
[2025-01-09T23:44:16.739+0000] {processor.py:175} INFO - Processing /home/airflow/.local/lib/python3.7/site-packages/airflow/example_dags/tutorial_dag.py took 0.040 seconds
[2025-01-09T23:44:47.296+0000] {processor.py:153} INFO - Started process (PID=2231) to work on /home/airflow/.local/lib/python3.7/site-packages/airflow/example_dags/tutorial_dag.py
[2025-01-09T23:44:47.296+0000] {processor.py:743} INFO - Processing file /home/airflow/.local/lib/python3.7/site-packages/airflow/example_dags/tutorial_dag.py for tasks to queue
[2025-01-09T23:44:47.296+0000] {logging_mixin.py:137} INFO - [2025-01-09T23:44:47.296+0000] {dagbag.py:538} INFO - Filling up the DagBag from /home/airflow/.local/lib/python3.7/site-packages/airflow/example_dags/tutorial_dag.py
[2025-01-09T23:44:47.301+0000] {processor.py:753} INFO - DAG(s) dict_keys(['tutorial_dag']) retrieved from /home/airflow/.local/lib/python3.7/site-packages/airflow/example_dags/tutorial_dag.py
[2025-01-09T23:44:47.310+0000] {logging_mixin.py:137} INFO - [2025-01-09T23:44:47.310+0000] {dag.py:2690} INFO - Sync 1 DAGs
[2025-01-09T23:44:47.319+0000] {logging_mixin.py:137} INFO - [2025-01-09T23:44:47.319+0000] {dag.py:3441} INFO - Setting next_dagrun for tutorial_dag to None, run_after=None
[2025-01-09T23:44:47.326+0000] {processor.py:175} INFO - Processing /home/airflow/.local/lib/python3.7/site-packages/airflow/example_dags/tutorial_dag.py took 0.031 seconds
[2025-01-09T23:45:17.705+0000] {processor.py:153} INFO - Started process (PID=2322) to work on /home/airflow/.local/lib/python3.7/site-packages/airflow/example_dags/tutorial_dag.py
[2025-01-09T23:45:17.706+0000] {processor.py:743} INFO - Processing file /home/airflow/.local/lib/python3.7/site-packages/airflow/example_dags/tutorial_dag.py for tasks to queue
[2025-01-09T23:45:17.706+0000] {logging_mixin.py:137} INFO - [2025-01-09T23:45:17.706+0000] {dagbag.py:538} INFO - Filling up the DagBag from /home/airflow/.local/lib/python3.7/site-packages/airflow/example_dags/tutorial_dag.py
[2025-01-09T23:45:17.711+0000] {processor.py:753} INFO - DAG(s) dict_keys(['tutorial_dag']) retrieved from /home/airflow/.local/lib/python3.7/site-packages/airflow/example_dags/tutorial_dag.py
[2025-01-09T23:45:17.722+0000] {logging_mixin.py:137} INFO - [2025-01-09T23:45:17.722+0000] {dag.py:2690} INFO - Sync 1 DAGs
[2025-01-09T23:45:17.736+0000] {logging_mixin.py:137} INFO - [2025-01-09T23:45:17.736+0000] {dag.py:3441} INFO - Setting next_dagrun for tutorial_dag to None, run_after=None
[2025-01-09T23:45:17.748+0000] {processor.py:175} INFO - Processing /home/airflow/.local/lib/python3.7/site-packages/airflow/example_dags/tutorial_dag.py took 0.045 seconds
[2025-01-09T23:45:48.140+0000] {processor.py:153} INFO - Started process (PID=2413) to work on /home/airflow/.local/lib/python3.7/site-packages/airflow/example_dags/tutorial_dag.py
[2025-01-09T23:45:48.144+0000] {processor.py:743} INFO - Processing file /home/airflow/.local/lib/python3.7/site-packages/airflow/example_dags/tutorial_dag.py for tasks to queue
[2025-01-09T23:45:48.146+0000] {logging_mixin.py:137} INFO - [2025-01-09T23:45:48.144+0000] {dagbag.py:538} INFO - Filling up the DagBag from /home/airflow/.local/lib/python3.7/site-packages/airflow/example_dags/tutorial_dag.py
[2025-01-09T23:45:48.151+0000] {processor.py:753} INFO - DAG(s) dict_keys(['tutorial_dag']) retrieved from /home/airflow/.local/lib/python3.7/site-packages/airflow/example_dags/tutorial_dag.py
[2025-01-09T23:45:48.165+0000] {logging_mixin.py:137} INFO - [2025-01-09T23:45:48.165+0000] {dag.py:2690} INFO - Sync 1 DAGs
[2025-01-09T23:45:48.176+0000] {logging_mixin.py:137} INFO - [2025-01-09T23:45:48.176+0000] {dag.py:3441} INFO - Setting next_dagrun for tutorial_dag to None, run_after=None
[2025-01-09T23:45:48.186+0000] {processor.py:175} INFO - Processing /home/airflow/.local/lib/python3.7/site-packages/airflow/example_dags/tutorial_dag.py took 0.047 seconds
[2025-01-09T23:46:18.523+0000] {processor.py:153} INFO - Started process (PID=2487) to work on /home/airflow/.local/lib/python3.7/site-packages/airflow/example_dags/tutorial_dag.py
[2025-01-09T23:46:18.524+0000] {processor.py:743} INFO - Processing file /home/airflow/.local/lib/python3.7/site-packages/airflow/example_dags/tutorial_dag.py for tasks to queue
[2025-01-09T23:46:18.525+0000] {logging_mixin.py:137} INFO - [2025-01-09T23:46:18.525+0000] {dagbag.py:538} INFO - Filling up the DagBag from /home/airflow/.local/lib/python3.7/site-packages/airflow/example_dags/tutorial_dag.py
[2025-01-09T23:46:18.530+0000] {processor.py:753} INFO - DAG(s) dict_keys(['tutorial_dag']) retrieved from /home/airflow/.local/lib/python3.7/site-packages/airflow/example_dags/tutorial_dag.py
[2025-01-09T23:46:18.540+0000] {logging_mixin.py:137} INFO - [2025-01-09T23:46:18.540+0000] {dag.py:2690} INFO - Sync 1 DAGs
[2025-01-09T23:46:18.550+0000] {logging_mixin.py:137} INFO - [2025-01-09T23:46:18.550+0000] {dag.py:3441} INFO - Setting next_dagrun for tutorial_dag to None, run_after=None
[2025-01-09T23:46:18.560+0000] {processor.py:175} INFO - Processing /home/airflow/.local/lib/python3.7/site-packages/airflow/example_dags/tutorial_dag.py took 0.038 seconds
[2025-01-09T23:46:49.075+0000] {processor.py:153} INFO - Started process (PID=2577) to work on /home/airflow/.local/lib/python3.7/site-packages/airflow/example_dags/tutorial_dag.py
[2025-01-09T23:46:49.075+0000] {processor.py:743} INFO - Processing file /home/airflow/.local/lib/python3.7/site-packages/airflow/example_dags/tutorial_dag.py for tasks to queue
[2025-01-09T23:46:49.075+0000] {logging_mixin.py:137} INFO - [2025-01-09T23:46:49.075+0000] {dagbag.py:538} INFO - Filling up the DagBag from /home/airflow/.local/lib/python3.7/site-packages/airflow/example_dags/tutorial_dag.py
[2025-01-09T23:46:49.083+0000] {processor.py:753} INFO - DAG(s) dict_keys(['tutorial_dag']) retrieved from /home/airflow/.local/lib/python3.7/site-packages/airflow/example_dags/tutorial_dag.py
[2025-01-09T23:46:49.094+0000] {logging_mixin.py:137} INFO - [2025-01-09T23:46:49.094+0000] {dag.py:2690} INFO - Sync 1 DAGs
[2025-01-09T23:46:49.106+0000] {logging_mixin.py:137} INFO - [2025-01-09T23:46:49.106+0000] {dag.py:3441} INFO - Setting next_dagrun for tutorial_dag to None, run_after=None
[2025-01-09T23:46:49.118+0000] {processor.py:175} INFO - Processing /home/airflow/.local/lib/python3.7/site-packages/airflow/example_dags/tutorial_dag.py took 0.045 seconds
[2025-01-09T23:47:19.539+0000] {processor.py:153} INFO - Started process (PID=2668) to work on /home/airflow/.local/lib/python3.7/site-packages/airflow/example_dags/tutorial_dag.py
[2025-01-09T23:47:19.539+0000] {processor.py:743} INFO - Processing file /home/airflow/.local/lib/python3.7/site-packages/airflow/example_dags/tutorial_dag.py for tasks to queue
[2025-01-09T23:47:19.539+0000] {logging_mixin.py:137} INFO - [2025-01-09T23:47:19.539+0000] {dagbag.py:538} INFO - Filling up the DagBag from /home/airflow/.local/lib/python3.7/site-packages/airflow/example_dags/tutorial_dag.py
[2025-01-09T23:47:19.544+0000] {processor.py:753} INFO - DAG(s) dict_keys(['tutorial_dag']) retrieved from /home/airflow/.local/lib/python3.7/site-packages/airflow/example_dags/tutorial_dag.py
[2025-01-09T23:47:19.556+0000] {logging_mixin.py:137} INFO - [2025-01-09T23:47:19.556+0000] {dag.py:2690} INFO - Sync 1 DAGs
[2025-01-09T23:47:19.567+0000] {logging_mixin.py:137} INFO - [2025-01-09T23:47:19.567+0000] {dag.py:3441} INFO - Setting next_dagrun for tutorial_dag to None, run_after=None
[2025-01-09T23:47:19.579+0000] {processor.py:175} INFO - Processing /home/airflow/.local/lib/python3.7/site-packages/airflow/example_dags/tutorial_dag.py took 0.042 seconds
[2025-01-09T23:47:50.013+0000] {processor.py:153} INFO - Started process (PID=2759) to work on /home/airflow/.local/lib/python3.7/site-packages/airflow/example_dags/tutorial_dag.py
[2025-01-09T23:47:50.013+0000] {processor.py:743} INFO - Processing file /home/airflow/.local/lib/python3.7/site-packages/airflow/example_dags/tutorial_dag.py for tasks to queue
[2025-01-09T23:47:50.014+0000] {logging_mixin.py:137} INFO - [2025-01-09T23:47:50.014+0000] {dagbag.py:538} INFO - Filling up the DagBag from /home/airflow/.local/lib/python3.7/site-packages/airflow/example_dags/tutorial_dag.py
[2025-01-09T23:47:50.020+0000] {processor.py:753} INFO - DAG(s) dict_keys(['tutorial_dag']) retrieved from /home/airflow/.local/lib/python3.7/site-packages/airflow/example_dags/tutorial_dag.py
[2025-01-09T23:47:50.031+0000] {logging_mixin.py:137} INFO - [2025-01-09T23:47:50.031+0000] {dag.py:2690} INFO - Sync 1 DAGs
[2025-01-09T23:47:50.041+0000] {logging_mixin.py:137} INFO - [2025-01-09T23:47:50.041+0000] {dag.py:3441} INFO - Setting next_dagrun for tutorial_dag to None, run_after=None
[2025-01-09T23:47:50.049+0000] {processor.py:175} INFO - Processing /home/airflow/.local/lib/python3.7/site-packages/airflow/example_dags/tutorial_dag.py took 0.038 seconds
[2025-01-09T23:48:20.606+0000] {processor.py:153} INFO - Started process (PID=2850) to work on /home/airflow/.local/lib/python3.7/site-packages/airflow/example_dags/tutorial_dag.py
[2025-01-09T23:48:20.607+0000] {processor.py:743} INFO - Processing file /home/airflow/.local/lib/python3.7/site-packages/airflow/example_dags/tutorial_dag.py for tasks to queue
[2025-01-09T23:48:20.607+0000] {logging_mixin.py:137} INFO - [2025-01-09T23:48:20.607+0000] {dagbag.py:538} INFO - Filling up the DagBag from /home/airflow/.local/lib/python3.7/site-packages/airflow/example_dags/tutorial_dag.py
[2025-01-09T23:48:20.613+0000] {processor.py:753} INFO - DAG(s) dict_keys(['tutorial_dag']) retrieved from /home/airflow/.local/lib/python3.7/site-packages/airflow/example_dags/tutorial_dag.py
[2025-01-09T23:48:20.628+0000] {logging_mixin.py:137} INFO - [2025-01-09T23:48:20.628+0000] {dag.py:2690} INFO - Sync 1 DAGs
[2025-01-09T23:48:20.641+0000] {logging_mixin.py:137} INFO - [2025-01-09T23:48:20.641+0000] {dag.py:3441} INFO - Setting next_dagrun for tutorial_dag to None, run_after=None
[2025-01-09T23:48:20.653+0000] {processor.py:175} INFO - Processing /home/airflow/.local/lib/python3.7/site-packages/airflow/example_dags/tutorial_dag.py took 0.049 seconds
[2025-01-09T23:48:51.135+0000] {processor.py:153} INFO - Started process (PID=2925) to work on /home/airflow/.local/lib/python3.7/site-packages/airflow/example_dags/tutorial_dag.py
[2025-01-09T23:48:51.136+0000] {processor.py:743} INFO - Processing file /home/airflow/.local/lib/python3.7/site-packages/airflow/example_dags/tutorial_dag.py for tasks to queue
[2025-01-09T23:48:51.136+0000] {logging_mixin.py:137} INFO - [2025-01-09T23:48:51.136+0000] {dagbag.py:538} INFO - Filling up the DagBag from /home/airflow/.local/lib/python3.7/site-packages/airflow/example_dags/tutorial_dag.py
[2025-01-09T23:48:51.142+0000] {processor.py:753} INFO - DAG(s) dict_keys(['tutorial_dag']) retrieved from /home/airflow/.local/lib/python3.7/site-packages/airflow/example_dags/tutorial_dag.py
[2025-01-09T23:48:51.153+0000] {logging_mixin.py:137} INFO - [2025-01-09T23:48:51.153+0000] {dag.py:2690} INFO - Sync 1 DAGs
[2025-01-09T23:48:51.166+0000] {logging_mixin.py:137} INFO - [2025-01-09T23:48:51.166+0000] {dag.py:3441} INFO - Setting next_dagrun for tutorial_dag to None, run_after=None
[2025-01-09T23:48:51.174+0000] {processor.py:175} INFO - Processing /home/airflow/.local/lib/python3.7/site-packages/airflow/example_dags/tutorial_dag.py took 0.040 seconds
[2025-01-09T23:49:21.533+0000] {processor.py:153} INFO - Started process (PID=3016) to work on /home/airflow/.local/lib/python3.7/site-packages/airflow/example_dags/tutorial_dag.py
[2025-01-09T23:49:21.533+0000] {processor.py:743} INFO - Processing file /home/airflow/.local/lib/python3.7/site-packages/airflow/example_dags/tutorial_dag.py for tasks to queue
[2025-01-09T23:49:21.534+0000] {logging_mixin.py:137} INFO - [2025-01-09T23:49:21.534+0000] {dagbag.py:538} INFO - Filling up the DagBag from /home/airflow/.local/lib/python3.7/site-packages/airflow/example_dags/tutorial_dag.py
[2025-01-09T23:49:21.542+0000] {processor.py:753} INFO - DAG(s) dict_keys(['tutorial_dag']) retrieved from /home/airflow/.local/lib/python3.7/site-packages/airflow/example_dags/tutorial_dag.py
[2025-01-09T23:49:21.551+0000] {logging_mixin.py:137} INFO - [2025-01-09T23:49:21.551+0000] {dag.py:2690} INFO - Sync 1 DAGs
[2025-01-09T23:49:21.562+0000] {logging_mixin.py:137} INFO - [2025-01-09T23:49:21.562+0000] {dag.py:3441} INFO - Setting next_dagrun for tutorial_dag to None, run_after=None
[2025-01-09T23:49:21.577+0000] {processor.py:175} INFO - Processing /home/airflow/.local/lib/python3.7/site-packages/airflow/example_dags/tutorial_dag.py took 0.045 seconds
[2025-01-09T23:49:52.033+0000] {processor.py:153} INFO - Started process (PID=3107) to work on /home/airflow/.local/lib/python3.7/site-packages/airflow/example_dags/tutorial_dag.py
[2025-01-09T23:49:52.035+0000] {processor.py:743} INFO - Processing file /home/airflow/.local/lib/python3.7/site-packages/airflow/example_dags/tutorial_dag.py for tasks to queue
[2025-01-09T23:49:52.036+0000] {logging_mixin.py:137} INFO - [2025-01-09T23:49:52.036+0000] {dagbag.py:538} INFO - Filling up the DagBag from /home/airflow/.local/lib/python3.7/site-packages/airflow/example_dags/tutorial_dag.py
[2025-01-09T23:49:52.041+0000] {processor.py:753} INFO - DAG(s) dict_keys(['tutorial_dag']) retrieved from /home/airflow/.local/lib/python3.7/site-packages/airflow/example_dags/tutorial_dag.py
[2025-01-09T23:49:52.054+0000] {logging_mixin.py:137} INFO - [2025-01-09T23:49:52.053+0000] {dag.py:2690} INFO - Sync 1 DAGs
[2025-01-09T23:49:52.066+0000] {logging_mixin.py:137} INFO - [2025-01-09T23:49:52.065+0000] {dag.py:3441} INFO - Setting next_dagrun for tutorial_dag to None, run_after=None
[2025-01-09T23:49:52.072+0000] {processor.py:175} INFO - Processing /home/airflow/.local/lib/python3.7/site-packages/airflow/example_dags/tutorial_dag.py took 0.040 seconds
[2025-01-09T23:50:22.521+0000] {processor.py:153} INFO - Started process (PID=3198) to work on /home/airflow/.local/lib/python3.7/site-packages/airflow/example_dags/tutorial_dag.py
[2025-01-09T23:50:22.522+0000] {processor.py:743} INFO - Processing file /home/airflow/.local/lib/python3.7/site-packages/airflow/example_dags/tutorial_dag.py for tasks to queue
[2025-01-09T23:50:22.526+0000] {logging_mixin.py:137} INFO - [2025-01-09T23:50:22.525+0000] {dagbag.py:538} INFO - Filling up the DagBag from /home/airflow/.local/lib/python3.7/site-packages/airflow/example_dags/tutorial_dag.py
[2025-01-09T23:50:22.531+0000] {processor.py:753} INFO - DAG(s) dict_keys(['tutorial_dag']) retrieved from /home/airflow/.local/lib/python3.7/site-packages/airflow/example_dags/tutorial_dag.py
[2025-01-09T23:50:22.546+0000] {logging_mixin.py:137} INFO - [2025-01-09T23:50:22.546+0000] {dag.py:2690} INFO - Sync 1 DAGs
[2025-01-09T23:50:22.558+0000] {logging_mixin.py:137} INFO - [2025-01-09T23:50:22.558+0000] {dag.py:3441} INFO - Setting next_dagrun for tutorial_dag to None, run_after=None
[2025-01-09T23:50:22.565+0000] {processor.py:175} INFO - Processing /home/airflow/.local/lib/python3.7/site-packages/airflow/example_dags/tutorial_dag.py took 0.045 seconds
[2025-01-09T23:50:53.016+0000] {processor.py:153} INFO - Started process (PID=3273) to work on /home/airflow/.local/lib/python3.7/site-packages/airflow/example_dags/tutorial_dag.py
[2025-01-09T23:50:53.016+0000] {processor.py:743} INFO - Processing file /home/airflow/.local/lib/python3.7/site-packages/airflow/example_dags/tutorial_dag.py for tasks to queue
[2025-01-09T23:50:53.017+0000] {logging_mixin.py:137} INFO - [2025-01-09T23:50:53.017+0000] {dagbag.py:538} INFO - Filling up the DagBag from /home/airflow/.local/lib/python3.7/site-packages/airflow/example_dags/tutorial_dag.py
[2025-01-09T23:50:53.023+0000] {processor.py:753} INFO - DAG(s) dict_keys(['tutorial_dag']) retrieved from /home/airflow/.local/lib/python3.7/site-packages/airflow/example_dags/tutorial_dag.py
[2025-01-09T23:50:53.033+0000] {logging_mixin.py:137} INFO - [2025-01-09T23:50:53.033+0000] {dag.py:2690} INFO - Sync 1 DAGs
[2025-01-09T23:50:53.047+0000] {logging_mixin.py:137} INFO - [2025-01-09T23:50:53.047+0000] {dag.py:3441} INFO - Setting next_dagrun for tutorial_dag to None, run_after=None
[2025-01-09T23:50:53.062+0000] {processor.py:175} INFO - Processing /home/airflow/.local/lib/python3.7/site-packages/airflow/example_dags/tutorial_dag.py took 0.047 seconds
[2025-01-09T23:51:23.447+0000] {processor.py:153} INFO - Started process (PID=3364) to work on /home/airflow/.local/lib/python3.7/site-packages/airflow/example_dags/tutorial_dag.py
[2025-01-09T23:51:23.448+0000] {processor.py:743} INFO - Processing file /home/airflow/.local/lib/python3.7/site-packages/airflow/example_dags/tutorial_dag.py for tasks to queue
[2025-01-09T23:51:23.448+0000] {logging_mixin.py:137} INFO - [2025-01-09T23:51:23.448+0000] {dagbag.py:538} INFO - Filling up the DagBag from /home/airflow/.local/lib/python3.7/site-packages/airflow/example_dags/tutorial_dag.py
[2025-01-09T23:51:23.453+0000] {processor.py:753} INFO - DAG(s) dict_keys(['tutorial_dag']) retrieved from /home/airflow/.local/lib/python3.7/site-packages/airflow/example_dags/tutorial_dag.py
[2025-01-09T23:51:23.463+0000] {logging_mixin.py:137} INFO - [2025-01-09T23:51:23.463+0000] {dag.py:2690} INFO - Sync 1 DAGs
[2025-01-09T23:51:23.474+0000] {logging_mixin.py:137} INFO - [2025-01-09T23:51:23.474+0000] {dag.py:3441} INFO - Setting next_dagrun for tutorial_dag to None, run_after=None
[2025-01-09T23:51:23.485+0000] {processor.py:175} INFO - Processing /home/airflow/.local/lib/python3.7/site-packages/airflow/example_dags/tutorial_dag.py took 0.039 seconds
[2025-01-09T23:51:53.839+0000] {processor.py:153} INFO - Started process (PID=3455) to work on /home/airflow/.local/lib/python3.7/site-packages/airflow/example_dags/tutorial_dag.py
[2025-01-09T23:51:53.841+0000] {processor.py:743} INFO - Processing file /home/airflow/.local/lib/python3.7/site-packages/airflow/example_dags/tutorial_dag.py for tasks to queue
[2025-01-09T23:51:53.841+0000] {logging_mixin.py:137} INFO - [2025-01-09T23:51:53.841+0000] {dagbag.py:538} INFO - Filling up the DagBag from /home/airflow/.local/lib/python3.7/site-packages/airflow/example_dags/tutorial_dag.py
[2025-01-09T23:51:53.846+0000] {processor.py:753} INFO - DAG(s) dict_keys(['tutorial_dag']) retrieved from /home/airflow/.local/lib/python3.7/site-packages/airflow/example_dags/tutorial_dag.py
[2025-01-09T23:51:53.856+0000] {logging_mixin.py:137} INFO - [2025-01-09T23:51:53.856+0000] {dag.py:2690} INFO - Sync 1 DAGs
[2025-01-09T23:51:53.867+0000] {logging_mixin.py:137} INFO - [2025-01-09T23:51:53.867+0000] {dag.py:3441} INFO - Setting next_dagrun for tutorial_dag to None, run_after=None
[2025-01-09T23:51:53.876+0000] {processor.py:175} INFO - Processing /home/airflow/.local/lib/python3.7/site-packages/airflow/example_dags/tutorial_dag.py took 0.038 seconds
[2025-01-09T23:52:24.434+0000] {processor.py:153} INFO - Started process (PID=3546) to work on /home/airflow/.local/lib/python3.7/site-packages/airflow/example_dags/tutorial_dag.py
[2025-01-09T23:52:24.436+0000] {processor.py:743} INFO - Processing file /home/airflow/.local/lib/python3.7/site-packages/airflow/example_dags/tutorial_dag.py for tasks to queue
[2025-01-09T23:52:24.436+0000] {logging_mixin.py:137} INFO - [2025-01-09T23:52:24.436+0000] {dagbag.py:538} INFO - Filling up the DagBag from /home/airflow/.local/lib/python3.7/site-packages/airflow/example_dags/tutorial_dag.py
[2025-01-09T23:52:24.443+0000] {processor.py:753} INFO - DAG(s) dict_keys(['tutorial_dag']) retrieved from /home/airflow/.local/lib/python3.7/site-packages/airflow/example_dags/tutorial_dag.py
[2025-01-09T23:52:24.455+0000] {logging_mixin.py:137} INFO - [2025-01-09T23:52:24.455+0000] {dag.py:2690} INFO - Sync 1 DAGs
[2025-01-09T23:52:24.466+0000] {logging_mixin.py:137} INFO - [2025-01-09T23:52:24.466+0000] {dag.py:3441} INFO - Setting next_dagrun for tutorial_dag to None, run_after=None
[2025-01-09T23:52:24.475+0000] {processor.py:175} INFO - Processing /home/airflow/.local/lib/python3.7/site-packages/airflow/example_dags/tutorial_dag.py took 0.042 seconds
[2025-01-09T23:52:55.080+0000] {processor.py:153} INFO - Started process (PID=3628) to work on /home/airflow/.local/lib/python3.7/site-packages/airflow/example_dags/tutorial_dag.py
[2025-01-09T23:52:55.081+0000] {processor.py:743} INFO - Processing file /home/airflow/.local/lib/python3.7/site-packages/airflow/example_dags/tutorial_dag.py for tasks to queue
[2025-01-09T23:52:55.081+0000] {logging_mixin.py:137} INFO - [2025-01-09T23:52:55.081+0000] {dagbag.py:538} INFO - Filling up the DagBag from /home/airflow/.local/lib/python3.7/site-packages/airflow/example_dags/tutorial_dag.py
[2025-01-09T23:52:55.086+0000] {processor.py:753} INFO - DAG(s) dict_keys(['tutorial_dag']) retrieved from /home/airflow/.local/lib/python3.7/site-packages/airflow/example_dags/tutorial_dag.py
[2025-01-09T23:52:55.098+0000] {logging_mixin.py:137} INFO - [2025-01-09T23:52:55.098+0000] {dag.py:2690} INFO - Sync 1 DAGs
[2025-01-09T23:52:55.111+0000] {logging_mixin.py:137} INFO - [2025-01-09T23:52:55.111+0000] {dag.py:3441} INFO - Setting next_dagrun for tutorial_dag to None, run_after=None
[2025-01-09T23:52:55.124+0000] {processor.py:175} INFO - Processing /home/airflow/.local/lib/python3.7/site-packages/airflow/example_dags/tutorial_dag.py took 0.046 seconds
[2025-01-09T23:53:25.712+0000] {processor.py:153} INFO - Started process (PID=3712) to work on /home/airflow/.local/lib/python3.7/site-packages/airflow/example_dags/tutorial_dag.py
[2025-01-09T23:53:25.713+0000] {processor.py:743} INFO - Processing file /home/airflow/.local/lib/python3.7/site-packages/airflow/example_dags/tutorial_dag.py for tasks to queue
[2025-01-09T23:53:25.715+0000] {logging_mixin.py:137} INFO - [2025-01-09T23:53:25.714+0000] {dagbag.py:538} INFO - Filling up the DagBag from /home/airflow/.local/lib/python3.7/site-packages/airflow/example_dags/tutorial_dag.py
[2025-01-09T23:53:25.720+0000] {processor.py:753} INFO - DAG(s) dict_keys(['tutorial_dag']) retrieved from /home/airflow/.local/lib/python3.7/site-packages/airflow/example_dags/tutorial_dag.py
[2025-01-09T23:53:25.730+0000] {logging_mixin.py:137} INFO - [2025-01-09T23:53:25.730+0000] {dag.py:2690} INFO - Sync 1 DAGs
[2025-01-09T23:53:25.741+0000] {logging_mixin.py:137} INFO - [2025-01-09T23:53:25.741+0000] {dag.py:3441} INFO - Setting next_dagrun for tutorial_dag to None, run_after=None
[2025-01-09T23:53:25.752+0000] {processor.py:175} INFO - Processing /home/airflow/.local/lib/python3.7/site-packages/airflow/example_dags/tutorial_dag.py took 0.042 seconds
[2025-01-09T23:53:56.226+0000] {processor.py:153} INFO - Started process (PID=3803) to work on /home/airflow/.local/lib/python3.7/site-packages/airflow/example_dags/tutorial_dag.py
[2025-01-09T23:53:56.226+0000] {processor.py:743} INFO - Processing file /home/airflow/.local/lib/python3.7/site-packages/airflow/example_dags/tutorial_dag.py for tasks to queue
[2025-01-09T23:53:56.226+0000] {logging_mixin.py:137} INFO - [2025-01-09T23:53:56.226+0000] {dagbag.py:538} INFO - Filling up the DagBag from /home/airflow/.local/lib/python3.7/site-packages/airflow/example_dags/tutorial_dag.py
[2025-01-09T23:53:56.232+0000] {processor.py:753} INFO - DAG(s) dict_keys(['tutorial_dag']) retrieved from /home/airflow/.local/lib/python3.7/site-packages/airflow/example_dags/tutorial_dag.py
[2025-01-09T23:53:56.246+0000] {logging_mixin.py:137} INFO - [2025-01-09T23:53:56.246+0000] {dag.py:2690} INFO - Sync 1 DAGs
[2025-01-09T23:53:56.261+0000] {logging_mixin.py:137} INFO - [2025-01-09T23:53:56.261+0000] {dag.py:3441} INFO - Setting next_dagrun for tutorial_dag to None, run_after=None
[2025-01-09T23:53:56.270+0000] {processor.py:175} INFO - Processing /home/airflow/.local/lib/python3.7/site-packages/airflow/example_dags/tutorial_dag.py took 0.046 seconds
[2025-01-09T23:54:26.770+0000] {processor.py:153} INFO - Started process (PID=3894) to work on /home/airflow/.local/lib/python3.7/site-packages/airflow/example_dags/tutorial_dag.py
[2025-01-09T23:54:26.771+0000] {processor.py:743} INFO - Processing file /home/airflow/.local/lib/python3.7/site-packages/airflow/example_dags/tutorial_dag.py for tasks to queue
[2025-01-09T23:54:26.771+0000] {logging_mixin.py:137} INFO - [2025-01-09T23:54:26.771+0000] {dagbag.py:538} INFO - Filling up the DagBag from /home/airflow/.local/lib/python3.7/site-packages/airflow/example_dags/tutorial_dag.py
[2025-01-09T23:54:26.777+0000] {processor.py:753} INFO - DAG(s) dict_keys(['tutorial_dag']) retrieved from /home/airflow/.local/lib/python3.7/site-packages/airflow/example_dags/tutorial_dag.py
[2025-01-09T23:54:26.787+0000] {logging_mixin.py:137} INFO - [2025-01-09T23:54:26.787+0000] {dag.py:2690} INFO - Sync 1 DAGs
[2025-01-09T23:54:26.799+0000] {logging_mixin.py:137} INFO - [2025-01-09T23:54:26.799+0000] {dag.py:3441} INFO - Setting next_dagrun for tutorial_dag to None, run_after=None
[2025-01-09T23:54:26.810+0000] {processor.py:175} INFO - Processing /home/airflow/.local/lib/python3.7/site-packages/airflow/example_dags/tutorial_dag.py took 0.041 seconds
[2025-01-09T23:54:57.344+0000] {processor.py:153} INFO - Started process (PID=3985) to work on /home/airflow/.local/lib/python3.7/site-packages/airflow/example_dags/tutorial_dag.py
[2025-01-09T23:54:57.347+0000] {processor.py:743} INFO - Processing file /home/airflow/.local/lib/python3.7/site-packages/airflow/example_dags/tutorial_dag.py for tasks to queue
[2025-01-09T23:54:57.348+0000] {logging_mixin.py:137} INFO - [2025-01-09T23:54:57.348+0000] {dagbag.py:538} INFO - Filling up the DagBag from /home/airflow/.local/lib/python3.7/site-packages/airflow/example_dags/tutorial_dag.py
[2025-01-09T23:54:57.354+0000] {processor.py:753} INFO - DAG(s) dict_keys(['tutorial_dag']) retrieved from /home/airflow/.local/lib/python3.7/site-packages/airflow/example_dags/tutorial_dag.py
[2025-01-09T23:54:57.367+0000] {logging_mixin.py:137} INFO - [2025-01-09T23:54:57.367+0000] {dag.py:2690} INFO - Sync 1 DAGs
[2025-01-09T23:54:57.379+0000] {logging_mixin.py:137} INFO - [2025-01-09T23:54:57.379+0000] {dag.py:3441} INFO - Setting next_dagrun for tutorial_dag to None, run_after=None
[2025-01-09T23:54:57.387+0000] {processor.py:175} INFO - Processing /home/airflow/.local/lib/python3.7/site-packages/airflow/example_dags/tutorial_dag.py took 0.046 seconds
[2025-01-09T23:55:27.821+0000] {processor.py:153} INFO - Started process (PID=4059) to work on /home/airflow/.local/lib/python3.7/site-packages/airflow/example_dags/tutorial_dag.py
[2025-01-09T23:55:27.822+0000] {processor.py:743} INFO - Processing file /home/airflow/.local/lib/python3.7/site-packages/airflow/example_dags/tutorial_dag.py for tasks to queue
[2025-01-09T23:55:27.822+0000] {logging_mixin.py:137} INFO - [2025-01-09T23:55:27.822+0000] {dagbag.py:538} INFO - Filling up the DagBag from /home/airflow/.local/lib/python3.7/site-packages/airflow/example_dags/tutorial_dag.py
[2025-01-09T23:55:27.829+0000] {processor.py:753} INFO - DAG(s) dict_keys(['tutorial_dag']) retrieved from /home/airflow/.local/lib/python3.7/site-packages/airflow/example_dags/tutorial_dag.py
[2025-01-09T23:55:27.841+0000] {logging_mixin.py:137} INFO - [2025-01-09T23:55:27.841+0000] {dag.py:2690} INFO - Sync 1 DAGs
[2025-01-09T23:55:27.851+0000] {logging_mixin.py:137} INFO - [2025-01-09T23:55:27.851+0000] {dag.py:3441} INFO - Setting next_dagrun for tutorial_dag to None, run_after=None
[2025-01-09T23:55:27.861+0000] {processor.py:175} INFO - Processing /home/airflow/.local/lib/python3.7/site-packages/airflow/example_dags/tutorial_dag.py took 0.042 seconds
