[2025-01-09T23:31:30.919+0000] {processor.py:153} INFO - Started process (PID=39) to work on /home/airflow/.local/lib/python3.7/site-packages/airflow/example_dags/tutorial_taskflow_api.py
[2025-01-09T23:31:30.920+0000] {processor.py:743} INFO - Processing file /home/airflow/.local/lib/python3.7/site-packages/airflow/example_dags/tutorial_taskflow_api.py for tasks to queue
[2025-01-09T23:31:30.920+0000] {logging_mixin.py:137} INFO - [2025-01-09T23:31:30.920+0000] {dagbag.py:538} INFO - Filling up the DagBag from /home/airflow/.local/lib/python3.7/site-packages/airflow/example_dags/tutorial_taskflow_api.py
[2025-01-09T23:31:30.934+0000] {processor.py:753} INFO - DAG(s) dict_keys(['tutorial_taskflow_api']) retrieved from /home/airflow/.local/lib/python3.7/site-packages/airflow/example_dags/tutorial_taskflow_api.py
[2025-01-09T23:31:30.953+0000] {logging_mixin.py:137} INFO - [2025-01-09T23:31:30.953+0000] {dag.py:2690} INFO - Sync 1 DAGs
[2025-01-09T23:31:30.972+0000] {logging_mixin.py:137} INFO - [2025-01-09T23:31:30.972+0000] {dag.py:3441} INFO - Setting next_dagrun for tutorial_taskflow_api to None, run_after=None
[2025-01-09T23:31:30.988+0000] {processor.py:175} INFO - Processing /home/airflow/.local/lib/python3.7/site-packages/airflow/example_dags/tutorial_taskflow_api.py took 0.075 seconds
[2025-01-09T23:32:01.108+0000] {processor.py:153} INFO - Started process (PID=145) to work on /home/airflow/.local/lib/python3.7/site-packages/airflow/example_dags/tutorial_taskflow_api.py
[2025-01-09T23:32:01.108+0000] {processor.py:743} INFO - Processing file /home/airflow/.local/lib/python3.7/site-packages/airflow/example_dags/tutorial_taskflow_api.py for tasks to queue
[2025-01-09T23:32:01.108+0000] {logging_mixin.py:137} INFO - [2025-01-09T23:32:01.108+0000] {dagbag.py:538} INFO - Filling up the DagBag from /home/airflow/.local/lib/python3.7/site-packages/airflow/example_dags/tutorial_taskflow_api.py
[2025-01-09T23:32:01.119+0000] {processor.py:753} INFO - DAG(s) dict_keys(['tutorial_taskflow_api']) retrieved from /home/airflow/.local/lib/python3.7/site-packages/airflow/example_dags/tutorial_taskflow_api.py
[2025-01-09T23:32:01.130+0000] {logging_mixin.py:137} INFO - [2025-01-09T23:32:01.130+0000] {dag.py:2690} INFO - Sync 1 DAGs
[2025-01-09T23:32:01.142+0000] {logging_mixin.py:137} INFO - [2025-01-09T23:32:01.142+0000] {dag.py:3441} INFO - Setting next_dagrun for tutorial_taskflow_api to None, run_after=None
[2025-01-09T23:32:01.151+0000] {processor.py:175} INFO - Processing /home/airflow/.local/lib/python3.7/site-packages/airflow/example_dags/tutorial_taskflow_api.py took 0.044 seconds
[2025-01-09T23:32:31.664+0000] {processor.py:153} INFO - Started process (PID=219) to work on /home/airflow/.local/lib/python3.7/site-packages/airflow/example_dags/tutorial_taskflow_api.py
[2025-01-09T23:32:31.664+0000] {processor.py:743} INFO - Processing file /home/airflow/.local/lib/python3.7/site-packages/airflow/example_dags/tutorial_taskflow_api.py for tasks to queue
[2025-01-09T23:32:31.665+0000] {logging_mixin.py:137} INFO - [2025-01-09T23:32:31.665+0000] {dagbag.py:538} INFO - Filling up the DagBag from /home/airflow/.local/lib/python3.7/site-packages/airflow/example_dags/tutorial_taskflow_api.py
[2025-01-09T23:32:31.673+0000] {processor.py:753} INFO - DAG(s) dict_keys(['tutorial_taskflow_api']) retrieved from /home/airflow/.local/lib/python3.7/site-packages/airflow/example_dags/tutorial_taskflow_api.py
[2025-01-09T23:32:31.683+0000] {logging_mixin.py:137} INFO - [2025-01-09T23:32:31.683+0000] {dag.py:2690} INFO - Sync 1 DAGs
[2025-01-09T23:32:31.693+0000] {logging_mixin.py:137} INFO - [2025-01-09T23:32:31.693+0000] {dag.py:3441} INFO - Setting next_dagrun for tutorial_taskflow_api to None, run_after=None
[2025-01-09T23:32:31.700+0000] {processor.py:175} INFO - Processing /home/airflow/.local/lib/python3.7/site-packages/airflow/example_dags/tutorial_taskflow_api.py took 0.037 seconds
[2025-01-09T23:33:02.565+0000] {processor.py:153} INFO - Started process (PID=310) to work on /home/airflow/.local/lib/python3.7/site-packages/airflow/example_dags/tutorial_taskflow_api.py
[2025-01-09T23:33:02.565+0000] {processor.py:743} INFO - Processing file /home/airflow/.local/lib/python3.7/site-packages/airflow/example_dags/tutorial_taskflow_api.py for tasks to queue
[2025-01-09T23:33:02.565+0000] {logging_mixin.py:137} INFO - [2025-01-09T23:33:02.565+0000] {dagbag.py:538} INFO - Filling up the DagBag from /home/airflow/.local/lib/python3.7/site-packages/airflow/example_dags/tutorial_taskflow_api.py
[2025-01-09T23:33:02.576+0000] {processor.py:753} INFO - DAG(s) dict_keys(['tutorial_taskflow_api']) retrieved from /home/airflow/.local/lib/python3.7/site-packages/airflow/example_dags/tutorial_taskflow_api.py
[2025-01-09T23:33:02.589+0000] {logging_mixin.py:137} INFO - [2025-01-09T23:33:02.589+0000] {dag.py:2690} INFO - Sync 1 DAGs
[2025-01-09T23:33:02.600+0000] {logging_mixin.py:137} INFO - [2025-01-09T23:33:02.600+0000] {dag.py:3441} INFO - Setting next_dagrun for tutorial_taskflow_api to None, run_after=None
[2025-01-09T23:33:02.613+0000] {processor.py:175} INFO - Processing /home/airflow/.local/lib/python3.7/site-packages/airflow/example_dags/tutorial_taskflow_api.py took 0.050 seconds
[2025-01-09T23:33:33.021+0000] {processor.py:153} INFO - Started process (PID=401) to work on /home/airflow/.local/lib/python3.7/site-packages/airflow/example_dags/tutorial_taskflow_api.py
[2025-01-09T23:33:33.022+0000] {processor.py:743} INFO - Processing file /home/airflow/.local/lib/python3.7/site-packages/airflow/example_dags/tutorial_taskflow_api.py for tasks to queue
[2025-01-09T23:33:33.023+0000] {logging_mixin.py:137} INFO - [2025-01-09T23:33:33.023+0000] {dagbag.py:538} INFO - Filling up the DagBag from /home/airflow/.local/lib/python3.7/site-packages/airflow/example_dags/tutorial_taskflow_api.py
[2025-01-09T23:33:33.032+0000] {processor.py:753} INFO - DAG(s) dict_keys(['tutorial_taskflow_api']) retrieved from /home/airflow/.local/lib/python3.7/site-packages/airflow/example_dags/tutorial_taskflow_api.py
[2025-01-09T23:33:33.042+0000] {logging_mixin.py:137} INFO - [2025-01-09T23:33:33.042+0000] {dag.py:2690} INFO - Sync 1 DAGs
[2025-01-09T23:33:33.056+0000] {logging_mixin.py:137} INFO - [2025-01-09T23:33:33.056+0000] {dag.py:3441} INFO - Setting next_dagrun for tutorial_taskflow_api to None, run_after=None
[2025-01-09T23:33:33.066+0000] {processor.py:175} INFO - Processing /home/airflow/.local/lib/python3.7/site-packages/airflow/example_dags/tutorial_taskflow_api.py took 0.046 seconds
[2025-01-09T23:34:03.416+0000] {processor.py:153} INFO - Started process (PID=492) to work on /home/airflow/.local/lib/python3.7/site-packages/airflow/example_dags/tutorial_taskflow_api.py
[2025-01-09T23:34:03.417+0000] {processor.py:743} INFO - Processing file /home/airflow/.local/lib/python3.7/site-packages/airflow/example_dags/tutorial_taskflow_api.py for tasks to queue
[2025-01-09T23:34:03.417+0000] {logging_mixin.py:137} INFO - [2025-01-09T23:34:03.417+0000] {dagbag.py:538} INFO - Filling up the DagBag from /home/airflow/.local/lib/python3.7/site-packages/airflow/example_dags/tutorial_taskflow_api.py
[2025-01-09T23:34:03.427+0000] {processor.py:753} INFO - DAG(s) dict_keys(['tutorial_taskflow_api']) retrieved from /home/airflow/.local/lib/python3.7/site-packages/airflow/example_dags/tutorial_taskflow_api.py
[2025-01-09T23:34:03.438+0000] {logging_mixin.py:137} INFO - [2025-01-09T23:34:03.438+0000] {dag.py:2690} INFO - Sync 1 DAGs
[2025-01-09T23:34:03.451+0000] {logging_mixin.py:137} INFO - [2025-01-09T23:34:03.451+0000] {dag.py:3441} INFO - Setting next_dagrun for tutorial_taskflow_api to None, run_after=None
[2025-01-09T23:34:03.462+0000] {processor.py:175} INFO - Processing /home/airflow/.local/lib/python3.7/site-packages/airflow/example_dags/tutorial_taskflow_api.py took 0.047 seconds
[2025-01-09T23:34:33.951+0000] {processor.py:153} INFO - Started process (PID=573) to work on /home/airflow/.local/lib/python3.7/site-packages/airflow/example_dags/tutorial_taskflow_api.py
[2025-01-09T23:34:33.951+0000] {processor.py:743} INFO - Processing file /home/airflow/.local/lib/python3.7/site-packages/airflow/example_dags/tutorial_taskflow_api.py for tasks to queue
[2025-01-09T23:34:33.952+0000] {logging_mixin.py:137} INFO - [2025-01-09T23:34:33.952+0000] {dagbag.py:538} INFO - Filling up the DagBag from /home/airflow/.local/lib/python3.7/site-packages/airflow/example_dags/tutorial_taskflow_api.py
[2025-01-09T23:34:33.960+0000] {processor.py:753} INFO - DAG(s) dict_keys(['tutorial_taskflow_api']) retrieved from /home/airflow/.local/lib/python3.7/site-packages/airflow/example_dags/tutorial_taskflow_api.py
[2025-01-09T23:34:33.970+0000] {logging_mixin.py:137} INFO - [2025-01-09T23:34:33.970+0000] {dag.py:2690} INFO - Sync 1 DAGs
[2025-01-09T23:34:33.980+0000] {logging_mixin.py:137} INFO - [2025-01-09T23:34:33.980+0000] {dag.py:3441} INFO - Setting next_dagrun for tutorial_taskflow_api to None, run_after=None
[2025-01-09T23:34:33.988+0000] {processor.py:175} INFO - Processing /home/airflow/.local/lib/python3.7/site-packages/airflow/example_dags/tutorial_taskflow_api.py took 0.038 seconds
[2025-01-09T23:35:04.424+0000] {processor.py:153} INFO - Started process (PID=657) to work on /home/airflow/.local/lib/python3.7/site-packages/airflow/example_dags/tutorial_taskflow_api.py
[2025-01-09T23:35:04.424+0000] {processor.py:743} INFO - Processing file /home/airflow/.local/lib/python3.7/site-packages/airflow/example_dags/tutorial_taskflow_api.py for tasks to queue
[2025-01-09T23:35:04.425+0000] {logging_mixin.py:137} INFO - [2025-01-09T23:35:04.424+0000] {dagbag.py:538} INFO - Filling up the DagBag from /home/airflow/.local/lib/python3.7/site-packages/airflow/example_dags/tutorial_taskflow_api.py
[2025-01-09T23:35:04.434+0000] {processor.py:753} INFO - DAG(s) dict_keys(['tutorial_taskflow_api']) retrieved from /home/airflow/.local/lib/python3.7/site-packages/airflow/example_dags/tutorial_taskflow_api.py
[2025-01-09T23:35:04.445+0000] {logging_mixin.py:137} INFO - [2025-01-09T23:35:04.445+0000] {dag.py:2690} INFO - Sync 1 DAGs
[2025-01-09T23:35:04.455+0000] {logging_mixin.py:137} INFO - [2025-01-09T23:35:04.455+0000] {dag.py:3441} INFO - Setting next_dagrun for tutorial_taskflow_api to None, run_after=None
[2025-01-09T23:35:04.464+0000] {processor.py:175} INFO - Processing /home/airflow/.local/lib/python3.7/site-packages/airflow/example_dags/tutorial_taskflow_api.py took 0.041 seconds
[2025-01-09T23:35:34.777+0000] {processor.py:153} INFO - Started process (PID=748) to work on /home/airflow/.local/lib/python3.7/site-packages/airflow/example_dags/tutorial_taskflow_api.py
[2025-01-09T23:35:34.777+0000] {processor.py:743} INFO - Processing file /home/airflow/.local/lib/python3.7/site-packages/airflow/example_dags/tutorial_taskflow_api.py for tasks to queue
[2025-01-09T23:35:34.777+0000] {logging_mixin.py:137} INFO - [2025-01-09T23:35:34.777+0000] {dagbag.py:538} INFO - Filling up the DagBag from /home/airflow/.local/lib/python3.7/site-packages/airflow/example_dags/tutorial_taskflow_api.py
[2025-01-09T23:35:34.785+0000] {processor.py:753} INFO - DAG(s) dict_keys(['tutorial_taskflow_api']) retrieved from /home/airflow/.local/lib/python3.7/site-packages/airflow/example_dags/tutorial_taskflow_api.py
[2025-01-09T23:35:34.795+0000] {logging_mixin.py:137} INFO - [2025-01-09T23:35:34.795+0000] {dag.py:2690} INFO - Sync 1 DAGs
[2025-01-09T23:35:34.804+0000] {logging_mixin.py:137} INFO - [2025-01-09T23:35:34.804+0000] {dag.py:3441} INFO - Setting next_dagrun for tutorial_taskflow_api to None, run_after=None
[2025-01-09T23:35:34.810+0000] {processor.py:175} INFO - Processing /home/airflow/.local/lib/python3.7/site-packages/airflow/example_dags/tutorial_taskflow_api.py took 0.035 seconds
[2025-01-09T23:36:05.296+0000] {processor.py:153} INFO - Started process (PID=839) to work on /home/airflow/.local/lib/python3.7/site-packages/airflow/example_dags/tutorial_taskflow_api.py
[2025-01-09T23:36:05.297+0000] {processor.py:743} INFO - Processing file /home/airflow/.local/lib/python3.7/site-packages/airflow/example_dags/tutorial_taskflow_api.py for tasks to queue
[2025-01-09T23:36:05.297+0000] {logging_mixin.py:137} INFO - [2025-01-09T23:36:05.297+0000] {dagbag.py:538} INFO - Filling up the DagBag from /home/airflow/.local/lib/python3.7/site-packages/airflow/example_dags/tutorial_taskflow_api.py
[2025-01-09T23:36:05.306+0000] {processor.py:753} INFO - DAG(s) dict_keys(['tutorial_taskflow_api']) retrieved from /home/airflow/.local/lib/python3.7/site-packages/airflow/example_dags/tutorial_taskflow_api.py
[2025-01-09T23:36:05.318+0000] {logging_mixin.py:137} INFO - [2025-01-09T23:36:05.318+0000] {dag.py:2690} INFO - Sync 1 DAGs
[2025-01-09T23:36:05.329+0000] {logging_mixin.py:137} INFO - [2025-01-09T23:36:05.329+0000] {dag.py:3441} INFO - Setting next_dagrun for tutorial_taskflow_api to None, run_after=None
[2025-01-09T23:36:05.340+0000] {processor.py:175} INFO - Processing /home/airflow/.local/lib/python3.7/site-packages/airflow/example_dags/tutorial_taskflow_api.py took 0.045 seconds
[2025-01-09T23:36:35.758+0000] {processor.py:153} INFO - Started process (PID=929) to work on /home/airflow/.local/lib/python3.7/site-packages/airflow/example_dags/tutorial_taskflow_api.py
[2025-01-09T23:36:35.758+0000] {processor.py:743} INFO - Processing file /home/airflow/.local/lib/python3.7/site-packages/airflow/example_dags/tutorial_taskflow_api.py for tasks to queue
[2025-01-09T23:36:35.758+0000] {logging_mixin.py:137} INFO - [2025-01-09T23:36:35.758+0000] {dagbag.py:538} INFO - Filling up the DagBag from /home/airflow/.local/lib/python3.7/site-packages/airflow/example_dags/tutorial_taskflow_api.py
[2025-01-09T23:36:35.768+0000] {processor.py:753} INFO - DAG(s) dict_keys(['tutorial_taskflow_api']) retrieved from /home/airflow/.local/lib/python3.7/site-packages/airflow/example_dags/tutorial_taskflow_api.py
[2025-01-09T23:36:35.781+0000] {logging_mixin.py:137} INFO - [2025-01-09T23:36:35.781+0000] {dag.py:2690} INFO - Sync 1 DAGs
[2025-01-09T23:36:35.793+0000] {logging_mixin.py:137} INFO - [2025-01-09T23:36:35.793+0000] {dag.py:3441} INFO - Setting next_dagrun for tutorial_taskflow_api to None, run_after=None
[2025-01-09T23:36:35.801+0000] {processor.py:175} INFO - Processing /home/airflow/.local/lib/python3.7/site-packages/airflow/example_dags/tutorial_taskflow_api.py took 0.045 seconds
[2025-01-09T23:37:06.228+0000] {processor.py:153} INFO - Started process (PID=1004) to work on /home/airflow/.local/lib/python3.7/site-packages/airflow/example_dags/tutorial_taskflow_api.py
[2025-01-09T23:37:06.228+0000] {processor.py:743} INFO - Processing file /home/airflow/.local/lib/python3.7/site-packages/airflow/example_dags/tutorial_taskflow_api.py for tasks to queue
[2025-01-09T23:37:06.229+0000] {logging_mixin.py:137} INFO - [2025-01-09T23:37:06.229+0000] {dagbag.py:538} INFO - Filling up the DagBag from /home/airflow/.local/lib/python3.7/site-packages/airflow/example_dags/tutorial_taskflow_api.py
[2025-01-09T23:37:06.238+0000] {processor.py:753} INFO - DAG(s) dict_keys(['tutorial_taskflow_api']) retrieved from /home/airflow/.local/lib/python3.7/site-packages/airflow/example_dags/tutorial_taskflow_api.py
[2025-01-09T23:37:06.249+0000] {logging_mixin.py:137} INFO - [2025-01-09T23:37:06.249+0000] {dag.py:2690} INFO - Sync 1 DAGs
[2025-01-09T23:37:06.260+0000] {logging_mixin.py:137} INFO - [2025-01-09T23:37:06.260+0000] {dag.py:3441} INFO - Setting next_dagrun for tutorial_taskflow_api to None, run_after=None
[2025-01-09T23:37:06.268+0000] {processor.py:175} INFO - Processing /home/airflow/.local/lib/python3.7/site-packages/airflow/example_dags/tutorial_taskflow_api.py took 0.041 seconds
[2025-01-09T23:37:36.912+0000] {processor.py:153} INFO - Started process (PID=1095) to work on /home/airflow/.local/lib/python3.7/site-packages/airflow/example_dags/tutorial_taskflow_api.py
[2025-01-09T23:37:36.913+0000] {processor.py:743} INFO - Processing file /home/airflow/.local/lib/python3.7/site-packages/airflow/example_dags/tutorial_taskflow_api.py for tasks to queue
[2025-01-09T23:37:36.913+0000] {logging_mixin.py:137} INFO - [2025-01-09T23:37:36.913+0000] {dagbag.py:538} INFO - Filling up the DagBag from /home/airflow/.local/lib/python3.7/site-packages/airflow/example_dags/tutorial_taskflow_api.py
[2025-01-09T23:37:36.922+0000] {processor.py:753} INFO - DAG(s) dict_keys(['tutorial_taskflow_api']) retrieved from /home/airflow/.local/lib/python3.7/site-packages/airflow/example_dags/tutorial_taskflow_api.py
[2025-01-09T23:37:36.934+0000] {logging_mixin.py:137} INFO - [2025-01-09T23:37:36.934+0000] {dag.py:2690} INFO - Sync 1 DAGs
[2025-01-09T23:37:36.946+0000] {logging_mixin.py:137} INFO - [2025-01-09T23:37:36.946+0000] {dag.py:3441} INFO - Setting next_dagrun for tutorial_taskflow_api to None, run_after=None
[2025-01-09T23:37:36.957+0000] {processor.py:175} INFO - Processing /home/airflow/.local/lib/python3.7/site-packages/airflow/example_dags/tutorial_taskflow_api.py took 0.046 seconds
[2025-01-09T23:38:40.077+0000] {processor.py:153} INFO - Started process (PID=1172) to work on /home/airflow/.local/lib/python3.7/site-packages/airflow/example_dags/tutorial_taskflow_api.py
[2025-01-09T23:38:40.077+0000] {processor.py:743} INFO - Processing file /home/airflow/.local/lib/python3.7/site-packages/airflow/example_dags/tutorial_taskflow_api.py for tasks to queue
[2025-01-09T23:38:40.078+0000] {logging_mixin.py:137} INFO - [2025-01-09T23:38:40.078+0000] {dagbag.py:538} INFO - Filling up the DagBag from /home/airflow/.local/lib/python3.7/site-packages/airflow/example_dags/tutorial_taskflow_api.py
[2025-01-09T23:38:40.087+0000] {processor.py:753} INFO - DAG(s) dict_keys(['tutorial_taskflow_api']) retrieved from /home/airflow/.local/lib/python3.7/site-packages/airflow/example_dags/tutorial_taskflow_api.py
[2025-01-09T23:38:40.100+0000] {logging_mixin.py:137} INFO - [2025-01-09T23:38:40.100+0000] {dag.py:2690} INFO - Sync 1 DAGs
[2025-01-09T23:38:40.112+0000] {logging_mixin.py:137} INFO - [2025-01-09T23:38:40.112+0000] {dag.py:3441} INFO - Setting next_dagrun for tutorial_taskflow_api to None, run_after=None
[2025-01-09T23:38:40.125+0000] {processor.py:175} INFO - Processing /home/airflow/.local/lib/python3.7/site-packages/airflow/example_dags/tutorial_taskflow_api.py took 0.049 seconds
[2025-01-09T23:39:10.641+0000] {processor.py:153} INFO - Started process (PID=1262) to work on /home/airflow/.local/lib/python3.7/site-packages/airflow/example_dags/tutorial_taskflow_api.py
[2025-01-09T23:39:10.641+0000] {processor.py:743} INFO - Processing file /home/airflow/.local/lib/python3.7/site-packages/airflow/example_dags/tutorial_taskflow_api.py for tasks to queue
[2025-01-09T23:39:10.642+0000] {logging_mixin.py:137} INFO - [2025-01-09T23:39:10.642+0000] {dagbag.py:538} INFO - Filling up the DagBag from /home/airflow/.local/lib/python3.7/site-packages/airflow/example_dags/tutorial_taskflow_api.py
[2025-01-09T23:39:10.650+0000] {processor.py:753} INFO - DAG(s) dict_keys(['tutorial_taskflow_api']) retrieved from /home/airflow/.local/lib/python3.7/site-packages/airflow/example_dags/tutorial_taskflow_api.py
[2025-01-09T23:39:10.661+0000] {logging_mixin.py:137} INFO - [2025-01-09T23:39:10.661+0000] {dag.py:2690} INFO - Sync 1 DAGs
[2025-01-09T23:39:10.671+0000] {logging_mixin.py:137} INFO - [2025-01-09T23:39:10.671+0000] {dag.py:3441} INFO - Setting next_dagrun for tutorial_taskflow_api to None, run_after=None
[2025-01-09T23:39:10.678+0000] {processor.py:175} INFO - Processing /home/airflow/.local/lib/python3.7/site-packages/airflow/example_dags/tutorial_taskflow_api.py took 0.039 seconds
[2025-01-09T23:39:41.087+0000] {processor.py:153} INFO - Started process (PID=1337) to work on /home/airflow/.local/lib/python3.7/site-packages/airflow/example_dags/tutorial_taskflow_api.py
[2025-01-09T23:39:41.087+0000] {processor.py:743} INFO - Processing file /home/airflow/.local/lib/python3.7/site-packages/airflow/example_dags/tutorial_taskflow_api.py for tasks to queue
[2025-01-09T23:39:41.088+0000] {logging_mixin.py:137} INFO - [2025-01-09T23:39:41.088+0000] {dagbag.py:538} INFO - Filling up the DagBag from /home/airflow/.local/lib/python3.7/site-packages/airflow/example_dags/tutorial_taskflow_api.py
[2025-01-09T23:39:41.097+0000] {processor.py:753} INFO - DAG(s) dict_keys(['tutorial_taskflow_api']) retrieved from /home/airflow/.local/lib/python3.7/site-packages/airflow/example_dags/tutorial_taskflow_api.py
[2025-01-09T23:39:41.114+0000] {logging_mixin.py:137} INFO - [2025-01-09T23:39:41.114+0000] {dag.py:2690} INFO - Sync 1 DAGs
[2025-01-09T23:39:41.126+0000] {logging_mixin.py:137} INFO - [2025-01-09T23:39:41.126+0000] {dag.py:3441} INFO - Setting next_dagrun for tutorial_taskflow_api to None, run_after=None
[2025-01-09T23:39:41.137+0000] {processor.py:175} INFO - Processing /home/airflow/.local/lib/python3.7/site-packages/airflow/example_dags/tutorial_taskflow_api.py took 0.052 seconds
[2025-01-09T23:40:11.840+0000] {processor.py:153} INFO - Started process (PID=1428) to work on /home/airflow/.local/lib/python3.7/site-packages/airflow/example_dags/tutorial_taskflow_api.py
[2025-01-09T23:40:11.840+0000] {processor.py:743} INFO - Processing file /home/airflow/.local/lib/python3.7/site-packages/airflow/example_dags/tutorial_taskflow_api.py for tasks to queue
[2025-01-09T23:40:11.841+0000] {logging_mixin.py:137} INFO - [2025-01-09T23:40:11.841+0000] {dagbag.py:538} INFO - Filling up the DagBag from /home/airflow/.local/lib/python3.7/site-packages/airflow/example_dags/tutorial_taskflow_api.py
[2025-01-09T23:40:11.849+0000] {processor.py:753} INFO - DAG(s) dict_keys(['tutorial_taskflow_api']) retrieved from /home/airflow/.local/lib/python3.7/site-packages/airflow/example_dags/tutorial_taskflow_api.py
[2025-01-09T23:40:11.863+0000] {logging_mixin.py:137} INFO - [2025-01-09T23:40:11.863+0000] {dag.py:2690} INFO - Sync 1 DAGs
[2025-01-09T23:40:11.873+0000] {logging_mixin.py:137} INFO - [2025-01-09T23:40:11.873+0000] {dag.py:3441} INFO - Setting next_dagrun for tutorial_taskflow_api to None, run_after=None
[2025-01-09T23:40:11.886+0000] {processor.py:175} INFO - Processing /home/airflow/.local/lib/python3.7/site-packages/airflow/example_dags/tutorial_taskflow_api.py took 0.047 seconds
[2025-01-09T23:40:42.277+0000] {processor.py:153} INFO - Started process (PID=1519) to work on /home/airflow/.local/lib/python3.7/site-packages/airflow/example_dags/tutorial_taskflow_api.py
[2025-01-09T23:40:42.277+0000] {processor.py:743} INFO - Processing file /home/airflow/.local/lib/python3.7/site-packages/airflow/example_dags/tutorial_taskflow_api.py for tasks to queue
[2025-01-09T23:40:42.277+0000] {logging_mixin.py:137} INFO - [2025-01-09T23:40:42.277+0000] {dagbag.py:538} INFO - Filling up the DagBag from /home/airflow/.local/lib/python3.7/site-packages/airflow/example_dags/tutorial_taskflow_api.py
[2025-01-09T23:40:42.285+0000] {processor.py:753} INFO - DAG(s) dict_keys(['tutorial_taskflow_api']) retrieved from /home/airflow/.local/lib/python3.7/site-packages/airflow/example_dags/tutorial_taskflow_api.py
[2025-01-09T23:40:42.297+0000] {logging_mixin.py:137} INFO - [2025-01-09T23:40:42.297+0000] {dag.py:2690} INFO - Sync 1 DAGs
[2025-01-09T23:40:42.308+0000] {logging_mixin.py:137} INFO - [2025-01-09T23:40:42.308+0000] {dag.py:3441} INFO - Setting next_dagrun for tutorial_taskflow_api to None, run_after=None
[2025-01-09T23:40:42.318+0000] {processor.py:175} INFO - Processing /home/airflow/.local/lib/python3.7/site-packages/airflow/example_dags/tutorial_taskflow_api.py took 0.042 seconds
[2025-01-09T23:41:12.741+0000] {processor.py:153} INFO - Started process (PID=1610) to work on /home/airflow/.local/lib/python3.7/site-packages/airflow/example_dags/tutorial_taskflow_api.py
[2025-01-09T23:41:12.741+0000] {processor.py:743} INFO - Processing file /home/airflow/.local/lib/python3.7/site-packages/airflow/example_dags/tutorial_taskflow_api.py for tasks to queue
[2025-01-09T23:41:12.742+0000] {logging_mixin.py:137} INFO - [2025-01-09T23:41:12.742+0000] {dagbag.py:538} INFO - Filling up the DagBag from /home/airflow/.local/lib/python3.7/site-packages/airflow/example_dags/tutorial_taskflow_api.py
[2025-01-09T23:41:12.750+0000] {processor.py:753} INFO - DAG(s) dict_keys(['tutorial_taskflow_api']) retrieved from /home/airflow/.local/lib/python3.7/site-packages/airflow/example_dags/tutorial_taskflow_api.py
[2025-01-09T23:41:12.762+0000] {logging_mixin.py:137} INFO - [2025-01-09T23:41:12.762+0000] {dag.py:2690} INFO - Sync 1 DAGs
[2025-01-09T23:41:12.775+0000] {logging_mixin.py:137} INFO - [2025-01-09T23:41:12.775+0000] {dag.py:3441} INFO - Setting next_dagrun for tutorial_taskflow_api to None, run_after=None
[2025-01-09T23:41:12.784+0000] {processor.py:175} INFO - Processing /home/airflow/.local/lib/python3.7/site-packages/airflow/example_dags/tutorial_taskflow_api.py took 0.045 seconds
[2025-01-09T23:41:43.195+0000] {processor.py:153} INFO - Started process (PID=1694) to work on /home/airflow/.local/lib/python3.7/site-packages/airflow/example_dags/tutorial_taskflow_api.py
[2025-01-09T23:41:43.196+0000] {processor.py:743} INFO - Processing file /home/airflow/.local/lib/python3.7/site-packages/airflow/example_dags/tutorial_taskflow_api.py for tasks to queue
[2025-01-09T23:41:43.196+0000] {logging_mixin.py:137} INFO - [2025-01-09T23:41:43.196+0000] {dagbag.py:538} INFO - Filling up the DagBag from /home/airflow/.local/lib/python3.7/site-packages/airflow/example_dags/tutorial_taskflow_api.py
[2025-01-09T23:41:43.205+0000] {processor.py:753} INFO - DAG(s) dict_keys(['tutorial_taskflow_api']) retrieved from /home/airflow/.local/lib/python3.7/site-packages/airflow/example_dags/tutorial_taskflow_api.py
[2025-01-09T23:41:43.221+0000] {logging_mixin.py:137} INFO - [2025-01-09T23:41:43.220+0000] {dag.py:2690} INFO - Sync 1 DAGs
[2025-01-09T23:41:43.231+0000] {logging_mixin.py:137} INFO - [2025-01-09T23:41:43.231+0000] {dag.py:3441} INFO - Setting next_dagrun for tutorial_taskflow_api to None, run_after=None
[2025-01-09T23:41:43.241+0000] {processor.py:175} INFO - Processing /home/airflow/.local/lib/python3.7/site-packages/airflow/example_dags/tutorial_taskflow_api.py took 0.047 seconds
[2025-01-09T23:42:13.877+0000] {processor.py:153} INFO - Started process (PID=1775) to work on /home/airflow/.local/lib/python3.7/site-packages/airflow/example_dags/tutorial_taskflow_api.py
[2025-01-09T23:42:13.878+0000] {processor.py:743} INFO - Processing file /home/airflow/.local/lib/python3.7/site-packages/airflow/example_dags/tutorial_taskflow_api.py for tasks to queue
[2025-01-09T23:42:13.879+0000] {logging_mixin.py:137} INFO - [2025-01-09T23:42:13.879+0000] {dagbag.py:538} INFO - Filling up the DagBag from /home/airflow/.local/lib/python3.7/site-packages/airflow/example_dags/tutorial_taskflow_api.py
[2025-01-09T23:42:13.892+0000] {processor.py:753} INFO - DAG(s) dict_keys(['tutorial_taskflow_api']) retrieved from /home/airflow/.local/lib/python3.7/site-packages/airflow/example_dags/tutorial_taskflow_api.py
[2025-01-09T23:42:13.904+0000] {logging_mixin.py:137} INFO - [2025-01-09T23:42:13.904+0000] {dag.py:2690} INFO - Sync 1 DAGs
[2025-01-09T23:42:13.916+0000] {logging_mixin.py:137} INFO - [2025-01-09T23:42:13.916+0000] {dag.py:3441} INFO - Setting next_dagrun for tutorial_taskflow_api to None, run_after=None
[2025-01-09T23:42:13.925+0000] {processor.py:175} INFO - Processing /home/airflow/.local/lib/python3.7/site-packages/airflow/example_dags/tutorial_taskflow_api.py took 0.050 seconds
[2025-01-09T23:42:44.318+0000] {processor.py:153} INFO - Started process (PID=1867) to work on /home/airflow/.local/lib/python3.7/site-packages/airflow/example_dags/tutorial_taskflow_api.py
[2025-01-09T23:42:44.319+0000] {processor.py:743} INFO - Processing file /home/airflow/.local/lib/python3.7/site-packages/airflow/example_dags/tutorial_taskflow_api.py for tasks to queue
[2025-01-09T23:42:44.320+0000] {logging_mixin.py:137} INFO - [2025-01-09T23:42:44.319+0000] {dagbag.py:538} INFO - Filling up the DagBag from /home/airflow/.local/lib/python3.7/site-packages/airflow/example_dags/tutorial_taskflow_api.py
[2025-01-09T23:42:44.333+0000] {processor.py:753} INFO - DAG(s) dict_keys(['tutorial_taskflow_api']) retrieved from /home/airflow/.local/lib/python3.7/site-packages/airflow/example_dags/tutorial_taskflow_api.py
[2025-01-09T23:42:44.351+0000] {logging_mixin.py:137} INFO - [2025-01-09T23:42:44.351+0000] {dag.py:2690} INFO - Sync 1 DAGs
[2025-01-09T23:42:44.363+0000] {logging_mixin.py:137} INFO - [2025-01-09T23:42:44.362+0000] {dag.py:3441} INFO - Setting next_dagrun for tutorial_taskflow_api to None, run_after=None
[2025-01-09T23:42:44.370+0000] {processor.py:175} INFO - Processing /home/airflow/.local/lib/python3.7/site-packages/airflow/example_dags/tutorial_taskflow_api.py took 0.055 seconds
[2025-01-09T23:43:15.009+0000] {processor.py:153} INFO - Started process (PID=1958) to work on /home/airflow/.local/lib/python3.7/site-packages/airflow/example_dags/tutorial_taskflow_api.py
[2025-01-09T23:43:15.010+0000] {processor.py:743} INFO - Processing file /home/airflow/.local/lib/python3.7/site-packages/airflow/example_dags/tutorial_taskflow_api.py for tasks to queue
[2025-01-09T23:43:15.011+0000] {logging_mixin.py:137} INFO - [2025-01-09T23:43:15.011+0000] {dagbag.py:538} INFO - Filling up the DagBag from /home/airflow/.local/lib/python3.7/site-packages/airflow/example_dags/tutorial_taskflow_api.py
[2025-01-09T23:43:15.028+0000] {processor.py:753} INFO - DAG(s) dict_keys(['tutorial_taskflow_api']) retrieved from /home/airflow/.local/lib/python3.7/site-packages/airflow/example_dags/tutorial_taskflow_api.py
[2025-01-09T23:43:15.046+0000] {logging_mixin.py:137} INFO - [2025-01-09T23:43:15.046+0000] {dag.py:2690} INFO - Sync 1 DAGs
[2025-01-09T23:43:15.059+0000] {logging_mixin.py:137} INFO - [2025-01-09T23:43:15.059+0000] {dag.py:3441} INFO - Setting next_dagrun for tutorial_taskflow_api to None, run_after=None
[2025-01-09T23:43:15.069+0000] {processor.py:175} INFO - Processing /home/airflow/.local/lib/python3.7/site-packages/airflow/example_dags/tutorial_taskflow_api.py took 0.062 seconds
[2025-01-09T23:43:45.545+0000] {processor.py:153} INFO - Started process (PID=2049) to work on /home/airflow/.local/lib/python3.7/site-packages/airflow/example_dags/tutorial_taskflow_api.py
[2025-01-09T23:43:45.545+0000] {processor.py:743} INFO - Processing file /home/airflow/.local/lib/python3.7/site-packages/airflow/example_dags/tutorial_taskflow_api.py for tasks to queue
[2025-01-09T23:43:45.546+0000] {logging_mixin.py:137} INFO - [2025-01-09T23:43:45.545+0000] {dagbag.py:538} INFO - Filling up the DagBag from /home/airflow/.local/lib/python3.7/site-packages/airflow/example_dags/tutorial_taskflow_api.py
[2025-01-09T23:43:45.557+0000] {processor.py:753} INFO - DAG(s) dict_keys(['tutorial_taskflow_api']) retrieved from /home/airflow/.local/lib/python3.7/site-packages/airflow/example_dags/tutorial_taskflow_api.py
[2025-01-09T23:43:45.577+0000] {logging_mixin.py:137} INFO - [2025-01-09T23:43:45.576+0000] {dag.py:2690} INFO - Sync 1 DAGs
[2025-01-09T23:43:45.589+0000] {logging_mixin.py:137} INFO - [2025-01-09T23:43:45.589+0000] {dag.py:3441} INFO - Setting next_dagrun for tutorial_taskflow_api to None, run_after=None
[2025-01-09T23:43:45.597+0000] {processor.py:175} INFO - Processing /home/airflow/.local/lib/python3.7/site-packages/airflow/example_dags/tutorial_taskflow_api.py took 0.054 seconds
[2025-01-09T23:44:16.154+0000] {processor.py:153} INFO - Started process (PID=2124) to work on /home/airflow/.local/lib/python3.7/site-packages/airflow/example_dags/tutorial_taskflow_api.py
[2025-01-09T23:44:16.154+0000] {processor.py:743} INFO - Processing file /home/airflow/.local/lib/python3.7/site-packages/airflow/example_dags/tutorial_taskflow_api.py for tasks to queue
[2025-01-09T23:44:16.155+0000] {logging_mixin.py:137} INFO - [2025-01-09T23:44:16.155+0000] {dagbag.py:538} INFO - Filling up the DagBag from /home/airflow/.local/lib/python3.7/site-packages/airflow/example_dags/tutorial_taskflow_api.py
[2025-01-09T23:44:16.169+0000] {processor.py:753} INFO - DAG(s) dict_keys(['tutorial_taskflow_api']) retrieved from /home/airflow/.local/lib/python3.7/site-packages/airflow/example_dags/tutorial_taskflow_api.py
[2025-01-09T23:44:16.181+0000] {logging_mixin.py:137} INFO - [2025-01-09T23:44:16.181+0000] {dag.py:2690} INFO - Sync 1 DAGs
[2025-01-09T23:44:16.194+0000] {logging_mixin.py:137} INFO - [2025-01-09T23:44:16.194+0000] {dag.py:3441} INFO - Setting next_dagrun for tutorial_taskflow_api to None, run_after=None
[2025-01-09T23:44:16.201+0000] {processor.py:175} INFO - Processing /home/airflow/.local/lib/python3.7/site-packages/airflow/example_dags/tutorial_taskflow_api.py took 0.050 seconds
[2025-01-09T23:44:46.762+0000] {processor.py:153} INFO - Started process (PID=2215) to work on /home/airflow/.local/lib/python3.7/site-packages/airflow/example_dags/tutorial_taskflow_api.py
[2025-01-09T23:44:46.763+0000] {processor.py:743} INFO - Processing file /home/airflow/.local/lib/python3.7/site-packages/airflow/example_dags/tutorial_taskflow_api.py for tasks to queue
[2025-01-09T23:44:46.767+0000] {logging_mixin.py:137} INFO - [2025-01-09T23:44:46.766+0000] {dagbag.py:538} INFO - Filling up the DagBag from /home/airflow/.local/lib/python3.7/site-packages/airflow/example_dags/tutorial_taskflow_api.py
[2025-01-09T23:44:46.778+0000] {processor.py:753} INFO - DAG(s) dict_keys(['tutorial_taskflow_api']) retrieved from /home/airflow/.local/lib/python3.7/site-packages/airflow/example_dags/tutorial_taskflow_api.py
[2025-01-09T23:44:46.793+0000] {logging_mixin.py:137} INFO - [2025-01-09T23:44:46.793+0000] {dag.py:2690} INFO - Sync 1 DAGs
[2025-01-09T23:44:46.808+0000] {logging_mixin.py:137} INFO - [2025-01-09T23:44:46.808+0000] {dag.py:3441} INFO - Setting next_dagrun for tutorial_taskflow_api to None, run_after=None
[2025-01-09T23:44:46.816+0000] {processor.py:175} INFO - Processing /home/airflow/.local/lib/python3.7/site-packages/airflow/example_dags/tutorial_taskflow_api.py took 0.056 seconds
[2025-01-09T23:45:17.234+0000] {processor.py:153} INFO - Started process (PID=2306) to work on /home/airflow/.local/lib/python3.7/site-packages/airflow/example_dags/tutorial_taskflow_api.py
[2025-01-09T23:45:17.235+0000] {processor.py:743} INFO - Processing file /home/airflow/.local/lib/python3.7/site-packages/airflow/example_dags/tutorial_taskflow_api.py for tasks to queue
[2025-01-09T23:45:17.235+0000] {logging_mixin.py:137} INFO - [2025-01-09T23:45:17.235+0000] {dagbag.py:538} INFO - Filling up the DagBag from /home/airflow/.local/lib/python3.7/site-packages/airflow/example_dags/tutorial_taskflow_api.py
[2025-01-09T23:45:17.249+0000] {processor.py:753} INFO - DAG(s) dict_keys(['tutorial_taskflow_api']) retrieved from /home/airflow/.local/lib/python3.7/site-packages/airflow/example_dags/tutorial_taskflow_api.py
[2025-01-09T23:45:17.262+0000] {logging_mixin.py:137} INFO - [2025-01-09T23:45:17.262+0000] {dag.py:2690} INFO - Sync 1 DAGs
[2025-01-09T23:45:17.275+0000] {logging_mixin.py:137} INFO - [2025-01-09T23:45:17.275+0000] {dag.py:3441} INFO - Setting next_dagrun for tutorial_taskflow_api to None, run_after=None
[2025-01-09T23:45:17.283+0000] {processor.py:175} INFO - Processing /home/airflow/.local/lib/python3.7/site-packages/airflow/example_dags/tutorial_taskflow_api.py took 0.053 seconds
[2025-01-09T23:45:47.649+0000] {processor.py:153} INFO - Started process (PID=2397) to work on /home/airflow/.local/lib/python3.7/site-packages/airflow/example_dags/tutorial_taskflow_api.py
[2025-01-09T23:45:47.649+0000] {processor.py:743} INFO - Processing file /home/airflow/.local/lib/python3.7/site-packages/airflow/example_dags/tutorial_taskflow_api.py for tasks to queue
[2025-01-09T23:45:47.651+0000] {logging_mixin.py:137} INFO - [2025-01-09T23:45:47.650+0000] {dagbag.py:538} INFO - Filling up the DagBag from /home/airflow/.local/lib/python3.7/site-packages/airflow/example_dags/tutorial_taskflow_api.py
[2025-01-09T23:45:47.664+0000] {processor.py:753} INFO - DAG(s) dict_keys(['tutorial_taskflow_api']) retrieved from /home/airflow/.local/lib/python3.7/site-packages/airflow/example_dags/tutorial_taskflow_api.py
[2025-01-09T23:45:47.681+0000] {logging_mixin.py:137} INFO - [2025-01-09T23:45:47.681+0000] {dag.py:2690} INFO - Sync 1 DAGs
[2025-01-09T23:45:47.694+0000] {logging_mixin.py:137} INFO - [2025-01-09T23:45:47.694+0000] {dag.py:3441} INFO - Setting next_dagrun for tutorial_taskflow_api to None, run_after=None
[2025-01-09T23:45:47.701+0000] {processor.py:175} INFO - Processing /home/airflow/.local/lib/python3.7/site-packages/airflow/example_dags/tutorial_taskflow_api.py took 0.056 seconds
[2025-01-09T23:46:18.071+0000] {processor.py:153} INFO - Started process (PID=2471) to work on /home/airflow/.local/lib/python3.7/site-packages/airflow/example_dags/tutorial_taskflow_api.py
[2025-01-09T23:46:18.071+0000] {processor.py:743} INFO - Processing file /home/airflow/.local/lib/python3.7/site-packages/airflow/example_dags/tutorial_taskflow_api.py for tasks to queue
[2025-01-09T23:46:18.073+0000] {logging_mixin.py:137} INFO - [2025-01-09T23:46:18.072+0000] {dagbag.py:538} INFO - Filling up the DagBag from /home/airflow/.local/lib/python3.7/site-packages/airflow/example_dags/tutorial_taskflow_api.py
[2025-01-09T23:46:18.089+0000] {processor.py:753} INFO - DAG(s) dict_keys(['tutorial_taskflow_api']) retrieved from /home/airflow/.local/lib/python3.7/site-packages/airflow/example_dags/tutorial_taskflow_api.py
[2025-01-09T23:46:18.105+0000] {logging_mixin.py:137} INFO - [2025-01-09T23:46:18.105+0000] {dag.py:2690} INFO - Sync 1 DAGs
[2025-01-09T23:46:18.118+0000] {logging_mixin.py:137} INFO - [2025-01-09T23:46:18.118+0000] {dag.py:3441} INFO - Setting next_dagrun for tutorial_taskflow_api to None, run_after=None
[2025-01-09T23:46:18.127+0000] {processor.py:175} INFO - Processing /home/airflow/.local/lib/python3.7/site-packages/airflow/example_dags/tutorial_taskflow_api.py took 0.060 seconds
[2025-01-09T23:46:48.519+0000] {processor.py:153} INFO - Started process (PID=2561) to work on /home/airflow/.local/lib/python3.7/site-packages/airflow/example_dags/tutorial_taskflow_api.py
[2025-01-09T23:46:48.519+0000] {processor.py:743} INFO - Processing file /home/airflow/.local/lib/python3.7/site-packages/airflow/example_dags/tutorial_taskflow_api.py for tasks to queue
[2025-01-09T23:46:48.519+0000] {logging_mixin.py:137} INFO - [2025-01-09T23:46:48.519+0000] {dagbag.py:538} INFO - Filling up the DagBag from /home/airflow/.local/lib/python3.7/site-packages/airflow/example_dags/tutorial_taskflow_api.py
[2025-01-09T23:46:48.527+0000] {processor.py:753} INFO - DAG(s) dict_keys(['tutorial_taskflow_api']) retrieved from /home/airflow/.local/lib/python3.7/site-packages/airflow/example_dags/tutorial_taskflow_api.py
[2025-01-09T23:46:48.538+0000] {logging_mixin.py:137} INFO - [2025-01-09T23:46:48.538+0000] {dag.py:2690} INFO - Sync 1 DAGs
[2025-01-09T23:46:48.548+0000] {logging_mixin.py:137} INFO - [2025-01-09T23:46:48.548+0000] {dag.py:3441} INFO - Setting next_dagrun for tutorial_taskflow_api to None, run_after=None
[2025-01-09T23:46:48.556+0000] {processor.py:175} INFO - Processing /home/airflow/.local/lib/python3.7/site-packages/airflow/example_dags/tutorial_taskflow_api.py took 0.039 seconds
[2025-01-09T23:47:19.028+0000] {processor.py:153} INFO - Started process (PID=2652) to work on /home/airflow/.local/lib/python3.7/site-packages/airflow/example_dags/tutorial_taskflow_api.py
[2025-01-09T23:47:19.029+0000] {processor.py:743} INFO - Processing file /home/airflow/.local/lib/python3.7/site-packages/airflow/example_dags/tutorial_taskflow_api.py for tasks to queue
[2025-01-09T23:47:19.029+0000] {logging_mixin.py:137} INFO - [2025-01-09T23:47:19.029+0000] {dagbag.py:538} INFO - Filling up the DagBag from /home/airflow/.local/lib/python3.7/site-packages/airflow/example_dags/tutorial_taskflow_api.py
[2025-01-09T23:47:19.046+0000] {processor.py:753} INFO - DAG(s) dict_keys(['tutorial_taskflow_api']) retrieved from /home/airflow/.local/lib/python3.7/site-packages/airflow/example_dags/tutorial_taskflow_api.py
[2025-01-09T23:47:19.064+0000] {logging_mixin.py:137} INFO - [2025-01-09T23:47:19.063+0000] {dag.py:2690} INFO - Sync 1 DAGs
[2025-01-09T23:47:19.076+0000] {logging_mixin.py:137} INFO - [2025-01-09T23:47:19.076+0000] {dag.py:3441} INFO - Setting next_dagrun for tutorial_taskflow_api to None, run_after=None
[2025-01-09T23:47:19.084+0000] {processor.py:175} INFO - Processing /home/airflow/.local/lib/python3.7/site-packages/airflow/example_dags/tutorial_taskflow_api.py took 0.059 seconds
[2025-01-09T23:47:49.492+0000] {processor.py:153} INFO - Started process (PID=2743) to work on /home/airflow/.local/lib/python3.7/site-packages/airflow/example_dags/tutorial_taskflow_api.py
[2025-01-09T23:47:49.493+0000] {processor.py:743} INFO - Processing file /home/airflow/.local/lib/python3.7/site-packages/airflow/example_dags/tutorial_taskflow_api.py for tasks to queue
[2025-01-09T23:47:49.494+0000] {logging_mixin.py:137} INFO - [2025-01-09T23:47:49.494+0000] {dagbag.py:538} INFO - Filling up the DagBag from /home/airflow/.local/lib/python3.7/site-packages/airflow/example_dags/tutorial_taskflow_api.py
[2025-01-09T23:47:49.512+0000] {processor.py:753} INFO - DAG(s) dict_keys(['tutorial_taskflow_api']) retrieved from /home/airflow/.local/lib/python3.7/site-packages/airflow/example_dags/tutorial_taskflow_api.py
[2025-01-09T23:47:49.525+0000] {logging_mixin.py:137} INFO - [2025-01-09T23:47:49.524+0000] {dag.py:2690} INFO - Sync 1 DAGs
[2025-01-09T23:47:49.537+0000] {logging_mixin.py:137} INFO - [2025-01-09T23:47:49.537+0000] {dag.py:3441} INFO - Setting next_dagrun for tutorial_taskflow_api to None, run_after=None
[2025-01-09T23:47:49.545+0000] {processor.py:175} INFO - Processing /home/airflow/.local/lib/python3.7/site-packages/airflow/example_dags/tutorial_taskflow_api.py took 0.055 seconds
[2025-01-09T23:48:19.996+0000] {processor.py:153} INFO - Started process (PID=2825) to work on /home/airflow/.local/lib/python3.7/site-packages/airflow/example_dags/tutorial_taskflow_api.py
[2025-01-09T23:48:19.997+0000] {processor.py:743} INFO - Processing file /home/airflow/.local/lib/python3.7/site-packages/airflow/example_dags/tutorial_taskflow_api.py for tasks to queue
[2025-01-09T23:48:19.997+0000] {logging_mixin.py:137} INFO - [2025-01-09T23:48:19.997+0000] {dagbag.py:538} INFO - Filling up the DagBag from /home/airflow/.local/lib/python3.7/site-packages/airflow/example_dags/tutorial_taskflow_api.py
[2025-01-09T23:48:20.009+0000] {processor.py:753} INFO - DAG(s) dict_keys(['tutorial_taskflow_api']) retrieved from /home/airflow/.local/lib/python3.7/site-packages/airflow/example_dags/tutorial_taskflow_api.py
[2025-01-09T23:48:20.025+0000] {logging_mixin.py:137} INFO - [2025-01-09T23:48:20.025+0000] {dag.py:2690} INFO - Sync 1 DAGs
[2025-01-09T23:48:20.037+0000] {logging_mixin.py:137} INFO - [2025-01-09T23:48:20.037+0000] {dag.py:3441} INFO - Setting next_dagrun for tutorial_taskflow_api to None, run_after=None
[2025-01-09T23:48:20.045+0000] {processor.py:175} INFO - Processing /home/airflow/.local/lib/python3.7/site-packages/airflow/example_dags/tutorial_taskflow_api.py took 0.050 seconds
[2025-01-09T23:48:50.664+0000] {processor.py:153} INFO - Started process (PID=2909) to work on /home/airflow/.local/lib/python3.7/site-packages/airflow/example_dags/tutorial_taskflow_api.py
[2025-01-09T23:48:50.665+0000] {processor.py:743} INFO - Processing file /home/airflow/.local/lib/python3.7/site-packages/airflow/example_dags/tutorial_taskflow_api.py for tasks to queue
[2025-01-09T23:48:50.666+0000] {logging_mixin.py:137} INFO - [2025-01-09T23:48:50.666+0000] {dagbag.py:538} INFO - Filling up the DagBag from /home/airflow/.local/lib/python3.7/site-packages/airflow/example_dags/tutorial_taskflow_api.py
[2025-01-09T23:48:50.677+0000] {processor.py:753} INFO - DAG(s) dict_keys(['tutorial_taskflow_api']) retrieved from /home/airflow/.local/lib/python3.7/site-packages/airflow/example_dags/tutorial_taskflow_api.py
[2025-01-09T23:48:50.689+0000] {logging_mixin.py:137} INFO - [2025-01-09T23:48:50.689+0000] {dag.py:2690} INFO - Sync 1 DAGs
[2025-01-09T23:48:50.701+0000] {logging_mixin.py:137} INFO - [2025-01-09T23:48:50.700+0000] {dag.py:3441} INFO - Setting next_dagrun for tutorial_taskflow_api to None, run_after=None
[2025-01-09T23:48:50.708+0000] {processor.py:175} INFO - Processing /home/airflow/.local/lib/python3.7/site-packages/airflow/example_dags/tutorial_taskflow_api.py took 0.047 seconds
[2025-01-09T23:49:21.049+0000] {processor.py:153} INFO - Started process (PID=3000) to work on /home/airflow/.local/lib/python3.7/site-packages/airflow/example_dags/tutorial_taskflow_api.py
[2025-01-09T23:49:21.049+0000] {processor.py:743} INFO - Processing file /home/airflow/.local/lib/python3.7/site-packages/airflow/example_dags/tutorial_taskflow_api.py for tasks to queue
[2025-01-09T23:49:21.050+0000] {logging_mixin.py:137} INFO - [2025-01-09T23:49:21.050+0000] {dagbag.py:538} INFO - Filling up the DagBag from /home/airflow/.local/lib/python3.7/site-packages/airflow/example_dags/tutorial_taskflow_api.py
[2025-01-09T23:49:21.060+0000] {processor.py:753} INFO - DAG(s) dict_keys(['tutorial_taskflow_api']) retrieved from /home/airflow/.local/lib/python3.7/site-packages/airflow/example_dags/tutorial_taskflow_api.py
[2025-01-09T23:49:21.077+0000] {logging_mixin.py:137} INFO - [2025-01-09T23:49:21.077+0000] {dag.py:2690} INFO - Sync 1 DAGs
[2025-01-09T23:49:21.088+0000] {logging_mixin.py:137} INFO - [2025-01-09T23:49:21.088+0000] {dag.py:3441} INFO - Setting next_dagrun for tutorial_taskflow_api to None, run_after=None
[2025-01-09T23:49:21.095+0000] {processor.py:175} INFO - Processing /home/airflow/.local/lib/python3.7/site-packages/airflow/example_dags/tutorial_taskflow_api.py took 0.048 seconds
[2025-01-09T23:49:51.553+0000] {processor.py:153} INFO - Started process (PID=3091) to work on /home/airflow/.local/lib/python3.7/site-packages/airflow/example_dags/tutorial_taskflow_api.py
[2025-01-09T23:49:51.554+0000] {processor.py:743} INFO - Processing file /home/airflow/.local/lib/python3.7/site-packages/airflow/example_dags/tutorial_taskflow_api.py for tasks to queue
[2025-01-09T23:49:51.555+0000] {logging_mixin.py:137} INFO - [2025-01-09T23:49:51.555+0000] {dagbag.py:538} INFO - Filling up the DagBag from /home/airflow/.local/lib/python3.7/site-packages/airflow/example_dags/tutorial_taskflow_api.py
[2025-01-09T23:49:51.569+0000] {processor.py:753} INFO - DAG(s) dict_keys(['tutorial_taskflow_api']) retrieved from /home/airflow/.local/lib/python3.7/site-packages/airflow/example_dags/tutorial_taskflow_api.py
[2025-01-09T23:49:51.583+0000] {logging_mixin.py:137} INFO - [2025-01-09T23:49:51.583+0000] {dag.py:2690} INFO - Sync 1 DAGs
[2025-01-09T23:49:51.595+0000] {logging_mixin.py:137} INFO - [2025-01-09T23:49:51.595+0000] {dag.py:3441} INFO - Setting next_dagrun for tutorial_taskflow_api to None, run_after=None
[2025-01-09T23:49:51.603+0000] {processor.py:175} INFO - Processing /home/airflow/.local/lib/python3.7/site-packages/airflow/example_dags/tutorial_taskflow_api.py took 0.053 seconds
[2025-01-09T23:50:22.036+0000] {processor.py:153} INFO - Started process (PID=3182) to work on /home/airflow/.local/lib/python3.7/site-packages/airflow/example_dags/tutorial_taskflow_api.py
[2025-01-09T23:50:22.036+0000] {processor.py:743} INFO - Processing file /home/airflow/.local/lib/python3.7/site-packages/airflow/example_dags/tutorial_taskflow_api.py for tasks to queue
[2025-01-09T23:50:22.039+0000] {logging_mixin.py:137} INFO - [2025-01-09T23:50:22.039+0000] {dagbag.py:538} INFO - Filling up the DagBag from /home/airflow/.local/lib/python3.7/site-packages/airflow/example_dags/tutorial_taskflow_api.py
[2025-01-09T23:50:22.049+0000] {processor.py:753} INFO - DAG(s) dict_keys(['tutorial_taskflow_api']) retrieved from /home/airflow/.local/lib/python3.7/site-packages/airflow/example_dags/tutorial_taskflow_api.py
[2025-01-09T23:50:22.059+0000] {logging_mixin.py:137} INFO - [2025-01-09T23:50:22.059+0000] {dag.py:2690} INFO - Sync 1 DAGs
[2025-01-09T23:50:22.070+0000] {logging_mixin.py:137} INFO - [2025-01-09T23:50:22.070+0000] {dag.py:3441} INFO - Setting next_dagrun for tutorial_taskflow_api to None, run_after=None
[2025-01-09T23:50:22.077+0000] {processor.py:175} INFO - Processing /home/airflow/.local/lib/python3.7/site-packages/airflow/example_dags/tutorial_taskflow_api.py took 0.043 seconds
[2025-01-09T23:50:52.537+0000] {processor.py:153} INFO - Started process (PID=3257) to work on /home/airflow/.local/lib/python3.7/site-packages/airflow/example_dags/tutorial_taskflow_api.py
[2025-01-09T23:50:52.538+0000] {processor.py:743} INFO - Processing file /home/airflow/.local/lib/python3.7/site-packages/airflow/example_dags/tutorial_taskflow_api.py for tasks to queue
[2025-01-09T23:50:52.540+0000] {logging_mixin.py:137} INFO - [2025-01-09T23:50:52.540+0000] {dagbag.py:538} INFO - Filling up the DagBag from /home/airflow/.local/lib/python3.7/site-packages/airflow/example_dags/tutorial_taskflow_api.py
[2025-01-09T23:50:52.554+0000] {processor.py:753} INFO - DAG(s) dict_keys(['tutorial_taskflow_api']) retrieved from /home/airflow/.local/lib/python3.7/site-packages/airflow/example_dags/tutorial_taskflow_api.py
[2025-01-09T23:50:52.567+0000] {logging_mixin.py:137} INFO - [2025-01-09T23:50:52.567+0000] {dag.py:2690} INFO - Sync 1 DAGs
[2025-01-09T23:50:52.579+0000] {logging_mixin.py:137} INFO - [2025-01-09T23:50:52.579+0000] {dag.py:3441} INFO - Setting next_dagrun for tutorial_taskflow_api to None, run_after=None
[2025-01-09T23:50:52.587+0000] {processor.py:175} INFO - Processing /home/airflow/.local/lib/python3.7/site-packages/airflow/example_dags/tutorial_taskflow_api.py took 0.054 seconds
[2025-01-09T23:51:22.976+0000] {processor.py:153} INFO - Started process (PID=3348) to work on /home/airflow/.local/lib/python3.7/site-packages/airflow/example_dags/tutorial_taskflow_api.py
[2025-01-09T23:51:22.977+0000] {processor.py:743} INFO - Processing file /home/airflow/.local/lib/python3.7/site-packages/airflow/example_dags/tutorial_taskflow_api.py for tasks to queue
[2025-01-09T23:51:22.979+0000] {logging_mixin.py:137} INFO - [2025-01-09T23:51:22.978+0000] {dagbag.py:538} INFO - Filling up the DagBag from /home/airflow/.local/lib/python3.7/site-packages/airflow/example_dags/tutorial_taskflow_api.py
[2025-01-09T23:51:22.992+0000] {processor.py:753} INFO - DAG(s) dict_keys(['tutorial_taskflow_api']) retrieved from /home/airflow/.local/lib/python3.7/site-packages/airflow/example_dags/tutorial_taskflow_api.py
[2025-01-09T23:51:23.006+0000] {logging_mixin.py:137} INFO - [2025-01-09T23:51:23.005+0000] {dag.py:2690} INFO - Sync 1 DAGs
[2025-01-09T23:51:23.018+0000] {logging_mixin.py:137} INFO - [2025-01-09T23:51:23.018+0000] {dag.py:3441} INFO - Setting next_dagrun for tutorial_taskflow_api to None, run_after=None
[2025-01-09T23:51:23.027+0000] {processor.py:175} INFO - Processing /home/airflow/.local/lib/python3.7/site-packages/airflow/example_dags/tutorial_taskflow_api.py took 0.054 seconds
[2025-01-09T23:51:53.367+0000] {processor.py:153} INFO - Started process (PID=3439) to work on /home/airflow/.local/lib/python3.7/site-packages/airflow/example_dags/tutorial_taskflow_api.py
[2025-01-09T23:51:53.368+0000] {processor.py:743} INFO - Processing file /home/airflow/.local/lib/python3.7/site-packages/airflow/example_dags/tutorial_taskflow_api.py for tasks to queue
[2025-01-09T23:51:53.370+0000] {logging_mixin.py:137} INFO - [2025-01-09T23:51:53.370+0000] {dagbag.py:538} INFO - Filling up the DagBag from /home/airflow/.local/lib/python3.7/site-packages/airflow/example_dags/tutorial_taskflow_api.py
[2025-01-09T23:51:53.385+0000] {processor.py:753} INFO - DAG(s) dict_keys(['tutorial_taskflow_api']) retrieved from /home/airflow/.local/lib/python3.7/site-packages/airflow/example_dags/tutorial_taskflow_api.py
[2025-01-09T23:51:53.398+0000] {logging_mixin.py:137} INFO - [2025-01-09T23:51:53.398+0000] {dag.py:2690} INFO - Sync 1 DAGs
[2025-01-09T23:51:53.411+0000] {logging_mixin.py:137} INFO - [2025-01-09T23:51:53.410+0000] {dag.py:3441} INFO - Setting next_dagrun for tutorial_taskflow_api to None, run_after=None
[2025-01-09T23:51:53.418+0000] {processor.py:175} INFO - Processing /home/airflow/.local/lib/python3.7/site-packages/airflow/example_dags/tutorial_taskflow_api.py took 0.054 seconds
[2025-01-09T23:52:23.897+0000] {processor.py:153} INFO - Started process (PID=3530) to work on /home/airflow/.local/lib/python3.7/site-packages/airflow/example_dags/tutorial_taskflow_api.py
[2025-01-09T23:52:23.898+0000] {processor.py:743} INFO - Processing file /home/airflow/.local/lib/python3.7/site-packages/airflow/example_dags/tutorial_taskflow_api.py for tasks to queue
[2025-01-09T23:52:23.899+0000] {logging_mixin.py:137} INFO - [2025-01-09T23:52:23.899+0000] {dagbag.py:538} INFO - Filling up the DagBag from /home/airflow/.local/lib/python3.7/site-packages/airflow/example_dags/tutorial_taskflow_api.py
[2025-01-09T23:52:23.915+0000] {processor.py:753} INFO - DAG(s) dict_keys(['tutorial_taskflow_api']) retrieved from /home/airflow/.local/lib/python3.7/site-packages/airflow/example_dags/tutorial_taskflow_api.py
[2025-01-09T23:52:23.935+0000] {logging_mixin.py:137} INFO - [2025-01-09T23:52:23.935+0000] {dag.py:2690} INFO - Sync 1 DAGs
[2025-01-09T23:52:23.955+0000] {logging_mixin.py:137} INFO - [2025-01-09T23:52:23.955+0000] {dag.py:3441} INFO - Setting next_dagrun for tutorial_taskflow_api to None, run_after=None
[2025-01-09T23:52:23.964+0000] {processor.py:175} INFO - Processing /home/airflow/.local/lib/python3.7/site-packages/airflow/example_dags/tutorial_taskflow_api.py took 0.070 seconds
[2025-01-09T23:52:54.525+0000] {processor.py:153} INFO - Started process (PID=3605) to work on /home/airflow/.local/lib/python3.7/site-packages/airflow/example_dags/tutorial_taskflow_api.py
[2025-01-09T23:52:54.525+0000] {processor.py:743} INFO - Processing file /home/airflow/.local/lib/python3.7/site-packages/airflow/example_dags/tutorial_taskflow_api.py for tasks to queue
[2025-01-09T23:52:54.526+0000] {logging_mixin.py:137} INFO - [2025-01-09T23:52:54.526+0000] {dagbag.py:538} INFO - Filling up the DagBag from /home/airflow/.local/lib/python3.7/site-packages/airflow/example_dags/tutorial_taskflow_api.py
[2025-01-09T23:52:54.544+0000] {processor.py:753} INFO - DAG(s) dict_keys(['tutorial_taskflow_api']) retrieved from /home/airflow/.local/lib/python3.7/site-packages/airflow/example_dags/tutorial_taskflow_api.py
[2025-01-09T23:52:54.561+0000] {logging_mixin.py:137} INFO - [2025-01-09T23:52:54.561+0000] {dag.py:2690} INFO - Sync 1 DAGs
[2025-01-09T23:52:54.576+0000] {logging_mixin.py:137} INFO - [2025-01-09T23:52:54.576+0000] {dag.py:3441} INFO - Setting next_dagrun for tutorial_taskflow_api to None, run_after=None
[2025-01-09T23:52:54.586+0000] {processor.py:175} INFO - Processing /home/airflow/.local/lib/python3.7/site-packages/airflow/example_dags/tutorial_taskflow_api.py took 0.064 seconds
[2025-01-09T23:53:25.249+0000] {processor.py:153} INFO - Started process (PID=3696) to work on /home/airflow/.local/lib/python3.7/site-packages/airflow/example_dags/tutorial_taskflow_api.py
[2025-01-09T23:53:25.249+0000] {processor.py:743} INFO - Processing file /home/airflow/.local/lib/python3.7/site-packages/airflow/example_dags/tutorial_taskflow_api.py for tasks to queue
[2025-01-09T23:53:25.251+0000] {logging_mixin.py:137} INFO - [2025-01-09T23:53:25.251+0000] {dagbag.py:538} INFO - Filling up the DagBag from /home/airflow/.local/lib/python3.7/site-packages/airflow/example_dags/tutorial_taskflow_api.py
[2025-01-09T23:53:25.269+0000] {processor.py:753} INFO - DAG(s) dict_keys(['tutorial_taskflow_api']) retrieved from /home/airflow/.local/lib/python3.7/site-packages/airflow/example_dags/tutorial_taskflow_api.py
[2025-01-09T23:53:25.282+0000] {logging_mixin.py:137} INFO - [2025-01-09T23:53:25.282+0000] {dag.py:2690} INFO - Sync 1 DAGs
[2025-01-09T23:53:25.294+0000] {logging_mixin.py:137} INFO - [2025-01-09T23:53:25.294+0000] {dag.py:3441} INFO - Setting next_dagrun for tutorial_taskflow_api to None, run_after=None
[2025-01-09T23:53:25.302+0000] {processor.py:175} INFO - Processing /home/airflow/.local/lib/python3.7/site-packages/airflow/example_dags/tutorial_taskflow_api.py took 0.056 seconds
[2025-01-09T23:53:55.714+0000] {processor.py:153} INFO - Started process (PID=3787) to work on /home/airflow/.local/lib/python3.7/site-packages/airflow/example_dags/tutorial_taskflow_api.py
[2025-01-09T23:53:55.715+0000] {processor.py:743} INFO - Processing file /home/airflow/.local/lib/python3.7/site-packages/airflow/example_dags/tutorial_taskflow_api.py for tasks to queue
[2025-01-09T23:53:55.717+0000] {logging_mixin.py:137} INFO - [2025-01-09T23:53:55.717+0000] {dagbag.py:538} INFO - Filling up the DagBag from /home/airflow/.local/lib/python3.7/site-packages/airflow/example_dags/tutorial_taskflow_api.py
[2025-01-09T23:53:55.732+0000] {processor.py:753} INFO - DAG(s) dict_keys(['tutorial_taskflow_api']) retrieved from /home/airflow/.local/lib/python3.7/site-packages/airflow/example_dags/tutorial_taskflow_api.py
[2025-01-09T23:53:55.749+0000] {logging_mixin.py:137} INFO - [2025-01-09T23:53:55.749+0000] {dag.py:2690} INFO - Sync 1 DAGs
[2025-01-09T23:53:55.761+0000] {logging_mixin.py:137} INFO - [2025-01-09T23:53:55.761+0000] {dag.py:3441} INFO - Setting next_dagrun for tutorial_taskflow_api to None, run_after=None
[2025-01-09T23:53:55.769+0000] {processor.py:175} INFO - Processing /home/airflow/.local/lib/python3.7/site-packages/airflow/example_dags/tutorial_taskflow_api.py took 0.058 seconds
[2025-01-09T23:54:26.209+0000] {processor.py:153} INFO - Started process (PID=3878) to work on /home/airflow/.local/lib/python3.7/site-packages/airflow/example_dags/tutorial_taskflow_api.py
[2025-01-09T23:54:26.210+0000] {processor.py:743} INFO - Processing file /home/airflow/.local/lib/python3.7/site-packages/airflow/example_dags/tutorial_taskflow_api.py for tasks to queue
[2025-01-09T23:54:26.210+0000] {logging_mixin.py:137} INFO - [2025-01-09T23:54:26.210+0000] {dagbag.py:538} INFO - Filling up the DagBag from /home/airflow/.local/lib/python3.7/site-packages/airflow/example_dags/tutorial_taskflow_api.py
[2025-01-09T23:54:26.229+0000] {processor.py:753} INFO - DAG(s) dict_keys(['tutorial_taskflow_api']) retrieved from /home/airflow/.local/lib/python3.7/site-packages/airflow/example_dags/tutorial_taskflow_api.py
[2025-01-09T23:54:26.242+0000] {logging_mixin.py:137} INFO - [2025-01-09T23:54:26.242+0000] {dag.py:2690} INFO - Sync 1 DAGs
[2025-01-09T23:54:26.254+0000] {logging_mixin.py:137} INFO - [2025-01-09T23:54:26.254+0000] {dag.py:3441} INFO - Setting next_dagrun for tutorial_taskflow_api to None, run_after=None
[2025-01-09T23:54:26.262+0000] {processor.py:175} INFO - Processing /home/airflow/.local/lib/python3.7/site-packages/airflow/example_dags/tutorial_taskflow_api.py took 0.056 seconds
[2025-01-09T23:54:56.726+0000] {processor.py:153} INFO - Started process (PID=3962) to work on /home/airflow/.local/lib/python3.7/site-packages/airflow/example_dags/tutorial_taskflow_api.py
[2025-01-09T23:54:56.727+0000] {processor.py:743} INFO - Processing file /home/airflow/.local/lib/python3.7/site-packages/airflow/example_dags/tutorial_taskflow_api.py for tasks to queue
[2025-01-09T23:54:56.727+0000] {logging_mixin.py:137} INFO - [2025-01-09T23:54:56.727+0000] {dagbag.py:538} INFO - Filling up the DagBag from /home/airflow/.local/lib/python3.7/site-packages/airflow/example_dags/tutorial_taskflow_api.py
[2025-01-09T23:54:56.740+0000] {processor.py:753} INFO - DAG(s) dict_keys(['tutorial_taskflow_api']) retrieved from /home/airflow/.local/lib/python3.7/site-packages/airflow/example_dags/tutorial_taskflow_api.py
[2025-01-09T23:54:56.759+0000] {logging_mixin.py:137} INFO - [2025-01-09T23:54:56.759+0000] {dag.py:2690} INFO - Sync 1 DAGs
[2025-01-09T23:54:56.772+0000] {logging_mixin.py:137} INFO - [2025-01-09T23:54:56.772+0000] {dag.py:3441} INFO - Setting next_dagrun for tutorial_taskflow_api to None, run_after=None
[2025-01-09T23:54:56.786+0000] {processor.py:175} INFO - Processing /home/airflow/.local/lib/python3.7/site-packages/airflow/example_dags/tutorial_taskflow_api.py took 0.062 seconds
[2025-01-09T23:55:27.358+0000] {processor.py:153} INFO - Started process (PID=4043) to work on /home/airflow/.local/lib/python3.7/site-packages/airflow/example_dags/tutorial_taskflow_api.py
[2025-01-09T23:55:27.360+0000] {processor.py:743} INFO - Processing file /home/airflow/.local/lib/python3.7/site-packages/airflow/example_dags/tutorial_taskflow_api.py for tasks to queue
[2025-01-09T23:55:27.360+0000] {logging_mixin.py:137} INFO - [2025-01-09T23:55:27.360+0000] {dagbag.py:538} INFO - Filling up the DagBag from /home/airflow/.local/lib/python3.7/site-packages/airflow/example_dags/tutorial_taskflow_api.py
[2025-01-09T23:55:27.377+0000] {processor.py:753} INFO - DAG(s) dict_keys(['tutorial_taskflow_api']) retrieved from /home/airflow/.local/lib/python3.7/site-packages/airflow/example_dags/tutorial_taskflow_api.py
[2025-01-09T23:55:27.392+0000] {logging_mixin.py:137} INFO - [2025-01-09T23:55:27.392+0000] {dag.py:2690} INFO - Sync 1 DAGs
[2025-01-09T23:55:27.404+0000] {logging_mixin.py:137} INFO - [2025-01-09T23:55:27.404+0000] {dag.py:3441} INFO - Setting next_dagrun for tutorial_taskflow_api to None, run_after=None
[2025-01-09T23:55:27.416+0000] {processor.py:175} INFO - Processing /home/airflow/.local/lib/python3.7/site-packages/airflow/example_dags/tutorial_taskflow_api.py took 0.061 seconds
