[2025-05-16T10:38:23.539+0000] {taskinstance.py:1083} INFO - Dependencies all met for <TaskInstance: group_dag.downloads.download_c scheduled__2025-05-15T00:00:00+00:00 [queued]>
[2025-05-16T10:38:23.609+0000] {taskinstance.py:1083} INFO - Dependencies all met for <TaskInstance: group_dag.downloads.download_c scheduled__2025-05-15T00:00:00+00:00 [queued]>
[2025-05-16T10:38:23.610+0000] {taskinstance.py:1279} INFO - 
--------------------------------------------------------------------------------
[2025-05-16T10:38:23.610+0000] {taskinstance.py:1280} INFO - Starting attempt 1 of 1
[2025-05-16T10:38:23.612+0000] {taskinstance.py:1281} INFO - 
--------------------------------------------------------------------------------
[2025-05-16T10:38:23.773+0000] {taskinstance.py:1300} INFO - Executing <Task(BashOperator): downloads.download_c> on 2025-05-15 00:00:00+00:00
[2025-05-16T10:38:23.788+0000] {standard_task_runner.py:55} INFO - Started process 57094 to run task
[2025-05-16T10:38:23.798+0000] {standard_task_runner.py:82} INFO - Running: ['***', 'tasks', 'run', 'group_dag', 'downloads.download_c', 'scheduled__2025-05-15T00:00:00+00:00', '--job-id', '306', '--raw', '--subdir', 'DAGS_FOLDER/group_dags.py', '--cfg-path', '/tmp/tmps67n2dp8']
[2025-05-16T10:38:23.802+0000] {standard_task_runner.py:83} INFO - Job 306: Subtask downloads.download_c
[2025-05-16T10:38:24.081+0000] {task_command.py:388} INFO - Running <TaskInstance: group_dag.downloads.download_c scheduled__2025-05-15T00:00:00+00:00 [running]> on host b1064f4ed60e
[2025-05-16T10:38:24.359+0000] {taskinstance.py:1509} INFO - Exporting the following env vars:
AIRFLOW_CTX_DAG_OWNER=***
AIRFLOW_CTX_DAG_ID=group_dag
AIRFLOW_CTX_TASK_ID=downloads.download_c
AIRFLOW_CTX_EXECUTION_DATE=2025-05-15T00:00:00+00:00
AIRFLOW_CTX_TRY_NUMBER=1
AIRFLOW_CTX_DAG_RUN_ID=scheduled__2025-05-15T00:00:00+00:00
[2025-05-16T10:38:24.364+0000] {subprocess.py:63} INFO - Tmp dir root location: 
 /tmp
[2025-05-16T10:38:24.372+0000] {subprocess.py:75} INFO - Running command: ['/bin/bash', '-c', 'sleep 5']
[2025-05-16T10:38:24.406+0000] {subprocess.py:86} INFO - Output:
[2025-05-16T10:38:29.545+0000] {subprocess.py:97} INFO - Command exited with return code 0
[2025-05-16T10:38:29.575+0000] {taskinstance.py:1323} INFO - Marking task as SUCCESS. dag_id=group_dag, task_id=downloads.download_c, execution_date=20250515T000000, start_date=20250516T103823, end_date=20250516T103829
[2025-05-16T10:38:29.618+0000] {local_task_job.py:208} INFO - Task exited with return code 0
[2025-05-16T10:38:29.635+0000] {taskinstance.py:2578} INFO - 0 downstream tasks scheduled from follow-on schedule check
