[2025-05-25T00:14:35.875+0000] {taskinstance.py:1083} INFO - Dependencies all met for <TaskInstance: xcom_dag.branch scheduled__2025-05-24T00:00:00+00:00 [queued]>
[2025-05-25T00:14:35.879+0000] {taskinstance.py:1083} INFO - Dependencies all met for <TaskInstance: xcom_dag.branch scheduled__2025-05-24T00:00:00+00:00 [queued]>
[2025-05-25T00:14:35.879+0000] {taskinstance.py:1279} INFO - 
--------------------------------------------------------------------------------
[2025-05-25T00:14:35.879+0000] {taskinstance.py:1280} INFO - Starting attempt 1 of 1
[2025-05-25T00:14:35.879+0000] {taskinstance.py:1281} INFO - 
--------------------------------------------------------------------------------
[2025-05-25T00:14:35.887+0000] {taskinstance.py:1300} INFO - Executing <Task(BranchPythonOperator): branch> on 2025-05-24 00:00:00+00:00
[2025-05-25T00:14:35.890+0000] {standard_task_runner.py:55} INFO - Started process 36265 to run task
[2025-05-25T00:14:35.892+0000] {standard_task_runner.py:82} INFO - Running: ['***', 'tasks', 'run', 'xcom_dag', 'branch', 'scheduled__2025-05-24T00:00:00+00:00', '--job-id', '521', '--raw', '--subdir', 'DAGS_FOLDER/xcom_dags.py', '--cfg-path', '/tmp/tmp2lv21qun']
[2025-05-25T00:14:35.893+0000] {standard_task_runner.py:83} INFO - Job 521: Subtask branch
[2025-05-25T00:14:35.920+0000] {task_command.py:388} INFO - Running <TaskInstance: xcom_dag.branch scheduled__2025-05-24T00:00:00+00:00 [running]> on host 74c05f868d26
[2025-05-25T00:14:35.947+0000] {taskinstance.py:1509} INFO - Exporting the following env vars:
AIRFLOW_CTX_DAG_OWNER=***
AIRFLOW_CTX_DAG_ID=xcom_dag
AIRFLOW_CTX_TASK_ID=branch
AIRFLOW_CTX_EXECUTION_DATE=2025-05-24T00:00:00+00:00
AIRFLOW_CTX_TRY_NUMBER=1
AIRFLOW_CTX_DAG_RUN_ID=scheduled__2025-05-24T00:00:00+00:00
[2025-05-25T00:14:35.952+0000] {python.py:177} INFO - Done. Returned value was: t2
[2025-05-25T00:14:35.952+0000] {python.py:211} INFO - Branch callable return t2
[2025-05-25T00:14:35.952+0000] {skipmixin.py:155} INFO - Following branch t2
[2025-05-25T00:14:35.952+0000] {skipmixin.py:211} INFO - Skipping tasks ['t3']
[2025-05-25T00:14:35.966+0000] {taskinstance.py:1323} INFO - Marking task as SUCCESS. dag_id=xcom_dag, task_id=branch, execution_date=20250524T000000, start_date=20250525T001435, end_date=20250525T001435
[2025-05-25T00:14:35.991+0000] {local_task_job.py:208} INFO - Task exited with return code 0
[2025-05-25T00:14:36.009+0000] {taskinstance.py:2578} INFO - 1 downstream tasks scheduled from follow-on schedule check
