[2025-05-02T19:22:34.169+0000] {taskinstance.py:1083} INFO - Dependencies all met for <TaskInstance: user_processing.extract_user_data manual__2025-05-02T19:22:30.159726+00:00 [queued]>
[2025-05-02T19:22:34.173+0000] {taskinstance.py:1083} INFO - Dependencies all met for <TaskInstance: user_processing.extract_user_data manual__2025-05-02T19:22:30.159726+00:00 [queued]>
[2025-05-02T19:22:34.173+0000] {taskinstance.py:1279} INFO - 
--------------------------------------------------------------------------------
[2025-05-02T19:22:34.173+0000] {taskinstance.py:1280} INFO - Starting attempt 1 of 1
[2025-05-02T19:22:34.173+0000] {taskinstance.py:1281} INFO - 
--------------------------------------------------------------------------------
[2025-05-02T19:22:34.178+0000] {taskinstance.py:1300} INFO - Executing <Task(SimpleHttpOperator): extract_user_data> on 2025-05-02 19:22:30.159726+00:00
[2025-05-02T19:22:34.180+0000] {standard_task_runner.py:55} INFO - Started process 2088 to run task
[2025-05-02T19:22:34.182+0000] {standard_task_runner.py:82} INFO - Running: ['***', 'tasks', 'run', 'user_processing', 'extract_user_data', 'manual__2025-05-02T19:22:30.159726+00:00', '--job-id', '62', '--raw', '--subdir', 'DAGS_FOLDER/user_processing.py', '--cfg-path', '/tmp/tmpmap_4hm7']
[2025-05-02T19:22:34.182+0000] {standard_task_runner.py:83} INFO - Job 62: Subtask extract_user_data
[2025-05-02T19:22:34.205+0000] {task_command.py:388} INFO - Running <TaskInstance: user_processing.extract_user_data manual__2025-05-02T19:22:30.159726+00:00 [running]> on host b08efc87d46b
[2025-05-02T19:22:34.229+0000] {taskinstance.py:1509} INFO - Exporting the following env vars:
AIRFLOW_CTX_DAG_OWNER=***
AIRFLOW_CTX_DAG_ID=user_processing
AIRFLOW_CTX_TASK_ID=extract_user_data
AIRFLOW_CTX_EXECUTION_DATE=2025-05-02T19:22:30.159726+00:00
AIRFLOW_CTX_TRY_NUMBER=1
AIRFLOW_CTX_DAG_RUN_ID=manual__2025-05-02T19:22:30.159726+00:00
[2025-05-02T19:22:34.230+0000] {http.py:123} INFO - Calling HTTP method
[2025-05-02T19:22:34.233+0000] {base.py:73} INFO - Using connection ID 'user_api' for task execution.
[2025-05-02T19:22:34.744+0000] {warnings.py:110} WARNING - /home/***/.local/lib/python3.7/site-packages/urllib3/connectionpool.py:1052: InsecureRequestWarning: Unverified HTTPS request is being made to host 'randomuser.me'. Adding certificate verification is strongly advised. See: https://urllib3.readthedocs.io/en/1.26.x/advanced-usage.html#ssl-warnings
  InsecureRequestWarning,

[2025-05-02T19:22:35.033+0000] {http.py:127} INFO - {"results":[{"gender":"female","name":{"title":"Mrs","first":"Gordana","last":"Bekić"},"location":{"street":{"number":961,"name":"Blačka"},"city":"Žitorađa","state":"Braničevo","country":"Serbia","postcode":60718,"coordinates":{"latitude":"60.9983","longitude":"87.1451"},"timezone":{"offset":"+4:00","description":"Abu Dhabi, Muscat, Baku, Tbilisi"}},"email":"gordana.bekic@example.com","login":{"uuid":"408a11f0-92b0-42f3-bdf5-23ecd51d8c4a","username":"goldencat286","password":"watcher","salt":"iUck7o82","md5":"2825d750a9ebe5158000e5ce2a8b9f31","sha1":"57377331b82ea0b965f0ff0ba1d424dd84a16565","sha256":"c9efc7fd3e0cfee32dfce0dc2ea5a1a60710614bf9eca7a838630c2a49d1ab43"},"dob":{"date":"1995-06-14T19:40:01.867Z","age":29},"registered":{"date":"2018-04-09T19:29:18.707Z","age":7},"phone":"020-8572-681","cell":"066-5277-589","id":{"name":"SID","value":"875591793"},"picture":{"large":"https://randomuser.me/api/portraits/women/80.jpg","medium":"https://randomuser.me/api/portraits/med/women/80.jpg","thumbnail":"https://randomuser.me/api/portraits/thumb/women/80.jpg"},"nat":"RS"}],"info":{"seed":"1a1a1967b6e9b6b9","results":1,"page":1,"version":"1.4"}}
[2025-05-02T19:22:35.131+0000] {taskinstance.py:1323} INFO - Marking task as SUCCESS. dag_id=user_processing, task_id=extract_user_data, execution_date=20250502T192230, start_date=20250502T192234, end_date=20250502T192235
[2025-05-02T19:22:35.142+0000] {local_task_job.py:208} INFO - Task exited with return code 0
[2025-05-02T19:22:35.155+0000] {taskinstance.py:2578} INFO - 1 downstream tasks scheduled from follow-on schedule check
