[2025-05-25T00:14:52.102+0000] {taskinstance.py:1083} INFO - Dependencies all met for <TaskInstance: group_dag.transform.transform_c scheduled__2025-05-24T00:00:00+00:00 [queued]>
[2025-05-25T00:14:52.108+0000] {taskinstance.py:1083} INFO - Dependencies all met for <TaskInstance: group_dag.transform.transform_c scheduled__2025-05-24T00:00:00+00:00 [queued]>
[2025-05-25T00:14:52.108+0000] {taskinstance.py:1279} INFO - 
--------------------------------------------------------------------------------
[2025-05-25T00:14:52.108+0000] {taskinstance.py:1280} INFO - Starting attempt 1 of 1
[2025-05-25T00:14:52.108+0000] {taskinstance.py:1281} INFO - 
--------------------------------------------------------------------------------
[2025-05-25T00:14:52.114+0000] {taskinstance.py:1300} INFO - Executing <Task(BashOperator): transform.transform_c> on 2025-05-24 00:00:00+00:00
[2025-05-25T00:14:52.117+0000] {standard_task_runner.py:55} INFO - Started process 36336 to run task
[2025-05-25T00:14:52.118+0000] {standard_task_runner.py:82} INFO - Running: ['***', 'tasks', 'run', 'group_dag', 'transform.transform_c', 'scheduled__2025-05-24T00:00:00+00:00', '--job-id', '532', '--raw', '--subdir', 'DAGS_FOLDER/group_dags.py', '--cfg-path', '/tmp/tmpnskjr6kt']
[2025-05-25T00:14:52.119+0000] {standard_task_runner.py:83} INFO - Job 532: Subtask transform.transform_c
[2025-05-25T00:14:52.144+0000] {task_command.py:388} INFO - Running <TaskInstance: group_dag.transform.transform_c scheduled__2025-05-24T00:00:00+00:00 [running]> on host 74c05f868d26
[2025-05-25T00:14:52.174+0000] {taskinstance.py:1509} INFO - Exporting the following env vars:
AIRFLOW_CTX_DAG_OWNER=***
AIRFLOW_CTX_DAG_ID=group_dag
AIRFLOW_CTX_TASK_ID=transform.transform_c
AIRFLOW_CTX_EXECUTION_DATE=2025-05-24T00:00:00+00:00
AIRFLOW_CTX_TRY_NUMBER=1
AIRFLOW_CTX_DAG_RUN_ID=scheduled__2025-05-24T00:00:00+00:00
[2025-05-25T00:14:52.175+0000] {subprocess.py:63} INFO - Tmp dir root location: 
 /tmp
[2025-05-25T00:14:52.176+0000] {subprocess.py:75} INFO - Running command: ['/bin/bash', '-c', 'sleep 10']
[2025-05-25T00:14:52.181+0000] {subprocess.py:86} INFO - Output:
[2025-05-25T00:15:02.186+0000] {subprocess.py:97} INFO - Command exited with return code 0
[2025-05-25T00:15:02.215+0000] {taskinstance.py:1323} INFO - Marking task as SUCCESS. dag_id=group_dag, task_id=transform.transform_c, execution_date=20250524T000000, start_date=20250525T001452, end_date=20250525T001502
[2025-05-25T00:15:02.231+0000] {local_task_job.py:208} INFO - Task exited with return code 0
[2025-05-25T00:15:02.244+0000] {taskinstance.py:2578} INFO - 0 downstream tasks scheduled from follow-on schedule check
