[2025-05-31T22:28:18.352+0000] {processor.py:153} INFO - Started process (PID=79493) to work on /opt/airflow/dags/consumer.py
[2025-05-31T22:28:18.395+0000] {processor.py:743} INFO - Processing file /opt/airflow/dags/consumer.py for tasks to queue
[2025-05-31T22:28:18.403+0000] {logging_mixin.py:137} INFO - [2025-05-31T22:28:18.403+0000] {dagbag.py:538} INFO - Filling up the DagBag from /opt/airflow/dags/consumer.py
[2025-05-31T22:28:18.458+0000] {processor.py:753} INFO - DAG(s) dict_keys(['consumer']) retrieved from /opt/airflow/dags/consumer.py
[2025-05-31T22:28:18.634+0000] {logging_mixin.py:137} INFO - [2025-05-31T22:28:18.634+0000] {dag.py:2690} INFO - Sync 1 DAGs
[2025-05-31T22:28:18.802+0000] {logging_mixin.py:137} INFO - [2025-05-31T22:28:18.802+0000] {dag.py:3441} INFO - Setting next_dagrun for consumer to None, run_after=None
[2025-05-31T22:28:18.926+0000] {processor.py:175} INFO - Processing /opt/airflow/dags/consumer.py took 0.588 seconds
[2025-05-31T22:28:49.888+0000] {processor.py:153} INFO - Started process (PID=79553) to work on /opt/airflow/dags/consumer.py
[2025-05-31T22:28:49.889+0000] {processor.py:743} INFO - Processing file /opt/airflow/dags/consumer.py for tasks to queue
[2025-05-31T22:28:49.890+0000] {logging_mixin.py:137} INFO - [2025-05-31T22:28:49.889+0000] {dagbag.py:538} INFO - Filling up the DagBag from /opt/airflow/dags/consumer.py
[2025-05-31T22:28:49.906+0000] {processor.py:753} INFO - DAG(s) dict_keys(['consumer']) retrieved from /opt/airflow/dags/consumer.py
[2025-05-31T22:28:49.930+0000] {logging_mixin.py:137} INFO - [2025-05-31T22:28:49.930+0000] {dag.py:2690} INFO - Sync 1 DAGs
[2025-05-31T22:28:49.947+0000] {logging_mixin.py:137} INFO - [2025-05-31T22:28:49.947+0000] {dag.py:3441} INFO - Setting next_dagrun for consumer to None, run_after=None
[2025-05-31T22:28:49.968+0000] {processor.py:175} INFO - Processing /opt/airflow/dags/consumer.py took 0.082 seconds
[2025-05-31T22:29:20.464+0000] {processor.py:153} INFO - Started process (PID=79611) to work on /opt/airflow/dags/consumer.py
[2025-05-31T22:29:20.465+0000] {processor.py:743} INFO - Processing file /opt/airflow/dags/consumer.py for tasks to queue
[2025-05-31T22:29:20.466+0000] {logging_mixin.py:137} INFO - [2025-05-31T22:29:20.466+0000] {dagbag.py:538} INFO - Filling up the DagBag from /opt/airflow/dags/consumer.py
[2025-05-31T22:29:20.484+0000] {processor.py:753} INFO - DAG(s) dict_keys(['consumer']) retrieved from /opt/airflow/dags/consumer.py
[2025-05-31T22:29:20.501+0000] {logging_mixin.py:137} INFO - [2025-05-31T22:29:20.501+0000] {dag.py:2690} INFO - Sync 1 DAGs
[2025-05-31T22:29:20.513+0000] {logging_mixin.py:137} INFO - [2025-05-31T22:29:20.513+0000] {dag.py:3441} INFO - Setting next_dagrun for consumer to None, run_after=None
[2025-05-31T22:29:20.533+0000] {processor.py:175} INFO - Processing /opt/airflow/dags/consumer.py took 0.072 seconds
[2025-05-31T22:29:51.067+0000] {processor.py:153} INFO - Started process (PID=79654) to work on /opt/airflow/dags/consumer.py
[2025-05-31T22:29:51.068+0000] {processor.py:743} INFO - Processing file /opt/airflow/dags/consumer.py for tasks to queue
[2025-05-31T22:29:51.069+0000] {logging_mixin.py:137} INFO - [2025-05-31T22:29:51.069+0000] {dagbag.py:538} INFO - Filling up the DagBag from /opt/airflow/dags/consumer.py
[2025-05-31T22:29:51.085+0000] {processor.py:753} INFO - DAG(s) dict_keys(['consumer']) retrieved from /opt/airflow/dags/consumer.py
[2025-05-31T22:29:51.104+0000] {logging_mixin.py:137} INFO - [2025-05-31T22:29:51.104+0000] {dag.py:2690} INFO - Sync 1 DAGs
[2025-05-31T22:29:51.115+0000] {logging_mixin.py:137} INFO - [2025-05-31T22:29:51.115+0000] {dag.py:3441} INFO - Setting next_dagrun for consumer to None, run_after=None
[2025-05-31T22:29:51.127+0000] {processor.py:175} INFO - Processing /opt/airflow/dags/consumer.py took 0.063 seconds
[2025-05-31T22:30:21.750+0000] {processor.py:153} INFO - Started process (PID=79713) to work on /opt/airflow/dags/consumer.py
[2025-05-31T22:30:21.751+0000] {processor.py:743} INFO - Processing file /opt/airflow/dags/consumer.py for tasks to queue
[2025-05-31T22:30:21.751+0000] {logging_mixin.py:137} INFO - [2025-05-31T22:30:21.751+0000] {dagbag.py:538} INFO - Filling up the DagBag from /opt/airflow/dags/consumer.py
[2025-05-31T22:30:21.766+0000] {processor.py:753} INFO - DAG(s) dict_keys(['consumer']) retrieved from /opt/airflow/dags/consumer.py
[2025-05-31T22:30:21.780+0000] {logging_mixin.py:137} INFO - [2025-05-31T22:30:21.780+0000] {dag.py:2690} INFO - Sync 1 DAGs
[2025-05-31T22:30:21.798+0000] {logging_mixin.py:137} INFO - [2025-05-31T22:30:21.798+0000] {dag.py:3441} INFO - Setting next_dagrun for consumer to None, run_after=None
[2025-05-31T22:30:21.809+0000] {processor.py:175} INFO - Processing /opt/airflow/dags/consumer.py took 0.063 seconds
[2025-05-31T22:30:52.294+0000] {processor.py:153} INFO - Started process (PID=79772) to work on /opt/airflow/dags/consumer.py
[2025-05-31T22:30:52.295+0000] {processor.py:743} INFO - Processing file /opt/airflow/dags/consumer.py for tasks to queue
[2025-05-31T22:30:52.295+0000] {logging_mixin.py:137} INFO - [2025-05-31T22:30:52.295+0000] {dagbag.py:538} INFO - Filling up the DagBag from /opt/airflow/dags/consumer.py
[2025-05-31T22:30:52.313+0000] {processor.py:753} INFO - DAG(s) dict_keys(['consumer']) retrieved from /opt/airflow/dags/consumer.py
[2025-05-31T22:30:52.334+0000] {logging_mixin.py:137} INFO - [2025-05-31T22:30:52.334+0000] {dag.py:2690} INFO - Sync 1 DAGs
[2025-05-31T22:30:52.351+0000] {logging_mixin.py:137} INFO - [2025-05-31T22:30:52.350+0000] {dag.py:3441} INFO - Setting next_dagrun for consumer to None, run_after=None
[2025-05-31T22:30:52.367+0000] {processor.py:175} INFO - Processing /opt/airflow/dags/consumer.py took 0.077 seconds
[2025-05-31T22:31:22.841+0000] {processor.py:153} INFO - Started process (PID=79831) to work on /opt/airflow/dags/consumer.py
[2025-05-31T22:31:22.841+0000] {processor.py:743} INFO - Processing file /opt/airflow/dags/consumer.py for tasks to queue
[2025-05-31T22:31:22.842+0000] {logging_mixin.py:137} INFO - [2025-05-31T22:31:22.842+0000] {dagbag.py:538} INFO - Filling up the DagBag from /opt/airflow/dags/consumer.py
[2025-05-31T22:31:22.857+0000] {processor.py:753} INFO - DAG(s) dict_keys(['consumer']) retrieved from /opt/airflow/dags/consumer.py
[2025-05-31T22:31:22.873+0000] {logging_mixin.py:137} INFO - [2025-05-31T22:31:22.873+0000] {dag.py:2690} INFO - Sync 1 DAGs
[2025-05-31T22:31:22.885+0000] {logging_mixin.py:137} INFO - [2025-05-31T22:31:22.885+0000] {dag.py:3441} INFO - Setting next_dagrun for consumer to None, run_after=None
[2025-05-31T22:31:22.896+0000] {processor.py:175} INFO - Processing /opt/airflow/dags/consumer.py took 0.059 seconds
[2025-05-31T22:31:53.365+0000] {processor.py:153} INFO - Started process (PID=79874) to work on /opt/airflow/dags/consumer.py
[2025-05-31T22:31:53.367+0000] {processor.py:743} INFO - Processing file /opt/airflow/dags/consumer.py for tasks to queue
[2025-05-31T22:31:53.367+0000] {logging_mixin.py:137} INFO - [2025-05-31T22:31:53.367+0000] {dagbag.py:538} INFO - Filling up the DagBag from /opt/airflow/dags/consumer.py
[2025-05-31T22:31:53.387+0000] {processor.py:753} INFO - DAG(s) dict_keys(['consumer']) retrieved from /opt/airflow/dags/consumer.py
[2025-05-31T22:31:53.405+0000] {logging_mixin.py:137} INFO - [2025-05-31T22:31:53.405+0000] {dag.py:2690} INFO - Sync 1 DAGs
[2025-05-31T22:31:53.421+0000] {logging_mixin.py:137} INFO - [2025-05-31T22:31:53.421+0000] {dag.py:3441} INFO - Setting next_dagrun for consumer to None, run_after=None
[2025-05-31T22:31:53.437+0000] {processor.py:175} INFO - Processing /opt/airflow/dags/consumer.py took 0.077 seconds
[2025-05-31T22:33:51.687+0000] {processor.py:153} INFO - Started process (PID=79925) to work on /opt/airflow/dags/consumer.py
[2025-05-31T22:33:51.691+0000] {processor.py:743} INFO - Processing file /opt/airflow/dags/consumer.py for tasks to queue
[2025-05-31T22:33:51.695+0000] {logging_mixin.py:137} INFO - [2025-05-31T22:33:51.695+0000] {dagbag.py:538} INFO - Filling up the DagBag from /opt/airflow/dags/consumer.py
[2025-05-31T22:33:51.735+0000] {processor.py:753} INFO - DAG(s) dict_keys(['consumer']) retrieved from /opt/airflow/dags/consumer.py
[2025-05-31T22:33:51.759+0000] {logging_mixin.py:137} INFO - [2025-05-31T22:33:51.759+0000] {dag.py:2690} INFO - Sync 1 DAGs
[2025-05-31T22:33:51.775+0000] {logging_mixin.py:137} INFO - [2025-05-31T22:33:51.775+0000] {dag.py:3441} INFO - Setting next_dagrun for consumer to None, run_after=None
[2025-05-31T22:33:51.802+0000] {processor.py:175} INFO - Processing /opt/airflow/dags/consumer.py took 0.118 seconds
