[2025-05-31T22:28:18.886+0000] {processor.py:153} INFO - Started process (PID=79495) to work on /opt/airflow/dags/producer_astro.py
[2025-05-31T22:28:18.889+0000] {processor.py:743} INFO - Processing file /opt/airflow/dags/producer_astro.py for tasks to queue
[2025-05-31T22:28:18.890+0000] {logging_mixin.py:137} INFO - [2025-05-31T22:28:18.890+0000] {dagbag.py:538} INFO - Filling up the DagBag from /opt/airflow/dags/producer_astro.py
[2025-05-31T22:28:19.173+0000] {processor.py:753} INFO - DAG(s) dict_keys(['producer_astro']) retrieved from /opt/airflow/dags/producer_astro.py
[2025-05-31T22:28:19.247+0000] {logging_mixin.py:137} INFO - [2025-05-31T22:28:19.247+0000] {dag.py:2690} INFO - Sync 1 DAGs
[2025-05-31T22:28:19.469+0000] {logging_mixin.py:137} INFO - [2025-05-31T22:28:19.469+0000] {dag.py:3441} INFO - Setting next_dagrun for producer_astro to 2025-05-31T00:00:00+00:00, run_after=2025-06-01T00:00:00+00:00
[2025-05-31T22:28:19.590+0000] {processor.py:175} INFO - Processing /opt/airflow/dags/producer_astro.py took 0.712 seconds
[2025-05-31T22:28:49.890+0000] {processor.py:153} INFO - Started process (PID=79554) to work on /opt/airflow/dags/producer_astro.py
[2025-05-31T22:28:49.891+0000] {processor.py:743} INFO - Processing file /opt/airflow/dags/producer_astro.py for tasks to queue
[2025-05-31T22:28:49.891+0000] {logging_mixin.py:137} INFO - [2025-05-31T22:28:49.891+0000] {dagbag.py:538} INFO - Filling up the DagBag from /opt/airflow/dags/producer_astro.py
[2025-05-31T22:28:49.914+0000] {processor.py:753} INFO - DAG(s) dict_keys(['producer_astro']) retrieved from /opt/airflow/dags/producer_astro.py
[2025-05-31T22:28:49.941+0000] {logging_mixin.py:137} INFO - [2025-05-31T22:28:49.941+0000] {dag.py:2690} INFO - Sync 1 DAGs
[2025-05-31T22:28:49.960+0000] {logging_mixin.py:137} INFO - [2025-05-31T22:28:49.959+0000] {dag.py:3441} INFO - Setting next_dagrun for producer_astro to 2025-05-31T00:00:00+00:00, run_after=2025-06-01T00:00:00+00:00
[2025-05-31T22:28:49.978+0000] {processor.py:175} INFO - Processing /opt/airflow/dags/producer_astro.py took 0.090 seconds
[2025-05-31T22:29:20.467+0000] {processor.py:153} INFO - Started process (PID=79612) to work on /opt/airflow/dags/producer_astro.py
[2025-05-31T22:29:20.468+0000] {processor.py:743} INFO - Processing file /opt/airflow/dags/producer_astro.py for tasks to queue
[2025-05-31T22:29:20.471+0000] {logging_mixin.py:137} INFO - [2025-05-31T22:29:20.471+0000] {dagbag.py:538} INFO - Filling up the DagBag from /opt/airflow/dags/producer_astro.py
[2025-05-31T22:29:20.489+0000] {processor.py:753} INFO - DAG(s) dict_keys(['producer_astro']) retrieved from /opt/airflow/dags/producer_astro.py
[2025-05-31T22:29:20.506+0000] {logging_mixin.py:137} INFO - [2025-05-31T22:29:20.506+0000] {dag.py:2690} INFO - Sync 1 DAGs
[2025-05-31T22:29:20.520+0000] {logging_mixin.py:137} INFO - [2025-05-31T22:29:20.520+0000] {dag.py:3441} INFO - Setting next_dagrun for producer_astro to 2025-05-31T00:00:00+00:00, run_after=2025-06-01T00:00:00+00:00
[2025-05-31T22:29:20.540+0000] {processor.py:175} INFO - Processing /opt/airflow/dags/producer_astro.py took 0.076 seconds
[2025-05-31T22:29:51.069+0000] {processor.py:153} INFO - Started process (PID=79655) to work on /opt/airflow/dags/producer_astro.py
[2025-05-31T22:29:51.069+0000] {processor.py:743} INFO - Processing file /opt/airflow/dags/producer_astro.py for tasks to queue
[2025-05-31T22:29:51.071+0000] {logging_mixin.py:137} INFO - [2025-05-31T22:29:51.071+0000] {dagbag.py:538} INFO - Filling up the DagBag from /opt/airflow/dags/producer_astro.py
[2025-05-31T22:29:51.086+0000] {processor.py:753} INFO - DAG(s) dict_keys(['producer_astro']) retrieved from /opt/airflow/dags/producer_astro.py
[2025-05-31T22:29:51.102+0000] {logging_mixin.py:137} INFO - [2025-05-31T22:29:51.102+0000] {dag.py:2690} INFO - Sync 1 DAGs
[2025-05-31T22:29:51.115+0000] {logging_mixin.py:137} INFO - [2025-05-31T22:29:51.115+0000] {dag.py:3441} INFO - Setting next_dagrun for producer_astro to 2025-05-31T00:00:00+00:00, run_after=2025-06-01T00:00:00+00:00
[2025-05-31T22:29:51.130+0000] {processor.py:175} INFO - Processing /opt/airflow/dags/producer_astro.py took 0.065 seconds
[2025-05-31T22:30:21.754+0000] {processor.py:153} INFO - Started process (PID=79714) to work on /opt/airflow/dags/producer_astro.py
[2025-05-31T22:30:21.757+0000] {processor.py:743} INFO - Processing file /opt/airflow/dags/producer_astro.py for tasks to queue
[2025-05-31T22:30:21.757+0000] {logging_mixin.py:137} INFO - [2025-05-31T22:30:21.757+0000] {dagbag.py:538} INFO - Filling up the DagBag from /opt/airflow/dags/producer_astro.py
[2025-05-31T22:30:21.773+0000] {processor.py:753} INFO - DAG(s) dict_keys(['producer_astro']) retrieved from /opt/airflow/dags/producer_astro.py
[2025-05-31T22:30:21.795+0000] {logging_mixin.py:137} INFO - [2025-05-31T22:30:21.795+0000] {dag.py:2690} INFO - Sync 1 DAGs
[2025-05-31T22:30:21.806+0000] {logging_mixin.py:137} INFO - [2025-05-31T22:30:21.806+0000] {dag.py:3441} INFO - Setting next_dagrun for producer_astro to 2025-05-31T00:00:00+00:00, run_after=2025-06-01T00:00:00+00:00
[2025-05-31T22:30:21.817+0000] {processor.py:175} INFO - Processing /opt/airflow/dags/producer_astro.py took 0.065 seconds
[2025-05-31T22:30:52.296+0000] {processor.py:153} INFO - Started process (PID=79773) to work on /opt/airflow/dags/producer_astro.py
[2025-05-31T22:30:52.297+0000] {processor.py:743} INFO - Processing file /opt/airflow/dags/producer_astro.py for tasks to queue
[2025-05-31T22:30:52.298+0000] {logging_mixin.py:137} INFO - [2025-05-31T22:30:52.298+0000] {dagbag.py:538} INFO - Filling up the DagBag from /opt/airflow/dags/producer_astro.py
[2025-05-31T22:30:52.318+0000] {processor.py:753} INFO - DAG(s) dict_keys(['producer_astro']) retrieved from /opt/airflow/dags/producer_astro.py
[2025-05-31T22:30:52.336+0000] {logging_mixin.py:137} INFO - [2025-05-31T22:30:52.336+0000] {dag.py:2690} INFO - Sync 1 DAGs
[2025-05-31T22:30:52.352+0000] {logging_mixin.py:137} INFO - [2025-05-31T22:30:52.352+0000] {dag.py:3441} INFO - Setting next_dagrun for producer_astro to 2025-05-31T00:00:00+00:00, run_after=2025-06-01T00:00:00+00:00
[2025-05-31T22:30:52.372+0000] {processor.py:175} INFO - Processing /opt/airflow/dags/producer_astro.py took 0.078 seconds
[2025-05-31T22:31:22.843+0000] {processor.py:153} INFO - Started process (PID=79832) to work on /opt/airflow/dags/producer_astro.py
[2025-05-31T22:31:22.847+0000] {processor.py:743} INFO - Processing file /opt/airflow/dags/producer_astro.py for tasks to queue
[2025-05-31T22:31:22.851+0000] {logging_mixin.py:137} INFO - [2025-05-31T22:31:22.851+0000] {dagbag.py:538} INFO - Filling up the DagBag from /opt/airflow/dags/producer_astro.py
[2025-05-31T22:31:22.865+0000] {processor.py:753} INFO - DAG(s) dict_keys(['producer_astro']) retrieved from /opt/airflow/dags/producer_astro.py
[2025-05-31T22:31:22.876+0000] {logging_mixin.py:137} INFO - [2025-05-31T22:31:22.876+0000] {dag.py:2690} INFO - Sync 1 DAGs
[2025-05-31T22:31:22.888+0000] {logging_mixin.py:137} INFO - [2025-05-31T22:31:22.888+0000] {dag.py:3441} INFO - Setting next_dagrun for producer_astro to 2025-05-31T00:00:00+00:00, run_after=2025-06-01T00:00:00+00:00
[2025-05-31T22:31:22.899+0000] {processor.py:175} INFO - Processing /opt/airflow/dags/producer_astro.py took 0.059 seconds
[2025-05-31T22:31:53.367+0000] {processor.py:153} INFO - Started process (PID=79875) to work on /opt/airflow/dags/producer_astro.py
[2025-05-31T22:31:53.368+0000] {processor.py:743} INFO - Processing file /opt/airflow/dags/producer_astro.py for tasks to queue
[2025-05-31T22:31:53.368+0000] {logging_mixin.py:137} INFO - [2025-05-31T22:31:53.368+0000] {dagbag.py:538} INFO - Filling up the DagBag from /opt/airflow/dags/producer_astro.py
[2025-05-31T22:31:53.391+0000] {processor.py:753} INFO - DAG(s) dict_keys(['producer_astro']) retrieved from /opt/airflow/dags/producer_astro.py
[2025-05-31T22:31:53.409+0000] {logging_mixin.py:137} INFO - [2025-05-31T22:31:53.409+0000] {dag.py:2690} INFO - Sync 1 DAGs
[2025-05-31T22:31:53.422+0000] {logging_mixin.py:137} INFO - [2025-05-31T22:31:53.422+0000] {dag.py:3441} INFO - Setting next_dagrun for producer_astro to 2025-05-31T00:00:00+00:00, run_after=2025-06-01T00:00:00+00:00
[2025-05-31T22:31:53.438+0000] {processor.py:175} INFO - Processing /opt/airflow/dags/producer_astro.py took 0.074 seconds
[2025-05-31T22:33:51.827+0000] {processor.py:153} INFO - Started process (PID=79927) to work on /opt/airflow/dags/producer_astro.py
[2025-05-31T22:33:51.830+0000] {processor.py:743} INFO - Processing file /opt/airflow/dags/producer_astro.py for tasks to queue
[2025-05-31T22:33:51.831+0000] {logging_mixin.py:137} INFO - [2025-05-31T22:33:51.831+0000] {dagbag.py:538} INFO - Filling up the DagBag from /opt/airflow/dags/producer_astro.py
[2025-05-31T22:33:51.854+0000] {processor.py:753} INFO - DAG(s) dict_keys(['producer_astro']) retrieved from /opt/airflow/dags/producer_astro.py
[2025-05-31T22:33:51.880+0000] {logging_mixin.py:137} INFO - [2025-05-31T22:33:51.880+0000] {dag.py:2690} INFO - Sync 1 DAGs
[2025-05-31T22:33:51.927+0000] {logging_mixin.py:137} INFO - [2025-05-31T22:33:51.927+0000] {dag.py:3441} INFO - Setting next_dagrun for producer_astro to 2025-05-31T00:00:00+00:00, run_after=2025-06-01T00:00:00+00:00
[2025-05-31T22:33:51.969+0000] {processor.py:175} INFO - Processing /opt/airflow/dags/producer_astro.py took 0.145 seconds
