[2025-05-31T22:28:20.537+0000] {processor.py:153} INFO - Started process (PID=79510) to work on /opt/airflow/dags/producer.py
[2025-05-31T22:28:20.541+0000] {processor.py:743} INFO - Processing file /opt/airflow/dags/producer.py for tasks to queue
[2025-05-31T22:28:20.543+0000] {logging_mixin.py:137} INFO - [2025-05-31T22:28:20.543+0000] {dagbag.py:538} INFO - Filling up the DagBag from /opt/airflow/dags/producer.py
[2025-05-31T22:28:20.570+0000] {processor.py:753} INFO - DAG(s) dict_keys(['producer']) retrieved from /opt/airflow/dags/producer.py
[2025-05-31T22:28:20.641+0000] {logging_mixin.py:137} INFO - [2025-05-31T22:28:20.636+0000] {dag.py:2690} INFO - Sync 1 DAGs
[2025-05-31T22:28:20.691+0000] {logging_mixin.py:137} INFO - [2025-05-31T22:28:20.690+0000] {dag.py:3441} INFO - Setting next_dagrun for producer to 2025-05-31T00:00:00+00:00, run_after=2025-06-01T00:00:00+00:00
[2025-05-31T22:28:20.715+0000] {processor.py:175} INFO - Processing /opt/airflow/dags/producer.py took 0.180 seconds
[2025-05-31T22:28:51.158+0000] {processor.py:153} INFO - Started process (PID=79562) to work on /opt/airflow/dags/producer.py
[2025-05-31T22:28:51.159+0000] {processor.py:743} INFO - Processing file /opt/airflow/dags/producer.py for tasks to queue
[2025-05-31T22:28:51.159+0000] {logging_mixin.py:137} INFO - [2025-05-31T22:28:51.159+0000] {dagbag.py:538} INFO - Filling up the DagBag from /opt/airflow/dags/producer.py
[2025-05-31T22:28:51.173+0000] {processor.py:753} INFO - DAG(s) dict_keys(['producer']) retrieved from /opt/airflow/dags/producer.py
[2025-05-31T22:28:51.191+0000] {logging_mixin.py:137} INFO - [2025-05-31T22:28:51.190+0000] {dag.py:2690} INFO - Sync 1 DAGs
[2025-05-31T22:28:51.208+0000] {logging_mixin.py:137} INFO - [2025-05-31T22:28:51.208+0000] {dag.py:3441} INFO - Setting next_dagrun for producer to 2025-05-31T00:00:00+00:00, run_after=2025-06-01T00:00:00+00:00
[2025-05-31T22:28:51.222+0000] {processor.py:175} INFO - Processing /opt/airflow/dags/producer.py took 0.072 seconds
[2025-05-31T22:29:21.748+0000] {processor.py:153} INFO - Started process (PID=79620) to work on /opt/airflow/dags/producer.py
[2025-05-31T22:29:21.748+0000] {processor.py:743} INFO - Processing file /opt/airflow/dags/producer.py for tasks to queue
[2025-05-31T22:29:21.748+0000] {logging_mixin.py:137} INFO - [2025-05-31T22:29:21.748+0000] {dagbag.py:538} INFO - Filling up the DagBag from /opt/airflow/dags/producer.py
[2025-05-31T22:29:21.757+0000] {processor.py:753} INFO - DAG(s) dict_keys(['producer']) retrieved from /opt/airflow/dags/producer.py
[2025-05-31T22:29:21.766+0000] {logging_mixin.py:137} INFO - [2025-05-31T22:29:21.766+0000] {dag.py:2690} INFO - Sync 1 DAGs
[2025-05-31T22:29:21.775+0000] {logging_mixin.py:137} INFO - [2025-05-31T22:29:21.775+0000] {dag.py:3441} INFO - Setting next_dagrun for producer to 2025-05-31T00:00:00+00:00, run_after=2025-06-01T00:00:00+00:00
[2025-05-31T22:29:21.783+0000] {processor.py:175} INFO - Processing /opt/airflow/dags/producer.py took 0.036 seconds
[2025-05-31T22:29:52.485+0000] {processor.py:153} INFO - Started process (PID=79679) to work on /opt/airflow/dags/producer.py
[2025-05-31T22:29:52.486+0000] {processor.py:743} INFO - Processing file /opt/airflow/dags/producer.py for tasks to queue
[2025-05-31T22:29:52.486+0000] {logging_mixin.py:137} INFO - [2025-05-31T22:29:52.486+0000] {dagbag.py:538} INFO - Filling up the DagBag from /opt/airflow/dags/producer.py
[2025-05-31T22:29:52.499+0000] {processor.py:753} INFO - DAG(s) dict_keys(['producer']) retrieved from /opt/airflow/dags/producer.py
[2025-05-31T22:29:52.512+0000] {logging_mixin.py:137} INFO - [2025-05-31T22:29:52.512+0000] {dag.py:2690} INFO - Sync 1 DAGs
[2025-05-31T22:29:52.526+0000] {logging_mixin.py:137} INFO - [2025-05-31T22:29:52.526+0000] {dag.py:3441} INFO - Setting next_dagrun for producer to 2025-05-31T00:00:00+00:00, run_after=2025-06-01T00:00:00+00:00
[2025-05-31T22:29:52.537+0000] {processor.py:175} INFO - Processing /opt/airflow/dags/producer.py took 0.055 seconds
[2025-05-31T22:30:22.977+0000] {processor.py:153} INFO - Started process (PID=79722) to work on /opt/airflow/dags/producer.py
[2025-05-31T22:30:22.979+0000] {processor.py:743} INFO - Processing file /opt/airflow/dags/producer.py for tasks to queue
[2025-05-31T22:30:22.980+0000] {logging_mixin.py:137} INFO - [2025-05-31T22:30:22.980+0000] {dagbag.py:538} INFO - Filling up the DagBag from /opt/airflow/dags/producer.py
[2025-05-31T22:30:22.989+0000] {processor.py:753} INFO - DAG(s) dict_keys(['producer']) retrieved from /opt/airflow/dags/producer.py
[2025-05-31T22:30:23.000+0000] {logging_mixin.py:137} INFO - [2025-05-31T22:30:23.000+0000] {dag.py:2690} INFO - Sync 1 DAGs
[2025-05-31T22:30:23.010+0000] {logging_mixin.py:137} INFO - [2025-05-31T22:30:23.010+0000] {dag.py:3441} INFO - Setting next_dagrun for producer to 2025-05-31T00:00:00+00:00, run_after=2025-06-01T00:00:00+00:00
[2025-05-31T22:30:23.020+0000] {processor.py:175} INFO - Processing /opt/airflow/dags/producer.py took 0.044 seconds
[2025-05-31T22:30:53.534+0000] {processor.py:153} INFO - Started process (PID=79781) to work on /opt/airflow/dags/producer.py
[2025-05-31T22:30:53.535+0000] {processor.py:743} INFO - Processing file /opt/airflow/dags/producer.py for tasks to queue
[2025-05-31T22:30:53.535+0000] {logging_mixin.py:137} INFO - [2025-05-31T22:30:53.535+0000] {dagbag.py:538} INFO - Filling up the DagBag from /opt/airflow/dags/producer.py
[2025-05-31T22:30:53.547+0000] {processor.py:753} INFO - DAG(s) dict_keys(['producer']) retrieved from /opt/airflow/dags/producer.py
[2025-05-31T22:30:53.558+0000] {logging_mixin.py:137} INFO - [2025-05-31T22:30:53.558+0000] {dag.py:2690} INFO - Sync 1 DAGs
[2025-05-31T22:30:53.569+0000] {logging_mixin.py:137} INFO - [2025-05-31T22:30:53.569+0000] {dag.py:3441} INFO - Setting next_dagrun for producer to 2025-05-31T00:00:00+00:00, run_after=2025-06-01T00:00:00+00:00
[2025-05-31T22:30:53.579+0000] {processor.py:175} INFO - Processing /opt/airflow/dags/producer.py took 0.047 seconds
[2025-05-31T22:31:24.083+0000] {processor.py:153} INFO - Started process (PID=79840) to work on /opt/airflow/dags/producer.py
[2025-05-31T22:31:24.083+0000] {processor.py:743} INFO - Processing file /opt/airflow/dags/producer.py for tasks to queue
[2025-05-31T22:31:24.083+0000] {logging_mixin.py:137} INFO - [2025-05-31T22:31:24.083+0000] {dagbag.py:538} INFO - Filling up the DagBag from /opt/airflow/dags/producer.py
[2025-05-31T22:31:24.092+0000] {processor.py:753} INFO - DAG(s) dict_keys(['producer']) retrieved from /opt/airflow/dags/producer.py
[2025-05-31T22:31:24.101+0000] {logging_mixin.py:137} INFO - [2025-05-31T22:31:24.101+0000] {dag.py:2690} INFO - Sync 1 DAGs
[2025-05-31T22:31:24.111+0000] {logging_mixin.py:137} INFO - [2025-05-31T22:31:24.111+0000] {dag.py:3441} INFO - Setting next_dagrun for producer to 2025-05-31T00:00:00+00:00, run_after=2025-06-01T00:00:00+00:00
[2025-05-31T22:31:24.118+0000] {processor.py:175} INFO - Processing /opt/airflow/dags/producer.py took 0.037 seconds
[2025-05-31T22:31:54.622+0000] {processor.py:153} INFO - Started process (PID=79899) to work on /opt/airflow/dags/producer.py
[2025-05-31T22:31:54.622+0000] {processor.py:743} INFO - Processing file /opt/airflow/dags/producer.py for tasks to queue
[2025-05-31T22:31:54.622+0000] {logging_mixin.py:137} INFO - [2025-05-31T22:31:54.622+0000] {dagbag.py:538} INFO - Filling up the DagBag from /opt/airflow/dags/producer.py
[2025-05-31T22:31:54.632+0000] {processor.py:753} INFO - DAG(s) dict_keys(['producer']) retrieved from /opt/airflow/dags/producer.py
[2025-05-31T22:31:54.640+0000] {logging_mixin.py:137} INFO - [2025-05-31T22:31:54.640+0000] {dag.py:2690} INFO - Sync 1 DAGs
[2025-05-31T22:31:54.650+0000] {logging_mixin.py:137} INFO - [2025-05-31T22:31:54.650+0000] {dag.py:3441} INFO - Setting next_dagrun for producer to 2025-05-31T00:00:00+00:00, run_after=2025-06-01T00:00:00+00:00
[2025-05-31T22:31:54.658+0000] {processor.py:175} INFO - Processing /opt/airflow/dags/producer.py took 0.038 seconds
[2025-05-31T22:33:52.648+0000] {processor.py:153} INFO - Started process (PID=79942) to work on /opt/airflow/dags/producer.py
[2025-05-31T22:33:52.650+0000] {processor.py:743} INFO - Processing file /opt/airflow/dags/producer.py for tasks to queue
[2025-05-31T22:33:52.651+0000] {logging_mixin.py:137} INFO - [2025-05-31T22:33:52.651+0000] {dagbag.py:538} INFO - Filling up the DagBag from /opt/airflow/dags/producer.py
[2025-05-31T22:33:52.697+0000] {processor.py:753} INFO - DAG(s) dict_keys(['producer']) retrieved from /opt/airflow/dags/producer.py
[2025-05-31T22:33:52.746+0000] {logging_mixin.py:137} INFO - [2025-05-31T22:33:52.745+0000] {dag.py:2690} INFO - Sync 1 DAGs
[2025-05-31T22:33:52.778+0000] {logging_mixin.py:137} INFO - [2025-05-31T22:33:52.778+0000] {dag.py:3441} INFO - Setting next_dagrun for producer to 2025-05-31T00:00:00+00:00, run_after=2025-06-01T00:00:00+00:00
[2025-05-31T22:33:52.799+0000] {processor.py:175} INFO - Processing /opt/airflow/dags/producer.py took 0.156 seconds
