[2025-01-10T00:10:33.230+0000] {taskinstance.py:1083} INFO - Dependencies all met for <TaskInstance: consumer.read_data dataset_triggered__2025-01-10T00:10:32.043749+00:00 [queued]>
[2025-01-10T00:10:33.235+0000] {taskinstance.py:1083} INFO - Dependencies all met for <TaskInstance: consumer.read_data dataset_triggered__2025-01-10T00:10:32.043749+00:00 [queued]>
[2025-01-10T00:10:33.236+0000] {taskinstance.py:1279} INFO - 
--------------------------------------------------------------------------------
[2025-01-10T00:10:33.236+0000] {taskinstance.py:1280} INFO - Starting attempt 1 of 1
[2025-01-10T00:10:33.238+0000] {taskinstance.py:1281} INFO - 
--------------------------------------------------------------------------------
[2025-01-10T00:10:33.250+0000] {taskinstance.py:1300} INFO - Executing <Task(_PythonDecoratedOperator): read_data> on 2025-01-10 00:10:32.043749+00:00
[2025-01-10T00:10:33.253+0000] {standard_task_runner.py:55} INFO - Started process 2189 to run task
[2025-01-10T00:10:33.255+0000] {standard_task_runner.py:82} INFO - Running: ['***', 'tasks', 'run', 'consumer', 'read_data', 'dataset_triggered__2025-01-10T00:10:32.043749+00:00', '--job-id', '267', '--raw', '--subdir', 'DAGS_FOLDER/consumer.py', '--cfg-path', '/tmp/tmp9fjv4kt4']
[2025-01-10T00:10:33.256+0000] {standard_task_runner.py:83} INFO - Job 267: Subtask read_data
[2025-01-10T00:10:33.294+0000] {task_command.py:388} INFO - Running <TaskInstance: consumer.read_data dataset_triggered__2025-01-10T00:10:32.043749+00:00 [running]> on host 44e036a430cc
[2025-01-10T00:10:33.335+0000] {taskinstance.py:1509} INFO - Exporting the following env vars:
AIRFLOW_CTX_DAG_OWNER=***
AIRFLOW_CTX_DAG_ID=consumer
AIRFLOW_CTX_TASK_ID=read_data
AIRFLOW_CTX_EXECUTION_DATE=2025-01-10T00:10:32.043749+00:00
AIRFLOW_CTX_TRY_NUMBER=1
AIRFLOW_CTX_DAG_RUN_ID=dataset_triggered__2025-01-10T00:10:32.043749+00:00
[2025-01-10T00:10:33.336+0000] {logging_mixin.py:137} INFO - producer updateproducer update
[2025-01-10T00:10:33.337+0000] {python.py:177} INFO - Done. Returned value was: None
[2025-01-10T00:10:33.343+0000] {taskinstance.py:1323} INFO - Marking task as SUCCESS. dag_id=consumer, task_id=read_data, execution_date=20250110T001032, start_date=20250110T001033, end_date=20250110T001033
[2025-01-10T00:10:33.393+0000] {local_task_job.py:208} INFO - Task exited with return code 0
[2025-01-10T00:10:33.406+0000] {taskinstance.py:2578} INFO - 0 downstream tasks scheduled from follow-on schedule check
