[2025-01-09T23:31:37.199+0000] {taskinstance.py:1083} INFO - Dependencies all met for <TaskInstance: user_processing.process_user scheduled__2024-12-30T00:00:00+00:00 [queued]>
[2025-01-09T23:31:37.209+0000] {taskinstance.py:1083} INFO - Dependencies all met for <TaskInstance: user_processing.process_user scheduled__2024-12-30T00:00:00+00:00 [queued]>
[2025-01-09T23:31:37.211+0000] {taskinstance.py:1279} INFO - 
--------------------------------------------------------------------------------
[2025-01-09T23:31:37.211+0000] {taskinstance.py:1280} INFO - Starting attempt 1 of 1
[2025-01-09T23:31:37.211+0000] {taskinstance.py:1281} INFO - 
--------------------------------------------------------------------------------
[2025-01-09T23:31:37.231+0000] {taskinstance.py:1300} INFO - Executing <Task(PythonOperator): process_user> on 2024-12-30 00:00:00+00:00
[2025-01-09T23:31:37.244+0000] {standard_task_runner.py:55} INFO - Started process 93 to run task
[2025-01-09T23:31:37.251+0000] {standard_task_runner.py:82} INFO - Running: ['***', 'tasks', 'run', 'user_processing', 'process_user', 'scheduled__2024-12-30T00:00:00+00:00', '--job-id', '255', '--raw', '--subdir', 'DAGS_FOLDER/user_processing.py', '--cfg-path', '/tmp/tmplf9cifx1']
[2025-01-09T23:31:37.256+0000] {standard_task_runner.py:83} INFO - Job 255: Subtask process_user
[2025-01-09T23:31:37.342+0000] {task_command.py:388} INFO - Running <TaskInstance: user_processing.process_user scheduled__2024-12-30T00:00:00+00:00 [running]> on host 44e036a430cc
[2025-01-09T23:31:37.388+0000] {taskinstance.py:1509} INFO - Exporting the following env vars:
AIRFLOW_CTX_DAG_OWNER=***
AIRFLOW_CTX_DAG_ID=user_processing
AIRFLOW_CTX_TASK_ID=process_user
AIRFLOW_CTX_EXECUTION_DATE=2024-12-30T00:00:00+00:00
AIRFLOW_CTX_TRY_NUMBER=1
AIRFLOW_CTX_DAG_RUN_ID=scheduled__2024-12-30T00:00:00+00:00
[2025-01-09T23:31:37.398+0000] {python.py:177} INFO - Done. Returned value was: None
[2025-01-09T23:31:37.405+0000] {taskinstance.py:1323} INFO - Marking task as SUCCESS. dag_id=user_processing, task_id=process_user, execution_date=20241230T000000, start_date=20250109T233137, end_date=20250109T233137
[2025-01-09T23:31:37.440+0000] {local_task_job.py:208} INFO - Task exited with return code 0
[2025-01-09T23:31:37.453+0000] {taskinstance.py:2578} INFO - 1 downstream tasks scheduled from follow-on schedule check
