[2024-12-21T21:03:33.619+0000] {taskinstance.py:1083} INFO - Dependencies all met for <TaskInstance: user_processing.process_user manual__2024-12-21T21:03:29.868432+00:00 [queued]>
[2024-12-21T21:03:33.622+0000] {taskinstance.py:1083} INFO - Dependencies all met for <TaskInstance: user_processing.process_user manual__2024-12-21T21:03:29.868432+00:00 [queued]>
[2024-12-21T21:03:33.622+0000] {taskinstance.py:1279} INFO - 
--------------------------------------------------------------------------------
[2024-12-21T21:03:33.623+0000] {taskinstance.py:1280} INFO - Starting attempt 1 of 1
[2024-12-21T21:03:33.623+0000] {taskinstance.py:1281} INFO - 
--------------------------------------------------------------------------------
[2024-12-21T21:03:33.627+0000] {taskinstance.py:1300} INFO - Executing <Task(PythonOperator): process_user> on 2024-12-21 21:03:29.868432+00:00
[2024-12-21T21:03:33.630+0000] {standard_task_runner.py:55} INFO - Started process 71378 to run task
[2024-12-21T21:03:33.632+0000] {standard_task_runner.py:82} INFO - Running: ['***', 'tasks', 'run', 'user_processing', 'process_user', 'manual__2024-12-21T21:03:29.868432+00:00', '--job-id', '134', '--raw', '--subdir', 'DAGS_FOLDER/user_processing.py', '--cfg-path', '/tmp/tmpfjrsp1f3']
[2024-12-21T21:03:33.632+0000] {standard_task_runner.py:83} INFO - Job 134: Subtask process_user
[2024-12-21T21:03:33.661+0000] {task_command.py:388} INFO - Running <TaskInstance: user_processing.process_user manual__2024-12-21T21:03:29.868432+00:00 [running]> on host 44e036a430cc
[2024-12-21T21:03:33.690+0000] {taskinstance.py:1509} INFO - Exporting the following env vars:
AIRFLOW_CTX_DAG_OWNER=***
AIRFLOW_CTX_DAG_ID=user_processing
AIRFLOW_CTX_TASK_ID=process_user
AIRFLOW_CTX_EXECUTION_DATE=2024-12-21T21:03:29.868432+00:00
AIRFLOW_CTX_TRY_NUMBER=1
AIRFLOW_CTX_DAG_RUN_ID=manual__2024-12-21T21:03:29.868432+00:00
[2024-12-21T21:03:33.704+0000] {python.py:177} INFO - Done. Returned value was: None
[2024-12-21T21:03:33.710+0000] {taskinstance.py:1323} INFO - Marking task as SUCCESS. dag_id=user_processing, task_id=process_user, execution_date=20241221T210329, start_date=20241221T210333, end_date=20241221T210333
[2024-12-21T21:03:33.728+0000] {local_task_job.py:208} INFO - Task exited with return code 0
[2024-12-21T21:03:33.742+0000] {taskinstance.py:2578} INFO - 1 downstream tasks scheduled from follow-on schedule check
