[2025-05-24T00:01:31.106+0000] {taskinstance.py:1083} INFO - Dependencies all met for <TaskInstance: group_dag.downloads.download_b scheduled__2025-05-23T00:00:00+00:00 [queued]>
[2025-05-24T00:01:31.114+0000] {taskinstance.py:1083} INFO - Dependencies all met for <TaskInstance: group_dag.downloads.download_b scheduled__2025-05-23T00:00:00+00:00 [queued]>
[2025-05-24T00:01:31.114+0000] {taskinstance.py:1279} INFO - 
--------------------------------------------------------------------------------
[2025-05-24T00:01:31.115+0000] {taskinstance.py:1280} INFO - Starting attempt 1 of 1
[2025-05-24T00:01:31.115+0000] {taskinstance.py:1281} INFO - 
--------------------------------------------------------------------------------
[2025-05-24T00:01:31.135+0000] {taskinstance.py:1300} INFO - Executing <Task(BashOperator): downloads.download_b> on 2025-05-23 00:00:00+00:00
[2025-05-24T00:01:31.142+0000] {standard_task_runner.py:55} INFO - Started process 19411 to run task
[2025-05-24T00:01:31.147+0000] {standard_task_runner.py:82} INFO - Running: ['***', 'tasks', 'run', 'group_dag', 'downloads.download_b', 'scheduled__2025-05-23T00:00:00+00:00', '--job-id', '493', '--raw', '--subdir', 'DAGS_FOLDER/group_dags.py', '--cfg-path', '/tmp/tmpdz8cxex8']
[2025-05-24T00:01:31.148+0000] {standard_task_runner.py:83} INFO - Job 493: Subtask downloads.download_b
[2025-05-24T00:01:31.202+0000] {task_command.py:388} INFO - Running <TaskInstance: group_dag.downloads.download_b scheduled__2025-05-23T00:00:00+00:00 [running]> on host 74c05f868d26
[2025-05-24T00:01:31.267+0000] {taskinstance.py:1509} INFO - Exporting the following env vars:
AIRFLOW_CTX_DAG_OWNER=***
AIRFLOW_CTX_DAG_ID=group_dag
AIRFLOW_CTX_TASK_ID=downloads.download_b
AIRFLOW_CTX_EXECUTION_DATE=2025-05-23T00:00:00+00:00
AIRFLOW_CTX_TRY_NUMBER=1
AIRFLOW_CTX_DAG_RUN_ID=scheduled__2025-05-23T00:00:00+00:00
[2025-05-24T00:01:31.269+0000] {subprocess.py:63} INFO - Tmp dir root location: 
 /tmp
[2025-05-24T00:01:31.269+0000] {subprocess.py:75} INFO - Running command: ['/bin/bash', '-c', 'sleep 5']
[2025-05-24T00:01:31.278+0000] {subprocess.py:86} INFO - Output:
[2025-05-24T00:01:36.280+0000] {subprocess.py:97} INFO - Command exited with return code 0
[2025-05-24T00:01:36.294+0000] {taskinstance.py:1323} INFO - Marking task as SUCCESS. dag_id=group_dag, task_id=downloads.download_b, execution_date=20250523T000000, start_date=20250524T000131, end_date=20250524T000136
[2025-05-24T00:01:36.324+0000] {local_task_job.py:208} INFO - Task exited with return code 0
[2025-05-24T00:01:36.337+0000] {taskinstance.py:2578} INFO - 1 downstream tasks scheduled from follow-on schedule check
