[2025-05-14T11:31:33.388+0000] {taskinstance.py:1083} INFO - Dependencies all met for <TaskInstance: user_processing.extract_user_data manual__2025-05-14T11:31:29.636826+00:00 [queued]>
[2025-05-14T11:31:33.392+0000] {taskinstance.py:1083} INFO - Dependencies all met for <TaskInstance: user_processing.extract_user_data manual__2025-05-14T11:31:29.636826+00:00 [queued]>
[2025-05-14T11:31:33.392+0000] {taskinstance.py:1279} INFO - 
--------------------------------------------------------------------------------
[2025-05-14T11:31:33.392+0000] {taskinstance.py:1280} INFO - Starting attempt 1 of 1
[2025-05-14T11:31:33.392+0000] {taskinstance.py:1281} INFO - 
--------------------------------------------------------------------------------
[2025-05-14T11:31:33.397+0000] {taskinstance.py:1300} INFO - Executing <Task(SimpleHttpOperator): extract_user_data> on 2025-05-14 11:31:29.636826+00:00
[2025-05-14T11:31:33.399+0000] {standard_task_runner.py:55} INFO - Started process 89962 to run task
[2025-05-14T11:31:33.401+0000] {standard_task_runner.py:82} INFO - Running: ['***', 'tasks', 'run', 'user_processing', 'extract_user_data', 'manual__2025-05-14T11:31:29.636826+00:00', '--job-id', '217', '--raw', '--subdir', 'DAGS_FOLDER/user_processing.py', '--cfg-path', '/tmp/tmpo49gw9rf']
[2025-05-14T11:31:33.402+0000] {standard_task_runner.py:83} INFO - Job 217: Subtask extract_user_data
[2025-05-14T11:31:33.424+0000] {task_command.py:388} INFO - Running <TaskInstance: user_processing.extract_user_data manual__2025-05-14T11:31:29.636826+00:00 [running]> on host b1064f4ed60e
[2025-05-14T11:31:33.449+0000] {taskinstance.py:1509} INFO - Exporting the following env vars:
AIRFLOW_CTX_DAG_OWNER=***
AIRFLOW_CTX_DAG_ID=user_processing
AIRFLOW_CTX_TASK_ID=extract_user_data
AIRFLOW_CTX_EXECUTION_DATE=2025-05-14T11:31:29.636826+00:00
AIRFLOW_CTX_TRY_NUMBER=1
AIRFLOW_CTX_DAG_RUN_ID=manual__2025-05-14T11:31:29.636826+00:00
[2025-05-14T11:31:33.450+0000] {http.py:123} INFO - Calling HTTP method
[2025-05-14T11:31:33.453+0000] {base.py:73} INFO - Using connection ID 'user_api' for task execution.
[2025-05-14T11:31:33.989+0000] {warnings.py:110} WARNING - /home/***/.local/lib/python3.7/site-packages/urllib3/connectionpool.py:1052: InsecureRequestWarning: Unverified HTTPS request is being made to host 'randomuser.me'. Adding certificate verification is strongly advised. See: https://urllib3.readthedocs.io/en/1.26.x/advanced-usage.html#ssl-warnings
  InsecureRequestWarning,

[2025-05-14T11:31:34.318+0000] {http.py:127} INFO - {"results":[{"gender":"male","name":{"title":"Mr","first":"Hunter","last":"Addy"},"location":{"street":{"number":8034,"name":"Dieppe Ave"},"city":"Fauquier","state":"New Brunswick","country":"Canada","postcode":"I7Z 5T8","coordinates":{"latitude":"-70.5817","longitude":"-137.4012"},"timezone":{"offset":"+5:30","description":"Bombay, Calcutta, Madras, New Delhi"}},"email":"hunter.addy@example.com","login":{"uuid":"60bc554d-ddca-4d7d-892c-cc4cd014d70a","username":"bluerabbit798","password":"mantis","salt":"Z2WO1B1G","md5":"69a78da4f3e7eb0a9c3f63f767ca1218","sha1":"fb27dcba2b7938210c42c75c48ce6e3ff425618c","sha256":"38c2821e1ccd812eacb7ac0adfbf1f3747c251b3e6d6e0c080839c2fb2a7dc9a"},"dob":{"date":"1988-08-12T06:54:45.241Z","age":36},"registered":{"date":"2007-08-14T09:17:11.007Z","age":17},"phone":"W00 G84-0673","cell":"M40 I74-5242","id":{"name":"SIN","value":"952608248"},"picture":{"large":"https://randomuser.me/api/portraits/men/76.jpg","medium":"https://randomuser.me/api/portraits/med/men/76.jpg","thumbnail":"https://randomuser.me/api/portraits/thumb/men/76.jpg"},"nat":"CA"}],"info":{"seed":"3b09837806415e1a","results":1,"page":1,"version":"1.4"}}
[2025-05-14T11:31:34.341+0000] {taskinstance.py:1323} INFO - Marking task as SUCCESS. dag_id=user_processing, task_id=extract_user_data, execution_date=20250514T113129, start_date=20250514T113133, end_date=20250514T113134
[2025-05-14T11:31:34.384+0000] {local_task_job.py:208} INFO - Task exited with return code 0
[2025-05-14T11:31:34.411+0000] {taskinstance.py:2578} INFO - 1 downstream tasks scheduled from follow-on schedule check
