[2025-05-15T13:10:10.700+0000] {taskinstance.py:1083} INFO - Dependencies all met for <TaskInstance: xcom_dag.t1 manual__2025-05-15T13:09:54.791132+00:00 [queued]>
[2025-05-15T13:10:10.704+0000] {taskinstance.py:1083} INFO - Dependencies all met for <TaskInstance: xcom_dag.t1 manual__2025-05-15T13:09:54.791132+00:00 [queued]>
[2025-05-15T13:10:10.704+0000] {taskinstance.py:1279} INFO - 
--------------------------------------------------------------------------------
[2025-05-15T13:10:10.704+0000] {taskinstance.py:1280} INFO - Starting attempt 2 of 2
[2025-05-15T13:10:10.704+0000] {taskinstance.py:1281} INFO - 
--------------------------------------------------------------------------------
[2025-05-15T13:10:10.709+0000] {taskinstance.py:1300} INFO - Executing <Task(PythonOperator): t1> on 2025-05-15 13:09:54.791132+00:00
[2025-05-15T13:10:10.711+0000] {standard_task_runner.py:55} INFO - Started process 24757 to run task
[2025-05-15T13:10:10.713+0000] {standard_task_runner.py:82} INFO - Running: ['***', 'tasks', 'run', 'xcom_dag', 't1', 'manual__2025-05-15T13:09:54.791132+00:00', '--job-id', '272', '--raw', '--subdir', 'DAGS_FOLDER/xcom_dags.py', '--cfg-path', '/tmp/tmpsnb6hpru']
[2025-05-15T13:10:10.713+0000] {standard_task_runner.py:83} INFO - Job 272: Subtask t1
[2025-05-15T13:10:10.739+0000] {task_command.py:388} INFO - Running <TaskInstance: xcom_dag.t1 manual__2025-05-15T13:09:54.791132+00:00 [running]> on host b1064f4ed60e
[2025-05-15T13:10:10.768+0000] {taskinstance.py:1509} INFO - Exporting the following env vars:
AIRFLOW_CTX_DAG_OWNER=***
AIRFLOW_CTX_DAG_ID=xcom_dag
AIRFLOW_CTX_TASK_ID=t1
AIRFLOW_CTX_EXECUTION_DATE=2025-05-15T13:09:54.791132+00:00
AIRFLOW_CTX_TRY_NUMBER=2
AIRFLOW_CTX_DAG_RUN_ID=manual__2025-05-15T13:09:54.791132+00:00
[2025-05-15T13:10:10.769+0000] {python.py:177} INFO - Done. Returned value was: 50
[2025-05-15T13:10:10.778+0000] {taskinstance.py:1323} INFO - Marking task as SUCCESS. dag_id=xcom_dag, task_id=t1, execution_date=20250515T130954, start_date=20250515T131010, end_date=20250515T131010
[2025-05-15T13:10:10.809+0000] {local_task_job.py:208} INFO - Task exited with return code 0
[2025-05-15T13:10:10.822+0000] {taskinstance.py:2578} INFO - 1 downstream tasks scheduled from follow-on schedule check
