[2025-06-07T03:13:38.493+0000] {taskinstance.py:1083} INFO - Dependencies all met for <TaskInstance: consumer_astro.readFile dataset_triggered__2025-06-07T03:13:37.667195+00:00 [queued]>
[2025-06-07T03:13:38.508+0000] {taskinstance.py:1083} INFO - Dependencies all met for <TaskInstance: consumer_astro.readFile dataset_triggered__2025-06-07T03:13:37.667195+00:00 [queued]>
[2025-06-07T03:13:38.509+0000] {taskinstance.py:1279} INFO - 
--------------------------------------------------------------------------------
[2025-06-07T03:13:38.509+0000] {taskinstance.py:1280} INFO - Starting attempt 1 of 1
[2025-06-07T03:13:38.509+0000] {taskinstance.py:1281} INFO - 
--------------------------------------------------------------------------------
[2025-06-07T03:13:38.525+0000] {taskinstance.py:1300} INFO - Executing <Task(_PythonDecoratedOperator): readFile> on 2025-06-07 03:13:37.667195+00:00
[2025-06-07T03:13:38.530+0000] {standard_task_runner.py:55} INFO - Started process 87 to run task
[2025-06-07T03:13:38.534+0000] {standard_task_runner.py:82} INFO - Running: ['***', 'tasks', 'run', 'consumer_astro', 'readFile', 'dataset_triggered__2025-06-07T03:13:37.667195+00:00', '--job-id', '740', '--raw', '--subdir', 'DAGS_FOLDER/consumer_astro.py', '--cfg-path', '/tmp/tmpyk32te4n']
[2025-06-07T03:13:38.535+0000] {standard_task_runner.py:83} INFO - Job 740: Subtask readFile
[2025-06-07T03:13:38.599+0000] {task_command.py:388} INFO - Running <TaskInstance: consumer_astro.readFile dataset_triggered__2025-06-07T03:13:37.667195+00:00 [running]> on host 0ced21874cff
[2025-06-07T03:13:38.639+0000] {taskinstance.py:1509} INFO - Exporting the following env vars:
AIRFLOW_CTX_DAG_OWNER=***
AIRFLOW_CTX_DAG_ID=consumer_astro
AIRFLOW_CTX_TASK_ID=readFile
AIRFLOW_CTX_EXECUTION_DATE=2025-06-07T03:13:37.667195+00:00
AIRFLOW_CTX_TRY_NUMBER=1
AIRFLOW_CTX_DAG_RUN_ID=dataset_triggered__2025-06-07T03:13:37.667195+00:00
[2025-06-07T03:13:38.639+0000] {logging_mixin.py:137} INFO - <built-in method read of _io.TextIOWrapper object at 0xffff95a8c4b0>
[2025-06-07T03:13:38.642+0000] {python.py:177} INFO - Done. Returned value was: None
[2025-06-07T03:13:38.649+0000] {taskinstance.py:1323} INFO - Marking task as SUCCESS. dag_id=consumer_astro, task_id=readFile, execution_date=20250607T031337, start_date=20250607T031338, end_date=20250607T031338
[2025-06-07T03:13:38.672+0000] {local_task_job.py:208} INFO - Task exited with return code 0
[2025-06-07T03:13:38.686+0000] {taskinstance.py:2578} INFO - 0 downstream tasks scheduled from follow-on schedule check
