[2024-12-07T21:00:26.963+0000] {taskinstance.py:1083} INFO - Dependencies all met for <TaskInstance: tutorial_dag.extract manual__2024-12-07T21:00:26.055236+00:00 [queued]>
[2024-12-07T21:00:26.966+0000] {taskinstance.py:1083} INFO - Dependencies all met for <TaskInstance: tutorial_dag.extract manual__2024-12-07T21:00:26.055236+00:00 [queued]>
[2024-12-07T21:00:26.966+0000] {taskinstance.py:1279} INFO - 
--------------------------------------------------------------------------------
[2024-12-07T21:00:26.966+0000] {taskinstance.py:1280} INFO - Starting attempt 1 of 3
[2024-12-07T21:00:26.966+0000] {taskinstance.py:1281} INFO - 
--------------------------------------------------------------------------------
[2024-12-07T21:00:26.972+0000] {taskinstance.py:1300} INFO - Executing <Task(PythonOperator): extract> on 2024-12-07 21:00:26.055236+00:00
[2024-12-07T21:00:26.974+0000] {standard_task_runner.py:55} INFO - Started process 2627 to run task
[2024-12-07T21:00:26.975+0000] {standard_task_runner.py:82} INFO - Running: ['***', 'tasks', 'run', 'tutorial_dag', 'extract', 'manual__2024-12-07T21:00:26.055236+00:00', '--job-id', '9', '--raw', '--subdir', '/home/***/.local/lib/python3.7/site-packages/***/example_dags/tutorial_dag.py', '--cfg-path', '/tmp/tmpyhmj395f']
[2024-12-07T21:00:26.976+0000] {standard_task_runner.py:83} INFO - Job 9: Subtask extract
[2024-12-07T21:00:26.999+0000] {task_command.py:388} INFO - Running <TaskInstance: tutorial_dag.extract manual__2024-12-07T21:00:26.055236+00:00 [running]> on host 44e036a430cc
[2024-12-07T21:00:27.022+0000] {taskinstance.py:1509} INFO - Exporting the following env vars:
AIRFLOW_CTX_DAG_OWNER=***
AIRFLOW_CTX_DAG_ID=tutorial_dag
AIRFLOW_CTX_TASK_ID=extract
AIRFLOW_CTX_EXECUTION_DATE=2024-12-07T21:00:26.055236+00:00
AIRFLOW_CTX_TRY_NUMBER=1
AIRFLOW_CTX_DAG_RUN_ID=manual__2024-12-07T21:00:26.055236+00:00
[2024-12-07T21:00:27.027+0000] {python.py:177} INFO - Done. Returned value was: None
[2024-12-07T21:00:27.030+0000] {taskinstance.py:1323} INFO - Marking task as SUCCESS. dag_id=tutorial_dag, task_id=extract, execution_date=20241207T210026, start_date=20241207T210026, end_date=20241207T210027
[2024-12-07T21:00:27.081+0000] {local_task_job.py:208} INFO - Task exited with return code 0
[2024-12-07T21:00:27.093+0000] {taskinstance.py:2578} INFO - 1 downstream tasks scheduled from follow-on schedule check
