[2025-05-06T12:16:17.646+0000] {taskinstance.py:1083} INFO - Dependencies all met for <TaskInstance: parallel_dag.extract_b scheduled__2025-05-05T00:00:00+00:00 [queued]>
[2025-05-06T12:16:17.651+0000] {taskinstance.py:1083} INFO - Dependencies all met for <TaskInstance: parallel_dag.extract_b scheduled__2025-05-05T00:00:00+00:00 [queued]>
[2025-05-06T12:16:17.651+0000] {taskinstance.py:1279} INFO - 
--------------------------------------------------------------------------------
[2025-05-06T12:16:17.651+0000] {taskinstance.py:1280} INFO - Starting attempt 1 of 1
[2025-05-06T12:16:17.651+0000] {taskinstance.py:1281} INFO - 
--------------------------------------------------------------------------------
[2025-05-06T12:16:17.658+0000] {taskinstance.py:1300} INFO - Executing <Task(BashOperator): extract_b> on 2025-05-05 00:00:00+00:00
[2025-05-06T12:16:17.660+0000] {standard_task_runner.py:55} INFO - Started process 361 to run task
[2025-05-06T12:16:17.662+0000] {standard_task_runner.py:82} INFO - Running: ['***', 'tasks', 'run', 'parallel_dag', 'extract_b', 'scheduled__2025-05-05T00:00:00+00:00', '--job-id', '114', '--raw', '--subdir', 'DAGS_FOLDER/parallel_dag.py', '--cfg-path', '/tmp/tmpau02c9lt']
[2025-05-06T12:16:17.662+0000] {standard_task_runner.py:83} INFO - Job 114: Subtask extract_b
[2025-05-06T12:16:17.687+0000] {task_command.py:388} INFO - Running <TaskInstance: parallel_dag.extract_b scheduled__2025-05-05T00:00:00+00:00 [running]> on host 0c1606a67206
[2025-05-06T12:16:17.716+0000] {taskinstance.py:1509} INFO - Exporting the following env vars:
AIRFLOW_CTX_DAG_OWNER=***
AIRFLOW_CTX_DAG_ID=parallel_dag
AIRFLOW_CTX_TASK_ID=extract_b
AIRFLOW_CTX_EXECUTION_DATE=2025-05-05T00:00:00+00:00
AIRFLOW_CTX_TRY_NUMBER=1
AIRFLOW_CTX_DAG_RUN_ID=scheduled__2025-05-05T00:00:00+00:00
[2025-05-06T12:16:17.717+0000] {subprocess.py:63} INFO - Tmp dir root location: 
 /tmp
[2025-05-06T12:16:17.717+0000] {subprocess.py:75} INFO - Running command: ['/bin/bash', '-c', 'sleep 10']
[2025-05-06T12:16:17.723+0000] {subprocess.py:86} INFO - Output:
[2025-05-06T12:16:27.728+0000] {subprocess.py:97} INFO - Command exited with return code 0
[2025-05-06T12:16:27.760+0000] {taskinstance.py:1323} INFO - Marking task as SUCCESS. dag_id=parallel_dag, task_id=extract_b, execution_date=20250505T000000, start_date=20250506T121617, end_date=20250506T121627
[2025-05-06T12:16:27.781+0000] {local_task_job.py:208} INFO - Task exited with return code 0
[2025-05-06T12:16:27.795+0000] {taskinstance.py:2578} INFO - 1 downstream tasks scheduled from follow-on schedule check
