[2025-05-21T00:09:09.878+0000] {taskinstance.py:1083} INFO - Dependencies all met for <TaskInstance: group_dag.transform.transform_a scheduled__2025-05-20T00:00:00+00:00 [queued]>
[2025-05-21T00:09:09.884+0000] {taskinstance.py:1083} INFO - Dependencies all met for <TaskInstance: group_dag.transform.transform_a scheduled__2025-05-20T00:00:00+00:00 [queued]>
[2025-05-21T00:09:09.885+0000] {taskinstance.py:1279} INFO - 
--------------------------------------------------------------------------------
[2025-05-21T00:09:09.885+0000] {taskinstance.py:1280} INFO - Starting attempt 1 of 1
[2025-05-21T00:09:09.885+0000] {taskinstance.py:1281} INFO - 
--------------------------------------------------------------------------------
[2025-05-21T00:09:09.895+0000] {taskinstance.py:1300} INFO - Executing <Task(BashOperator): transform.transform_a> on 2025-05-20 00:00:00+00:00
[2025-05-21T00:09:09.897+0000] {standard_task_runner.py:55} INFO - Started process 9238 to run task
[2025-05-21T00:09:09.900+0000] {standard_task_runner.py:82} INFO - Running: ['***', 'tasks', 'run', 'group_dag', 'transform.transform_a', 'scheduled__2025-05-20T00:00:00+00:00', '--job-id', '439', '--raw', '--subdir', 'DAGS_FOLDER/group_dags.py', '--cfg-path', '/tmp/tmpa_nyv900']
[2025-05-21T00:09:09.903+0000] {standard_task_runner.py:83} INFO - Job 439: Subtask transform.transform_a
[2025-05-21T00:09:09.948+0000] {task_command.py:388} INFO - Running <TaskInstance: group_dag.transform.transform_a scheduled__2025-05-20T00:00:00+00:00 [running]> on host b1064f4ed60e
[2025-05-21T00:09:09.995+0000] {taskinstance.py:1509} INFO - Exporting the following env vars:
AIRFLOW_CTX_DAG_OWNER=***
AIRFLOW_CTX_DAG_ID=group_dag
AIRFLOW_CTX_TASK_ID=transform.transform_a
AIRFLOW_CTX_EXECUTION_DATE=2025-05-20T00:00:00+00:00
AIRFLOW_CTX_TRY_NUMBER=1
AIRFLOW_CTX_DAG_RUN_ID=scheduled__2025-05-20T00:00:00+00:00
[2025-05-21T00:09:09.998+0000] {subprocess.py:63} INFO - Tmp dir root location: 
 /tmp
[2025-05-21T00:09:09.998+0000] {subprocess.py:75} INFO - Running command: ['/bin/bash', '-c', 'sleep 10']
[2025-05-21T00:09:10.005+0000] {subprocess.py:86} INFO - Output:
[2025-05-21T00:09:20.008+0000] {subprocess.py:97} INFO - Command exited with return code 0
[2025-05-21T00:09:20.024+0000] {taskinstance.py:1323} INFO - Marking task as SUCCESS. dag_id=group_dag, task_id=transform.transform_a, execution_date=20250520T000000, start_date=20250521T000909, end_date=20250521T000920
[2025-05-21T00:09:20.037+0000] {local_task_job.py:208} INFO - Task exited with return code 0
[2025-05-21T00:09:20.045+0000] {taskinstance.py:2578} INFO - 0 downstream tasks scheduled from follow-on schedule check
