[2025-05-28T00:10:32.660+0000] {taskinstance.py:1083} INFO - Dependencies all met for <TaskInstance: group_dag.transform.transform_b scheduled__2025-05-27T00:00:00+00:00 [queued]>
[2025-05-28T00:10:32.664+0000] {taskinstance.py:1083} INFO - Dependencies all met for <TaskInstance: group_dag.transform.transform_b scheduled__2025-05-27T00:00:00+00:00 [queued]>
[2025-05-28T00:10:32.664+0000] {taskinstance.py:1279} INFO - 
--------------------------------------------------------------------------------
[2025-05-28T00:10:32.664+0000] {taskinstance.py:1280} INFO - Starting attempt 1 of 1
[2025-05-28T00:10:32.664+0000] {taskinstance.py:1281} INFO - 
--------------------------------------------------------------------------------
[2025-05-28T00:10:32.670+0000] {taskinstance.py:1300} INFO - Executing <Task(BashOperator): transform.transform_b> on 2025-05-27 00:00:00+00:00
[2025-05-28T00:10:32.672+0000] {standard_task_runner.py:55} INFO - Started process 9905 to run task
[2025-05-28T00:10:32.674+0000] {standard_task_runner.py:82} INFO - Running: ['***', 'tasks', 'run', 'group_dag', 'transform.transform_b', 'scheduled__2025-05-27T00:00:00+00:00', '--job-id', '604', '--raw', '--subdir', 'DAGS_FOLDER/group_dags.py', '--cfg-path', '/tmp/tmpmxoixbo3']
[2025-05-28T00:10:32.675+0000] {standard_task_runner.py:83} INFO - Job 604: Subtask transform.transform_b
[2025-05-28T00:10:32.700+0000] {task_command.py:388} INFO - Running <TaskInstance: group_dag.transform.transform_b scheduled__2025-05-27T00:00:00+00:00 [running]> on host 74c05f868d26
[2025-05-28T00:10:32.728+0000] {taskinstance.py:1509} INFO - Exporting the following env vars:
AIRFLOW_CTX_DAG_OWNER=***
AIRFLOW_CTX_DAG_ID=group_dag
AIRFLOW_CTX_TASK_ID=transform.transform_b
AIRFLOW_CTX_EXECUTION_DATE=2025-05-27T00:00:00+00:00
AIRFLOW_CTX_TRY_NUMBER=1
AIRFLOW_CTX_DAG_RUN_ID=scheduled__2025-05-27T00:00:00+00:00
[2025-05-28T00:10:32.728+0000] {subprocess.py:63} INFO - Tmp dir root location: 
 /tmp
[2025-05-28T00:10:32.729+0000] {subprocess.py:75} INFO - Running command: ['/bin/bash', '-c', 'sleep 10']
[2025-05-28T00:10:32.734+0000] {subprocess.py:86} INFO - Output:
[2025-05-28T00:10:42.736+0000] {subprocess.py:97} INFO - Command exited with return code 0
[2025-05-28T00:10:42.747+0000] {taskinstance.py:1323} INFO - Marking task as SUCCESS. dag_id=group_dag, task_id=transform.transform_b, execution_date=20250527T000000, start_date=20250528T001032, end_date=20250528T001042
[2025-05-28T00:10:42.770+0000] {local_task_job.py:208} INFO - Task exited with return code 0
[2025-05-28T00:10:42.776+0000] {taskinstance.py:2578} INFO - 0 downstream tasks scheduled from follow-on schedule check
