[2025-05-16T10:38:25.884+0000] {taskinstance.py:1083} INFO - Dependencies all met for <TaskInstance: xcom_dag.t2 scheduled__2025-05-15T00:00:00+00:00 [queued]>
[2025-05-16T10:38:25.891+0000] {taskinstance.py:1083} INFO - Dependencies all met for <TaskInstance: xcom_dag.t2 scheduled__2025-05-15T00:00:00+00:00 [queued]>
[2025-05-16T10:38:25.891+0000] {taskinstance.py:1279} INFO - 
--------------------------------------------------------------------------------
[2025-05-16T10:38:25.891+0000] {taskinstance.py:1280} INFO - Starting attempt 1 of 1
[2025-05-16T10:38:25.892+0000] {taskinstance.py:1281} INFO - 
--------------------------------------------------------------------------------
[2025-05-16T10:38:25.905+0000] {taskinstance.py:1300} INFO - Executing <Task(PythonOperator): t2> on 2025-05-15 00:00:00+00:00
[2025-05-16T10:38:25.909+0000] {standard_task_runner.py:55} INFO - Started process 57115 to run task
[2025-05-16T10:38:25.912+0000] {standard_task_runner.py:82} INFO - Running: ['***', 'tasks', 'run', 'xcom_dag', 't2', 'scheduled__2025-05-15T00:00:00+00:00', '--job-id', '312', '--raw', '--subdir', 'DAGS_FOLDER/xcom_dags.py', '--cfg-path', '/tmp/tmpyfebp6if']
[2025-05-16T10:38:25.912+0000] {standard_task_runner.py:83} INFO - Job 312: Subtask t2
[2025-05-16T10:38:25.950+0000] {task_command.py:388} INFO - Running <TaskInstance: xcom_dag.t2 scheduled__2025-05-15T00:00:00+00:00 [running]> on host b1064f4ed60e
[2025-05-16T10:38:25.984+0000] {taskinstance.py:1509} INFO - Exporting the following env vars:
AIRFLOW_CTX_DAG_OWNER=***
AIRFLOW_CTX_DAG_ID=xcom_dag
AIRFLOW_CTX_TASK_ID=t2
AIRFLOW_CTX_EXECUTION_DATE=2025-05-15T00:00:00+00:00
AIRFLOW_CTX_TRY_NUMBER=1
AIRFLOW_CTX_DAG_RUN_ID=scheduled__2025-05-15T00:00:00+00:00
[2025-05-16T10:38:25.992+0000] {logging_mixin.py:137} INFO - 50
[2025-05-16T10:38:25.993+0000] {python.py:177} INFO - Done. Returned value was: None
[2025-05-16T10:38:26.000+0000] {taskinstance.py:1323} INFO - Marking task as SUCCESS. dag_id=xcom_dag, task_id=t2, execution_date=20250515T000000, start_date=20250516T103825, end_date=20250516T103826
[2025-05-16T10:38:26.048+0000] {local_task_job.py:208} INFO - Task exited with return code 0
[2025-05-16T10:38:26.061+0000] {taskinstance.py:2578} INFO - 1 downstream tasks scheduled from follow-on schedule check
