[2025-05-17T00:12:59.392+0000] {taskinstance.py:1083} INFO - Dependencies all met for <TaskInstance: group_dag.transform.transform_c scheduled__2025-05-16T00:00:00+00:00 [queued]>
[2025-05-17T00:12:59.398+0000] {taskinstance.py:1083} INFO - Dependencies all met for <TaskInstance: group_dag.transform.transform_c scheduled__2025-05-16T00:00:00+00:00 [queued]>
[2025-05-17T00:12:59.399+0000] {taskinstance.py:1279} INFO - 
--------------------------------------------------------------------------------
[2025-05-17T00:12:59.399+0000] {taskinstance.py:1280} INFO - Starting attempt 1 of 1
[2025-05-17T00:12:59.400+0000] {taskinstance.py:1281} INFO - 
--------------------------------------------------------------------------------
[2025-05-17T00:12:59.408+0000] {taskinstance.py:1300} INFO - Executing <Task(BashOperator): transform.transform_c> on 2025-05-16 00:00:00+00:00
[2025-05-17T00:12:59.411+0000] {standard_task_runner.py:55} INFO - Started process 74139 to run task
[2025-05-17T00:12:59.413+0000] {standard_task_runner.py:82} INFO - Running: ['***', 'tasks', 'run', 'group_dag', 'transform.transform_c', 'scheduled__2025-05-16T00:00:00+00:00', '--job-id', '352', '--raw', '--subdir', 'DAGS_FOLDER/group_dags.py', '--cfg-path', '/tmp/tmpanik3f2u']
[2025-05-17T00:12:59.414+0000] {standard_task_runner.py:83} INFO - Job 352: Subtask transform.transform_c
[2025-05-17T00:12:59.450+0000] {task_command.py:388} INFO - Running <TaskInstance: group_dag.transform.transform_c scheduled__2025-05-16T00:00:00+00:00 [running]> on host b1064f4ed60e
[2025-05-17T00:12:59.486+0000] {taskinstance.py:1509} INFO - Exporting the following env vars:
AIRFLOW_CTX_DAG_OWNER=***
AIRFLOW_CTX_DAG_ID=group_dag
AIRFLOW_CTX_TASK_ID=transform.transform_c
AIRFLOW_CTX_EXECUTION_DATE=2025-05-16T00:00:00+00:00
AIRFLOW_CTX_TRY_NUMBER=1
AIRFLOW_CTX_DAG_RUN_ID=scheduled__2025-05-16T00:00:00+00:00
[2025-05-17T00:12:59.486+0000] {subprocess.py:63} INFO - Tmp dir root location: 
 /tmp
[2025-05-17T00:12:59.487+0000] {subprocess.py:75} INFO - Running command: ['/bin/bash', '-c', 'sleep 10']
[2025-05-17T00:12:59.491+0000] {subprocess.py:86} INFO - Output:
[2025-05-17T00:13:09.492+0000] {subprocess.py:97} INFO - Command exited with return code 0
[2025-05-17T00:13:09.509+0000] {taskinstance.py:1323} INFO - Marking task as SUCCESS. dag_id=group_dag, task_id=transform.transform_c, execution_date=20250516T000000, start_date=20250517T001259, end_date=20250517T001309
[2025-05-17T00:13:09.534+0000] {local_task_job.py:208} INFO - Task exited with return code 0
[2025-05-17T00:13:09.545+0000] {taskinstance.py:2578} INFO - 0 downstream tasks scheduled from follow-on schedule check
