[2025-05-31T22:28:23.302+0000] {taskinstance.py:1083} INFO - Dependencies all met for <TaskInstance: user_processing.extract_user_data scheduled__2025-05-30T00:00:00+00:00 [queued]>
[2025-05-31T22:28:23.306+0000] {taskinstance.py:1083} INFO - Dependencies all met for <TaskInstance: user_processing.extract_user_data scheduled__2025-05-30T00:00:00+00:00 [queued]>
[2025-05-31T22:28:23.306+0000] {taskinstance.py:1279} INFO - 
--------------------------------------------------------------------------------
[2025-05-31T22:28:23.306+0000] {taskinstance.py:1280} INFO - Starting attempt 1 of 1
[2025-05-31T22:28:23.306+0000] {taskinstance.py:1281} INFO - 
--------------------------------------------------------------------------------
[2025-05-31T22:28:23.311+0000] {taskinstance.py:1300} INFO - Executing <Task(SimpleHttpOperator): extract_user_data> on 2025-05-30 00:00:00+00:00
[2025-05-31T22:28:23.314+0000] {standard_task_runner.py:55} INFO - Started process 65826 to run task
[2025-05-31T22:28:23.315+0000] {standard_task_runner.py:82} INFO - Running: ['***', 'tasks', 'run', 'user_processing', 'extract_user_data', 'scheduled__2025-05-30T00:00:00+00:00', '--job-id', '669', '--raw', '--subdir', 'DAGS_FOLDER/user_processing.py', '--cfg-path', '/tmp/tmpb27k3y09']
[2025-05-31T22:28:23.316+0000] {standard_task_runner.py:83} INFO - Job 669: Subtask extract_user_data
[2025-05-31T22:28:23.339+0000] {task_command.py:388} INFO - Running <TaskInstance: user_processing.extract_user_data scheduled__2025-05-30T00:00:00+00:00 [running]> on host 74c05f868d26
[2025-05-31T22:28:23.364+0000] {taskinstance.py:1509} INFO - Exporting the following env vars:
AIRFLOW_CTX_DAG_OWNER=***
AIRFLOW_CTX_DAG_ID=user_processing
AIRFLOW_CTX_TASK_ID=extract_user_data
AIRFLOW_CTX_EXECUTION_DATE=2025-05-30T00:00:00+00:00
AIRFLOW_CTX_TRY_NUMBER=1
AIRFLOW_CTX_DAG_RUN_ID=scheduled__2025-05-30T00:00:00+00:00
[2025-05-31T22:28:23.365+0000] {http.py:123} INFO - Calling HTTP method
[2025-05-31T22:28:23.370+0000] {base.py:73} INFO - Using connection ID 'user_api' for task execution.
[2025-05-31T22:28:23.424+0000] {warnings.py:110} WARNING - /home/***/.local/lib/python3.7/site-packages/urllib3/connectionpool.py:1052: InsecureRequestWarning: Unverified HTTPS request is being made to host 'randomuser.me'. Adding certificate verification is strongly advised. See: https://urllib3.readthedocs.io/en/1.26.x/advanced-usage.html#ssl-warnings
  InsecureRequestWarning,

[2025-05-31T22:28:23.480+0000] {http.py:127} INFO - {"results":[{"gender":"female","name":{"title":"Ms","first":"Bella","last":"Ray"},"location":{"street":{"number":5542,"name":"Valley View Ln"},"city":"Hartford","state":"California","country":"United States","postcode":56128,"coordinates":{"latitude":"81.9000","longitude":"32.7077"},"timezone":{"offset":"-10:00","description":"Hawaii"}},"email":"bella.ray@example.com","login":{"uuid":"1bd18d61-8d99-4428-ba5a-fb8ce0d3c685","username":"redzebra721","password":"foxylady","salt":"2LMrlH8N","md5":"88a960dbcb59bb7cb0a2457e6a398954","sha1":"b5e2582d299ebd32733b2b504887e56752d37614","sha256":"bf6137c7b88e0bd0af0396482e5f032958ac017c833eb962a335165b738d837d"},"dob":{"date":"1973-06-22T15:25:12.661Z","age":51},"registered":{"date":"2018-01-02T18:14:29.174Z","age":7},"phone":"(282) 845-3329","cell":"(829) 524-3455","id":{"name":"SSN","value":"832-52-0117"},"picture":{"large":"https://randomuser.me/api/portraits/women/87.jpg","medium":"https://randomuser.me/api/portraits/med/women/87.jpg","thumbnail":"https://randomuser.me/api/portraits/thumb/women/87.jpg"},"nat":"US"}],"info":{"seed":"c3b1aa87df074784","results":1,"page":1,"version":"1.4"}}
[2025-05-31T22:28:23.491+0000] {taskinstance.py:1323} INFO - Marking task as SUCCESS. dag_id=user_processing, task_id=extract_user_data, execution_date=20250530T000000, start_date=20250531T222823, end_date=20250531T222823
[2025-05-31T22:28:23.501+0000] {local_task_job.py:208} INFO - Task exited with return code 0
[2025-05-31T22:28:23.514+0000] {taskinstance.py:2578} INFO - 1 downstream tasks scheduled from follow-on schedule check
