[2025-01-15T00:05:42.725+0000] {processor.py:153} INFO - Started process (PID=48093) to work on /home/airflow/.local/lib/python3.7/site-packages/airflow/example_dags/example_external_task_marker_dag.py
[2025-01-15T00:05:42.726+0000] {processor.py:743} INFO - Processing file /home/airflow/.local/lib/python3.7/site-packages/airflow/example_dags/example_external_task_marker_dag.py for tasks to queue
[2025-01-15T00:05:42.726+0000] {logging_mixin.py:137} INFO - [2025-01-15T00:05:42.726+0000] {dagbag.py:538} INFO - Filling up the DagBag from /home/airflow/.local/lib/python3.7/site-packages/airflow/example_dags/example_external_task_marker_dag.py
[2025-01-15T00:05:42.731+0000] {processor.py:753} INFO - DAG(s) dict_keys(['example_external_task_marker_parent', 'example_external_task_marker_child']) retrieved from /home/airflow/.local/lib/python3.7/site-packages/airflow/example_dags/example_external_task_marker_dag.py
[2025-01-15T00:05:42.743+0000] {logging_mixin.py:137} INFO - [2025-01-15T00:05:42.743+0000] {dag.py:2690} INFO - Sync 2 DAGs
[2025-01-15T00:05:42.754+0000] {logging_mixin.py:137} INFO - [2025-01-15T00:05:42.754+0000] {dag.py:3441} INFO - Setting next_dagrun for example_external_task_marker_child to None, run_after=None
[2025-01-15T00:05:42.755+0000] {logging_mixin.py:137} INFO - [2025-01-15T00:05:42.755+0000] {dag.py:3441} INFO - Setting next_dagrun for example_external_task_marker_parent to None, run_after=None
[2025-01-15T00:05:42.764+0000] {processor.py:175} INFO - Processing /home/airflow/.local/lib/python3.7/site-packages/airflow/example_dags/example_external_task_marker_dag.py took 0.040 seconds
[2025-01-15T00:06:13.392+0000] {processor.py:153} INFO - Started process (PID=48184) to work on /home/airflow/.local/lib/python3.7/site-packages/airflow/example_dags/example_external_task_marker_dag.py
[2025-01-15T00:06:13.393+0000] {processor.py:743} INFO - Processing file /home/airflow/.local/lib/python3.7/site-packages/airflow/example_dags/example_external_task_marker_dag.py for tasks to queue
[2025-01-15T00:06:13.393+0000] {logging_mixin.py:137} INFO - [2025-01-15T00:06:13.393+0000] {dagbag.py:538} INFO - Filling up the DagBag from /home/airflow/.local/lib/python3.7/site-packages/airflow/example_dags/example_external_task_marker_dag.py
[2025-01-15T00:06:13.399+0000] {processor.py:753} INFO - DAG(s) dict_keys(['example_external_task_marker_parent', 'example_external_task_marker_child']) retrieved from /home/airflow/.local/lib/python3.7/site-packages/airflow/example_dags/example_external_task_marker_dag.py
[2025-01-15T00:06:13.413+0000] {logging_mixin.py:137} INFO - [2025-01-15T00:06:13.413+0000] {dag.py:2690} INFO - Sync 2 DAGs
[2025-01-15T00:06:13.423+0000] {logging_mixin.py:137} INFO - [2025-01-15T00:06:13.423+0000] {dag.py:3441} INFO - Setting next_dagrun for example_external_task_marker_child to None, run_after=None
[2025-01-15T00:06:13.424+0000] {logging_mixin.py:137} INFO - [2025-01-15T00:06:13.424+0000] {dag.py:3441} INFO - Setting next_dagrun for example_external_task_marker_parent to None, run_after=None
[2025-01-15T00:06:13.494+0000] {processor.py:175} INFO - Processing /home/airflow/.local/lib/python3.7/site-packages/airflow/example_dags/example_external_task_marker_dag.py took 0.103 seconds
[2025-01-15T00:19:18.974+0000] {processor.py:153} INFO - Started process (PID=48260) to work on /home/airflow/.local/lib/python3.7/site-packages/airflow/example_dags/example_external_task_marker_dag.py
[2025-01-15T00:19:18.974+0000] {processor.py:743} INFO - Processing file /home/airflow/.local/lib/python3.7/site-packages/airflow/example_dags/example_external_task_marker_dag.py for tasks to queue
[2025-01-15T00:19:18.974+0000] {logging_mixin.py:137} INFO - [2025-01-15T00:19:18.974+0000] {dagbag.py:538} INFO - Filling up the DagBag from /home/airflow/.local/lib/python3.7/site-packages/airflow/example_dags/example_external_task_marker_dag.py
[2025-01-15T00:19:18.983+0000] {processor.py:753} INFO - DAG(s) dict_keys(['example_external_task_marker_child', 'example_external_task_marker_parent']) retrieved from /home/airflow/.local/lib/python3.7/site-packages/airflow/example_dags/example_external_task_marker_dag.py
[2025-01-15T00:19:18.999+0000] {logging_mixin.py:137} INFO - [2025-01-15T00:19:18.999+0000] {dag.py:2690} INFO - Sync 2 DAGs
[2025-01-15T00:19:19.008+0000] {logging_mixin.py:137} INFO - [2025-01-15T00:19:19.008+0000] {dag.py:3441} INFO - Setting next_dagrun for example_external_task_marker_child to None, run_after=None
[2025-01-15T00:19:19.011+0000] {logging_mixin.py:137} INFO - [2025-01-15T00:19:19.011+0000] {dag.py:3441} INFO - Setting next_dagrun for example_external_task_marker_parent to None, run_after=None
[2025-01-15T00:19:19.019+0000] {processor.py:175} INFO - Processing /home/airflow/.local/lib/python3.7/site-packages/airflow/example_dags/example_external_task_marker_dag.py took 0.047 seconds
[2025-01-15T00:19:49.588+0000] {processor.py:153} INFO - Started process (PID=48352) to work on /home/airflow/.local/lib/python3.7/site-packages/airflow/example_dags/example_external_task_marker_dag.py
[2025-01-15T00:19:49.588+0000] {processor.py:743} INFO - Processing file /home/airflow/.local/lib/python3.7/site-packages/airflow/example_dags/example_external_task_marker_dag.py for tasks to queue
[2025-01-15T00:19:49.588+0000] {logging_mixin.py:137} INFO - [2025-01-15T00:19:49.588+0000] {dagbag.py:538} INFO - Filling up the DagBag from /home/airflow/.local/lib/python3.7/site-packages/airflow/example_dags/example_external_task_marker_dag.py
[2025-01-15T00:19:49.594+0000] {processor.py:753} INFO - DAG(s) dict_keys(['example_external_task_marker_child', 'example_external_task_marker_parent']) retrieved from /home/airflow/.local/lib/python3.7/site-packages/airflow/example_dags/example_external_task_marker_dag.py
[2025-01-15T00:19:49.610+0000] {logging_mixin.py:137} INFO - [2025-01-15T00:19:49.610+0000] {dag.py:2690} INFO - Sync 2 DAGs
[2025-01-15T00:19:49.623+0000] {logging_mixin.py:137} INFO - [2025-01-15T00:19:49.623+0000] {dag.py:3441} INFO - Setting next_dagrun for example_external_task_marker_child to None, run_after=None
[2025-01-15T00:19:49.625+0000] {logging_mixin.py:137} INFO - [2025-01-15T00:19:49.625+0000] {dag.py:3441} INFO - Setting next_dagrun for example_external_task_marker_parent to None, run_after=None
[2025-01-15T00:19:49.637+0000] {processor.py:175} INFO - Processing /home/airflow/.local/lib/python3.7/site-packages/airflow/example_dags/example_external_task_marker_dag.py took 0.050 seconds
[2025-01-15T00:20:20.886+0000] {processor.py:153} INFO - Started process (PID=48444) to work on /home/airflow/.local/lib/python3.7/site-packages/airflow/example_dags/example_external_task_marker_dag.py
[2025-01-15T00:20:20.886+0000] {processor.py:743} INFO - Processing file /home/airflow/.local/lib/python3.7/site-packages/airflow/example_dags/example_external_task_marker_dag.py for tasks to queue
[2025-01-15T00:20:20.887+0000] {logging_mixin.py:137} INFO - [2025-01-15T00:20:20.887+0000] {dagbag.py:538} INFO - Filling up the DagBag from /home/airflow/.local/lib/python3.7/site-packages/airflow/example_dags/example_external_task_marker_dag.py
[2025-01-15T00:20:20.892+0000] {processor.py:753} INFO - DAG(s) dict_keys(['example_external_task_marker_parent', 'example_external_task_marker_child']) retrieved from /home/airflow/.local/lib/python3.7/site-packages/airflow/example_dags/example_external_task_marker_dag.py
[2025-01-15T00:20:20.904+0000] {logging_mixin.py:137} INFO - [2025-01-15T00:20:20.904+0000] {dag.py:2690} INFO - Sync 2 DAGs
[2025-01-15T00:20:20.913+0000] {logging_mixin.py:137} INFO - [2025-01-15T00:20:20.913+0000] {dag.py:3441} INFO - Setting next_dagrun for example_external_task_marker_child to None, run_after=None
[2025-01-15T00:20:20.915+0000] {logging_mixin.py:137} INFO - [2025-01-15T00:20:20.915+0000] {dag.py:3441} INFO - Setting next_dagrun for example_external_task_marker_parent to None, run_after=None
[2025-01-15T00:20:20.921+0000] {processor.py:175} INFO - Processing /home/airflow/.local/lib/python3.7/site-packages/airflow/example_dags/example_external_task_marker_dag.py took 0.036 seconds
[2025-01-15T00:23:11.192+0000] {processor.py:153} INFO - Started process (PID=48535) to work on /home/airflow/.local/lib/python3.7/site-packages/airflow/example_dags/example_external_task_marker_dag.py
[2025-01-15T00:23:11.192+0000] {processor.py:743} INFO - Processing file /home/airflow/.local/lib/python3.7/site-packages/airflow/example_dags/example_external_task_marker_dag.py for tasks to queue
[2025-01-15T00:23:11.192+0000] {logging_mixin.py:137} INFO - [2025-01-15T00:23:11.192+0000] {dagbag.py:538} INFO - Filling up the DagBag from /home/airflow/.local/lib/python3.7/site-packages/airflow/example_dags/example_external_task_marker_dag.py
[2025-01-15T00:23:11.198+0000] {processor.py:753} INFO - DAG(s) dict_keys(['example_external_task_marker_parent', 'example_external_task_marker_child']) retrieved from /home/airflow/.local/lib/python3.7/site-packages/airflow/example_dags/example_external_task_marker_dag.py
[2025-01-15T00:23:11.210+0000] {logging_mixin.py:137} INFO - [2025-01-15T00:23:11.210+0000] {dag.py:2690} INFO - Sync 2 DAGs
[2025-01-15T00:23:11.285+0000] {logging_mixin.py:137} INFO - [2025-01-15T00:23:11.284+0000] {dag.py:3441} INFO - Setting next_dagrun for example_external_task_marker_child to None, run_after=None
[2025-01-15T00:23:11.287+0000] {logging_mixin.py:137} INFO - [2025-01-15T00:23:11.287+0000] {dag.py:3441} INFO - Setting next_dagrun for example_external_task_marker_parent to None, run_after=None
[2025-01-15T00:23:11.295+0000] {processor.py:175} INFO - Processing /home/airflow/.local/lib/python3.7/site-packages/airflow/example_dags/example_external_task_marker_dag.py took 0.105 seconds
[2025-01-15T00:23:41.364+0000] {processor.py:153} INFO - Started process (PID=48611) to work on /home/airflow/.local/lib/python3.7/site-packages/airflow/example_dags/example_external_task_marker_dag.py
[2025-01-15T00:23:41.366+0000] {processor.py:743} INFO - Processing file /home/airflow/.local/lib/python3.7/site-packages/airflow/example_dags/example_external_task_marker_dag.py for tasks to queue
[2025-01-15T00:23:41.366+0000] {logging_mixin.py:137} INFO - [2025-01-15T00:23:41.366+0000] {dagbag.py:538} INFO - Filling up the DagBag from /home/airflow/.local/lib/python3.7/site-packages/airflow/example_dags/example_external_task_marker_dag.py
[2025-01-15T00:23:41.372+0000] {processor.py:753} INFO - DAG(s) dict_keys(['example_external_task_marker_child', 'example_external_task_marker_parent']) retrieved from /home/airflow/.local/lib/python3.7/site-packages/airflow/example_dags/example_external_task_marker_dag.py
[2025-01-15T00:23:41.385+0000] {logging_mixin.py:137} INFO - [2025-01-15T00:23:41.385+0000] {dag.py:2690} INFO - Sync 2 DAGs
[2025-01-15T00:23:41.394+0000] {logging_mixin.py:137} INFO - [2025-01-15T00:23:41.394+0000] {dag.py:3441} INFO - Setting next_dagrun for example_external_task_marker_child to None, run_after=None
[2025-01-15T00:23:41.396+0000] {logging_mixin.py:137} INFO - [2025-01-15T00:23:41.396+0000] {dag.py:3441} INFO - Setting next_dagrun for example_external_task_marker_parent to None, run_after=None
[2025-01-15T00:23:41.406+0000] {processor.py:175} INFO - Processing /home/airflow/.local/lib/python3.7/site-packages/airflow/example_dags/example_external_task_marker_dag.py took 0.043 seconds
[2025-01-15T00:24:21.158+0000] {processor.py:153} INFO - Started process (PID=48703) to work on /home/airflow/.local/lib/python3.7/site-packages/airflow/example_dags/example_external_task_marker_dag.py
[2025-01-15T00:24:21.159+0000] {processor.py:743} INFO - Processing file /home/airflow/.local/lib/python3.7/site-packages/airflow/example_dags/example_external_task_marker_dag.py for tasks to queue
[2025-01-15T00:24:21.159+0000] {logging_mixin.py:137} INFO - [2025-01-15T00:24:21.159+0000] {dagbag.py:538} INFO - Filling up the DagBag from /home/airflow/.local/lib/python3.7/site-packages/airflow/example_dags/example_external_task_marker_dag.py
[2025-01-15T00:24:21.165+0000] {processor.py:753} INFO - DAG(s) dict_keys(['example_external_task_marker_child', 'example_external_task_marker_parent']) retrieved from /home/airflow/.local/lib/python3.7/site-packages/airflow/example_dags/example_external_task_marker_dag.py
[2025-01-15T00:24:21.176+0000] {logging_mixin.py:137} INFO - [2025-01-15T00:24:21.176+0000] {dag.py:2690} INFO - Sync 2 DAGs
[2025-01-15T00:24:21.187+0000] {logging_mixin.py:137} INFO - [2025-01-15T00:24:21.187+0000] {dag.py:3441} INFO - Setting next_dagrun for example_external_task_marker_child to None, run_after=None
[2025-01-15T00:24:21.188+0000] {logging_mixin.py:137} INFO - [2025-01-15T00:24:21.188+0000] {dag.py:3441} INFO - Setting next_dagrun for example_external_task_marker_parent to None, run_after=None
[2025-01-15T00:24:21.195+0000] {processor.py:175} INFO - Processing /home/airflow/.local/lib/python3.7/site-packages/airflow/example_dags/example_external_task_marker_dag.py took 0.039 seconds
[2025-01-15T00:24:51.979+0000] {processor.py:153} INFO - Started process (PID=48795) to work on /home/airflow/.local/lib/python3.7/site-packages/airflow/example_dags/example_external_task_marker_dag.py
[2025-01-15T00:24:51.980+0000] {processor.py:743} INFO - Processing file /home/airflow/.local/lib/python3.7/site-packages/airflow/example_dags/example_external_task_marker_dag.py for tasks to queue
[2025-01-15T00:24:51.980+0000] {logging_mixin.py:137} INFO - [2025-01-15T00:24:51.980+0000] {dagbag.py:538} INFO - Filling up the DagBag from /home/airflow/.local/lib/python3.7/site-packages/airflow/example_dags/example_external_task_marker_dag.py
[2025-01-15T00:24:51.985+0000] {processor.py:753} INFO - DAG(s) dict_keys(['example_external_task_marker_parent', 'example_external_task_marker_child']) retrieved from /home/airflow/.local/lib/python3.7/site-packages/airflow/example_dags/example_external_task_marker_dag.py
[2025-01-15T00:24:51.996+0000] {logging_mixin.py:137} INFO - [2025-01-15T00:24:51.996+0000] {dag.py:2690} INFO - Sync 2 DAGs
[2025-01-15T00:24:52.074+0000] {logging_mixin.py:137} INFO - [2025-01-15T00:24:52.074+0000] {dag.py:3441} INFO - Setting next_dagrun for example_external_task_marker_child to None, run_after=None
[2025-01-15T00:24:52.076+0000] {logging_mixin.py:137} INFO - [2025-01-15T00:24:52.076+0000] {dag.py:3441} INFO - Setting next_dagrun for example_external_task_marker_parent to None, run_after=None
[2025-01-15T00:24:52.082+0000] {processor.py:175} INFO - Processing /home/airflow/.local/lib/python3.7/site-packages/airflow/example_dags/example_external_task_marker_dag.py took 0.104 seconds
[2025-01-15T00:25:22.223+0000] {processor.py:153} INFO - Started process (PID=48878) to work on /home/airflow/.local/lib/python3.7/site-packages/airflow/example_dags/example_external_task_marker_dag.py
[2025-01-15T00:25:22.224+0000] {processor.py:743} INFO - Processing file /home/airflow/.local/lib/python3.7/site-packages/airflow/example_dags/example_external_task_marker_dag.py for tasks to queue
[2025-01-15T00:25:22.225+0000] {logging_mixin.py:137} INFO - [2025-01-15T00:25:22.225+0000] {dagbag.py:538} INFO - Filling up the DagBag from /home/airflow/.local/lib/python3.7/site-packages/airflow/example_dags/example_external_task_marker_dag.py
[2025-01-15T00:25:22.231+0000] {processor.py:753} INFO - DAG(s) dict_keys(['example_external_task_marker_child', 'example_external_task_marker_parent']) retrieved from /home/airflow/.local/lib/python3.7/site-packages/airflow/example_dags/example_external_task_marker_dag.py
[2025-01-15T00:25:22.242+0000] {logging_mixin.py:137} INFO - [2025-01-15T00:25:22.242+0000] {dag.py:2690} INFO - Sync 2 DAGs
[2025-01-15T00:25:22.252+0000] {logging_mixin.py:137} INFO - [2025-01-15T00:25:22.252+0000] {dag.py:3441} INFO - Setting next_dagrun for example_external_task_marker_child to None, run_after=None
[2025-01-15T00:25:22.255+0000] {logging_mixin.py:137} INFO - [2025-01-15T00:25:22.255+0000] {dag.py:3441} INFO - Setting next_dagrun for example_external_task_marker_parent to None, run_after=None
[2025-01-15T00:25:22.267+0000] {processor.py:175} INFO - Processing /home/airflow/.local/lib/python3.7/site-packages/airflow/example_dags/example_external_task_marker_dag.py took 0.046 seconds
[2025-01-15T00:34:06.199+0000] {processor.py:153} INFO - Started process (PID=48962) to work on /home/airflow/.local/lib/python3.7/site-packages/airflow/example_dags/example_external_task_marker_dag.py
[2025-01-15T00:34:06.200+0000] {processor.py:743} INFO - Processing file /home/airflow/.local/lib/python3.7/site-packages/airflow/example_dags/example_external_task_marker_dag.py for tasks to queue
[2025-01-15T00:34:06.200+0000] {logging_mixin.py:137} INFO - [2025-01-15T00:34:06.200+0000] {dagbag.py:538} INFO - Filling up the DagBag from /home/airflow/.local/lib/python3.7/site-packages/airflow/example_dags/example_external_task_marker_dag.py
[2025-01-15T00:34:06.206+0000] {processor.py:753} INFO - DAG(s) dict_keys(['example_external_task_marker_parent', 'example_external_task_marker_child']) retrieved from /home/airflow/.local/lib/python3.7/site-packages/airflow/example_dags/example_external_task_marker_dag.py
[2025-01-15T00:34:06.217+0000] {logging_mixin.py:137} INFO - [2025-01-15T00:34:06.217+0000] {dag.py:2690} INFO - Sync 2 DAGs
[2025-01-15T00:34:06.228+0000] {logging_mixin.py:137} INFO - [2025-01-15T00:34:06.228+0000] {dag.py:3441} INFO - Setting next_dagrun for example_external_task_marker_child to None, run_after=None
[2025-01-15T00:34:06.230+0000] {logging_mixin.py:137} INFO - [2025-01-15T00:34:06.230+0000] {dag.py:3441} INFO - Setting next_dagrun for example_external_task_marker_parent to None, run_after=None
[2025-01-15T00:34:06.240+0000] {processor.py:175} INFO - Processing /home/airflow/.local/lib/python3.7/site-packages/airflow/example_dags/example_external_task_marker_dag.py took 0.042 seconds
[2025-01-15T00:34:36.686+0000] {processor.py:153} INFO - Started process (PID=49054) to work on /home/airflow/.local/lib/python3.7/site-packages/airflow/example_dags/example_external_task_marker_dag.py
[2025-01-15T00:34:36.687+0000] {processor.py:743} INFO - Processing file /home/airflow/.local/lib/python3.7/site-packages/airflow/example_dags/example_external_task_marker_dag.py for tasks to queue
[2025-01-15T00:34:36.687+0000] {logging_mixin.py:137} INFO - [2025-01-15T00:34:36.687+0000] {dagbag.py:538} INFO - Filling up the DagBag from /home/airflow/.local/lib/python3.7/site-packages/airflow/example_dags/example_external_task_marker_dag.py
[2025-01-15T00:34:36.693+0000] {processor.py:753} INFO - DAG(s) dict_keys(['example_external_task_marker_parent', 'example_external_task_marker_child']) retrieved from /home/airflow/.local/lib/python3.7/site-packages/airflow/example_dags/example_external_task_marker_dag.py
[2025-01-15T00:34:36.704+0000] {logging_mixin.py:137} INFO - [2025-01-15T00:34:36.704+0000] {dag.py:2690} INFO - Sync 2 DAGs
[2025-01-15T00:34:36.714+0000] {logging_mixin.py:137} INFO - [2025-01-15T00:34:36.714+0000] {dag.py:3441} INFO - Setting next_dagrun for example_external_task_marker_child to None, run_after=None
[2025-01-15T00:34:36.715+0000] {logging_mixin.py:137} INFO - [2025-01-15T00:34:36.715+0000] {dag.py:3441} INFO - Setting next_dagrun for example_external_task_marker_parent to None, run_after=None
[2025-01-15T00:34:36.789+0000] {processor.py:175} INFO - Processing /home/airflow/.local/lib/python3.7/site-packages/airflow/example_dags/example_external_task_marker_dag.py took 0.104 seconds
[2025-01-15T00:39:09.052+0000] {processor.py:153} INFO - Started process (PID=49146) to work on /home/airflow/.local/lib/python3.7/site-packages/airflow/example_dags/example_external_task_marker_dag.py
[2025-01-15T00:39:09.053+0000] {processor.py:743} INFO - Processing file /home/airflow/.local/lib/python3.7/site-packages/airflow/example_dags/example_external_task_marker_dag.py for tasks to queue
[2025-01-15T00:39:09.053+0000] {logging_mixin.py:137} INFO - [2025-01-15T00:39:09.053+0000] {dagbag.py:538} INFO - Filling up the DagBag from /home/airflow/.local/lib/python3.7/site-packages/airflow/example_dags/example_external_task_marker_dag.py
[2025-01-15T00:39:09.060+0000] {processor.py:753} INFO - DAG(s) dict_keys(['example_external_task_marker_parent', 'example_external_task_marker_child']) retrieved from /home/airflow/.local/lib/python3.7/site-packages/airflow/example_dags/example_external_task_marker_dag.py
[2025-01-15T00:39:09.071+0000] {logging_mixin.py:137} INFO - [2025-01-15T00:39:09.070+0000] {dag.py:2690} INFO - Sync 2 DAGs
[2025-01-15T00:39:09.147+0000] {logging_mixin.py:137} INFO - [2025-01-15T00:39:09.147+0000] {dag.py:3441} INFO - Setting next_dagrun for example_external_task_marker_child to None, run_after=None
[2025-01-15T00:39:09.149+0000] {logging_mixin.py:137} INFO - [2025-01-15T00:39:09.149+0000] {dag.py:3441} INFO - Setting next_dagrun for example_external_task_marker_parent to None, run_after=None
[2025-01-15T00:39:09.156+0000] {processor.py:175} INFO - Processing /home/airflow/.local/lib/python3.7/site-packages/airflow/example_dags/example_external_task_marker_dag.py took 0.105 seconds
[2025-01-15T00:39:39.440+0000] {processor.py:153} INFO - Started process (PID=49222) to work on /home/airflow/.local/lib/python3.7/site-packages/airflow/example_dags/example_external_task_marker_dag.py
[2025-01-15T00:39:39.443+0000] {processor.py:743} INFO - Processing file /home/airflow/.local/lib/python3.7/site-packages/airflow/example_dags/example_external_task_marker_dag.py for tasks to queue
[2025-01-15T00:39:39.444+0000] {logging_mixin.py:137} INFO - [2025-01-15T00:39:39.444+0000] {dagbag.py:538} INFO - Filling up the DagBag from /home/airflow/.local/lib/python3.7/site-packages/airflow/example_dags/example_external_task_marker_dag.py
[2025-01-15T00:39:39.465+0000] {processor.py:753} INFO - DAG(s) dict_keys(['example_external_task_marker_child', 'example_external_task_marker_parent']) retrieved from /home/airflow/.local/lib/python3.7/site-packages/airflow/example_dags/example_external_task_marker_dag.py
[2025-01-15T00:39:39.484+0000] {logging_mixin.py:137} INFO - [2025-01-15T00:39:39.484+0000] {dag.py:2690} INFO - Sync 2 DAGs
[2025-01-15T00:39:39.496+0000] {logging_mixin.py:137} INFO - [2025-01-15T00:39:39.496+0000] {dag.py:3441} INFO - Setting next_dagrun for example_external_task_marker_child to None, run_after=None
[2025-01-15T00:39:39.499+0000] {logging_mixin.py:137} INFO - [2025-01-15T00:39:39.499+0000] {dag.py:3441} INFO - Setting next_dagrun for example_external_task_marker_parent to None, run_after=None
[2025-01-15T00:39:39.511+0000] {processor.py:175} INFO - Processing /home/airflow/.local/lib/python3.7/site-packages/airflow/example_dags/example_external_task_marker_dag.py took 0.073 seconds
[2025-01-15T00:40:10.765+0000] {processor.py:153} INFO - Started process (PID=49314) to work on /home/airflow/.local/lib/python3.7/site-packages/airflow/example_dags/example_external_task_marker_dag.py
[2025-01-15T00:40:10.765+0000] {processor.py:743} INFO - Processing file /home/airflow/.local/lib/python3.7/site-packages/airflow/example_dags/example_external_task_marker_dag.py for tasks to queue
[2025-01-15T00:40:10.766+0000] {logging_mixin.py:137} INFO - [2025-01-15T00:40:10.766+0000] {dagbag.py:538} INFO - Filling up the DagBag from /home/airflow/.local/lib/python3.7/site-packages/airflow/example_dags/example_external_task_marker_dag.py
[2025-01-15T00:40:10.772+0000] {processor.py:753} INFO - DAG(s) dict_keys(['example_external_task_marker_parent', 'example_external_task_marker_child']) retrieved from /home/airflow/.local/lib/python3.7/site-packages/airflow/example_dags/example_external_task_marker_dag.py
[2025-01-15T00:40:10.785+0000] {logging_mixin.py:137} INFO - [2025-01-15T00:40:10.784+0000] {dag.py:2690} INFO - Sync 2 DAGs
[2025-01-15T00:40:10.797+0000] {logging_mixin.py:137} INFO - [2025-01-15T00:40:10.797+0000] {dag.py:3441} INFO - Setting next_dagrun for example_external_task_marker_child to None, run_after=None
[2025-01-15T00:40:10.799+0000] {logging_mixin.py:137} INFO - [2025-01-15T00:40:10.799+0000] {dag.py:3441} INFO - Setting next_dagrun for example_external_task_marker_parent to None, run_after=None
[2025-01-15T00:40:10.808+0000] {processor.py:175} INFO - Processing /home/airflow/.local/lib/python3.7/site-packages/airflow/example_dags/example_external_task_marker_dag.py took 0.045 seconds
[2025-01-15T00:46:05.744+0000] {processor.py:153} INFO - Started process (PID=49406) to work on /home/airflow/.local/lib/python3.7/site-packages/airflow/example_dags/example_external_task_marker_dag.py
[2025-01-15T00:46:05.744+0000] {processor.py:743} INFO - Processing file /home/airflow/.local/lib/python3.7/site-packages/airflow/example_dags/example_external_task_marker_dag.py for tasks to queue
[2025-01-15T00:46:05.745+0000] {logging_mixin.py:137} INFO - [2025-01-15T00:46:05.745+0000] {dagbag.py:538} INFO - Filling up the DagBag from /home/airflow/.local/lib/python3.7/site-packages/airflow/example_dags/example_external_task_marker_dag.py
[2025-01-15T00:46:05.750+0000] {processor.py:753} INFO - DAG(s) dict_keys(['example_external_task_marker_parent', 'example_external_task_marker_child']) retrieved from /home/airflow/.local/lib/python3.7/site-packages/airflow/example_dags/example_external_task_marker_dag.py
[2025-01-15T00:46:05.762+0000] {logging_mixin.py:137} INFO - [2025-01-15T00:46:05.762+0000] {dag.py:2690} INFO - Sync 2 DAGs
[2025-01-15T00:46:05.838+0000] {logging_mixin.py:137} INFO - [2025-01-15T00:46:05.838+0000] {dag.py:3441} INFO - Setting next_dagrun for example_external_task_marker_child to None, run_after=None
[2025-01-15T00:46:05.843+0000] {logging_mixin.py:137} INFO - [2025-01-15T00:46:05.843+0000] {dag.py:3441} INFO - Setting next_dagrun for example_external_task_marker_parent to None, run_after=None
[2025-01-15T00:46:05.851+0000] {processor.py:175} INFO - Processing /home/airflow/.local/lib/python3.7/site-packages/airflow/example_dags/example_external_task_marker_dag.py took 0.108 seconds
[2025-01-15T00:46:35.905+0000] {processor.py:153} INFO - Started process (PID=49498) to work on /home/airflow/.local/lib/python3.7/site-packages/airflow/example_dags/example_external_task_marker_dag.py
[2025-01-15T00:46:35.906+0000] {processor.py:743} INFO - Processing file /home/airflow/.local/lib/python3.7/site-packages/airflow/example_dags/example_external_task_marker_dag.py for tasks to queue
[2025-01-15T00:46:35.906+0000] {logging_mixin.py:137} INFO - [2025-01-15T00:46:35.906+0000] {dagbag.py:538} INFO - Filling up the DagBag from /home/airflow/.local/lib/python3.7/site-packages/airflow/example_dags/example_external_task_marker_dag.py
[2025-01-15T00:46:35.914+0000] {processor.py:753} INFO - DAG(s) dict_keys(['example_external_task_marker_parent', 'example_external_task_marker_child']) retrieved from /home/airflow/.local/lib/python3.7/site-packages/airflow/example_dags/example_external_task_marker_dag.py
[2025-01-15T00:46:35.929+0000] {logging_mixin.py:137} INFO - [2025-01-15T00:46:35.929+0000] {dag.py:2690} INFO - Sync 2 DAGs
[2025-01-15T00:46:35.941+0000] {logging_mixin.py:137} INFO - [2025-01-15T00:46:35.941+0000] {dag.py:3441} INFO - Setting next_dagrun for example_external_task_marker_child to None, run_after=None
[2025-01-15T00:46:35.943+0000] {logging_mixin.py:137} INFO - [2025-01-15T00:46:35.943+0000] {dag.py:3441} INFO - Setting next_dagrun for example_external_task_marker_parent to None, run_after=None
[2025-01-15T00:46:35.950+0000] {processor.py:175} INFO - Processing /home/airflow/.local/lib/python3.7/site-packages/airflow/example_dags/example_external_task_marker_dag.py took 0.046 seconds
[2025-01-15T00:48:07.596+0000] {processor.py:153} INFO - Started process (PID=49574) to work on /home/airflow/.local/lib/python3.7/site-packages/airflow/example_dags/example_external_task_marker_dag.py
[2025-01-15T00:48:07.597+0000] {processor.py:743} INFO - Processing file /home/airflow/.local/lib/python3.7/site-packages/airflow/example_dags/example_external_task_marker_dag.py for tasks to queue
[2025-01-15T00:48:07.598+0000] {logging_mixin.py:137} INFO - [2025-01-15T00:48:07.597+0000] {dagbag.py:538} INFO - Filling up the DagBag from /home/airflow/.local/lib/python3.7/site-packages/airflow/example_dags/example_external_task_marker_dag.py
[2025-01-15T00:48:07.603+0000] {processor.py:753} INFO - DAG(s) dict_keys(['example_external_task_marker_parent', 'example_external_task_marker_child']) retrieved from /home/airflow/.local/lib/python3.7/site-packages/airflow/example_dags/example_external_task_marker_dag.py
[2025-01-15T00:48:07.617+0000] {logging_mixin.py:137} INFO - [2025-01-15T00:48:07.617+0000] {dag.py:2690} INFO - Sync 2 DAGs
[2025-01-15T00:48:07.629+0000] {logging_mixin.py:137} INFO - [2025-01-15T00:48:07.629+0000] {dag.py:3441} INFO - Setting next_dagrun for example_external_task_marker_child to None, run_after=None
[2025-01-15T00:48:07.633+0000] {logging_mixin.py:137} INFO - [2025-01-15T00:48:07.633+0000] {dag.py:3441} INFO - Setting next_dagrun for example_external_task_marker_parent to None, run_after=None
[2025-01-15T00:48:07.641+0000] {processor.py:175} INFO - Processing /home/airflow/.local/lib/python3.7/site-packages/airflow/example_dags/example_external_task_marker_dag.py took 0.046 seconds
[2025-01-15T00:48:38.219+0000] {processor.py:153} INFO - Started process (PID=49666) to work on /home/airflow/.local/lib/python3.7/site-packages/airflow/example_dags/example_external_task_marker_dag.py
[2025-01-15T00:48:38.220+0000] {processor.py:743} INFO - Processing file /home/airflow/.local/lib/python3.7/site-packages/airflow/example_dags/example_external_task_marker_dag.py for tasks to queue
[2025-01-15T00:48:38.221+0000] {logging_mixin.py:137} INFO - [2025-01-15T00:48:38.221+0000] {dagbag.py:538} INFO - Filling up the DagBag from /home/airflow/.local/lib/python3.7/site-packages/airflow/example_dags/example_external_task_marker_dag.py
[2025-01-15T00:48:38.229+0000] {processor.py:753} INFO - DAG(s) dict_keys(['example_external_task_marker_child', 'example_external_task_marker_parent']) retrieved from /home/airflow/.local/lib/python3.7/site-packages/airflow/example_dags/example_external_task_marker_dag.py
[2025-01-15T00:48:38.242+0000] {logging_mixin.py:137} INFO - [2025-01-15T00:48:38.242+0000] {dag.py:2690} INFO - Sync 2 DAGs
[2025-01-15T00:48:38.318+0000] {logging_mixin.py:137} INFO - [2025-01-15T00:48:38.318+0000] {dag.py:3441} INFO - Setting next_dagrun for example_external_task_marker_child to None, run_after=None
[2025-01-15T00:48:38.325+0000] {logging_mixin.py:137} INFO - [2025-01-15T00:48:38.325+0000] {dag.py:3441} INFO - Setting next_dagrun for example_external_task_marker_parent to None, run_after=None
[2025-01-15T00:48:38.331+0000] {processor.py:175} INFO - Processing /home/airflow/.local/lib/python3.7/site-packages/airflow/example_dags/example_external_task_marker_dag.py took 0.113 seconds
[2025-01-15T00:49:09.292+0000] {processor.py:153} INFO - Started process (PID=49758) to work on /home/airflow/.local/lib/python3.7/site-packages/airflow/example_dags/example_external_task_marker_dag.py
[2025-01-15T00:49:09.292+0000] {processor.py:743} INFO - Processing file /home/airflow/.local/lib/python3.7/site-packages/airflow/example_dags/example_external_task_marker_dag.py for tasks to queue
[2025-01-15T00:49:09.293+0000] {logging_mixin.py:137} INFO - [2025-01-15T00:49:09.293+0000] {dagbag.py:538} INFO - Filling up the DagBag from /home/airflow/.local/lib/python3.7/site-packages/airflow/example_dags/example_external_task_marker_dag.py
[2025-01-15T00:49:09.298+0000] {processor.py:753} INFO - DAG(s) dict_keys(['example_external_task_marker_child', 'example_external_task_marker_parent']) retrieved from /home/airflow/.local/lib/python3.7/site-packages/airflow/example_dags/example_external_task_marker_dag.py
[2025-01-15T00:49:09.309+0000] {logging_mixin.py:137} INFO - [2025-01-15T00:49:09.309+0000] {dag.py:2690} INFO - Sync 2 DAGs
[2025-01-15T00:49:09.386+0000] {logging_mixin.py:137} INFO - [2025-01-15T00:49:09.386+0000] {dag.py:3441} INFO - Setting next_dagrun for example_external_task_marker_child to None, run_after=None
[2025-01-15T00:49:09.387+0000] {logging_mixin.py:137} INFO - [2025-01-15T00:49:09.387+0000] {dag.py:3441} INFO - Setting next_dagrun for example_external_task_marker_parent to None, run_after=None
[2025-01-15T00:49:09.395+0000] {processor.py:175} INFO - Processing /home/airflow/.local/lib/python3.7/site-packages/airflow/example_dags/example_external_task_marker_dag.py took 0.105 seconds
[2025-01-15T01:03:13.661+0000] {processor.py:153} INFO - Started process (PID=49834) to work on /home/airflow/.local/lib/python3.7/site-packages/airflow/example_dags/example_external_task_marker_dag.py
[2025-01-15T01:03:13.661+0000] {processor.py:743} INFO - Processing file /home/airflow/.local/lib/python3.7/site-packages/airflow/example_dags/example_external_task_marker_dag.py for tasks to queue
[2025-01-15T01:03:13.662+0000] {logging_mixin.py:137} INFO - [2025-01-15T01:03:13.662+0000] {dagbag.py:538} INFO - Filling up the DagBag from /home/airflow/.local/lib/python3.7/site-packages/airflow/example_dags/example_external_task_marker_dag.py
[2025-01-15T01:03:13.667+0000] {processor.py:753} INFO - DAG(s) dict_keys(['example_external_task_marker_parent', 'example_external_task_marker_child']) retrieved from /home/airflow/.local/lib/python3.7/site-packages/airflow/example_dags/example_external_task_marker_dag.py
[2025-01-15T01:03:13.678+0000] {logging_mixin.py:137} INFO - [2025-01-15T01:03:13.678+0000] {dag.py:2690} INFO - Sync 2 DAGs
[2025-01-15T01:03:13.690+0000] {logging_mixin.py:137} INFO - [2025-01-15T01:03:13.690+0000] {dag.py:3441} INFO - Setting next_dagrun for example_external_task_marker_child to None, run_after=None
[2025-01-15T01:03:13.692+0000] {logging_mixin.py:137} INFO - [2025-01-15T01:03:13.692+0000] {dag.py:3441} INFO - Setting next_dagrun for example_external_task_marker_parent to None, run_after=None
[2025-01-15T01:03:13.700+0000] {processor.py:175} INFO - Processing /home/airflow/.local/lib/python3.7/site-packages/airflow/example_dags/example_external_task_marker_dag.py took 0.041 seconds
