[2025-01-15T00:05:41.382+0000] {processor.py:153} INFO - Started process (PID=48065) to work on /home/airflow/.local/lib/python3.7/site-packages/airflow/example_dags/example_skip_dag.py
[2025-01-15T00:05:41.383+0000] {processor.py:743} INFO - Processing file /home/airflow/.local/lib/python3.7/site-packages/airflow/example_dags/example_skip_dag.py for tasks to queue
[2025-01-15T00:05:41.384+0000] {logging_mixin.py:137} INFO - [2025-01-15T00:05:41.384+0000] {dagbag.py:538} INFO - Filling up the DagBag from /home/airflow/.local/lib/python3.7/site-packages/airflow/example_dags/example_skip_dag.py
[2025-01-15T00:05:41.398+0000] {processor.py:753} INFO - DAG(s) dict_keys(['example_skip_dag']) retrieved from /home/airflow/.local/lib/python3.7/site-packages/airflow/example_dags/example_skip_dag.py
[2025-01-15T00:05:41.412+0000] {logging_mixin.py:137} INFO - [2025-01-15T00:05:41.412+0000] {dag.py:2690} INFO - Sync 1 DAGs
[2025-01-15T00:05:41.434+0000] {logging_mixin.py:137} INFO - [2025-01-15T00:05:41.433+0000] {dag.py:3441} INFO - Setting next_dagrun for example_skip_dag to 2025-01-14T00:05:41.433654+00:00, run_after=2025-01-15T00:05:41.433654+00:00
[2025-01-15T00:05:41.471+0000] {processor.py:175} INFO - Processing /home/airflow/.local/lib/python3.7/site-packages/airflow/example_dags/example_skip_dag.py took 0.092 seconds
[2025-01-15T00:06:11.806+0000] {processor.py:153} INFO - Started process (PID=48158) to work on /home/airflow/.local/lib/python3.7/site-packages/airflow/example_dags/example_skip_dag.py
[2025-01-15T00:06:11.806+0000] {processor.py:743} INFO - Processing file /home/airflow/.local/lib/python3.7/site-packages/airflow/example_dags/example_skip_dag.py for tasks to queue
[2025-01-15T00:06:11.806+0000] {logging_mixin.py:137} INFO - [2025-01-15T00:06:11.806+0000] {dagbag.py:538} INFO - Filling up the DagBag from /home/airflow/.local/lib/python3.7/site-packages/airflow/example_dags/example_skip_dag.py
[2025-01-15T00:06:11.813+0000] {processor.py:753} INFO - DAG(s) dict_keys(['example_skip_dag']) retrieved from /home/airflow/.local/lib/python3.7/site-packages/airflow/example_dags/example_skip_dag.py
[2025-01-15T00:06:11.828+0000] {logging_mixin.py:137} INFO - [2025-01-15T00:06:11.828+0000] {dag.py:2690} INFO - Sync 1 DAGs
[2025-01-15T00:06:11.837+0000] {logging_mixin.py:137} INFO - [2025-01-15T00:06:11.837+0000] {dag.py:3441} INFO - Setting next_dagrun for example_skip_dag to 2025-01-14T00:06:11.837192+00:00, run_after=2025-01-15T00:06:11.837192+00:00
[2025-01-15T00:06:11.910+0000] {processor.py:175} INFO - Processing /home/airflow/.local/lib/python3.7/site-packages/airflow/example_dags/example_skip_dag.py took 0.106 seconds
[2025-01-15T00:19:18.015+0000] {processor.py:153} INFO - Started process (PID=48235) to work on /home/airflow/.local/lib/python3.7/site-packages/airflow/example_dags/example_skip_dag.py
[2025-01-15T00:19:18.015+0000] {processor.py:743} INFO - Processing file /home/airflow/.local/lib/python3.7/site-packages/airflow/example_dags/example_skip_dag.py for tasks to queue
[2025-01-15T00:19:18.015+0000] {logging_mixin.py:137} INFO - [2025-01-15T00:19:18.015+0000] {dagbag.py:538} INFO - Filling up the DagBag from /home/airflow/.local/lib/python3.7/site-packages/airflow/example_dags/example_skip_dag.py
[2025-01-15T00:19:18.022+0000] {processor.py:753} INFO - DAG(s) dict_keys(['example_skip_dag']) retrieved from /home/airflow/.local/lib/python3.7/site-packages/airflow/example_dags/example_skip_dag.py
[2025-01-15T00:19:18.032+0000] {logging_mixin.py:137} INFO - [2025-01-15T00:19:18.032+0000] {dag.py:2690} INFO - Sync 1 DAGs
[2025-01-15T00:19:18.103+0000] {logging_mixin.py:137} INFO - [2025-01-15T00:19:18.103+0000] {dag.py:3441} INFO - Setting next_dagrun for example_skip_dag to 2025-01-14T00:19:18.102991+00:00, run_after=2025-01-15T00:19:18.102991+00:00
[2025-01-15T00:19:18.109+0000] {processor.py:175} INFO - Processing /home/airflow/.local/lib/python3.7/site-packages/airflow/example_dags/example_skip_dag.py took 0.096 seconds
[2025-01-15T00:19:48.843+0000] {processor.py:153} INFO - Started process (PID=48328) to work on /home/airflow/.local/lib/python3.7/site-packages/airflow/example_dags/example_skip_dag.py
[2025-01-15T00:19:48.844+0000] {processor.py:743} INFO - Processing file /home/airflow/.local/lib/python3.7/site-packages/airflow/example_dags/example_skip_dag.py for tasks to queue
[2025-01-15T00:19:48.844+0000] {logging_mixin.py:137} INFO - [2025-01-15T00:19:48.844+0000] {dagbag.py:538} INFO - Filling up the DagBag from /home/airflow/.local/lib/python3.7/site-packages/airflow/example_dags/example_skip_dag.py
[2025-01-15T00:19:48.850+0000] {processor.py:753} INFO - DAG(s) dict_keys(['example_skip_dag']) retrieved from /home/airflow/.local/lib/python3.7/site-packages/airflow/example_dags/example_skip_dag.py
[2025-01-15T00:19:48.860+0000] {logging_mixin.py:137} INFO - [2025-01-15T00:19:48.860+0000] {dag.py:2690} INFO - Sync 1 DAGs
[2025-01-15T00:19:48.869+0000] {logging_mixin.py:137} INFO - [2025-01-15T00:19:48.869+0000] {dag.py:3441} INFO - Setting next_dagrun for example_skip_dag to 2025-01-14T00:19:48.869264+00:00, run_after=2025-01-15T00:19:48.869264+00:00
[2025-01-15T00:19:48.875+0000] {processor.py:175} INFO - Processing /home/airflow/.local/lib/python3.7/site-packages/airflow/example_dags/example_skip_dag.py took 0.034 seconds
[2025-01-15T00:20:19.608+0000] {processor.py:153} INFO - Started process (PID=48420) to work on /home/airflow/.local/lib/python3.7/site-packages/airflow/example_dags/example_skip_dag.py
[2025-01-15T00:20:19.608+0000] {processor.py:743} INFO - Processing file /home/airflow/.local/lib/python3.7/site-packages/airflow/example_dags/example_skip_dag.py for tasks to queue
[2025-01-15T00:20:19.608+0000] {logging_mixin.py:137} INFO - [2025-01-15T00:20:19.608+0000] {dagbag.py:538} INFO - Filling up the DagBag from /home/airflow/.local/lib/python3.7/site-packages/airflow/example_dags/example_skip_dag.py
[2025-01-15T00:20:19.614+0000] {processor.py:753} INFO - DAG(s) dict_keys(['example_skip_dag']) retrieved from /home/airflow/.local/lib/python3.7/site-packages/airflow/example_dags/example_skip_dag.py
[2025-01-15T00:20:19.625+0000] {logging_mixin.py:137} INFO - [2025-01-15T00:20:19.625+0000] {dag.py:2690} INFO - Sync 1 DAGs
[2025-01-15T00:20:19.635+0000] {logging_mixin.py:137} INFO - [2025-01-15T00:20:19.634+0000] {dag.py:3441} INFO - Setting next_dagrun for example_skip_dag to 2025-01-14T00:20:19.634868+00:00, run_after=2025-01-15T00:20:19.634868+00:00
[2025-01-15T00:20:19.643+0000] {processor.py:175} INFO - Processing /home/airflow/.local/lib/python3.7/site-packages/airflow/example_dags/example_skip_dag.py took 0.037 seconds
[2025-01-15T00:23:09.439+0000] {processor.py:153} INFO - Started process (PID=48504) to work on /home/airflow/.local/lib/python3.7/site-packages/airflow/example_dags/example_skip_dag.py
[2025-01-15T00:23:09.443+0000] {processor.py:743} INFO - Processing file /home/airflow/.local/lib/python3.7/site-packages/airflow/example_dags/example_skip_dag.py for tasks to queue
[2025-01-15T00:23:09.444+0000] {logging_mixin.py:137} INFO - [2025-01-15T00:23:09.444+0000] {dagbag.py:538} INFO - Filling up the DagBag from /home/airflow/.local/lib/python3.7/site-packages/airflow/example_dags/example_skip_dag.py
[2025-01-15T00:23:09.459+0000] {processor.py:753} INFO - DAG(s) dict_keys(['example_skip_dag']) retrieved from /home/airflow/.local/lib/python3.7/site-packages/airflow/example_dags/example_skip_dag.py
[2025-01-15T00:23:09.489+0000] {logging_mixin.py:137} INFO - [2025-01-15T00:23:09.489+0000] {dag.py:2690} INFO - Sync 1 DAGs
[2025-01-15T00:23:09.596+0000] {logging_mixin.py:137} INFO - [2025-01-15T00:23:09.596+0000] {dag.py:3441} INFO - Setting next_dagrun for example_skip_dag to 2025-01-14T00:23:09.596681+00:00, run_after=2025-01-15T00:23:09.596681+00:00
[2025-01-15T00:23:09.621+0000] {processor.py:175} INFO - Processing /home/airflow/.local/lib/python3.7/site-packages/airflow/example_dags/example_skip_dag.py took 0.187 seconds
[2025-01-15T00:23:39.646+0000] {processor.py:153} INFO - Started process (PID=48587) to work on /home/airflow/.local/lib/python3.7/site-packages/airflow/example_dags/example_skip_dag.py
[2025-01-15T00:23:39.649+0000] {processor.py:743} INFO - Processing file /home/airflow/.local/lib/python3.7/site-packages/airflow/example_dags/example_skip_dag.py for tasks to queue
[2025-01-15T00:23:39.649+0000] {logging_mixin.py:137} INFO - [2025-01-15T00:23:39.649+0000] {dagbag.py:538} INFO - Filling up the DagBag from /home/airflow/.local/lib/python3.7/site-packages/airflow/example_dags/example_skip_dag.py
[2025-01-15T00:23:39.654+0000] {processor.py:753} INFO - DAG(s) dict_keys(['example_skip_dag']) retrieved from /home/airflow/.local/lib/python3.7/site-packages/airflow/example_dags/example_skip_dag.py
[2025-01-15T00:23:39.667+0000] {logging_mixin.py:137} INFO - [2025-01-15T00:23:39.667+0000] {dag.py:2690} INFO - Sync 1 DAGs
[2025-01-15T00:23:39.678+0000] {logging_mixin.py:137} INFO - [2025-01-15T00:23:39.678+0000] {dag.py:3441} INFO - Setting next_dagrun for example_skip_dag to 2025-01-14T00:23:39.678331+00:00, run_after=2025-01-15T00:23:39.678331+00:00
[2025-01-15T00:23:39.687+0000] {processor.py:175} INFO - Processing /home/airflow/.local/lib/python3.7/site-packages/airflow/example_dags/example_skip_dag.py took 0.042 seconds
[2025-01-15T00:24:19.947+0000] {processor.py:153} INFO - Started process (PID=48679) to work on /home/airflow/.local/lib/python3.7/site-packages/airflow/example_dags/example_skip_dag.py
[2025-01-15T00:24:19.948+0000] {processor.py:743} INFO - Processing file /home/airflow/.local/lib/python3.7/site-packages/airflow/example_dags/example_skip_dag.py for tasks to queue
[2025-01-15T00:24:19.948+0000] {logging_mixin.py:137} INFO - [2025-01-15T00:24:19.948+0000] {dagbag.py:538} INFO - Filling up the DagBag from /home/airflow/.local/lib/python3.7/site-packages/airflow/example_dags/example_skip_dag.py
[2025-01-15T00:24:19.953+0000] {processor.py:753} INFO - DAG(s) dict_keys(['example_skip_dag']) retrieved from /home/airflow/.local/lib/python3.7/site-packages/airflow/example_dags/example_skip_dag.py
[2025-01-15T00:24:19.964+0000] {logging_mixin.py:137} INFO - [2025-01-15T00:24:19.964+0000] {dag.py:2690} INFO - Sync 1 DAGs
[2025-01-15T00:24:19.974+0000] {logging_mixin.py:137} INFO - [2025-01-15T00:24:19.974+0000] {dag.py:3441} INFO - Setting next_dagrun for example_skip_dag to 2025-01-14T00:24:19.973999+00:00, run_after=2025-01-15T00:24:19.973999+00:00
[2025-01-15T00:24:19.981+0000] {processor.py:175} INFO - Processing /home/airflow/.local/lib/python3.7/site-packages/airflow/example_dags/example_skip_dag.py took 0.035 seconds
[2025-01-15T00:24:50.462+0000] {processor.py:153} INFO - Started process (PID=48771) to work on /home/airflow/.local/lib/python3.7/site-packages/airflow/example_dags/example_skip_dag.py
[2025-01-15T00:24:50.462+0000] {processor.py:743} INFO - Processing file /home/airflow/.local/lib/python3.7/site-packages/airflow/example_dags/example_skip_dag.py for tasks to queue
[2025-01-15T00:24:50.463+0000] {logging_mixin.py:137} INFO - [2025-01-15T00:24:50.463+0000] {dagbag.py:538} INFO - Filling up the DagBag from /home/airflow/.local/lib/python3.7/site-packages/airflow/example_dags/example_skip_dag.py
[2025-01-15T00:24:50.470+0000] {processor.py:753} INFO - DAG(s) dict_keys(['example_skip_dag']) retrieved from /home/airflow/.local/lib/python3.7/site-packages/airflow/example_dags/example_skip_dag.py
[2025-01-15T00:24:50.480+0000] {logging_mixin.py:137} INFO - [2025-01-15T00:24:50.480+0000] {dag.py:2690} INFO - Sync 1 DAGs
[2025-01-15T00:24:50.490+0000] {logging_mixin.py:137} INFO - [2025-01-15T00:24:50.490+0000] {dag.py:3441} INFO - Setting next_dagrun for example_skip_dag to 2025-01-14T00:24:50.490753+00:00, run_after=2025-01-15T00:24:50.490753+00:00
[2025-01-15T00:24:50.564+0000] {processor.py:175} INFO - Processing /home/airflow/.local/lib/python3.7/site-packages/airflow/example_dags/example_skip_dag.py took 0.103 seconds
[2025-01-15T00:25:21.477+0000] {processor.py:153} INFO - Started process (PID=48847) to work on /home/airflow/.local/lib/python3.7/site-packages/airflow/example_dags/example_skip_dag.py
[2025-01-15T00:25:21.477+0000] {processor.py:743} INFO - Processing file /home/airflow/.local/lib/python3.7/site-packages/airflow/example_dags/example_skip_dag.py for tasks to queue
[2025-01-15T00:25:21.478+0000] {logging_mixin.py:137} INFO - [2025-01-15T00:25:21.478+0000] {dagbag.py:538} INFO - Filling up the DagBag from /home/airflow/.local/lib/python3.7/site-packages/airflow/example_dags/example_skip_dag.py
[2025-01-15T00:25:21.483+0000] {processor.py:753} INFO - DAG(s) dict_keys(['example_skip_dag']) retrieved from /home/airflow/.local/lib/python3.7/site-packages/airflow/example_dags/example_skip_dag.py
[2025-01-15T00:25:21.494+0000] {logging_mixin.py:137} INFO - [2025-01-15T00:25:21.494+0000] {dag.py:2690} INFO - Sync 1 DAGs
[2025-01-15T00:25:21.571+0000] {logging_mixin.py:137} INFO - [2025-01-15T00:25:21.571+0000] {dag.py:3441} INFO - Setting next_dagrun for example_skip_dag to 2025-01-14T00:25:21.571809+00:00, run_after=2025-01-15T00:25:21.571809+00:00
[2025-01-15T00:25:21.580+0000] {processor.py:175} INFO - Processing /home/airflow/.local/lib/python3.7/site-packages/airflow/example_dags/example_skip_dag.py took 0.104 seconds
[2025-01-15T00:34:04.787+0000] {processor.py:153} INFO - Started process (PID=48937) to work on /home/airflow/.local/lib/python3.7/site-packages/airflow/example_dags/example_skip_dag.py
[2025-01-15T00:34:04.788+0000] {processor.py:743} INFO - Processing file /home/airflow/.local/lib/python3.7/site-packages/airflow/example_dags/example_skip_dag.py for tasks to queue
[2025-01-15T00:34:04.788+0000] {logging_mixin.py:137} INFO - [2025-01-15T00:34:04.788+0000] {dagbag.py:538} INFO - Filling up the DagBag from /home/airflow/.local/lib/python3.7/site-packages/airflow/example_dags/example_skip_dag.py
[2025-01-15T00:34:04.794+0000] {processor.py:753} INFO - DAG(s) dict_keys(['example_skip_dag']) retrieved from /home/airflow/.local/lib/python3.7/site-packages/airflow/example_dags/example_skip_dag.py
[2025-01-15T00:34:04.804+0000] {logging_mixin.py:137} INFO - [2025-01-15T00:34:04.804+0000] {dag.py:2690} INFO - Sync 1 DAGs
[2025-01-15T00:34:04.814+0000] {logging_mixin.py:137} INFO - [2025-01-15T00:34:04.814+0000] {dag.py:3441} INFO - Setting next_dagrun for example_skip_dag to 2025-01-14T00:34:04.814357+00:00, run_after=2025-01-15T00:34:04.814357+00:00
[2025-01-15T00:34:04.821+0000] {processor.py:175} INFO - Processing /home/airflow/.local/lib/python3.7/site-packages/airflow/example_dags/example_skip_dag.py took 0.035 seconds
[2025-01-15T00:34:35.150+0000] {processor.py:153} INFO - Started process (PID=49028) to work on /home/airflow/.local/lib/python3.7/site-packages/airflow/example_dags/example_skip_dag.py
[2025-01-15T00:34:35.150+0000] {processor.py:743} INFO - Processing file /home/airflow/.local/lib/python3.7/site-packages/airflow/example_dags/example_skip_dag.py for tasks to queue
[2025-01-15T00:34:35.150+0000] {logging_mixin.py:137} INFO - [2025-01-15T00:34:35.150+0000] {dagbag.py:538} INFO - Filling up the DagBag from /home/airflow/.local/lib/python3.7/site-packages/airflow/example_dags/example_skip_dag.py
[2025-01-15T00:34:35.157+0000] {processor.py:753} INFO - DAG(s) dict_keys(['example_skip_dag']) retrieved from /home/airflow/.local/lib/python3.7/site-packages/airflow/example_dags/example_skip_dag.py
[2025-01-15T00:34:35.167+0000] {logging_mixin.py:137} INFO - [2025-01-15T00:34:35.167+0000] {dag.py:2690} INFO - Sync 1 DAGs
[2025-01-15T00:34:35.179+0000] {logging_mixin.py:137} INFO - [2025-01-15T00:34:35.179+0000] {dag.py:3441} INFO - Setting next_dagrun for example_skip_dag to 2025-01-14T00:34:35.179169+00:00, run_after=2025-01-15T00:34:35.179169+00:00
[2025-01-15T00:34:35.253+0000] {processor.py:175} INFO - Processing /home/airflow/.local/lib/python3.7/site-packages/airflow/example_dags/example_skip_dag.py took 0.104 seconds
[2025-01-15T00:39:07.404+0000] {processor.py:153} INFO - Started process (PID=49115) to work on /home/airflow/.local/lib/python3.7/site-packages/airflow/example_dags/example_skip_dag.py
[2025-01-15T00:39:07.405+0000] {processor.py:743} INFO - Processing file /home/airflow/.local/lib/python3.7/site-packages/airflow/example_dags/example_skip_dag.py for tasks to queue
[2025-01-15T00:39:07.405+0000] {logging_mixin.py:137} INFO - [2025-01-15T00:39:07.405+0000] {dagbag.py:538} INFO - Filling up the DagBag from /home/airflow/.local/lib/python3.7/site-packages/airflow/example_dags/example_skip_dag.py
[2025-01-15T00:39:07.413+0000] {processor.py:753} INFO - DAG(s) dict_keys(['example_skip_dag']) retrieved from /home/airflow/.local/lib/python3.7/site-packages/airflow/example_dags/example_skip_dag.py
[2025-01-15T00:39:07.426+0000] {logging_mixin.py:137} INFO - [2025-01-15T00:39:07.426+0000] {dag.py:2690} INFO - Sync 1 DAGs
[2025-01-15T00:39:07.519+0000] {logging_mixin.py:137} INFO - [2025-01-15T00:39:07.519+0000] {dag.py:3441} INFO - Setting next_dagrun for example_skip_dag to 2025-01-14T00:39:07.518990+00:00, run_after=2025-01-15T00:39:07.518990+00:00
[2025-01-15T00:39:07.529+0000] {processor.py:175} INFO - Processing /home/airflow/.local/lib/python3.7/site-packages/airflow/example_dags/example_skip_dag.py took 0.127 seconds
[2025-01-15T00:39:37.618+0000] {processor.py:153} INFO - Started process (PID=49198) to work on /home/airflow/.local/lib/python3.7/site-packages/airflow/example_dags/example_skip_dag.py
[2025-01-15T00:39:37.618+0000] {processor.py:743} INFO - Processing file /home/airflow/.local/lib/python3.7/site-packages/airflow/example_dags/example_skip_dag.py for tasks to queue
[2025-01-15T00:39:37.619+0000] {logging_mixin.py:137} INFO - [2025-01-15T00:39:37.619+0000] {dagbag.py:538} INFO - Filling up the DagBag from /home/airflow/.local/lib/python3.7/site-packages/airflow/example_dags/example_skip_dag.py
[2025-01-15T00:39:37.625+0000] {processor.py:753} INFO - DAG(s) dict_keys(['example_skip_dag']) retrieved from /home/airflow/.local/lib/python3.7/site-packages/airflow/example_dags/example_skip_dag.py
[2025-01-15T00:39:37.636+0000] {logging_mixin.py:137} INFO - [2025-01-15T00:39:37.636+0000] {dag.py:2690} INFO - Sync 1 DAGs
[2025-01-15T00:39:37.648+0000] {logging_mixin.py:137} INFO - [2025-01-15T00:39:37.648+0000] {dag.py:3441} INFO - Setting next_dagrun for example_skip_dag to 2025-01-14T00:39:37.648874+00:00, run_after=2025-01-15T00:39:37.648874+00:00
[2025-01-15T00:39:37.656+0000] {processor.py:175} INFO - Processing /home/airflow/.local/lib/python3.7/site-packages/airflow/example_dags/example_skip_dag.py took 0.039 seconds
[2025-01-15T00:40:08.543+0000] {processor.py:153} INFO - Started process (PID=49290) to work on /home/airflow/.local/lib/python3.7/site-packages/airflow/example_dags/example_skip_dag.py
[2025-01-15T00:40:08.544+0000] {processor.py:743} INFO - Processing file /home/airflow/.local/lib/python3.7/site-packages/airflow/example_dags/example_skip_dag.py for tasks to queue
[2025-01-15T00:40:08.544+0000] {logging_mixin.py:137} INFO - [2025-01-15T00:40:08.544+0000] {dagbag.py:538} INFO - Filling up the DagBag from /home/airflow/.local/lib/python3.7/site-packages/airflow/example_dags/example_skip_dag.py
[2025-01-15T00:40:08.549+0000] {processor.py:753} INFO - DAG(s) dict_keys(['example_skip_dag']) retrieved from /home/airflow/.local/lib/python3.7/site-packages/airflow/example_dags/example_skip_dag.py
[2025-01-15T00:40:08.559+0000] {logging_mixin.py:137} INFO - [2025-01-15T00:40:08.559+0000] {dag.py:2690} INFO - Sync 1 DAGs
[2025-01-15T00:40:08.569+0000] {logging_mixin.py:137} INFO - [2025-01-15T00:40:08.569+0000] {dag.py:3441} INFO - Setting next_dagrun for example_skip_dag to 2025-01-14T00:40:08.569503+00:00, run_after=2025-01-15T00:40:08.569503+00:00
[2025-01-15T00:40:08.579+0000] {processor.py:175} INFO - Processing /home/airflow/.local/lib/python3.7/site-packages/airflow/example_dags/example_skip_dag.py took 0.037 seconds
[2025-01-15T00:46:04.251+0000] {processor.py:153} INFO - Started process (PID=49382) to work on /home/airflow/.local/lib/python3.7/site-packages/airflow/example_dags/example_skip_dag.py
[2025-01-15T00:46:04.251+0000] {processor.py:743} INFO - Processing file /home/airflow/.local/lib/python3.7/site-packages/airflow/example_dags/example_skip_dag.py for tasks to queue
[2025-01-15T00:46:04.253+0000] {logging_mixin.py:137} INFO - [2025-01-15T00:46:04.253+0000] {dagbag.py:538} INFO - Filling up the DagBag from /home/airflow/.local/lib/python3.7/site-packages/airflow/example_dags/example_skip_dag.py
[2025-01-15T00:46:04.268+0000] {processor.py:753} INFO - DAG(s) dict_keys(['example_skip_dag']) retrieved from /home/airflow/.local/lib/python3.7/site-packages/airflow/example_dags/example_skip_dag.py
[2025-01-15T00:46:04.294+0000] {logging_mixin.py:137} INFO - [2025-01-15T00:46:04.294+0000] {dag.py:2690} INFO - Sync 1 DAGs
[2025-01-15T00:46:04.383+0000] {logging_mixin.py:137} INFO - [2025-01-15T00:46:04.383+0000] {dag.py:3441} INFO - Setting next_dagrun for example_skip_dag to 2025-01-14T00:46:04.383550+00:00, run_after=2025-01-15T00:46:04.383550+00:00
[2025-01-15T00:46:04.391+0000] {processor.py:175} INFO - Processing /home/airflow/.local/lib/python3.7/site-packages/airflow/example_dags/example_skip_dag.py took 0.144 seconds
[2025-01-15T00:46:35.008+0000] {processor.py:153} INFO - Started process (PID=49464) to work on /home/airflow/.local/lib/python3.7/site-packages/airflow/example_dags/example_skip_dag.py
[2025-01-15T00:46:35.009+0000] {processor.py:743} INFO - Processing file /home/airflow/.local/lib/python3.7/site-packages/airflow/example_dags/example_skip_dag.py for tasks to queue
[2025-01-15T00:46:35.009+0000] {logging_mixin.py:137} INFO - [2025-01-15T00:46:35.009+0000] {dagbag.py:538} INFO - Filling up the DagBag from /home/airflow/.local/lib/python3.7/site-packages/airflow/example_dags/example_skip_dag.py
[2025-01-15T00:46:35.015+0000] {processor.py:753} INFO - DAG(s) dict_keys(['example_skip_dag']) retrieved from /home/airflow/.local/lib/python3.7/site-packages/airflow/example_dags/example_skip_dag.py
[2025-01-15T00:46:35.026+0000] {logging_mixin.py:137} INFO - [2025-01-15T00:46:35.026+0000] {dag.py:2690} INFO - Sync 1 DAGs
[2025-01-15T00:46:35.037+0000] {logging_mixin.py:137} INFO - [2025-01-15T00:46:35.037+0000] {dag.py:3441} INFO - Setting next_dagrun for example_skip_dag to 2025-01-14T00:46:35.037426+00:00, run_after=2025-01-15T00:46:35.037426+00:00
[2025-01-15T00:46:35.044+0000] {processor.py:175} INFO - Processing /home/airflow/.local/lib/python3.7/site-packages/airflow/example_dags/example_skip_dag.py took 0.037 seconds
[2025-01-15T00:48:06.334+0000] {processor.py:153} INFO - Started process (PID=49550) to work on /home/airflow/.local/lib/python3.7/site-packages/airflow/example_dags/example_skip_dag.py
[2025-01-15T00:48:06.334+0000] {processor.py:743} INFO - Processing file /home/airflow/.local/lib/python3.7/site-packages/airflow/example_dags/example_skip_dag.py for tasks to queue
[2025-01-15T00:48:06.334+0000] {logging_mixin.py:137} INFO - [2025-01-15T00:48:06.334+0000] {dagbag.py:538} INFO - Filling up the DagBag from /home/airflow/.local/lib/python3.7/site-packages/airflow/example_dags/example_skip_dag.py
[2025-01-15T00:48:06.340+0000] {processor.py:753} INFO - DAG(s) dict_keys(['example_skip_dag']) retrieved from /home/airflow/.local/lib/python3.7/site-packages/airflow/example_dags/example_skip_dag.py
[2025-01-15T00:48:06.350+0000] {logging_mixin.py:137} INFO - [2025-01-15T00:48:06.350+0000] {dag.py:2690} INFO - Sync 1 DAGs
[2025-01-15T00:48:06.361+0000] {logging_mixin.py:137} INFO - [2025-01-15T00:48:06.361+0000] {dag.py:3441} INFO - Setting next_dagrun for example_skip_dag to 2025-01-14T00:48:06.360985+00:00, run_after=2025-01-15T00:48:06.360985+00:00
[2025-01-15T00:48:06.372+0000] {processor.py:175} INFO - Processing /home/airflow/.local/lib/python3.7/site-packages/airflow/example_dags/example_skip_dag.py took 0.040 seconds
[2025-01-15T00:48:36.800+0000] {processor.py:153} INFO - Started process (PID=49642) to work on /home/airflow/.local/lib/python3.7/site-packages/airflow/example_dags/example_skip_dag.py
[2025-01-15T00:48:36.801+0000] {processor.py:743} INFO - Processing file /home/airflow/.local/lib/python3.7/site-packages/airflow/example_dags/example_skip_dag.py for tasks to queue
[2025-01-15T00:48:36.802+0000] {logging_mixin.py:137} INFO - [2025-01-15T00:48:36.802+0000] {dagbag.py:538} INFO - Filling up the DagBag from /home/airflow/.local/lib/python3.7/site-packages/airflow/example_dags/example_skip_dag.py
[2025-01-15T00:48:36.808+0000] {processor.py:753} INFO - DAG(s) dict_keys(['example_skip_dag']) retrieved from /home/airflow/.local/lib/python3.7/site-packages/airflow/example_dags/example_skip_dag.py
[2025-01-15T00:48:36.817+0000] {logging_mixin.py:137} INFO - [2025-01-15T00:48:36.817+0000] {dag.py:2690} INFO - Sync 1 DAGs
[2025-01-15T00:48:36.827+0000] {logging_mixin.py:137} INFO - [2025-01-15T00:48:36.827+0000] {dag.py:3441} INFO - Setting next_dagrun for example_skip_dag to 2025-01-14T00:48:36.827542+00:00, run_after=2025-01-15T00:48:36.827542+00:00
[2025-01-15T00:48:36.904+0000] {processor.py:175} INFO - Processing /home/airflow/.local/lib/python3.7/site-packages/airflow/example_dags/example_skip_dag.py took 0.105 seconds
[2025-01-15T00:49:07.781+0000] {processor.py:153} INFO - Started process (PID=49734) to work on /home/airflow/.local/lib/python3.7/site-packages/airflow/example_dags/example_skip_dag.py
[2025-01-15T00:49:07.782+0000] {processor.py:743} INFO - Processing file /home/airflow/.local/lib/python3.7/site-packages/airflow/example_dags/example_skip_dag.py for tasks to queue
[2025-01-15T00:49:07.782+0000] {logging_mixin.py:137} INFO - [2025-01-15T00:49:07.782+0000] {dagbag.py:538} INFO - Filling up the DagBag from /home/airflow/.local/lib/python3.7/site-packages/airflow/example_dags/example_skip_dag.py
[2025-01-15T00:49:07.787+0000] {processor.py:753} INFO - DAG(s) dict_keys(['example_skip_dag']) retrieved from /home/airflow/.local/lib/python3.7/site-packages/airflow/example_dags/example_skip_dag.py
[2025-01-15T00:49:07.797+0000] {logging_mixin.py:137} INFO - [2025-01-15T00:49:07.796+0000] {dag.py:2690} INFO - Sync 1 DAGs
[2025-01-15T00:49:07.864+0000] {logging_mixin.py:137} INFO - [2025-01-15T00:49:07.864+0000] {dag.py:3441} INFO - Setting next_dagrun for example_skip_dag to 2025-01-14T00:49:07.864087+00:00, run_after=2025-01-15T00:49:07.864087+00:00
[2025-01-15T00:49:07.870+0000] {processor.py:175} INFO - Processing /home/airflow/.local/lib/python3.7/site-packages/airflow/example_dags/example_skip_dag.py took 0.090 seconds
[2025-01-15T01:03:12.773+0000] {processor.py:153} INFO - Started process (PID=49809) to work on /home/airflow/.local/lib/python3.7/site-packages/airflow/example_dags/example_skip_dag.py
[2025-01-15T01:03:12.773+0000] {processor.py:743} INFO - Processing file /home/airflow/.local/lib/python3.7/site-packages/airflow/example_dags/example_skip_dag.py for tasks to queue
[2025-01-15T01:03:12.773+0000] {logging_mixin.py:137} INFO - [2025-01-15T01:03:12.773+0000] {dagbag.py:538} INFO - Filling up the DagBag from /home/airflow/.local/lib/python3.7/site-packages/airflow/example_dags/example_skip_dag.py
[2025-01-15T01:03:12.780+0000] {processor.py:753} INFO - DAG(s) dict_keys(['example_skip_dag']) retrieved from /home/airflow/.local/lib/python3.7/site-packages/airflow/example_dags/example_skip_dag.py
[2025-01-15T01:03:12.789+0000] {logging_mixin.py:137} INFO - [2025-01-15T01:03:12.789+0000] {dag.py:2690} INFO - Sync 1 DAGs
[2025-01-15T01:03:12.798+0000] {logging_mixin.py:137} INFO - [2025-01-15T01:03:12.798+0000] {dag.py:3441} INFO - Setting next_dagrun for example_skip_dag to 2025-01-14T01:03:12.798664+00:00, run_after=2025-01-15T01:03:12.798664+00:00
[2025-01-15T01:03:12.805+0000] {processor.py:175} INFO - Processing /home/airflow/.local/lib/python3.7/site-packages/airflow/example_dags/example_skip_dag.py took 0.034 seconds
