[2025-01-15T00:05:41.602+0000] {processor.py:153} INFO - Started process (PID=48068) to work on /home/airflow/.local/lib/python3.7/site-packages/airflow/example_dags/example_short_circuit_operator.py
[2025-01-15T00:05:41.602+0000] {processor.py:743} INFO - Processing file /home/airflow/.local/lib/python3.7/site-packages/airflow/example_dags/example_short_circuit_operator.py for tasks to queue
[2025-01-15T00:05:41.603+0000] {logging_mixin.py:137} INFO - [2025-01-15T00:05:41.603+0000] {dagbag.py:538} INFO - Filling up the DagBag from /home/airflow/.local/lib/python3.7/site-packages/airflow/example_dags/example_short_circuit_operator.py
[2025-01-15T00:05:41.612+0000] {processor.py:753} INFO - DAG(s) dict_keys(['example_short_circuit_operator']) retrieved from /home/airflow/.local/lib/python3.7/site-packages/airflow/example_dags/example_short_circuit_operator.py
[2025-01-15T00:05:41.628+0000] {logging_mixin.py:137} INFO - [2025-01-15T00:05:41.628+0000] {dag.py:2690} INFO - Sync 1 DAGs
[2025-01-15T00:05:41.641+0000] {logging_mixin.py:137} INFO - [2025-01-15T00:05:41.641+0000] {dag.py:3441} INFO - Setting next_dagrun for example_short_circuit_operator to 2025-01-14T00:05:41.641740+00:00, run_after=2025-01-15T00:05:41.641740+00:00
[2025-01-15T00:05:41.649+0000] {processor.py:175} INFO - Processing /home/airflow/.local/lib/python3.7/site-packages/airflow/example_dags/example_short_circuit_operator.py took 0.049 seconds
[2025-01-15T00:06:12.126+0000] {processor.py:153} INFO - Started process (PID=48163) to work on /home/airflow/.local/lib/python3.7/site-packages/airflow/example_dags/example_short_circuit_operator.py
[2025-01-15T00:06:12.126+0000] {processor.py:743} INFO - Processing file /home/airflow/.local/lib/python3.7/site-packages/airflow/example_dags/example_short_circuit_operator.py for tasks to queue
[2025-01-15T00:06:12.127+0000] {logging_mixin.py:137} INFO - [2025-01-15T00:06:12.127+0000] {dagbag.py:538} INFO - Filling up the DagBag from /home/airflow/.local/lib/python3.7/site-packages/airflow/example_dags/example_short_circuit_operator.py
[2025-01-15T00:06:12.134+0000] {processor.py:753} INFO - DAG(s) dict_keys(['example_short_circuit_operator']) retrieved from /home/airflow/.local/lib/python3.7/site-packages/airflow/example_dags/example_short_circuit_operator.py
[2025-01-15T00:06:12.146+0000] {logging_mixin.py:137} INFO - [2025-01-15T00:06:12.146+0000] {dag.py:2690} INFO - Sync 1 DAGs
[2025-01-15T00:06:12.160+0000] {logging_mixin.py:137} INFO - [2025-01-15T00:06:12.160+0000] {dag.py:3441} INFO - Setting next_dagrun for example_short_circuit_operator to 2025-01-14T00:06:12.160087+00:00, run_after=2025-01-15T00:06:12.160087+00:00
[2025-01-15T00:06:12.240+0000] {processor.py:175} INFO - Processing /home/airflow/.local/lib/python3.7/site-packages/airflow/example_dags/example_short_circuit_operator.py took 0.115 seconds
[2025-01-15T00:19:18.247+0000] {processor.py:153} INFO - Started process (PID=48239) to work on /home/airflow/.local/lib/python3.7/site-packages/airflow/example_dags/example_short_circuit_operator.py
[2025-01-15T00:19:18.248+0000] {processor.py:743} INFO - Processing file /home/airflow/.local/lib/python3.7/site-packages/airflow/example_dags/example_short_circuit_operator.py for tasks to queue
[2025-01-15T00:19:18.248+0000] {logging_mixin.py:137} INFO - [2025-01-15T00:19:18.248+0000] {dagbag.py:538} INFO - Filling up the DagBag from /home/airflow/.local/lib/python3.7/site-packages/airflow/example_dags/example_short_circuit_operator.py
[2025-01-15T00:19:18.256+0000] {processor.py:753} INFO - DAG(s) dict_keys(['example_short_circuit_operator']) retrieved from /home/airflow/.local/lib/python3.7/site-packages/airflow/example_dags/example_short_circuit_operator.py
[2025-01-15T00:19:18.270+0000] {logging_mixin.py:137} INFO - [2025-01-15T00:19:18.270+0000] {dag.py:2690} INFO - Sync 1 DAGs
[2025-01-15T00:19:18.281+0000] {logging_mixin.py:137} INFO - [2025-01-15T00:19:18.281+0000] {dag.py:3441} INFO - Setting next_dagrun for example_short_circuit_operator to 2025-01-14T00:19:18.280994+00:00, run_after=2025-01-15T00:19:18.280994+00:00
[2025-01-15T00:19:18.291+0000] {processor.py:175} INFO - Processing /home/airflow/.local/lib/python3.7/site-packages/airflow/example_dags/example_short_circuit_operator.py took 0.045 seconds
[2025-01-15T00:19:48.959+0000] {processor.py:153} INFO - Started process (PID=48331) to work on /home/airflow/.local/lib/python3.7/site-packages/airflow/example_dags/example_short_circuit_operator.py
[2025-01-15T00:19:48.959+0000] {processor.py:743} INFO - Processing file /home/airflow/.local/lib/python3.7/site-packages/airflow/example_dags/example_short_circuit_operator.py for tasks to queue
[2025-01-15T00:19:48.960+0000] {logging_mixin.py:137} INFO - [2025-01-15T00:19:48.960+0000] {dagbag.py:538} INFO - Filling up the DagBag from /home/airflow/.local/lib/python3.7/site-packages/airflow/example_dags/example_short_circuit_operator.py
[2025-01-15T00:19:48.969+0000] {processor.py:753} INFO - DAG(s) dict_keys(['example_short_circuit_operator']) retrieved from /home/airflow/.local/lib/python3.7/site-packages/airflow/example_dags/example_short_circuit_operator.py
[2025-01-15T00:19:48.980+0000] {logging_mixin.py:137} INFO - [2025-01-15T00:19:48.980+0000] {dag.py:2690} INFO - Sync 1 DAGs
[2025-01-15T00:19:48.990+0000] {logging_mixin.py:137} INFO - [2025-01-15T00:19:48.990+0000] {dag.py:3441} INFO - Setting next_dagrun for example_short_circuit_operator to 2025-01-14T00:19:48.990038+00:00, run_after=2025-01-15T00:19:48.990038+00:00
[2025-01-15T00:19:49.002+0000] {processor.py:175} INFO - Processing /home/airflow/.local/lib/python3.7/site-packages/airflow/example_dags/example_short_circuit_operator.py took 0.045 seconds
[2025-01-15T00:20:19.701+0000] {processor.py:153} INFO - Started process (PID=48423) to work on /home/airflow/.local/lib/python3.7/site-packages/airflow/example_dags/example_short_circuit_operator.py
[2025-01-15T00:20:19.702+0000] {processor.py:743} INFO - Processing file /home/airflow/.local/lib/python3.7/site-packages/airflow/example_dags/example_short_circuit_operator.py for tasks to queue
[2025-01-15T00:20:19.703+0000] {logging_mixin.py:137} INFO - [2025-01-15T00:20:19.703+0000] {dagbag.py:538} INFO - Filling up the DagBag from /home/airflow/.local/lib/python3.7/site-packages/airflow/example_dags/example_short_circuit_operator.py
[2025-01-15T00:20:19.711+0000] {processor.py:753} INFO - DAG(s) dict_keys(['example_short_circuit_operator']) retrieved from /home/airflow/.local/lib/python3.7/site-packages/airflow/example_dags/example_short_circuit_operator.py
[2025-01-15T00:20:19.726+0000] {logging_mixin.py:137} INFO - [2025-01-15T00:20:19.726+0000] {dag.py:2690} INFO - Sync 1 DAGs
[2025-01-15T00:20:19.736+0000] {logging_mixin.py:137} INFO - [2025-01-15T00:20:19.735+0000] {dag.py:3441} INFO - Setting next_dagrun for example_short_circuit_operator to 2025-01-14T00:20:19.735819+00:00, run_after=2025-01-15T00:20:19.735819+00:00
[2025-01-15T00:20:19.743+0000] {processor.py:175} INFO - Processing /home/airflow/.local/lib/python3.7/site-packages/airflow/example_dags/example_short_circuit_operator.py took 0.044 seconds
[2025-01-15T00:23:09.663+0000] {processor.py:153} INFO - Started process (PID=48507) to work on /home/airflow/.local/lib/python3.7/site-packages/airflow/example_dags/example_short_circuit_operator.py
[2025-01-15T00:23:09.678+0000] {processor.py:743} INFO - Processing file /home/airflow/.local/lib/python3.7/site-packages/airflow/example_dags/example_short_circuit_operator.py for tasks to queue
[2025-01-15T00:23:09.684+0000] {logging_mixin.py:137} INFO - [2025-01-15T00:23:09.684+0000] {dagbag.py:538} INFO - Filling up the DagBag from /home/airflow/.local/lib/python3.7/site-packages/airflow/example_dags/example_short_circuit_operator.py
[2025-01-15T00:23:09.708+0000] {processor.py:753} INFO - DAG(s) dict_keys(['example_short_circuit_operator']) retrieved from /home/airflow/.local/lib/python3.7/site-packages/airflow/example_dags/example_short_circuit_operator.py
[2025-01-15T00:23:09.749+0000] {logging_mixin.py:137} INFO - [2025-01-15T00:23:09.748+0000] {dag.py:2690} INFO - Sync 1 DAGs
[2025-01-15T00:23:09.855+0000] {logging_mixin.py:137} INFO - [2025-01-15T00:23:09.855+0000] {dag.py:3441} INFO - Setting next_dagrun for example_short_circuit_operator to 2025-01-14T00:23:09.855758+00:00, run_after=2025-01-15T00:23:09.855758+00:00
[2025-01-15T00:23:09.868+0000] {processor.py:175} INFO - Processing /home/airflow/.local/lib/python3.7/site-packages/airflow/example_dags/example_short_circuit_operator.py took 0.206 seconds
[2025-01-15T00:23:40.720+0000] {processor.py:153} INFO - Started process (PID=48590) to work on /home/airflow/.local/lib/python3.7/site-packages/airflow/example_dags/example_short_circuit_operator.py
[2025-01-15T00:23:40.721+0000] {processor.py:743} INFO - Processing file /home/airflow/.local/lib/python3.7/site-packages/airflow/example_dags/example_short_circuit_operator.py for tasks to queue
[2025-01-15T00:23:40.721+0000] {logging_mixin.py:137} INFO - [2025-01-15T00:23:40.721+0000] {dagbag.py:538} INFO - Filling up the DagBag from /home/airflow/.local/lib/python3.7/site-packages/airflow/example_dags/example_short_circuit_operator.py
[2025-01-15T00:23:40.734+0000] {processor.py:753} INFO - DAG(s) dict_keys(['example_short_circuit_operator']) retrieved from /home/airflow/.local/lib/python3.7/site-packages/airflow/example_dags/example_short_circuit_operator.py
[2025-01-15T00:23:40.750+0000] {logging_mixin.py:137} INFO - [2025-01-15T00:23:40.750+0000] {dag.py:2690} INFO - Sync 1 DAGs
[2025-01-15T00:23:40.761+0000] {logging_mixin.py:137} INFO - [2025-01-15T00:23:40.761+0000] {dag.py:3441} INFO - Setting next_dagrun for example_short_circuit_operator to 2025-01-14T00:23:40.761811+00:00, run_after=2025-01-15T00:23:40.761811+00:00
[2025-01-15T00:23:40.773+0000] {processor.py:175} INFO - Processing /home/airflow/.local/lib/python3.7/site-packages/airflow/example_dags/example_short_circuit_operator.py took 0.055 seconds
[2025-01-15T00:24:20.039+0000] {processor.py:153} INFO - Started process (PID=48682) to work on /home/airflow/.local/lib/python3.7/site-packages/airflow/example_dags/example_short_circuit_operator.py
[2025-01-15T00:24:20.040+0000] {processor.py:743} INFO - Processing file /home/airflow/.local/lib/python3.7/site-packages/airflow/example_dags/example_short_circuit_operator.py for tasks to queue
[2025-01-15T00:24:20.040+0000] {logging_mixin.py:137} INFO - [2025-01-15T00:24:20.040+0000] {dagbag.py:538} INFO - Filling up the DagBag from /home/airflow/.local/lib/python3.7/site-packages/airflow/example_dags/example_short_circuit_operator.py
[2025-01-15T00:24:20.048+0000] {processor.py:753} INFO - DAG(s) dict_keys(['example_short_circuit_operator']) retrieved from /home/airflow/.local/lib/python3.7/site-packages/airflow/example_dags/example_short_circuit_operator.py
[2025-01-15T00:24:20.059+0000] {logging_mixin.py:137} INFO - [2025-01-15T00:24:20.059+0000] {dag.py:2690} INFO - Sync 1 DAGs
[2025-01-15T00:24:20.069+0000] {logging_mixin.py:137} INFO - [2025-01-15T00:24:20.069+0000] {dag.py:3441} INFO - Setting next_dagrun for example_short_circuit_operator to 2025-01-14T00:24:20.069049+00:00, run_after=2025-01-15T00:24:20.069049+00:00
[2025-01-15T00:24:20.076+0000] {processor.py:175} INFO - Processing /home/airflow/.local/lib/python3.7/site-packages/airflow/example_dags/example_short_circuit_operator.py took 0.039 seconds
[2025-01-15T00:24:50.605+0000] {processor.py:153} INFO - Started process (PID=48774) to work on /home/airflow/.local/lib/python3.7/site-packages/airflow/example_dags/example_short_circuit_operator.py
[2025-01-15T00:24:50.607+0000] {processor.py:743} INFO - Processing file /home/airflow/.local/lib/python3.7/site-packages/airflow/example_dags/example_short_circuit_operator.py for tasks to queue
[2025-01-15T00:24:50.607+0000] {logging_mixin.py:137} INFO - [2025-01-15T00:24:50.607+0000] {dagbag.py:538} INFO - Filling up the DagBag from /home/airflow/.local/lib/python3.7/site-packages/airflow/example_dags/example_short_circuit_operator.py
[2025-01-15T00:24:50.614+0000] {processor.py:753} INFO - DAG(s) dict_keys(['example_short_circuit_operator']) retrieved from /home/airflow/.local/lib/python3.7/site-packages/airflow/example_dags/example_short_circuit_operator.py
[2025-01-15T00:24:50.624+0000] {logging_mixin.py:137} INFO - [2025-01-15T00:24:50.624+0000] {dag.py:2690} INFO - Sync 1 DAGs
[2025-01-15T00:24:50.699+0000] {logging_mixin.py:137} INFO - [2025-01-15T00:24:50.699+0000] {dag.py:3441} INFO - Setting next_dagrun for example_short_circuit_operator to 2025-01-14T00:24:50.699111+00:00, run_after=2025-01-15T00:24:50.699111+00:00
[2025-01-15T00:24:50.706+0000] {processor.py:175} INFO - Processing /home/airflow/.local/lib/python3.7/site-packages/airflow/example_dags/example_short_circuit_operator.py took 0.102 seconds
[2025-01-15T00:25:21.596+0000] {processor.py:153} INFO - Started process (PID=48850) to work on /home/airflow/.local/lib/python3.7/site-packages/airflow/example_dags/example_short_circuit_operator.py
[2025-01-15T00:25:21.597+0000] {processor.py:743} INFO - Processing file /home/airflow/.local/lib/python3.7/site-packages/airflow/example_dags/example_short_circuit_operator.py for tasks to queue
[2025-01-15T00:25:21.598+0000] {logging_mixin.py:137} INFO - [2025-01-15T00:25:21.598+0000] {dagbag.py:538} INFO - Filling up the DagBag from /home/airflow/.local/lib/python3.7/site-packages/airflow/example_dags/example_short_circuit_operator.py
[2025-01-15T00:25:21.605+0000] {processor.py:753} INFO - DAG(s) dict_keys(['example_short_circuit_operator']) retrieved from /home/airflow/.local/lib/python3.7/site-packages/airflow/example_dags/example_short_circuit_operator.py
[2025-01-15T00:25:21.618+0000] {logging_mixin.py:137} INFO - [2025-01-15T00:25:21.618+0000] {dag.py:2690} INFO - Sync 1 DAGs
[2025-01-15T00:25:21.627+0000] {logging_mixin.py:137} INFO - [2025-01-15T00:25:21.627+0000] {dag.py:3441} INFO - Setting next_dagrun for example_short_circuit_operator to 2025-01-14T00:25:21.627825+00:00, run_after=2025-01-15T00:25:21.627825+00:00
[2025-01-15T00:25:21.634+0000] {processor.py:175} INFO - Processing /home/airflow/.local/lib/python3.7/site-packages/airflow/example_dags/example_short_circuit_operator.py took 0.039 seconds
[2025-01-15T00:34:04.910+0000] {processor.py:153} INFO - Started process (PID=48941) to work on /home/airflow/.local/lib/python3.7/site-packages/airflow/example_dags/example_short_circuit_operator.py
[2025-01-15T00:34:04.911+0000] {processor.py:743} INFO - Processing file /home/airflow/.local/lib/python3.7/site-packages/airflow/example_dags/example_short_circuit_operator.py for tasks to queue
[2025-01-15T00:34:04.911+0000] {logging_mixin.py:137} INFO - [2025-01-15T00:34:04.911+0000] {dagbag.py:538} INFO - Filling up the DagBag from /home/airflow/.local/lib/python3.7/site-packages/airflow/example_dags/example_short_circuit_operator.py
[2025-01-15T00:34:04.918+0000] {processor.py:753} INFO - DAG(s) dict_keys(['example_short_circuit_operator']) retrieved from /home/airflow/.local/lib/python3.7/site-packages/airflow/example_dags/example_short_circuit_operator.py
[2025-01-15T00:34:04.928+0000] {logging_mixin.py:137} INFO - [2025-01-15T00:34:04.928+0000] {dag.py:2690} INFO - Sync 1 DAGs
[2025-01-15T00:34:04.941+0000] {logging_mixin.py:137} INFO - [2025-01-15T00:34:04.941+0000] {dag.py:3441} INFO - Setting next_dagrun for example_short_circuit_operator to 2025-01-14T00:34:04.941429+00:00, run_after=2025-01-15T00:34:04.941429+00:00
[2025-01-15T00:34:04.951+0000] {processor.py:175} INFO - Processing /home/airflow/.local/lib/python3.7/site-packages/airflow/example_dags/example_short_circuit_operator.py took 0.042 seconds
[2025-01-15T00:34:35.386+0000] {processor.py:153} INFO - Started process (PID=49033) to work on /home/airflow/.local/lib/python3.7/site-packages/airflow/example_dags/example_short_circuit_operator.py
[2025-01-15T00:34:35.387+0000] {processor.py:743} INFO - Processing file /home/airflow/.local/lib/python3.7/site-packages/airflow/example_dags/example_short_circuit_operator.py for tasks to queue
[2025-01-15T00:34:35.387+0000] {logging_mixin.py:137} INFO - [2025-01-15T00:34:35.387+0000] {dagbag.py:538} INFO - Filling up the DagBag from /home/airflow/.local/lib/python3.7/site-packages/airflow/example_dags/example_short_circuit_operator.py
[2025-01-15T00:34:35.393+0000] {processor.py:753} INFO - DAG(s) dict_keys(['example_short_circuit_operator']) retrieved from /home/airflow/.local/lib/python3.7/site-packages/airflow/example_dags/example_short_circuit_operator.py
[2025-01-15T00:34:35.404+0000] {logging_mixin.py:137} INFO - [2025-01-15T00:34:35.404+0000] {dag.py:2690} INFO - Sync 1 DAGs
[2025-01-15T00:34:35.414+0000] {logging_mixin.py:137} INFO - [2025-01-15T00:34:35.414+0000] {dag.py:3441} INFO - Setting next_dagrun for example_short_circuit_operator to 2025-01-14T00:34:35.413904+00:00, run_after=2025-01-15T00:34:35.413904+00:00
[2025-01-15T00:34:35.487+0000] {processor.py:175} INFO - Processing /home/airflow/.local/lib/python3.7/site-packages/airflow/example_dags/example_short_circuit_operator.py took 0.102 seconds
[2025-01-15T00:39:07.547+0000] {processor.py:153} INFO - Started process (PID=49118) to work on /home/airflow/.local/lib/python3.7/site-packages/airflow/example_dags/example_short_circuit_operator.py
[2025-01-15T00:39:07.549+0000] {processor.py:743} INFO - Processing file /home/airflow/.local/lib/python3.7/site-packages/airflow/example_dags/example_short_circuit_operator.py for tasks to queue
[2025-01-15T00:39:07.550+0000] {logging_mixin.py:137} INFO - [2025-01-15T00:39:07.550+0000] {dagbag.py:538} INFO - Filling up the DagBag from /home/airflow/.local/lib/python3.7/site-packages/airflow/example_dags/example_short_circuit_operator.py
[2025-01-15T00:39:07.558+0000] {processor.py:753} INFO - DAG(s) dict_keys(['example_short_circuit_operator']) retrieved from /home/airflow/.local/lib/python3.7/site-packages/airflow/example_dags/example_short_circuit_operator.py
[2025-01-15T00:39:07.574+0000] {logging_mixin.py:137} INFO - [2025-01-15T00:39:07.574+0000] {dag.py:2690} INFO - Sync 1 DAGs
[2025-01-15T00:39:07.726+0000] {logging_mixin.py:137} INFO - [2025-01-15T00:39:07.726+0000] {dag.py:3441} INFO - Setting next_dagrun for example_short_circuit_operator to 2025-01-14T00:39:07.726824+00:00, run_after=2025-01-15T00:39:07.726824+00:00
[2025-01-15T00:39:07.735+0000] {processor.py:175} INFO - Processing /home/airflow/.local/lib/python3.7/site-packages/airflow/example_dags/example_short_circuit_operator.py took 0.189 seconds
[2025-01-15T00:39:38.676+0000] {processor.py:153} INFO - Started process (PID=49201) to work on /home/airflow/.local/lib/python3.7/site-packages/airflow/example_dags/example_short_circuit_operator.py
[2025-01-15T00:39:38.683+0000] {processor.py:743} INFO - Processing file /home/airflow/.local/lib/python3.7/site-packages/airflow/example_dags/example_short_circuit_operator.py for tasks to queue
[2025-01-15T00:39:38.685+0000] {logging_mixin.py:137} INFO - [2025-01-15T00:39:38.685+0000] {dagbag.py:538} INFO - Filling up the DagBag from /home/airflow/.local/lib/python3.7/site-packages/airflow/example_dags/example_short_circuit_operator.py
[2025-01-15T00:39:38.698+0000] {processor.py:753} INFO - DAG(s) dict_keys(['example_short_circuit_operator']) retrieved from /home/airflow/.local/lib/python3.7/site-packages/airflow/example_dags/example_short_circuit_operator.py
[2025-01-15T00:39:38.711+0000] {logging_mixin.py:137} INFO - [2025-01-15T00:39:38.711+0000] {dag.py:2690} INFO - Sync 1 DAGs
[2025-01-15T00:39:38.725+0000] {logging_mixin.py:137} INFO - [2025-01-15T00:39:38.725+0000] {dag.py:3441} INFO - Setting next_dagrun for example_short_circuit_operator to 2025-01-14T00:39:38.725768+00:00, run_after=2025-01-15T00:39:38.725768+00:00
[2025-01-15T00:39:38.737+0000] {processor.py:175} INFO - Processing /home/airflow/.local/lib/python3.7/site-packages/airflow/example_dags/example_short_circuit_operator.py took 0.063 seconds
[2025-01-15T00:40:09.623+0000] {processor.py:153} INFO - Started process (PID=49293) to work on /home/airflow/.local/lib/python3.7/site-packages/airflow/example_dags/example_short_circuit_operator.py
[2025-01-15T00:40:09.625+0000] {processor.py:743} INFO - Processing file /home/airflow/.local/lib/python3.7/site-packages/airflow/example_dags/example_short_circuit_operator.py for tasks to queue
[2025-01-15T00:40:09.630+0000] {logging_mixin.py:137} INFO - [2025-01-15T00:40:09.630+0000] {dagbag.py:538} INFO - Filling up the DagBag from /home/airflow/.local/lib/python3.7/site-packages/airflow/example_dags/example_short_circuit_operator.py
[2025-01-15T00:40:09.640+0000] {processor.py:753} INFO - DAG(s) dict_keys(['example_short_circuit_operator']) retrieved from /home/airflow/.local/lib/python3.7/site-packages/airflow/example_dags/example_short_circuit_operator.py
[2025-01-15T00:40:09.657+0000] {logging_mixin.py:137} INFO - [2025-01-15T00:40:09.657+0000] {dag.py:2690} INFO - Sync 1 DAGs
[2025-01-15T00:40:09.672+0000] {logging_mixin.py:137} INFO - [2025-01-15T00:40:09.672+0000] {dag.py:3441} INFO - Setting next_dagrun for example_short_circuit_operator to 2025-01-14T00:40:09.672481+00:00, run_after=2025-01-15T00:40:09.672481+00:00
[2025-01-15T00:40:09.686+0000] {processor.py:175} INFO - Processing /home/airflow/.local/lib/python3.7/site-packages/airflow/example_dags/example_short_circuit_operator.py took 0.066 seconds
[2025-01-15T00:46:04.441+0000] {processor.py:153} INFO - Started process (PID=49385) to work on /home/airflow/.local/lib/python3.7/site-packages/airflow/example_dags/example_short_circuit_operator.py
[2025-01-15T00:46:04.441+0000] {processor.py:743} INFO - Processing file /home/airflow/.local/lib/python3.7/site-packages/airflow/example_dags/example_short_circuit_operator.py for tasks to queue
[2025-01-15T00:46:04.441+0000] {logging_mixin.py:137} INFO - [2025-01-15T00:46:04.441+0000] {dagbag.py:538} INFO - Filling up the DagBag from /home/airflow/.local/lib/python3.7/site-packages/airflow/example_dags/example_short_circuit_operator.py
[2025-01-15T00:46:04.448+0000] {processor.py:753} INFO - DAG(s) dict_keys(['example_short_circuit_operator']) retrieved from /home/airflow/.local/lib/python3.7/site-packages/airflow/example_dags/example_short_circuit_operator.py
[2025-01-15T00:46:04.459+0000] {logging_mixin.py:137} INFO - [2025-01-15T00:46:04.459+0000] {dag.py:2690} INFO - Sync 1 DAGs
[2025-01-15T00:46:04.533+0000] {logging_mixin.py:137} INFO - [2025-01-15T00:46:04.533+0000] {dag.py:3441} INFO - Setting next_dagrun for example_short_circuit_operator to 2025-01-14T00:46:04.533128+00:00, run_after=2025-01-15T00:46:04.533128+00:00
[2025-01-15T00:46:04.544+0000] {processor.py:175} INFO - Processing /home/airflow/.local/lib/python3.7/site-packages/airflow/example_dags/example_short_circuit_operator.py took 0.104 seconds
[2025-01-15T00:46:35.144+0000] {processor.py:153} INFO - Started process (PID=49470) to work on /home/airflow/.local/lib/python3.7/site-packages/airflow/example_dags/example_short_circuit_operator.py
[2025-01-15T00:46:35.144+0000] {processor.py:743} INFO - Processing file /home/airflow/.local/lib/python3.7/site-packages/airflow/example_dags/example_short_circuit_operator.py for tasks to queue
[2025-01-15T00:46:35.145+0000] {logging_mixin.py:137} INFO - [2025-01-15T00:46:35.145+0000] {dagbag.py:538} INFO - Filling up the DagBag from /home/airflow/.local/lib/python3.7/site-packages/airflow/example_dags/example_short_circuit_operator.py
[2025-01-15T00:46:35.153+0000] {processor.py:753} INFO - DAG(s) dict_keys(['example_short_circuit_operator']) retrieved from /home/airflow/.local/lib/python3.7/site-packages/airflow/example_dags/example_short_circuit_operator.py
[2025-01-15T00:46:35.166+0000] {logging_mixin.py:137} INFO - [2025-01-15T00:46:35.166+0000] {dag.py:2690} INFO - Sync 1 DAGs
[2025-01-15T00:46:35.176+0000] {logging_mixin.py:137} INFO - [2025-01-15T00:46:35.176+0000] {dag.py:3441} INFO - Setting next_dagrun for example_short_circuit_operator to 2025-01-14T00:46:35.176719+00:00, run_after=2025-01-15T00:46:35.176719+00:00
[2025-01-15T00:46:35.187+0000] {processor.py:175} INFO - Processing /home/airflow/.local/lib/python3.7/site-packages/airflow/example_dags/example_short_circuit_operator.py took 0.045 seconds
[2025-01-15T00:48:06.434+0000] {processor.py:153} INFO - Started process (PID=49553) to work on /home/airflow/.local/lib/python3.7/site-packages/airflow/example_dags/example_short_circuit_operator.py
[2025-01-15T00:48:06.436+0000] {processor.py:743} INFO - Processing file /home/airflow/.local/lib/python3.7/site-packages/airflow/example_dags/example_short_circuit_operator.py for tasks to queue
[2025-01-15T00:48:06.438+0000] {logging_mixin.py:137} INFO - [2025-01-15T00:48:06.438+0000] {dagbag.py:538} INFO - Filling up the DagBag from /home/airflow/.local/lib/python3.7/site-packages/airflow/example_dags/example_short_circuit_operator.py
[2025-01-15T00:48:06.445+0000] {processor.py:753} INFO - DAG(s) dict_keys(['example_short_circuit_operator']) retrieved from /home/airflow/.local/lib/python3.7/site-packages/airflow/example_dags/example_short_circuit_operator.py
[2025-01-15T00:48:06.456+0000] {logging_mixin.py:137} INFO - [2025-01-15T00:48:06.456+0000] {dag.py:2690} INFO - Sync 1 DAGs
[2025-01-15T00:48:06.465+0000] {logging_mixin.py:137} INFO - [2025-01-15T00:48:06.465+0000] {dag.py:3441} INFO - Setting next_dagrun for example_short_circuit_operator to 2025-01-14T00:48:06.465460+00:00, run_after=2025-01-15T00:48:06.465460+00:00
[2025-01-15T00:48:06.472+0000] {processor.py:175} INFO - Processing /home/airflow/.local/lib/python3.7/site-packages/airflow/example_dags/example_short_circuit_operator.py took 0.039 seconds
[2025-01-15T00:48:36.921+0000] {processor.py:153} INFO - Started process (PID=49645) to work on /home/airflow/.local/lib/python3.7/site-packages/airflow/example_dags/example_short_circuit_operator.py
[2025-01-15T00:48:36.923+0000] {processor.py:743} INFO - Processing file /home/airflow/.local/lib/python3.7/site-packages/airflow/example_dags/example_short_circuit_operator.py for tasks to queue
[2025-01-15T00:48:36.923+0000] {logging_mixin.py:137} INFO - [2025-01-15T00:48:36.923+0000] {dagbag.py:538} INFO - Filling up the DagBag from /home/airflow/.local/lib/python3.7/site-packages/airflow/example_dags/example_short_circuit_operator.py
[2025-01-15T00:48:36.931+0000] {processor.py:753} INFO - DAG(s) dict_keys(['example_short_circuit_operator']) retrieved from /home/airflow/.local/lib/python3.7/site-packages/airflow/example_dags/example_short_circuit_operator.py
[2025-01-15T00:48:36.943+0000] {logging_mixin.py:137} INFO - [2025-01-15T00:48:36.943+0000] {dag.py:2690} INFO - Sync 1 DAGs
[2025-01-15T00:48:37.025+0000] {logging_mixin.py:137} INFO - [2025-01-15T00:48:37.025+0000] {dag.py:3441} INFO - Setting next_dagrun for example_short_circuit_operator to 2025-01-14T00:48:37.025744+00:00, run_after=2025-01-15T00:48:37.025744+00:00
[2025-01-15T00:48:37.032+0000] {processor.py:175} INFO - Processing /home/airflow/.local/lib/python3.7/site-packages/airflow/example_dags/example_short_circuit_operator.py took 0.113 seconds
[2025-01-15T00:49:07.996+0000] {processor.py:153} INFO - Started process (PID=49737) to work on /home/airflow/.local/lib/python3.7/site-packages/airflow/example_dags/example_short_circuit_operator.py
[2025-01-15T00:49:07.996+0000] {processor.py:743} INFO - Processing file /home/airflow/.local/lib/python3.7/site-packages/airflow/example_dags/example_short_circuit_operator.py for tasks to queue
[2025-01-15T00:49:07.997+0000] {logging_mixin.py:137} INFO - [2025-01-15T00:49:07.996+0000] {dagbag.py:538} INFO - Filling up the DagBag from /home/airflow/.local/lib/python3.7/site-packages/airflow/example_dags/example_short_circuit_operator.py
[2025-01-15T00:49:08.003+0000] {processor.py:753} INFO - DAG(s) dict_keys(['example_short_circuit_operator']) retrieved from /home/airflow/.local/lib/python3.7/site-packages/airflow/example_dags/example_short_circuit_operator.py
[2025-01-15T00:49:08.014+0000] {logging_mixin.py:137} INFO - [2025-01-15T00:49:08.014+0000] {dag.py:2690} INFO - Sync 1 DAGs
[2025-01-15T00:49:08.091+0000] {logging_mixin.py:137} INFO - [2025-01-15T00:49:08.091+0000] {dag.py:3441} INFO - Setting next_dagrun for example_short_circuit_operator to 2025-01-14T00:49:08.091549+00:00, run_after=2025-01-15T00:49:08.091549+00:00
[2025-01-15T00:49:08.100+0000] {processor.py:175} INFO - Processing /home/airflow/.local/lib/python3.7/site-packages/airflow/example_dags/example_short_circuit_operator.py took 0.106 seconds
[2025-01-15T01:03:12.895+0000] {processor.py:153} INFO - Started process (PID=49813) to work on /home/airflow/.local/lib/python3.7/site-packages/airflow/example_dags/example_short_circuit_operator.py
[2025-01-15T01:03:12.897+0000] {processor.py:743} INFO - Processing file /home/airflow/.local/lib/python3.7/site-packages/airflow/example_dags/example_short_circuit_operator.py for tasks to queue
[2025-01-15T01:03:12.897+0000] {logging_mixin.py:137} INFO - [2025-01-15T01:03:12.897+0000] {dagbag.py:538} INFO - Filling up the DagBag from /home/airflow/.local/lib/python3.7/site-packages/airflow/example_dags/example_short_circuit_operator.py
[2025-01-15T01:03:12.903+0000] {processor.py:753} INFO - DAG(s) dict_keys(['example_short_circuit_operator']) retrieved from /home/airflow/.local/lib/python3.7/site-packages/airflow/example_dags/example_short_circuit_operator.py
[2025-01-15T01:03:12.913+0000] {logging_mixin.py:137} INFO - [2025-01-15T01:03:12.913+0000] {dag.py:2690} INFO - Sync 1 DAGs
[2025-01-15T01:03:12.925+0000] {logging_mixin.py:137} INFO - [2025-01-15T01:03:12.925+0000] {dag.py:3441} INFO - Setting next_dagrun for example_short_circuit_operator to 2025-01-14T01:03:12.925314+00:00, run_after=2025-01-15T01:03:12.925314+00:00
[2025-01-15T01:03:12.934+0000] {processor.py:175} INFO - Processing /home/airflow/.local/lib/python3.7/site-packages/airflow/example_dags/example_short_circuit_operator.py took 0.040 seconds
