[2025-01-15T00:05:43.112+0000] {processor.py:153} INFO - Started process (PID=48102) to work on /home/airflow/.local/lib/python3.7/site-packages/airflow/example_dags/example_branch_day_of_week_operator.py
[2025-01-15T00:05:43.112+0000] {processor.py:743} INFO - Processing file /home/airflow/.local/lib/python3.7/site-packages/airflow/example_dags/example_branch_day_of_week_operator.py for tasks to queue
[2025-01-15T00:05:43.113+0000] {logging_mixin.py:137} INFO - [2025-01-15T00:05:43.113+0000] {dagbag.py:538} INFO - Filling up the DagBag from /home/airflow/.local/lib/python3.7/site-packages/airflow/example_dags/example_branch_day_of_week_operator.py
[2025-01-15T00:05:43.119+0000] {processor.py:753} INFO - DAG(s) dict_keys(['example_weekday_branch_operator']) retrieved from /home/airflow/.local/lib/python3.7/site-packages/airflow/example_dags/example_branch_day_of_week_operator.py
[2025-01-15T00:05:43.132+0000] {logging_mixin.py:137} INFO - [2025-01-15T00:05:43.132+0000] {dag.py:2690} INFO - Sync 1 DAGs
[2025-01-15T00:05:43.144+0000] {logging_mixin.py:137} INFO - [2025-01-15T00:05:43.144+0000] {dag.py:3441} INFO - Setting next_dagrun for example_weekday_branch_operator to 2025-01-14T00:00:00+00:00, run_after=2025-01-15T00:00:00+00:00
[2025-01-15T00:05:43.153+0000] {processor.py:175} INFO - Processing /home/airflow/.local/lib/python3.7/site-packages/airflow/example_dags/example_branch_day_of_week_operator.py took 0.043 seconds
[2025-01-15T00:06:14.081+0000] {processor.py:153} INFO - Started process (PID=48193) to work on /home/airflow/.local/lib/python3.7/site-packages/airflow/example_dags/example_branch_day_of_week_operator.py
[2025-01-15T00:06:14.082+0000] {processor.py:743} INFO - Processing file /home/airflow/.local/lib/python3.7/site-packages/airflow/example_dags/example_branch_day_of_week_operator.py for tasks to queue
[2025-01-15T00:06:14.082+0000] {logging_mixin.py:137} INFO - [2025-01-15T00:06:14.082+0000] {dagbag.py:538} INFO - Filling up the DagBag from /home/airflow/.local/lib/python3.7/site-packages/airflow/example_dags/example_branch_day_of_week_operator.py
[2025-01-15T00:06:14.089+0000] {processor.py:753} INFO - DAG(s) dict_keys(['example_weekday_branch_operator']) retrieved from /home/airflow/.local/lib/python3.7/site-packages/airflow/example_dags/example_branch_day_of_week_operator.py
[2025-01-15T00:06:14.101+0000] {logging_mixin.py:137} INFO - [2025-01-15T00:06:14.101+0000] {dag.py:2690} INFO - Sync 1 DAGs
[2025-01-15T00:06:14.178+0000] {logging_mixin.py:137} INFO - [2025-01-15T00:06:14.177+0000] {dag.py:3441} INFO - Setting next_dagrun for example_weekday_branch_operator to 2025-01-14T00:00:00+00:00, run_after=2025-01-15T00:00:00+00:00
[2025-01-15T00:06:14.188+0000] {processor.py:175} INFO - Processing /home/airflow/.local/lib/python3.7/site-packages/airflow/example_dags/example_branch_day_of_week_operator.py took 0.108 seconds
[2025-01-15T00:19:19.226+0000] {processor.py:153} INFO - Started process (PID=48269) to work on /home/airflow/.local/lib/python3.7/site-packages/airflow/example_dags/example_branch_day_of_week_operator.py
[2025-01-15T00:19:19.227+0000] {processor.py:743} INFO - Processing file /home/airflow/.local/lib/python3.7/site-packages/airflow/example_dags/example_branch_day_of_week_operator.py for tasks to queue
[2025-01-15T00:19:19.228+0000] {logging_mixin.py:137} INFO - [2025-01-15T00:19:19.228+0000] {dagbag.py:538} INFO - Filling up the DagBag from /home/airflow/.local/lib/python3.7/site-packages/airflow/example_dags/example_branch_day_of_week_operator.py
[2025-01-15T00:19:19.235+0000] {processor.py:753} INFO - DAG(s) dict_keys(['example_weekday_branch_operator']) retrieved from /home/airflow/.local/lib/python3.7/site-packages/airflow/example_dags/example_branch_day_of_week_operator.py
[2025-01-15T00:19:19.245+0000] {logging_mixin.py:137} INFO - [2025-01-15T00:19:19.244+0000] {dag.py:2690} INFO - Sync 1 DAGs
[2025-01-15T00:19:19.254+0000] {logging_mixin.py:137} INFO - [2025-01-15T00:19:19.254+0000] {dag.py:3441} INFO - Setting next_dagrun for example_weekday_branch_operator to 2025-01-14T00:00:00+00:00, run_after=2025-01-15T00:00:00+00:00
[2025-01-15T00:19:19.264+0000] {processor.py:175} INFO - Processing /home/airflow/.local/lib/python3.7/site-packages/airflow/example_dags/example_branch_day_of_week_operator.py took 0.039 seconds
[2025-01-15T00:19:49.839+0000] {processor.py:153} INFO - Started process (PID=48361) to work on /home/airflow/.local/lib/python3.7/site-packages/airflow/example_dags/example_branch_day_of_week_operator.py
[2025-01-15T00:19:49.839+0000] {processor.py:743} INFO - Processing file /home/airflow/.local/lib/python3.7/site-packages/airflow/example_dags/example_branch_day_of_week_operator.py for tasks to queue
[2025-01-15T00:19:49.839+0000] {logging_mixin.py:137} INFO - [2025-01-15T00:19:49.839+0000] {dagbag.py:538} INFO - Filling up the DagBag from /home/airflow/.local/lib/python3.7/site-packages/airflow/example_dags/example_branch_day_of_week_operator.py
[2025-01-15T00:19:49.847+0000] {processor.py:753} INFO - DAG(s) dict_keys(['example_weekday_branch_operator']) retrieved from /home/airflow/.local/lib/python3.7/site-packages/airflow/example_dags/example_branch_day_of_week_operator.py
[2025-01-15T00:19:49.859+0000] {logging_mixin.py:137} INFO - [2025-01-15T00:19:49.859+0000] {dag.py:2690} INFO - Sync 1 DAGs
[2025-01-15T00:19:49.869+0000] {logging_mixin.py:137} INFO - [2025-01-15T00:19:49.869+0000] {dag.py:3441} INFO - Setting next_dagrun for example_weekday_branch_operator to 2025-01-14T00:00:00+00:00, run_after=2025-01-15T00:00:00+00:00
[2025-01-15T00:19:49.878+0000] {processor.py:175} INFO - Processing /home/airflow/.local/lib/python3.7/site-packages/airflow/example_dags/example_branch_day_of_week_operator.py took 0.041 seconds
[2025-01-15T00:20:21.401+0000] {processor.py:153} INFO - Started process (PID=48453) to work on /home/airflow/.local/lib/python3.7/site-packages/airflow/example_dags/example_branch_day_of_week_operator.py
[2025-01-15T00:20:21.404+0000] {processor.py:743} INFO - Processing file /home/airflow/.local/lib/python3.7/site-packages/airflow/example_dags/example_branch_day_of_week_operator.py for tasks to queue
[2025-01-15T00:20:21.405+0000] {logging_mixin.py:137} INFO - [2025-01-15T00:20:21.405+0000] {dagbag.py:538} INFO - Filling up the DagBag from /home/airflow/.local/lib/python3.7/site-packages/airflow/example_dags/example_branch_day_of_week_operator.py
[2025-01-15T00:20:21.412+0000] {processor.py:753} INFO - DAG(s) dict_keys(['example_weekday_branch_operator']) retrieved from /home/airflow/.local/lib/python3.7/site-packages/airflow/example_dags/example_branch_day_of_week_operator.py
[2025-01-15T00:20:21.427+0000] {logging_mixin.py:137} INFO - [2025-01-15T00:20:21.427+0000] {dag.py:2690} INFO - Sync 1 DAGs
[2025-01-15T00:20:21.443+0000] {logging_mixin.py:137} INFO - [2025-01-15T00:20:21.443+0000] {dag.py:3441} INFO - Setting next_dagrun for example_weekday_branch_operator to 2025-01-14T00:00:00+00:00, run_after=2025-01-15T00:00:00+00:00
[2025-01-15T00:20:21.522+0000] {processor.py:175} INFO - Processing /home/airflow/.local/lib/python3.7/site-packages/airflow/example_dags/example_branch_day_of_week_operator.py took 0.122 seconds
[2025-01-15T00:23:11.749+0000] {processor.py:153} INFO - Started process (PID=48544) to work on /home/airflow/.local/lib/python3.7/site-packages/airflow/example_dags/example_branch_day_of_week_operator.py
[2025-01-15T00:23:11.749+0000] {processor.py:743} INFO - Processing file /home/airflow/.local/lib/python3.7/site-packages/airflow/example_dags/example_branch_day_of_week_operator.py for tasks to queue
[2025-01-15T00:23:11.749+0000] {logging_mixin.py:137} INFO - [2025-01-15T00:23:11.749+0000] {dagbag.py:538} INFO - Filling up the DagBag from /home/airflow/.local/lib/python3.7/site-packages/airflow/example_dags/example_branch_day_of_week_operator.py
[2025-01-15T00:23:11.756+0000] {processor.py:753} INFO - DAG(s) dict_keys(['example_weekday_branch_operator']) retrieved from /home/airflow/.local/lib/python3.7/site-packages/airflow/example_dags/example_branch_day_of_week_operator.py
[2025-01-15T00:23:11.769+0000] {logging_mixin.py:137} INFO - [2025-01-15T00:23:11.769+0000] {dag.py:2690} INFO - Sync 1 DAGs
[2025-01-15T00:23:11.856+0000] {logging_mixin.py:137} INFO - [2025-01-15T00:23:11.856+0000] {dag.py:3441} INFO - Setting next_dagrun for example_weekday_branch_operator to 2025-01-14T00:00:00+00:00, run_after=2025-01-15T00:00:00+00:00
[2025-01-15T00:23:11.874+0000] {processor.py:175} INFO - Processing /home/airflow/.local/lib/python3.7/site-packages/airflow/example_dags/example_branch_day_of_week_operator.py took 0.127 seconds
[2025-01-15T00:23:42.610+0000] {processor.py:153} INFO - Started process (PID=48629) to work on /home/airflow/.local/lib/python3.7/site-packages/airflow/example_dags/example_branch_day_of_week_operator.py
[2025-01-15T00:23:42.610+0000] {processor.py:743} INFO - Processing file /home/airflow/.local/lib/python3.7/site-packages/airflow/example_dags/example_branch_day_of_week_operator.py for tasks to queue
[2025-01-15T00:23:42.610+0000] {logging_mixin.py:137} INFO - [2025-01-15T00:23:42.610+0000] {dagbag.py:538} INFO - Filling up the DagBag from /home/airflow/.local/lib/python3.7/site-packages/airflow/example_dags/example_branch_day_of_week_operator.py
[2025-01-15T00:23:42.618+0000] {processor.py:753} INFO - DAG(s) dict_keys(['example_weekday_branch_operator']) retrieved from /home/airflow/.local/lib/python3.7/site-packages/airflow/example_dags/example_branch_day_of_week_operator.py
[2025-01-15T00:23:42.633+0000] {logging_mixin.py:137} INFO - [2025-01-15T00:23:42.633+0000] {dag.py:2690} INFO - Sync 1 DAGs
[2025-01-15T00:23:42.646+0000] {logging_mixin.py:137} INFO - [2025-01-15T00:23:42.646+0000] {dag.py:3441} INFO - Setting next_dagrun for example_weekday_branch_operator to 2025-01-14T00:00:00+00:00, run_after=2025-01-15T00:00:00+00:00
[2025-01-15T00:23:42.659+0000] {processor.py:175} INFO - Processing /home/airflow/.local/lib/python3.7/site-packages/airflow/example_dags/example_branch_day_of_week_operator.py took 0.051 seconds
[2025-01-15T00:24:21.561+0000] {processor.py:153} INFO - Started process (PID=48712) to work on /home/airflow/.local/lib/python3.7/site-packages/airflow/example_dags/example_branch_day_of_week_operator.py
[2025-01-15T00:24:21.562+0000] {processor.py:743} INFO - Processing file /home/airflow/.local/lib/python3.7/site-packages/airflow/example_dags/example_branch_day_of_week_operator.py for tasks to queue
[2025-01-15T00:24:21.562+0000] {logging_mixin.py:137} INFO - [2025-01-15T00:24:21.562+0000] {dagbag.py:538} INFO - Filling up the DagBag from /home/airflow/.local/lib/python3.7/site-packages/airflow/example_dags/example_branch_day_of_week_operator.py
[2025-01-15T00:24:21.569+0000] {processor.py:753} INFO - DAG(s) dict_keys(['example_weekday_branch_operator']) retrieved from /home/airflow/.local/lib/python3.7/site-packages/airflow/example_dags/example_branch_day_of_week_operator.py
[2025-01-15T00:24:21.581+0000] {logging_mixin.py:137} INFO - [2025-01-15T00:24:21.581+0000] {dag.py:2690} INFO - Sync 1 DAGs
[2025-01-15T00:24:21.592+0000] {logging_mixin.py:137} INFO - [2025-01-15T00:24:21.592+0000] {dag.py:3441} INFO - Setting next_dagrun for example_weekday_branch_operator to 2025-01-14T00:00:00+00:00, run_after=2025-01-15T00:00:00+00:00
[2025-01-15T00:24:21.600+0000] {processor.py:175} INFO - Processing /home/airflow/.local/lib/python3.7/site-packages/airflow/example_dags/example_branch_day_of_week_operator.py took 0.041 seconds
[2025-01-15T00:24:52.568+0000] {processor.py:153} INFO - Started process (PID=48804) to work on /home/airflow/.local/lib/python3.7/site-packages/airflow/example_dags/example_branch_day_of_week_operator.py
[2025-01-15T00:24:52.568+0000] {processor.py:743} INFO - Processing file /home/airflow/.local/lib/python3.7/site-packages/airflow/example_dags/example_branch_day_of_week_operator.py for tasks to queue
[2025-01-15T00:24:52.568+0000] {logging_mixin.py:137} INFO - [2025-01-15T00:24:52.568+0000] {dagbag.py:538} INFO - Filling up the DagBag from /home/airflow/.local/lib/python3.7/site-packages/airflow/example_dags/example_branch_day_of_week_operator.py
[2025-01-15T00:24:52.575+0000] {processor.py:753} INFO - DAG(s) dict_keys(['example_weekday_branch_operator']) retrieved from /home/airflow/.local/lib/python3.7/site-packages/airflow/example_dags/example_branch_day_of_week_operator.py
[2025-01-15T00:24:52.585+0000] {logging_mixin.py:137} INFO - [2025-01-15T00:24:52.585+0000] {dag.py:2690} INFO - Sync 1 DAGs
[2025-01-15T00:24:52.664+0000] {logging_mixin.py:137} INFO - [2025-01-15T00:24:52.664+0000] {dag.py:3441} INFO - Setting next_dagrun for example_weekday_branch_operator to 2025-01-14T00:00:00+00:00, run_after=2025-01-15T00:00:00+00:00
[2025-01-15T00:24:52.674+0000] {processor.py:175} INFO - Processing /home/airflow/.local/lib/python3.7/site-packages/airflow/example_dags/example_branch_day_of_week_operator.py took 0.108 seconds
[2025-01-15T00:25:23.541+0000] {processor.py:153} INFO - Started process (PID=48896) to work on /home/airflow/.local/lib/python3.7/site-packages/airflow/example_dags/example_branch_day_of_week_operator.py
[2025-01-15T00:25:23.542+0000] {processor.py:743} INFO - Processing file /home/airflow/.local/lib/python3.7/site-packages/airflow/example_dags/example_branch_day_of_week_operator.py for tasks to queue
[2025-01-15T00:25:23.542+0000] {logging_mixin.py:137} INFO - [2025-01-15T00:25:23.542+0000] {dagbag.py:538} INFO - Filling up the DagBag from /home/airflow/.local/lib/python3.7/site-packages/airflow/example_dags/example_branch_day_of_week_operator.py
[2025-01-15T00:25:23.549+0000] {processor.py:753} INFO - DAG(s) dict_keys(['example_weekday_branch_operator']) retrieved from /home/airflow/.local/lib/python3.7/site-packages/airflow/example_dags/example_branch_day_of_week_operator.py
[2025-01-15T00:25:23.562+0000] {logging_mixin.py:137} INFO - [2025-01-15T00:25:23.562+0000] {dag.py:2690} INFO - Sync 1 DAGs
[2025-01-15T00:25:23.573+0000] {logging_mixin.py:137} INFO - [2025-01-15T00:25:23.572+0000] {dag.py:3441} INFO - Setting next_dagrun for example_weekday_branch_operator to 2025-01-14T00:00:00+00:00, run_after=2025-01-15T00:00:00+00:00
[2025-01-15T00:25:23.581+0000] {processor.py:175} INFO - Processing /home/airflow/.local/lib/python3.7/site-packages/airflow/example_dags/example_branch_day_of_week_operator.py took 0.041 seconds
[2025-01-15T00:34:06.511+0000] {processor.py:153} INFO - Started process (PID=48971) to work on /home/airflow/.local/lib/python3.7/site-packages/airflow/example_dags/example_branch_day_of_week_operator.py
[2025-01-15T00:34:06.512+0000] {processor.py:743} INFO - Processing file /home/airflow/.local/lib/python3.7/site-packages/airflow/example_dags/example_branch_day_of_week_operator.py for tasks to queue
[2025-01-15T00:34:06.512+0000] {logging_mixin.py:137} INFO - [2025-01-15T00:34:06.512+0000] {dagbag.py:538} INFO - Filling up the DagBag from /home/airflow/.local/lib/python3.7/site-packages/airflow/example_dags/example_branch_day_of_week_operator.py
[2025-01-15T00:34:06.519+0000] {processor.py:753} INFO - DAG(s) dict_keys(['example_weekday_branch_operator']) retrieved from /home/airflow/.local/lib/python3.7/site-packages/airflow/example_dags/example_branch_day_of_week_operator.py
[2025-01-15T00:34:06.529+0000] {logging_mixin.py:137} INFO - [2025-01-15T00:34:06.529+0000] {dag.py:2690} INFO - Sync 1 DAGs
[2025-01-15T00:34:06.539+0000] {logging_mixin.py:137} INFO - [2025-01-15T00:34:06.539+0000] {dag.py:3441} INFO - Setting next_dagrun for example_weekday_branch_operator to 2025-01-14T00:00:00+00:00, run_after=2025-01-15T00:00:00+00:00
[2025-01-15T00:34:06.549+0000] {processor.py:175} INFO - Processing /home/airflow/.local/lib/python3.7/site-packages/airflow/example_dags/example_branch_day_of_week_operator.py took 0.039 seconds
[2025-01-15T00:34:37.290+0000] {processor.py:153} INFO - Started process (PID=49063) to work on /home/airflow/.local/lib/python3.7/site-packages/airflow/example_dags/example_branch_day_of_week_operator.py
[2025-01-15T00:34:37.291+0000] {processor.py:743} INFO - Processing file /home/airflow/.local/lib/python3.7/site-packages/airflow/example_dags/example_branch_day_of_week_operator.py for tasks to queue
[2025-01-15T00:34:37.291+0000] {logging_mixin.py:137} INFO - [2025-01-15T00:34:37.291+0000] {dagbag.py:538} INFO - Filling up the DagBag from /home/airflow/.local/lib/python3.7/site-packages/airflow/example_dags/example_branch_day_of_week_operator.py
[2025-01-15T00:34:37.298+0000] {processor.py:753} INFO - DAG(s) dict_keys(['example_weekday_branch_operator']) retrieved from /home/airflow/.local/lib/python3.7/site-packages/airflow/example_dags/example_branch_day_of_week_operator.py
[2025-01-15T00:34:37.309+0000] {logging_mixin.py:137} INFO - [2025-01-15T00:34:37.309+0000] {dag.py:2690} INFO - Sync 1 DAGs
[2025-01-15T00:34:37.385+0000] {logging_mixin.py:137} INFO - [2025-01-15T00:34:37.385+0000] {dag.py:3441} INFO - Setting next_dagrun for example_weekday_branch_operator to 2025-01-14T00:00:00+00:00, run_after=2025-01-15T00:00:00+00:00
[2025-01-15T00:34:37.394+0000] {processor.py:175} INFO - Processing /home/airflow/.local/lib/python3.7/site-packages/airflow/example_dags/example_branch_day_of_week_operator.py took 0.105 seconds
[2025-01-15T00:39:09.722+0000] {processor.py:153} INFO - Started process (PID=49155) to work on /home/airflow/.local/lib/python3.7/site-packages/airflow/example_dags/example_branch_day_of_week_operator.py
[2025-01-15T00:39:09.722+0000] {processor.py:743} INFO - Processing file /home/airflow/.local/lib/python3.7/site-packages/airflow/example_dags/example_branch_day_of_week_operator.py for tasks to queue
[2025-01-15T00:39:09.722+0000] {logging_mixin.py:137} INFO - [2025-01-15T00:39:09.722+0000] {dagbag.py:538} INFO - Filling up the DagBag from /home/airflow/.local/lib/python3.7/site-packages/airflow/example_dags/example_branch_day_of_week_operator.py
[2025-01-15T00:39:09.728+0000] {processor.py:753} INFO - DAG(s) dict_keys(['example_weekday_branch_operator']) retrieved from /home/airflow/.local/lib/python3.7/site-packages/airflow/example_dags/example_branch_day_of_week_operator.py
[2025-01-15T00:39:09.738+0000] {logging_mixin.py:137} INFO - [2025-01-15T00:39:09.738+0000] {dag.py:2690} INFO - Sync 1 DAGs
[2025-01-15T00:39:09.804+0000] {logging_mixin.py:137} INFO - [2025-01-15T00:39:09.804+0000] {dag.py:3441} INFO - Setting next_dagrun for example_weekday_branch_operator to 2025-01-14T00:00:00+00:00, run_after=2025-01-15T00:00:00+00:00
[2025-01-15T00:39:09.811+0000] {processor.py:175} INFO - Processing /home/airflow/.local/lib/python3.7/site-packages/airflow/example_dags/example_branch_day_of_week_operator.py took 0.091 seconds
[2025-01-15T00:39:40.712+0000] {processor.py:153} INFO - Started process (PID=49240) to work on /home/airflow/.local/lib/python3.7/site-packages/airflow/example_dags/example_branch_day_of_week_operator.py
[2025-01-15T00:39:40.713+0000] {processor.py:743} INFO - Processing file /home/airflow/.local/lib/python3.7/site-packages/airflow/example_dags/example_branch_day_of_week_operator.py for tasks to queue
[2025-01-15T00:39:40.713+0000] {logging_mixin.py:137} INFO - [2025-01-15T00:39:40.713+0000] {dagbag.py:538} INFO - Filling up the DagBag from /home/airflow/.local/lib/python3.7/site-packages/airflow/example_dags/example_branch_day_of_week_operator.py
[2025-01-15T00:39:40.723+0000] {processor.py:753} INFO - DAG(s) dict_keys(['example_weekday_branch_operator']) retrieved from /home/airflow/.local/lib/python3.7/site-packages/airflow/example_dags/example_branch_day_of_week_operator.py
[2025-01-15T00:39:40.738+0000] {logging_mixin.py:137} INFO - [2025-01-15T00:39:40.738+0000] {dag.py:2690} INFO - Sync 1 DAGs
[2025-01-15T00:39:40.752+0000] {logging_mixin.py:137} INFO - [2025-01-15T00:39:40.752+0000] {dag.py:3441} INFO - Setting next_dagrun for example_weekday_branch_operator to 2025-01-14T00:00:00+00:00, run_after=2025-01-15T00:00:00+00:00
[2025-01-15T00:39:40.776+0000] {processor.py:175} INFO - Processing /home/airflow/.local/lib/python3.7/site-packages/airflow/example_dags/example_branch_day_of_week_operator.py took 0.066 seconds
[2025-01-15T00:40:11.303+0000] {processor.py:153} INFO - Started process (PID=49323) to work on /home/airflow/.local/lib/python3.7/site-packages/airflow/example_dags/example_branch_day_of_week_operator.py
[2025-01-15T00:40:11.304+0000] {processor.py:743} INFO - Processing file /home/airflow/.local/lib/python3.7/site-packages/airflow/example_dags/example_branch_day_of_week_operator.py for tasks to queue
[2025-01-15T00:40:11.308+0000] {logging_mixin.py:137} INFO - [2025-01-15T00:40:11.308+0000] {dagbag.py:538} INFO - Filling up the DagBag from /home/airflow/.local/lib/python3.7/site-packages/airflow/example_dags/example_branch_day_of_week_operator.py
[2025-01-15T00:40:11.315+0000] {processor.py:753} INFO - DAG(s) dict_keys(['example_weekday_branch_operator']) retrieved from /home/airflow/.local/lib/python3.7/site-packages/airflow/example_dags/example_branch_day_of_week_operator.py
[2025-01-15T00:40:11.445+0000] {logging_mixin.py:137} INFO - [2025-01-15T00:40:11.444+0000] {dag.py:2690} INFO - Sync 1 DAGs
[2025-01-15T00:40:11.466+0000] {logging_mixin.py:137} INFO - [2025-01-15T00:40:11.466+0000] {dag.py:3441} INFO - Setting next_dagrun for example_weekday_branch_operator to 2025-01-14T00:00:00+00:00, run_after=2025-01-15T00:00:00+00:00
[2025-01-15T00:40:11.582+0000] {processor.py:175} INFO - Processing /home/airflow/.local/lib/python3.7/site-packages/airflow/example_dags/example_branch_day_of_week_operator.py took 0.281 seconds
[2025-01-15T00:46:06.241+0000] {processor.py:153} INFO - Started process (PID=49415) to work on /home/airflow/.local/lib/python3.7/site-packages/airflow/example_dags/example_branch_day_of_week_operator.py
[2025-01-15T00:46:06.241+0000] {processor.py:743} INFO - Processing file /home/airflow/.local/lib/python3.7/site-packages/airflow/example_dags/example_branch_day_of_week_operator.py for tasks to queue
[2025-01-15T00:46:06.242+0000] {logging_mixin.py:137} INFO - [2025-01-15T00:46:06.242+0000] {dagbag.py:538} INFO - Filling up the DagBag from /home/airflow/.local/lib/python3.7/site-packages/airflow/example_dags/example_branch_day_of_week_operator.py
[2025-01-15T00:46:06.247+0000] {processor.py:753} INFO - DAG(s) dict_keys(['example_weekday_branch_operator']) retrieved from /home/airflow/.local/lib/python3.7/site-packages/airflow/example_dags/example_branch_day_of_week_operator.py
[2025-01-15T00:46:06.258+0000] {logging_mixin.py:137} INFO - [2025-01-15T00:46:06.258+0000] {dag.py:2690} INFO - Sync 1 DAGs
[2025-01-15T00:46:06.336+0000] {logging_mixin.py:137} INFO - [2025-01-15T00:46:06.335+0000] {dag.py:3441} INFO - Setting next_dagrun for example_weekday_branch_operator to 2025-01-14T00:00:00+00:00, run_after=2025-01-15T00:00:00+00:00
[2025-01-15T00:46:06.347+0000] {processor.py:175} INFO - Processing /home/airflow/.local/lib/python3.7/site-packages/airflow/example_dags/example_branch_day_of_week_operator.py took 0.108 seconds
[2025-01-15T00:46:37.185+0000] {processor.py:153} INFO - Started process (PID=49507) to work on /home/airflow/.local/lib/python3.7/site-packages/airflow/example_dags/example_branch_day_of_week_operator.py
[2025-01-15T00:46:37.188+0000] {processor.py:743} INFO - Processing file /home/airflow/.local/lib/python3.7/site-packages/airflow/example_dags/example_branch_day_of_week_operator.py for tasks to queue
[2025-01-15T00:46:37.188+0000] {logging_mixin.py:137} INFO - [2025-01-15T00:46:37.188+0000] {dagbag.py:538} INFO - Filling up the DagBag from /home/airflow/.local/lib/python3.7/site-packages/airflow/example_dags/example_branch_day_of_week_operator.py
[2025-01-15T00:46:37.194+0000] {processor.py:753} INFO - DAG(s) dict_keys(['example_weekday_branch_operator']) retrieved from /home/airflow/.local/lib/python3.7/site-packages/airflow/example_dags/example_branch_day_of_week_operator.py
[2025-01-15T00:46:37.205+0000] {logging_mixin.py:137} INFO - [2025-01-15T00:46:37.204+0000] {dag.py:2690} INFO - Sync 1 DAGs
[2025-01-15T00:46:37.215+0000] {logging_mixin.py:137} INFO - [2025-01-15T00:46:37.215+0000] {dag.py:3441} INFO - Setting next_dagrun for example_weekday_branch_operator to 2025-01-14T00:00:00+00:00, run_after=2025-01-15T00:00:00+00:00
[2025-01-15T00:46:37.225+0000] {processor.py:175} INFO - Processing /home/airflow/.local/lib/python3.7/site-packages/airflow/example_dags/example_branch_day_of_week_operator.py took 0.041 seconds
[2025-01-15T00:48:07.992+0000] {processor.py:153} INFO - Started process (PID=49583) to work on /home/airflow/.local/lib/python3.7/site-packages/airflow/example_dags/example_branch_day_of_week_operator.py
[2025-01-15T00:48:07.993+0000] {processor.py:743} INFO - Processing file /home/airflow/.local/lib/python3.7/site-packages/airflow/example_dags/example_branch_day_of_week_operator.py for tasks to queue
[2025-01-15T00:48:07.995+0000] {logging_mixin.py:137} INFO - [2025-01-15T00:48:07.995+0000] {dagbag.py:538} INFO - Filling up the DagBag from /home/airflow/.local/lib/python3.7/site-packages/airflow/example_dags/example_branch_day_of_week_operator.py
[2025-01-15T00:48:08.002+0000] {processor.py:753} INFO - DAG(s) dict_keys(['example_weekday_branch_operator']) retrieved from /home/airflow/.local/lib/python3.7/site-packages/airflow/example_dags/example_branch_day_of_week_operator.py
[2025-01-15T00:48:08.013+0000] {logging_mixin.py:137} INFO - [2025-01-15T00:48:08.013+0000] {dag.py:2690} INFO - Sync 1 DAGs
[2025-01-15T00:48:08.024+0000] {logging_mixin.py:137} INFO - [2025-01-15T00:48:08.024+0000] {dag.py:3441} INFO - Setting next_dagrun for example_weekday_branch_operator to 2025-01-14T00:00:00+00:00, run_after=2025-01-15T00:00:00+00:00
[2025-01-15T00:48:08.031+0000] {processor.py:175} INFO - Processing /home/airflow/.local/lib/python3.7/site-packages/airflow/example_dags/example_branch_day_of_week_operator.py took 0.040 seconds
[2025-01-15T00:48:38.805+0000] {processor.py:153} INFO - Started process (PID=49675) to work on /home/airflow/.local/lib/python3.7/site-packages/airflow/example_dags/example_branch_day_of_week_operator.py
[2025-01-15T00:48:38.809+0000] {processor.py:743} INFO - Processing file /home/airflow/.local/lib/python3.7/site-packages/airflow/example_dags/example_branch_day_of_week_operator.py for tasks to queue
[2025-01-15T00:48:38.809+0000] {logging_mixin.py:137} INFO - [2025-01-15T00:48:38.809+0000] {dagbag.py:538} INFO - Filling up the DagBag from /home/airflow/.local/lib/python3.7/site-packages/airflow/example_dags/example_branch_day_of_week_operator.py
[2025-01-15T00:48:38.816+0000] {processor.py:753} INFO - DAG(s) dict_keys(['example_weekday_branch_operator']) retrieved from /home/airflow/.local/lib/python3.7/site-packages/airflow/example_dags/example_branch_day_of_week_operator.py
[2025-01-15T00:48:38.827+0000] {logging_mixin.py:137} INFO - [2025-01-15T00:48:38.827+0000] {dag.py:2690} INFO - Sync 1 DAGs
[2025-01-15T00:48:38.906+0000] {logging_mixin.py:137} INFO - [2025-01-15T00:48:38.906+0000] {dag.py:3441} INFO - Setting next_dagrun for example_weekday_branch_operator to 2025-01-14T00:00:00+00:00, run_after=2025-01-15T00:00:00+00:00
[2025-01-15T00:48:38.912+0000] {processor.py:175} INFO - Processing /home/airflow/.local/lib/python3.7/site-packages/airflow/example_dags/example_branch_day_of_week_operator.py took 0.109 seconds
[2025-01-15T00:49:09.810+0000] {processor.py:153} INFO - Started process (PID=49767) to work on /home/airflow/.local/lib/python3.7/site-packages/airflow/example_dags/example_branch_day_of_week_operator.py
[2025-01-15T00:49:09.810+0000] {processor.py:743} INFO - Processing file /home/airflow/.local/lib/python3.7/site-packages/airflow/example_dags/example_branch_day_of_week_operator.py for tasks to queue
[2025-01-15T00:49:09.811+0000] {logging_mixin.py:137} INFO - [2025-01-15T00:49:09.811+0000] {dagbag.py:538} INFO - Filling up the DagBag from /home/airflow/.local/lib/python3.7/site-packages/airflow/example_dags/example_branch_day_of_week_operator.py
[2025-01-15T00:49:09.817+0000] {processor.py:753} INFO - DAG(s) dict_keys(['example_weekday_branch_operator']) retrieved from /home/airflow/.local/lib/python3.7/site-packages/airflow/example_dags/example_branch_day_of_week_operator.py
[2025-01-15T00:49:09.894+0000] {logging_mixin.py:137} INFO - [2025-01-15T00:49:09.894+0000] {dag.py:2690} INFO - Sync 1 DAGs
[2025-01-15T00:49:09.904+0000] {logging_mixin.py:137} INFO - [2025-01-15T00:49:09.904+0000] {dag.py:3441} INFO - Setting next_dagrun for example_weekday_branch_operator to 2025-01-14T00:00:00+00:00, run_after=2025-01-15T00:00:00+00:00
[2025-01-15T00:49:09.911+0000] {processor.py:175} INFO - Processing /home/airflow/.local/lib/python3.7/site-packages/airflow/example_dags/example_branch_day_of_week_operator.py took 0.103 seconds
[2025-01-15T01:03:14.040+0000] {processor.py:153} INFO - Started process (PID=49843) to work on /home/airflow/.local/lib/python3.7/site-packages/airflow/example_dags/example_branch_day_of_week_operator.py
[2025-01-15T01:03:14.040+0000] {processor.py:743} INFO - Processing file /home/airflow/.local/lib/python3.7/site-packages/airflow/example_dags/example_branch_day_of_week_operator.py for tasks to queue
[2025-01-15T01:03:14.040+0000] {logging_mixin.py:137} INFO - [2025-01-15T01:03:14.040+0000] {dagbag.py:538} INFO - Filling up the DagBag from /home/airflow/.local/lib/python3.7/site-packages/airflow/example_dags/example_branch_day_of_week_operator.py
[2025-01-15T01:03:14.047+0000] {processor.py:753} INFO - DAG(s) dict_keys(['example_weekday_branch_operator']) retrieved from /home/airflow/.local/lib/python3.7/site-packages/airflow/example_dags/example_branch_day_of_week_operator.py
[2025-01-15T01:03:14.057+0000] {logging_mixin.py:137} INFO - [2025-01-15T01:03:14.057+0000] {dag.py:2690} INFO - Sync 1 DAGs
[2025-01-15T01:03:14.067+0000] {logging_mixin.py:137} INFO - [2025-01-15T01:03:14.067+0000] {dag.py:3441} INFO - Setting next_dagrun for example_weekday_branch_operator to 2025-01-14T00:00:00+00:00, run_after=2025-01-15T00:00:00+00:00
[2025-01-15T01:03:14.077+0000] {processor.py:175} INFO - Processing /home/airflow/.local/lib/python3.7/site-packages/airflow/example_dags/example_branch_day_of_week_operator.py took 0.039 seconds
