[2025-01-15T00:05:42.268+0000] {processor.py:153} INFO - Started process (PID=48087) to work on /home/airflow/.local/lib/python3.7/site-packages/airflow/example_dags/example_python_operator.py
[2025-01-15T00:05:42.270+0000] {processor.py:743} INFO - Processing file /home/airflow/.local/lib/python3.7/site-packages/airflow/example_dags/example_python_operator.py for tasks to queue
[2025-01-15T00:05:42.272+0000] {logging_mixin.py:137} INFO - [2025-01-15T00:05:42.272+0000] {dagbag.py:538} INFO - Filling up the DagBag from /home/airflow/.local/lib/python3.7/site-packages/airflow/example_dags/example_python_operator.py
[2025-01-15T00:05:42.284+0000] {logging_mixin.py:137} INFO - [2025-01-15T00:05:42.284+0000] {taskmixin.py:205} WARNING - Dependency <Task(_PythonDecoratedOperator): print_the_context>, log_sql_query already registered for DAG: example_python_operator
[2025-01-15T00:05:42.284+0000] {logging_mixin.py:137} INFO - [2025-01-15T00:05:42.284+0000] {taskmixin.py:205} WARNING - Dependency <Task(_PythonDecoratedOperator): log_sql_query>, print_the_context already registered for DAG: example_python_operator
[2025-01-15T00:05:42.285+0000] {logging_mixin.py:137} INFO - [2025-01-15T00:05:42.285+0000] {taskmixin.py:205} WARNING - Dependency <Task(_PythonDecoratedOperator): print_the_context>, log_sql_query already registered for DAG: example_python_operator
[2025-01-15T00:05:42.285+0000] {logging_mixin.py:137} INFO - [2025-01-15T00:05:42.285+0000] {taskmixin.py:205} WARNING - Dependency <Task(_PythonDecoratedOperator): log_sql_query>, print_the_context already registered for DAG: example_python_operator
[2025-01-15T00:05:42.286+0000] {logging_mixin.py:137} INFO - [2025-01-15T00:05:42.286+0000] {taskmixin.py:205} WARNING - Dependency <Task(_PythonDecoratedOperator): print_the_context>, log_sql_query already registered for DAG: example_python_operator
[2025-01-15T00:05:42.286+0000] {logging_mixin.py:137} INFO - [2025-01-15T00:05:42.286+0000] {taskmixin.py:205} WARNING - Dependency <Task(_PythonDecoratedOperator): log_sql_query>, print_the_context already registered for DAG: example_python_operator
[2025-01-15T00:05:42.287+0000] {logging_mixin.py:137} INFO - [2025-01-15T00:05:42.287+0000] {taskmixin.py:205} WARNING - Dependency <Task(_PythonDecoratedOperator): print_the_context>, log_sql_query already registered for DAG: example_python_operator
[2025-01-15T00:05:42.287+0000] {logging_mixin.py:137} INFO - [2025-01-15T00:05:42.287+0000] {taskmixin.py:205} WARNING - Dependency <Task(_PythonDecoratedOperator): log_sql_query>, print_the_context already registered for DAG: example_python_operator
[2025-01-15T00:05:42.293+0000] {processor.py:753} INFO - DAG(s) dict_keys(['example_python_operator']) retrieved from /home/airflow/.local/lib/python3.7/site-packages/airflow/example_dags/example_python_operator.py
[2025-01-15T00:05:42.313+0000] {logging_mixin.py:137} INFO - [2025-01-15T00:05:42.313+0000] {dag.py:2690} INFO - Sync 1 DAGs
[2025-01-15T00:05:42.327+0000] {logging_mixin.py:137} INFO - [2025-01-15T00:05:42.327+0000] {dag.py:3441} INFO - Setting next_dagrun for example_python_operator to None, run_after=None
[2025-01-15T00:05:42.426+0000] {processor.py:175} INFO - Processing /home/airflow/.local/lib/python3.7/site-packages/airflow/example_dags/example_python_operator.py took 0.161 seconds
[2025-01-15T00:06:13.009+0000] {processor.py:153} INFO - Started process (PID=48178) to work on /home/airflow/.local/lib/python3.7/site-packages/airflow/example_dags/example_python_operator.py
[2025-01-15T00:06:13.010+0000] {processor.py:743} INFO - Processing file /home/airflow/.local/lib/python3.7/site-packages/airflow/example_dags/example_python_operator.py for tasks to queue
[2025-01-15T00:06:13.011+0000] {logging_mixin.py:137} INFO - [2025-01-15T00:06:13.011+0000] {dagbag.py:538} INFO - Filling up the DagBag from /home/airflow/.local/lib/python3.7/site-packages/airflow/example_dags/example_python_operator.py
[2025-01-15T00:06:13.019+0000] {logging_mixin.py:137} INFO - [2025-01-15T00:06:13.019+0000] {taskmixin.py:205} WARNING - Dependency <Task(_PythonDecoratedOperator): print_the_context>, log_sql_query already registered for DAG: example_python_operator
[2025-01-15T00:06:13.021+0000] {logging_mixin.py:137} INFO - [2025-01-15T00:06:13.021+0000] {taskmixin.py:205} WARNING - Dependency <Task(_PythonDecoratedOperator): log_sql_query>, print_the_context already registered for DAG: example_python_operator
[2025-01-15T00:06:13.021+0000] {logging_mixin.py:137} INFO - [2025-01-15T00:06:13.021+0000] {taskmixin.py:205} WARNING - Dependency <Task(_PythonDecoratedOperator): print_the_context>, log_sql_query already registered for DAG: example_python_operator
[2025-01-15T00:06:13.023+0000] {logging_mixin.py:137} INFO - [2025-01-15T00:06:13.023+0000] {taskmixin.py:205} WARNING - Dependency <Task(_PythonDecoratedOperator): log_sql_query>, print_the_context already registered for DAG: example_python_operator
[2025-01-15T00:06:13.024+0000] {logging_mixin.py:137} INFO - [2025-01-15T00:06:13.024+0000] {taskmixin.py:205} WARNING - Dependency <Task(_PythonDecoratedOperator): print_the_context>, log_sql_query already registered for DAG: example_python_operator
[2025-01-15T00:06:13.025+0000] {logging_mixin.py:137} INFO - [2025-01-15T00:06:13.025+0000] {taskmixin.py:205} WARNING - Dependency <Task(_PythonDecoratedOperator): log_sql_query>, print_the_context already registered for DAG: example_python_operator
[2025-01-15T00:06:13.025+0000] {logging_mixin.py:137} INFO - [2025-01-15T00:06:13.025+0000] {taskmixin.py:205} WARNING - Dependency <Task(_PythonDecoratedOperator): print_the_context>, log_sql_query already registered for DAG: example_python_operator
[2025-01-15T00:06:13.025+0000] {logging_mixin.py:137} INFO - [2025-01-15T00:06:13.025+0000] {taskmixin.py:205} WARNING - Dependency <Task(_PythonDecoratedOperator): log_sql_query>, print_the_context already registered for DAG: example_python_operator
[2025-01-15T00:06:13.028+0000] {processor.py:753} INFO - DAG(s) dict_keys(['example_python_operator']) retrieved from /home/airflow/.local/lib/python3.7/site-packages/airflow/example_dags/example_python_operator.py
[2025-01-15T00:06:13.045+0000] {logging_mixin.py:137} INFO - [2025-01-15T00:06:13.045+0000] {dag.py:2690} INFO - Sync 1 DAGs
[2025-01-15T00:06:13.122+0000] {logging_mixin.py:137} INFO - [2025-01-15T00:06:13.122+0000] {dag.py:3441} INFO - Setting next_dagrun for example_python_operator to None, run_after=None
[2025-01-15T00:06:13.128+0000] {processor.py:175} INFO - Processing /home/airflow/.local/lib/python3.7/site-packages/airflow/example_dags/example_python_operator.py took 0.121 seconds
[2025-01-15T00:19:18.765+0000] {processor.py:153} INFO - Started process (PID=48254) to work on /home/airflow/.local/lib/python3.7/site-packages/airflow/example_dags/example_python_operator.py
[2025-01-15T00:19:18.765+0000] {processor.py:743} INFO - Processing file /home/airflow/.local/lib/python3.7/site-packages/airflow/example_dags/example_python_operator.py for tasks to queue
[2025-01-15T00:19:18.766+0000] {logging_mixin.py:137} INFO - [2025-01-15T00:19:18.766+0000] {dagbag.py:538} INFO - Filling up the DagBag from /home/airflow/.local/lib/python3.7/site-packages/airflow/example_dags/example_python_operator.py
[2025-01-15T00:19:18.774+0000] {logging_mixin.py:137} INFO - [2025-01-15T00:19:18.774+0000] {taskmixin.py:205} WARNING - Dependency <Task(_PythonDecoratedOperator): print_the_context>, log_sql_query already registered for DAG: example_python_operator
[2025-01-15T00:19:18.775+0000] {logging_mixin.py:137} INFO - [2025-01-15T00:19:18.775+0000] {taskmixin.py:205} WARNING - Dependency <Task(_PythonDecoratedOperator): log_sql_query>, print_the_context already registered for DAG: example_python_operator
[2025-01-15T00:19:18.776+0000] {logging_mixin.py:137} INFO - [2025-01-15T00:19:18.776+0000] {taskmixin.py:205} WARNING - Dependency <Task(_PythonDecoratedOperator): print_the_context>, log_sql_query already registered for DAG: example_python_operator
[2025-01-15T00:19:18.777+0000] {logging_mixin.py:137} INFO - [2025-01-15T00:19:18.777+0000] {taskmixin.py:205} WARNING - Dependency <Task(_PythonDecoratedOperator): log_sql_query>, print_the_context already registered for DAG: example_python_operator
[2025-01-15T00:19:18.777+0000] {logging_mixin.py:137} INFO - [2025-01-15T00:19:18.777+0000] {taskmixin.py:205} WARNING - Dependency <Task(_PythonDecoratedOperator): print_the_context>, log_sql_query already registered for DAG: example_python_operator
[2025-01-15T00:19:18.778+0000] {logging_mixin.py:137} INFO - [2025-01-15T00:19:18.778+0000] {taskmixin.py:205} WARNING - Dependency <Task(_PythonDecoratedOperator): log_sql_query>, print_the_context already registered for DAG: example_python_operator
[2025-01-15T00:19:18.779+0000] {logging_mixin.py:137} INFO - [2025-01-15T00:19:18.779+0000] {taskmixin.py:205} WARNING - Dependency <Task(_PythonDecoratedOperator): print_the_context>, log_sql_query already registered for DAG: example_python_operator
[2025-01-15T00:19:18.779+0000] {logging_mixin.py:137} INFO - [2025-01-15T00:19:18.779+0000] {taskmixin.py:205} WARNING - Dependency <Task(_PythonDecoratedOperator): log_sql_query>, print_the_context already registered for DAG: example_python_operator
[2025-01-15T00:19:18.782+0000] {processor.py:753} INFO - DAG(s) dict_keys(['example_python_operator']) retrieved from /home/airflow/.local/lib/python3.7/site-packages/airflow/example_dags/example_python_operator.py
[2025-01-15T00:19:18.795+0000] {logging_mixin.py:137} INFO - [2025-01-15T00:19:18.795+0000] {dag.py:2690} INFO - Sync 1 DAGs
[2025-01-15T00:19:18.805+0000] {logging_mixin.py:137} INFO - [2025-01-15T00:19:18.805+0000] {dag.py:3441} INFO - Setting next_dagrun for example_python_operator to None, run_after=None
[2025-01-15T00:19:18.815+0000] {processor.py:175} INFO - Processing /home/airflow/.local/lib/python3.7/site-packages/airflow/example_dags/example_python_operator.py took 0.053 seconds
[2025-01-15T00:19:49.377+0000] {processor.py:153} INFO - Started process (PID=48346) to work on /home/airflow/.local/lib/python3.7/site-packages/airflow/example_dags/example_python_operator.py
[2025-01-15T00:19:49.378+0000] {processor.py:743} INFO - Processing file /home/airflow/.local/lib/python3.7/site-packages/airflow/example_dags/example_python_operator.py for tasks to queue
[2025-01-15T00:19:49.378+0000] {logging_mixin.py:137} INFO - [2025-01-15T00:19:49.378+0000] {dagbag.py:538} INFO - Filling up the DagBag from /home/airflow/.local/lib/python3.7/site-packages/airflow/example_dags/example_python_operator.py
[2025-01-15T00:19:49.386+0000] {logging_mixin.py:137} INFO - [2025-01-15T00:19:49.386+0000] {taskmixin.py:205} WARNING - Dependency <Task(_PythonDecoratedOperator): print_the_context>, log_sql_query already registered for DAG: example_python_operator
[2025-01-15T00:19:49.387+0000] {logging_mixin.py:137} INFO - [2025-01-15T00:19:49.386+0000] {taskmixin.py:205} WARNING - Dependency <Task(_PythonDecoratedOperator): log_sql_query>, print_the_context already registered for DAG: example_python_operator
[2025-01-15T00:19:49.387+0000] {logging_mixin.py:137} INFO - [2025-01-15T00:19:49.387+0000] {taskmixin.py:205} WARNING - Dependency <Task(_PythonDecoratedOperator): print_the_context>, log_sql_query already registered for DAG: example_python_operator
[2025-01-15T00:19:49.387+0000] {logging_mixin.py:137} INFO - [2025-01-15T00:19:49.387+0000] {taskmixin.py:205} WARNING - Dependency <Task(_PythonDecoratedOperator): log_sql_query>, print_the_context already registered for DAG: example_python_operator
[2025-01-15T00:19:49.387+0000] {logging_mixin.py:137} INFO - [2025-01-15T00:19:49.387+0000] {taskmixin.py:205} WARNING - Dependency <Task(_PythonDecoratedOperator): print_the_context>, log_sql_query already registered for DAG: example_python_operator
[2025-01-15T00:19:49.388+0000] {logging_mixin.py:137} INFO - [2025-01-15T00:19:49.388+0000] {taskmixin.py:205} WARNING - Dependency <Task(_PythonDecoratedOperator): log_sql_query>, print_the_context already registered for DAG: example_python_operator
[2025-01-15T00:19:49.388+0000] {logging_mixin.py:137} INFO - [2025-01-15T00:19:49.388+0000] {taskmixin.py:205} WARNING - Dependency <Task(_PythonDecoratedOperator): print_the_context>, log_sql_query already registered for DAG: example_python_operator
[2025-01-15T00:19:49.389+0000] {logging_mixin.py:137} INFO - [2025-01-15T00:19:49.389+0000] {taskmixin.py:205} WARNING - Dependency <Task(_PythonDecoratedOperator): log_sql_query>, print_the_context already registered for DAG: example_python_operator
[2025-01-15T00:19:49.392+0000] {processor.py:753} INFO - DAG(s) dict_keys(['example_python_operator']) retrieved from /home/airflow/.local/lib/python3.7/site-packages/airflow/example_dags/example_python_operator.py
[2025-01-15T00:19:49.403+0000] {logging_mixin.py:137} INFO - [2025-01-15T00:19:49.402+0000] {dag.py:2690} INFO - Sync 1 DAGs
[2025-01-15T00:19:49.412+0000] {logging_mixin.py:137} INFO - [2025-01-15T00:19:49.412+0000] {dag.py:3441} INFO - Setting next_dagrun for example_python_operator to None, run_after=None
[2025-01-15T00:19:49.422+0000] {processor.py:175} INFO - Processing /home/airflow/.local/lib/python3.7/site-packages/airflow/example_dags/example_python_operator.py took 0.046 seconds
[2025-01-15T00:20:20.508+0000] {processor.py:153} INFO - Started process (PID=48438) to work on /home/airflow/.local/lib/python3.7/site-packages/airflow/example_dags/example_python_operator.py
[2025-01-15T00:20:20.508+0000] {processor.py:743} INFO - Processing file /home/airflow/.local/lib/python3.7/site-packages/airflow/example_dags/example_python_operator.py for tasks to queue
[2025-01-15T00:20:20.508+0000] {logging_mixin.py:137} INFO - [2025-01-15T00:20:20.508+0000] {dagbag.py:538} INFO - Filling up the DagBag from /home/airflow/.local/lib/python3.7/site-packages/airflow/example_dags/example_python_operator.py
[2025-01-15T00:20:20.515+0000] {logging_mixin.py:137} INFO - [2025-01-15T00:20:20.515+0000] {taskmixin.py:205} WARNING - Dependency <Task(_PythonDecoratedOperator): print_the_context>, log_sql_query already registered for DAG: example_python_operator
[2025-01-15T00:20:20.515+0000] {logging_mixin.py:137} INFO - [2025-01-15T00:20:20.515+0000] {taskmixin.py:205} WARNING - Dependency <Task(_PythonDecoratedOperator): log_sql_query>, print_the_context already registered for DAG: example_python_operator
[2025-01-15T00:20:20.516+0000] {logging_mixin.py:137} INFO - [2025-01-15T00:20:20.516+0000] {taskmixin.py:205} WARNING - Dependency <Task(_PythonDecoratedOperator): print_the_context>, log_sql_query already registered for DAG: example_python_operator
[2025-01-15T00:20:20.516+0000] {logging_mixin.py:137} INFO - [2025-01-15T00:20:20.516+0000] {taskmixin.py:205} WARNING - Dependency <Task(_PythonDecoratedOperator): log_sql_query>, print_the_context already registered for DAG: example_python_operator
[2025-01-15T00:20:20.516+0000] {logging_mixin.py:137} INFO - [2025-01-15T00:20:20.516+0000] {taskmixin.py:205} WARNING - Dependency <Task(_PythonDecoratedOperator): print_the_context>, log_sql_query already registered for DAG: example_python_operator
[2025-01-15T00:20:20.516+0000] {logging_mixin.py:137} INFO - [2025-01-15T00:20:20.516+0000] {taskmixin.py:205} WARNING - Dependency <Task(_PythonDecoratedOperator): log_sql_query>, print_the_context already registered for DAG: example_python_operator
[2025-01-15T00:20:20.516+0000] {logging_mixin.py:137} INFO - [2025-01-15T00:20:20.516+0000] {taskmixin.py:205} WARNING - Dependency <Task(_PythonDecoratedOperator): print_the_context>, log_sql_query already registered for DAG: example_python_operator
[2025-01-15T00:20:20.517+0000] {logging_mixin.py:137} INFO - [2025-01-15T00:20:20.516+0000] {taskmixin.py:205} WARNING - Dependency <Task(_PythonDecoratedOperator): log_sql_query>, print_the_context already registered for DAG: example_python_operator
[2025-01-15T00:20:20.519+0000] {processor.py:753} INFO - DAG(s) dict_keys(['example_python_operator']) retrieved from /home/airflow/.local/lib/python3.7/site-packages/airflow/example_dags/example_python_operator.py
[2025-01-15T00:20:20.539+0000] {logging_mixin.py:137} INFO - [2025-01-15T00:20:20.539+0000] {dag.py:2690} INFO - Sync 1 DAGs
[2025-01-15T00:20:20.619+0000] {logging_mixin.py:137} INFO - [2025-01-15T00:20:20.619+0000] {dag.py:3441} INFO - Setting next_dagrun for example_python_operator to None, run_after=None
[2025-01-15T00:20:20.637+0000] {processor.py:175} INFO - Processing /home/airflow/.local/lib/python3.7/site-packages/airflow/example_dags/example_python_operator.py took 0.131 seconds
[2025-01-15T00:23:10.818+0000] {processor.py:153} INFO - Started process (PID=48529) to work on /home/airflow/.local/lib/python3.7/site-packages/airflow/example_dags/example_python_operator.py
[2025-01-15T00:23:10.820+0000] {processor.py:743} INFO - Processing file /home/airflow/.local/lib/python3.7/site-packages/airflow/example_dags/example_python_operator.py for tasks to queue
[2025-01-15T00:23:10.820+0000] {logging_mixin.py:137} INFO - [2025-01-15T00:23:10.820+0000] {dagbag.py:538} INFO - Filling up the DagBag from /home/airflow/.local/lib/python3.7/site-packages/airflow/example_dags/example_python_operator.py
[2025-01-15T00:23:10.828+0000] {logging_mixin.py:137} INFO - [2025-01-15T00:23:10.828+0000] {taskmixin.py:205} WARNING - Dependency <Task(_PythonDecoratedOperator): print_the_context>, log_sql_query already registered for DAG: example_python_operator
[2025-01-15T00:23:10.829+0000] {logging_mixin.py:137} INFO - [2025-01-15T00:23:10.829+0000] {taskmixin.py:205} WARNING - Dependency <Task(_PythonDecoratedOperator): log_sql_query>, print_the_context already registered for DAG: example_python_operator
[2025-01-15T00:23:10.830+0000] {logging_mixin.py:137} INFO - [2025-01-15T00:23:10.830+0000] {taskmixin.py:205} WARNING - Dependency <Task(_PythonDecoratedOperator): print_the_context>, log_sql_query already registered for DAG: example_python_operator
[2025-01-15T00:23:10.830+0000] {logging_mixin.py:137} INFO - [2025-01-15T00:23:10.830+0000] {taskmixin.py:205} WARNING - Dependency <Task(_PythonDecoratedOperator): log_sql_query>, print_the_context already registered for DAG: example_python_operator
[2025-01-15T00:23:10.831+0000] {logging_mixin.py:137} INFO - [2025-01-15T00:23:10.831+0000] {taskmixin.py:205} WARNING - Dependency <Task(_PythonDecoratedOperator): print_the_context>, log_sql_query already registered for DAG: example_python_operator
[2025-01-15T00:23:10.831+0000] {logging_mixin.py:137} INFO - [2025-01-15T00:23:10.831+0000] {taskmixin.py:205} WARNING - Dependency <Task(_PythonDecoratedOperator): log_sql_query>, print_the_context already registered for DAG: example_python_operator
[2025-01-15T00:23:10.831+0000] {logging_mixin.py:137} INFO - [2025-01-15T00:23:10.831+0000] {taskmixin.py:205} WARNING - Dependency <Task(_PythonDecoratedOperator): print_the_context>, log_sql_query already registered for DAG: example_python_operator
[2025-01-15T00:23:10.831+0000] {logging_mixin.py:137} INFO - [2025-01-15T00:23:10.831+0000] {taskmixin.py:205} WARNING - Dependency <Task(_PythonDecoratedOperator): log_sql_query>, print_the_context already registered for DAG: example_python_operator
[2025-01-15T00:23:10.834+0000] {processor.py:753} INFO - DAG(s) dict_keys(['example_python_operator']) retrieved from /home/airflow/.local/lib/python3.7/site-packages/airflow/example_dags/example_python_operator.py
[2025-01-15T00:23:10.845+0000] {logging_mixin.py:137} INFO - [2025-01-15T00:23:10.845+0000] {dag.py:2690} INFO - Sync 1 DAGs
[2025-01-15T00:23:10.928+0000] {logging_mixin.py:137} INFO - [2025-01-15T00:23:10.928+0000] {dag.py:3441} INFO - Setting next_dagrun for example_python_operator to None, run_after=None
[2025-01-15T00:23:10.946+0000] {processor.py:175} INFO - Processing /home/airflow/.local/lib/python3.7/site-packages/airflow/example_dags/example_python_operator.py took 0.129 seconds
[2025-01-15T00:23:41.154+0000] {processor.py:153} INFO - Started process (PID=48605) to work on /home/airflow/.local/lib/python3.7/site-packages/airflow/example_dags/example_python_operator.py
[2025-01-15T00:23:41.155+0000] {processor.py:743} INFO - Processing file /home/airflow/.local/lib/python3.7/site-packages/airflow/example_dags/example_python_operator.py for tasks to queue
[2025-01-15T00:23:41.156+0000] {logging_mixin.py:137} INFO - [2025-01-15T00:23:41.156+0000] {dagbag.py:538} INFO - Filling up the DagBag from /home/airflow/.local/lib/python3.7/site-packages/airflow/example_dags/example_python_operator.py
[2025-01-15T00:23:41.163+0000] {logging_mixin.py:137} INFO - [2025-01-15T00:23:41.163+0000] {taskmixin.py:205} WARNING - Dependency <Task(_PythonDecoratedOperator): print_the_context>, log_sql_query already registered for DAG: example_python_operator
[2025-01-15T00:23:41.166+0000] {logging_mixin.py:137} INFO - [2025-01-15T00:23:41.166+0000] {taskmixin.py:205} WARNING - Dependency <Task(_PythonDecoratedOperator): log_sql_query>, print_the_context already registered for DAG: example_python_operator
[2025-01-15T00:23:41.166+0000] {logging_mixin.py:137} INFO - [2025-01-15T00:23:41.166+0000] {taskmixin.py:205} WARNING - Dependency <Task(_PythonDecoratedOperator): print_the_context>, log_sql_query already registered for DAG: example_python_operator
[2025-01-15T00:23:41.170+0000] {logging_mixin.py:137} INFO - [2025-01-15T00:23:41.170+0000] {taskmixin.py:205} WARNING - Dependency <Task(_PythonDecoratedOperator): log_sql_query>, print_the_context already registered for DAG: example_python_operator
[2025-01-15T00:23:41.170+0000] {logging_mixin.py:137} INFO - [2025-01-15T00:23:41.170+0000] {taskmixin.py:205} WARNING - Dependency <Task(_PythonDecoratedOperator): print_the_context>, log_sql_query already registered for DAG: example_python_operator
[2025-01-15T00:23:41.170+0000] {logging_mixin.py:137} INFO - [2025-01-15T00:23:41.170+0000] {taskmixin.py:205} WARNING - Dependency <Task(_PythonDecoratedOperator): log_sql_query>, print_the_context already registered for DAG: example_python_operator
[2025-01-15T00:23:41.170+0000] {logging_mixin.py:137} INFO - [2025-01-15T00:23:41.170+0000] {taskmixin.py:205} WARNING - Dependency <Task(_PythonDecoratedOperator): print_the_context>, log_sql_query already registered for DAG: example_python_operator
[2025-01-15T00:23:41.170+0000] {logging_mixin.py:137} INFO - [2025-01-15T00:23:41.170+0000] {taskmixin.py:205} WARNING - Dependency <Task(_PythonDecoratedOperator): log_sql_query>, print_the_context already registered for DAG: example_python_operator
[2025-01-15T00:23:41.173+0000] {processor.py:753} INFO - DAG(s) dict_keys(['example_python_operator']) retrieved from /home/airflow/.local/lib/python3.7/site-packages/airflow/example_dags/example_python_operator.py
[2025-01-15T00:23:41.184+0000] {logging_mixin.py:137} INFO - [2025-01-15T00:23:41.184+0000] {dag.py:2690} INFO - Sync 1 DAGs
[2025-01-15T00:23:41.193+0000] {logging_mixin.py:137} INFO - [2025-01-15T00:23:41.193+0000] {dag.py:3441} INFO - Setting next_dagrun for example_python_operator to None, run_after=None
[2025-01-15T00:23:41.199+0000] {processor.py:175} INFO - Processing /home/airflow/.local/lib/python3.7/site-packages/airflow/example_dags/example_python_operator.py took 0.047 seconds
[2025-01-15T00:24:20.815+0000] {processor.py:153} INFO - Started process (PID=48697) to work on /home/airflow/.local/lib/python3.7/site-packages/airflow/example_dags/example_python_operator.py
[2025-01-15T00:24:20.815+0000] {processor.py:743} INFO - Processing file /home/airflow/.local/lib/python3.7/site-packages/airflow/example_dags/example_python_operator.py for tasks to queue
[2025-01-15T00:24:20.816+0000] {logging_mixin.py:137} INFO - [2025-01-15T00:24:20.816+0000] {dagbag.py:538} INFO - Filling up the DagBag from /home/airflow/.local/lib/python3.7/site-packages/airflow/example_dags/example_python_operator.py
[2025-01-15T00:24:20.823+0000] {logging_mixin.py:137} INFO - [2025-01-15T00:24:20.823+0000] {taskmixin.py:205} WARNING - Dependency <Task(_PythonDecoratedOperator): print_the_context>, log_sql_query already registered for DAG: example_python_operator
[2025-01-15T00:24:20.823+0000] {logging_mixin.py:137} INFO - [2025-01-15T00:24:20.823+0000] {taskmixin.py:205} WARNING - Dependency <Task(_PythonDecoratedOperator): log_sql_query>, print_the_context already registered for DAG: example_python_operator
[2025-01-15T00:24:20.824+0000] {logging_mixin.py:137} INFO - [2025-01-15T00:24:20.824+0000] {taskmixin.py:205} WARNING - Dependency <Task(_PythonDecoratedOperator): print_the_context>, log_sql_query already registered for DAG: example_python_operator
[2025-01-15T00:24:20.824+0000] {logging_mixin.py:137} INFO - [2025-01-15T00:24:20.824+0000] {taskmixin.py:205} WARNING - Dependency <Task(_PythonDecoratedOperator): log_sql_query>, print_the_context already registered for DAG: example_python_operator
[2025-01-15T00:24:20.824+0000] {logging_mixin.py:137} INFO - [2025-01-15T00:24:20.824+0000] {taskmixin.py:205} WARNING - Dependency <Task(_PythonDecoratedOperator): print_the_context>, log_sql_query already registered for DAG: example_python_operator
[2025-01-15T00:24:20.824+0000] {logging_mixin.py:137} INFO - [2025-01-15T00:24:20.824+0000] {taskmixin.py:205} WARNING - Dependency <Task(_PythonDecoratedOperator): log_sql_query>, print_the_context already registered for DAG: example_python_operator
[2025-01-15T00:24:20.825+0000] {logging_mixin.py:137} INFO - [2025-01-15T00:24:20.825+0000] {taskmixin.py:205} WARNING - Dependency <Task(_PythonDecoratedOperator): print_the_context>, log_sql_query already registered for DAG: example_python_operator
[2025-01-15T00:24:20.825+0000] {logging_mixin.py:137} INFO - [2025-01-15T00:24:20.825+0000] {taskmixin.py:205} WARNING - Dependency <Task(_PythonDecoratedOperator): log_sql_query>, print_the_context already registered for DAG: example_python_operator
[2025-01-15T00:24:20.828+0000] {processor.py:753} INFO - DAG(s) dict_keys(['example_python_operator']) retrieved from /home/airflow/.local/lib/python3.7/site-packages/airflow/example_dags/example_python_operator.py
[2025-01-15T00:24:20.840+0000] {logging_mixin.py:137} INFO - [2025-01-15T00:24:20.840+0000] {dag.py:2690} INFO - Sync 1 DAGs
[2025-01-15T00:24:20.851+0000] {logging_mixin.py:137} INFO - [2025-01-15T00:24:20.851+0000] {dag.py:3441} INFO - Setting next_dagrun for example_python_operator to None, run_after=None
[2025-01-15T00:24:20.926+0000] {processor.py:175} INFO - Processing /home/airflow/.local/lib/python3.7/site-packages/airflow/example_dags/example_python_operator.py took 0.113 seconds
[2025-01-15T00:24:51.623+0000] {processor.py:153} INFO - Started process (PID=48789) to work on /home/airflow/.local/lib/python3.7/site-packages/airflow/example_dags/example_python_operator.py
[2025-01-15T00:24:51.624+0000] {processor.py:743} INFO - Processing file /home/airflow/.local/lib/python3.7/site-packages/airflow/example_dags/example_python_operator.py for tasks to queue
[2025-01-15T00:24:51.624+0000] {logging_mixin.py:137} INFO - [2025-01-15T00:24:51.624+0000] {dagbag.py:538} INFO - Filling up the DagBag from /home/airflow/.local/lib/python3.7/site-packages/airflow/example_dags/example_python_operator.py
[2025-01-15T00:24:51.631+0000] {logging_mixin.py:137} INFO - [2025-01-15T00:24:51.631+0000] {taskmixin.py:205} WARNING - Dependency <Task(_PythonDecoratedOperator): print_the_context>, log_sql_query already registered for DAG: example_python_operator
[2025-01-15T00:24:51.632+0000] {logging_mixin.py:137} INFO - [2025-01-15T00:24:51.632+0000] {taskmixin.py:205} WARNING - Dependency <Task(_PythonDecoratedOperator): log_sql_query>, print_the_context already registered for DAG: example_python_operator
[2025-01-15T00:24:51.633+0000] {logging_mixin.py:137} INFO - [2025-01-15T00:24:51.633+0000] {taskmixin.py:205} WARNING - Dependency <Task(_PythonDecoratedOperator): print_the_context>, log_sql_query already registered for DAG: example_python_operator
[2025-01-15T00:24:51.634+0000] {logging_mixin.py:137} INFO - [2025-01-15T00:24:51.634+0000] {taskmixin.py:205} WARNING - Dependency <Task(_PythonDecoratedOperator): log_sql_query>, print_the_context already registered for DAG: example_python_operator
[2025-01-15T00:24:51.635+0000] {logging_mixin.py:137} INFO - [2025-01-15T00:24:51.635+0000] {taskmixin.py:205} WARNING - Dependency <Task(_PythonDecoratedOperator): print_the_context>, log_sql_query already registered for DAG: example_python_operator
[2025-01-15T00:24:51.635+0000] {logging_mixin.py:137} INFO - [2025-01-15T00:24:51.635+0000] {taskmixin.py:205} WARNING - Dependency <Task(_PythonDecoratedOperator): log_sql_query>, print_the_context already registered for DAG: example_python_operator
[2025-01-15T00:24:51.637+0000] {logging_mixin.py:137} INFO - [2025-01-15T00:24:51.637+0000] {taskmixin.py:205} WARNING - Dependency <Task(_PythonDecoratedOperator): print_the_context>, log_sql_query already registered for DAG: example_python_operator
[2025-01-15T00:24:51.638+0000] {logging_mixin.py:137} INFO - [2025-01-15T00:24:51.638+0000] {taskmixin.py:205} WARNING - Dependency <Task(_PythonDecoratedOperator): log_sql_query>, print_the_context already registered for DAG: example_python_operator
[2025-01-15T00:24:51.640+0000] {processor.py:753} INFO - DAG(s) dict_keys(['example_python_operator']) retrieved from /home/airflow/.local/lib/python3.7/site-packages/airflow/example_dags/example_python_operator.py
[2025-01-15T00:24:51.651+0000] {logging_mixin.py:137} INFO - [2025-01-15T00:24:51.651+0000] {dag.py:2690} INFO - Sync 1 DAGs
[2025-01-15T00:24:51.727+0000] {logging_mixin.py:137} INFO - [2025-01-15T00:24:51.727+0000] {dag.py:3441} INFO - Setting next_dagrun for example_python_operator to None, run_after=None
[2025-01-15T00:24:51.733+0000] {processor.py:175} INFO - Processing /home/airflow/.local/lib/python3.7/site-packages/airflow/example_dags/example_python_operator.py took 0.111 seconds
[2025-01-15T00:25:22.029+0000] {processor.py:153} INFO - Started process (PID=48865) to work on /home/airflow/.local/lib/python3.7/site-packages/airflow/example_dags/example_python_operator.py
[2025-01-15T00:25:22.029+0000] {processor.py:743} INFO - Processing file /home/airflow/.local/lib/python3.7/site-packages/airflow/example_dags/example_python_operator.py for tasks to queue
[2025-01-15T00:25:22.030+0000] {logging_mixin.py:137} INFO - [2025-01-15T00:25:22.030+0000] {dagbag.py:538} INFO - Filling up the DagBag from /home/airflow/.local/lib/python3.7/site-packages/airflow/example_dags/example_python_operator.py
[2025-01-15T00:25:22.039+0000] {logging_mixin.py:137} INFO - [2025-01-15T00:25:22.039+0000] {taskmixin.py:205} WARNING - Dependency <Task(_PythonDecoratedOperator): print_the_context>, log_sql_query already registered for DAG: example_python_operator
[2025-01-15T00:25:22.039+0000] {logging_mixin.py:137} INFO - [2025-01-15T00:25:22.039+0000] {taskmixin.py:205} WARNING - Dependency <Task(_PythonDecoratedOperator): log_sql_query>, print_the_context already registered for DAG: example_python_operator
[2025-01-15T00:25:22.039+0000] {logging_mixin.py:137} INFO - [2025-01-15T00:25:22.039+0000] {taskmixin.py:205} WARNING - Dependency <Task(_PythonDecoratedOperator): print_the_context>, log_sql_query already registered for DAG: example_python_operator
[2025-01-15T00:25:22.039+0000] {logging_mixin.py:137} INFO - [2025-01-15T00:25:22.039+0000] {taskmixin.py:205} WARNING - Dependency <Task(_PythonDecoratedOperator): log_sql_query>, print_the_context already registered for DAG: example_python_operator
[2025-01-15T00:25:22.040+0000] {logging_mixin.py:137} INFO - [2025-01-15T00:25:22.040+0000] {taskmixin.py:205} WARNING - Dependency <Task(_PythonDecoratedOperator): print_the_context>, log_sql_query already registered for DAG: example_python_operator
[2025-01-15T00:25:22.040+0000] {logging_mixin.py:137} INFO - [2025-01-15T00:25:22.040+0000] {taskmixin.py:205} WARNING - Dependency <Task(_PythonDecoratedOperator): log_sql_query>, print_the_context already registered for DAG: example_python_operator
[2025-01-15T00:25:22.040+0000] {logging_mixin.py:137} INFO - [2025-01-15T00:25:22.040+0000] {taskmixin.py:205} WARNING - Dependency <Task(_PythonDecoratedOperator): print_the_context>, log_sql_query already registered for DAG: example_python_operator
[2025-01-15T00:25:22.040+0000] {logging_mixin.py:137} INFO - [2025-01-15T00:25:22.040+0000] {taskmixin.py:205} WARNING - Dependency <Task(_PythonDecoratedOperator): log_sql_query>, print_the_context already registered for DAG: example_python_operator
[2025-01-15T00:25:22.043+0000] {processor.py:753} INFO - DAG(s) dict_keys(['example_python_operator']) retrieved from /home/airflow/.local/lib/python3.7/site-packages/airflow/example_dags/example_python_operator.py
[2025-01-15T00:25:22.053+0000] {logging_mixin.py:137} INFO - [2025-01-15T00:25:22.053+0000] {dag.py:2690} INFO - Sync 1 DAGs
[2025-01-15T00:25:22.062+0000] {logging_mixin.py:137} INFO - [2025-01-15T00:25:22.062+0000] {dag.py:3441} INFO - Setting next_dagrun for example_python_operator to None, run_after=None
[2025-01-15T00:25:22.072+0000] {processor.py:175} INFO - Processing /home/airflow/.local/lib/python3.7/site-packages/airflow/example_dags/example_python_operator.py took 0.044 seconds
[2025-01-15T00:34:05.798+0000] {processor.py:153} INFO - Started process (PID=48956) to work on /home/airflow/.local/lib/python3.7/site-packages/airflow/example_dags/example_python_operator.py
[2025-01-15T00:34:05.798+0000] {processor.py:743} INFO - Processing file /home/airflow/.local/lib/python3.7/site-packages/airflow/example_dags/example_python_operator.py for tasks to queue
[2025-01-15T00:34:05.798+0000] {logging_mixin.py:137} INFO - [2025-01-15T00:34:05.798+0000] {dagbag.py:538} INFO - Filling up the DagBag from /home/airflow/.local/lib/python3.7/site-packages/airflow/example_dags/example_python_operator.py
[2025-01-15T00:34:05.806+0000] {logging_mixin.py:137} INFO - [2025-01-15T00:34:05.806+0000] {taskmixin.py:205} WARNING - Dependency <Task(_PythonDecoratedOperator): print_the_context>, log_sql_query already registered for DAG: example_python_operator
[2025-01-15T00:34:05.806+0000] {logging_mixin.py:137} INFO - [2025-01-15T00:34:05.806+0000] {taskmixin.py:205} WARNING - Dependency <Task(_PythonDecoratedOperator): log_sql_query>, print_the_context already registered for DAG: example_python_operator
[2025-01-15T00:34:05.807+0000] {logging_mixin.py:137} INFO - [2025-01-15T00:34:05.807+0000] {taskmixin.py:205} WARNING - Dependency <Task(_PythonDecoratedOperator): print_the_context>, log_sql_query already registered for DAG: example_python_operator
[2025-01-15T00:34:05.807+0000] {logging_mixin.py:137} INFO - [2025-01-15T00:34:05.807+0000] {taskmixin.py:205} WARNING - Dependency <Task(_PythonDecoratedOperator): log_sql_query>, print_the_context already registered for DAG: example_python_operator
[2025-01-15T00:34:05.807+0000] {logging_mixin.py:137} INFO - [2025-01-15T00:34:05.807+0000] {taskmixin.py:205} WARNING - Dependency <Task(_PythonDecoratedOperator): print_the_context>, log_sql_query already registered for DAG: example_python_operator
[2025-01-15T00:34:05.807+0000] {logging_mixin.py:137} INFO - [2025-01-15T00:34:05.807+0000] {taskmixin.py:205} WARNING - Dependency <Task(_PythonDecoratedOperator): log_sql_query>, print_the_context already registered for DAG: example_python_operator
[2025-01-15T00:34:05.808+0000] {logging_mixin.py:137} INFO - [2025-01-15T00:34:05.808+0000] {taskmixin.py:205} WARNING - Dependency <Task(_PythonDecoratedOperator): print_the_context>, log_sql_query already registered for DAG: example_python_operator
[2025-01-15T00:34:05.808+0000] {logging_mixin.py:137} INFO - [2025-01-15T00:34:05.808+0000] {taskmixin.py:205} WARNING - Dependency <Task(_PythonDecoratedOperator): log_sql_query>, print_the_context already registered for DAG: example_python_operator
[2025-01-15T00:34:05.811+0000] {processor.py:753} INFO - DAG(s) dict_keys(['example_python_operator']) retrieved from /home/airflow/.local/lib/python3.7/site-packages/airflow/example_dags/example_python_operator.py
[2025-01-15T00:34:05.822+0000] {logging_mixin.py:137} INFO - [2025-01-15T00:34:05.822+0000] {dag.py:2690} INFO - Sync 1 DAGs
[2025-01-15T00:34:05.832+0000] {logging_mixin.py:137} INFO - [2025-01-15T00:34:05.832+0000] {dag.py:3441} INFO - Setting next_dagrun for example_python_operator to None, run_after=None
[2025-01-15T00:34:05.908+0000] {processor.py:175} INFO - Processing /home/airflow/.local/lib/python3.7/site-packages/airflow/example_dags/example_python_operator.py took 0.112 seconds
[2025-01-15T00:34:36.321+0000] {processor.py:153} INFO - Started process (PID=49048) to work on /home/airflow/.local/lib/python3.7/site-packages/airflow/example_dags/example_python_operator.py
[2025-01-15T00:34:36.323+0000] {processor.py:743} INFO - Processing file /home/airflow/.local/lib/python3.7/site-packages/airflow/example_dags/example_python_operator.py for tasks to queue
[2025-01-15T00:34:36.323+0000] {logging_mixin.py:137} INFO - [2025-01-15T00:34:36.323+0000] {dagbag.py:538} INFO - Filling up the DagBag from /home/airflow/.local/lib/python3.7/site-packages/airflow/example_dags/example_python_operator.py
[2025-01-15T00:34:36.330+0000] {logging_mixin.py:137} INFO - [2025-01-15T00:34:36.330+0000] {taskmixin.py:205} WARNING - Dependency <Task(_PythonDecoratedOperator): print_the_context>, log_sql_query already registered for DAG: example_python_operator
[2025-01-15T00:34:36.331+0000] {logging_mixin.py:137} INFO - [2025-01-15T00:34:36.330+0000] {taskmixin.py:205} WARNING - Dependency <Task(_PythonDecoratedOperator): log_sql_query>, print_the_context already registered for DAG: example_python_operator
[2025-01-15T00:34:36.331+0000] {logging_mixin.py:137} INFO - [2025-01-15T00:34:36.331+0000] {taskmixin.py:205} WARNING - Dependency <Task(_PythonDecoratedOperator): print_the_context>, log_sql_query already registered for DAG: example_python_operator
[2025-01-15T00:34:36.331+0000] {logging_mixin.py:137} INFO - [2025-01-15T00:34:36.331+0000] {taskmixin.py:205} WARNING - Dependency <Task(_PythonDecoratedOperator): log_sql_query>, print_the_context already registered for DAG: example_python_operator
[2025-01-15T00:34:36.331+0000] {logging_mixin.py:137} INFO - [2025-01-15T00:34:36.331+0000] {taskmixin.py:205} WARNING - Dependency <Task(_PythonDecoratedOperator): print_the_context>, log_sql_query already registered for DAG: example_python_operator
[2025-01-15T00:34:36.332+0000] {logging_mixin.py:137} INFO - [2025-01-15T00:34:36.332+0000] {taskmixin.py:205} WARNING - Dependency <Task(_PythonDecoratedOperator): log_sql_query>, print_the_context already registered for DAG: example_python_operator
[2025-01-15T00:34:36.332+0000] {logging_mixin.py:137} INFO - [2025-01-15T00:34:36.332+0000] {taskmixin.py:205} WARNING - Dependency <Task(_PythonDecoratedOperator): print_the_context>, log_sql_query already registered for DAG: example_python_operator
[2025-01-15T00:34:36.332+0000] {logging_mixin.py:137} INFO - [2025-01-15T00:34:36.332+0000] {taskmixin.py:205} WARNING - Dependency <Task(_PythonDecoratedOperator): log_sql_query>, print_the_context already registered for DAG: example_python_operator
[2025-01-15T00:34:36.335+0000] {processor.py:753} INFO - DAG(s) dict_keys(['example_python_operator']) retrieved from /home/airflow/.local/lib/python3.7/site-packages/airflow/example_dags/example_python_operator.py
[2025-01-15T00:34:36.346+0000] {logging_mixin.py:137} INFO - [2025-01-15T00:34:36.346+0000] {dag.py:2690} INFO - Sync 1 DAGs
[2025-01-15T00:34:36.424+0000] {logging_mixin.py:137} INFO - [2025-01-15T00:34:36.424+0000] {dag.py:3441} INFO - Setting next_dagrun for example_python_operator to None, run_after=None
[2025-01-15T00:34:36.435+0000] {processor.py:175} INFO - Processing /home/airflow/.local/lib/python3.7/site-packages/airflow/example_dags/example_python_operator.py took 0.115 seconds
[2025-01-15T00:39:08.677+0000] {processor.py:153} INFO - Started process (PID=49140) to work on /home/airflow/.local/lib/python3.7/site-packages/airflow/example_dags/example_python_operator.py
[2025-01-15T00:39:08.677+0000] {processor.py:743} INFO - Processing file /home/airflow/.local/lib/python3.7/site-packages/airflow/example_dags/example_python_operator.py for tasks to queue
[2025-01-15T00:39:08.678+0000] {logging_mixin.py:137} INFO - [2025-01-15T00:39:08.678+0000] {dagbag.py:538} INFO - Filling up the DagBag from /home/airflow/.local/lib/python3.7/site-packages/airflow/example_dags/example_python_operator.py
[2025-01-15T00:39:08.685+0000] {logging_mixin.py:137} INFO - [2025-01-15T00:39:08.685+0000] {taskmixin.py:205} WARNING - Dependency <Task(_PythonDecoratedOperator): print_the_context>, log_sql_query already registered for DAG: example_python_operator
[2025-01-15T00:39:08.690+0000] {logging_mixin.py:137} INFO - [2025-01-15T00:39:08.690+0000] {taskmixin.py:205} WARNING - Dependency <Task(_PythonDecoratedOperator): log_sql_query>, print_the_context already registered for DAG: example_python_operator
[2025-01-15T00:39:08.693+0000] {logging_mixin.py:137} INFO - [2025-01-15T00:39:08.692+0000] {taskmixin.py:205} WARNING - Dependency <Task(_PythonDecoratedOperator): print_the_context>, log_sql_query already registered for DAG: example_python_operator
[2025-01-15T00:39:08.694+0000] {logging_mixin.py:137} INFO - [2025-01-15T00:39:08.694+0000] {taskmixin.py:205} WARNING - Dependency <Task(_PythonDecoratedOperator): log_sql_query>, print_the_context already registered for DAG: example_python_operator
[2025-01-15T00:39:08.696+0000] {logging_mixin.py:137} INFO - [2025-01-15T00:39:08.696+0000] {taskmixin.py:205} WARNING - Dependency <Task(_PythonDecoratedOperator): print_the_context>, log_sql_query already registered for DAG: example_python_operator
[2025-01-15T00:39:08.697+0000] {logging_mixin.py:137} INFO - [2025-01-15T00:39:08.697+0000] {taskmixin.py:205} WARNING - Dependency <Task(_PythonDecoratedOperator): log_sql_query>, print_the_context already registered for DAG: example_python_operator
[2025-01-15T00:39:08.697+0000] {logging_mixin.py:137} INFO - [2025-01-15T00:39:08.697+0000] {taskmixin.py:205} WARNING - Dependency <Task(_PythonDecoratedOperator): print_the_context>, log_sql_query already registered for DAG: example_python_operator
[2025-01-15T00:39:08.697+0000] {logging_mixin.py:137} INFO - [2025-01-15T00:39:08.697+0000] {taskmixin.py:205} WARNING - Dependency <Task(_PythonDecoratedOperator): log_sql_query>, print_the_context already registered for DAG: example_python_operator
[2025-01-15T00:39:08.699+0000] {processor.py:753} INFO - DAG(s) dict_keys(['example_python_operator']) retrieved from /home/airflow/.local/lib/python3.7/site-packages/airflow/example_dags/example_python_operator.py
[2025-01-15T00:39:08.777+0000] {logging_mixin.py:137} INFO - [2025-01-15T00:39:08.777+0000] {dag.py:2690} INFO - Sync 1 DAGs
[2025-01-15T00:39:08.785+0000] {logging_mixin.py:137} INFO - [2025-01-15T00:39:08.785+0000] {dag.py:3441} INFO - Setting next_dagrun for example_python_operator to None, run_after=None
[2025-01-15T00:39:08.791+0000] {processor.py:175} INFO - Processing /home/airflow/.local/lib/python3.7/site-packages/airflow/example_dags/example_python_operator.py took 0.116 seconds
[2025-01-15T00:39:39.174+0000] {processor.py:153} INFO - Started process (PID=49216) to work on /home/airflow/.local/lib/python3.7/site-packages/airflow/example_dags/example_python_operator.py
[2025-01-15T00:39:39.174+0000] {processor.py:743} INFO - Processing file /home/airflow/.local/lib/python3.7/site-packages/airflow/example_dags/example_python_operator.py for tasks to queue
[2025-01-15T00:39:39.176+0000] {logging_mixin.py:137} INFO - [2025-01-15T00:39:39.176+0000] {dagbag.py:538} INFO - Filling up the DagBag from /home/airflow/.local/lib/python3.7/site-packages/airflow/example_dags/example_python_operator.py
[2025-01-15T00:39:39.185+0000] {logging_mixin.py:137} INFO - [2025-01-15T00:39:39.185+0000] {taskmixin.py:205} WARNING - Dependency <Task(_PythonDecoratedOperator): print_the_context>, log_sql_query already registered for DAG: example_python_operator
[2025-01-15T00:39:39.185+0000] {logging_mixin.py:137} INFO - [2025-01-15T00:39:39.185+0000] {taskmixin.py:205} WARNING - Dependency <Task(_PythonDecoratedOperator): log_sql_query>, print_the_context already registered for DAG: example_python_operator
[2025-01-15T00:39:39.185+0000] {logging_mixin.py:137} INFO - [2025-01-15T00:39:39.185+0000] {taskmixin.py:205} WARNING - Dependency <Task(_PythonDecoratedOperator): print_the_context>, log_sql_query already registered for DAG: example_python_operator
[2025-01-15T00:39:39.186+0000] {logging_mixin.py:137} INFO - [2025-01-15T00:39:39.186+0000] {taskmixin.py:205} WARNING - Dependency <Task(_PythonDecoratedOperator): log_sql_query>, print_the_context already registered for DAG: example_python_operator
[2025-01-15T00:39:39.187+0000] {logging_mixin.py:137} INFO - [2025-01-15T00:39:39.187+0000] {taskmixin.py:205} WARNING - Dependency <Task(_PythonDecoratedOperator): print_the_context>, log_sql_query already registered for DAG: example_python_operator
[2025-01-15T00:39:39.188+0000] {logging_mixin.py:137} INFO - [2025-01-15T00:39:39.188+0000] {taskmixin.py:205} WARNING - Dependency <Task(_PythonDecoratedOperator): log_sql_query>, print_the_context already registered for DAG: example_python_operator
[2025-01-15T00:39:39.188+0000] {logging_mixin.py:137} INFO - [2025-01-15T00:39:39.188+0000] {taskmixin.py:205} WARNING - Dependency <Task(_PythonDecoratedOperator): print_the_context>, log_sql_query already registered for DAG: example_python_operator
[2025-01-15T00:39:39.189+0000] {logging_mixin.py:137} INFO - [2025-01-15T00:39:39.189+0000] {taskmixin.py:205} WARNING - Dependency <Task(_PythonDecoratedOperator): log_sql_query>, print_the_context already registered for DAG: example_python_operator
[2025-01-15T00:39:39.193+0000] {processor.py:753} INFO - DAG(s) dict_keys(['example_python_operator']) retrieved from /home/airflow/.local/lib/python3.7/site-packages/airflow/example_dags/example_python_operator.py
[2025-01-15T00:39:39.205+0000] {logging_mixin.py:137} INFO - [2025-01-15T00:39:39.205+0000] {dag.py:2690} INFO - Sync 1 DAGs
[2025-01-15T00:39:39.220+0000] {logging_mixin.py:137} INFO - [2025-01-15T00:39:39.220+0000] {dag.py:3441} INFO - Setting next_dagrun for example_python_operator to None, run_after=None
[2025-01-15T00:39:39.228+0000] {processor.py:175} INFO - Processing /home/airflow/.local/lib/python3.7/site-packages/airflow/example_dags/example_python_operator.py took 0.057 seconds
[2025-01-15T00:40:10.416+0000] {processor.py:153} INFO - Started process (PID=49308) to work on /home/airflow/.local/lib/python3.7/site-packages/airflow/example_dags/example_python_operator.py
[2025-01-15T00:40:10.417+0000] {processor.py:743} INFO - Processing file /home/airflow/.local/lib/python3.7/site-packages/airflow/example_dags/example_python_operator.py for tasks to queue
[2025-01-15T00:40:10.418+0000] {logging_mixin.py:137} INFO - [2025-01-15T00:40:10.418+0000] {dagbag.py:538} INFO - Filling up the DagBag from /home/airflow/.local/lib/python3.7/site-packages/airflow/example_dags/example_python_operator.py
[2025-01-15T00:40:10.428+0000] {logging_mixin.py:137} INFO - [2025-01-15T00:40:10.428+0000] {taskmixin.py:205} WARNING - Dependency <Task(_PythonDecoratedOperator): print_the_context>, log_sql_query already registered for DAG: example_python_operator
[2025-01-15T00:40:10.428+0000] {logging_mixin.py:137} INFO - [2025-01-15T00:40:10.428+0000] {taskmixin.py:205} WARNING - Dependency <Task(_PythonDecoratedOperator): log_sql_query>, print_the_context already registered for DAG: example_python_operator
[2025-01-15T00:40:10.428+0000] {logging_mixin.py:137} INFO - [2025-01-15T00:40:10.428+0000] {taskmixin.py:205} WARNING - Dependency <Task(_PythonDecoratedOperator): print_the_context>, log_sql_query already registered for DAG: example_python_operator
[2025-01-15T00:40:10.429+0000] {logging_mixin.py:137} INFO - [2025-01-15T00:40:10.429+0000] {taskmixin.py:205} WARNING - Dependency <Task(_PythonDecoratedOperator): log_sql_query>, print_the_context already registered for DAG: example_python_operator
[2025-01-15T00:40:10.429+0000] {logging_mixin.py:137} INFO - [2025-01-15T00:40:10.429+0000] {taskmixin.py:205} WARNING - Dependency <Task(_PythonDecoratedOperator): print_the_context>, log_sql_query already registered for DAG: example_python_operator
[2025-01-15T00:40:10.429+0000] {logging_mixin.py:137} INFO - [2025-01-15T00:40:10.429+0000] {taskmixin.py:205} WARNING - Dependency <Task(_PythonDecoratedOperator): log_sql_query>, print_the_context already registered for DAG: example_python_operator
[2025-01-15T00:40:10.429+0000] {logging_mixin.py:137} INFO - [2025-01-15T00:40:10.429+0000] {taskmixin.py:205} WARNING - Dependency <Task(_PythonDecoratedOperator): print_the_context>, log_sql_query already registered for DAG: example_python_operator
[2025-01-15T00:40:10.429+0000] {logging_mixin.py:137} INFO - [2025-01-15T00:40:10.429+0000] {taskmixin.py:205} WARNING - Dependency <Task(_PythonDecoratedOperator): log_sql_query>, print_the_context already registered for DAG: example_python_operator
[2025-01-15T00:40:10.432+0000] {processor.py:753} INFO - DAG(s) dict_keys(['example_python_operator']) retrieved from /home/airflow/.local/lib/python3.7/site-packages/airflow/example_dags/example_python_operator.py
[2025-01-15T00:40:10.444+0000] {logging_mixin.py:137} INFO - [2025-01-15T00:40:10.444+0000] {dag.py:2690} INFO - Sync 1 DAGs
[2025-01-15T00:40:10.521+0000] {logging_mixin.py:137} INFO - [2025-01-15T00:40:10.521+0000] {dag.py:3441} INFO - Setting next_dagrun for example_python_operator to None, run_after=None
[2025-01-15T00:40:10.527+0000] {processor.py:175} INFO - Processing /home/airflow/.local/lib/python3.7/site-packages/airflow/example_dags/example_python_operator.py took 0.113 seconds
[2025-01-15T00:46:05.378+0000] {processor.py:153} INFO - Started process (PID=49400) to work on /home/airflow/.local/lib/python3.7/site-packages/airflow/example_dags/example_python_operator.py
[2025-01-15T00:46:05.382+0000] {processor.py:743} INFO - Processing file /home/airflow/.local/lib/python3.7/site-packages/airflow/example_dags/example_python_operator.py for tasks to queue
[2025-01-15T00:46:05.382+0000] {logging_mixin.py:137} INFO - [2025-01-15T00:46:05.382+0000] {dagbag.py:538} INFO - Filling up the DagBag from /home/airflow/.local/lib/python3.7/site-packages/airflow/example_dags/example_python_operator.py
[2025-01-15T00:46:05.390+0000] {logging_mixin.py:137} INFO - [2025-01-15T00:46:05.390+0000] {taskmixin.py:205} WARNING - Dependency <Task(_PythonDecoratedOperator): print_the_context>, log_sql_query already registered for DAG: example_python_operator
[2025-01-15T00:46:05.391+0000] {logging_mixin.py:137} INFO - [2025-01-15T00:46:05.391+0000] {taskmixin.py:205} WARNING - Dependency <Task(_PythonDecoratedOperator): log_sql_query>, print_the_context already registered for DAG: example_python_operator
[2025-01-15T00:46:05.392+0000] {logging_mixin.py:137} INFO - [2025-01-15T00:46:05.392+0000] {taskmixin.py:205} WARNING - Dependency <Task(_PythonDecoratedOperator): print_the_context>, log_sql_query already registered for DAG: example_python_operator
[2025-01-15T00:46:05.393+0000] {logging_mixin.py:137} INFO - [2025-01-15T00:46:05.393+0000] {taskmixin.py:205} WARNING - Dependency <Task(_PythonDecoratedOperator): log_sql_query>, print_the_context already registered for DAG: example_python_operator
[2025-01-15T00:46:05.394+0000] {logging_mixin.py:137} INFO - [2025-01-15T00:46:05.394+0000] {taskmixin.py:205} WARNING - Dependency <Task(_PythonDecoratedOperator): print_the_context>, log_sql_query already registered for DAG: example_python_operator
[2025-01-15T00:46:05.394+0000] {logging_mixin.py:137} INFO - [2025-01-15T00:46:05.394+0000] {taskmixin.py:205} WARNING - Dependency <Task(_PythonDecoratedOperator): log_sql_query>, print_the_context already registered for DAG: example_python_operator
[2025-01-15T00:46:05.394+0000] {logging_mixin.py:137} INFO - [2025-01-15T00:46:05.394+0000] {taskmixin.py:205} WARNING - Dependency <Task(_PythonDecoratedOperator): print_the_context>, log_sql_query already registered for DAG: example_python_operator
[2025-01-15T00:46:05.394+0000] {logging_mixin.py:137} INFO - [2025-01-15T00:46:05.394+0000] {taskmixin.py:205} WARNING - Dependency <Task(_PythonDecoratedOperator): log_sql_query>, print_the_context already registered for DAG: example_python_operator
[2025-01-15T00:46:05.397+0000] {processor.py:753} INFO - DAG(s) dict_keys(['example_python_operator']) retrieved from /home/airflow/.local/lib/python3.7/site-packages/airflow/example_dags/example_python_operator.py
[2025-01-15T00:46:05.478+0000] {logging_mixin.py:137} INFO - [2025-01-15T00:46:05.478+0000] {dag.py:2690} INFO - Sync 1 DAGs
[2025-01-15T00:46:05.487+0000] {logging_mixin.py:137} INFO - [2025-01-15T00:46:05.487+0000] {dag.py:3441} INFO - Setting next_dagrun for example_python_operator to None, run_after=None
[2025-01-15T00:46:05.493+0000] {processor.py:175} INFO - Processing /home/airflow/.local/lib/python3.7/site-packages/airflow/example_dags/example_python_operator.py took 0.116 seconds
[2025-01-15T00:46:35.657+0000] {processor.py:153} INFO - Started process (PID=49492) to work on /home/airflow/.local/lib/python3.7/site-packages/airflow/example_dags/example_python_operator.py
[2025-01-15T00:46:35.657+0000] {processor.py:743} INFO - Processing file /home/airflow/.local/lib/python3.7/site-packages/airflow/example_dags/example_python_operator.py for tasks to queue
[2025-01-15T00:46:35.658+0000] {logging_mixin.py:137} INFO - [2025-01-15T00:46:35.658+0000] {dagbag.py:538} INFO - Filling up the DagBag from /home/airflow/.local/lib/python3.7/site-packages/airflow/example_dags/example_python_operator.py
[2025-01-15T00:46:35.666+0000] {logging_mixin.py:137} INFO - [2025-01-15T00:46:35.666+0000] {taskmixin.py:205} WARNING - Dependency <Task(_PythonDecoratedOperator): print_the_context>, log_sql_query already registered for DAG: example_python_operator
[2025-01-15T00:46:35.666+0000] {logging_mixin.py:137} INFO - [2025-01-15T00:46:35.666+0000] {taskmixin.py:205} WARNING - Dependency <Task(_PythonDecoratedOperator): log_sql_query>, print_the_context already registered for DAG: example_python_operator
[2025-01-15T00:46:35.666+0000] {logging_mixin.py:137} INFO - [2025-01-15T00:46:35.666+0000] {taskmixin.py:205} WARNING - Dependency <Task(_PythonDecoratedOperator): print_the_context>, log_sql_query already registered for DAG: example_python_operator
[2025-01-15T00:46:35.668+0000] {logging_mixin.py:137} INFO - [2025-01-15T00:46:35.668+0000] {taskmixin.py:205} WARNING - Dependency <Task(_PythonDecoratedOperator): log_sql_query>, print_the_context already registered for DAG: example_python_operator
[2025-01-15T00:46:35.668+0000] {logging_mixin.py:137} INFO - [2025-01-15T00:46:35.668+0000] {taskmixin.py:205} WARNING - Dependency <Task(_PythonDecoratedOperator): print_the_context>, log_sql_query already registered for DAG: example_python_operator
[2025-01-15T00:46:35.669+0000] {logging_mixin.py:137} INFO - [2025-01-15T00:46:35.669+0000] {taskmixin.py:205} WARNING - Dependency <Task(_PythonDecoratedOperator): log_sql_query>, print_the_context already registered for DAG: example_python_operator
[2025-01-15T00:46:35.669+0000] {logging_mixin.py:137} INFO - [2025-01-15T00:46:35.669+0000] {taskmixin.py:205} WARNING - Dependency <Task(_PythonDecoratedOperator): print_the_context>, log_sql_query already registered for DAG: example_python_operator
[2025-01-15T00:46:35.669+0000] {logging_mixin.py:137} INFO - [2025-01-15T00:46:35.669+0000] {taskmixin.py:205} WARNING - Dependency <Task(_PythonDecoratedOperator): log_sql_query>, print_the_context already registered for DAG: example_python_operator
[2025-01-15T00:46:35.676+0000] {processor.py:753} INFO - DAG(s) dict_keys(['example_python_operator']) retrieved from /home/airflow/.local/lib/python3.7/site-packages/airflow/example_dags/example_python_operator.py
[2025-01-15T00:46:35.692+0000] {logging_mixin.py:137} INFO - [2025-01-15T00:46:35.692+0000] {dag.py:2690} INFO - Sync 1 DAGs
[2025-01-15T00:46:35.705+0000] {logging_mixin.py:137} INFO - [2025-01-15T00:46:35.705+0000] {dag.py:3441} INFO - Setting next_dagrun for example_python_operator to None, run_after=None
[2025-01-15T00:46:35.715+0000] {processor.py:175} INFO - Processing /home/airflow/.local/lib/python3.7/site-packages/airflow/example_dags/example_python_operator.py took 0.060 seconds
[2025-01-15T00:48:07.192+0000] {processor.py:153} INFO - Started process (PID=49568) to work on /home/airflow/.local/lib/python3.7/site-packages/airflow/example_dags/example_python_operator.py
[2025-01-15T00:48:07.193+0000] {processor.py:743} INFO - Processing file /home/airflow/.local/lib/python3.7/site-packages/airflow/example_dags/example_python_operator.py for tasks to queue
[2025-01-15T00:48:07.194+0000] {logging_mixin.py:137} INFO - [2025-01-15T00:48:07.194+0000] {dagbag.py:538} INFO - Filling up the DagBag from /home/airflow/.local/lib/python3.7/site-packages/airflow/example_dags/example_python_operator.py
[2025-01-15T00:48:07.203+0000] {logging_mixin.py:137} INFO - [2025-01-15T00:48:07.202+0000] {taskmixin.py:205} WARNING - Dependency <Task(_PythonDecoratedOperator): print_the_context>, log_sql_query already registered for DAG: example_python_operator
[2025-01-15T00:48:07.203+0000] {logging_mixin.py:137} INFO - [2025-01-15T00:48:07.203+0000] {taskmixin.py:205} WARNING - Dependency <Task(_PythonDecoratedOperator): log_sql_query>, print_the_context already registered for DAG: example_python_operator
[2025-01-15T00:48:07.205+0000] {logging_mixin.py:137} INFO - [2025-01-15T00:48:07.205+0000] {taskmixin.py:205} WARNING - Dependency <Task(_PythonDecoratedOperator): print_the_context>, log_sql_query already registered for DAG: example_python_operator
[2025-01-15T00:48:07.205+0000] {logging_mixin.py:137} INFO - [2025-01-15T00:48:07.205+0000] {taskmixin.py:205} WARNING - Dependency <Task(_PythonDecoratedOperator): log_sql_query>, print_the_context already registered for DAG: example_python_operator
[2025-01-15T00:48:07.205+0000] {logging_mixin.py:137} INFO - [2025-01-15T00:48:07.205+0000] {taskmixin.py:205} WARNING - Dependency <Task(_PythonDecoratedOperator): print_the_context>, log_sql_query already registered for DAG: example_python_operator
[2025-01-15T00:48:07.207+0000] {logging_mixin.py:137} INFO - [2025-01-15T00:48:07.207+0000] {taskmixin.py:205} WARNING - Dependency <Task(_PythonDecoratedOperator): log_sql_query>, print_the_context already registered for DAG: example_python_operator
[2025-01-15T00:48:07.208+0000] {logging_mixin.py:137} INFO - [2025-01-15T00:48:07.208+0000] {taskmixin.py:205} WARNING - Dependency <Task(_PythonDecoratedOperator): print_the_context>, log_sql_query already registered for DAG: example_python_operator
[2025-01-15T00:48:07.208+0000] {logging_mixin.py:137} INFO - [2025-01-15T00:48:07.208+0000] {taskmixin.py:205} WARNING - Dependency <Task(_PythonDecoratedOperator): log_sql_query>, print_the_context already registered for DAG: example_python_operator
[2025-01-15T00:48:07.211+0000] {processor.py:753} INFO - DAG(s) dict_keys(['example_python_operator']) retrieved from /home/airflow/.local/lib/python3.7/site-packages/airflow/example_dags/example_python_operator.py
[2025-01-15T00:48:07.223+0000] {logging_mixin.py:137} INFO - [2025-01-15T00:48:07.223+0000] {dag.py:2690} INFO - Sync 1 DAGs
[2025-01-15T00:48:07.235+0000] {logging_mixin.py:137} INFO - [2025-01-15T00:48:07.235+0000] {dag.py:3441} INFO - Setting next_dagrun for example_python_operator to None, run_after=None
[2025-01-15T00:48:07.314+0000] {processor.py:175} INFO - Processing /home/airflow/.local/lib/python3.7/site-packages/airflow/example_dags/example_python_operator.py took 0.124 seconds
[2025-01-15T00:48:37.866+0000] {processor.py:153} INFO - Started process (PID=49660) to work on /home/airflow/.local/lib/python3.7/site-packages/airflow/example_dags/example_python_operator.py
[2025-01-15T00:48:37.866+0000] {processor.py:743} INFO - Processing file /home/airflow/.local/lib/python3.7/site-packages/airflow/example_dags/example_python_operator.py for tasks to queue
[2025-01-15T00:48:37.867+0000] {logging_mixin.py:137} INFO - [2025-01-15T00:48:37.867+0000] {dagbag.py:538} INFO - Filling up the DagBag from /home/airflow/.local/lib/python3.7/site-packages/airflow/example_dags/example_python_operator.py
[2025-01-15T00:48:37.874+0000] {logging_mixin.py:137} INFO - [2025-01-15T00:48:37.874+0000] {taskmixin.py:205} WARNING - Dependency <Task(_PythonDecoratedOperator): print_the_context>, log_sql_query already registered for DAG: example_python_operator
[2025-01-15T00:48:37.874+0000] {logging_mixin.py:137} INFO - [2025-01-15T00:48:37.874+0000] {taskmixin.py:205} WARNING - Dependency <Task(_PythonDecoratedOperator): log_sql_query>, print_the_context already registered for DAG: example_python_operator
[2025-01-15T00:48:37.874+0000] {logging_mixin.py:137} INFO - [2025-01-15T00:48:37.874+0000] {taskmixin.py:205} WARNING - Dependency <Task(_PythonDecoratedOperator): print_the_context>, log_sql_query already registered for DAG: example_python_operator
[2025-01-15T00:48:37.874+0000] {logging_mixin.py:137} INFO - [2025-01-15T00:48:37.874+0000] {taskmixin.py:205} WARNING - Dependency <Task(_PythonDecoratedOperator): log_sql_query>, print_the_context already registered for DAG: example_python_operator
[2025-01-15T00:48:37.875+0000] {logging_mixin.py:137} INFO - [2025-01-15T00:48:37.874+0000] {taskmixin.py:205} WARNING - Dependency <Task(_PythonDecoratedOperator): print_the_context>, log_sql_query already registered for DAG: example_python_operator
[2025-01-15T00:48:37.875+0000] {logging_mixin.py:137} INFO - [2025-01-15T00:48:37.875+0000] {taskmixin.py:205} WARNING - Dependency <Task(_PythonDecoratedOperator): log_sql_query>, print_the_context already registered for DAG: example_python_operator
[2025-01-15T00:48:37.875+0000] {logging_mixin.py:137} INFO - [2025-01-15T00:48:37.875+0000] {taskmixin.py:205} WARNING - Dependency <Task(_PythonDecoratedOperator): print_the_context>, log_sql_query already registered for DAG: example_python_operator
[2025-01-15T00:48:37.875+0000] {logging_mixin.py:137} INFO - [2025-01-15T00:48:37.875+0000] {taskmixin.py:205} WARNING - Dependency <Task(_PythonDecoratedOperator): log_sql_query>, print_the_context already registered for DAG: example_python_operator
[2025-01-15T00:48:37.877+0000] {processor.py:753} INFO - DAG(s) dict_keys(['example_python_operator']) retrieved from /home/airflow/.local/lib/python3.7/site-packages/airflow/example_dags/example_python_operator.py
[2025-01-15T00:48:37.889+0000] {logging_mixin.py:137} INFO - [2025-01-15T00:48:37.889+0000] {dag.py:2690} INFO - Sync 1 DAGs
[2025-01-15T00:48:37.967+0000] {logging_mixin.py:137} INFO - [2025-01-15T00:48:37.967+0000] {dag.py:3441} INFO - Setting next_dagrun for example_python_operator to None, run_after=None
[2025-01-15T00:48:37.973+0000] {processor.py:175} INFO - Processing /home/airflow/.local/lib/python3.7/site-packages/airflow/example_dags/example_python_operator.py took 0.108 seconds
[2025-01-15T00:49:08.855+0000] {processor.py:153} INFO - Started process (PID=49752) to work on /home/airflow/.local/lib/python3.7/site-packages/airflow/example_dags/example_python_operator.py
[2025-01-15T00:49:08.855+0000] {processor.py:743} INFO - Processing file /home/airflow/.local/lib/python3.7/site-packages/airflow/example_dags/example_python_operator.py for tasks to queue
[2025-01-15T00:49:08.856+0000] {logging_mixin.py:137} INFO - [2025-01-15T00:49:08.856+0000] {dagbag.py:538} INFO - Filling up the DagBag from /home/airflow/.local/lib/python3.7/site-packages/airflow/example_dags/example_python_operator.py
[2025-01-15T00:49:08.862+0000] {logging_mixin.py:137} INFO - [2025-01-15T00:49:08.862+0000] {taskmixin.py:205} WARNING - Dependency <Task(_PythonDecoratedOperator): print_the_context>, log_sql_query already registered for DAG: example_python_operator
[2025-01-15T00:49:08.863+0000] {logging_mixin.py:137} INFO - [2025-01-15T00:49:08.863+0000] {taskmixin.py:205} WARNING - Dependency <Task(_PythonDecoratedOperator): log_sql_query>, print_the_context already registered for DAG: example_python_operator
[2025-01-15T00:49:08.863+0000] {logging_mixin.py:137} INFO - [2025-01-15T00:49:08.863+0000] {taskmixin.py:205} WARNING - Dependency <Task(_PythonDecoratedOperator): print_the_context>, log_sql_query already registered for DAG: example_python_operator
[2025-01-15T00:49:08.863+0000] {logging_mixin.py:137} INFO - [2025-01-15T00:49:08.863+0000] {taskmixin.py:205} WARNING - Dependency <Task(_PythonDecoratedOperator): log_sql_query>, print_the_context already registered for DAG: example_python_operator
[2025-01-15T00:49:08.863+0000] {logging_mixin.py:137} INFO - [2025-01-15T00:49:08.863+0000] {taskmixin.py:205} WARNING - Dependency <Task(_PythonDecoratedOperator): print_the_context>, log_sql_query already registered for DAG: example_python_operator
[2025-01-15T00:49:08.863+0000] {logging_mixin.py:137} INFO - [2025-01-15T00:49:08.863+0000] {taskmixin.py:205} WARNING - Dependency <Task(_PythonDecoratedOperator): log_sql_query>, print_the_context already registered for DAG: example_python_operator
[2025-01-15T00:49:08.864+0000] {logging_mixin.py:137} INFO - [2025-01-15T00:49:08.864+0000] {taskmixin.py:205} WARNING - Dependency <Task(_PythonDecoratedOperator): print_the_context>, log_sql_query already registered for DAG: example_python_operator
[2025-01-15T00:49:08.864+0000] {logging_mixin.py:137} INFO - [2025-01-15T00:49:08.864+0000] {taskmixin.py:205} WARNING - Dependency <Task(_PythonDecoratedOperator): log_sql_query>, print_the_context already registered for DAG: example_python_operator
[2025-01-15T00:49:08.867+0000] {processor.py:753} INFO - DAG(s) dict_keys(['example_python_operator']) retrieved from /home/airflow/.local/lib/python3.7/site-packages/airflow/example_dags/example_python_operator.py
[2025-01-15T00:49:08.946+0000] {logging_mixin.py:137} INFO - [2025-01-15T00:49:08.946+0000] {dag.py:2690} INFO - Sync 1 DAGs
[2025-01-15T00:49:08.954+0000] {logging_mixin.py:137} INFO - [2025-01-15T00:49:08.954+0000] {dag.py:3441} INFO - Setting next_dagrun for example_python_operator to None, run_after=None
[2025-01-15T00:49:08.960+0000] {processor.py:175} INFO - Processing /home/airflow/.local/lib/python3.7/site-packages/airflow/example_dags/example_python_operator.py took 0.107 seconds
[2025-01-15T01:03:13.347+0000] {processor.py:153} INFO - Started process (PID=49828) to work on /home/airflow/.local/lib/python3.7/site-packages/airflow/example_dags/example_python_operator.py
[2025-01-15T01:03:13.348+0000] {processor.py:743} INFO - Processing file /home/airflow/.local/lib/python3.7/site-packages/airflow/example_dags/example_python_operator.py for tasks to queue
[2025-01-15T01:03:13.352+0000] {logging_mixin.py:137} INFO - [2025-01-15T01:03:13.352+0000] {dagbag.py:538} INFO - Filling up the DagBag from /home/airflow/.local/lib/python3.7/site-packages/airflow/example_dags/example_python_operator.py
[2025-01-15T01:03:13.360+0000] {logging_mixin.py:137} INFO - [2025-01-15T01:03:13.360+0000] {taskmixin.py:205} WARNING - Dependency <Task(_PythonDecoratedOperator): print_the_context>, log_sql_query already registered for DAG: example_python_operator
[2025-01-15T01:03:13.360+0000] {logging_mixin.py:137} INFO - [2025-01-15T01:03:13.360+0000] {taskmixin.py:205} WARNING - Dependency <Task(_PythonDecoratedOperator): log_sql_query>, print_the_context already registered for DAG: example_python_operator
[2025-01-15T01:03:13.360+0000] {logging_mixin.py:137} INFO - [2025-01-15T01:03:13.360+0000] {taskmixin.py:205} WARNING - Dependency <Task(_PythonDecoratedOperator): print_the_context>, log_sql_query already registered for DAG: example_python_operator
[2025-01-15T01:03:13.360+0000] {logging_mixin.py:137} INFO - [2025-01-15T01:03:13.360+0000] {taskmixin.py:205} WARNING - Dependency <Task(_PythonDecoratedOperator): log_sql_query>, print_the_context already registered for DAG: example_python_operator
[2025-01-15T01:03:13.361+0000] {logging_mixin.py:137} INFO - [2025-01-15T01:03:13.361+0000] {taskmixin.py:205} WARNING - Dependency <Task(_PythonDecoratedOperator): print_the_context>, log_sql_query already registered for DAG: example_python_operator
[2025-01-15T01:03:13.361+0000] {logging_mixin.py:137} INFO - [2025-01-15T01:03:13.361+0000] {taskmixin.py:205} WARNING - Dependency <Task(_PythonDecoratedOperator): log_sql_query>, print_the_context already registered for DAG: example_python_operator
[2025-01-15T01:03:13.361+0000] {logging_mixin.py:137} INFO - [2025-01-15T01:03:13.361+0000] {taskmixin.py:205} WARNING - Dependency <Task(_PythonDecoratedOperator): print_the_context>, log_sql_query already registered for DAG: example_python_operator
[2025-01-15T01:03:13.361+0000] {logging_mixin.py:137} INFO - [2025-01-15T01:03:13.361+0000] {taskmixin.py:205} WARNING - Dependency <Task(_PythonDecoratedOperator): log_sql_query>, print_the_context already registered for DAG: example_python_operator
[2025-01-15T01:03:13.364+0000] {processor.py:753} INFO - DAG(s) dict_keys(['example_python_operator']) retrieved from /home/airflow/.local/lib/python3.7/site-packages/airflow/example_dags/example_python_operator.py
[2025-01-15T01:03:13.376+0000] {logging_mixin.py:137} INFO - [2025-01-15T01:03:13.376+0000] {dag.py:2690} INFO - Sync 1 DAGs
[2025-01-15T01:03:13.386+0000] {logging_mixin.py:137} INFO - [2025-01-15T01:03:13.386+0000] {dag.py:3441} INFO - Setting next_dagrun for example_python_operator to None, run_after=None
[2025-01-15T01:03:13.459+0000] {processor.py:175} INFO - Processing /home/airflow/.local/lib/python3.7/site-packages/airflow/example_dags/example_python_operator.py took 0.114 seconds
