[2025-01-15T00:05:43.138+0000] {processor.py:153} INFO - Started process (PID=48103) to work on /home/airflow/.local/lib/python3.7/site-packages/airflow/example_dags/example_branch_labels.py
[2025-01-15T00:05:43.139+0000] {processor.py:743} INFO - Processing file /home/airflow/.local/lib/python3.7/site-packages/airflow/example_dags/example_branch_labels.py for tasks to queue
[2025-01-15T00:05:43.140+0000] {logging_mixin.py:137} INFO - [2025-01-15T00:05:43.140+0000] {dagbag.py:538} INFO - Filling up the DagBag from /home/airflow/.local/lib/python3.7/site-packages/airflow/example_dags/example_branch_labels.py
[2025-01-15T00:05:43.147+0000] {processor.py:753} INFO - DAG(s) dict_keys(['example_branch_labels']) retrieved from /home/airflow/.local/lib/python3.7/site-packages/airflow/example_dags/example_branch_labels.py
[2025-01-15T00:05:43.161+0000] {logging_mixin.py:137} INFO - [2025-01-15T00:05:43.161+0000] {dag.py:2690} INFO - Sync 1 DAGs
[2025-01-15T00:05:43.175+0000] {logging_mixin.py:137} INFO - [2025-01-15T00:05:43.175+0000] {dag.py:3441} INFO - Setting next_dagrun for example_branch_labels to 2025-01-14T00:00:00+00:00, run_after=2025-01-15T00:00:00+00:00
[2025-01-15T00:05:43.190+0000] {processor.py:175} INFO - Processing /home/airflow/.local/lib/python3.7/site-packages/airflow/example_dags/example_branch_labels.py took 0.054 seconds
[2025-01-15T00:06:14.081+0000] {processor.py:153} INFO - Started process (PID=48194) to work on /home/airflow/.local/lib/python3.7/site-packages/airflow/example_dags/example_branch_labels.py
[2025-01-15T00:06:14.082+0000] {processor.py:743} INFO - Processing file /home/airflow/.local/lib/python3.7/site-packages/airflow/example_dags/example_branch_labels.py for tasks to queue
[2025-01-15T00:06:14.082+0000] {logging_mixin.py:137} INFO - [2025-01-15T00:06:14.082+0000] {dagbag.py:538} INFO - Filling up the DagBag from /home/airflow/.local/lib/python3.7/site-packages/airflow/example_dags/example_branch_labels.py
[2025-01-15T00:06:14.087+0000] {processor.py:753} INFO - DAG(s) dict_keys(['example_branch_labels']) retrieved from /home/airflow/.local/lib/python3.7/site-packages/airflow/example_dags/example_branch_labels.py
[2025-01-15T00:06:14.102+0000] {logging_mixin.py:137} INFO - [2025-01-15T00:06:14.102+0000] {dag.py:2690} INFO - Sync 1 DAGs
[2025-01-15T00:06:14.114+0000] {logging_mixin.py:137} INFO - [2025-01-15T00:06:14.114+0000] {dag.py:3441} INFO - Setting next_dagrun for example_branch_labels to 2025-01-14T00:00:00+00:00, run_after=2025-01-15T00:00:00+00:00
[2025-01-15T00:06:14.185+0000] {processor.py:175} INFO - Processing /home/airflow/.local/lib/python3.7/site-packages/airflow/example_dags/example_branch_labels.py took 0.105 seconds
[2025-01-15T00:19:19.271+0000] {processor.py:153} INFO - Started process (PID=48270) to work on /home/airflow/.local/lib/python3.7/site-packages/airflow/example_dags/example_branch_labels.py
[2025-01-15T00:19:19.272+0000] {processor.py:743} INFO - Processing file /home/airflow/.local/lib/python3.7/site-packages/airflow/example_dags/example_branch_labels.py for tasks to queue
[2025-01-15T00:19:19.272+0000] {logging_mixin.py:137} INFO - [2025-01-15T00:19:19.272+0000] {dagbag.py:538} INFO - Filling up the DagBag from /home/airflow/.local/lib/python3.7/site-packages/airflow/example_dags/example_branch_labels.py
[2025-01-15T00:19:19.278+0000] {processor.py:753} INFO - DAG(s) dict_keys(['example_branch_labels']) retrieved from /home/airflow/.local/lib/python3.7/site-packages/airflow/example_dags/example_branch_labels.py
[2025-01-15T00:19:19.288+0000] {logging_mixin.py:137} INFO - [2025-01-15T00:19:19.287+0000] {dag.py:2690} INFO - Sync 1 DAGs
[2025-01-15T00:19:19.297+0000] {logging_mixin.py:137} INFO - [2025-01-15T00:19:19.297+0000] {dag.py:3441} INFO - Setting next_dagrun for example_branch_labels to 2025-01-14T00:00:00+00:00, run_after=2025-01-15T00:00:00+00:00
[2025-01-15T00:19:19.302+0000] {processor.py:175} INFO - Processing /home/airflow/.local/lib/python3.7/site-packages/airflow/example_dags/example_branch_labels.py took 0.032 seconds
[2025-01-15T00:19:49.886+0000] {processor.py:153} INFO - Started process (PID=48362) to work on /home/airflow/.local/lib/python3.7/site-packages/airflow/example_dags/example_branch_labels.py
[2025-01-15T00:19:49.886+0000] {processor.py:743} INFO - Processing file /home/airflow/.local/lib/python3.7/site-packages/airflow/example_dags/example_branch_labels.py for tasks to queue
[2025-01-15T00:19:49.887+0000] {logging_mixin.py:137} INFO - [2025-01-15T00:19:49.887+0000] {dagbag.py:538} INFO - Filling up the DagBag from /home/airflow/.local/lib/python3.7/site-packages/airflow/example_dags/example_branch_labels.py
[2025-01-15T00:19:49.892+0000] {processor.py:753} INFO - DAG(s) dict_keys(['example_branch_labels']) retrieved from /home/airflow/.local/lib/python3.7/site-packages/airflow/example_dags/example_branch_labels.py
[2025-01-15T00:19:49.904+0000] {logging_mixin.py:137} INFO - [2025-01-15T00:19:49.904+0000] {dag.py:2690} INFO - Sync 1 DAGs
[2025-01-15T00:19:49.915+0000] {logging_mixin.py:137} INFO - [2025-01-15T00:19:49.915+0000] {dag.py:3441} INFO - Setting next_dagrun for example_branch_labels to 2025-01-14T00:00:00+00:00, run_after=2025-01-15T00:00:00+00:00
[2025-01-15T00:19:49.928+0000] {processor.py:175} INFO - Processing /home/airflow/.local/lib/python3.7/site-packages/airflow/example_dags/example_branch_labels.py took 0.043 seconds
[2025-01-15T00:20:21.437+0000] {processor.py:153} INFO - Started process (PID=48454) to work on /home/airflow/.local/lib/python3.7/site-packages/airflow/example_dags/example_branch_labels.py
[2025-01-15T00:20:21.440+0000] {processor.py:743} INFO - Processing file /home/airflow/.local/lib/python3.7/site-packages/airflow/example_dags/example_branch_labels.py for tasks to queue
[2025-01-15T00:20:21.440+0000] {logging_mixin.py:137} INFO - [2025-01-15T00:20:21.440+0000] {dagbag.py:538} INFO - Filling up the DagBag from /home/airflow/.local/lib/python3.7/site-packages/airflow/example_dags/example_branch_labels.py
[2025-01-15T00:20:21.447+0000] {processor.py:753} INFO - DAG(s) dict_keys(['example_branch_labels']) retrieved from /home/airflow/.local/lib/python3.7/site-packages/airflow/example_dags/example_branch_labels.py
[2025-01-15T00:20:21.460+0000] {logging_mixin.py:137} INFO - [2025-01-15T00:20:21.460+0000] {dag.py:2690} INFO - Sync 1 DAGs
[2025-01-15T00:20:21.470+0000] {logging_mixin.py:137} INFO - [2025-01-15T00:20:21.470+0000] {dag.py:3441} INFO - Setting next_dagrun for example_branch_labels to 2025-01-14T00:00:00+00:00, run_after=2025-01-15T00:00:00+00:00
[2025-01-15T00:20:21.544+0000] {processor.py:175} INFO - Processing /home/airflow/.local/lib/python3.7/site-packages/airflow/example_dags/example_branch_labels.py took 0.109 seconds
[2025-01-15T00:23:11.829+0000] {processor.py:153} INFO - Started process (PID=48545) to work on /home/airflow/.local/lib/python3.7/site-packages/airflow/example_dags/example_branch_labels.py
[2025-01-15T00:23:11.830+0000] {processor.py:743} INFO - Processing file /home/airflow/.local/lib/python3.7/site-packages/airflow/example_dags/example_branch_labels.py for tasks to queue
[2025-01-15T00:23:11.830+0000] {logging_mixin.py:137} INFO - [2025-01-15T00:23:11.830+0000] {dagbag.py:538} INFO - Filling up the DagBag from /home/airflow/.local/lib/python3.7/site-packages/airflow/example_dags/example_branch_labels.py
[2025-01-15T00:23:11.837+0000] {processor.py:753} INFO - DAG(s) dict_keys(['example_branch_labels']) retrieved from /home/airflow/.local/lib/python3.7/site-packages/airflow/example_dags/example_branch_labels.py
[2025-01-15T00:23:11.848+0000] {logging_mixin.py:137} INFO - [2025-01-15T00:23:11.848+0000] {dag.py:2690} INFO - Sync 1 DAGs
[2025-01-15T00:23:11.933+0000] {logging_mixin.py:137} INFO - [2025-01-15T00:23:11.933+0000] {dag.py:3441} INFO - Setting next_dagrun for example_branch_labels to 2025-01-14T00:00:00+00:00, run_after=2025-01-15T00:00:00+00:00
[2025-01-15T00:23:11.940+0000] {processor.py:175} INFO - Processing /home/airflow/.local/lib/python3.7/site-packages/airflow/example_dags/example_branch_labels.py took 0.113 seconds
[2025-01-15T00:23:42.636+0000] {processor.py:153} INFO - Started process (PID=48630) to work on /home/airflow/.local/lib/python3.7/site-packages/airflow/example_dags/example_branch_labels.py
[2025-01-15T00:23:42.638+0000] {processor.py:743} INFO - Processing file /home/airflow/.local/lib/python3.7/site-packages/airflow/example_dags/example_branch_labels.py for tasks to queue
[2025-01-15T00:23:42.638+0000] {logging_mixin.py:137} INFO - [2025-01-15T00:23:42.638+0000] {dagbag.py:538} INFO - Filling up the DagBag from /home/airflow/.local/lib/python3.7/site-packages/airflow/example_dags/example_branch_labels.py
[2025-01-15T00:23:42.645+0000] {processor.py:753} INFO - DAG(s) dict_keys(['example_branch_labels']) retrieved from /home/airflow/.local/lib/python3.7/site-packages/airflow/example_dags/example_branch_labels.py
[2025-01-15T00:23:42.659+0000] {logging_mixin.py:137} INFO - [2025-01-15T00:23:42.659+0000] {dag.py:2690} INFO - Sync 1 DAGs
[2025-01-15T00:23:42.670+0000] {logging_mixin.py:137} INFO - [2025-01-15T00:23:42.670+0000] {dag.py:3441} INFO - Setting next_dagrun for example_branch_labels to 2025-01-14T00:00:00+00:00, run_after=2025-01-15T00:00:00+00:00
[2025-01-15T00:23:42.677+0000] {processor.py:175} INFO - Processing /home/airflow/.local/lib/python3.7/site-packages/airflow/example_dags/example_branch_labels.py took 0.043 seconds
[2025-01-15T00:24:21.608+0000] {processor.py:153} INFO - Started process (PID=48713) to work on /home/airflow/.local/lib/python3.7/site-packages/airflow/example_dags/example_branch_labels.py
[2025-01-15T00:24:21.609+0000] {processor.py:743} INFO - Processing file /home/airflow/.local/lib/python3.7/site-packages/airflow/example_dags/example_branch_labels.py for tasks to queue
[2025-01-15T00:24:21.609+0000] {logging_mixin.py:137} INFO - [2025-01-15T00:24:21.609+0000] {dagbag.py:538} INFO - Filling up the DagBag from /home/airflow/.local/lib/python3.7/site-packages/airflow/example_dags/example_branch_labels.py
[2025-01-15T00:24:21.615+0000] {processor.py:753} INFO - DAG(s) dict_keys(['example_branch_labels']) retrieved from /home/airflow/.local/lib/python3.7/site-packages/airflow/example_dags/example_branch_labels.py
[2025-01-15T00:24:21.629+0000] {logging_mixin.py:137} INFO - [2025-01-15T00:24:21.628+0000] {dag.py:2690} INFO - Sync 1 DAGs
[2025-01-15T00:24:21.639+0000] {logging_mixin.py:137} INFO - [2025-01-15T00:24:21.639+0000] {dag.py:3441} INFO - Setting next_dagrun for example_branch_labels to 2025-01-14T00:00:00+00:00, run_after=2025-01-15T00:00:00+00:00
[2025-01-15T00:24:21.654+0000] {processor.py:175} INFO - Processing /home/airflow/.local/lib/python3.7/site-packages/airflow/example_dags/example_branch_labels.py took 0.047 seconds
[2025-01-15T00:24:52.575+0000] {processor.py:153} INFO - Started process (PID=48805) to work on /home/airflow/.local/lib/python3.7/site-packages/airflow/example_dags/example_branch_labels.py
[2025-01-15T00:24:52.575+0000] {processor.py:743} INFO - Processing file /home/airflow/.local/lib/python3.7/site-packages/airflow/example_dags/example_branch_labels.py for tasks to queue
[2025-01-15T00:24:52.575+0000] {logging_mixin.py:137} INFO - [2025-01-15T00:24:52.575+0000] {dagbag.py:538} INFO - Filling up the DagBag from /home/airflow/.local/lib/python3.7/site-packages/airflow/example_dags/example_branch_labels.py
[2025-01-15T00:24:52.581+0000] {processor.py:753} INFO - DAG(s) dict_keys(['example_branch_labels']) retrieved from /home/airflow/.local/lib/python3.7/site-packages/airflow/example_dags/example_branch_labels.py
[2025-01-15T00:24:52.593+0000] {logging_mixin.py:137} INFO - [2025-01-15T00:24:52.593+0000] {dag.py:2690} INFO - Sync 1 DAGs
[2025-01-15T00:24:52.670+0000] {logging_mixin.py:137} INFO - [2025-01-15T00:24:52.669+0000] {dag.py:3441} INFO - Setting next_dagrun for example_branch_labels to 2025-01-14T00:00:00+00:00, run_after=2025-01-15T00:00:00+00:00
[2025-01-15T00:24:52.677+0000] {processor.py:175} INFO - Processing /home/airflow/.local/lib/python3.7/site-packages/airflow/example_dags/example_branch_labels.py took 0.104 seconds
[2025-01-15T00:25:23.547+0000] {processor.py:153} INFO - Started process (PID=48897) to work on /home/airflow/.local/lib/python3.7/site-packages/airflow/example_dags/example_branch_labels.py
[2025-01-15T00:25:23.549+0000] {processor.py:743} INFO - Processing file /home/airflow/.local/lib/python3.7/site-packages/airflow/example_dags/example_branch_labels.py for tasks to queue
[2025-01-15T00:25:23.549+0000] {logging_mixin.py:137} INFO - [2025-01-15T00:25:23.549+0000] {dagbag.py:538} INFO - Filling up the DagBag from /home/airflow/.local/lib/python3.7/site-packages/airflow/example_dags/example_branch_labels.py
[2025-01-15T00:25:23.555+0000] {processor.py:753} INFO - DAG(s) dict_keys(['example_branch_labels']) retrieved from /home/airflow/.local/lib/python3.7/site-packages/airflow/example_dags/example_branch_labels.py
[2025-01-15T00:25:23.566+0000] {logging_mixin.py:137} INFO - [2025-01-15T00:25:23.566+0000] {dag.py:2690} INFO - Sync 1 DAGs
[2025-01-15T00:25:23.575+0000] {logging_mixin.py:137} INFO - [2025-01-15T00:25:23.575+0000] {dag.py:3441} INFO - Setting next_dagrun for example_branch_labels to 2025-01-14T00:00:00+00:00, run_after=2025-01-15T00:00:00+00:00
[2025-01-15T00:25:23.583+0000] {processor.py:175} INFO - Processing /home/airflow/.local/lib/python3.7/site-packages/airflow/example_dags/example_branch_labels.py took 0.037 seconds
[2025-01-15T00:34:06.538+0000] {processor.py:153} INFO - Started process (PID=48972) to work on /home/airflow/.local/lib/python3.7/site-packages/airflow/example_dags/example_branch_labels.py
[2025-01-15T00:34:06.538+0000] {processor.py:743} INFO - Processing file /home/airflow/.local/lib/python3.7/site-packages/airflow/example_dags/example_branch_labels.py for tasks to queue
[2025-01-15T00:34:06.539+0000] {logging_mixin.py:137} INFO - [2025-01-15T00:34:06.539+0000] {dagbag.py:538} INFO - Filling up the DagBag from /home/airflow/.local/lib/python3.7/site-packages/airflow/example_dags/example_branch_labels.py
[2025-01-15T00:34:06.547+0000] {processor.py:753} INFO - DAG(s) dict_keys(['example_branch_labels']) retrieved from /home/airflow/.local/lib/python3.7/site-packages/airflow/example_dags/example_branch_labels.py
[2025-01-15T00:34:06.558+0000] {logging_mixin.py:137} INFO - [2025-01-15T00:34:06.557+0000] {dag.py:2690} INFO - Sync 1 DAGs
[2025-01-15T00:34:06.568+0000] {logging_mixin.py:137} INFO - [2025-01-15T00:34:06.568+0000] {dag.py:3441} INFO - Setting next_dagrun for example_branch_labels to 2025-01-14T00:00:00+00:00, run_after=2025-01-15T00:00:00+00:00
[2025-01-15T00:34:06.578+0000] {processor.py:175} INFO - Processing /home/airflow/.local/lib/python3.7/site-packages/airflow/example_dags/example_branch_labels.py took 0.041 seconds
[2025-01-15T00:34:37.290+0000] {processor.py:153} INFO - Started process (PID=49064) to work on /home/airflow/.local/lib/python3.7/site-packages/airflow/example_dags/example_branch_labels.py
[2025-01-15T00:34:37.291+0000] {processor.py:743} INFO - Processing file /home/airflow/.local/lib/python3.7/site-packages/airflow/example_dags/example_branch_labels.py for tasks to queue
[2025-01-15T00:34:37.291+0000] {logging_mixin.py:137} INFO - [2025-01-15T00:34:37.291+0000] {dagbag.py:538} INFO - Filling up the DagBag from /home/airflow/.local/lib/python3.7/site-packages/airflow/example_dags/example_branch_labels.py
[2025-01-15T00:34:37.297+0000] {processor.py:753} INFO - DAG(s) dict_keys(['example_branch_labels']) retrieved from /home/airflow/.local/lib/python3.7/site-packages/airflow/example_dags/example_branch_labels.py
[2025-01-15T00:34:37.308+0000] {logging_mixin.py:137} INFO - [2025-01-15T00:34:37.308+0000] {dag.py:2690} INFO - Sync 1 DAGs
[2025-01-15T00:34:37.383+0000] {logging_mixin.py:137} INFO - [2025-01-15T00:34:37.383+0000] {dag.py:3441} INFO - Setting next_dagrun for example_branch_labels to 2025-01-14T00:00:00+00:00, run_after=2025-01-15T00:00:00+00:00
[2025-01-15T00:34:37.394+0000] {processor.py:175} INFO - Processing /home/airflow/.local/lib/python3.7/site-packages/airflow/example_dags/example_branch_labels.py took 0.105 seconds
[2025-01-15T00:39:09.821+0000] {processor.py:153} INFO - Started process (PID=49156) to work on /home/airflow/.local/lib/python3.7/site-packages/airflow/example_dags/example_branch_labels.py
[2025-01-15T00:39:09.821+0000] {processor.py:743} INFO - Processing file /home/airflow/.local/lib/python3.7/site-packages/airflow/example_dags/example_branch_labels.py for tasks to queue
[2025-01-15T00:39:09.822+0000] {logging_mixin.py:137} INFO - [2025-01-15T00:39:09.822+0000] {dagbag.py:538} INFO - Filling up the DagBag from /home/airflow/.local/lib/python3.7/site-packages/airflow/example_dags/example_branch_labels.py
[2025-01-15T00:39:09.828+0000] {processor.py:753} INFO - DAG(s) dict_keys(['example_branch_labels']) retrieved from /home/airflow/.local/lib/python3.7/site-packages/airflow/example_dags/example_branch_labels.py
[2025-01-15T00:39:09.839+0000] {logging_mixin.py:137} INFO - [2025-01-15T00:39:09.839+0000] {dag.py:2690} INFO - Sync 1 DAGs
[2025-01-15T00:39:09.912+0000] {logging_mixin.py:137} INFO - [2025-01-15T00:39:09.912+0000] {dag.py:3441} INFO - Setting next_dagrun for example_branch_labels to 2025-01-14T00:00:00+00:00, run_after=2025-01-15T00:00:00+00:00
[2025-01-15T00:39:09.921+0000] {processor.py:175} INFO - Processing /home/airflow/.local/lib/python3.7/site-packages/airflow/example_dags/example_branch_labels.py took 0.102 seconds
[2025-01-15T00:39:40.722+0000] {processor.py:153} INFO - Started process (PID=49241) to work on /home/airflow/.local/lib/python3.7/site-packages/airflow/example_dags/example_branch_labels.py
[2025-01-15T00:39:40.722+0000] {processor.py:743} INFO - Processing file /home/airflow/.local/lib/python3.7/site-packages/airflow/example_dags/example_branch_labels.py for tasks to queue
[2025-01-15T00:39:40.723+0000] {logging_mixin.py:137} INFO - [2025-01-15T00:39:40.723+0000] {dagbag.py:538} INFO - Filling up the DagBag from /home/airflow/.local/lib/python3.7/site-packages/airflow/example_dags/example_branch_labels.py
[2025-01-15T00:39:40.729+0000] {processor.py:753} INFO - DAG(s) dict_keys(['example_branch_labels']) retrieved from /home/airflow/.local/lib/python3.7/site-packages/airflow/example_dags/example_branch_labels.py
[2025-01-15T00:39:40.745+0000] {logging_mixin.py:137} INFO - [2025-01-15T00:39:40.745+0000] {dag.py:2690} INFO - Sync 1 DAGs
[2025-01-15T00:39:40.758+0000] {logging_mixin.py:137} INFO - [2025-01-15T00:39:40.758+0000] {dag.py:3441} INFO - Setting next_dagrun for example_branch_labels to 2025-01-14T00:00:00+00:00, run_after=2025-01-15T00:00:00+00:00
[2025-01-15T00:39:40.799+0000] {processor.py:175} INFO - Processing /home/airflow/.local/lib/python3.7/site-packages/airflow/example_dags/example_branch_labels.py took 0.079 seconds
[2025-01-15T00:40:11.550+0000] {processor.py:153} INFO - Started process (PID=49324) to work on /home/airflow/.local/lib/python3.7/site-packages/airflow/example_dags/example_branch_labels.py
[2025-01-15T00:40:11.553+0000] {processor.py:743} INFO - Processing file /home/airflow/.local/lib/python3.7/site-packages/airflow/example_dags/example_branch_labels.py for tasks to queue
[2025-01-15T00:40:11.554+0000] {logging_mixin.py:137} INFO - [2025-01-15T00:40:11.554+0000] {dagbag.py:538} INFO - Filling up the DagBag from /home/airflow/.local/lib/python3.7/site-packages/airflow/example_dags/example_branch_labels.py
[2025-01-15T00:40:11.562+0000] {processor.py:753} INFO - DAG(s) dict_keys(['example_branch_labels']) retrieved from /home/airflow/.local/lib/python3.7/site-packages/airflow/example_dags/example_branch_labels.py
[2025-01-15T00:40:11.574+0000] {logging_mixin.py:137} INFO - [2025-01-15T00:40:11.574+0000] {dag.py:2690} INFO - Sync 1 DAGs
[2025-01-15T00:40:11.586+0000] {logging_mixin.py:137} INFO - [2025-01-15T00:40:11.586+0000] {dag.py:3441} INFO - Setting next_dagrun for example_branch_labels to 2025-01-14T00:00:00+00:00, run_after=2025-01-15T00:00:00+00:00
[2025-01-15T00:40:11.595+0000] {processor.py:175} INFO - Processing /home/airflow/.local/lib/python3.7/site-packages/airflow/example_dags/example_branch_labels.py took 0.047 seconds
[2025-01-15T00:46:06.357+0000] {processor.py:153} INFO - Started process (PID=49416) to work on /home/airflow/.local/lib/python3.7/site-packages/airflow/example_dags/example_branch_labels.py
[2025-01-15T00:46:06.358+0000] {processor.py:743} INFO - Processing file /home/airflow/.local/lib/python3.7/site-packages/airflow/example_dags/example_branch_labels.py for tasks to queue
[2025-01-15T00:46:06.358+0000] {logging_mixin.py:137} INFO - [2025-01-15T00:46:06.358+0000] {dagbag.py:538} INFO - Filling up the DagBag from /home/airflow/.local/lib/python3.7/site-packages/airflow/example_dags/example_branch_labels.py
[2025-01-15T00:46:06.364+0000] {processor.py:753} INFO - DAG(s) dict_keys(['example_branch_labels']) retrieved from /home/airflow/.local/lib/python3.7/site-packages/airflow/example_dags/example_branch_labels.py
[2025-01-15T00:46:06.375+0000] {logging_mixin.py:137} INFO - [2025-01-15T00:46:06.375+0000] {dag.py:2690} INFO - Sync 1 DAGs
[2025-01-15T00:46:06.455+0000] {logging_mixin.py:137} INFO - [2025-01-15T00:46:06.455+0000] {dag.py:3441} INFO - Setting next_dagrun for example_branch_labels to 2025-01-14T00:00:00+00:00, run_after=2025-01-15T00:00:00+00:00
[2025-01-15T00:46:06.466+0000] {processor.py:175} INFO - Processing /home/airflow/.local/lib/python3.7/site-packages/airflow/example_dags/example_branch_labels.py took 0.110 seconds
[2025-01-15T00:46:37.197+0000] {processor.py:153} INFO - Started process (PID=49508) to work on /home/airflow/.local/lib/python3.7/site-packages/airflow/example_dags/example_branch_labels.py
[2025-01-15T00:46:37.197+0000] {processor.py:743} INFO - Processing file /home/airflow/.local/lib/python3.7/site-packages/airflow/example_dags/example_branch_labels.py for tasks to queue
[2025-01-15T00:46:37.197+0000] {logging_mixin.py:137} INFO - [2025-01-15T00:46:37.197+0000] {dagbag.py:538} INFO - Filling up the DagBag from /home/airflow/.local/lib/python3.7/site-packages/airflow/example_dags/example_branch_labels.py
[2025-01-15T00:46:37.203+0000] {processor.py:753} INFO - DAG(s) dict_keys(['example_branch_labels']) retrieved from /home/airflow/.local/lib/python3.7/site-packages/airflow/example_dags/example_branch_labels.py
[2025-01-15T00:46:37.213+0000] {logging_mixin.py:137} INFO - [2025-01-15T00:46:37.213+0000] {dag.py:2690} INFO - Sync 1 DAGs
[2025-01-15T00:46:37.224+0000] {logging_mixin.py:137} INFO - [2025-01-15T00:46:37.224+0000] {dag.py:3441} INFO - Setting next_dagrun for example_branch_labels to 2025-01-14T00:00:00+00:00, run_after=2025-01-15T00:00:00+00:00
[2025-01-15T00:46:37.231+0000] {processor.py:175} INFO - Processing /home/airflow/.local/lib/python3.7/site-packages/airflow/example_dags/example_branch_labels.py took 0.035 seconds
[2025-01-15T00:48:08.039+0000] {processor.py:153} INFO - Started process (PID=49584) to work on /home/airflow/.local/lib/python3.7/site-packages/airflow/example_dags/example_branch_labels.py
[2025-01-15T00:48:08.039+0000] {processor.py:743} INFO - Processing file /home/airflow/.local/lib/python3.7/site-packages/airflow/example_dags/example_branch_labels.py for tasks to queue
[2025-01-15T00:48:08.039+0000] {logging_mixin.py:137} INFO - [2025-01-15T00:48:08.039+0000] {dagbag.py:538} INFO - Filling up the DagBag from /home/airflow/.local/lib/python3.7/site-packages/airflow/example_dags/example_branch_labels.py
[2025-01-15T00:48:08.046+0000] {processor.py:753} INFO - DAG(s) dict_keys(['example_branch_labels']) retrieved from /home/airflow/.local/lib/python3.7/site-packages/airflow/example_dags/example_branch_labels.py
[2025-01-15T00:48:08.056+0000] {logging_mixin.py:137} INFO - [2025-01-15T00:48:08.056+0000] {dag.py:2690} INFO - Sync 1 DAGs
[2025-01-15T00:48:08.067+0000] {logging_mixin.py:137} INFO - [2025-01-15T00:48:08.066+0000] {dag.py:3441} INFO - Setting next_dagrun for example_branch_labels to 2025-01-14T00:00:00+00:00, run_after=2025-01-15T00:00:00+00:00
[2025-01-15T00:48:08.076+0000] {processor.py:175} INFO - Processing /home/airflow/.local/lib/python3.7/site-packages/airflow/example_dags/example_branch_labels.py took 0.039 seconds
[2025-01-15T00:48:38.815+0000] {processor.py:153} INFO - Started process (PID=49676) to work on /home/airflow/.local/lib/python3.7/site-packages/airflow/example_dags/example_branch_labels.py
[2025-01-15T00:48:38.817+0000] {processor.py:743} INFO - Processing file /home/airflow/.local/lib/python3.7/site-packages/airflow/example_dags/example_branch_labels.py for tasks to queue
[2025-01-15T00:48:38.817+0000] {logging_mixin.py:137} INFO - [2025-01-15T00:48:38.817+0000] {dagbag.py:538} INFO - Filling up the DagBag from /home/airflow/.local/lib/python3.7/site-packages/airflow/example_dags/example_branch_labels.py
[2025-01-15T00:48:38.823+0000] {processor.py:753} INFO - DAG(s) dict_keys(['example_branch_labels']) retrieved from /home/airflow/.local/lib/python3.7/site-packages/airflow/example_dags/example_branch_labels.py
[2025-01-15T00:48:38.833+0000] {logging_mixin.py:137} INFO - [2025-01-15T00:48:38.833+0000] {dag.py:2690} INFO - Sync 1 DAGs
[2025-01-15T00:48:38.912+0000] {logging_mixin.py:137} INFO - [2025-01-15T00:48:38.912+0000] {dag.py:3441} INFO - Setting next_dagrun for example_branch_labels to 2025-01-14T00:00:00+00:00, run_after=2025-01-15T00:00:00+00:00
[2025-01-15T00:48:38.922+0000] {processor.py:175} INFO - Processing /home/airflow/.local/lib/python3.7/site-packages/airflow/example_dags/example_branch_labels.py took 0.108 seconds
[2025-01-15T00:49:09.890+0000] {processor.py:153} INFO - Started process (PID=49768) to work on /home/airflow/.local/lib/python3.7/site-packages/airflow/example_dags/example_branch_labels.py
[2025-01-15T00:49:09.891+0000] {processor.py:743} INFO - Processing file /home/airflow/.local/lib/python3.7/site-packages/airflow/example_dags/example_branch_labels.py for tasks to queue
[2025-01-15T00:49:09.891+0000] {logging_mixin.py:137} INFO - [2025-01-15T00:49:09.891+0000] {dagbag.py:538} INFO - Filling up the DagBag from /home/airflow/.local/lib/python3.7/site-packages/airflow/example_dags/example_branch_labels.py
[2025-01-15T00:49:09.897+0000] {processor.py:753} INFO - DAG(s) dict_keys(['example_branch_labels']) retrieved from /home/airflow/.local/lib/python3.7/site-packages/airflow/example_dags/example_branch_labels.py
[2025-01-15T00:49:09.908+0000] {logging_mixin.py:137} INFO - [2025-01-15T00:49:09.908+0000] {dag.py:2690} INFO - Sync 1 DAGs
[2025-01-15T00:49:09.987+0000] {logging_mixin.py:137} INFO - [2025-01-15T00:49:09.987+0000] {dag.py:3441} INFO - Setting next_dagrun for example_branch_labels to 2025-01-14T00:00:00+00:00, run_after=2025-01-15T00:00:00+00:00
[2025-01-15T00:49:10.000+0000] {processor.py:175} INFO - Processing /home/airflow/.local/lib/python3.7/site-packages/airflow/example_dags/example_branch_labels.py took 0.111 seconds
[2025-01-15T01:03:14.049+0000] {processor.py:153} INFO - Started process (PID=49844) to work on /home/airflow/.local/lib/python3.7/site-packages/airflow/example_dags/example_branch_labels.py
[2025-01-15T01:03:14.049+0000] {processor.py:743} INFO - Processing file /home/airflow/.local/lib/python3.7/site-packages/airflow/example_dags/example_branch_labels.py for tasks to queue
[2025-01-15T01:03:14.049+0000] {logging_mixin.py:137} INFO - [2025-01-15T01:03:14.049+0000] {dagbag.py:538} INFO - Filling up the DagBag from /home/airflow/.local/lib/python3.7/site-packages/airflow/example_dags/example_branch_labels.py
[2025-01-15T01:03:14.055+0000] {processor.py:753} INFO - DAG(s) dict_keys(['example_branch_labels']) retrieved from /home/airflow/.local/lib/python3.7/site-packages/airflow/example_dags/example_branch_labels.py
[2025-01-15T01:03:14.065+0000] {logging_mixin.py:137} INFO - [2025-01-15T01:03:14.065+0000] {dag.py:2690} INFO - Sync 1 DAGs
[2025-01-15T01:03:14.076+0000] {logging_mixin.py:137} INFO - [2025-01-15T01:03:14.076+0000] {dag.py:3441} INFO - Setting next_dagrun for example_branch_labels to 2025-01-14T00:00:00+00:00, run_after=2025-01-15T00:00:00+00:00
[2025-01-15T01:03:14.083+0000] {processor.py:175} INFO - Processing /home/airflow/.local/lib/python3.7/site-packages/airflow/example_dags/example_branch_labels.py took 0.036 seconds
