[2025-01-15T00:05:41.789+0000] {processor.py:153} INFO - Started process (PID=48073) to work on /home/airflow/.local/lib/python3.7/site-packages/airflow/example_dags/example_datasets.py
[2025-01-15T00:05:41.789+0000] {processor.py:743} INFO - Processing file /home/airflow/.local/lib/python3.7/site-packages/airflow/example_dags/example_datasets.py for tasks to queue
[2025-01-15T00:05:41.789+0000] {logging_mixin.py:137} INFO - [2025-01-15T00:05:41.789+0000] {dagbag.py:538} INFO - Filling up the DagBag from /home/airflow/.local/lib/python3.7/site-packages/airflow/example_dags/example_datasets.py
[2025-01-15T00:05:41.797+0000] {processor.py:753} INFO - DAG(s) dict_keys(['dataset_consumes_unknown_never_scheduled', 'dataset_consumes_1_and_2', 'dataset_produces_1', 'dataset_consumes_1', 'dataset_produces_2', 'dataset_consumes_1_never_scheduled']) retrieved from /home/airflow/.local/lib/python3.7/site-packages/airflow/example_dags/example_datasets.py
[2025-01-15T00:05:41.829+0000] {logging_mixin.py:137} INFO - [2025-01-15T00:05:41.829+0000] {dag.py:2690} INFO - Sync 6 DAGs
[2025-01-15T00:05:41.841+0000] {logging_mixin.py:137} INFO - [2025-01-15T00:05:41.841+0000] {dag.py:3441} INFO - Setting next_dagrun for dataset_consumes_1 to None, run_after=None
[2025-01-15T00:05:41.842+0000] {logging_mixin.py:137} INFO - [2025-01-15T00:05:41.842+0000] {dag.py:3441} INFO - Setting next_dagrun for dataset_consumes_1_and_2 to None, run_after=None
[2025-01-15T00:05:41.843+0000] {logging_mixin.py:137} INFO - [2025-01-15T00:05:41.843+0000] {dag.py:3441} INFO - Setting next_dagrun for dataset_consumes_1_never_scheduled to None, run_after=None
[2025-01-15T00:05:41.843+0000] {logging_mixin.py:137} INFO - [2025-01-15T00:05:41.843+0000] {dag.py:3441} INFO - Setting next_dagrun for dataset_consumes_unknown_never_scheduled to None, run_after=None
[2025-01-15T00:05:41.845+0000] {logging_mixin.py:137} INFO - [2025-01-15T00:05:41.844+0000] {dag.py:3441} INFO - Setting next_dagrun for dataset_produces_1 to 2025-01-14T00:00:00+00:00, run_after=2025-01-15T00:00:00+00:00
[2025-01-15T00:05:41.845+0000] {logging_mixin.py:137} INFO - [2025-01-15T00:05:41.845+0000] {dag.py:3441} INFO - Setting next_dagrun for dataset_produces_2 to None, run_after=None
[2025-01-15T00:05:41.865+0000] {processor.py:175} INFO - Processing /home/airflow/.local/lib/python3.7/site-packages/airflow/example_dags/example_datasets.py took 0.078 seconds
[2025-01-15T00:06:12.376+0000] {processor.py:153} INFO - Started process (PID=48168) to work on /home/airflow/.local/lib/python3.7/site-packages/airflow/example_dags/example_datasets.py
[2025-01-15T00:06:12.377+0000] {processor.py:743} INFO - Processing file /home/airflow/.local/lib/python3.7/site-packages/airflow/example_dags/example_datasets.py for tasks to queue
[2025-01-15T00:06:12.380+0000] {logging_mixin.py:137} INFO - [2025-01-15T00:06:12.380+0000] {dagbag.py:538} INFO - Filling up the DagBag from /home/airflow/.local/lib/python3.7/site-packages/airflow/example_dags/example_datasets.py
[2025-01-15T00:06:12.387+0000] {processor.py:753} INFO - DAG(s) dict_keys(['dataset_consumes_1_and_2', 'dataset_consumes_unknown_never_scheduled', 'dataset_produces_1', 'dataset_consumes_1', 'dataset_produces_2', 'dataset_consumes_1_never_scheduled']) retrieved from /home/airflow/.local/lib/python3.7/site-packages/airflow/example_dags/example_datasets.py
[2025-01-15T00:06:12.412+0000] {logging_mixin.py:137} INFO - [2025-01-15T00:06:12.412+0000] {dag.py:2690} INFO - Sync 6 DAGs
[2025-01-15T00:06:12.486+0000] {logging_mixin.py:137} INFO - [2025-01-15T00:06:12.486+0000] {dag.py:3441} INFO - Setting next_dagrun for dataset_consumes_1 to None, run_after=None
[2025-01-15T00:06:12.488+0000] {logging_mixin.py:137} INFO - [2025-01-15T00:06:12.488+0000] {dag.py:3441} INFO - Setting next_dagrun for dataset_consumes_1_and_2 to None, run_after=None
[2025-01-15T00:06:12.489+0000] {logging_mixin.py:137} INFO - [2025-01-15T00:06:12.489+0000] {dag.py:3441} INFO - Setting next_dagrun for dataset_consumes_1_never_scheduled to None, run_after=None
[2025-01-15T00:06:12.489+0000] {logging_mixin.py:137} INFO - [2025-01-15T00:06:12.489+0000] {dag.py:3441} INFO - Setting next_dagrun for dataset_consumes_unknown_never_scheduled to None, run_after=None
[2025-01-15T00:06:12.490+0000] {logging_mixin.py:137} INFO - [2025-01-15T00:06:12.490+0000] {dag.py:3441} INFO - Setting next_dagrun for dataset_produces_1 to 2025-01-14T00:00:00+00:00, run_after=2025-01-15T00:00:00+00:00
[2025-01-15T00:06:12.491+0000] {logging_mixin.py:137} INFO - [2025-01-15T00:06:12.491+0000] {dag.py:3441} INFO - Setting next_dagrun for dataset_produces_2 to None, run_after=None
[2025-01-15T00:06:12.505+0000] {processor.py:175} INFO - Processing /home/airflow/.local/lib/python3.7/site-packages/airflow/example_dags/example_datasets.py took 0.131 seconds
[2025-01-15T00:19:18.413+0000] {processor.py:153} INFO - Started process (PID=48244) to work on /home/airflow/.local/lib/python3.7/site-packages/airflow/example_dags/example_datasets.py
[2025-01-15T00:19:18.414+0000] {processor.py:743} INFO - Processing file /home/airflow/.local/lib/python3.7/site-packages/airflow/example_dags/example_datasets.py for tasks to queue
[2025-01-15T00:19:18.414+0000] {logging_mixin.py:137} INFO - [2025-01-15T00:19:18.414+0000] {dagbag.py:538} INFO - Filling up the DagBag from /home/airflow/.local/lib/python3.7/site-packages/airflow/example_dags/example_datasets.py
[2025-01-15T00:19:18.420+0000] {processor.py:753} INFO - DAG(s) dict_keys(['dataset_consumes_1', 'dataset_produces_1', 'dataset_consumes_1_never_scheduled', 'dataset_consumes_unknown_never_scheduled', 'dataset_consumes_1_and_2', 'dataset_produces_2']) retrieved from /home/airflow/.local/lib/python3.7/site-packages/airflow/example_dags/example_datasets.py
[2025-01-15T00:19:18.444+0000] {logging_mixin.py:137} INFO - [2025-01-15T00:19:18.444+0000] {dag.py:2690} INFO - Sync 6 DAGs
[2025-01-15T00:19:18.454+0000] {logging_mixin.py:137} INFO - [2025-01-15T00:19:18.454+0000] {dag.py:3441} INFO - Setting next_dagrun for dataset_consumes_1 to None, run_after=None
[2025-01-15T00:19:18.455+0000] {logging_mixin.py:137} INFO - [2025-01-15T00:19:18.455+0000] {dag.py:3441} INFO - Setting next_dagrun for dataset_consumes_1_and_2 to None, run_after=None
[2025-01-15T00:19:18.456+0000] {logging_mixin.py:137} INFO - [2025-01-15T00:19:18.456+0000] {dag.py:3441} INFO - Setting next_dagrun for dataset_consumes_1_never_scheduled to None, run_after=None
[2025-01-15T00:19:18.456+0000] {logging_mixin.py:137} INFO - [2025-01-15T00:19:18.456+0000] {dag.py:3441} INFO - Setting next_dagrun for dataset_consumes_unknown_never_scheduled to None, run_after=None
[2025-01-15T00:19:18.457+0000] {logging_mixin.py:137} INFO - [2025-01-15T00:19:18.457+0000] {dag.py:3441} INFO - Setting next_dagrun for dataset_produces_1 to 2025-01-14T00:00:00+00:00, run_after=2025-01-15T00:00:00+00:00
[2025-01-15T00:19:18.458+0000] {logging_mixin.py:137} INFO - [2025-01-15T00:19:18.457+0000] {dag.py:3441} INFO - Setting next_dagrun for dataset_produces_2 to None, run_after=None
[2025-01-15T00:19:18.469+0000] {processor.py:175} INFO - Processing /home/airflow/.local/lib/python3.7/site-packages/airflow/example_dags/example_datasets.py took 0.057 seconds
[2025-01-15T00:19:49.099+0000] {processor.py:153} INFO - Started process (PID=48336) to work on /home/airflow/.local/lib/python3.7/site-packages/airflow/example_dags/example_datasets.py
[2025-01-15T00:19:49.100+0000] {processor.py:743} INFO - Processing file /home/airflow/.local/lib/python3.7/site-packages/airflow/example_dags/example_datasets.py for tasks to queue
[2025-01-15T00:19:49.100+0000] {logging_mixin.py:137} INFO - [2025-01-15T00:19:49.100+0000] {dagbag.py:538} INFO - Filling up the DagBag from /home/airflow/.local/lib/python3.7/site-packages/airflow/example_dags/example_datasets.py
[2025-01-15T00:19:49.106+0000] {processor.py:753} INFO - DAG(s) dict_keys(['dataset_consumes_1_and_2', 'dataset_produces_1', 'dataset_consumes_unknown_never_scheduled', 'dataset_produces_2', 'dataset_consumes_1_never_scheduled', 'dataset_consumes_1']) retrieved from /home/airflow/.local/lib/python3.7/site-packages/airflow/example_dags/example_datasets.py
[2025-01-15T00:19:49.124+0000] {logging_mixin.py:137} INFO - [2025-01-15T00:19:49.124+0000] {dag.py:2690} INFO - Sync 6 DAGs
[2025-01-15T00:19:49.136+0000] {logging_mixin.py:137} INFO - [2025-01-15T00:19:49.136+0000] {dag.py:3441} INFO - Setting next_dagrun for dataset_consumes_1 to None, run_after=None
[2025-01-15T00:19:49.139+0000] {logging_mixin.py:137} INFO - [2025-01-15T00:19:49.138+0000] {dag.py:3441} INFO - Setting next_dagrun for dataset_consumes_1_and_2 to None, run_after=None
[2025-01-15T00:19:49.142+0000] {logging_mixin.py:137} INFO - [2025-01-15T00:19:49.142+0000] {dag.py:3441} INFO - Setting next_dagrun for dataset_consumes_1_never_scheduled to None, run_after=None
[2025-01-15T00:19:49.143+0000] {logging_mixin.py:137} INFO - [2025-01-15T00:19:49.143+0000] {dag.py:3441} INFO - Setting next_dagrun for dataset_consumes_unknown_never_scheduled to None, run_after=None
[2025-01-15T00:19:49.146+0000] {logging_mixin.py:137} INFO - [2025-01-15T00:19:49.146+0000] {dag.py:3441} INFO - Setting next_dagrun for dataset_produces_1 to 2025-01-14T00:00:00+00:00, run_after=2025-01-15T00:00:00+00:00
[2025-01-15T00:19:49.147+0000] {logging_mixin.py:137} INFO - [2025-01-15T00:19:49.147+0000] {dag.py:3441} INFO - Setting next_dagrun for dataset_produces_2 to None, run_after=None
[2025-01-15T00:19:49.162+0000] {processor.py:175} INFO - Processing /home/airflow/.local/lib/python3.7/site-packages/airflow/example_dags/example_datasets.py took 0.064 seconds
[2025-01-15T00:20:19.949+0000] {processor.py:153} INFO - Started process (PID=48428) to work on /home/airflow/.local/lib/python3.7/site-packages/airflow/example_dags/example_datasets.py
[2025-01-15T00:20:19.949+0000] {processor.py:743} INFO - Processing file /home/airflow/.local/lib/python3.7/site-packages/airflow/example_dags/example_datasets.py for tasks to queue
[2025-01-15T00:20:19.950+0000] {logging_mixin.py:137} INFO - [2025-01-15T00:20:19.950+0000] {dagbag.py:538} INFO - Filling up the DagBag from /home/airflow/.local/lib/python3.7/site-packages/airflow/example_dags/example_datasets.py
[2025-01-15T00:20:19.957+0000] {processor.py:753} INFO - DAG(s) dict_keys(['dataset_consumes_1', 'dataset_consumes_1_never_scheduled', 'dataset_consumes_unknown_never_scheduled', 'dataset_consumes_1_and_2', 'dataset_produces_1', 'dataset_produces_2']) retrieved from /home/airflow/.local/lib/python3.7/site-packages/airflow/example_dags/example_datasets.py
[2025-01-15T00:20:19.973+0000] {logging_mixin.py:137} INFO - [2025-01-15T00:20:19.973+0000] {dag.py:2690} INFO - Sync 6 DAGs
[2025-01-15T00:20:19.983+0000] {logging_mixin.py:137} INFO - [2025-01-15T00:20:19.983+0000] {dag.py:3441} INFO - Setting next_dagrun for dataset_consumes_1 to None, run_after=None
[2025-01-15T00:20:19.985+0000] {logging_mixin.py:137} INFO - [2025-01-15T00:20:19.985+0000] {dag.py:3441} INFO - Setting next_dagrun for dataset_consumes_1_and_2 to None, run_after=None
[2025-01-15T00:20:19.986+0000] {logging_mixin.py:137} INFO - [2025-01-15T00:20:19.986+0000] {dag.py:3441} INFO - Setting next_dagrun for dataset_consumes_1_never_scheduled to None, run_after=None
[2025-01-15T00:20:19.987+0000] {logging_mixin.py:137} INFO - [2025-01-15T00:20:19.987+0000] {dag.py:3441} INFO - Setting next_dagrun for dataset_consumes_unknown_never_scheduled to None, run_after=None
[2025-01-15T00:20:19.988+0000] {logging_mixin.py:137} INFO - [2025-01-15T00:20:19.988+0000] {dag.py:3441} INFO - Setting next_dagrun for dataset_produces_1 to 2025-01-14T00:00:00+00:00, run_after=2025-01-15T00:00:00+00:00
[2025-01-15T00:20:19.988+0000] {logging_mixin.py:137} INFO - [2025-01-15T00:20:19.988+0000] {dag.py:3441} INFO - Setting next_dagrun for dataset_produces_2 to None, run_after=None
[2025-01-15T00:20:20.072+0000] {processor.py:175} INFO - Processing /home/airflow/.local/lib/python3.7/site-packages/airflow/example_dags/example_datasets.py took 0.125 seconds
[2025-01-15T00:23:10.159+0000] {processor.py:153} INFO - Started process (PID=48519) to work on /home/airflow/.local/lib/python3.7/site-packages/airflow/example_dags/example_datasets.py
[2025-01-15T00:23:10.163+0000] {processor.py:743} INFO - Processing file /home/airflow/.local/lib/python3.7/site-packages/airflow/example_dags/example_datasets.py for tasks to queue
[2025-01-15T00:23:10.163+0000] {logging_mixin.py:137} INFO - [2025-01-15T00:23:10.163+0000] {dagbag.py:538} INFO - Filling up the DagBag from /home/airflow/.local/lib/python3.7/site-packages/airflow/example_dags/example_datasets.py
[2025-01-15T00:23:10.172+0000] {processor.py:753} INFO - DAG(s) dict_keys(['dataset_consumes_1', 'dataset_consumes_unknown_never_scheduled', 'dataset_consumes_1_never_scheduled', 'dataset_consumes_1_and_2', 'dataset_produces_2', 'dataset_produces_1']) retrieved from /home/airflow/.local/lib/python3.7/site-packages/airflow/example_dags/example_datasets.py
[2025-01-15T00:23:10.192+0000] {logging_mixin.py:137} INFO - [2025-01-15T00:23:10.192+0000] {dag.py:2690} INFO - Sync 6 DAGs
[2025-01-15T00:23:10.299+0000] {logging_mixin.py:137} INFO - [2025-01-15T00:23:10.299+0000] {dag.py:3441} INFO - Setting next_dagrun for dataset_consumes_1 to None, run_after=None
[2025-01-15T00:23:10.303+0000] {logging_mixin.py:137} INFO - [2025-01-15T00:23:10.303+0000] {dag.py:3441} INFO - Setting next_dagrun for dataset_consumes_1_and_2 to None, run_after=None
[2025-01-15T00:23:10.304+0000] {logging_mixin.py:137} INFO - [2025-01-15T00:23:10.304+0000] {dag.py:3441} INFO - Setting next_dagrun for dataset_consumes_1_never_scheduled to None, run_after=None
[2025-01-15T00:23:10.305+0000] {logging_mixin.py:137} INFO - [2025-01-15T00:23:10.305+0000] {dag.py:3441} INFO - Setting next_dagrun for dataset_consumes_unknown_never_scheduled to None, run_after=None
[2025-01-15T00:23:10.306+0000] {logging_mixin.py:137} INFO - [2025-01-15T00:23:10.306+0000] {dag.py:3441} INFO - Setting next_dagrun for dataset_produces_1 to 2025-01-14T00:00:00+00:00, run_after=2025-01-15T00:00:00+00:00
[2025-01-15T00:23:10.307+0000] {logging_mixin.py:137} INFO - [2025-01-15T00:23:10.307+0000] {dag.py:3441} INFO - Setting next_dagrun for dataset_produces_2 to None, run_after=None
[2025-01-15T00:23:10.323+0000] {processor.py:175} INFO - Processing /home/airflow/.local/lib/python3.7/site-packages/airflow/example_dags/example_datasets.py took 0.166 seconds
[2025-01-15T00:23:40.907+0000] {processor.py:153} INFO - Started process (PID=48595) to work on /home/airflow/.local/lib/python3.7/site-packages/airflow/example_dags/example_datasets.py
[2025-01-15T00:23:40.908+0000] {processor.py:743} INFO - Processing file /home/airflow/.local/lib/python3.7/site-packages/airflow/example_dags/example_datasets.py for tasks to queue
[2025-01-15T00:23:40.908+0000] {logging_mixin.py:137} INFO - [2025-01-15T00:23:40.908+0000] {dagbag.py:538} INFO - Filling up the DagBag from /home/airflow/.local/lib/python3.7/site-packages/airflow/example_dags/example_datasets.py
[2025-01-15T00:23:40.914+0000] {processor.py:753} INFO - DAG(s) dict_keys(['dataset_consumes_1_never_scheduled', 'dataset_consumes_1', 'dataset_produces_1', 'dataset_consumes_1_and_2', 'dataset_consumes_unknown_never_scheduled', 'dataset_produces_2']) retrieved from /home/airflow/.local/lib/python3.7/site-packages/airflow/example_dags/example_datasets.py
[2025-01-15T00:23:40.936+0000] {logging_mixin.py:137} INFO - [2025-01-15T00:23:40.936+0000] {dag.py:2690} INFO - Sync 6 DAGs
[2025-01-15T00:23:40.947+0000] {logging_mixin.py:137} INFO - [2025-01-15T00:23:40.947+0000] {dag.py:3441} INFO - Setting next_dagrun for dataset_consumes_1 to None, run_after=None
[2025-01-15T00:23:40.949+0000] {logging_mixin.py:137} INFO - [2025-01-15T00:23:40.949+0000] {dag.py:3441} INFO - Setting next_dagrun for dataset_consumes_1_and_2 to None, run_after=None
[2025-01-15T00:23:40.949+0000] {logging_mixin.py:137} INFO - [2025-01-15T00:23:40.949+0000] {dag.py:3441} INFO - Setting next_dagrun for dataset_consumes_1_never_scheduled to None, run_after=None
[2025-01-15T00:23:40.950+0000] {logging_mixin.py:137} INFO - [2025-01-15T00:23:40.950+0000] {dag.py:3441} INFO - Setting next_dagrun for dataset_consumes_unknown_never_scheduled to None, run_after=None
[2025-01-15T00:23:40.951+0000] {logging_mixin.py:137} INFO - [2025-01-15T00:23:40.951+0000] {dag.py:3441} INFO - Setting next_dagrun for dataset_produces_1 to 2025-01-14T00:00:00+00:00, run_after=2025-01-15T00:00:00+00:00
[2025-01-15T00:23:40.953+0000] {logging_mixin.py:137} INFO - [2025-01-15T00:23:40.953+0000] {dag.py:3441} INFO - Setting next_dagrun for dataset_produces_2 to None, run_after=None
[2025-01-15T00:23:40.968+0000] {processor.py:175} INFO - Processing /home/airflow/.local/lib/python3.7/site-packages/airflow/example_dags/example_datasets.py took 0.063 seconds
[2025-01-15T00:24:20.307+0000] {processor.py:153} INFO - Started process (PID=48687) to work on /home/airflow/.local/lib/python3.7/site-packages/airflow/example_dags/example_datasets.py
[2025-01-15T00:24:20.307+0000] {processor.py:743} INFO - Processing file /home/airflow/.local/lib/python3.7/site-packages/airflow/example_dags/example_datasets.py for tasks to queue
[2025-01-15T00:24:20.307+0000] {logging_mixin.py:137} INFO - [2025-01-15T00:24:20.307+0000] {dagbag.py:538} INFO - Filling up the DagBag from /home/airflow/.local/lib/python3.7/site-packages/airflow/example_dags/example_datasets.py
[2025-01-15T00:24:20.315+0000] {processor.py:753} INFO - DAG(s) dict_keys(['dataset_produces_2', 'dataset_consumes_1_and_2', 'dataset_produces_1', 'dataset_consumes_unknown_never_scheduled', 'dataset_consumes_1', 'dataset_consumes_1_never_scheduled']) retrieved from /home/airflow/.local/lib/python3.7/site-packages/airflow/example_dags/example_datasets.py
[2025-01-15T00:24:20.332+0000] {logging_mixin.py:137} INFO - [2025-01-15T00:24:20.332+0000] {dag.py:2690} INFO - Sync 6 DAGs
[2025-01-15T00:24:20.342+0000] {logging_mixin.py:137} INFO - [2025-01-15T00:24:20.342+0000] {dag.py:3441} INFO - Setting next_dagrun for dataset_consumes_1 to None, run_after=None
[2025-01-15T00:24:20.346+0000] {logging_mixin.py:137} INFO - [2025-01-15T00:24:20.346+0000] {dag.py:3441} INFO - Setting next_dagrun for dataset_consumes_1_and_2 to None, run_after=None
[2025-01-15T00:24:20.347+0000] {logging_mixin.py:137} INFO - [2025-01-15T00:24:20.347+0000] {dag.py:3441} INFO - Setting next_dagrun for dataset_consumes_1_never_scheduled to None, run_after=None
[2025-01-15T00:24:20.348+0000] {logging_mixin.py:137} INFO - [2025-01-15T00:24:20.348+0000] {dag.py:3441} INFO - Setting next_dagrun for dataset_consumes_unknown_never_scheduled to None, run_after=None
[2025-01-15T00:24:20.349+0000] {logging_mixin.py:137} INFO - [2025-01-15T00:24:20.349+0000] {dag.py:3441} INFO - Setting next_dagrun for dataset_produces_1 to 2025-01-14T00:00:00+00:00, run_after=2025-01-15T00:00:00+00:00
[2025-01-15T00:24:20.350+0000] {logging_mixin.py:137} INFO - [2025-01-15T00:24:20.350+0000] {dag.py:3441} INFO - Setting next_dagrun for dataset_produces_2 to None, run_after=None
[2025-01-15T00:24:20.437+0000] {processor.py:175} INFO - Processing /home/airflow/.local/lib/python3.7/site-packages/airflow/example_dags/example_datasets.py took 0.131 seconds
[2025-01-15T00:24:50.945+0000] {processor.py:153} INFO - Started process (PID=48779) to work on /home/airflow/.local/lib/python3.7/site-packages/airflow/example_dags/example_datasets.py
[2025-01-15T00:24:50.946+0000] {processor.py:743} INFO - Processing file /home/airflow/.local/lib/python3.7/site-packages/airflow/example_dags/example_datasets.py for tasks to queue
[2025-01-15T00:24:50.946+0000] {logging_mixin.py:137} INFO - [2025-01-15T00:24:50.946+0000] {dagbag.py:538} INFO - Filling up the DagBag from /home/airflow/.local/lib/python3.7/site-packages/airflow/example_dags/example_datasets.py
[2025-01-15T00:24:50.951+0000] {processor.py:753} INFO - DAG(s) dict_keys(['dataset_produces_2', 'dataset_produces_1', 'dataset_consumes_1_and_2', 'dataset_consumes_unknown_never_scheduled', 'dataset_consumes_1_never_scheduled', 'dataset_consumes_1']) retrieved from /home/airflow/.local/lib/python3.7/site-packages/airflow/example_dags/example_datasets.py
[2025-01-15T00:24:50.965+0000] {logging_mixin.py:137} INFO - [2025-01-15T00:24:50.965+0000] {dag.py:2690} INFO - Sync 6 DAGs
[2025-01-15T00:24:51.030+0000] {logging_mixin.py:137} INFO - [2025-01-15T00:24:51.030+0000] {dag.py:3441} INFO - Setting next_dagrun for dataset_consumes_1 to None, run_after=None
[2025-01-15T00:24:51.031+0000] {logging_mixin.py:137} INFO - [2025-01-15T00:24:51.031+0000] {dag.py:3441} INFO - Setting next_dagrun for dataset_consumes_1_and_2 to None, run_after=None
[2025-01-15T00:24:51.032+0000] {logging_mixin.py:137} INFO - [2025-01-15T00:24:51.032+0000] {dag.py:3441} INFO - Setting next_dagrun for dataset_consumes_1_never_scheduled to None, run_after=None
[2025-01-15T00:24:51.032+0000] {logging_mixin.py:137} INFO - [2025-01-15T00:24:51.032+0000] {dag.py:3441} INFO - Setting next_dagrun for dataset_consumes_unknown_never_scheduled to None, run_after=None
[2025-01-15T00:24:51.033+0000] {logging_mixin.py:137} INFO - [2025-01-15T00:24:51.033+0000] {dag.py:3441} INFO - Setting next_dagrun for dataset_produces_1 to 2025-01-14T00:00:00+00:00, run_after=2025-01-15T00:00:00+00:00
[2025-01-15T00:24:51.033+0000] {logging_mixin.py:137} INFO - [2025-01-15T00:24:51.033+0000] {dag.py:3441} INFO - Setting next_dagrun for dataset_produces_2 to None, run_after=None
[2025-01-15T00:24:51.044+0000] {processor.py:175} INFO - Processing /home/airflow/.local/lib/python3.7/site-packages/airflow/example_dags/example_datasets.py took 0.100 seconds
[2025-01-15T00:25:21.737+0000] {processor.py:153} INFO - Started process (PID=48855) to work on /home/airflow/.local/lib/python3.7/site-packages/airflow/example_dags/example_datasets.py
[2025-01-15T00:25:21.737+0000] {processor.py:743} INFO - Processing file /home/airflow/.local/lib/python3.7/site-packages/airflow/example_dags/example_datasets.py for tasks to queue
[2025-01-15T00:25:21.737+0000] {logging_mixin.py:137} INFO - [2025-01-15T00:25:21.737+0000] {dagbag.py:538} INFO - Filling up the DagBag from /home/airflow/.local/lib/python3.7/site-packages/airflow/example_dags/example_datasets.py
[2025-01-15T00:25:21.744+0000] {processor.py:753} INFO - DAG(s) dict_keys(['dataset_produces_1', 'dataset_consumes_unknown_never_scheduled', 'dataset_consumes_1', 'dataset_consumes_1_never_scheduled', 'dataset_consumes_1_and_2', 'dataset_produces_2']) retrieved from /home/airflow/.local/lib/python3.7/site-packages/airflow/example_dags/example_datasets.py
[2025-01-15T00:25:21.761+0000] {logging_mixin.py:137} INFO - [2025-01-15T00:25:21.761+0000] {dag.py:2690} INFO - Sync 6 DAGs
[2025-01-15T00:25:21.773+0000] {logging_mixin.py:137} INFO - [2025-01-15T00:25:21.773+0000] {dag.py:3441} INFO - Setting next_dagrun for dataset_consumes_1 to None, run_after=None
[2025-01-15T00:25:21.774+0000] {logging_mixin.py:137} INFO - [2025-01-15T00:25:21.774+0000] {dag.py:3441} INFO - Setting next_dagrun for dataset_consumes_1_and_2 to None, run_after=None
[2025-01-15T00:25:21.775+0000] {logging_mixin.py:137} INFO - [2025-01-15T00:25:21.775+0000] {dag.py:3441} INFO - Setting next_dagrun for dataset_consumes_1_never_scheduled to None, run_after=None
[2025-01-15T00:25:21.775+0000] {logging_mixin.py:137} INFO - [2025-01-15T00:25:21.775+0000] {dag.py:3441} INFO - Setting next_dagrun for dataset_consumes_unknown_never_scheduled to None, run_after=None
[2025-01-15T00:25:21.776+0000] {logging_mixin.py:137} INFO - [2025-01-15T00:25:21.776+0000] {dag.py:3441} INFO - Setting next_dagrun for dataset_produces_1 to 2025-01-14T00:00:00+00:00, run_after=2025-01-15T00:00:00+00:00
[2025-01-15T00:25:21.777+0000] {logging_mixin.py:137} INFO - [2025-01-15T00:25:21.777+0000] {dag.py:3441} INFO - Setting next_dagrun for dataset_produces_2 to None, run_after=None
[2025-01-15T00:25:21.790+0000] {processor.py:175} INFO - Processing /home/airflow/.local/lib/python3.7/site-packages/airflow/example_dags/example_datasets.py took 0.054 seconds
[2025-01-15T00:34:05.153+0000] {processor.py:153} INFO - Started process (PID=48946) to work on /home/airflow/.local/lib/python3.7/site-packages/airflow/example_dags/example_datasets.py
[2025-01-15T00:34:05.154+0000] {processor.py:743} INFO - Processing file /home/airflow/.local/lib/python3.7/site-packages/airflow/example_dags/example_datasets.py for tasks to queue
[2025-01-15T00:34:05.156+0000] {logging_mixin.py:137} INFO - [2025-01-15T00:34:05.156+0000] {dagbag.py:538} INFO - Filling up the DagBag from /home/airflow/.local/lib/python3.7/site-packages/airflow/example_dags/example_datasets.py
[2025-01-15T00:34:05.171+0000] {processor.py:753} INFO - DAG(s) dict_keys(['dataset_consumes_1_and_2', 'dataset_consumes_unknown_never_scheduled', 'dataset_produces_1', 'dataset_produces_2', 'dataset_consumes_1_never_scheduled', 'dataset_consumes_1']) retrieved from /home/airflow/.local/lib/python3.7/site-packages/airflow/example_dags/example_datasets.py
[2025-01-15T00:34:05.209+0000] {logging_mixin.py:137} INFO - [2025-01-15T00:34:05.209+0000] {dag.py:2690} INFO - Sync 6 DAGs
[2025-01-15T00:34:05.233+0000] {logging_mixin.py:137} INFO - [2025-01-15T00:34:05.233+0000] {dag.py:3441} INFO - Setting next_dagrun for dataset_consumes_1 to None, run_after=None
[2025-01-15T00:34:05.236+0000] {logging_mixin.py:137} INFO - [2025-01-15T00:34:05.236+0000] {dag.py:3441} INFO - Setting next_dagrun for dataset_consumes_1_and_2 to None, run_after=None
[2025-01-15T00:34:05.238+0000] {logging_mixin.py:137} INFO - [2025-01-15T00:34:05.238+0000] {dag.py:3441} INFO - Setting next_dagrun for dataset_consumes_1_never_scheduled to None, run_after=None
[2025-01-15T00:34:05.239+0000] {logging_mixin.py:137} INFO - [2025-01-15T00:34:05.239+0000] {dag.py:3441} INFO - Setting next_dagrun for dataset_consumes_unknown_never_scheduled to None, run_after=None
[2025-01-15T00:34:05.242+0000] {logging_mixin.py:137} INFO - [2025-01-15T00:34:05.241+0000] {dag.py:3441} INFO - Setting next_dagrun for dataset_produces_1 to 2025-01-14T00:00:00+00:00, run_after=2025-01-15T00:00:00+00:00
[2025-01-15T00:34:05.244+0000] {logging_mixin.py:137} INFO - [2025-01-15T00:34:05.244+0000] {dag.py:3441} INFO - Setting next_dagrun for dataset_produces_2 to None, run_after=None
[2025-01-15T00:34:05.285+0000] {processor.py:175} INFO - Processing /home/airflow/.local/lib/python3.7/site-packages/airflow/example_dags/example_datasets.py took 0.136 seconds
[2025-01-15T00:34:35.718+0000] {processor.py:153} INFO - Started process (PID=49038) to work on /home/airflow/.local/lib/python3.7/site-packages/airflow/example_dags/example_datasets.py
[2025-01-15T00:34:35.718+0000] {processor.py:743} INFO - Processing file /home/airflow/.local/lib/python3.7/site-packages/airflow/example_dags/example_datasets.py for tasks to queue
[2025-01-15T00:34:35.718+0000] {logging_mixin.py:137} INFO - [2025-01-15T00:34:35.718+0000] {dagbag.py:538} INFO - Filling up the DagBag from /home/airflow/.local/lib/python3.7/site-packages/airflow/example_dags/example_datasets.py
[2025-01-15T00:34:35.725+0000] {processor.py:753} INFO - DAG(s) dict_keys(['dataset_consumes_1_never_scheduled', 'dataset_consumes_1', 'dataset_consumes_1_and_2', 'dataset_produces_2', 'dataset_consumes_unknown_never_scheduled', 'dataset_produces_1']) retrieved from /home/airflow/.local/lib/python3.7/site-packages/airflow/example_dags/example_datasets.py
[2025-01-15T00:34:35.740+0000] {logging_mixin.py:137} INFO - [2025-01-15T00:34:35.740+0000] {dag.py:2690} INFO - Sync 6 DAGs
[2025-01-15T00:34:35.816+0000] {logging_mixin.py:137} INFO - [2025-01-15T00:34:35.816+0000] {dag.py:3441} INFO - Setting next_dagrun for dataset_consumes_1 to None, run_after=None
[2025-01-15T00:34:35.820+0000] {logging_mixin.py:137} INFO - [2025-01-15T00:34:35.820+0000] {dag.py:3441} INFO - Setting next_dagrun for dataset_consumes_1_and_2 to None, run_after=None
[2025-01-15T00:34:35.821+0000] {logging_mixin.py:137} INFO - [2025-01-15T00:34:35.821+0000] {dag.py:3441} INFO - Setting next_dagrun for dataset_consumes_1_never_scheduled to None, run_after=None
[2025-01-15T00:34:35.822+0000] {logging_mixin.py:137} INFO - [2025-01-15T00:34:35.822+0000] {dag.py:3441} INFO - Setting next_dagrun for dataset_consumes_unknown_never_scheduled to None, run_after=None
[2025-01-15T00:34:35.825+0000] {logging_mixin.py:137} INFO - [2025-01-15T00:34:35.825+0000] {dag.py:3441} INFO - Setting next_dagrun for dataset_produces_1 to 2025-01-14T00:00:00+00:00, run_after=2025-01-15T00:00:00+00:00
[2025-01-15T00:34:35.829+0000] {logging_mixin.py:137} INFO - [2025-01-15T00:34:35.829+0000] {dag.py:3441} INFO - Setting next_dagrun for dataset_produces_2 to None, run_after=None
[2025-01-15T00:34:35.841+0000] {processor.py:175} INFO - Processing /home/airflow/.local/lib/python3.7/site-packages/airflow/example_dags/example_datasets.py took 0.125 seconds
[2025-01-15T00:39:08.019+0000] {processor.py:153} INFO - Started process (PID=49130) to work on /home/airflow/.local/lib/python3.7/site-packages/airflow/example_dags/example_datasets.py
[2025-01-15T00:39:08.019+0000] {processor.py:743} INFO - Processing file /home/airflow/.local/lib/python3.7/site-packages/airflow/example_dags/example_datasets.py for tasks to queue
[2025-01-15T00:39:08.020+0000] {logging_mixin.py:137} INFO - [2025-01-15T00:39:08.020+0000] {dagbag.py:538} INFO - Filling up the DagBag from /home/airflow/.local/lib/python3.7/site-packages/airflow/example_dags/example_datasets.py
[2025-01-15T00:39:08.027+0000] {processor.py:753} INFO - DAG(s) dict_keys(['dataset_consumes_1', 'dataset_consumes_1_and_2', 'dataset_consumes_unknown_never_scheduled', 'dataset_produces_2', 'dataset_consumes_1_never_scheduled', 'dataset_produces_1']) retrieved from /home/airflow/.local/lib/python3.7/site-packages/airflow/example_dags/example_datasets.py
[2025-01-15T00:39:08.045+0000] {logging_mixin.py:137} INFO - [2025-01-15T00:39:08.045+0000] {dag.py:2690} INFO - Sync 6 DAGs
[2025-01-15T00:39:08.126+0000] {logging_mixin.py:137} INFO - [2025-01-15T00:39:08.126+0000] {dag.py:3441} INFO - Setting next_dagrun for dataset_consumes_1 to None, run_after=None
[2025-01-15T00:39:08.128+0000] {logging_mixin.py:137} INFO - [2025-01-15T00:39:08.128+0000] {dag.py:3441} INFO - Setting next_dagrun for dataset_consumes_1_and_2 to None, run_after=None
[2025-01-15T00:39:08.129+0000] {logging_mixin.py:137} INFO - [2025-01-15T00:39:08.128+0000] {dag.py:3441} INFO - Setting next_dagrun for dataset_consumes_1_never_scheduled to None, run_after=None
[2025-01-15T00:39:08.129+0000] {logging_mixin.py:137} INFO - [2025-01-15T00:39:08.129+0000] {dag.py:3441} INFO - Setting next_dagrun for dataset_consumes_unknown_never_scheduled to None, run_after=None
[2025-01-15T00:39:08.130+0000] {logging_mixin.py:137} INFO - [2025-01-15T00:39:08.130+0000] {dag.py:3441} INFO - Setting next_dagrun for dataset_produces_1 to 2025-01-14T00:00:00+00:00, run_after=2025-01-15T00:00:00+00:00
[2025-01-15T00:39:08.131+0000] {logging_mixin.py:137} INFO - [2025-01-15T00:39:08.131+0000] {dag.py:3441} INFO - Setting next_dagrun for dataset_produces_2 to None, run_after=None
[2025-01-15T00:39:08.143+0000] {processor.py:175} INFO - Processing /home/airflow/.local/lib/python3.7/site-packages/airflow/example_dags/example_datasets.py took 0.125 seconds
[2025-01-15T00:39:38.885+0000] {processor.py:153} INFO - Started process (PID=49206) to work on /home/airflow/.local/lib/python3.7/site-packages/airflow/example_dags/example_datasets.py
[2025-01-15T00:39:38.885+0000] {processor.py:743} INFO - Processing file /home/airflow/.local/lib/python3.7/site-packages/airflow/example_dags/example_datasets.py for tasks to queue
[2025-01-15T00:39:38.885+0000] {logging_mixin.py:137} INFO - [2025-01-15T00:39:38.885+0000] {dagbag.py:538} INFO - Filling up the DagBag from /home/airflow/.local/lib/python3.7/site-packages/airflow/example_dags/example_datasets.py
[2025-01-15T00:39:38.894+0000] {processor.py:753} INFO - DAG(s) dict_keys(['dataset_produces_1', 'dataset_consumes_1_and_2', 'dataset_consumes_1_never_scheduled', 'dataset_produces_2', 'dataset_consumes_1', 'dataset_consumes_unknown_never_scheduled']) retrieved from /home/airflow/.local/lib/python3.7/site-packages/airflow/example_dags/example_datasets.py
[2025-01-15T00:39:38.911+0000] {logging_mixin.py:137} INFO - [2025-01-15T00:39:38.910+0000] {dag.py:2690} INFO - Sync 6 DAGs
[2025-01-15T00:39:38.921+0000] {logging_mixin.py:137} INFO - [2025-01-15T00:39:38.921+0000] {dag.py:3441} INFO - Setting next_dagrun for dataset_consumes_1 to None, run_after=None
[2025-01-15T00:39:38.922+0000] {logging_mixin.py:137} INFO - [2025-01-15T00:39:38.922+0000] {dag.py:3441} INFO - Setting next_dagrun for dataset_consumes_1_and_2 to None, run_after=None
[2025-01-15T00:39:38.923+0000] {logging_mixin.py:137} INFO - [2025-01-15T00:39:38.923+0000] {dag.py:3441} INFO - Setting next_dagrun for dataset_consumes_1_never_scheduled to None, run_after=None
[2025-01-15T00:39:38.923+0000] {logging_mixin.py:137} INFO - [2025-01-15T00:39:38.923+0000] {dag.py:3441} INFO - Setting next_dagrun for dataset_consumes_unknown_never_scheduled to None, run_after=None
[2025-01-15T00:39:38.924+0000] {logging_mixin.py:137} INFO - [2025-01-15T00:39:38.924+0000] {dag.py:3441} INFO - Setting next_dagrun for dataset_produces_1 to 2025-01-14T00:00:00+00:00, run_after=2025-01-15T00:00:00+00:00
[2025-01-15T00:39:38.926+0000] {logging_mixin.py:137} INFO - [2025-01-15T00:39:38.926+0000] {dag.py:3441} INFO - Setting next_dagrun for dataset_produces_2 to None, run_after=None
[2025-01-15T00:39:38.939+0000] {processor.py:175} INFO - Processing /home/airflow/.local/lib/python3.7/site-packages/airflow/example_dags/example_datasets.py took 0.056 seconds
[2025-01-15T00:40:09.931+0000] {processor.py:153} INFO - Started process (PID=49298) to work on /home/airflow/.local/lib/python3.7/site-packages/airflow/example_dags/example_datasets.py
[2025-01-15T00:40:09.931+0000] {processor.py:743} INFO - Processing file /home/airflow/.local/lib/python3.7/site-packages/airflow/example_dags/example_datasets.py for tasks to queue
[2025-01-15T00:40:09.931+0000] {logging_mixin.py:137} INFO - [2025-01-15T00:40:09.931+0000] {dagbag.py:538} INFO - Filling up the DagBag from /home/airflow/.local/lib/python3.7/site-packages/airflow/example_dags/example_datasets.py
[2025-01-15T00:40:09.938+0000] {processor.py:753} INFO - DAG(s) dict_keys(['dataset_consumes_unknown_never_scheduled', 'dataset_consumes_1_never_scheduled', 'dataset_produces_1', 'dataset_produces_2', 'dataset_consumes_1', 'dataset_consumes_1_and_2']) retrieved from /home/airflow/.local/lib/python3.7/site-packages/airflow/example_dags/example_datasets.py
[2025-01-15T00:40:09.956+0000] {logging_mixin.py:137} INFO - [2025-01-15T00:40:09.956+0000] {dag.py:2690} INFO - Sync 6 DAGs
[2025-01-15T00:40:09.967+0000] {logging_mixin.py:137} INFO - [2025-01-15T00:40:09.967+0000] {dag.py:3441} INFO - Setting next_dagrun for dataset_consumes_1 to None, run_after=None
[2025-01-15T00:40:09.971+0000] {logging_mixin.py:137} INFO - [2025-01-15T00:40:09.970+0000] {dag.py:3441} INFO - Setting next_dagrun for dataset_consumes_1_and_2 to None, run_after=None
[2025-01-15T00:40:09.972+0000] {logging_mixin.py:137} INFO - [2025-01-15T00:40:09.972+0000] {dag.py:3441} INFO - Setting next_dagrun for dataset_consumes_1_never_scheduled to None, run_after=None
[2025-01-15T00:40:09.973+0000] {logging_mixin.py:137} INFO - [2025-01-15T00:40:09.973+0000] {dag.py:3441} INFO - Setting next_dagrun for dataset_consumes_unknown_never_scheduled to None, run_after=None
[2025-01-15T00:40:09.976+0000] {logging_mixin.py:137} INFO - [2025-01-15T00:40:09.976+0000] {dag.py:3441} INFO - Setting next_dagrun for dataset_produces_1 to 2025-01-14T00:00:00+00:00, run_after=2025-01-15T00:00:00+00:00
[2025-01-15T00:40:09.977+0000] {logging_mixin.py:137} INFO - [2025-01-15T00:40:09.977+0000] {dag.py:3441} INFO - Setting next_dagrun for dataset_produces_2 to None, run_after=None
[2025-01-15T00:40:10.060+0000] {processor.py:175} INFO - Processing /home/airflow/.local/lib/python3.7/site-packages/airflow/example_dags/example_datasets.py took 0.131 seconds
[2025-01-15T00:46:04.773+0000] {processor.py:153} INFO - Started process (PID=49390) to work on /home/airflow/.local/lib/python3.7/site-packages/airflow/example_dags/example_datasets.py
[2025-01-15T00:46:04.775+0000] {processor.py:743} INFO - Processing file /home/airflow/.local/lib/python3.7/site-packages/airflow/example_dags/example_datasets.py for tasks to queue
[2025-01-15T00:46:04.775+0000] {logging_mixin.py:137} INFO - [2025-01-15T00:46:04.775+0000] {dagbag.py:538} INFO - Filling up the DagBag from /home/airflow/.local/lib/python3.7/site-packages/airflow/example_dags/example_datasets.py
[2025-01-15T00:46:04.782+0000] {processor.py:753} INFO - DAG(s) dict_keys(['dataset_consumes_1', 'dataset_produces_1', 'dataset_consumes_unknown_never_scheduled', 'dataset_consumes_1_never_scheduled', 'dataset_produces_2', 'dataset_consumes_1_and_2']) retrieved from /home/airflow/.local/lib/python3.7/site-packages/airflow/example_dags/example_datasets.py
[2025-01-15T00:46:04.797+0000] {logging_mixin.py:137} INFO - [2025-01-15T00:46:04.797+0000] {dag.py:2690} INFO - Sync 6 DAGs
[2025-01-15T00:46:04.873+0000] {logging_mixin.py:137} INFO - [2025-01-15T00:46:04.873+0000] {dag.py:3441} INFO - Setting next_dagrun for dataset_consumes_1 to None, run_after=None
[2025-01-15T00:46:04.874+0000] {logging_mixin.py:137} INFO - [2025-01-15T00:46:04.874+0000] {dag.py:3441} INFO - Setting next_dagrun for dataset_consumes_1_and_2 to None, run_after=None
[2025-01-15T00:46:04.875+0000] {logging_mixin.py:137} INFO - [2025-01-15T00:46:04.875+0000] {dag.py:3441} INFO - Setting next_dagrun for dataset_consumes_1_never_scheduled to None, run_after=None
[2025-01-15T00:46:04.875+0000] {logging_mixin.py:137} INFO - [2025-01-15T00:46:04.875+0000] {dag.py:3441} INFO - Setting next_dagrun for dataset_consumes_unknown_never_scheduled to None, run_after=None
[2025-01-15T00:46:04.876+0000] {logging_mixin.py:137} INFO - [2025-01-15T00:46:04.876+0000] {dag.py:3441} INFO - Setting next_dagrun for dataset_produces_1 to 2025-01-14T00:00:00+00:00, run_after=2025-01-15T00:00:00+00:00
[2025-01-15T00:46:04.876+0000] {logging_mixin.py:137} INFO - [2025-01-15T00:46:04.876+0000] {dag.py:3441} INFO - Setting next_dagrun for dataset_produces_2 to None, run_after=None
[2025-01-15T00:46:04.894+0000] {processor.py:175} INFO - Processing /home/airflow/.local/lib/python3.7/site-packages/airflow/example_dags/example_datasets.py took 0.122 seconds
[2025-01-15T00:46:35.281+0000] {processor.py:153} INFO - Started process (PID=49475) to work on /home/airflow/.local/lib/python3.7/site-packages/airflow/example_dags/example_datasets.py
[2025-01-15T00:46:35.281+0000] {processor.py:743} INFO - Processing file /home/airflow/.local/lib/python3.7/site-packages/airflow/example_dags/example_datasets.py for tasks to queue
[2025-01-15T00:46:35.281+0000] {logging_mixin.py:137} INFO - [2025-01-15T00:46:35.281+0000] {dagbag.py:538} INFO - Filling up the DagBag from /home/airflow/.local/lib/python3.7/site-packages/airflow/example_dags/example_datasets.py
[2025-01-15T00:46:35.289+0000] {processor.py:753} INFO - DAG(s) dict_keys(['dataset_consumes_1_never_scheduled', 'dataset_consumes_1', 'dataset_produces_1', 'dataset_consumes_1_and_2', 'dataset_consumes_unknown_never_scheduled', 'dataset_produces_2']) retrieved from /home/airflow/.local/lib/python3.7/site-packages/airflow/example_dags/example_datasets.py
[2025-01-15T00:46:35.308+0000] {logging_mixin.py:137} INFO - [2025-01-15T00:46:35.308+0000] {dag.py:2690} INFO - Sync 6 DAGs
[2025-01-15T00:46:35.321+0000] {logging_mixin.py:137} INFO - [2025-01-15T00:46:35.321+0000] {dag.py:3441} INFO - Setting next_dagrun for dataset_consumes_1 to None, run_after=None
[2025-01-15T00:46:35.324+0000] {logging_mixin.py:137} INFO - [2025-01-15T00:46:35.324+0000] {dag.py:3441} INFO - Setting next_dagrun for dataset_consumes_1_and_2 to None, run_after=None
[2025-01-15T00:46:35.324+0000] {logging_mixin.py:137} INFO - [2025-01-15T00:46:35.324+0000] {dag.py:3441} INFO - Setting next_dagrun for dataset_consumes_1_never_scheduled to None, run_after=None
[2025-01-15T00:46:35.325+0000] {logging_mixin.py:137} INFO - [2025-01-15T00:46:35.325+0000] {dag.py:3441} INFO - Setting next_dagrun for dataset_consumes_unknown_never_scheduled to None, run_after=None
[2025-01-15T00:46:35.326+0000] {logging_mixin.py:137} INFO - [2025-01-15T00:46:35.326+0000] {dag.py:3441} INFO - Setting next_dagrun for dataset_produces_1 to 2025-01-14T00:00:00+00:00, run_after=2025-01-15T00:00:00+00:00
[2025-01-15T00:46:35.328+0000] {logging_mixin.py:137} INFO - [2025-01-15T00:46:35.328+0000] {dag.py:3441} INFO - Setting next_dagrun for dataset_produces_2 to None, run_after=None
[2025-01-15T00:46:35.349+0000] {processor.py:175} INFO - Processing /home/airflow/.local/lib/python3.7/site-packages/airflow/example_dags/example_datasets.py took 0.070 seconds
[2025-01-15T00:48:06.676+0000] {processor.py:153} INFO - Started process (PID=49558) to work on /home/airflow/.local/lib/python3.7/site-packages/airflow/example_dags/example_datasets.py
[2025-01-15T00:48:06.676+0000] {processor.py:743} INFO - Processing file /home/airflow/.local/lib/python3.7/site-packages/airflow/example_dags/example_datasets.py for tasks to queue
[2025-01-15T00:48:06.676+0000] {logging_mixin.py:137} INFO - [2025-01-15T00:48:06.676+0000] {dagbag.py:538} INFO - Filling up the DagBag from /home/airflow/.local/lib/python3.7/site-packages/airflow/example_dags/example_datasets.py
[2025-01-15T00:48:06.683+0000] {processor.py:753} INFO - DAG(s) dict_keys(['dataset_consumes_unknown_never_scheduled', 'dataset_produces_2', 'dataset_consumes_1_and_2', 'dataset_consumes_1', 'dataset_produces_1', 'dataset_consumes_1_never_scheduled']) retrieved from /home/airflow/.local/lib/python3.7/site-packages/airflow/example_dags/example_datasets.py
[2025-01-15T00:48:06.699+0000] {logging_mixin.py:137} INFO - [2025-01-15T00:48:06.699+0000] {dag.py:2690} INFO - Sync 6 DAGs
[2025-01-15T00:48:06.710+0000] {logging_mixin.py:137} INFO - [2025-01-15T00:48:06.709+0000] {dag.py:3441} INFO - Setting next_dagrun for dataset_consumes_1 to None, run_after=None
[2025-01-15T00:48:06.711+0000] {logging_mixin.py:137} INFO - [2025-01-15T00:48:06.711+0000] {dag.py:3441} INFO - Setting next_dagrun for dataset_consumes_1_and_2 to None, run_after=None
[2025-01-15T00:48:06.711+0000] {logging_mixin.py:137} INFO - [2025-01-15T00:48:06.711+0000] {dag.py:3441} INFO - Setting next_dagrun for dataset_consumes_1_never_scheduled to None, run_after=None
[2025-01-15T00:48:06.712+0000] {logging_mixin.py:137} INFO - [2025-01-15T00:48:06.712+0000] {dag.py:3441} INFO - Setting next_dagrun for dataset_consumes_unknown_never_scheduled to None, run_after=None
[2025-01-15T00:48:06.713+0000] {logging_mixin.py:137} INFO - [2025-01-15T00:48:06.713+0000] {dag.py:3441} INFO - Setting next_dagrun for dataset_produces_1 to 2025-01-14T00:00:00+00:00, run_after=2025-01-15T00:00:00+00:00
[2025-01-15T00:48:06.715+0000] {logging_mixin.py:137} INFO - [2025-01-15T00:48:06.715+0000] {dag.py:3441} INFO - Setting next_dagrun for dataset_produces_2 to None, run_after=None
[2025-01-15T00:48:06.794+0000] {processor.py:175} INFO - Processing /home/airflow/.local/lib/python3.7/site-packages/airflow/example_dags/example_datasets.py took 0.120 seconds
[2025-01-15T00:48:37.269+0000] {processor.py:153} INFO - Started process (PID=49650) to work on /home/airflow/.local/lib/python3.7/site-packages/airflow/example_dags/example_datasets.py
[2025-01-15T00:48:37.269+0000] {processor.py:743} INFO - Processing file /home/airflow/.local/lib/python3.7/site-packages/airflow/example_dags/example_datasets.py for tasks to queue
[2025-01-15T00:48:37.270+0000] {logging_mixin.py:137} INFO - [2025-01-15T00:48:37.270+0000] {dagbag.py:538} INFO - Filling up the DagBag from /home/airflow/.local/lib/python3.7/site-packages/airflow/example_dags/example_datasets.py
[2025-01-15T00:48:37.276+0000] {processor.py:753} INFO - DAG(s) dict_keys(['dataset_consumes_1', 'dataset_produces_2', 'dataset_produces_1', 'dataset_consumes_1_never_scheduled', 'dataset_consumes_unknown_never_scheduled', 'dataset_consumes_1_and_2']) retrieved from /home/airflow/.local/lib/python3.7/site-packages/airflow/example_dags/example_datasets.py
[2025-01-15T00:48:37.293+0000] {logging_mixin.py:137} INFO - [2025-01-15T00:48:37.293+0000] {dag.py:2690} INFO - Sync 6 DAGs
[2025-01-15T00:48:37.372+0000] {logging_mixin.py:137} INFO - [2025-01-15T00:48:37.372+0000] {dag.py:3441} INFO - Setting next_dagrun for dataset_consumes_1 to None, run_after=None
[2025-01-15T00:48:37.374+0000] {logging_mixin.py:137} INFO - [2025-01-15T00:48:37.374+0000] {dag.py:3441} INFO - Setting next_dagrun for dataset_consumes_1_and_2 to None, run_after=None
[2025-01-15T00:48:37.377+0000] {logging_mixin.py:137} INFO - [2025-01-15T00:48:37.377+0000] {dag.py:3441} INFO - Setting next_dagrun for dataset_consumes_1_never_scheduled to None, run_after=None
[2025-01-15T00:48:37.378+0000] {logging_mixin.py:137} INFO - [2025-01-15T00:48:37.378+0000] {dag.py:3441} INFO - Setting next_dagrun for dataset_consumes_unknown_never_scheduled to None, run_after=None
[2025-01-15T00:48:37.379+0000] {logging_mixin.py:137} INFO - [2025-01-15T00:48:37.379+0000] {dag.py:3441} INFO - Setting next_dagrun for dataset_produces_1 to 2025-01-14T00:00:00+00:00, run_after=2025-01-15T00:00:00+00:00
[2025-01-15T00:48:37.380+0000] {logging_mixin.py:137} INFO - [2025-01-15T00:48:37.379+0000] {dag.py:3441} INFO - Setting next_dagrun for dataset_produces_2 to None, run_after=None
[2025-01-15T00:48:37.394+0000] {processor.py:175} INFO - Processing /home/airflow/.local/lib/python3.7/site-packages/airflow/example_dags/example_datasets.py took 0.126 seconds
[2025-01-15T00:49:08.239+0000] {processor.py:153} INFO - Started process (PID=49742) to work on /home/airflow/.local/lib/python3.7/site-packages/airflow/example_dags/example_datasets.py
[2025-01-15T00:49:08.240+0000] {processor.py:743} INFO - Processing file /home/airflow/.local/lib/python3.7/site-packages/airflow/example_dags/example_datasets.py for tasks to queue
[2025-01-15T00:49:08.240+0000] {logging_mixin.py:137} INFO - [2025-01-15T00:49:08.240+0000] {dagbag.py:538} INFO - Filling up the DagBag from /home/airflow/.local/lib/python3.7/site-packages/airflow/example_dags/example_datasets.py
[2025-01-15T00:49:08.247+0000] {processor.py:753} INFO - DAG(s) dict_keys(['dataset_consumes_1', 'dataset_consumes_1_and_2', 'dataset_produces_2', 'dataset_consumes_unknown_never_scheduled', 'dataset_consumes_1_never_scheduled', 'dataset_produces_1']) retrieved from /home/airflow/.local/lib/python3.7/site-packages/airflow/example_dags/example_datasets.py
[2025-01-15T00:49:08.263+0000] {logging_mixin.py:137} INFO - [2025-01-15T00:49:08.263+0000] {dag.py:2690} INFO - Sync 6 DAGs
[2025-01-15T00:49:08.342+0000] {logging_mixin.py:137} INFO - [2025-01-15T00:49:08.342+0000] {dag.py:3441} INFO - Setting next_dagrun for dataset_consumes_1 to None, run_after=None
[2025-01-15T00:49:08.343+0000] {logging_mixin.py:137} INFO - [2025-01-15T00:49:08.343+0000] {dag.py:3441} INFO - Setting next_dagrun for dataset_consumes_1_and_2 to None, run_after=None
[2025-01-15T00:49:08.345+0000] {logging_mixin.py:137} INFO - [2025-01-15T00:49:08.345+0000] {dag.py:3441} INFO - Setting next_dagrun for dataset_consumes_1_never_scheduled to None, run_after=None
[2025-01-15T00:49:08.345+0000] {logging_mixin.py:137} INFO - [2025-01-15T00:49:08.345+0000] {dag.py:3441} INFO - Setting next_dagrun for dataset_consumes_unknown_never_scheduled to None, run_after=None
[2025-01-15T00:49:08.346+0000] {logging_mixin.py:137} INFO - [2025-01-15T00:49:08.346+0000] {dag.py:3441} INFO - Setting next_dagrun for dataset_produces_1 to 2025-01-14T00:00:00+00:00, run_after=2025-01-15T00:00:00+00:00
[2025-01-15T00:49:08.347+0000] {logging_mixin.py:137} INFO - [2025-01-15T00:49:08.347+0000] {dag.py:3441} INFO - Setting next_dagrun for dataset_produces_2 to None, run_after=None
[2025-01-15T00:49:08.365+0000] {processor.py:175} INFO - Processing /home/airflow/.local/lib/python3.7/site-packages/airflow/example_dags/example_datasets.py took 0.127 seconds
[2025-01-15T01:03:13.038+0000] {processor.py:153} INFO - Started process (PID=49818) to work on /home/airflow/.local/lib/python3.7/site-packages/airflow/example_dags/example_datasets.py
[2025-01-15T01:03:13.038+0000] {processor.py:743} INFO - Processing file /home/airflow/.local/lib/python3.7/site-packages/airflow/example_dags/example_datasets.py for tasks to queue
[2025-01-15T01:03:13.039+0000] {logging_mixin.py:137} INFO - [2025-01-15T01:03:13.039+0000] {dagbag.py:538} INFO - Filling up the DagBag from /home/airflow/.local/lib/python3.7/site-packages/airflow/example_dags/example_datasets.py
[2025-01-15T01:03:13.046+0000] {processor.py:753} INFO - DAG(s) dict_keys(['dataset_produces_2', 'dataset_consumes_unknown_never_scheduled', 'dataset_consumes_1_and_2', 'dataset_consumes_1_never_scheduled', 'dataset_produces_1', 'dataset_consumes_1']) retrieved from /home/airflow/.local/lib/python3.7/site-packages/airflow/example_dags/example_datasets.py
[2025-01-15T01:03:13.062+0000] {logging_mixin.py:137} INFO - [2025-01-15T01:03:13.062+0000] {dag.py:2690} INFO - Sync 6 DAGs
[2025-01-15T01:03:13.072+0000] {logging_mixin.py:137} INFO - [2025-01-15T01:03:13.072+0000] {dag.py:3441} INFO - Setting next_dagrun for dataset_consumes_1 to None, run_after=None
[2025-01-15T01:03:13.074+0000] {logging_mixin.py:137} INFO - [2025-01-15T01:03:13.073+0000] {dag.py:3441} INFO - Setting next_dagrun for dataset_consumes_1_and_2 to None, run_after=None
[2025-01-15T01:03:13.074+0000] {logging_mixin.py:137} INFO - [2025-01-15T01:03:13.074+0000] {dag.py:3441} INFO - Setting next_dagrun for dataset_consumes_1_never_scheduled to None, run_after=None
[2025-01-15T01:03:13.074+0000] {logging_mixin.py:137} INFO - [2025-01-15T01:03:13.074+0000] {dag.py:3441} INFO - Setting next_dagrun for dataset_consumes_unknown_never_scheduled to None, run_after=None
[2025-01-15T01:03:13.075+0000] {logging_mixin.py:137} INFO - [2025-01-15T01:03:13.075+0000] {dag.py:3441} INFO - Setting next_dagrun for dataset_produces_1 to 2025-01-14T00:00:00+00:00, run_after=2025-01-15T00:00:00+00:00
[2025-01-15T01:03:13.076+0000] {logging_mixin.py:137} INFO - [2025-01-15T01:03:13.076+0000] {dag.py:3441} INFO - Setting next_dagrun for dataset_produces_2 to None, run_after=None
[2025-01-15T01:03:13.088+0000] {processor.py:175} INFO - Processing /home/airflow/.local/lib/python3.7/site-packages/airflow/example_dags/example_datasets.py took 0.051 seconds
