[2025-01-15T00:05:42.187+0000] {processor.py:153} INFO - Started process (PID=48086) to work on /home/airflow/.local/lib/python3.7/site-packages/airflow/example_dags/example_sensor_decorator.py
[2025-01-15T00:05:42.188+0000] {processor.py:743} INFO - Processing file /home/airflow/.local/lib/python3.7/site-packages/airflow/example_dags/example_sensor_decorator.py for tasks to queue
[2025-01-15T00:05:42.189+0000] {logging_mixin.py:137} INFO - [2025-01-15T00:05:42.189+0000] {dagbag.py:538} INFO - Filling up the DagBag from /home/airflow/.local/lib/python3.7/site-packages/airflow/example_dags/example_sensor_decorator.py
[2025-01-15T00:05:42.201+0000] {processor.py:753} INFO - DAG(s) dict_keys(['example_sensor_decorator']) retrieved from /home/airflow/.local/lib/python3.7/site-packages/airflow/example_dags/example_sensor_decorator.py
[2025-01-15T00:05:42.218+0000] {logging_mixin.py:137} INFO - [2025-01-15T00:05:42.218+0000] {dag.py:2690} INFO - Sync 1 DAGs
[2025-01-15T00:05:42.237+0000] {logging_mixin.py:137} INFO - [2025-01-15T00:05:42.237+0000] {dag.py:3441} INFO - Setting next_dagrun for example_sensor_decorator to None, run_after=None
[2025-01-15T00:05:42.252+0000] {processor.py:175} INFO - Processing /home/airflow/.local/lib/python3.7/site-packages/airflow/example_dags/example_sensor_decorator.py took 0.067 seconds
[2025-01-15T00:06:13.002+0000] {processor.py:153} INFO - Started process (PID=48177) to work on /home/airflow/.local/lib/python3.7/site-packages/airflow/example_dags/example_sensor_decorator.py
[2025-01-15T00:06:13.003+0000] {processor.py:743} INFO - Processing file /home/airflow/.local/lib/python3.7/site-packages/airflow/example_dags/example_sensor_decorator.py for tasks to queue
[2025-01-15T00:06:13.003+0000] {logging_mixin.py:137} INFO - [2025-01-15T00:06:13.003+0000] {dagbag.py:538} INFO - Filling up the DagBag from /home/airflow/.local/lib/python3.7/site-packages/airflow/example_dags/example_sensor_decorator.py
[2025-01-15T00:06:13.012+0000] {processor.py:753} INFO - DAG(s) dict_keys(['example_sensor_decorator']) retrieved from /home/airflow/.local/lib/python3.7/site-packages/airflow/example_dags/example_sensor_decorator.py
[2025-01-15T00:06:13.021+0000] {logging_mixin.py:137} INFO - [2025-01-15T00:06:13.021+0000] {dag.py:2690} INFO - Sync 1 DAGs
[2025-01-15T00:06:13.102+0000] {logging_mixin.py:137} INFO - [2025-01-15T00:06:13.102+0000] {dag.py:3441} INFO - Setting next_dagrun for example_sensor_decorator to None, run_after=None
[2025-01-15T00:06:13.116+0000] {processor.py:175} INFO - Processing /home/airflow/.local/lib/python3.7/site-packages/airflow/example_dags/example_sensor_decorator.py took 0.115 seconds
[2025-01-15T00:19:18.743+0000] {processor.py:153} INFO - Started process (PID=48253) to work on /home/airflow/.local/lib/python3.7/site-packages/airflow/example_dags/example_sensor_decorator.py
[2025-01-15T00:19:18.745+0000] {processor.py:743} INFO - Processing file /home/airflow/.local/lib/python3.7/site-packages/airflow/example_dags/example_sensor_decorator.py for tasks to queue
[2025-01-15T00:19:18.746+0000] {logging_mixin.py:137} INFO - [2025-01-15T00:19:18.746+0000] {dagbag.py:538} INFO - Filling up the DagBag from /home/airflow/.local/lib/python3.7/site-packages/airflow/example_dags/example_sensor_decorator.py
[2025-01-15T00:19:18.756+0000] {processor.py:753} INFO - DAG(s) dict_keys(['example_sensor_decorator']) retrieved from /home/airflow/.local/lib/python3.7/site-packages/airflow/example_dags/example_sensor_decorator.py
[2025-01-15T00:19:18.768+0000] {logging_mixin.py:137} INFO - [2025-01-15T00:19:18.768+0000] {dag.py:2690} INFO - Sync 1 DAGs
[2025-01-15T00:19:18.777+0000] {logging_mixin.py:137} INFO - [2025-01-15T00:19:18.777+0000] {dag.py:3441} INFO - Setting next_dagrun for example_sensor_decorator to None, run_after=None
[2025-01-15T00:19:18.788+0000] {processor.py:175} INFO - Processing /home/airflow/.local/lib/python3.7/site-packages/airflow/example_dags/example_sensor_decorator.py took 0.046 seconds
[2025-01-15T00:19:49.340+0000] {processor.py:153} INFO - Started process (PID=48345) to work on /home/airflow/.local/lib/python3.7/site-packages/airflow/example_dags/example_sensor_decorator.py
[2025-01-15T00:19:49.341+0000] {processor.py:743} INFO - Processing file /home/airflow/.local/lib/python3.7/site-packages/airflow/example_dags/example_sensor_decorator.py for tasks to queue
[2025-01-15T00:19:49.341+0000] {logging_mixin.py:137} INFO - [2025-01-15T00:19:49.341+0000] {dagbag.py:538} INFO - Filling up the DagBag from /home/airflow/.local/lib/python3.7/site-packages/airflow/example_dags/example_sensor_decorator.py
[2025-01-15T00:19:49.355+0000] {processor.py:753} INFO - DAG(s) dict_keys(['example_sensor_decorator']) retrieved from /home/airflow/.local/lib/python3.7/site-packages/airflow/example_dags/example_sensor_decorator.py
[2025-01-15T00:19:49.368+0000] {logging_mixin.py:137} INFO - [2025-01-15T00:19:49.367+0000] {dag.py:2690} INFO - Sync 1 DAGs
[2025-01-15T00:19:49.378+0000] {logging_mixin.py:137} INFO - [2025-01-15T00:19:49.378+0000] {dag.py:3441} INFO - Setting next_dagrun for example_sensor_decorator to None, run_after=None
[2025-01-15T00:19:49.388+0000] {processor.py:175} INFO - Processing /home/airflow/.local/lib/python3.7/site-packages/airflow/example_dags/example_sensor_decorator.py took 0.049 seconds
[2025-01-15T00:20:20.415+0000] {processor.py:153} INFO - Started process (PID=48437) to work on /home/airflow/.local/lib/python3.7/site-packages/airflow/example_dags/example_sensor_decorator.py
[2025-01-15T00:20:20.415+0000] {processor.py:743} INFO - Processing file /home/airflow/.local/lib/python3.7/site-packages/airflow/example_dags/example_sensor_decorator.py for tasks to queue
[2025-01-15T00:20:20.415+0000] {logging_mixin.py:137} INFO - [2025-01-15T00:20:20.415+0000] {dagbag.py:538} INFO - Filling up the DagBag from /home/airflow/.local/lib/python3.7/site-packages/airflow/example_dags/example_sensor_decorator.py
[2025-01-15T00:20:20.424+0000] {processor.py:753} INFO - DAG(s) dict_keys(['example_sensor_decorator']) retrieved from /home/airflow/.local/lib/python3.7/site-packages/airflow/example_dags/example_sensor_decorator.py
[2025-01-15T00:20:20.434+0000] {logging_mixin.py:137} INFO - [2025-01-15T00:20:20.434+0000] {dag.py:2690} INFO - Sync 1 DAGs
[2025-01-15T00:20:20.444+0000] {logging_mixin.py:137} INFO - [2025-01-15T00:20:20.444+0000] {dag.py:3441} INFO - Setting next_dagrun for example_sensor_decorator to None, run_after=None
[2025-01-15T00:20:20.524+0000] {processor.py:175} INFO - Processing /home/airflow/.local/lib/python3.7/site-packages/airflow/example_dags/example_sensor_decorator.py took 0.111 seconds
[2025-01-15T00:23:10.734+0000] {processor.py:153} INFO - Started process (PID=48528) to work on /home/airflow/.local/lib/python3.7/site-packages/airflow/example_dags/example_sensor_decorator.py
[2025-01-15T00:23:10.735+0000] {processor.py:743} INFO - Processing file /home/airflow/.local/lib/python3.7/site-packages/airflow/example_dags/example_sensor_decorator.py for tasks to queue
[2025-01-15T00:23:10.735+0000] {logging_mixin.py:137} INFO - [2025-01-15T00:23:10.735+0000] {dagbag.py:538} INFO - Filling up the DagBag from /home/airflow/.local/lib/python3.7/site-packages/airflow/example_dags/example_sensor_decorator.py
[2025-01-15T00:23:10.744+0000] {processor.py:753} INFO - DAG(s) dict_keys(['example_sensor_decorator']) retrieved from /home/airflow/.local/lib/python3.7/site-packages/airflow/example_dags/example_sensor_decorator.py
[2025-01-15T00:23:10.755+0000] {logging_mixin.py:137} INFO - [2025-01-15T00:23:10.755+0000] {dag.py:2690} INFO - Sync 1 DAGs
[2025-01-15T00:23:10.836+0000] {logging_mixin.py:137} INFO - [2025-01-15T00:23:10.836+0000] {dag.py:3441} INFO - Setting next_dagrun for example_sensor_decorator to None, run_after=None
[2025-01-15T00:23:10.842+0000] {processor.py:175} INFO - Processing /home/airflow/.local/lib/python3.7/site-packages/airflow/example_dags/example_sensor_decorator.py took 0.109 seconds
[2025-01-15T00:23:41.145+0000] {processor.py:153} INFO - Started process (PID=48604) to work on /home/airflow/.local/lib/python3.7/site-packages/airflow/example_dags/example_sensor_decorator.py
[2025-01-15T00:23:41.147+0000] {processor.py:743} INFO - Processing file /home/airflow/.local/lib/python3.7/site-packages/airflow/example_dags/example_sensor_decorator.py for tasks to queue
[2025-01-15T00:23:41.148+0000] {logging_mixin.py:137} INFO - [2025-01-15T00:23:41.148+0000] {dagbag.py:538} INFO - Filling up the DagBag from /home/airflow/.local/lib/python3.7/site-packages/airflow/example_dags/example_sensor_decorator.py
[2025-01-15T00:23:41.157+0000] {processor.py:753} INFO - DAG(s) dict_keys(['example_sensor_decorator']) retrieved from /home/airflow/.local/lib/python3.7/site-packages/airflow/example_dags/example_sensor_decorator.py
[2025-01-15T00:23:41.166+0000] {logging_mixin.py:137} INFO - [2025-01-15T00:23:41.166+0000] {dag.py:2690} INFO - Sync 1 DAGs
[2025-01-15T00:23:41.177+0000] {logging_mixin.py:137} INFO - [2025-01-15T00:23:41.177+0000] {dag.py:3441} INFO - Setting next_dagrun for example_sensor_decorator to None, run_after=None
[2025-01-15T00:23:41.186+0000] {processor.py:175} INFO - Processing /home/airflow/.local/lib/python3.7/site-packages/airflow/example_dags/example_sensor_decorator.py took 0.042 seconds
[2025-01-15T00:24:20.761+0000] {processor.py:153} INFO - Started process (PID=48696) to work on /home/airflow/.local/lib/python3.7/site-packages/airflow/example_dags/example_sensor_decorator.py
[2025-01-15T00:24:20.761+0000] {processor.py:743} INFO - Processing file /home/airflow/.local/lib/python3.7/site-packages/airflow/example_dags/example_sensor_decorator.py for tasks to queue
[2025-01-15T00:24:20.761+0000] {logging_mixin.py:137} INFO - [2025-01-15T00:24:20.761+0000] {dagbag.py:538} INFO - Filling up the DagBag from /home/airflow/.local/lib/python3.7/site-packages/airflow/example_dags/example_sensor_decorator.py
[2025-01-15T00:24:20.771+0000] {processor.py:753} INFO - DAG(s) dict_keys(['example_sensor_decorator']) retrieved from /home/airflow/.local/lib/python3.7/site-packages/airflow/example_dags/example_sensor_decorator.py
[2025-01-15T00:24:20.781+0000] {logging_mixin.py:137} INFO - [2025-01-15T00:24:20.781+0000] {dag.py:2690} INFO - Sync 1 DAGs
[2025-01-15T00:24:20.791+0000] {logging_mixin.py:137} INFO - [2025-01-15T00:24:20.791+0000] {dag.py:3441} INFO - Setting next_dagrun for example_sensor_decorator to None, run_after=None
[2025-01-15T00:24:20.873+0000] {processor.py:175} INFO - Processing /home/airflow/.local/lib/python3.7/site-packages/airflow/example_dags/example_sensor_decorator.py took 0.114 seconds
[2025-01-15T00:24:51.511+0000] {processor.py:153} INFO - Started process (PID=48788) to work on /home/airflow/.local/lib/python3.7/site-packages/airflow/example_dags/example_sensor_decorator.py
[2025-01-15T00:24:51.512+0000] {processor.py:743} INFO - Processing file /home/airflow/.local/lib/python3.7/site-packages/airflow/example_dags/example_sensor_decorator.py for tasks to queue
[2025-01-15T00:24:51.513+0000] {logging_mixin.py:137} INFO - [2025-01-15T00:24:51.513+0000] {dagbag.py:538} INFO - Filling up the DagBag from /home/airflow/.local/lib/python3.7/site-packages/airflow/example_dags/example_sensor_decorator.py
[2025-01-15T00:24:51.521+0000] {processor.py:753} INFO - DAG(s) dict_keys(['example_sensor_decorator']) retrieved from /home/airflow/.local/lib/python3.7/site-packages/airflow/example_dags/example_sensor_decorator.py
[2025-01-15T00:24:51.534+0000] {logging_mixin.py:137} INFO - [2025-01-15T00:24:51.534+0000] {dag.py:2690} INFO - Sync 1 DAGs
[2025-01-15T00:24:51.611+0000] {logging_mixin.py:137} INFO - [2025-01-15T00:24:51.610+0000] {dag.py:3441} INFO - Setting next_dagrun for example_sensor_decorator to None, run_after=None
[2025-01-15T00:24:51.618+0000] {processor.py:175} INFO - Processing /home/airflow/.local/lib/python3.7/site-packages/airflow/example_dags/example_sensor_decorator.py took 0.108 seconds
[2025-01-15T00:25:21.993+0000] {processor.py:153} INFO - Started process (PID=48864) to work on /home/airflow/.local/lib/python3.7/site-packages/airflow/example_dags/example_sensor_decorator.py
[2025-01-15T00:25:21.994+0000] {processor.py:743} INFO - Processing file /home/airflow/.local/lib/python3.7/site-packages/airflow/example_dags/example_sensor_decorator.py for tasks to queue
[2025-01-15T00:25:21.995+0000] {logging_mixin.py:137} INFO - [2025-01-15T00:25:21.995+0000] {dagbag.py:538} INFO - Filling up the DagBag from /home/airflow/.local/lib/python3.7/site-packages/airflow/example_dags/example_sensor_decorator.py
[2025-01-15T00:25:22.003+0000] {processor.py:753} INFO - DAG(s) dict_keys(['example_sensor_decorator']) retrieved from /home/airflow/.local/lib/python3.7/site-packages/airflow/example_dags/example_sensor_decorator.py
[2025-01-15T00:25:22.013+0000] {logging_mixin.py:137} INFO - [2025-01-15T00:25:22.013+0000] {dag.py:2690} INFO - Sync 1 DAGs
[2025-01-15T00:25:22.026+0000] {logging_mixin.py:137} INFO - [2025-01-15T00:25:22.026+0000] {dag.py:3441} INFO - Setting next_dagrun for example_sensor_decorator to None, run_after=None
[2025-01-15T00:25:22.037+0000] {processor.py:175} INFO - Processing /home/airflow/.local/lib/python3.7/site-packages/airflow/example_dags/example_sensor_decorator.py took 0.045 seconds
[2025-01-15T00:34:05.749+0000] {processor.py:153} INFO - Started process (PID=48955) to work on /home/airflow/.local/lib/python3.7/site-packages/airflow/example_dags/example_sensor_decorator.py
[2025-01-15T00:34:05.750+0000] {processor.py:743} INFO - Processing file /home/airflow/.local/lib/python3.7/site-packages/airflow/example_dags/example_sensor_decorator.py for tasks to queue
[2025-01-15T00:34:05.751+0000] {logging_mixin.py:137} INFO - [2025-01-15T00:34:05.751+0000] {dagbag.py:538} INFO - Filling up the DagBag from /home/airflow/.local/lib/python3.7/site-packages/airflow/example_dags/example_sensor_decorator.py
[2025-01-15T00:34:05.762+0000] {processor.py:753} INFO - DAG(s) dict_keys(['example_sensor_decorator']) retrieved from /home/airflow/.local/lib/python3.7/site-packages/airflow/example_dags/example_sensor_decorator.py
[2025-01-15T00:34:05.772+0000] {logging_mixin.py:137} INFO - [2025-01-15T00:34:05.772+0000] {dag.py:2690} INFO - Sync 1 DAGs
[2025-01-15T00:34:05.782+0000] {logging_mixin.py:137} INFO - [2025-01-15T00:34:05.782+0000] {dag.py:3441} INFO - Setting next_dagrun for example_sensor_decorator to None, run_after=None
[2025-01-15T00:34:05.789+0000] {processor.py:175} INFO - Processing /home/airflow/.local/lib/python3.7/site-packages/airflow/example_dags/example_sensor_decorator.py took 0.043 seconds
[2025-01-15T00:34:36.224+0000] {processor.py:153} INFO - Started process (PID=49047) to work on /home/airflow/.local/lib/python3.7/site-packages/airflow/example_dags/example_sensor_decorator.py
[2025-01-15T00:34:36.228+0000] {processor.py:743} INFO - Processing file /home/airflow/.local/lib/python3.7/site-packages/airflow/example_dags/example_sensor_decorator.py for tasks to queue
[2025-01-15T00:34:36.229+0000] {logging_mixin.py:137} INFO - [2025-01-15T00:34:36.228+0000] {dagbag.py:538} INFO - Filling up the DagBag from /home/airflow/.local/lib/python3.7/site-packages/airflow/example_dags/example_sensor_decorator.py
[2025-01-15T00:34:36.238+0000] {processor.py:753} INFO - DAG(s) dict_keys(['example_sensor_decorator']) retrieved from /home/airflow/.local/lib/python3.7/site-packages/airflow/example_dags/example_sensor_decorator.py
[2025-01-15T00:34:36.247+0000] {logging_mixin.py:137} INFO - [2025-01-15T00:34:36.247+0000] {dag.py:2690} INFO - Sync 1 DAGs
[2025-01-15T00:34:36.325+0000] {logging_mixin.py:137} INFO - [2025-01-15T00:34:36.325+0000] {dag.py:3441} INFO - Setting next_dagrun for example_sensor_decorator to None, run_after=None
[2025-01-15T00:34:36.335+0000] {processor.py:175} INFO - Processing /home/airflow/.local/lib/python3.7/site-packages/airflow/example_dags/example_sensor_decorator.py took 0.112 seconds
[2025-01-15T00:39:08.671+0000] {processor.py:153} INFO - Started process (PID=49139) to work on /home/airflow/.local/lib/python3.7/site-packages/airflow/example_dags/example_sensor_decorator.py
[2025-01-15T00:39:08.672+0000] {processor.py:743} INFO - Processing file /home/airflow/.local/lib/python3.7/site-packages/airflow/example_dags/example_sensor_decorator.py for tasks to queue
[2025-01-15T00:39:08.672+0000] {logging_mixin.py:137} INFO - [2025-01-15T00:39:08.672+0000] {dagbag.py:538} INFO - Filling up the DagBag from /home/airflow/.local/lib/python3.7/site-packages/airflow/example_dags/example_sensor_decorator.py
[2025-01-15T00:39:08.681+0000] {processor.py:753} INFO - DAG(s) dict_keys(['example_sensor_decorator']) retrieved from /home/airflow/.local/lib/python3.7/site-packages/airflow/example_dags/example_sensor_decorator.py
[2025-01-15T00:39:08.759+0000] {logging_mixin.py:137} INFO - [2025-01-15T00:39:08.759+0000] {dag.py:2690} INFO - Sync 1 DAGs
[2025-01-15T00:39:08.769+0000] {logging_mixin.py:137} INFO - [2025-01-15T00:39:08.769+0000] {dag.py:3441} INFO - Setting next_dagrun for example_sensor_decorator to None, run_after=None
[2025-01-15T00:39:08.778+0000] {processor.py:175} INFO - Processing /home/airflow/.local/lib/python3.7/site-packages/airflow/example_dags/example_sensor_decorator.py took 0.109 seconds
[2025-01-15T00:39:39.121+0000] {processor.py:153} INFO - Started process (PID=49215) to work on /home/airflow/.local/lib/python3.7/site-packages/airflow/example_dags/example_sensor_decorator.py
[2025-01-15T00:39:39.123+0000] {processor.py:743} INFO - Processing file /home/airflow/.local/lib/python3.7/site-packages/airflow/example_dags/example_sensor_decorator.py for tasks to queue
[2025-01-15T00:39:39.123+0000] {logging_mixin.py:137} INFO - [2025-01-15T00:39:39.123+0000] {dagbag.py:538} INFO - Filling up the DagBag from /home/airflow/.local/lib/python3.7/site-packages/airflow/example_dags/example_sensor_decorator.py
[2025-01-15T00:39:39.133+0000] {processor.py:753} INFO - DAG(s) dict_keys(['example_sensor_decorator']) retrieved from /home/airflow/.local/lib/python3.7/site-packages/airflow/example_dags/example_sensor_decorator.py
[2025-01-15T00:39:39.146+0000] {logging_mixin.py:137} INFO - [2025-01-15T00:39:39.146+0000] {dag.py:2690} INFO - Sync 1 DAGs
[2025-01-15T00:39:39.164+0000] {logging_mixin.py:137} INFO - [2025-01-15T00:39:39.163+0000] {dag.py:3441} INFO - Setting next_dagrun for example_sensor_decorator to None, run_after=None
[2025-01-15T00:39:39.174+0000] {processor.py:175} INFO - Processing /home/airflow/.local/lib/python3.7/site-packages/airflow/example_dags/example_sensor_decorator.py took 0.055 seconds
[2025-01-15T00:40:10.369+0000] {processor.py:153} INFO - Started process (PID=49307) to work on /home/airflow/.local/lib/python3.7/site-packages/airflow/example_dags/example_sensor_decorator.py
[2025-01-15T00:40:10.370+0000] {processor.py:743} INFO - Processing file /home/airflow/.local/lib/python3.7/site-packages/airflow/example_dags/example_sensor_decorator.py for tasks to queue
[2025-01-15T00:40:10.370+0000] {logging_mixin.py:137} INFO - [2025-01-15T00:40:10.370+0000] {dagbag.py:538} INFO - Filling up the DagBag from /home/airflow/.local/lib/python3.7/site-packages/airflow/example_dags/example_sensor_decorator.py
[2025-01-15T00:40:10.379+0000] {processor.py:753} INFO - DAG(s) dict_keys(['example_sensor_decorator']) retrieved from /home/airflow/.local/lib/python3.7/site-packages/airflow/example_dags/example_sensor_decorator.py
[2025-01-15T00:40:10.390+0000] {logging_mixin.py:137} INFO - [2025-01-15T00:40:10.389+0000] {dag.py:2690} INFO - Sync 1 DAGs
[2025-01-15T00:40:10.399+0000] {logging_mixin.py:137} INFO - [2025-01-15T00:40:10.399+0000] {dag.py:3441} INFO - Setting next_dagrun for example_sensor_decorator to None, run_after=None
[2025-01-15T00:40:10.478+0000] {processor.py:175} INFO - Processing /home/airflow/.local/lib/python3.7/site-packages/airflow/example_dags/example_sensor_decorator.py took 0.111 seconds
[2025-01-15T00:46:05.267+0000] {processor.py:153} INFO - Started process (PID=49399) to work on /home/airflow/.local/lib/python3.7/site-packages/airflow/example_dags/example_sensor_decorator.py
[2025-01-15T00:46:05.268+0000] {processor.py:743} INFO - Processing file /home/airflow/.local/lib/python3.7/site-packages/airflow/example_dags/example_sensor_decorator.py for tasks to queue
[2025-01-15T00:46:05.268+0000] {logging_mixin.py:137} INFO - [2025-01-15T00:46:05.268+0000] {dagbag.py:538} INFO - Filling up the DagBag from /home/airflow/.local/lib/python3.7/site-packages/airflow/example_dags/example_sensor_decorator.py
[2025-01-15T00:46:05.278+0000] {processor.py:753} INFO - DAG(s) dict_keys(['example_sensor_decorator']) retrieved from /home/airflow/.local/lib/python3.7/site-packages/airflow/example_dags/example_sensor_decorator.py
[2025-01-15T00:46:05.296+0000] {logging_mixin.py:137} INFO - [2025-01-15T00:46:05.296+0000] {dag.py:2690} INFO - Sync 1 DAGs
[2025-01-15T00:46:05.372+0000] {logging_mixin.py:137} INFO - [2025-01-15T00:46:05.372+0000] {dag.py:3441} INFO - Setting next_dagrun for example_sensor_decorator to None, run_after=None
[2025-01-15T00:46:05.378+0000] {processor.py:175} INFO - Processing /home/airflow/.local/lib/python3.7/site-packages/airflow/example_dags/example_sensor_decorator.py took 0.113 seconds
[2025-01-15T00:46:35.639+0000] {processor.py:153} INFO - Started process (PID=49491) to work on /home/airflow/.local/lib/python3.7/site-packages/airflow/example_dags/example_sensor_decorator.py
[2025-01-15T00:46:35.640+0000] {processor.py:743} INFO - Processing file /home/airflow/.local/lib/python3.7/site-packages/airflow/example_dags/example_sensor_decorator.py for tasks to queue
[2025-01-15T00:46:35.640+0000] {logging_mixin.py:137} INFO - [2025-01-15T00:46:35.640+0000] {dagbag.py:538} INFO - Filling up the DagBag from /home/airflow/.local/lib/python3.7/site-packages/airflow/example_dags/example_sensor_decorator.py
[2025-01-15T00:46:35.653+0000] {processor.py:753} INFO - DAG(s) dict_keys(['example_sensor_decorator']) retrieved from /home/airflow/.local/lib/python3.7/site-packages/airflow/example_dags/example_sensor_decorator.py
[2025-01-15T00:46:35.666+0000] {logging_mixin.py:137} INFO - [2025-01-15T00:46:35.666+0000] {dag.py:2690} INFO - Sync 1 DAGs
[2025-01-15T00:46:35.677+0000] {logging_mixin.py:137} INFO - [2025-01-15T00:46:35.677+0000] {dag.py:3441} INFO - Setting next_dagrun for example_sensor_decorator to None, run_after=None
[2025-01-15T00:46:35.687+0000] {processor.py:175} INFO - Processing /home/airflow/.local/lib/python3.7/site-packages/airflow/example_dags/example_sensor_decorator.py took 0.050 seconds
[2025-01-15T00:48:07.142+0000] {processor.py:153} INFO - Started process (PID=49567) to work on /home/airflow/.local/lib/python3.7/site-packages/airflow/example_dags/example_sensor_decorator.py
[2025-01-15T00:48:07.144+0000] {processor.py:743} INFO - Processing file /home/airflow/.local/lib/python3.7/site-packages/airflow/example_dags/example_sensor_decorator.py for tasks to queue
[2025-01-15T00:48:07.145+0000] {logging_mixin.py:137} INFO - [2025-01-15T00:48:07.145+0000] {dagbag.py:538} INFO - Filling up the DagBag from /home/airflow/.local/lib/python3.7/site-packages/airflow/example_dags/example_sensor_decorator.py
[2025-01-15T00:48:07.156+0000] {processor.py:753} INFO - DAG(s) dict_keys(['example_sensor_decorator']) retrieved from /home/airflow/.local/lib/python3.7/site-packages/airflow/example_dags/example_sensor_decorator.py
[2025-01-15T00:48:07.168+0000] {logging_mixin.py:137} INFO - [2025-01-15T00:48:07.168+0000] {dag.py:2690} INFO - Sync 1 DAGs
[2025-01-15T00:48:07.179+0000] {logging_mixin.py:137} INFO - [2025-01-15T00:48:07.179+0000] {dag.py:3441} INFO - Setting next_dagrun for example_sensor_decorator to None, run_after=None
[2025-01-15T00:48:07.260+0000] {processor.py:175} INFO - Processing /home/airflow/.local/lib/python3.7/site-packages/airflow/example_dags/example_sensor_decorator.py took 0.120 seconds
[2025-01-15T00:48:37.755+0000] {processor.py:153} INFO - Started process (PID=49659) to work on /home/airflow/.local/lib/python3.7/site-packages/airflow/example_dags/example_sensor_decorator.py
[2025-01-15T00:48:37.755+0000] {processor.py:743} INFO - Processing file /home/airflow/.local/lib/python3.7/site-packages/airflow/example_dags/example_sensor_decorator.py for tasks to queue
[2025-01-15T00:48:37.756+0000] {logging_mixin.py:137} INFO - [2025-01-15T00:48:37.756+0000] {dagbag.py:538} INFO - Filling up the DagBag from /home/airflow/.local/lib/python3.7/site-packages/airflow/example_dags/example_sensor_decorator.py
[2025-01-15T00:48:37.765+0000] {processor.py:753} INFO - DAG(s) dict_keys(['example_sensor_decorator']) retrieved from /home/airflow/.local/lib/python3.7/site-packages/airflow/example_dags/example_sensor_decorator.py
[2025-01-15T00:48:37.774+0000] {logging_mixin.py:137} INFO - [2025-01-15T00:48:37.774+0000] {dag.py:2690} INFO - Sync 1 DAGs
[2025-01-15T00:48:37.847+0000] {logging_mixin.py:137} INFO - [2025-01-15T00:48:37.847+0000] {dag.py:3441} INFO - Setting next_dagrun for example_sensor_decorator to None, run_after=None
[2025-01-15T00:48:37.856+0000] {processor.py:175} INFO - Processing /home/airflow/.local/lib/python3.7/site-packages/airflow/example_dags/example_sensor_decorator.py took 0.103 seconds
[2025-01-15T00:49:08.842+0000] {processor.py:153} INFO - Started process (PID=49751) to work on /home/airflow/.local/lib/python3.7/site-packages/airflow/example_dags/example_sensor_decorator.py
[2025-01-15T00:49:08.843+0000] {processor.py:743} INFO - Processing file /home/airflow/.local/lib/python3.7/site-packages/airflow/example_dags/example_sensor_decorator.py for tasks to queue
[2025-01-15T00:49:08.844+0000] {logging_mixin.py:137} INFO - [2025-01-15T00:49:08.844+0000] {dagbag.py:538} INFO - Filling up the DagBag from /home/airflow/.local/lib/python3.7/site-packages/airflow/example_dags/example_sensor_decorator.py
[2025-01-15T00:49:08.853+0000] {processor.py:753} INFO - DAG(s) dict_keys(['example_sensor_decorator']) retrieved from /home/airflow/.local/lib/python3.7/site-packages/airflow/example_dags/example_sensor_decorator.py
[2025-01-15T00:49:08.931+0000] {logging_mixin.py:137} INFO - [2025-01-15T00:49:08.931+0000] {dag.py:2690} INFO - Sync 1 DAGs
[2025-01-15T00:49:08.944+0000] {logging_mixin.py:137} INFO - [2025-01-15T00:49:08.944+0000] {dag.py:3441} INFO - Setting next_dagrun for example_sensor_decorator to None, run_after=None
[2025-01-15T00:49:08.951+0000] {processor.py:175} INFO - Processing /home/airflow/.local/lib/python3.7/site-packages/airflow/example_dags/example_sensor_decorator.py took 0.110 seconds
[2025-01-15T01:03:13.296+0000] {processor.py:153} INFO - Started process (PID=49827) to work on /home/airflow/.local/lib/python3.7/site-packages/airflow/example_dags/example_sensor_decorator.py
[2025-01-15T01:03:13.297+0000] {processor.py:743} INFO - Processing file /home/airflow/.local/lib/python3.7/site-packages/airflow/example_dags/example_sensor_decorator.py for tasks to queue
[2025-01-15T01:03:13.297+0000] {logging_mixin.py:137} INFO - [2025-01-15T01:03:13.297+0000] {dagbag.py:538} INFO - Filling up the DagBag from /home/airflow/.local/lib/python3.7/site-packages/airflow/example_dags/example_sensor_decorator.py
[2025-01-15T01:03:13.306+0000] {processor.py:753} INFO - DAG(s) dict_keys(['example_sensor_decorator']) retrieved from /home/airflow/.local/lib/python3.7/site-packages/airflow/example_dags/example_sensor_decorator.py
[2025-01-15T01:03:13.318+0000] {logging_mixin.py:137} INFO - [2025-01-15T01:03:13.318+0000] {dag.py:2690} INFO - Sync 1 DAGs
[2025-01-15T01:03:13.331+0000] {logging_mixin.py:137} INFO - [2025-01-15T01:03:13.331+0000] {dag.py:3441} INFO - Setting next_dagrun for example_sensor_decorator to None, run_after=None
[2025-01-15T01:03:13.338+0000] {processor.py:175} INFO - Processing /home/airflow/.local/lib/python3.7/site-packages/airflow/example_dags/example_sensor_decorator.py took 0.044 seconds
