[2025-01-15T00:05:41.643+0000] {processor.py:153} INFO - Started process (PID=48069) to work on /home/airflow/.local/lib/python3.7/site-packages/airflow/example_dags/example_branch_operator_decorator.py
[2025-01-15T00:05:41.644+0000] {processor.py:743} INFO - Processing file /home/airflow/.local/lib/python3.7/site-packages/airflow/example_dags/example_branch_operator_decorator.py for tasks to queue
[2025-01-15T00:05:41.644+0000] {logging_mixin.py:137} INFO - [2025-01-15T00:05:41.644+0000] {dagbag.py:538} INFO - Filling up the DagBag from /home/airflow/.local/lib/python3.7/site-packages/airflow/example_dags/example_branch_operator_decorator.py
[2025-01-15T00:05:41.659+0000] {processor.py:753} INFO - DAG(s) dict_keys(['example_branch_python_operator_decorator']) retrieved from /home/airflow/.local/lib/python3.7/site-packages/airflow/example_dags/example_branch_operator_decorator.py
[2025-01-15T00:05:41.675+0000] {logging_mixin.py:137} INFO - [2025-01-15T00:05:41.675+0000] {dag.py:2690} INFO - Sync 1 DAGs
[2025-01-15T00:05:41.689+0000] {logging_mixin.py:137} INFO - [2025-01-15T00:05:41.688+0000] {dag.py:3441} INFO - Setting next_dagrun for example_branch_python_operator_decorator to 2025-01-14T00:00:00+00:00, run_after=2025-01-15T00:00:00+00:00
[2025-01-15T00:05:41.701+0000] {processor.py:175} INFO - Processing /home/airflow/.local/lib/python3.7/site-packages/airflow/example_dags/example_branch_operator_decorator.py took 0.060 seconds
[2025-01-15T00:06:12.126+0000] {processor.py:153} INFO - Started process (PID=48164) to work on /home/airflow/.local/lib/python3.7/site-packages/airflow/example_dags/example_branch_operator_decorator.py
[2025-01-15T00:06:12.126+0000] {processor.py:743} INFO - Processing file /home/airflow/.local/lib/python3.7/site-packages/airflow/example_dags/example_branch_operator_decorator.py for tasks to queue
[2025-01-15T00:06:12.127+0000] {logging_mixin.py:137} INFO - [2025-01-15T00:06:12.127+0000] {dagbag.py:538} INFO - Filling up the DagBag from /home/airflow/.local/lib/python3.7/site-packages/airflow/example_dags/example_branch_operator_decorator.py
[2025-01-15T00:06:12.138+0000] {processor.py:753} INFO - DAG(s) dict_keys(['example_branch_python_operator_decorator']) retrieved from /home/airflow/.local/lib/python3.7/site-packages/airflow/example_dags/example_branch_operator_decorator.py
[2025-01-15T00:06:12.151+0000] {logging_mixin.py:137} INFO - [2025-01-15T00:06:12.151+0000] {dag.py:2690} INFO - Sync 1 DAGs
[2025-01-15T00:06:12.232+0000] {logging_mixin.py:137} INFO - [2025-01-15T00:06:12.232+0000] {dag.py:3441} INFO - Setting next_dagrun for example_branch_python_operator_decorator to 2025-01-14T00:00:00+00:00, run_after=2025-01-15T00:00:00+00:00
[2025-01-15T00:06:12.243+0000] {processor.py:175} INFO - Processing /home/airflow/.local/lib/python3.7/site-packages/airflow/example_dags/example_branch_operator_decorator.py took 0.119 seconds
[2025-01-15T00:19:18.295+0000] {processor.py:153} INFO - Started process (PID=48240) to work on /home/airflow/.local/lib/python3.7/site-packages/airflow/example_dags/example_branch_operator_decorator.py
[2025-01-15T00:19:18.295+0000] {processor.py:743} INFO - Processing file /home/airflow/.local/lib/python3.7/site-packages/airflow/example_dags/example_branch_operator_decorator.py for tasks to queue
[2025-01-15T00:19:18.295+0000] {logging_mixin.py:137} INFO - [2025-01-15T00:19:18.295+0000] {dagbag.py:538} INFO - Filling up the DagBag from /home/airflow/.local/lib/python3.7/site-packages/airflow/example_dags/example_branch_operator_decorator.py
[2025-01-15T00:19:18.306+0000] {processor.py:753} INFO - DAG(s) dict_keys(['example_branch_python_operator_decorator']) retrieved from /home/airflow/.local/lib/python3.7/site-packages/airflow/example_dags/example_branch_operator_decorator.py
[2025-01-15T00:19:18.382+0000] {logging_mixin.py:137} INFO - [2025-01-15T00:19:18.382+0000] {dag.py:2690} INFO - Sync 1 DAGs
[2025-01-15T00:19:18.392+0000] {logging_mixin.py:137} INFO - [2025-01-15T00:19:18.392+0000] {dag.py:3441} INFO - Setting next_dagrun for example_branch_python_operator_decorator to 2025-01-14T00:00:00+00:00, run_after=2025-01-15T00:00:00+00:00
[2025-01-15T00:19:18.402+0000] {processor.py:175} INFO - Processing /home/airflow/.local/lib/python3.7/site-packages/airflow/example_dags/example_branch_operator_decorator.py took 0.108 seconds
[2025-01-15T00:19:48.979+0000] {processor.py:153} INFO - Started process (PID=48332) to work on /home/airflow/.local/lib/python3.7/site-packages/airflow/example_dags/example_branch_operator_decorator.py
[2025-01-15T00:19:48.980+0000] {processor.py:743} INFO - Processing file /home/airflow/.local/lib/python3.7/site-packages/airflow/example_dags/example_branch_operator_decorator.py for tasks to queue
[2025-01-15T00:19:48.980+0000] {logging_mixin.py:137} INFO - [2025-01-15T00:19:48.980+0000] {dagbag.py:538} INFO - Filling up the DagBag from /home/airflow/.local/lib/python3.7/site-packages/airflow/example_dags/example_branch_operator_decorator.py
[2025-01-15T00:19:48.991+0000] {processor.py:753} INFO - DAG(s) dict_keys(['example_branch_python_operator_decorator']) retrieved from /home/airflow/.local/lib/python3.7/site-packages/airflow/example_dags/example_branch_operator_decorator.py
[2025-01-15T00:19:49.006+0000] {logging_mixin.py:137} INFO - [2025-01-15T00:19:49.006+0000] {dag.py:2690} INFO - Sync 1 DAGs
[2025-01-15T00:19:49.018+0000] {logging_mixin.py:137} INFO - [2025-01-15T00:19:49.018+0000] {dag.py:3441} INFO - Setting next_dagrun for example_branch_python_operator_decorator to 2025-01-14T00:00:00+00:00, run_after=2025-01-15T00:00:00+00:00
[2025-01-15T00:19:49.024+0000] {processor.py:175} INFO - Processing /home/airflow/.local/lib/python3.7/site-packages/airflow/example_dags/example_branch_operator_decorator.py took 0.047 seconds
[2025-01-15T00:20:19.751+0000] {processor.py:153} INFO - Started process (PID=48424) to work on /home/airflow/.local/lib/python3.7/site-packages/airflow/example_dags/example_branch_operator_decorator.py
[2025-01-15T00:20:19.752+0000] {processor.py:743} INFO - Processing file /home/airflow/.local/lib/python3.7/site-packages/airflow/example_dags/example_branch_operator_decorator.py for tasks to queue
[2025-01-15T00:20:19.752+0000] {logging_mixin.py:137} INFO - [2025-01-15T00:20:19.752+0000] {dagbag.py:538} INFO - Filling up the DagBag from /home/airflow/.local/lib/python3.7/site-packages/airflow/example_dags/example_branch_operator_decorator.py
[2025-01-15T00:20:19.762+0000] {processor.py:753} INFO - DAG(s) dict_keys(['example_branch_python_operator_decorator']) retrieved from /home/airflow/.local/lib/python3.7/site-packages/airflow/example_dags/example_branch_operator_decorator.py
[2025-01-15T00:20:19.776+0000] {logging_mixin.py:137} INFO - [2025-01-15T00:20:19.776+0000] {dag.py:2690} INFO - Sync 1 DAGs
[2025-01-15T00:20:19.786+0000] {logging_mixin.py:137} INFO - [2025-01-15T00:20:19.786+0000] {dag.py:3441} INFO - Setting next_dagrun for example_branch_python_operator_decorator to 2025-01-14T00:00:00+00:00, run_after=2025-01-15T00:00:00+00:00
[2025-01-15T00:20:19.868+0000] {processor.py:175} INFO - Processing /home/airflow/.local/lib/python3.7/site-packages/airflow/example_dags/example_branch_operator_decorator.py took 0.118 seconds
[2025-01-15T00:23:09.864+0000] {processor.py:153} INFO - Started process (PID=48515) to work on /home/airflow/.local/lib/python3.7/site-packages/airflow/example_dags/example_branch_operator_decorator.py
[2025-01-15T00:23:09.865+0000] {processor.py:743} INFO - Processing file /home/airflow/.local/lib/python3.7/site-packages/airflow/example_dags/example_branch_operator_decorator.py for tasks to queue
[2025-01-15T00:23:09.865+0000] {logging_mixin.py:137} INFO - [2025-01-15T00:23:09.865+0000] {dagbag.py:538} INFO - Filling up the DagBag from /home/airflow/.local/lib/python3.7/site-packages/airflow/example_dags/example_branch_operator_decorator.py
[2025-01-15T00:23:09.880+0000] {processor.py:753} INFO - DAG(s) dict_keys(['example_branch_python_operator_decorator']) retrieved from /home/airflow/.local/lib/python3.7/site-packages/airflow/example_dags/example_branch_operator_decorator.py
[2025-01-15T00:23:09.897+0000] {logging_mixin.py:137} INFO - [2025-01-15T00:23:09.897+0000] {dag.py:2690} INFO - Sync 1 DAGs
[2025-01-15T00:23:09.986+0000] {logging_mixin.py:137} INFO - [2025-01-15T00:23:09.986+0000] {dag.py:3441} INFO - Setting next_dagrun for example_branch_python_operator_decorator to 2025-01-14T00:00:00+00:00, run_after=2025-01-15T00:00:00+00:00
[2025-01-15T00:23:09.993+0000] {processor.py:175} INFO - Processing /home/airflow/.local/lib/python3.7/site-packages/airflow/example_dags/example_branch_operator_decorator.py took 0.132 seconds
[2025-01-15T00:23:40.780+0000] {processor.py:153} INFO - Started process (PID=48591) to work on /home/airflow/.local/lib/python3.7/site-packages/airflow/example_dags/example_branch_operator_decorator.py
[2025-01-15T00:23:40.780+0000] {processor.py:743} INFO - Processing file /home/airflow/.local/lib/python3.7/site-packages/airflow/example_dags/example_branch_operator_decorator.py for tasks to queue
[2025-01-15T00:23:40.781+0000] {logging_mixin.py:137} INFO - [2025-01-15T00:23:40.781+0000] {dagbag.py:538} INFO - Filling up the DagBag from /home/airflow/.local/lib/python3.7/site-packages/airflow/example_dags/example_branch_operator_decorator.py
[2025-01-15T00:23:40.791+0000] {processor.py:753} INFO - DAG(s) dict_keys(['example_branch_python_operator_decorator']) retrieved from /home/airflow/.local/lib/python3.7/site-packages/airflow/example_dags/example_branch_operator_decorator.py
[2025-01-15T00:23:40.800+0000] {logging_mixin.py:137} INFO - [2025-01-15T00:23:40.800+0000] {dag.py:2690} INFO - Sync 1 DAGs
[2025-01-15T00:23:40.809+0000] {logging_mixin.py:137} INFO - [2025-01-15T00:23:40.809+0000] {dag.py:3441} INFO - Setting next_dagrun for example_branch_python_operator_decorator to 2025-01-14T00:00:00+00:00, run_after=2025-01-15T00:00:00+00:00
[2025-01-15T00:23:40.815+0000] {processor.py:175} INFO - Processing /home/airflow/.local/lib/python3.7/site-packages/airflow/example_dags/example_branch_operator_decorator.py took 0.037 seconds
[2025-01-15T00:24:20.084+0000] {processor.py:153} INFO - Started process (PID=48683) to work on /home/airflow/.local/lib/python3.7/site-packages/airflow/example_dags/example_branch_operator_decorator.py
[2025-01-15T00:24:20.085+0000] {processor.py:743} INFO - Processing file /home/airflow/.local/lib/python3.7/site-packages/airflow/example_dags/example_branch_operator_decorator.py for tasks to queue
[2025-01-15T00:24:20.085+0000] {logging_mixin.py:137} INFO - [2025-01-15T00:24:20.085+0000] {dagbag.py:538} INFO - Filling up the DagBag from /home/airflow/.local/lib/python3.7/site-packages/airflow/example_dags/example_branch_operator_decorator.py
[2025-01-15T00:24:20.096+0000] {processor.py:753} INFO - DAG(s) dict_keys(['example_branch_python_operator_decorator']) retrieved from /home/airflow/.local/lib/python3.7/site-packages/airflow/example_dags/example_branch_operator_decorator.py
[2025-01-15T00:24:20.107+0000] {logging_mixin.py:137} INFO - [2025-01-15T00:24:20.107+0000] {dag.py:2690} INFO - Sync 1 DAGs
[2025-01-15T00:24:20.118+0000] {logging_mixin.py:137} INFO - [2025-01-15T00:24:20.118+0000] {dag.py:3441} INFO - Setting next_dagrun for example_branch_python_operator_decorator to 2025-01-14T00:00:00+00:00, run_after=2025-01-15T00:00:00+00:00
[2025-01-15T00:24:20.195+0000] {processor.py:175} INFO - Processing /home/airflow/.local/lib/python3.7/site-packages/airflow/example_dags/example_branch_operator_decorator.py took 0.112 seconds
[2025-01-15T00:24:50.696+0000] {processor.py:153} INFO - Started process (PID=48775) to work on /home/airflow/.local/lib/python3.7/site-packages/airflow/example_dags/example_branch_operator_decorator.py
[2025-01-15T00:24:50.698+0000] {processor.py:743} INFO - Processing file /home/airflow/.local/lib/python3.7/site-packages/airflow/example_dags/example_branch_operator_decorator.py for tasks to queue
[2025-01-15T00:24:50.698+0000] {logging_mixin.py:137} INFO - [2025-01-15T00:24:50.698+0000] {dagbag.py:538} INFO - Filling up the DagBag from /home/airflow/.local/lib/python3.7/site-packages/airflow/example_dags/example_branch_operator_decorator.py
[2025-01-15T00:24:50.710+0000] {processor.py:753} INFO - DAG(s) dict_keys(['example_branch_python_operator_decorator']) retrieved from /home/airflow/.local/lib/python3.7/site-packages/airflow/example_dags/example_branch_operator_decorator.py
[2025-01-15T00:24:50.722+0000] {logging_mixin.py:137} INFO - [2025-01-15T00:24:50.722+0000] {dag.py:2690} INFO - Sync 1 DAGs
[2025-01-15T00:24:50.805+0000] {logging_mixin.py:137} INFO - [2025-01-15T00:24:50.805+0000] {dag.py:3441} INFO - Setting next_dagrun for example_branch_python_operator_decorator to 2025-01-14T00:00:00+00:00, run_after=2025-01-15T00:00:00+00:00
[2025-01-15T00:24:50.814+0000] {processor.py:175} INFO - Processing /home/airflow/.local/lib/python3.7/site-packages/airflow/example_dags/example_branch_operator_decorator.py took 0.119 seconds
[2025-01-15T00:25:21.634+0000] {processor.py:153} INFO - Started process (PID=48851) to work on /home/airflow/.local/lib/python3.7/site-packages/airflow/example_dags/example_branch_operator_decorator.py
[2025-01-15T00:25:21.636+0000] {processor.py:743} INFO - Processing file /home/airflow/.local/lib/python3.7/site-packages/airflow/example_dags/example_branch_operator_decorator.py for tasks to queue
[2025-01-15T00:25:21.636+0000] {logging_mixin.py:137} INFO - [2025-01-15T00:25:21.636+0000] {dagbag.py:538} INFO - Filling up the DagBag from /home/airflow/.local/lib/python3.7/site-packages/airflow/example_dags/example_branch_operator_decorator.py
[2025-01-15T00:25:21.646+0000] {processor.py:753} INFO - DAG(s) dict_keys(['example_branch_python_operator_decorator']) retrieved from /home/airflow/.local/lib/python3.7/site-packages/airflow/example_dags/example_branch_operator_decorator.py
[2025-01-15T00:25:21.658+0000] {logging_mixin.py:137} INFO - [2025-01-15T00:25:21.658+0000] {dag.py:2690} INFO - Sync 1 DAGs
[2025-01-15T00:25:21.668+0000] {logging_mixin.py:137} INFO - [2025-01-15T00:25:21.668+0000] {dag.py:3441} INFO - Setting next_dagrun for example_branch_python_operator_decorator to 2025-01-14T00:00:00+00:00, run_after=2025-01-15T00:00:00+00:00
[2025-01-15T00:25:21.679+0000] {processor.py:175} INFO - Processing /home/airflow/.local/lib/python3.7/site-packages/airflow/example_dags/example_branch_operator_decorator.py took 0.047 seconds
[2025-01-15T00:34:04.923+0000] {processor.py:153} INFO - Started process (PID=48942) to work on /home/airflow/.local/lib/python3.7/site-packages/airflow/example_dags/example_branch_operator_decorator.py
[2025-01-15T00:34:04.927+0000] {processor.py:743} INFO - Processing file /home/airflow/.local/lib/python3.7/site-packages/airflow/example_dags/example_branch_operator_decorator.py for tasks to queue
[2025-01-15T00:34:04.928+0000] {logging_mixin.py:137} INFO - [2025-01-15T00:34:04.928+0000] {dagbag.py:538} INFO - Filling up the DagBag from /home/airflow/.local/lib/python3.7/site-packages/airflow/example_dags/example_branch_operator_decorator.py
[2025-01-15T00:34:04.937+0000] {processor.py:753} INFO - DAG(s) dict_keys(['example_branch_python_operator_decorator']) retrieved from /home/airflow/.local/lib/python3.7/site-packages/airflow/example_dags/example_branch_operator_decorator.py
[2025-01-15T00:34:04.952+0000] {logging_mixin.py:137} INFO - [2025-01-15T00:34:04.952+0000] {dag.py:2690} INFO - Sync 1 DAGs
[2025-01-15T00:34:04.963+0000] {logging_mixin.py:137} INFO - [2025-01-15T00:34:04.963+0000] {dag.py:3441} INFO - Setting next_dagrun for example_branch_python_operator_decorator to 2025-01-14T00:00:00+00:00, run_after=2025-01-15T00:00:00+00:00
[2025-01-15T00:34:04.975+0000] {processor.py:175} INFO - Processing /home/airflow/.local/lib/python3.7/site-packages/airflow/example_dags/example_branch_operator_decorator.py took 0.054 seconds
[2025-01-15T00:34:35.472+0000] {processor.py:153} INFO - Started process (PID=49034) to work on /home/airflow/.local/lib/python3.7/site-packages/airflow/example_dags/example_branch_operator_decorator.py
[2025-01-15T00:34:35.472+0000] {processor.py:743} INFO - Processing file /home/airflow/.local/lib/python3.7/site-packages/airflow/example_dags/example_branch_operator_decorator.py for tasks to queue
[2025-01-15T00:34:35.473+0000] {logging_mixin.py:137} INFO - [2025-01-15T00:34:35.473+0000] {dagbag.py:538} INFO - Filling up the DagBag from /home/airflow/.local/lib/python3.7/site-packages/airflow/example_dags/example_branch_operator_decorator.py
[2025-01-15T00:34:35.483+0000] {processor.py:753} INFO - DAG(s) dict_keys(['example_branch_python_operator_decorator']) retrieved from /home/airflow/.local/lib/python3.7/site-packages/airflow/example_dags/example_branch_operator_decorator.py
[2025-01-15T00:34:35.495+0000] {logging_mixin.py:137} INFO - [2025-01-15T00:34:35.495+0000] {dag.py:2690} INFO - Sync 1 DAGs
[2025-01-15T00:34:35.573+0000] {logging_mixin.py:137} INFO - [2025-01-15T00:34:35.573+0000] {dag.py:3441} INFO - Setting next_dagrun for example_branch_python_operator_decorator to 2025-01-14T00:00:00+00:00, run_after=2025-01-15T00:00:00+00:00
[2025-01-15T00:34:35.587+0000] {processor.py:175} INFO - Processing /home/airflow/.local/lib/python3.7/site-packages/airflow/example_dags/example_branch_operator_decorator.py took 0.116 seconds
[2025-01-15T00:39:07.735+0000] {processor.py:153} INFO - Started process (PID=49126) to work on /home/airflow/.local/lib/python3.7/site-packages/airflow/example_dags/example_branch_operator_decorator.py
[2025-01-15T00:39:07.738+0000] {processor.py:743} INFO - Processing file /home/airflow/.local/lib/python3.7/site-packages/airflow/example_dags/example_branch_operator_decorator.py for tasks to queue
[2025-01-15T00:39:07.739+0000] {logging_mixin.py:137} INFO - [2025-01-15T00:39:07.739+0000] {dagbag.py:538} INFO - Filling up the DagBag from /home/airflow/.local/lib/python3.7/site-packages/airflow/example_dags/example_branch_operator_decorator.py
[2025-01-15T00:39:07.751+0000] {processor.py:753} INFO - DAG(s) dict_keys(['example_branch_python_operator_decorator']) retrieved from /home/airflow/.local/lib/python3.7/site-packages/airflow/example_dags/example_branch_operator_decorator.py
[2025-01-15T00:39:07.846+0000] {logging_mixin.py:137} INFO - [2025-01-15T00:39:07.846+0000] {dag.py:2690} INFO - Sync 1 DAGs
[2025-01-15T00:39:07.857+0000] {logging_mixin.py:137} INFO - [2025-01-15T00:39:07.857+0000] {dag.py:3441} INFO - Setting next_dagrun for example_branch_python_operator_decorator to 2025-01-14T00:00:00+00:00, run_after=2025-01-15T00:00:00+00:00
[2025-01-15T00:39:07.864+0000] {processor.py:175} INFO - Processing /home/airflow/.local/lib/python3.7/site-packages/airflow/example_dags/example_branch_operator_decorator.py took 0.130 seconds
[2025-01-15T00:39:38.744+0000] {processor.py:153} INFO - Started process (PID=49202) to work on /home/airflow/.local/lib/python3.7/site-packages/airflow/example_dags/example_branch_operator_decorator.py
[2025-01-15T00:39:38.745+0000] {processor.py:743} INFO - Processing file /home/airflow/.local/lib/python3.7/site-packages/airflow/example_dags/example_branch_operator_decorator.py for tasks to queue
[2025-01-15T00:39:38.745+0000] {logging_mixin.py:137} INFO - [2025-01-15T00:39:38.745+0000] {dagbag.py:538} INFO - Filling up the DagBag from /home/airflow/.local/lib/python3.7/site-packages/airflow/example_dags/example_branch_operator_decorator.py
[2025-01-15T00:39:38.755+0000] {processor.py:753} INFO - DAG(s) dict_keys(['example_branch_python_operator_decorator']) retrieved from /home/airflow/.local/lib/python3.7/site-packages/airflow/example_dags/example_branch_operator_decorator.py
[2025-01-15T00:39:38.765+0000] {logging_mixin.py:137} INFO - [2025-01-15T00:39:38.765+0000] {dag.py:2690} INFO - Sync 1 DAGs
[2025-01-15T00:39:38.775+0000] {logging_mixin.py:137} INFO - [2025-01-15T00:39:38.775+0000] {dag.py:3441} INFO - Setting next_dagrun for example_branch_python_operator_decorator to 2025-01-14T00:00:00+00:00, run_after=2025-01-15T00:00:00+00:00
[2025-01-15T00:39:38.781+0000] {processor.py:175} INFO - Processing /home/airflow/.local/lib/python3.7/site-packages/airflow/example_dags/example_branch_operator_decorator.py took 0.039 seconds
[2025-01-15T00:40:09.694+0000] {processor.py:153} INFO - Started process (PID=49294) to work on /home/airflow/.local/lib/python3.7/site-packages/airflow/example_dags/example_branch_operator_decorator.py
[2025-01-15T00:40:09.694+0000] {processor.py:743} INFO - Processing file /home/airflow/.local/lib/python3.7/site-packages/airflow/example_dags/example_branch_operator_decorator.py for tasks to queue
[2025-01-15T00:40:09.694+0000] {logging_mixin.py:137} INFO - [2025-01-15T00:40:09.694+0000] {dagbag.py:538} INFO - Filling up the DagBag from /home/airflow/.local/lib/python3.7/site-packages/airflow/example_dags/example_branch_operator_decorator.py
[2025-01-15T00:40:09.705+0000] {processor.py:753} INFO - DAG(s) dict_keys(['example_branch_python_operator_decorator']) retrieved from /home/airflow/.local/lib/python3.7/site-packages/airflow/example_dags/example_branch_operator_decorator.py
[2025-01-15T00:40:09.717+0000] {logging_mixin.py:137} INFO - [2025-01-15T00:40:09.717+0000] {dag.py:2690} INFO - Sync 1 DAGs
[2025-01-15T00:40:09.728+0000] {logging_mixin.py:137} INFO - [2025-01-15T00:40:09.728+0000] {dag.py:3441} INFO - Setting next_dagrun for example_branch_python_operator_decorator to 2025-01-14T00:00:00+00:00, run_after=2025-01-15T00:00:00+00:00
[2025-01-15T00:40:09.801+0000] {processor.py:175} INFO - Processing /home/airflow/.local/lib/python3.7/site-packages/airflow/example_dags/example_branch_operator_decorator.py took 0.109 seconds
[2025-01-15T00:46:04.523+0000] {processor.py:153} INFO - Started process (PID=49386) to work on /home/airflow/.local/lib/python3.7/site-packages/airflow/example_dags/example_branch_operator_decorator.py
[2025-01-15T00:46:04.524+0000] {processor.py:743} INFO - Processing file /home/airflow/.local/lib/python3.7/site-packages/airflow/example_dags/example_branch_operator_decorator.py for tasks to queue
[2025-01-15T00:46:04.524+0000] {logging_mixin.py:137} INFO - [2025-01-15T00:46:04.524+0000] {dagbag.py:538} INFO - Filling up the DagBag from /home/airflow/.local/lib/python3.7/site-packages/airflow/example_dags/example_branch_operator_decorator.py
[2025-01-15T00:46:04.534+0000] {processor.py:753} INFO - DAG(s) dict_keys(['example_branch_python_operator_decorator']) retrieved from /home/airflow/.local/lib/python3.7/site-packages/airflow/example_dags/example_branch_operator_decorator.py
[2025-01-15T00:46:04.547+0000] {logging_mixin.py:137} INFO - [2025-01-15T00:46:04.547+0000] {dag.py:2690} INFO - Sync 1 DAGs
[2025-01-15T00:46:04.624+0000] {logging_mixin.py:137} INFO - [2025-01-15T00:46:04.624+0000] {dag.py:3441} INFO - Setting next_dagrun for example_branch_python_operator_decorator to 2025-01-14T00:00:00+00:00, run_after=2025-01-15T00:00:00+00:00
[2025-01-15T00:46:04.642+0000] {processor.py:175} INFO - Processing /home/airflow/.local/lib/python3.7/site-packages/airflow/example_dags/example_branch_operator_decorator.py took 0.120 seconds
[2025-01-15T00:46:35.157+0000] {processor.py:153} INFO - Started process (PID=49471) to work on /home/airflow/.local/lib/python3.7/site-packages/airflow/example_dags/example_branch_operator_decorator.py
[2025-01-15T00:46:35.157+0000] {processor.py:743} INFO - Processing file /home/airflow/.local/lib/python3.7/site-packages/airflow/example_dags/example_branch_operator_decorator.py for tasks to queue
[2025-01-15T00:46:35.158+0000] {logging_mixin.py:137} INFO - [2025-01-15T00:46:35.158+0000] {dagbag.py:538} INFO - Filling up the DagBag from /home/airflow/.local/lib/python3.7/site-packages/airflow/example_dags/example_branch_operator_decorator.py
[2025-01-15T00:46:35.168+0000] {processor.py:753} INFO - DAG(s) dict_keys(['example_branch_python_operator_decorator']) retrieved from /home/airflow/.local/lib/python3.7/site-packages/airflow/example_dags/example_branch_operator_decorator.py
[2025-01-15T00:46:35.180+0000] {logging_mixin.py:137} INFO - [2025-01-15T00:46:35.180+0000] {dag.py:2690} INFO - Sync 1 DAGs
[2025-01-15T00:46:35.193+0000] {logging_mixin.py:137} INFO - [2025-01-15T00:46:35.193+0000] {dag.py:3441} INFO - Setting next_dagrun for example_branch_python_operator_decorator to 2025-01-14T00:00:00+00:00, run_after=2025-01-15T00:00:00+00:00
[2025-01-15T00:46:35.202+0000] {processor.py:175} INFO - Processing /home/airflow/.local/lib/python3.7/site-packages/airflow/example_dags/example_branch_operator_decorator.py took 0.048 seconds
[2025-01-15T00:48:06.480+0000] {processor.py:153} INFO - Started process (PID=49554) to work on /home/airflow/.local/lib/python3.7/site-packages/airflow/example_dags/example_branch_operator_decorator.py
[2025-01-15T00:48:06.481+0000] {processor.py:743} INFO - Processing file /home/airflow/.local/lib/python3.7/site-packages/airflow/example_dags/example_branch_operator_decorator.py for tasks to queue
[2025-01-15T00:48:06.481+0000] {logging_mixin.py:137} INFO - [2025-01-15T00:48:06.481+0000] {dagbag.py:538} INFO - Filling up the DagBag from /home/airflow/.local/lib/python3.7/site-packages/airflow/example_dags/example_branch_operator_decorator.py
[2025-01-15T00:48:06.491+0000] {processor.py:753} INFO - DAG(s) dict_keys(['example_branch_python_operator_decorator']) retrieved from /home/airflow/.local/lib/python3.7/site-packages/airflow/example_dags/example_branch_operator_decorator.py
[2025-01-15T00:48:06.502+0000] {logging_mixin.py:137} INFO - [2025-01-15T00:48:06.502+0000] {dag.py:2690} INFO - Sync 1 DAGs
[2025-01-15T00:48:06.512+0000] {logging_mixin.py:137} INFO - [2025-01-15T00:48:06.512+0000] {dag.py:3441} INFO - Setting next_dagrun for example_branch_python_operator_decorator to 2025-01-14T00:00:00+00:00, run_after=2025-01-15T00:00:00+00:00
[2025-01-15T00:48:06.584+0000] {processor.py:175} INFO - Processing /home/airflow/.local/lib/python3.7/site-packages/airflow/example_dags/example_branch_operator_decorator.py took 0.105 seconds
[2025-01-15T00:48:37.028+0000] {processor.py:153} INFO - Started process (PID=49646) to work on /home/airflow/.local/lib/python3.7/site-packages/airflow/example_dags/example_branch_operator_decorator.py
[2025-01-15T00:48:37.029+0000] {processor.py:743} INFO - Processing file /home/airflow/.local/lib/python3.7/site-packages/airflow/example_dags/example_branch_operator_decorator.py for tasks to queue
[2025-01-15T00:48:37.029+0000] {logging_mixin.py:137} INFO - [2025-01-15T00:48:37.029+0000] {dagbag.py:538} INFO - Filling up the DagBag from /home/airflow/.local/lib/python3.7/site-packages/airflow/example_dags/example_branch_operator_decorator.py
[2025-01-15T00:48:37.039+0000] {processor.py:753} INFO - DAG(s) dict_keys(['example_branch_python_operator_decorator']) retrieved from /home/airflow/.local/lib/python3.7/site-packages/airflow/example_dags/example_branch_operator_decorator.py
[2025-01-15T00:48:37.050+0000] {logging_mixin.py:137} INFO - [2025-01-15T00:48:37.050+0000] {dag.py:2690} INFO - Sync 1 DAGs
[2025-01-15T00:48:37.129+0000] {logging_mixin.py:137} INFO - [2025-01-15T00:48:37.129+0000] {dag.py:3441} INFO - Setting next_dagrun for example_branch_python_operator_decorator to 2025-01-14T00:00:00+00:00, run_after=2025-01-15T00:00:00+00:00
[2025-01-15T00:48:37.136+0000] {processor.py:175} INFO - Processing /home/airflow/.local/lib/python3.7/site-packages/airflow/example_dags/example_branch_operator_decorator.py took 0.110 seconds
[2025-01-15T00:49:08.003+0000] {processor.py:153} INFO - Started process (PID=49738) to work on /home/airflow/.local/lib/python3.7/site-packages/airflow/example_dags/example_branch_operator_decorator.py
[2025-01-15T00:49:08.003+0000] {processor.py:743} INFO - Processing file /home/airflow/.local/lib/python3.7/site-packages/airflow/example_dags/example_branch_operator_decorator.py for tasks to queue
[2025-01-15T00:49:08.004+0000] {logging_mixin.py:137} INFO - [2025-01-15T00:49:08.004+0000] {dagbag.py:538} INFO - Filling up the DagBag from /home/airflow/.local/lib/python3.7/site-packages/airflow/example_dags/example_branch_operator_decorator.py
[2025-01-15T00:49:08.013+0000] {processor.py:753} INFO - DAG(s) dict_keys(['example_branch_python_operator_decorator']) retrieved from /home/airflow/.local/lib/python3.7/site-packages/airflow/example_dags/example_branch_operator_decorator.py
[2025-01-15T00:49:08.091+0000] {logging_mixin.py:137} INFO - [2025-01-15T00:49:08.091+0000] {dag.py:2690} INFO - Sync 1 DAGs
[2025-01-15T00:49:08.102+0000] {logging_mixin.py:137} INFO - [2025-01-15T00:49:08.102+0000] {dag.py:3441} INFO - Setting next_dagrun for example_branch_python_operator_decorator to 2025-01-14T00:00:00+00:00, run_after=2025-01-15T00:00:00+00:00
[2025-01-15T00:49:08.110+0000] {processor.py:175} INFO - Processing /home/airflow/.local/lib/python3.7/site-packages/airflow/example_dags/example_branch_operator_decorator.py took 0.108 seconds
[2025-01-15T01:03:12.905+0000] {processor.py:153} INFO - Started process (PID=49814) to work on /home/airflow/.local/lib/python3.7/site-packages/airflow/example_dags/example_branch_operator_decorator.py
[2025-01-15T01:03:12.906+0000] {processor.py:743} INFO - Processing file /home/airflow/.local/lib/python3.7/site-packages/airflow/example_dags/example_branch_operator_decorator.py for tasks to queue
[2025-01-15T01:03:12.906+0000] {logging_mixin.py:137} INFO - [2025-01-15T01:03:12.906+0000] {dagbag.py:538} INFO - Filling up the DagBag from /home/airflow/.local/lib/python3.7/site-packages/airflow/example_dags/example_branch_operator_decorator.py
[2025-01-15T01:03:12.916+0000] {processor.py:753} INFO - DAG(s) dict_keys(['example_branch_python_operator_decorator']) retrieved from /home/airflow/.local/lib/python3.7/site-packages/airflow/example_dags/example_branch_operator_decorator.py
[2025-01-15T01:03:12.928+0000] {logging_mixin.py:137} INFO - [2025-01-15T01:03:12.928+0000] {dag.py:2690} INFO - Sync 1 DAGs
[2025-01-15T01:03:12.938+0000] {logging_mixin.py:137} INFO - [2025-01-15T01:03:12.938+0000] {dag.py:3441} INFO - Setting next_dagrun for example_branch_python_operator_decorator to 2025-01-14T00:00:00+00:00, run_after=2025-01-15T00:00:00+00:00
[2025-01-15T01:03:12.950+0000] {processor.py:175} INFO - Processing /home/airflow/.local/lib/python3.7/site-packages/airflow/example_dags/example_branch_operator_decorator.py took 0.046 seconds
