[2025-01-15T00:05:42.841+0000] {processor.py:153} INFO - Started process (PID=48096) to work on /home/airflow/.local/lib/python3.7/site-packages/airflow/example_dags/tutorial.py
[2025-01-15T00:05:42.842+0000] {processor.py:743} INFO - Processing file /home/airflow/.local/lib/python3.7/site-packages/airflow/example_dags/tutorial.py for tasks to queue
[2025-01-15T00:05:42.842+0000] {logging_mixin.py:137} INFO - [2025-01-15T00:05:42.842+0000] {dagbag.py:538} INFO - Filling up the DagBag from /home/airflow/.local/lib/python3.7/site-packages/airflow/example_dags/tutorial.py
[2025-01-15T00:05:42.849+0000] {processor.py:753} INFO - DAG(s) dict_keys(['tutorial']) retrieved from /home/airflow/.local/lib/python3.7/site-packages/airflow/example_dags/tutorial.py
[2025-01-15T00:05:42.860+0000] {logging_mixin.py:137} INFO - [2025-01-15T00:05:42.860+0000] {dag.py:2690} INFO - Sync 1 DAGs
[2025-01-15T00:05:42.871+0000] {logging_mixin.py:137} INFO - [2025-01-15T00:05:42.871+0000] {dag.py:3441} INFO - Setting next_dagrun for tutorial to 2025-01-14T00:05:42.871087+00:00, run_after=2025-01-15T00:05:42.871087+00:00
[2025-01-15T00:05:42.880+0000] {processor.py:175} INFO - Processing /home/airflow/.local/lib/python3.7/site-packages/airflow/example_dags/tutorial.py took 0.041 seconds
[2025-01-15T00:06:13.625+0000] {processor.py:153} INFO - Started process (PID=48187) to work on /home/airflow/.local/lib/python3.7/site-packages/airflow/example_dags/tutorial.py
[2025-01-15T00:06:13.625+0000] {processor.py:743} INFO - Processing file /home/airflow/.local/lib/python3.7/site-packages/airflow/example_dags/tutorial.py for tasks to queue
[2025-01-15T00:06:13.625+0000] {logging_mixin.py:137} INFO - [2025-01-15T00:06:13.625+0000] {dagbag.py:538} INFO - Filling up the DagBag from /home/airflow/.local/lib/python3.7/site-packages/airflow/example_dags/tutorial.py
[2025-01-15T00:06:13.630+0000] {processor.py:753} INFO - DAG(s) dict_keys(['tutorial']) retrieved from /home/airflow/.local/lib/python3.7/site-packages/airflow/example_dags/tutorial.py
[2025-01-15T00:06:13.639+0000] {logging_mixin.py:137} INFO - [2025-01-15T00:06:13.639+0000] {dag.py:2690} INFO - Sync 1 DAGs
[2025-01-15T00:06:13.704+0000] {logging_mixin.py:137} INFO - [2025-01-15T00:06:13.704+0000] {dag.py:3441} INFO - Setting next_dagrun for tutorial to 2025-01-14T00:06:13.704078+00:00, run_after=2025-01-15T00:06:13.704078+00:00
[2025-01-15T00:06:13.710+0000] {processor.py:175} INFO - Processing /home/airflow/.local/lib/python3.7/site-packages/airflow/example_dags/tutorial.py took 0.087 seconds
[2025-01-15T00:19:19.068+0000] {processor.py:153} INFO - Started process (PID=48263) to work on /home/airflow/.local/lib/python3.7/site-packages/airflow/example_dags/tutorial.py
[2025-01-15T00:19:19.069+0000] {processor.py:743} INFO - Processing file /home/airflow/.local/lib/python3.7/site-packages/airflow/example_dags/tutorial.py for tasks to queue
[2025-01-15T00:19:19.069+0000] {logging_mixin.py:137} INFO - [2025-01-15T00:19:19.069+0000] {dagbag.py:538} INFO - Filling up the DagBag from /home/airflow/.local/lib/python3.7/site-packages/airflow/example_dags/tutorial.py
[2025-01-15T00:19:19.075+0000] {processor.py:753} INFO - DAG(s) dict_keys(['tutorial']) retrieved from /home/airflow/.local/lib/python3.7/site-packages/airflow/example_dags/tutorial.py
[2025-01-15T00:19:19.086+0000] {logging_mixin.py:137} INFO - [2025-01-15T00:19:19.086+0000] {dag.py:2690} INFO - Sync 1 DAGs
[2025-01-15T00:19:19.097+0000] {logging_mixin.py:137} INFO - [2025-01-15T00:19:19.097+0000] {dag.py:3441} INFO - Setting next_dagrun for tutorial to 2025-01-14T00:19:19.096962+00:00, run_after=2025-01-15T00:19:19.096962+00:00
[2025-01-15T00:19:19.108+0000] {processor.py:175} INFO - Processing /home/airflow/.local/lib/python3.7/site-packages/airflow/example_dags/tutorial.py took 0.041 seconds
[2025-01-15T00:19:49.656+0000] {processor.py:153} INFO - Started process (PID=48355) to work on /home/airflow/.local/lib/python3.7/site-packages/airflow/example_dags/tutorial.py
[2025-01-15T00:19:49.656+0000] {processor.py:743} INFO - Processing file /home/airflow/.local/lib/python3.7/site-packages/airflow/example_dags/tutorial.py for tasks to queue
[2025-01-15T00:19:49.659+0000] {logging_mixin.py:137} INFO - [2025-01-15T00:19:49.659+0000] {dagbag.py:538} INFO - Filling up the DagBag from /home/airflow/.local/lib/python3.7/site-packages/airflow/example_dags/tutorial.py
[2025-01-15T00:19:49.665+0000] {processor.py:753} INFO - DAG(s) dict_keys(['tutorial']) retrieved from /home/airflow/.local/lib/python3.7/site-packages/airflow/example_dags/tutorial.py
[2025-01-15T00:19:49.680+0000] {logging_mixin.py:137} INFO - [2025-01-15T00:19:49.680+0000] {dag.py:2690} INFO - Sync 1 DAGs
[2025-01-15T00:19:49.693+0000] {logging_mixin.py:137} INFO - [2025-01-15T00:19:49.693+0000] {dag.py:3441} INFO - Setting next_dagrun for tutorial to 2025-01-14T00:19:49.693826+00:00, run_after=2025-01-15T00:19:49.693826+00:00
[2025-01-15T00:19:49.700+0000] {processor.py:175} INFO - Processing /home/airflow/.local/lib/python3.7/site-packages/airflow/example_dags/tutorial.py took 0.047 seconds
[2025-01-15T00:20:21.046+0000] {processor.py:153} INFO - Started process (PID=48447) to work on /home/airflow/.local/lib/python3.7/site-packages/airflow/example_dags/tutorial.py
[2025-01-15T00:20:21.046+0000] {processor.py:743} INFO - Processing file /home/airflow/.local/lib/python3.7/site-packages/airflow/example_dags/tutorial.py for tasks to queue
[2025-01-15T00:20:21.046+0000] {logging_mixin.py:137} INFO - [2025-01-15T00:20:21.046+0000] {dagbag.py:538} INFO - Filling up the DagBag from /home/airflow/.local/lib/python3.7/site-packages/airflow/example_dags/tutorial.py
[2025-01-15T00:20:21.052+0000] {processor.py:753} INFO - DAG(s) dict_keys(['tutorial']) retrieved from /home/airflow/.local/lib/python3.7/site-packages/airflow/example_dags/tutorial.py
[2025-01-15T00:20:21.064+0000] {logging_mixin.py:137} INFO - [2025-01-15T00:20:21.064+0000] {dag.py:2690} INFO - Sync 1 DAGs
[2025-01-15T00:20:21.073+0000] {logging_mixin.py:137} INFO - [2025-01-15T00:20:21.073+0000] {dag.py:3441} INFO - Setting next_dagrun for tutorial to 2025-01-14T00:20:21.073670+00:00, run_after=2025-01-15T00:20:21.073670+00:00
[2025-01-15T00:20:21.149+0000] {processor.py:175} INFO - Processing /home/airflow/.local/lib/python3.7/site-packages/airflow/example_dags/tutorial.py took 0.105 seconds
[2025-01-15T00:23:11.367+0000] {processor.py:153} INFO - Started process (PID=48538) to work on /home/airflow/.local/lib/python3.7/site-packages/airflow/example_dags/tutorial.py
[2025-01-15T00:23:11.367+0000] {processor.py:743} INFO - Processing file /home/airflow/.local/lib/python3.7/site-packages/airflow/example_dags/tutorial.py for tasks to queue
[2025-01-15T00:23:11.368+0000] {logging_mixin.py:137} INFO - [2025-01-15T00:23:11.367+0000] {dagbag.py:538} INFO - Filling up the DagBag from /home/airflow/.local/lib/python3.7/site-packages/airflow/example_dags/tutorial.py
[2025-01-15T00:23:11.374+0000] {processor.py:753} INFO - DAG(s) dict_keys(['tutorial']) retrieved from /home/airflow/.local/lib/python3.7/site-packages/airflow/example_dags/tutorial.py
[2025-01-15T00:23:11.385+0000] {logging_mixin.py:137} INFO - [2025-01-15T00:23:11.384+0000] {dag.py:2690} INFO - Sync 1 DAGs
[2025-01-15T00:23:11.468+0000] {logging_mixin.py:137} INFO - [2025-01-15T00:23:11.468+0000] {dag.py:3441} INFO - Setting next_dagrun for tutorial to 2025-01-14T00:23:11.468632+00:00, run_after=2025-01-15T00:23:11.468632+00:00
[2025-01-15T00:23:11.482+0000] {processor.py:175} INFO - Processing /home/airflow/.local/lib/python3.7/site-packages/airflow/example_dags/tutorial.py took 0.116 seconds
[2025-01-15T00:23:42.446+0000] {processor.py:153} INFO - Started process (PID=48621) to work on /home/airflow/.local/lib/python3.7/site-packages/airflow/example_dags/tutorial.py
[2025-01-15T00:23:42.448+0000] {processor.py:743} INFO - Processing file /home/airflow/.local/lib/python3.7/site-packages/airflow/example_dags/tutorial.py for tasks to queue
[2025-01-15T00:23:42.448+0000] {logging_mixin.py:137} INFO - [2025-01-15T00:23:42.448+0000] {dagbag.py:538} INFO - Filling up the DagBag from /home/airflow/.local/lib/python3.7/site-packages/airflow/example_dags/tutorial.py
[2025-01-15T00:23:42.455+0000] {processor.py:753} INFO - DAG(s) dict_keys(['tutorial']) retrieved from /home/airflow/.local/lib/python3.7/site-packages/airflow/example_dags/tutorial.py
[2025-01-15T00:23:42.468+0000] {logging_mixin.py:137} INFO - [2025-01-15T00:23:42.468+0000] {dag.py:2690} INFO - Sync 1 DAGs
[2025-01-15T00:23:42.478+0000] {logging_mixin.py:137} INFO - [2025-01-15T00:23:42.478+0000] {dag.py:3441} INFO - Setting next_dagrun for tutorial to 2025-01-14T00:23:42.478492+00:00, run_after=2025-01-15T00:23:42.478492+00:00
[2025-01-15T00:23:42.488+0000] {processor.py:175} INFO - Processing /home/airflow/.local/lib/python3.7/site-packages/airflow/example_dags/tutorial.py took 0.043 seconds
[2025-01-15T00:24:21.336+0000] {processor.py:153} INFO - Started process (PID=48706) to work on /home/airflow/.local/lib/python3.7/site-packages/airflow/example_dags/tutorial.py
[2025-01-15T00:24:21.336+0000] {processor.py:743} INFO - Processing file /home/airflow/.local/lib/python3.7/site-packages/airflow/example_dags/tutorial.py for tasks to queue
[2025-01-15T00:24:21.337+0000] {logging_mixin.py:137} INFO - [2025-01-15T00:24:21.337+0000] {dagbag.py:538} INFO - Filling up the DagBag from /home/airflow/.local/lib/python3.7/site-packages/airflow/example_dags/tutorial.py
[2025-01-15T00:24:21.346+0000] {processor.py:753} INFO - DAG(s) dict_keys(['tutorial']) retrieved from /home/airflow/.local/lib/python3.7/site-packages/airflow/example_dags/tutorial.py
[2025-01-15T00:24:21.357+0000] {logging_mixin.py:137} INFO - [2025-01-15T00:24:21.357+0000] {dag.py:2690} INFO - Sync 1 DAGs
[2025-01-15T00:24:21.368+0000] {logging_mixin.py:137} INFO - [2025-01-15T00:24:21.368+0000] {dag.py:3441} INFO - Setting next_dagrun for tutorial to 2025-01-14T00:24:21.368289+00:00, run_after=2025-01-15T00:24:21.368289+00:00
[2025-01-15T00:24:21.379+0000] {processor.py:175} INFO - Processing /home/airflow/.local/lib/python3.7/site-packages/airflow/example_dags/tutorial.py took 0.046 seconds
[2025-01-15T00:24:52.126+0000] {processor.py:153} INFO - Started process (PID=48798) to work on /home/airflow/.local/lib/python3.7/site-packages/airflow/example_dags/tutorial.py
[2025-01-15T00:24:52.127+0000] {processor.py:743} INFO - Processing file /home/airflow/.local/lib/python3.7/site-packages/airflow/example_dags/tutorial.py for tasks to queue
[2025-01-15T00:24:52.127+0000] {logging_mixin.py:137} INFO - [2025-01-15T00:24:52.127+0000] {dagbag.py:538} INFO - Filling up the DagBag from /home/airflow/.local/lib/python3.7/site-packages/airflow/example_dags/tutorial.py
[2025-01-15T00:24:52.133+0000] {processor.py:753} INFO - DAG(s) dict_keys(['tutorial']) retrieved from /home/airflow/.local/lib/python3.7/site-packages/airflow/example_dags/tutorial.py
[2025-01-15T00:24:52.143+0000] {logging_mixin.py:137} INFO - [2025-01-15T00:24:52.142+0000] {dag.py:2690} INFO - Sync 1 DAGs
[2025-01-15T00:24:52.219+0000] {logging_mixin.py:137} INFO - [2025-01-15T00:24:52.219+0000] {dag.py:3441} INFO - Setting next_dagrun for tutorial to 2025-01-14T00:24:52.219367+00:00, run_after=2025-01-15T00:24:52.219367+00:00
[2025-01-15T00:24:52.228+0000] {processor.py:175} INFO - Processing /home/airflow/.local/lib/python3.7/site-packages/airflow/example_dags/tutorial.py took 0.103 seconds
[2025-01-15T00:25:22.339+0000] {processor.py:153} INFO - Started process (PID=48883) to work on /home/airflow/.local/lib/python3.7/site-packages/airflow/example_dags/tutorial.py
[2025-01-15T00:25:22.339+0000] {processor.py:743} INFO - Processing file /home/airflow/.local/lib/python3.7/site-packages/airflow/example_dags/tutorial.py for tasks to queue
[2025-01-15T00:25:22.340+0000] {logging_mixin.py:137} INFO - [2025-01-15T00:25:22.340+0000] {dagbag.py:538} INFO - Filling up the DagBag from /home/airflow/.local/lib/python3.7/site-packages/airflow/example_dags/tutorial.py
[2025-01-15T00:25:22.346+0000] {processor.py:753} INFO - DAG(s) dict_keys(['tutorial']) retrieved from /home/airflow/.local/lib/python3.7/site-packages/airflow/example_dags/tutorial.py
[2025-01-15T00:25:22.358+0000] {logging_mixin.py:137} INFO - [2025-01-15T00:25:22.357+0000] {dag.py:2690} INFO - Sync 1 DAGs
[2025-01-15T00:25:22.368+0000] {logging_mixin.py:137} INFO - [2025-01-15T00:25:22.368+0000] {dag.py:3441} INFO - Setting next_dagrun for tutorial to 2025-01-14T00:25:22.367995+00:00, run_after=2025-01-15T00:25:22.367995+00:00
[2025-01-15T00:25:22.378+0000] {processor.py:175} INFO - Processing /home/airflow/.local/lib/python3.7/site-packages/airflow/example_dags/tutorial.py took 0.042 seconds
[2025-01-15T00:34:06.253+0000] {processor.py:153} INFO - Started process (PID=48965) to work on /home/airflow/.local/lib/python3.7/site-packages/airflow/example_dags/tutorial.py
[2025-01-15T00:34:06.255+0000] {processor.py:743} INFO - Processing file /home/airflow/.local/lib/python3.7/site-packages/airflow/example_dags/tutorial.py for tasks to queue
[2025-01-15T00:34:06.256+0000] {logging_mixin.py:137} INFO - [2025-01-15T00:34:06.256+0000] {dagbag.py:538} INFO - Filling up the DagBag from /home/airflow/.local/lib/python3.7/site-packages/airflow/example_dags/tutorial.py
[2025-01-15T00:34:06.262+0000] {processor.py:753} INFO - DAG(s) dict_keys(['tutorial']) retrieved from /home/airflow/.local/lib/python3.7/site-packages/airflow/example_dags/tutorial.py
[2025-01-15T00:34:06.271+0000] {logging_mixin.py:137} INFO - [2025-01-15T00:34:06.271+0000] {dag.py:2690} INFO - Sync 1 DAGs
[2025-01-15T00:34:06.280+0000] {logging_mixin.py:137} INFO - [2025-01-15T00:34:06.280+0000] {dag.py:3441} INFO - Setting next_dagrun for tutorial to 2025-01-14T00:34:06.280041+00:00, run_after=2025-01-15T00:34:06.280041+00:00
[2025-01-15T00:34:06.288+0000] {processor.py:175} INFO - Processing /home/airflow/.local/lib/python3.7/site-packages/airflow/example_dags/tutorial.py took 0.036 seconds
[2025-01-15T00:34:36.846+0000] {processor.py:153} INFO - Started process (PID=49057) to work on /home/airflow/.local/lib/python3.7/site-packages/airflow/example_dags/tutorial.py
[2025-01-15T00:34:36.846+0000] {processor.py:743} INFO - Processing file /home/airflow/.local/lib/python3.7/site-packages/airflow/example_dags/tutorial.py for tasks to queue
[2025-01-15T00:34:36.847+0000] {logging_mixin.py:137} INFO - [2025-01-15T00:34:36.847+0000] {dagbag.py:538} INFO - Filling up the DagBag from /home/airflow/.local/lib/python3.7/site-packages/airflow/example_dags/tutorial.py
[2025-01-15T00:34:36.853+0000] {processor.py:753} INFO - DAG(s) dict_keys(['tutorial']) retrieved from /home/airflow/.local/lib/python3.7/site-packages/airflow/example_dags/tutorial.py
[2025-01-15T00:34:36.863+0000] {logging_mixin.py:137} INFO - [2025-01-15T00:34:36.863+0000] {dag.py:2690} INFO - Sync 1 DAGs
[2025-01-15T00:34:36.940+0000] {logging_mixin.py:137} INFO - [2025-01-15T00:34:36.940+0000] {dag.py:3441} INFO - Setting next_dagrun for tutorial to 2025-01-14T00:34:36.939993+00:00, run_after=2025-01-15T00:34:36.939993+00:00
[2025-01-15T00:34:36.950+0000] {processor.py:175} INFO - Processing /home/airflow/.local/lib/python3.7/site-packages/airflow/example_dags/tutorial.py took 0.105 seconds
[2025-01-15T00:39:09.267+0000] {processor.py:153} INFO - Started process (PID=49149) to work on /home/airflow/.local/lib/python3.7/site-packages/airflow/example_dags/tutorial.py
[2025-01-15T00:39:09.267+0000] {processor.py:743} INFO - Processing file /home/airflow/.local/lib/python3.7/site-packages/airflow/example_dags/tutorial.py for tasks to queue
[2025-01-15T00:39:09.268+0000] {logging_mixin.py:137} INFO - [2025-01-15T00:39:09.268+0000] {dagbag.py:538} INFO - Filling up the DagBag from /home/airflow/.local/lib/python3.7/site-packages/airflow/example_dags/tutorial.py
[2025-01-15T00:39:09.273+0000] {processor.py:753} INFO - DAG(s) dict_keys(['tutorial']) retrieved from /home/airflow/.local/lib/python3.7/site-packages/airflow/example_dags/tutorial.py
[2025-01-15T00:39:09.284+0000] {logging_mixin.py:137} INFO - [2025-01-15T00:39:09.284+0000] {dag.py:2690} INFO - Sync 1 DAGs
[2025-01-15T00:39:09.363+0000] {logging_mixin.py:137} INFO - [2025-01-15T00:39:09.362+0000] {dag.py:3441} INFO - Setting next_dagrun for tutorial to 2025-01-14T00:39:09.362859+00:00, run_after=2025-01-15T00:39:09.362859+00:00
[2025-01-15T00:39:09.373+0000] {processor.py:175} INFO - Processing /home/airflow/.local/lib/python3.7/site-packages/airflow/example_dags/tutorial.py took 0.108 seconds
[2025-01-15T00:39:39.534+0000] {processor.py:153} INFO - Started process (PID=49225) to work on /home/airflow/.local/lib/python3.7/site-packages/airflow/example_dags/tutorial.py
[2025-01-15T00:39:39.535+0000] {processor.py:743} INFO - Processing file /home/airflow/.local/lib/python3.7/site-packages/airflow/example_dags/tutorial.py for tasks to queue
[2025-01-15T00:39:39.536+0000] {logging_mixin.py:137} INFO - [2025-01-15T00:39:39.536+0000] {dagbag.py:538} INFO - Filling up the DagBag from /home/airflow/.local/lib/python3.7/site-packages/airflow/example_dags/tutorial.py
[2025-01-15T00:39:39.543+0000] {processor.py:753} INFO - DAG(s) dict_keys(['tutorial']) retrieved from /home/airflow/.local/lib/python3.7/site-packages/airflow/example_dags/tutorial.py
[2025-01-15T00:39:39.554+0000] {logging_mixin.py:137} INFO - [2025-01-15T00:39:39.554+0000] {dag.py:2690} INFO - Sync 1 DAGs
[2025-01-15T00:39:39.568+0000] {logging_mixin.py:137} INFO - [2025-01-15T00:39:39.568+0000] {dag.py:3441} INFO - Setting next_dagrun for tutorial to 2025-01-14T00:39:39.568094+00:00, run_after=2025-01-15T00:39:39.568094+00:00
[2025-01-15T00:39:39.576+0000] {processor.py:175} INFO - Processing /home/airflow/.local/lib/python3.7/site-packages/airflow/example_dags/tutorial.py took 0.044 seconds
[2025-01-15T00:40:10.944+0000] {processor.py:153} INFO - Started process (PID=49317) to work on /home/airflow/.local/lib/python3.7/site-packages/airflow/example_dags/tutorial.py
[2025-01-15T00:40:10.944+0000] {processor.py:743} INFO - Processing file /home/airflow/.local/lib/python3.7/site-packages/airflow/example_dags/tutorial.py for tasks to queue
[2025-01-15T00:40:10.944+0000] {logging_mixin.py:137} INFO - [2025-01-15T00:40:10.944+0000] {dagbag.py:538} INFO - Filling up the DagBag from /home/airflow/.local/lib/python3.7/site-packages/airflow/example_dags/tutorial.py
[2025-01-15T00:40:10.951+0000] {processor.py:753} INFO - DAG(s) dict_keys(['tutorial']) retrieved from /home/airflow/.local/lib/python3.7/site-packages/airflow/example_dags/tutorial.py
[2025-01-15T00:40:10.962+0000] {logging_mixin.py:137} INFO - [2025-01-15T00:40:10.962+0000] {dag.py:2690} INFO - Sync 1 DAGs
[2025-01-15T00:40:10.972+0000] {logging_mixin.py:137} INFO - [2025-01-15T00:40:10.972+0000] {dag.py:3441} INFO - Setting next_dagrun for tutorial to 2025-01-14T00:40:10.972416+00:00, run_after=2025-01-15T00:40:10.972416+00:00
[2025-01-15T00:40:11.045+0000] {processor.py:175} INFO - Processing /home/airflow/.local/lib/python3.7/site-packages/airflow/example_dags/tutorial.py took 0.103 seconds
[2025-01-15T00:46:05.895+0000] {processor.py:153} INFO - Started process (PID=49409) to work on /home/airflow/.local/lib/python3.7/site-packages/airflow/example_dags/tutorial.py
[2025-01-15T00:46:05.895+0000] {processor.py:743} INFO - Processing file /home/airflow/.local/lib/python3.7/site-packages/airflow/example_dags/tutorial.py for tasks to queue
[2025-01-15T00:46:05.896+0000] {logging_mixin.py:137} INFO - [2025-01-15T00:46:05.896+0000] {dagbag.py:538} INFO - Filling up the DagBag from /home/airflow/.local/lib/python3.7/site-packages/airflow/example_dags/tutorial.py
[2025-01-15T00:46:05.902+0000] {processor.py:753} INFO - DAG(s) dict_keys(['tutorial']) retrieved from /home/airflow/.local/lib/python3.7/site-packages/airflow/example_dags/tutorial.py
[2025-01-15T00:46:05.912+0000] {logging_mixin.py:137} INFO - [2025-01-15T00:46:05.912+0000] {dag.py:2690} INFO - Sync 1 DAGs
[2025-01-15T00:46:05.991+0000] {logging_mixin.py:137} INFO - [2025-01-15T00:46:05.991+0000] {dag.py:3441} INFO - Setting next_dagrun for tutorial to 2025-01-14T00:46:05.991352+00:00, run_after=2025-01-15T00:46:05.991352+00:00
[2025-01-15T00:46:05.998+0000] {processor.py:175} INFO - Processing /home/airflow/.local/lib/python3.7/site-packages/airflow/example_dags/tutorial.py took 0.104 seconds
[2025-01-15T00:46:36.986+0000] {processor.py:153} INFO - Started process (PID=49501) to work on /home/airflow/.local/lib/python3.7/site-packages/airflow/example_dags/tutorial.py
[2025-01-15T00:46:36.989+0000] {processor.py:743} INFO - Processing file /home/airflow/.local/lib/python3.7/site-packages/airflow/example_dags/tutorial.py for tasks to queue
[2025-01-15T00:46:36.990+0000] {logging_mixin.py:137} INFO - [2025-01-15T00:46:36.990+0000] {dagbag.py:538} INFO - Filling up the DagBag from /home/airflow/.local/lib/python3.7/site-packages/airflow/example_dags/tutorial.py
[2025-01-15T00:46:37.000+0000] {processor.py:753} INFO - DAG(s) dict_keys(['tutorial']) retrieved from /home/airflow/.local/lib/python3.7/site-packages/airflow/example_dags/tutorial.py
[2025-01-15T00:46:37.014+0000] {logging_mixin.py:137} INFO - [2025-01-15T00:46:37.014+0000] {dag.py:2690} INFO - Sync 1 DAGs
[2025-01-15T00:46:37.026+0000] {logging_mixin.py:137} INFO - [2025-01-15T00:46:37.026+0000] {dag.py:3441} INFO - Setting next_dagrun for tutorial to 2025-01-14T00:46:37.026558+00:00, run_after=2025-01-15T00:46:37.026558+00:00
[2025-01-15T00:46:37.036+0000] {processor.py:175} INFO - Processing /home/airflow/.local/lib/python3.7/site-packages/airflow/example_dags/tutorial.py took 0.054 seconds
[2025-01-15T00:48:07.787+0000] {processor.py:153} INFO - Started process (PID=49577) to work on /home/airflow/.local/lib/python3.7/site-packages/airflow/example_dags/tutorial.py
[2025-01-15T00:48:07.787+0000] {processor.py:743} INFO - Processing file /home/airflow/.local/lib/python3.7/site-packages/airflow/example_dags/tutorial.py for tasks to queue
[2025-01-15T00:48:07.787+0000] {logging_mixin.py:137} INFO - [2025-01-15T00:48:07.787+0000] {dagbag.py:538} INFO - Filling up the DagBag from /home/airflow/.local/lib/python3.7/site-packages/airflow/example_dags/tutorial.py
[2025-01-15T00:48:07.793+0000] {processor.py:753} INFO - DAG(s) dict_keys(['tutorial']) retrieved from /home/airflow/.local/lib/python3.7/site-packages/airflow/example_dags/tutorial.py
[2025-01-15T00:48:07.803+0000] {logging_mixin.py:137} INFO - [2025-01-15T00:48:07.803+0000] {dag.py:2690} INFO - Sync 1 DAGs
[2025-01-15T00:48:07.813+0000] {logging_mixin.py:137} INFO - [2025-01-15T00:48:07.813+0000] {dag.py:3441} INFO - Setting next_dagrun for tutorial to 2025-01-14T00:48:07.813061+00:00, run_after=2025-01-15T00:48:07.813061+00:00
[2025-01-15T00:48:07.821+0000] {processor.py:175} INFO - Processing /home/airflow/.local/lib/python3.7/site-packages/airflow/example_dags/tutorial.py took 0.036 seconds
[2025-01-15T00:48:38.364+0000] {processor.py:153} INFO - Started process (PID=49669) to work on /home/airflow/.local/lib/python3.7/site-packages/airflow/example_dags/tutorial.py
[2025-01-15T00:48:38.365+0000] {processor.py:743} INFO - Processing file /home/airflow/.local/lib/python3.7/site-packages/airflow/example_dags/tutorial.py for tasks to queue
[2025-01-15T00:48:38.366+0000] {logging_mixin.py:137} INFO - [2025-01-15T00:48:38.365+0000] {dagbag.py:538} INFO - Filling up the DagBag from /home/airflow/.local/lib/python3.7/site-packages/airflow/example_dags/tutorial.py
[2025-01-15T00:48:38.372+0000] {processor.py:753} INFO - DAG(s) dict_keys(['tutorial']) retrieved from /home/airflow/.local/lib/python3.7/site-packages/airflow/example_dags/tutorial.py
[2025-01-15T00:48:38.382+0000] {logging_mixin.py:137} INFO - [2025-01-15T00:48:38.382+0000] {dag.py:2690} INFO - Sync 1 DAGs
[2025-01-15T00:48:38.455+0000] {logging_mixin.py:137} INFO - [2025-01-15T00:48:38.455+0000] {dag.py:3441} INFO - Setting next_dagrun for tutorial to 2025-01-14T00:48:38.455008+00:00, run_after=2025-01-15T00:48:38.455008+00:00
[2025-01-15T00:48:38.461+0000] {processor.py:175} INFO - Processing /home/airflow/.local/lib/python3.7/site-packages/airflow/example_dags/tutorial.py took 0.099 seconds
[2025-01-15T00:49:09.526+0000] {processor.py:153} INFO - Started process (PID=49761) to work on /home/airflow/.local/lib/python3.7/site-packages/airflow/example_dags/tutorial.py
[2025-01-15T00:49:09.526+0000] {processor.py:743} INFO - Processing file /home/airflow/.local/lib/python3.7/site-packages/airflow/example_dags/tutorial.py for tasks to queue
[2025-01-15T00:49:09.527+0000] {logging_mixin.py:137} INFO - [2025-01-15T00:49:09.527+0000] {dagbag.py:538} INFO - Filling up the DagBag from /home/airflow/.local/lib/python3.7/site-packages/airflow/example_dags/tutorial.py
[2025-01-15T00:49:09.532+0000] {processor.py:753} INFO - DAG(s) dict_keys(['tutorial']) retrieved from /home/airflow/.local/lib/python3.7/site-packages/airflow/example_dags/tutorial.py
[2025-01-15T00:49:09.612+0000] {logging_mixin.py:137} INFO - [2025-01-15T00:49:09.612+0000] {dag.py:2690} INFO - Sync 1 DAGs
[2025-01-15T00:49:09.622+0000] {logging_mixin.py:137} INFO - [2025-01-15T00:49:09.622+0000] {dag.py:3441} INFO - Setting next_dagrun for tutorial to 2025-01-14T00:49:09.622550+00:00, run_after=2025-01-15T00:49:09.622550+00:00
[2025-01-15T00:49:09.631+0000] {processor.py:175} INFO - Processing /home/airflow/.local/lib/python3.7/site-packages/airflow/example_dags/tutorial.py took 0.106 seconds
[2025-01-15T01:03:13.774+0000] {processor.py:153} INFO - Started process (PID=49837) to work on /home/airflow/.local/lib/python3.7/site-packages/airflow/example_dags/tutorial.py
[2025-01-15T01:03:13.775+0000] {processor.py:743} INFO - Processing file /home/airflow/.local/lib/python3.7/site-packages/airflow/example_dags/tutorial.py for tasks to queue
[2025-01-15T01:03:13.775+0000] {logging_mixin.py:137} INFO - [2025-01-15T01:03:13.775+0000] {dagbag.py:538} INFO - Filling up the DagBag from /home/airflow/.local/lib/python3.7/site-packages/airflow/example_dags/tutorial.py
[2025-01-15T01:03:13.780+0000] {processor.py:753} INFO - DAG(s) dict_keys(['tutorial']) retrieved from /home/airflow/.local/lib/python3.7/site-packages/airflow/example_dags/tutorial.py
[2025-01-15T01:03:13.790+0000] {logging_mixin.py:137} INFO - [2025-01-15T01:03:13.790+0000] {dag.py:2690} INFO - Sync 1 DAGs
[2025-01-15T01:03:13.802+0000] {logging_mixin.py:137} INFO - [2025-01-15T01:03:13.802+0000] {dag.py:3441} INFO - Setting next_dagrun for tutorial to 2025-01-14T01:03:13.802413+00:00, run_after=2025-01-15T01:03:13.802413+00:00
[2025-01-15T01:03:13.813+0000] {processor.py:175} INFO - Processing /home/airflow/.local/lib/python3.7/site-packages/airflow/example_dags/tutorial.py took 0.041 seconds
