[2025-05-27T16:53:55.299+0000] {taskinstance.py:1083} INFO - Dependencies all met for <TaskInstance: group_dag.downloads.download_b scheduled__2025-05-26T00:00:00+00:00 [queued]>
[2025-05-27T16:53:55.313+0000] {taskinstance.py:1083} INFO - Dependencies all met for <TaskInstance: group_dag.downloads.download_b scheduled__2025-05-26T00:00:00+00:00 [queued]>
[2025-05-27T16:53:55.313+0000] {taskinstance.py:1279} INFO - 
--------------------------------------------------------------------------------
[2025-05-27T16:53:55.313+0000] {taskinstance.py:1280} INFO - Starting attempt 1 of 1
[2025-05-27T16:53:55.313+0000] {taskinstance.py:1281} INFO - 
--------------------------------------------------------------------------------
[2025-05-27T16:53:55.355+0000] {taskinstance.py:1300} INFO - Executing <Task(BashOperator): downloads.download_b> on 2025-05-26 00:00:00+00:00
[2025-05-27T16:53:55.363+0000] {standard_task_runner.py:55} INFO - Started process 75 to run task
[2025-05-27T16:53:55.369+0000] {standard_task_runner.py:82} INFO - Running: ['***', 'tasks', 'run', 'group_dag', 'downloads.download_b', 'scheduled__2025-05-26T00:00:00+00:00', '--job-id', '566', '--raw', '--subdir', 'DAGS_FOLDER/group_dags.py', '--cfg-path', '/tmp/tmp852hgq8o']
[2025-05-27T16:53:55.372+0000] {standard_task_runner.py:83} INFO - Job 566: Subtask downloads.download_b
[2025-05-27T16:53:55.444+0000] {task_command.py:388} INFO - Running <TaskInstance: group_dag.downloads.download_b scheduled__2025-05-26T00:00:00+00:00 [running]> on host 74c05f868d26
[2025-05-27T16:53:55.495+0000] {taskinstance.py:1509} INFO - Exporting the following env vars:
AIRFLOW_CTX_DAG_OWNER=***
AIRFLOW_CTX_DAG_ID=group_dag
AIRFLOW_CTX_TASK_ID=downloads.download_b
AIRFLOW_CTX_EXECUTION_DATE=2025-05-26T00:00:00+00:00
AIRFLOW_CTX_TRY_NUMBER=1
AIRFLOW_CTX_DAG_RUN_ID=scheduled__2025-05-26T00:00:00+00:00
[2025-05-27T16:53:55.496+0000] {subprocess.py:63} INFO - Tmp dir root location: 
 /tmp
[2025-05-27T16:53:55.497+0000] {subprocess.py:75} INFO - Running command: ['/bin/bash', '-c', 'sleep 5']
[2025-05-27T16:53:55.500+0000] {subprocess.py:86} INFO - Output:
[2025-05-27T16:54:00.503+0000] {subprocess.py:97} INFO - Command exited with return code 0
[2025-05-27T16:54:00.519+0000] {taskinstance.py:1323} INFO - Marking task as SUCCESS. dag_id=group_dag, task_id=downloads.download_b, execution_date=20250526T000000, start_date=20250527T165355, end_date=20250527T165400
[2025-05-27T16:54:00.544+0000] {local_task_job.py:208} INFO - Task exited with return code 0
[2025-05-27T16:54:00.555+0000] {taskinstance.py:2578} INFO - 1 downstream tasks scheduled from follow-on schedule check
