[2025-05-17T06:34:25.228+0000] {taskinstance.py:1083} INFO - Dependencies all met for <TaskInstance: xcom_dag.t4 manual__2025-05-17T06:34:21.666830+00:00 [queued]>
[2025-05-17T06:34:25.231+0000] {taskinstance.py:1083} INFO - Dependencies all met for <TaskInstance: xcom_dag.t4 manual__2025-05-17T06:34:21.666830+00:00 [queued]>
[2025-05-17T06:34:25.231+0000] {taskinstance.py:1279} INFO - 
--------------------------------------------------------------------------------
[2025-05-17T06:34:25.231+0000] {taskinstance.py:1280} INFO - Starting attempt 1 of 1
[2025-05-17T06:34:25.232+0000] {taskinstance.py:1281} INFO - 
--------------------------------------------------------------------------------
[2025-05-17T06:34:25.236+0000] {taskinstance.py:1300} INFO - Executing <Task(BashOperator): t4> on 2025-05-17 06:34:21.666830+00:00
[2025-05-17T06:34:25.238+0000] {standard_task_runner.py:55} INFO - Started process 77551 to run task
[2025-05-17T06:34:25.240+0000] {standard_task_runner.py:82} INFO - Running: ['***', 'tasks', 'run', 'xcom_dag', 't4', 'manual__2025-05-17T06:34:21.666830+00:00', '--job-id', '361', '--raw', '--subdir', 'DAGS_FOLDER/xcom_dags.py', '--cfg-path', '/tmp/tmp5zkj3n2w']
[2025-05-17T06:34:25.240+0000] {standard_task_runner.py:83} INFO - Job 361: Subtask t4
[2025-05-17T06:34:25.261+0000] {task_command.py:388} INFO - Running <TaskInstance: xcom_dag.t4 manual__2025-05-17T06:34:21.666830+00:00 [running]> on host b1064f4ed60e
[2025-05-17T06:34:25.286+0000] {taskinstance.py:1509} INFO - Exporting the following env vars:
AIRFLOW_CTX_DAG_OWNER=***
AIRFLOW_CTX_DAG_ID=xcom_dag
AIRFLOW_CTX_TASK_ID=t4
AIRFLOW_CTX_EXECUTION_DATE=2025-05-17T06:34:21.666830+00:00
AIRFLOW_CTX_TRY_NUMBER=1
AIRFLOW_CTX_DAG_RUN_ID=manual__2025-05-17T06:34:21.666830+00:00
[2025-05-17T06:34:25.286+0000] {subprocess.py:63} INFO - Tmp dir root location: 
 /tmp
[2025-05-17T06:34:25.287+0000] {subprocess.py:75} INFO - Running command: ['/bin/bash', '-c', "echo ''"]
[2025-05-17T06:34:25.292+0000] {subprocess.py:86} INFO - Output:
[2025-05-17T06:34:25.293+0000] {subprocess.py:93} INFO - 
[2025-05-17T06:34:25.293+0000] {subprocess.py:97} INFO - Command exited with return code 0
[2025-05-17T06:34:25.302+0000] {taskinstance.py:1323} INFO - Marking task as SUCCESS. dag_id=xcom_dag, task_id=t4, execution_date=20250517T063421, start_date=20250517T063425, end_date=20250517T063425
[2025-05-17T06:34:25.340+0000] {local_task_job.py:208} INFO - Task exited with return code 0
[2025-05-17T06:34:25.347+0000] {taskinstance.py:2578} INFO - 0 downstream tasks scheduled from follow-on schedule check
