[2025-05-14T12:33:52.177+0000] {taskinstance.py:1083} INFO - Dependencies all met for <TaskInstance: group_dag.transform.transform_a manual__2025-05-14T12:33:28.463117+00:00 [queued]>
[2025-05-14T12:33:52.184+0000] {taskinstance.py:1083} INFO - Dependencies all met for <TaskInstance: group_dag.transform.transform_a manual__2025-05-14T12:33:28.463117+00:00 [queued]>
[2025-05-14T12:33:52.184+0000] {taskinstance.py:1279} INFO - 
--------------------------------------------------------------------------------
[2025-05-14T12:33:52.184+0000] {taskinstance.py:1280} INFO - Starting attempt 1 of 1
[2025-05-14T12:33:52.184+0000] {taskinstance.py:1281} INFO - 
--------------------------------------------------------------------------------
[2025-05-14T12:33:52.192+0000] {taskinstance.py:1300} INFO - Executing <Task(BashOperator): transform.transform_a> on 2025-05-14 12:33:28.463117+00:00
[2025-05-14T12:33:52.195+0000] {standard_task_runner.py:55} INFO - Started process 95431 to run task
[2025-05-14T12:33:52.197+0000] {standard_task_runner.py:82} INFO - Running: ['***', 'tasks', 'run', 'group_dag', 'transform.transform_a', 'manual__2025-05-14T12:33:28.463117+00:00', '--job-id', '226', '--raw', '--subdir', 'DAGS_FOLDER/group_dags.py', '--cfg-path', '/tmp/tmpq3tszcbv']
[2025-05-14T12:33:52.197+0000] {standard_task_runner.py:83} INFO - Job 226: Subtask transform.transform_a
[2025-05-14T12:33:52.222+0000] {task_command.py:388} INFO - Running <TaskInstance: group_dag.transform.transform_a manual__2025-05-14T12:33:28.463117+00:00 [running]> on host b1064f4ed60e
[2025-05-14T12:33:52.250+0000] {taskinstance.py:1509} INFO - Exporting the following env vars:
AIRFLOW_CTX_DAG_OWNER=***
AIRFLOW_CTX_DAG_ID=group_dag
AIRFLOW_CTX_TASK_ID=transform.transform_a
AIRFLOW_CTX_EXECUTION_DATE=2025-05-14T12:33:28.463117+00:00
AIRFLOW_CTX_TRY_NUMBER=1
AIRFLOW_CTX_DAG_RUN_ID=manual__2025-05-14T12:33:28.463117+00:00
[2025-05-14T12:33:52.251+0000] {subprocess.py:63} INFO - Tmp dir root location: 
 /tmp
[2025-05-14T12:33:52.251+0000] {subprocess.py:75} INFO - Running command: ['/bin/bash', '-c', 'sleep 5']
[2025-05-14T12:33:52.257+0000] {subprocess.py:86} INFO - Output:
[2025-05-14T12:33:57.259+0000] {subprocess.py:97} INFO - Command exited with return code 0
[2025-05-14T12:33:57.275+0000] {taskinstance.py:1323} INFO - Marking task as SUCCESS. dag_id=group_dag, task_id=transform.transform_a, execution_date=20250514T123328, start_date=20250514T123352, end_date=20250514T123357
[2025-05-14T12:33:57.291+0000] {local_task_job.py:208} INFO - Task exited with return code 0
[2025-05-14T12:33:57.305+0000] {taskinstance.py:2578} INFO - 2 downstream tasks scheduled from follow-on schedule check
