[2025-05-06T00:15:49.932+0000] {taskinstance.py:1083} INFO - Dependencies all met for <TaskInstance: user_processing.extract_user_data scheduled__2025-05-05T00:00:00+00:00 [queued]>
[2025-05-06T00:15:49.945+0000] {taskinstance.py:1083} INFO - Dependencies all met for <TaskInstance: user_processing.extract_user_data scheduled__2025-05-05T00:00:00+00:00 [queued]>
[2025-05-06T00:15:49.946+0000] {taskinstance.py:1279} INFO - 
--------------------------------------------------------------------------------
[2025-05-06T00:15:49.946+0000] {taskinstance.py:1280} INFO - Starting attempt 1 of 1
[2025-05-06T00:15:49.946+0000] {taskinstance.py:1281} INFO - 
--------------------------------------------------------------------------------
[2025-05-06T00:15:49.962+0000] {taskinstance.py:1300} INFO - Executing <Task(SimpleHttpOperator): extract_user_data> on 2025-05-05 00:00:00+00:00
[2025-05-06T00:15:49.966+0000] {standard_task_runner.py:55} INFO - Started process 35560 to run task
[2025-05-06T00:15:49.969+0000] {standard_task_runner.py:82} INFO - Running: ['***', 'tasks', 'run', 'user_processing', 'extract_user_data', 'scheduled__2025-05-05T00:00:00+00:00', '--job-id', '102', '--raw', '--subdir', 'DAGS_FOLDER/user_processing.py', '--cfg-path', '/tmp/tmpbd5mgs5s']
[2025-05-06T00:15:49.969+0000] {standard_task_runner.py:83} INFO - Job 102: Subtask extract_user_data
[2025-05-06T00:15:50.024+0000] {task_command.py:388} INFO - Running <TaskInstance: user_processing.extract_user_data scheduled__2025-05-05T00:00:00+00:00 [running]> on host b08efc87d46b
[2025-05-06T00:15:50.082+0000] {taskinstance.py:1509} INFO - Exporting the following env vars:
AIRFLOW_CTX_DAG_OWNER=***
AIRFLOW_CTX_DAG_ID=user_processing
AIRFLOW_CTX_TASK_ID=extract_user_data
AIRFLOW_CTX_EXECUTION_DATE=2025-05-05T00:00:00+00:00
AIRFLOW_CTX_TRY_NUMBER=1
AIRFLOW_CTX_DAG_RUN_ID=scheduled__2025-05-05T00:00:00+00:00
[2025-05-06T00:15:50.084+0000] {http.py:123} INFO - Calling HTTP method
[2025-05-06T00:15:50.091+0000] {base.py:73} INFO - Using connection ID 'user_api' for task execution.
[2025-05-06T00:15:50.601+0000] {warnings.py:110} WARNING - /home/***/.local/lib/python3.7/site-packages/urllib3/connectionpool.py:1052: InsecureRequestWarning: Unverified HTTPS request is being made to host 'randomuser.me'. Adding certificate verification is strongly advised. See: https://urllib3.readthedocs.io/en/1.26.x/advanced-usage.html#ssl-warnings
  InsecureRequestWarning,

[2025-05-06T00:15:50.912+0000] {http.py:127} INFO - {"results":[{"gender":"female","name":{"title":"Mrs","first":"Kristine","last":"Joa"},"location":{"street":{"number":2674,"name":"Stålverkskroken"},"city":"Storslett","state":"Nord-Trøndelag","country":"Norway","postcode":"3145","coordinates":{"latitude":"43.7838","longitude":"33.4750"},"timezone":{"offset":"+9:00","description":"Tokyo, Seoul, Osaka, Sapporo, Yakutsk"}},"email":"kristine.joa@example.com","login":{"uuid":"869e4dc7-d8ea-4cdf-8ac9-857b3c7c42e3","username":"organicleopard403","password":"seven7","salt":"H6OX19bO","md5":"68de96d5bb4fae3838121545db0319f3","sha1":"b0a5914bd67a586f99ac9929e64a1fa2cc89f80a","sha256":"6a0fdc8aa6135c01c49faf23696837f211b856864dca7393be670feeedc5a61b"},"dob":{"date":"1971-11-23T13:23:39.253Z","age":53},"registered":{"date":"2016-10-26T20:01:56.842Z","age":8},"phone":"74721923","cell":"41509376","id":{"name":"FN","value":"23117127443"},"picture":{"large":"https://randomuser.me/api/portraits/women/22.jpg","medium":"https://randomuser.me/api/portraits/med/women/22.jpg","thumbnail":"https://randomuser.me/api/portraits/thumb/women/22.jpg"},"nat":"NO"}],"info":{"seed":"ef423619af63b24f","results":1,"page":1,"version":"1.4"}}
[2025-05-06T00:15:51.073+0000] {taskinstance.py:1323} INFO - Marking task as SUCCESS. dag_id=user_processing, task_id=extract_user_data, execution_date=20250505T000000, start_date=20250506T001549, end_date=20250506T001551
[2025-05-06T00:15:51.131+0000] {local_task_job.py:208} INFO - Task exited with return code 0
[2025-05-06T00:15:51.144+0000] {taskinstance.py:2578} INFO - 1 downstream tasks scheduled from follow-on schedule check
