[2025-05-15T13:09:57.724+0000] {taskinstance.py:1083} INFO - Dependencies all met for <TaskInstance: xcom_dag.t3 manual__2025-05-15T13:09:54.791132+00:00 [queued]>
[2025-05-15T13:09:57.727+0000] {taskinstance.py:1083} INFO - Dependencies all met for <TaskInstance: xcom_dag.t3 manual__2025-05-15T13:09:54.791132+00:00 [queued]>
[2025-05-15T13:09:57.727+0000] {taskinstance.py:1279} INFO - 
--------------------------------------------------------------------------------
[2025-05-15T13:09:57.728+0000] {taskinstance.py:1280} INFO - Starting attempt 1 of 1
[2025-05-15T13:09:57.728+0000] {taskinstance.py:1281} INFO - 
--------------------------------------------------------------------------------
[2025-05-15T13:09:57.732+0000] {taskinstance.py:1300} INFO - Executing <Task(BashOperator): t3> on 2025-05-15 13:09:54.791132+00:00
[2025-05-15T13:09:57.734+0000] {standard_task_runner.py:55} INFO - Started process 24722 to run task
[2025-05-15T13:09:57.736+0000] {standard_task_runner.py:82} INFO - Running: ['***', 'tasks', 'run', 'xcom_dag', 't3', 'manual__2025-05-15T13:09:54.791132+00:00', '--job-id', '271', '--raw', '--subdir', 'DAGS_FOLDER/xcom_dags.py', '--cfg-path', '/tmp/tmptrd3fly5']
[2025-05-15T13:09:57.736+0000] {standard_task_runner.py:83} INFO - Job 271: Subtask t3
[2025-05-15T13:09:57.758+0000] {task_command.py:388} INFO - Running <TaskInstance: xcom_dag.t3 manual__2025-05-15T13:09:54.791132+00:00 [running]> on host b1064f4ed60e
[2025-05-15T13:09:57.783+0000] {taskinstance.py:1509} INFO - Exporting the following env vars:
AIRFLOW_CTX_DAG_OWNER=***
AIRFLOW_CTX_DAG_ID=xcom_dag
AIRFLOW_CTX_TASK_ID=t3
AIRFLOW_CTX_EXECUTION_DATE=2025-05-15T13:09:54.791132+00:00
AIRFLOW_CTX_TRY_NUMBER=1
AIRFLOW_CTX_DAG_RUN_ID=manual__2025-05-15T13:09:54.791132+00:00
[2025-05-15T13:09:57.783+0000] {subprocess.py:63} INFO - Tmp dir root location: 
 /tmp
[2025-05-15T13:09:57.784+0000] {subprocess.py:75} INFO - Running command: ['/bin/bash', '-c', "echo ''"]
[2025-05-15T13:09:57.788+0000] {subprocess.py:86} INFO - Output:
[2025-05-15T13:09:57.789+0000] {subprocess.py:93} INFO - 
[2025-05-15T13:09:57.789+0000] {subprocess.py:97} INFO - Command exited with return code 0
[2025-05-15T13:09:57.798+0000] {taskinstance.py:1323} INFO - Marking task as SUCCESS. dag_id=xcom_dag, task_id=t3, execution_date=20250515T130954, start_date=20250515T130957, end_date=20250515T130957
[2025-05-15T13:09:57.835+0000] {local_task_job.py:208} INFO - Task exited with return code 0
[2025-05-15T13:09:57.842+0000] {taskinstance.py:2578} INFO - 0 downstream tasks scheduled from follow-on schedule check
