[2024-12-07T21:01:24.768+0000] {taskinstance.py:1083} INFO - Dependencies all met for <TaskInstance: example_bash_operator.also_run_this manual__2024-12-07T21:01:23.918834+00:00 [queued]>
[2024-12-07T21:01:24.774+0000] {taskinstance.py:1083} INFO - Dependencies all met for <TaskInstance: example_bash_operator.also_run_this manual__2024-12-07T21:01:23.918834+00:00 [queued]>
[2024-12-07T21:01:24.781+0000] {taskinstance.py:1279} INFO - 
--------------------------------------------------------------------------------
[2024-12-07T21:01:24.785+0000] {taskinstance.py:1280} INFO - Starting attempt 1 of 1
[2024-12-07T21:01:24.790+0000] {taskinstance.py:1281} INFO - 
--------------------------------------------------------------------------------
[2024-12-07T21:01:24.822+0000] {taskinstance.py:1300} INFO - Executing <Task(BashOperator): also_run_this> on 2024-12-07 21:01:23.918834+00:00
[2024-12-07T21:01:24.826+0000] {standard_task_runner.py:55} INFO - Started process 2725 to run task
[2024-12-07T21:01:24.832+0000] {standard_task_runner.py:82} INFO - Running: ['***', 'tasks', 'run', 'example_bash_operator', 'also_run_this', 'manual__2024-12-07T21:01:23.918834+00:00', '--job-id', '14', '--raw', '--subdir', '/home/***/.local/lib/python3.7/site-packages/***/example_dags/example_bash_operator.py', '--cfg-path', '/tmp/tmpx0t8sad2']
[2024-12-07T21:01:24.834+0000] {standard_task_runner.py:83} INFO - Job 14: Subtask also_run_this
[2024-12-07T21:01:24.918+0000] {task_command.py:388} INFO - Running <TaskInstance: example_bash_operator.also_run_this manual__2024-12-07T21:01:23.918834+00:00 [running]> on host 44e036a430cc
[2024-12-07T21:01:24.996+0000] {taskinstance.py:1509} INFO - Exporting the following env vars:
AIRFLOW_CTX_DAG_OWNER=***
AIRFLOW_CTX_DAG_ID=example_bash_operator
AIRFLOW_CTX_TASK_ID=also_run_this
AIRFLOW_CTX_EXECUTION_DATE=2024-12-07T21:01:23.918834+00:00
AIRFLOW_CTX_TRY_NUMBER=1
AIRFLOW_CTX_DAG_RUN_ID=manual__2024-12-07T21:01:23.918834+00:00
[2024-12-07T21:01:24.997+0000] {subprocess.py:63} INFO - Tmp dir root location: 
 /tmp
[2024-12-07T21:01:24.999+0000] {subprocess.py:75} INFO - Running command: ['/bin/bash', '-c', 'echo "ti_key=example_bash_operator__also_run_this__20241207"']
[2024-12-07T21:01:25.006+0000] {subprocess.py:86} INFO - Output:
[2024-12-07T21:01:25.007+0000] {subprocess.py:93} INFO - ti_key=example_bash_operator__also_run_this__20241207
[2024-12-07T21:01:25.008+0000] {subprocess.py:97} INFO - Command exited with return code 0
[2024-12-07T21:01:25.031+0000] {taskinstance.py:1323} INFO - Marking task as SUCCESS. dag_id=example_bash_operator, task_id=also_run_this, execution_date=20241207T210123, start_date=20241207T210124, end_date=20241207T210125
[2024-12-07T21:01:25.061+0000] {local_task_job.py:208} INFO - Task exited with return code 0
[2024-12-07T21:01:25.075+0000] {taskinstance.py:2578} INFO - 0 downstream tasks scheduled from follow-on schedule check
