[2025-05-03T20:41:05.863+0000] {taskinstance.py:1083} INFO - Dependencies all met for <TaskInstance: user_processing.extract_user_data manual__2025-05-03T20:41:01.571926+00:00 [queued]>
[2025-05-03T20:41:05.867+0000] {taskinstance.py:1083} INFO - Dependencies all met for <TaskInstance: user_processing.extract_user_data manual__2025-05-03T20:41:01.571926+00:00 [queued]>
[2025-05-03T20:41:05.867+0000] {taskinstance.py:1279} INFO - 
--------------------------------------------------------------------------------
[2025-05-03T20:41:05.867+0000] {taskinstance.py:1280} INFO - Starting attempt 1 of 1
[2025-05-03T20:41:05.867+0000] {taskinstance.py:1281} INFO - 
--------------------------------------------------------------------------------
[2025-05-03T20:41:05.873+0000] {taskinstance.py:1300} INFO - Executing <Task(SimpleHttpOperator): extract_user_data> on 2025-05-03 20:41:01.571926+00:00
[2025-05-03T20:41:05.875+0000] {standard_task_runner.py:55} INFO - Started process 17729 to run task
[2025-05-03T20:41:05.876+0000] {standard_task_runner.py:82} INFO - Running: ['***', 'tasks', 'run', 'user_processing', 'extract_user_data', 'manual__2025-05-03T20:41:01.571926+00:00', '--job-id', '87', '--raw', '--subdir', 'DAGS_FOLDER/user_processing.py', '--cfg-path', '/tmp/tmp0hubc51u']
[2025-05-03T20:41:05.876+0000] {standard_task_runner.py:83} INFO - Job 87: Subtask extract_user_data
[2025-05-03T20:41:05.900+0000] {task_command.py:388} INFO - Running <TaskInstance: user_processing.extract_user_data manual__2025-05-03T20:41:01.571926+00:00 [running]> on host b08efc87d46b
[2025-05-03T20:41:05.925+0000] {taskinstance.py:1509} INFO - Exporting the following env vars:
AIRFLOW_CTX_DAG_OWNER=***
AIRFLOW_CTX_DAG_ID=user_processing
AIRFLOW_CTX_TASK_ID=extract_user_data
AIRFLOW_CTX_EXECUTION_DATE=2025-05-03T20:41:01.571926+00:00
AIRFLOW_CTX_TRY_NUMBER=1
AIRFLOW_CTX_DAG_RUN_ID=manual__2025-05-03T20:41:01.571926+00:00
[2025-05-03T20:41:05.926+0000] {http.py:123} INFO - Calling HTTP method
[2025-05-03T20:41:05.929+0000] {base.py:73} INFO - Using connection ID 'user_api' for task execution.
[2025-05-03T20:41:06.442+0000] {warnings.py:110} WARNING - /home/***/.local/lib/python3.7/site-packages/urllib3/connectionpool.py:1052: InsecureRequestWarning: Unverified HTTPS request is being made to host 'randomuser.me'. Adding certificate verification is strongly advised. See: https://urllib3.readthedocs.io/en/1.26.x/advanced-usage.html#ssl-warnings
  InsecureRequestWarning,

[2025-05-03T20:41:06.789+0000] {http.py:127} INFO - {"results":[{"gender":"male","name":{"title":"Mr","first":"Hunter","last":"Smith"},"location":{"street":{"number":8078,"name":"Coronation Avenue"},"city":"Taupo","state":"Southland","country":"New Zealand","postcode":87636,"coordinates":{"latitude":"50.4544","longitude":"-71.9765"},"timezone":{"offset":"+4:30","description":"Kabul"}},"email":"hunter.smith@example.com","login":{"uuid":"7aac2bad-4581-4ac6-9773-3af7d4282629","username":"heavydog270","password":"jensen","salt":"svHgNXxJ","md5":"4635edb77f4a85882a86370b5bf8abd7","sha1":"bbd792db4e329594141e797c497bd772ce9e8b42","sha256":"de95b9a7311308edf6eac7077568d92b027ee660b5ea7a53ed9d990956eb0920"},"dob":{"date":"1982-06-14T22:18:26.483Z","age":42},"registered":{"date":"2021-10-01T05:08:21.014Z","age":3},"phone":"(821)-514-1550","cell":"(741)-492-9317","id":{"name":"","value":null},"picture":{"large":"https://randomuser.me/api/portraits/men/48.jpg","medium":"https://randomuser.me/api/portraits/med/men/48.jpg","thumbnail":"https://randomuser.me/api/portraits/thumb/men/48.jpg"},"nat":"NZ"}],"info":{"seed":"149e0728745e7331","results":1,"page":1,"version":"1.4"}}
[2025-05-03T20:41:06.947+0000] {taskinstance.py:1323} INFO - Marking task as SUCCESS. dag_id=user_processing, task_id=extract_user_data, execution_date=20250503T204101, start_date=20250503T204105, end_date=20250503T204106
[2025-05-03T20:41:06.962+0000] {local_task_job.py:208} INFO - Task exited with return code 0
[2025-05-03T20:41:06.974+0000] {taskinstance.py:2578} INFO - 1 downstream tasks scheduled from follow-on schedule check
