[2025-04-24T22:03:15.168+0000] {processor.py:153} INFO - Started process (PID=70) to work on /home/airflow/.local/lib/python3.7/site-packages/airflow/example_dags/example_local_kubernetes_executor.py
[2025-04-24T22:03:15.169+0000] {processor.py:743} INFO - Processing file /home/airflow/.local/lib/python3.7/site-packages/airflow/example_dags/example_local_kubernetes_executor.py for tasks to queue
[2025-04-24T22:03:15.170+0000] {logging_mixin.py:137} INFO - [2025-04-24T22:03:15.170+0000] {dagbag.py:538} INFO - Filling up the DagBag from /home/airflow/.local/lib/python3.7/site-packages/airflow/example_dags/example_local_kubernetes_executor.py
[2025-04-24T22:03:15.185+0000] {processor.py:753} INFO - DAG(s) dict_keys(['example_local_kubernetes_executor']) retrieved from /home/airflow/.local/lib/python3.7/site-packages/airflow/example_dags/example_local_kubernetes_executor.py
[2025-04-24T22:03:15.213+0000] {logging_mixin.py:137} INFO - [2025-04-24T22:03:15.213+0000] {dag.py:2690} INFO - Sync 1 DAGs
[2025-04-24T22:03:15.231+0000] {logging_mixin.py:137} INFO - [2025-04-24T22:03:15.231+0000] {dag.py:3441} INFO - Setting next_dagrun for example_local_kubernetes_executor to None, run_after=None
[2025-04-24T22:03:15.247+0000] {processor.py:175} INFO - Processing /home/airflow/.local/lib/python3.7/site-packages/airflow/example_dags/example_local_kubernetes_executor.py took 0.081 seconds
[2025-04-24T22:03:45.812+0000] {processor.py:153} INFO - Started process (PID=179) to work on /home/airflow/.local/lib/python3.7/site-packages/airflow/example_dags/example_local_kubernetes_executor.py
[2025-04-24T22:03:45.813+0000] {processor.py:743} INFO - Processing file /home/airflow/.local/lib/python3.7/site-packages/airflow/example_dags/example_local_kubernetes_executor.py for tasks to queue
[2025-04-24T22:03:45.813+0000] {logging_mixin.py:137} INFO - [2025-04-24T22:03:45.813+0000] {dagbag.py:538} INFO - Filling up the DagBag from /home/airflow/.local/lib/python3.7/site-packages/airflow/example_dags/example_local_kubernetes_executor.py
[2025-04-24T22:03:45.822+0000] {processor.py:753} INFO - DAG(s) dict_keys(['example_local_kubernetes_executor']) retrieved from /home/airflow/.local/lib/python3.7/site-packages/airflow/example_dags/example_local_kubernetes_executor.py
[2025-04-24T22:03:45.833+0000] {logging_mixin.py:137} INFO - [2025-04-24T22:03:45.833+0000] {dag.py:2690} INFO - Sync 1 DAGs
[2025-04-24T22:03:45.842+0000] {logging_mixin.py:137} INFO - [2025-04-24T22:03:45.842+0000] {dag.py:3441} INFO - Setting next_dagrun for example_local_kubernetes_executor to None, run_after=None
[2025-04-24T22:03:45.851+0000] {processor.py:175} INFO - Processing /home/airflow/.local/lib/python3.7/site-packages/airflow/example_dags/example_local_kubernetes_executor.py took 0.040 seconds
[2025-04-24T22:04:16.385+0000] {processor.py:153} INFO - Started process (PID=270) to work on /home/airflow/.local/lib/python3.7/site-packages/airflow/example_dags/example_local_kubernetes_executor.py
[2025-04-24T22:04:16.385+0000] {processor.py:743} INFO - Processing file /home/airflow/.local/lib/python3.7/site-packages/airflow/example_dags/example_local_kubernetes_executor.py for tasks to queue
[2025-04-24T22:04:16.386+0000] {logging_mixin.py:137} INFO - [2025-04-24T22:04:16.386+0000] {dagbag.py:538} INFO - Filling up the DagBag from /home/airflow/.local/lib/python3.7/site-packages/airflow/example_dags/example_local_kubernetes_executor.py
[2025-04-24T22:04:16.398+0000] {processor.py:753} INFO - DAG(s) dict_keys(['example_local_kubernetes_executor']) retrieved from /home/airflow/.local/lib/python3.7/site-packages/airflow/example_dags/example_local_kubernetes_executor.py
[2025-04-24T22:04:16.410+0000] {logging_mixin.py:137} INFO - [2025-04-24T22:04:16.409+0000] {dag.py:2690} INFO - Sync 1 DAGs
[2025-04-24T22:04:16.418+0000] {logging_mixin.py:137} INFO - [2025-04-24T22:04:16.418+0000] {dag.py:3441} INFO - Setting next_dagrun for example_local_kubernetes_executor to None, run_after=None
[2025-04-24T22:04:16.428+0000] {processor.py:175} INFO - Processing /home/airflow/.local/lib/python3.7/site-packages/airflow/example_dags/example_local_kubernetes_executor.py took 0.044 seconds
[2025-04-24T22:04:47.063+0000] {processor.py:153} INFO - Started process (PID=346) to work on /home/airflow/.local/lib/python3.7/site-packages/airflow/example_dags/example_local_kubernetes_executor.py
[2025-04-24T22:04:47.065+0000] {processor.py:743} INFO - Processing file /home/airflow/.local/lib/python3.7/site-packages/airflow/example_dags/example_local_kubernetes_executor.py for tasks to queue
[2025-04-24T22:04:47.065+0000] {logging_mixin.py:137} INFO - [2025-04-24T22:04:47.065+0000] {dagbag.py:538} INFO - Filling up the DagBag from /home/airflow/.local/lib/python3.7/site-packages/airflow/example_dags/example_local_kubernetes_executor.py
[2025-04-24T22:04:47.074+0000] {processor.py:753} INFO - DAG(s) dict_keys(['example_local_kubernetes_executor']) retrieved from /home/airflow/.local/lib/python3.7/site-packages/airflow/example_dags/example_local_kubernetes_executor.py
[2025-04-24T22:04:47.087+0000] {logging_mixin.py:137} INFO - [2025-04-24T22:04:47.087+0000] {dag.py:2690} INFO - Sync 1 DAGs
[2025-04-24T22:04:47.099+0000] {logging_mixin.py:137} INFO - [2025-04-24T22:04:47.099+0000] {dag.py:3441} INFO - Setting next_dagrun for example_local_kubernetes_executor to None, run_after=None
[2025-04-24T22:04:47.112+0000] {processor.py:175} INFO - Processing /home/airflow/.local/lib/python3.7/site-packages/airflow/example_dags/example_local_kubernetes_executor.py took 0.050 seconds
[2025-04-24T22:05:17.536+0000] {processor.py:153} INFO - Started process (PID=438) to work on /home/airflow/.local/lib/python3.7/site-packages/airflow/example_dags/example_local_kubernetes_executor.py
[2025-04-24T22:05:17.536+0000] {processor.py:743} INFO - Processing file /home/airflow/.local/lib/python3.7/site-packages/airflow/example_dags/example_local_kubernetes_executor.py for tasks to queue
[2025-04-24T22:05:17.536+0000] {logging_mixin.py:137} INFO - [2025-04-24T22:05:17.536+0000] {dagbag.py:538} INFO - Filling up the DagBag from /home/airflow/.local/lib/python3.7/site-packages/airflow/example_dags/example_local_kubernetes_executor.py
[2025-04-24T22:05:17.545+0000] {processor.py:753} INFO - DAG(s) dict_keys(['example_local_kubernetes_executor']) retrieved from /home/airflow/.local/lib/python3.7/site-packages/airflow/example_dags/example_local_kubernetes_executor.py
[2025-04-24T22:05:17.557+0000] {logging_mixin.py:137} INFO - [2025-04-24T22:05:17.556+0000] {dag.py:2690} INFO - Sync 1 DAGs
[2025-04-24T22:05:17.569+0000] {logging_mixin.py:137} INFO - [2025-04-24T22:05:17.569+0000] {dag.py:3441} INFO - Setting next_dagrun for example_local_kubernetes_executor to None, run_after=None
[2025-04-24T22:05:17.577+0000] {processor.py:175} INFO - Processing /home/airflow/.local/lib/python3.7/site-packages/airflow/example_dags/example_local_kubernetes_executor.py took 0.042 seconds
[2025-04-24T22:05:47.979+0000] {processor.py:153} INFO - Started process (PID=530) to work on /home/airflow/.local/lib/python3.7/site-packages/airflow/example_dags/example_local_kubernetes_executor.py
[2025-04-24T22:05:47.980+0000] {processor.py:743} INFO - Processing file /home/airflow/.local/lib/python3.7/site-packages/airflow/example_dags/example_local_kubernetes_executor.py for tasks to queue
[2025-04-24T22:05:47.980+0000] {logging_mixin.py:137} INFO - [2025-04-24T22:05:47.980+0000] {dagbag.py:538} INFO - Filling up the DagBag from /home/airflow/.local/lib/python3.7/site-packages/airflow/example_dags/example_local_kubernetes_executor.py
[2025-04-24T22:05:47.990+0000] {processor.py:753} INFO - DAG(s) dict_keys(['example_local_kubernetes_executor']) retrieved from /home/airflow/.local/lib/python3.7/site-packages/airflow/example_dags/example_local_kubernetes_executor.py
[2025-04-24T22:05:48.002+0000] {logging_mixin.py:137} INFO - [2025-04-24T22:05:48.002+0000] {dag.py:2690} INFO - Sync 1 DAGs
[2025-04-24T22:05:48.012+0000] {logging_mixin.py:137} INFO - [2025-04-24T22:05:48.012+0000] {dag.py:3441} INFO - Setting next_dagrun for example_local_kubernetes_executor to None, run_after=None
[2025-04-24T22:05:48.022+0000] {processor.py:175} INFO - Processing /home/airflow/.local/lib/python3.7/site-packages/airflow/example_dags/example_local_kubernetes_executor.py took 0.044 seconds
[2025-04-24T22:06:18.536+0000] {processor.py:153} INFO - Started process (PID=622) to work on /home/airflow/.local/lib/python3.7/site-packages/airflow/example_dags/example_local_kubernetes_executor.py
[2025-04-24T22:06:18.539+0000] {processor.py:743} INFO - Processing file /home/airflow/.local/lib/python3.7/site-packages/airflow/example_dags/example_local_kubernetes_executor.py for tasks to queue
[2025-04-24T22:06:18.540+0000] {logging_mixin.py:137} INFO - [2025-04-24T22:06:18.540+0000] {dagbag.py:538} INFO - Filling up the DagBag from /home/airflow/.local/lib/python3.7/site-packages/airflow/example_dags/example_local_kubernetes_executor.py
[2025-04-24T22:06:18.550+0000] {processor.py:753} INFO - DAG(s) dict_keys(['example_local_kubernetes_executor']) retrieved from /home/airflow/.local/lib/python3.7/site-packages/airflow/example_dags/example_local_kubernetes_executor.py
[2025-04-24T22:06:18.563+0000] {logging_mixin.py:137} INFO - [2025-04-24T22:06:18.563+0000] {dag.py:2690} INFO - Sync 1 DAGs
[2025-04-24T22:06:18.574+0000] {logging_mixin.py:137} INFO - [2025-04-24T22:06:18.573+0000] {dag.py:3441} INFO - Setting next_dagrun for example_local_kubernetes_executor to None, run_after=None
[2025-04-24T22:06:18.584+0000] {processor.py:175} INFO - Processing /home/airflow/.local/lib/python3.7/site-packages/airflow/example_dags/example_local_kubernetes_executor.py took 0.049 seconds
[2025-04-24T22:06:49.195+0000] {processor.py:153} INFO - Started process (PID=698) to work on /home/airflow/.local/lib/python3.7/site-packages/airflow/example_dags/example_local_kubernetes_executor.py
[2025-04-24T22:06:49.198+0000] {processor.py:743} INFO - Processing file /home/airflow/.local/lib/python3.7/site-packages/airflow/example_dags/example_local_kubernetes_executor.py for tasks to queue
[2025-04-24T22:06:49.198+0000] {logging_mixin.py:137} INFO - [2025-04-24T22:06:49.198+0000] {dagbag.py:538} INFO - Filling up the DagBag from /home/airflow/.local/lib/python3.7/site-packages/airflow/example_dags/example_local_kubernetes_executor.py
[2025-04-24T22:06:49.207+0000] {processor.py:753} INFO - DAG(s) dict_keys(['example_local_kubernetes_executor']) retrieved from /home/airflow/.local/lib/python3.7/site-packages/airflow/example_dags/example_local_kubernetes_executor.py
[2025-04-24T22:06:49.219+0000] {logging_mixin.py:137} INFO - [2025-04-24T22:06:49.219+0000] {dag.py:2690} INFO - Sync 1 DAGs
[2025-04-24T22:06:49.229+0000] {logging_mixin.py:137} INFO - [2025-04-24T22:06:49.229+0000] {dag.py:3441} INFO - Setting next_dagrun for example_local_kubernetes_executor to None, run_after=None
[2025-04-24T22:06:49.244+0000] {processor.py:175} INFO - Processing /home/airflow/.local/lib/python3.7/site-packages/airflow/example_dags/example_local_kubernetes_executor.py took 0.050 seconds
[2025-04-24T22:07:19.836+0000] {processor.py:153} INFO - Started process (PID=790) to work on /home/airflow/.local/lib/python3.7/site-packages/airflow/example_dags/example_local_kubernetes_executor.py
[2025-04-24T22:07:19.837+0000] {processor.py:743} INFO - Processing file /home/airflow/.local/lib/python3.7/site-packages/airflow/example_dags/example_local_kubernetes_executor.py for tasks to queue
[2025-04-24T22:07:19.838+0000] {logging_mixin.py:137} INFO - [2025-04-24T22:07:19.838+0000] {dagbag.py:538} INFO - Filling up the DagBag from /home/airflow/.local/lib/python3.7/site-packages/airflow/example_dags/example_local_kubernetes_executor.py
[2025-04-24T22:07:19.847+0000] {processor.py:753} INFO - DAG(s) dict_keys(['example_local_kubernetes_executor']) retrieved from /home/airflow/.local/lib/python3.7/site-packages/airflow/example_dags/example_local_kubernetes_executor.py
[2025-04-24T22:07:19.860+0000] {logging_mixin.py:137} INFO - [2025-04-24T22:07:19.860+0000] {dag.py:2690} INFO - Sync 1 DAGs
[2025-04-24T22:07:19.871+0000] {logging_mixin.py:137} INFO - [2025-04-24T22:07:19.871+0000] {dag.py:3441} INFO - Setting next_dagrun for example_local_kubernetes_executor to None, run_after=None
[2025-04-24T22:07:19.881+0000] {processor.py:175} INFO - Processing /home/airflow/.local/lib/python3.7/site-packages/airflow/example_dags/example_local_kubernetes_executor.py took 0.047 seconds
[2025-04-24T22:07:50.492+0000] {processor.py:153} INFO - Started process (PID=882) to work on /home/airflow/.local/lib/python3.7/site-packages/airflow/example_dags/example_local_kubernetes_executor.py
[2025-04-24T22:07:50.492+0000] {processor.py:743} INFO - Processing file /home/airflow/.local/lib/python3.7/site-packages/airflow/example_dags/example_local_kubernetes_executor.py for tasks to queue
[2025-04-24T22:07:50.492+0000] {logging_mixin.py:137} INFO - [2025-04-24T22:07:50.492+0000] {dagbag.py:538} INFO - Filling up the DagBag from /home/airflow/.local/lib/python3.7/site-packages/airflow/example_dags/example_local_kubernetes_executor.py
[2025-04-24T22:07:50.501+0000] {processor.py:753} INFO - DAG(s) dict_keys(['example_local_kubernetes_executor']) retrieved from /home/airflow/.local/lib/python3.7/site-packages/airflow/example_dags/example_local_kubernetes_executor.py
[2025-04-24T22:07:50.512+0000] {logging_mixin.py:137} INFO - [2025-04-24T22:07:50.512+0000] {dag.py:2690} INFO - Sync 1 DAGs
[2025-04-24T22:07:50.521+0000] {logging_mixin.py:137} INFO - [2025-04-24T22:07:50.521+0000] {dag.py:3441} INFO - Setting next_dagrun for example_local_kubernetes_executor to None, run_after=None
[2025-04-24T22:07:50.531+0000] {processor.py:175} INFO - Processing /home/airflow/.local/lib/python3.7/site-packages/airflow/example_dags/example_local_kubernetes_executor.py took 0.040 seconds
[2025-04-24T23:25:40.273+0000] {processor.py:153} INFO - Started process (PID=63) to work on /home/airflow/.local/lib/python3.7/site-packages/airflow/example_dags/example_local_kubernetes_executor.py
[2025-04-24T23:25:40.274+0000] {processor.py:743} INFO - Processing file /home/airflow/.local/lib/python3.7/site-packages/airflow/example_dags/example_local_kubernetes_executor.py for tasks to queue
[2025-04-24T23:25:40.274+0000] {logging_mixin.py:137} INFO - [2025-04-24T23:25:40.274+0000] {dagbag.py:538} INFO - Filling up the DagBag from /home/airflow/.local/lib/python3.7/site-packages/airflow/example_dags/example_local_kubernetes_executor.py
[2025-04-24T23:25:40.287+0000] {processor.py:753} INFO - DAG(s) dict_keys(['example_local_kubernetes_executor']) retrieved from /home/airflow/.local/lib/python3.7/site-packages/airflow/example_dags/example_local_kubernetes_executor.py
[2025-04-24T23:25:40.301+0000] {logging_mixin.py:137} INFO - [2025-04-24T23:25:40.301+0000] {dag.py:2690} INFO - Sync 1 DAGs
[2025-04-24T23:25:40.316+0000] {logging_mixin.py:137} INFO - [2025-04-24T23:25:40.316+0000] {dag.py:3441} INFO - Setting next_dagrun for example_local_kubernetes_executor to None, run_after=None
[2025-04-24T23:25:40.333+0000] {processor.py:175} INFO - Processing /home/airflow/.local/lib/python3.7/site-packages/airflow/example_dags/example_local_kubernetes_executor.py took 0.062 seconds
[2025-04-24T23:26:11.071+0000] {processor.py:153} INFO - Started process (PID=155) to work on /home/airflow/.local/lib/python3.7/site-packages/airflow/example_dags/example_local_kubernetes_executor.py
[2025-04-24T23:26:11.072+0000] {processor.py:743} INFO - Processing file /home/airflow/.local/lib/python3.7/site-packages/airflow/example_dags/example_local_kubernetes_executor.py for tasks to queue
[2025-04-24T23:26:11.073+0000] {logging_mixin.py:137} INFO - [2025-04-24T23:26:11.073+0000] {dagbag.py:538} INFO - Filling up the DagBag from /home/airflow/.local/lib/python3.7/site-packages/airflow/example_dags/example_local_kubernetes_executor.py
[2025-04-24T23:26:11.085+0000] {processor.py:753} INFO - DAG(s) dict_keys(['example_local_kubernetes_executor']) retrieved from /home/airflow/.local/lib/python3.7/site-packages/airflow/example_dags/example_local_kubernetes_executor.py
[2025-04-24T23:26:11.099+0000] {logging_mixin.py:137} INFO - [2025-04-24T23:26:11.099+0000] {dag.py:2690} INFO - Sync 1 DAGs
[2025-04-24T23:26:11.113+0000] {logging_mixin.py:137} INFO - [2025-04-24T23:26:11.113+0000] {dag.py:3441} INFO - Setting next_dagrun for example_local_kubernetes_executor to None, run_after=None
[2025-04-24T23:26:11.122+0000] {processor.py:175} INFO - Processing /home/airflow/.local/lib/python3.7/site-packages/airflow/example_dags/example_local_kubernetes_executor.py took 0.053 seconds
[2025-04-24T23:26:41.832+0000] {processor.py:153} INFO - Started process (PID=247) to work on /home/airflow/.local/lib/python3.7/site-packages/airflow/example_dags/example_local_kubernetes_executor.py
[2025-04-24T23:26:41.833+0000] {processor.py:743} INFO - Processing file /home/airflow/.local/lib/python3.7/site-packages/airflow/example_dags/example_local_kubernetes_executor.py for tasks to queue
[2025-04-24T23:26:41.834+0000] {logging_mixin.py:137} INFO - [2025-04-24T23:26:41.834+0000] {dagbag.py:538} INFO - Filling up the DagBag from /home/airflow/.local/lib/python3.7/site-packages/airflow/example_dags/example_local_kubernetes_executor.py
[2025-04-24T23:26:41.853+0000] {processor.py:753} INFO - DAG(s) dict_keys(['example_local_kubernetes_executor']) retrieved from /home/airflow/.local/lib/python3.7/site-packages/airflow/example_dags/example_local_kubernetes_executor.py
[2025-04-24T23:26:41.868+0000] {logging_mixin.py:137} INFO - [2025-04-24T23:26:41.868+0000] {dag.py:2690} INFO - Sync 1 DAGs
[2025-04-24T23:26:41.877+0000] {logging_mixin.py:137} INFO - [2025-04-24T23:26:41.877+0000] {dag.py:3441} INFO - Setting next_dagrun for example_local_kubernetes_executor to None, run_after=None
[2025-04-24T23:26:41.893+0000] {processor.py:175} INFO - Processing /home/airflow/.local/lib/python3.7/site-packages/airflow/example_dags/example_local_kubernetes_executor.py took 0.062 seconds
[2025-04-24T23:27:12.446+0000] {processor.py:153} INFO - Started process (PID=323) to work on /home/airflow/.local/lib/python3.7/site-packages/airflow/example_dags/example_local_kubernetes_executor.py
[2025-04-24T23:27:12.447+0000] {processor.py:743} INFO - Processing file /home/airflow/.local/lib/python3.7/site-packages/airflow/example_dags/example_local_kubernetes_executor.py for tasks to queue
[2025-04-24T23:27:12.448+0000] {logging_mixin.py:137} INFO - [2025-04-24T23:27:12.448+0000] {dagbag.py:538} INFO - Filling up the DagBag from /home/airflow/.local/lib/python3.7/site-packages/airflow/example_dags/example_local_kubernetes_executor.py
[2025-04-24T23:27:12.459+0000] {processor.py:753} INFO - DAG(s) dict_keys(['example_local_kubernetes_executor']) retrieved from /home/airflow/.local/lib/python3.7/site-packages/airflow/example_dags/example_local_kubernetes_executor.py
[2025-04-24T23:27:12.475+0000] {logging_mixin.py:137} INFO - [2025-04-24T23:27:12.475+0000] {dag.py:2690} INFO - Sync 1 DAGs
[2025-04-24T23:27:12.487+0000] {logging_mixin.py:137} INFO - [2025-04-24T23:27:12.487+0000] {dag.py:3441} INFO - Setting next_dagrun for example_local_kubernetes_executor to None, run_after=None
[2025-04-24T23:27:12.494+0000] {processor.py:175} INFO - Processing /home/airflow/.local/lib/python3.7/site-packages/airflow/example_dags/example_local_kubernetes_executor.py took 0.050 seconds
[2025-04-24T23:27:43.045+0000] {processor.py:153} INFO - Started process (PID=415) to work on /home/airflow/.local/lib/python3.7/site-packages/airflow/example_dags/example_local_kubernetes_executor.py
[2025-04-24T23:27:43.047+0000] {processor.py:743} INFO - Processing file /home/airflow/.local/lib/python3.7/site-packages/airflow/example_dags/example_local_kubernetes_executor.py for tasks to queue
[2025-04-24T23:27:43.047+0000] {logging_mixin.py:137} INFO - [2025-04-24T23:27:43.047+0000] {dagbag.py:538} INFO - Filling up the DagBag from /home/airflow/.local/lib/python3.7/site-packages/airflow/example_dags/example_local_kubernetes_executor.py
[2025-04-24T23:27:43.057+0000] {processor.py:753} INFO - DAG(s) dict_keys(['example_local_kubernetes_executor']) retrieved from /home/airflow/.local/lib/python3.7/site-packages/airflow/example_dags/example_local_kubernetes_executor.py
[2025-04-24T23:27:43.069+0000] {logging_mixin.py:137} INFO - [2025-04-24T23:27:43.069+0000] {dag.py:2690} INFO - Sync 1 DAGs
[2025-04-24T23:27:43.082+0000] {logging_mixin.py:137} INFO - [2025-04-24T23:27:43.082+0000] {dag.py:3441} INFO - Setting next_dagrun for example_local_kubernetes_executor to None, run_after=None
[2025-04-24T23:27:43.090+0000] {processor.py:175} INFO - Processing /home/airflow/.local/lib/python3.7/site-packages/airflow/example_dags/example_local_kubernetes_executor.py took 0.047 seconds
[2025-04-24T23:28:13.871+0000] {processor.py:153} INFO - Started process (PID=507) to work on /home/airflow/.local/lib/python3.7/site-packages/airflow/example_dags/example_local_kubernetes_executor.py
[2025-04-24T23:28:13.871+0000] {processor.py:743} INFO - Processing file /home/airflow/.local/lib/python3.7/site-packages/airflow/example_dags/example_local_kubernetes_executor.py for tasks to queue
[2025-04-24T23:28:13.872+0000] {logging_mixin.py:137} INFO - [2025-04-24T23:28:13.872+0000] {dagbag.py:538} INFO - Filling up the DagBag from /home/airflow/.local/lib/python3.7/site-packages/airflow/example_dags/example_local_kubernetes_executor.py
[2025-04-24T23:28:13.880+0000] {processor.py:753} INFO - DAG(s) dict_keys(['example_local_kubernetes_executor']) retrieved from /home/airflow/.local/lib/python3.7/site-packages/airflow/example_dags/example_local_kubernetes_executor.py
[2025-04-24T23:28:13.891+0000] {logging_mixin.py:137} INFO - [2025-04-24T23:28:13.891+0000] {dag.py:2690} INFO - Sync 1 DAGs
[2025-04-24T23:28:13.902+0000] {logging_mixin.py:137} INFO - [2025-04-24T23:28:13.901+0000] {dag.py:3441} INFO - Setting next_dagrun for example_local_kubernetes_executor to None, run_after=None
[2025-04-24T23:28:13.913+0000] {processor.py:175} INFO - Processing /home/airflow/.local/lib/python3.7/site-packages/airflow/example_dags/example_local_kubernetes_executor.py took 0.044 seconds
[2025-04-24T23:28:44.410+0000] {processor.py:153} INFO - Started process (PID=599) to work on /home/airflow/.local/lib/python3.7/site-packages/airflow/example_dags/example_local_kubernetes_executor.py
[2025-04-24T23:28:44.410+0000] {processor.py:743} INFO - Processing file /home/airflow/.local/lib/python3.7/site-packages/airflow/example_dags/example_local_kubernetes_executor.py for tasks to queue
[2025-04-24T23:28:44.411+0000] {logging_mixin.py:137} INFO - [2025-04-24T23:28:44.411+0000] {dagbag.py:538} INFO - Filling up the DagBag from /home/airflow/.local/lib/python3.7/site-packages/airflow/example_dags/example_local_kubernetes_executor.py
[2025-04-24T23:28:44.421+0000] {processor.py:753} INFO - DAG(s) dict_keys(['example_local_kubernetes_executor']) retrieved from /home/airflow/.local/lib/python3.7/site-packages/airflow/example_dags/example_local_kubernetes_executor.py
[2025-04-24T23:28:44.433+0000] {logging_mixin.py:137} INFO - [2025-04-24T23:28:44.433+0000] {dag.py:2690} INFO - Sync 1 DAGs
[2025-04-24T23:28:44.444+0000] {logging_mixin.py:137} INFO - [2025-04-24T23:28:44.444+0000] {dag.py:3441} INFO - Setting next_dagrun for example_local_kubernetes_executor to None, run_after=None
[2025-04-24T23:28:44.456+0000] {processor.py:175} INFO - Processing /home/airflow/.local/lib/python3.7/site-packages/airflow/example_dags/example_local_kubernetes_executor.py took 0.047 seconds
[2025-04-24T23:29:15.136+0000] {processor.py:153} INFO - Started process (PID=691) to work on /home/airflow/.local/lib/python3.7/site-packages/airflow/example_dags/example_local_kubernetes_executor.py
[2025-04-24T23:29:15.138+0000] {processor.py:743} INFO - Processing file /home/airflow/.local/lib/python3.7/site-packages/airflow/example_dags/example_local_kubernetes_executor.py for tasks to queue
[2025-04-24T23:29:15.138+0000] {logging_mixin.py:137} INFO - [2025-04-24T23:29:15.138+0000] {dagbag.py:538} INFO - Filling up the DagBag from /home/airflow/.local/lib/python3.7/site-packages/airflow/example_dags/example_local_kubernetes_executor.py
[2025-04-24T23:29:15.147+0000] {processor.py:753} INFO - DAG(s) dict_keys(['example_local_kubernetes_executor']) retrieved from /home/airflow/.local/lib/python3.7/site-packages/airflow/example_dags/example_local_kubernetes_executor.py
[2025-04-24T23:29:15.160+0000] {logging_mixin.py:137} INFO - [2025-04-24T23:29:15.160+0000] {dag.py:2690} INFO - Sync 1 DAGs
[2025-04-24T23:29:15.172+0000] {logging_mixin.py:137} INFO - [2025-04-24T23:29:15.172+0000] {dag.py:3441} INFO - Setting next_dagrun for example_local_kubernetes_executor to None, run_after=None
[2025-04-24T23:29:15.185+0000] {processor.py:175} INFO - Processing /home/airflow/.local/lib/python3.7/site-packages/airflow/example_dags/example_local_kubernetes_executor.py took 0.050 seconds
[2025-04-24T23:29:45.741+0000] {processor.py:153} INFO - Started process (PID=767) to work on /home/airflow/.local/lib/python3.7/site-packages/airflow/example_dags/example_local_kubernetes_executor.py
[2025-04-24T23:29:45.742+0000] {processor.py:743} INFO - Processing file /home/airflow/.local/lib/python3.7/site-packages/airflow/example_dags/example_local_kubernetes_executor.py for tasks to queue
[2025-04-24T23:29:45.742+0000] {logging_mixin.py:137} INFO - [2025-04-24T23:29:45.742+0000] {dagbag.py:538} INFO - Filling up the DagBag from /home/airflow/.local/lib/python3.7/site-packages/airflow/example_dags/example_local_kubernetes_executor.py
[2025-04-24T23:29:45.751+0000] {processor.py:753} INFO - DAG(s) dict_keys(['example_local_kubernetes_executor']) retrieved from /home/airflow/.local/lib/python3.7/site-packages/airflow/example_dags/example_local_kubernetes_executor.py
[2025-04-24T23:29:45.762+0000] {logging_mixin.py:137} INFO - [2025-04-24T23:29:45.762+0000] {dag.py:2690} INFO - Sync 1 DAGs
[2025-04-24T23:29:45.772+0000] {logging_mixin.py:137} INFO - [2025-04-24T23:29:45.772+0000] {dag.py:3441} INFO - Setting next_dagrun for example_local_kubernetes_executor to None, run_after=None
[2025-04-24T23:29:45.782+0000] {processor.py:175} INFO - Processing /home/airflow/.local/lib/python3.7/site-packages/airflow/example_dags/example_local_kubernetes_executor.py took 0.043 seconds
[2025-04-24T23:30:16.519+0000] {processor.py:153} INFO - Started process (PID=859) to work on /home/airflow/.local/lib/python3.7/site-packages/airflow/example_dags/example_local_kubernetes_executor.py
[2025-04-24T23:30:16.520+0000] {processor.py:743} INFO - Processing file /home/airflow/.local/lib/python3.7/site-packages/airflow/example_dags/example_local_kubernetes_executor.py for tasks to queue
[2025-04-24T23:30:16.520+0000] {logging_mixin.py:137} INFO - [2025-04-24T23:30:16.520+0000] {dagbag.py:538} INFO - Filling up the DagBag from /home/airflow/.local/lib/python3.7/site-packages/airflow/example_dags/example_local_kubernetes_executor.py
[2025-04-24T23:30:16.536+0000] {processor.py:753} INFO - DAG(s) dict_keys(['example_local_kubernetes_executor']) retrieved from /home/airflow/.local/lib/python3.7/site-packages/airflow/example_dags/example_local_kubernetes_executor.py
[2025-04-24T23:30:16.551+0000] {logging_mixin.py:137} INFO - [2025-04-24T23:30:16.551+0000] {dag.py:2690} INFO - Sync 1 DAGs
[2025-04-24T23:30:16.562+0000] {logging_mixin.py:137} INFO - [2025-04-24T23:30:16.562+0000] {dag.py:3441} INFO - Setting next_dagrun for example_local_kubernetes_executor to None, run_after=None
[2025-04-24T23:30:16.574+0000] {processor.py:175} INFO - Processing /home/airflow/.local/lib/python3.7/site-packages/airflow/example_dags/example_local_kubernetes_executor.py took 0.056 seconds
[2025-04-24T23:30:47.268+0000] {processor.py:153} INFO - Started process (PID=951) to work on /home/airflow/.local/lib/python3.7/site-packages/airflow/example_dags/example_local_kubernetes_executor.py
[2025-04-24T23:30:47.270+0000] {processor.py:743} INFO - Processing file /home/airflow/.local/lib/python3.7/site-packages/airflow/example_dags/example_local_kubernetes_executor.py for tasks to queue
[2025-04-24T23:30:47.270+0000] {logging_mixin.py:137} INFO - [2025-04-24T23:30:47.270+0000] {dagbag.py:538} INFO - Filling up the DagBag from /home/airflow/.local/lib/python3.7/site-packages/airflow/example_dags/example_local_kubernetes_executor.py
[2025-04-24T23:30:47.279+0000] {processor.py:753} INFO - DAG(s) dict_keys(['example_local_kubernetes_executor']) retrieved from /home/airflow/.local/lib/python3.7/site-packages/airflow/example_dags/example_local_kubernetes_executor.py
[2025-04-24T23:30:47.291+0000] {logging_mixin.py:137} INFO - [2025-04-24T23:30:47.291+0000] {dag.py:2690} INFO - Sync 1 DAGs
[2025-04-24T23:30:47.303+0000] {logging_mixin.py:137} INFO - [2025-04-24T23:30:47.303+0000] {dag.py:3441} INFO - Setting next_dagrun for example_local_kubernetes_executor to None, run_after=None
[2025-04-24T23:30:47.311+0000] {processor.py:175} INFO - Processing /home/airflow/.local/lib/python3.7/site-packages/airflow/example_dags/example_local_kubernetes_executor.py took 0.044 seconds
[2025-04-24T23:31:18.069+0000] {processor.py:153} INFO - Started process (PID=1043) to work on /home/airflow/.local/lib/python3.7/site-packages/airflow/example_dags/example_local_kubernetes_executor.py
[2025-04-24T23:31:18.070+0000] {processor.py:743} INFO - Processing file /home/airflow/.local/lib/python3.7/site-packages/airflow/example_dags/example_local_kubernetes_executor.py for tasks to queue
[2025-04-24T23:31:18.071+0000] {logging_mixin.py:137} INFO - [2025-04-24T23:31:18.071+0000] {dagbag.py:538} INFO - Filling up the DagBag from /home/airflow/.local/lib/python3.7/site-packages/airflow/example_dags/example_local_kubernetes_executor.py
[2025-04-24T23:31:18.081+0000] {processor.py:753} INFO - DAG(s) dict_keys(['example_local_kubernetes_executor']) retrieved from /home/airflow/.local/lib/python3.7/site-packages/airflow/example_dags/example_local_kubernetes_executor.py
[2025-04-24T23:31:18.094+0000] {logging_mixin.py:137} INFO - [2025-04-24T23:31:18.094+0000] {dag.py:2690} INFO - Sync 1 DAGs
[2025-04-24T23:31:18.107+0000] {logging_mixin.py:137} INFO - [2025-04-24T23:31:18.106+0000] {dag.py:3441} INFO - Setting next_dagrun for example_local_kubernetes_executor to None, run_after=None
[2025-04-24T23:31:18.119+0000] {processor.py:175} INFO - Processing /home/airflow/.local/lib/python3.7/site-packages/airflow/example_dags/example_local_kubernetes_executor.py took 0.051 seconds
[2025-04-24T23:31:48.735+0000] {processor.py:153} INFO - Started process (PID=1119) to work on /home/airflow/.local/lib/python3.7/site-packages/airflow/example_dags/example_local_kubernetes_executor.py
[2025-04-24T23:31:48.737+0000] {processor.py:743} INFO - Processing file /home/airflow/.local/lib/python3.7/site-packages/airflow/example_dags/example_local_kubernetes_executor.py for tasks to queue
[2025-04-24T23:31:48.737+0000] {logging_mixin.py:137} INFO - [2025-04-24T23:31:48.737+0000] {dagbag.py:538} INFO - Filling up the DagBag from /home/airflow/.local/lib/python3.7/site-packages/airflow/example_dags/example_local_kubernetes_executor.py
[2025-04-24T23:31:48.746+0000] {processor.py:753} INFO - DAG(s) dict_keys(['example_local_kubernetes_executor']) retrieved from /home/airflow/.local/lib/python3.7/site-packages/airflow/example_dags/example_local_kubernetes_executor.py
[2025-04-24T23:31:48.756+0000] {logging_mixin.py:137} INFO - [2025-04-24T23:31:48.756+0000] {dag.py:2690} INFO - Sync 1 DAGs
[2025-04-24T23:31:48.772+0000] {logging_mixin.py:137} INFO - [2025-04-24T23:31:48.772+0000] {dag.py:3441} INFO - Setting next_dagrun for example_local_kubernetes_executor to None, run_after=None
[2025-04-24T23:31:48.787+0000] {processor.py:175} INFO - Processing /home/airflow/.local/lib/python3.7/site-packages/airflow/example_dags/example_local_kubernetes_executor.py took 0.053 seconds
[2025-04-24T23:32:19.439+0000] {processor.py:153} INFO - Started process (PID=1211) to work on /home/airflow/.local/lib/python3.7/site-packages/airflow/example_dags/example_local_kubernetes_executor.py
[2025-04-24T23:32:19.439+0000] {processor.py:743} INFO - Processing file /home/airflow/.local/lib/python3.7/site-packages/airflow/example_dags/example_local_kubernetes_executor.py for tasks to queue
[2025-04-24T23:32:19.441+0000] {logging_mixin.py:137} INFO - [2025-04-24T23:32:19.441+0000] {dagbag.py:538} INFO - Filling up the DagBag from /home/airflow/.local/lib/python3.7/site-packages/airflow/example_dags/example_local_kubernetes_executor.py
[2025-04-24T23:32:19.451+0000] {processor.py:753} INFO - DAG(s) dict_keys(['example_local_kubernetes_executor']) retrieved from /home/airflow/.local/lib/python3.7/site-packages/airflow/example_dags/example_local_kubernetes_executor.py
[2025-04-24T23:32:19.466+0000] {logging_mixin.py:137} INFO - [2025-04-24T23:32:19.466+0000] {dag.py:2690} INFO - Sync 1 DAGs
[2025-04-24T23:32:19.479+0000] {logging_mixin.py:137} INFO - [2025-04-24T23:32:19.479+0000] {dag.py:3441} INFO - Setting next_dagrun for example_local_kubernetes_executor to None, run_after=None
[2025-04-24T23:32:19.485+0000] {processor.py:175} INFO - Processing /home/airflow/.local/lib/python3.7/site-packages/airflow/example_dags/example_local_kubernetes_executor.py took 0.048 seconds
[2025-04-24T23:32:50.042+0000] {processor.py:153} INFO - Started process (PID=1303) to work on /home/airflow/.local/lib/python3.7/site-packages/airflow/example_dags/example_local_kubernetes_executor.py
[2025-04-24T23:32:50.044+0000] {processor.py:743} INFO - Processing file /home/airflow/.local/lib/python3.7/site-packages/airflow/example_dags/example_local_kubernetes_executor.py for tasks to queue
[2025-04-24T23:32:50.046+0000] {logging_mixin.py:137} INFO - [2025-04-24T23:32:50.046+0000] {dagbag.py:538} INFO - Filling up the DagBag from /home/airflow/.local/lib/python3.7/site-packages/airflow/example_dags/example_local_kubernetes_executor.py
[2025-04-24T23:32:50.056+0000] {processor.py:753} INFO - DAG(s) dict_keys(['example_local_kubernetes_executor']) retrieved from /home/airflow/.local/lib/python3.7/site-packages/airflow/example_dags/example_local_kubernetes_executor.py
[2025-04-24T23:32:50.070+0000] {logging_mixin.py:137} INFO - [2025-04-24T23:32:50.070+0000] {dag.py:2690} INFO - Sync 1 DAGs
[2025-04-24T23:32:50.079+0000] {logging_mixin.py:137} INFO - [2025-04-24T23:32:50.079+0000] {dag.py:3441} INFO - Setting next_dagrun for example_local_kubernetes_executor to None, run_after=None
[2025-04-24T23:32:50.088+0000] {processor.py:175} INFO - Processing /home/airflow/.local/lib/python3.7/site-packages/airflow/example_dags/example_local_kubernetes_executor.py took 0.047 seconds
[2025-04-24T23:33:20.510+0000] {processor.py:153} INFO - Started process (PID=1395) to work on /home/airflow/.local/lib/python3.7/site-packages/airflow/example_dags/example_local_kubernetes_executor.py
[2025-04-24T23:33:20.513+0000] {processor.py:743} INFO - Processing file /home/airflow/.local/lib/python3.7/site-packages/airflow/example_dags/example_local_kubernetes_executor.py for tasks to queue
[2025-04-24T23:33:20.514+0000] {logging_mixin.py:137} INFO - [2025-04-24T23:33:20.514+0000] {dagbag.py:538} INFO - Filling up the DagBag from /home/airflow/.local/lib/python3.7/site-packages/airflow/example_dags/example_local_kubernetes_executor.py
[2025-04-24T23:33:20.522+0000] {processor.py:753} INFO - DAG(s) dict_keys(['example_local_kubernetes_executor']) retrieved from /home/airflow/.local/lib/python3.7/site-packages/airflow/example_dags/example_local_kubernetes_executor.py
[2025-04-24T23:33:20.537+0000] {logging_mixin.py:137} INFO - [2025-04-24T23:33:20.537+0000] {dag.py:2690} INFO - Sync 1 DAGs
[2025-04-24T23:33:20.548+0000] {logging_mixin.py:137} INFO - [2025-04-24T23:33:20.548+0000] {dag.py:3441} INFO - Setting next_dagrun for example_local_kubernetes_executor to None, run_after=None
[2025-04-24T23:33:20.561+0000] {processor.py:175} INFO - Processing /home/airflow/.local/lib/python3.7/site-packages/airflow/example_dags/example_local_kubernetes_executor.py took 0.052 seconds
[2025-04-24T23:33:51.167+0000] {processor.py:153} INFO - Started process (PID=1487) to work on /home/airflow/.local/lib/python3.7/site-packages/airflow/example_dags/example_local_kubernetes_executor.py
[2025-04-24T23:33:51.167+0000] {processor.py:743} INFO - Processing file /home/airflow/.local/lib/python3.7/site-packages/airflow/example_dags/example_local_kubernetes_executor.py for tasks to queue
[2025-04-24T23:33:51.168+0000] {logging_mixin.py:137} INFO - [2025-04-24T23:33:51.167+0000] {dagbag.py:538} INFO - Filling up the DagBag from /home/airflow/.local/lib/python3.7/site-packages/airflow/example_dags/example_local_kubernetes_executor.py
[2025-04-24T23:33:51.176+0000] {processor.py:753} INFO - DAG(s) dict_keys(['example_local_kubernetes_executor']) retrieved from /home/airflow/.local/lib/python3.7/site-packages/airflow/example_dags/example_local_kubernetes_executor.py
[2025-04-24T23:33:51.187+0000] {logging_mixin.py:137} INFO - [2025-04-24T23:33:51.187+0000] {dag.py:2690} INFO - Sync 1 DAGs
[2025-04-24T23:33:51.198+0000] {logging_mixin.py:137} INFO - [2025-04-24T23:33:51.198+0000] {dag.py:3441} INFO - Setting next_dagrun for example_local_kubernetes_executor to None, run_after=None
[2025-04-24T23:33:51.209+0000] {processor.py:175} INFO - Processing /home/airflow/.local/lib/python3.7/site-packages/airflow/example_dags/example_local_kubernetes_executor.py took 0.043 seconds
[2025-04-24T23:34:21.730+0000] {processor.py:153} INFO - Started process (PID=1563) to work on /home/airflow/.local/lib/python3.7/site-packages/airflow/example_dags/example_local_kubernetes_executor.py
[2025-04-24T23:34:21.730+0000] {processor.py:743} INFO - Processing file /home/airflow/.local/lib/python3.7/site-packages/airflow/example_dags/example_local_kubernetes_executor.py for tasks to queue
[2025-04-24T23:34:21.730+0000] {logging_mixin.py:137} INFO - [2025-04-24T23:34:21.730+0000] {dagbag.py:538} INFO - Filling up the DagBag from /home/airflow/.local/lib/python3.7/site-packages/airflow/example_dags/example_local_kubernetes_executor.py
[2025-04-24T23:34:21.739+0000] {processor.py:753} INFO - DAG(s) dict_keys(['example_local_kubernetes_executor']) retrieved from /home/airflow/.local/lib/python3.7/site-packages/airflow/example_dags/example_local_kubernetes_executor.py
[2025-04-24T23:34:21.749+0000] {logging_mixin.py:137} INFO - [2025-04-24T23:34:21.749+0000] {dag.py:2690} INFO - Sync 1 DAGs
[2025-04-24T23:34:21.759+0000] {logging_mixin.py:137} INFO - [2025-04-24T23:34:21.759+0000] {dag.py:3441} INFO - Setting next_dagrun for example_local_kubernetes_executor to None, run_after=None
[2025-04-24T23:34:21.766+0000] {processor.py:175} INFO - Processing /home/airflow/.local/lib/python3.7/site-packages/airflow/example_dags/example_local_kubernetes_executor.py took 0.038 seconds
[2025-04-24T23:34:52.244+0000] {processor.py:153} INFO - Started process (PID=1655) to work on /home/airflow/.local/lib/python3.7/site-packages/airflow/example_dags/example_local_kubernetes_executor.py
[2025-04-24T23:34:52.246+0000] {processor.py:743} INFO - Processing file /home/airflow/.local/lib/python3.7/site-packages/airflow/example_dags/example_local_kubernetes_executor.py for tasks to queue
[2025-04-24T23:34:52.247+0000] {logging_mixin.py:137} INFO - [2025-04-24T23:34:52.247+0000] {dagbag.py:538} INFO - Filling up the DagBag from /home/airflow/.local/lib/python3.7/site-packages/airflow/example_dags/example_local_kubernetes_executor.py
[2025-04-24T23:34:52.256+0000] {processor.py:753} INFO - DAG(s) dict_keys(['example_local_kubernetes_executor']) retrieved from /home/airflow/.local/lib/python3.7/site-packages/airflow/example_dags/example_local_kubernetes_executor.py
[2025-04-24T23:34:52.269+0000] {logging_mixin.py:137} INFO - [2025-04-24T23:34:52.269+0000] {dag.py:2690} INFO - Sync 1 DAGs
[2025-04-24T23:34:52.280+0000] {logging_mixin.py:137} INFO - [2025-04-24T23:34:52.280+0000] {dag.py:3441} INFO - Setting next_dagrun for example_local_kubernetes_executor to None, run_after=None
[2025-04-24T23:34:52.290+0000] {processor.py:175} INFO - Processing /home/airflow/.local/lib/python3.7/site-packages/airflow/example_dags/example_local_kubernetes_executor.py took 0.047 seconds
[2025-04-24T23:35:22.856+0000] {processor.py:153} INFO - Started process (PID=1747) to work on /home/airflow/.local/lib/python3.7/site-packages/airflow/example_dags/example_local_kubernetes_executor.py
[2025-04-24T23:35:22.857+0000] {processor.py:743} INFO - Processing file /home/airflow/.local/lib/python3.7/site-packages/airflow/example_dags/example_local_kubernetes_executor.py for tasks to queue
[2025-04-24T23:35:22.858+0000] {logging_mixin.py:137} INFO - [2025-04-24T23:35:22.858+0000] {dagbag.py:538} INFO - Filling up the DagBag from /home/airflow/.local/lib/python3.7/site-packages/airflow/example_dags/example_local_kubernetes_executor.py
[2025-04-24T23:35:22.867+0000] {processor.py:753} INFO - DAG(s) dict_keys(['example_local_kubernetes_executor']) retrieved from /home/airflow/.local/lib/python3.7/site-packages/airflow/example_dags/example_local_kubernetes_executor.py
[2025-04-24T23:35:22.878+0000] {logging_mixin.py:137} INFO - [2025-04-24T23:35:22.878+0000] {dag.py:2690} INFO - Sync 1 DAGs
[2025-04-24T23:35:22.889+0000] {logging_mixin.py:137} INFO - [2025-04-24T23:35:22.889+0000] {dag.py:3441} INFO - Setting next_dagrun for example_local_kubernetes_executor to None, run_after=None
[2025-04-24T23:35:22.900+0000] {processor.py:175} INFO - Processing /home/airflow/.local/lib/python3.7/site-packages/airflow/example_dags/example_local_kubernetes_executor.py took 0.045 seconds
[2025-04-24T23:35:53.346+0000] {processor.py:153} INFO - Started process (PID=1839) to work on /home/airflow/.local/lib/python3.7/site-packages/airflow/example_dags/example_local_kubernetes_executor.py
[2025-04-24T23:35:53.347+0000] {processor.py:743} INFO - Processing file /home/airflow/.local/lib/python3.7/site-packages/airflow/example_dags/example_local_kubernetes_executor.py for tasks to queue
[2025-04-24T23:35:53.348+0000] {logging_mixin.py:137} INFO - [2025-04-24T23:35:53.347+0000] {dagbag.py:538} INFO - Filling up the DagBag from /home/airflow/.local/lib/python3.7/site-packages/airflow/example_dags/example_local_kubernetes_executor.py
[2025-04-24T23:35:53.356+0000] {processor.py:753} INFO - DAG(s) dict_keys(['example_local_kubernetes_executor']) retrieved from /home/airflow/.local/lib/python3.7/site-packages/airflow/example_dags/example_local_kubernetes_executor.py
[2025-04-24T23:35:53.368+0000] {logging_mixin.py:137} INFO - [2025-04-24T23:35:53.367+0000] {dag.py:2690} INFO - Sync 1 DAGs
[2025-04-24T23:35:53.378+0000] {logging_mixin.py:137} INFO - [2025-04-24T23:35:53.378+0000] {dag.py:3441} INFO - Setting next_dagrun for example_local_kubernetes_executor to None, run_after=None
[2025-04-24T23:35:53.387+0000] {processor.py:175} INFO - Processing /home/airflow/.local/lib/python3.7/site-packages/airflow/example_dags/example_local_kubernetes_executor.py took 0.042 seconds
[2025-04-24T23:36:24.162+0000] {processor.py:153} INFO - Started process (PID=1924) to work on /home/airflow/.local/lib/python3.7/site-packages/airflow/example_dags/example_local_kubernetes_executor.py
[2025-04-24T23:36:24.164+0000] {processor.py:743} INFO - Processing file /home/airflow/.local/lib/python3.7/site-packages/airflow/example_dags/example_local_kubernetes_executor.py for tasks to queue
[2025-04-24T23:36:24.164+0000] {logging_mixin.py:137} INFO - [2025-04-24T23:36:24.164+0000] {dagbag.py:538} INFO - Filling up the DagBag from /home/airflow/.local/lib/python3.7/site-packages/airflow/example_dags/example_local_kubernetes_executor.py
[2025-04-24T23:36:24.175+0000] {processor.py:753} INFO - DAG(s) dict_keys(['example_local_kubernetes_executor']) retrieved from /home/airflow/.local/lib/python3.7/site-packages/airflow/example_dags/example_local_kubernetes_executor.py
[2025-04-24T23:36:24.191+0000] {logging_mixin.py:137} INFO - [2025-04-24T23:36:24.191+0000] {dag.py:2690} INFO - Sync 1 DAGs
[2025-04-24T23:36:24.207+0000] {logging_mixin.py:137} INFO - [2025-04-24T23:36:24.207+0000] {dag.py:3441} INFO - Setting next_dagrun for example_local_kubernetes_executor to None, run_after=None
[2025-04-24T23:36:24.217+0000] {processor.py:175} INFO - Processing /home/airflow/.local/lib/python3.7/site-packages/airflow/example_dags/example_local_kubernetes_executor.py took 0.057 seconds
[2025-04-24T23:36:55.144+0000] {processor.py:153} INFO - Started process (PID=2007) to work on /home/airflow/.local/lib/python3.7/site-packages/airflow/example_dags/example_local_kubernetes_executor.py
[2025-04-24T23:36:55.145+0000] {processor.py:743} INFO - Processing file /home/airflow/.local/lib/python3.7/site-packages/airflow/example_dags/example_local_kubernetes_executor.py for tasks to queue
[2025-04-24T23:36:55.146+0000] {logging_mixin.py:137} INFO - [2025-04-24T23:36:55.146+0000] {dagbag.py:538} INFO - Filling up the DagBag from /home/airflow/.local/lib/python3.7/site-packages/airflow/example_dags/example_local_kubernetes_executor.py
[2025-04-24T23:36:55.157+0000] {processor.py:753} INFO - DAG(s) dict_keys(['example_local_kubernetes_executor']) retrieved from /home/airflow/.local/lib/python3.7/site-packages/airflow/example_dags/example_local_kubernetes_executor.py
[2025-04-24T23:36:55.168+0000] {logging_mixin.py:137} INFO - [2025-04-24T23:36:55.168+0000] {dag.py:2690} INFO - Sync 1 DAGs
[2025-04-24T23:36:55.180+0000] {logging_mixin.py:137} INFO - [2025-04-24T23:36:55.180+0000] {dag.py:3441} INFO - Setting next_dagrun for example_local_kubernetes_executor to None, run_after=None
[2025-04-24T23:36:55.188+0000] {processor.py:175} INFO - Processing /home/airflow/.local/lib/python3.7/site-packages/airflow/example_dags/example_local_kubernetes_executor.py took 0.045 seconds
[2025-04-24T23:37:25.704+0000] {processor.py:153} INFO - Started process (PID=2099) to work on /home/airflow/.local/lib/python3.7/site-packages/airflow/example_dags/example_local_kubernetes_executor.py
[2025-04-24T23:37:25.705+0000] {processor.py:743} INFO - Processing file /home/airflow/.local/lib/python3.7/site-packages/airflow/example_dags/example_local_kubernetes_executor.py for tasks to queue
[2025-04-24T23:37:25.705+0000] {logging_mixin.py:137} INFO - [2025-04-24T23:37:25.705+0000] {dagbag.py:538} INFO - Filling up the DagBag from /home/airflow/.local/lib/python3.7/site-packages/airflow/example_dags/example_local_kubernetes_executor.py
[2025-04-24T23:37:25.715+0000] {processor.py:753} INFO - DAG(s) dict_keys(['example_local_kubernetes_executor']) retrieved from /home/airflow/.local/lib/python3.7/site-packages/airflow/example_dags/example_local_kubernetes_executor.py
[2025-04-24T23:37:25.729+0000] {logging_mixin.py:137} INFO - [2025-04-24T23:37:25.729+0000] {dag.py:2690} INFO - Sync 1 DAGs
[2025-04-24T23:37:25.739+0000] {logging_mixin.py:137} INFO - [2025-04-24T23:37:25.739+0000] {dag.py:3441} INFO - Setting next_dagrun for example_local_kubernetes_executor to None, run_after=None
[2025-04-24T23:37:25.748+0000] {processor.py:175} INFO - Processing /home/airflow/.local/lib/python3.7/site-packages/airflow/example_dags/example_local_kubernetes_executor.py took 0.045 seconds
[2025-04-24T23:37:56.208+0000] {processor.py:153} INFO - Started process (PID=2189) to work on /home/airflow/.local/lib/python3.7/site-packages/airflow/example_dags/example_local_kubernetes_executor.py
[2025-04-24T23:37:56.209+0000] {processor.py:743} INFO - Processing file /home/airflow/.local/lib/python3.7/site-packages/airflow/example_dags/example_local_kubernetes_executor.py for tasks to queue
[2025-04-24T23:37:56.211+0000] {logging_mixin.py:137} INFO - [2025-04-24T23:37:56.211+0000] {dagbag.py:538} INFO - Filling up the DagBag from /home/airflow/.local/lib/python3.7/site-packages/airflow/example_dags/example_local_kubernetes_executor.py
[2025-04-24T23:37:56.220+0000] {processor.py:753} INFO - DAG(s) dict_keys(['example_local_kubernetes_executor']) retrieved from /home/airflow/.local/lib/python3.7/site-packages/airflow/example_dags/example_local_kubernetes_executor.py
[2025-04-24T23:37:56.232+0000] {logging_mixin.py:137} INFO - [2025-04-24T23:37:56.232+0000] {dag.py:2690} INFO - Sync 1 DAGs
[2025-04-24T23:37:56.242+0000] {logging_mixin.py:137} INFO - [2025-04-24T23:37:56.242+0000] {dag.py:3441} INFO - Setting next_dagrun for example_local_kubernetes_executor to None, run_after=None
[2025-04-24T23:37:56.252+0000] {processor.py:175} INFO - Processing /home/airflow/.local/lib/python3.7/site-packages/airflow/example_dags/example_local_kubernetes_executor.py took 0.045 seconds
[2025-04-24T23:38:26.815+0000] {processor.py:153} INFO - Started process (PID=2281) to work on /home/airflow/.local/lib/python3.7/site-packages/airflow/example_dags/example_local_kubernetes_executor.py
[2025-04-24T23:38:26.819+0000] {processor.py:743} INFO - Processing file /home/airflow/.local/lib/python3.7/site-packages/airflow/example_dags/example_local_kubernetes_executor.py for tasks to queue
[2025-04-24T23:38:26.819+0000] {logging_mixin.py:137} INFO - [2025-04-24T23:38:26.819+0000] {dagbag.py:538} INFO - Filling up the DagBag from /home/airflow/.local/lib/python3.7/site-packages/airflow/example_dags/example_local_kubernetes_executor.py
[2025-04-24T23:38:26.832+0000] {processor.py:753} INFO - DAG(s) dict_keys(['example_local_kubernetes_executor']) retrieved from /home/airflow/.local/lib/python3.7/site-packages/airflow/example_dags/example_local_kubernetes_executor.py
[2025-04-24T23:38:26.846+0000] {logging_mixin.py:137} INFO - [2025-04-24T23:38:26.846+0000] {dag.py:2690} INFO - Sync 1 DAGs
[2025-04-24T23:38:26.863+0000] {logging_mixin.py:137} INFO - [2025-04-24T23:38:26.862+0000] {dag.py:3441} INFO - Setting next_dagrun for example_local_kubernetes_executor to None, run_after=None
[2025-04-24T23:38:26.879+0000] {processor.py:175} INFO - Processing /home/airflow/.local/lib/python3.7/site-packages/airflow/example_dags/example_local_kubernetes_executor.py took 0.066 seconds
[2025-04-24T23:38:57.502+0000] {processor.py:153} INFO - Started process (PID=2357) to work on /home/airflow/.local/lib/python3.7/site-packages/airflow/example_dags/example_local_kubernetes_executor.py
[2025-04-24T23:38:57.502+0000] {processor.py:743} INFO - Processing file /home/airflow/.local/lib/python3.7/site-packages/airflow/example_dags/example_local_kubernetes_executor.py for tasks to queue
[2025-04-24T23:38:57.503+0000] {logging_mixin.py:137} INFO - [2025-04-24T23:38:57.503+0000] {dagbag.py:538} INFO - Filling up the DagBag from /home/airflow/.local/lib/python3.7/site-packages/airflow/example_dags/example_local_kubernetes_executor.py
[2025-04-24T23:38:57.514+0000] {processor.py:753} INFO - DAG(s) dict_keys(['example_local_kubernetes_executor']) retrieved from /home/airflow/.local/lib/python3.7/site-packages/airflow/example_dags/example_local_kubernetes_executor.py
[2025-04-24T23:38:57.527+0000] {logging_mixin.py:137} INFO - [2025-04-24T23:38:57.527+0000] {dag.py:2690} INFO - Sync 1 DAGs
[2025-04-24T23:38:57.541+0000] {logging_mixin.py:137} INFO - [2025-04-24T23:38:57.540+0000] {dag.py:3441} INFO - Setting next_dagrun for example_local_kubernetes_executor to None, run_after=None
[2025-04-24T23:38:57.551+0000] {processor.py:175} INFO - Processing /home/airflow/.local/lib/python3.7/site-packages/airflow/example_dags/example_local_kubernetes_executor.py took 0.051 seconds
[2025-04-24T23:39:28.157+0000] {processor.py:153} INFO - Started process (PID=2449) to work on /home/airflow/.local/lib/python3.7/site-packages/airflow/example_dags/example_local_kubernetes_executor.py
[2025-04-24T23:39:28.157+0000] {processor.py:743} INFO - Processing file /home/airflow/.local/lib/python3.7/site-packages/airflow/example_dags/example_local_kubernetes_executor.py for tasks to queue
[2025-04-24T23:39:28.157+0000] {logging_mixin.py:137} INFO - [2025-04-24T23:39:28.157+0000] {dagbag.py:538} INFO - Filling up the DagBag from /home/airflow/.local/lib/python3.7/site-packages/airflow/example_dags/example_local_kubernetes_executor.py
[2025-04-24T23:39:28.167+0000] {processor.py:753} INFO - DAG(s) dict_keys(['example_local_kubernetes_executor']) retrieved from /home/airflow/.local/lib/python3.7/site-packages/airflow/example_dags/example_local_kubernetes_executor.py
[2025-04-24T23:39:28.178+0000] {logging_mixin.py:137} INFO - [2025-04-24T23:39:28.178+0000] {dag.py:2690} INFO - Sync 1 DAGs
[2025-04-24T23:39:28.188+0000] {logging_mixin.py:137} INFO - [2025-04-24T23:39:28.188+0000] {dag.py:3441} INFO - Setting next_dagrun for example_local_kubernetes_executor to None, run_after=None
[2025-04-24T23:39:28.195+0000] {processor.py:175} INFO - Processing /home/airflow/.local/lib/python3.7/site-packages/airflow/example_dags/example_local_kubernetes_executor.py took 0.040 seconds
[2025-04-24T23:39:58.666+0000] {processor.py:153} INFO - Started process (PID=2540) to work on /home/airflow/.local/lib/python3.7/site-packages/airflow/example_dags/example_local_kubernetes_executor.py
[2025-04-24T23:39:58.669+0000] {processor.py:743} INFO - Processing file /home/airflow/.local/lib/python3.7/site-packages/airflow/example_dags/example_local_kubernetes_executor.py for tasks to queue
[2025-04-24T23:39:58.670+0000] {logging_mixin.py:137} INFO - [2025-04-24T23:39:58.670+0000] {dagbag.py:538} INFO - Filling up the DagBag from /home/airflow/.local/lib/python3.7/site-packages/airflow/example_dags/example_local_kubernetes_executor.py
[2025-04-24T23:39:58.679+0000] {processor.py:753} INFO - DAG(s) dict_keys(['example_local_kubernetes_executor']) retrieved from /home/airflow/.local/lib/python3.7/site-packages/airflow/example_dags/example_local_kubernetes_executor.py
[2025-04-24T23:39:58.692+0000] {logging_mixin.py:137} INFO - [2025-04-24T23:39:58.692+0000] {dag.py:2690} INFO - Sync 1 DAGs
[2025-04-24T23:39:58.703+0000] {logging_mixin.py:137} INFO - [2025-04-24T23:39:58.703+0000] {dag.py:3441} INFO - Setting next_dagrun for example_local_kubernetes_executor to None, run_after=None
[2025-04-24T23:39:58.716+0000] {processor.py:175} INFO - Processing /home/airflow/.local/lib/python3.7/site-packages/airflow/example_dags/example_local_kubernetes_executor.py took 0.051 seconds
[2025-04-24T23:40:29.128+0000] {processor.py:153} INFO - Started process (PID=2632) to work on /home/airflow/.local/lib/python3.7/site-packages/airflow/example_dags/example_local_kubernetes_executor.py
[2025-04-24T23:40:29.129+0000] {processor.py:743} INFO - Processing file /home/airflow/.local/lib/python3.7/site-packages/airflow/example_dags/example_local_kubernetes_executor.py for tasks to queue
[2025-04-24T23:40:29.129+0000] {logging_mixin.py:137} INFO - [2025-04-24T23:40:29.129+0000] {dagbag.py:538} INFO - Filling up the DagBag from /home/airflow/.local/lib/python3.7/site-packages/airflow/example_dags/example_local_kubernetes_executor.py
[2025-04-24T23:40:29.138+0000] {processor.py:753} INFO - DAG(s) dict_keys(['example_local_kubernetes_executor']) retrieved from /home/airflow/.local/lib/python3.7/site-packages/airflow/example_dags/example_local_kubernetes_executor.py
[2025-04-24T23:40:29.149+0000] {logging_mixin.py:137} INFO - [2025-04-24T23:40:29.149+0000] {dag.py:2690} INFO - Sync 1 DAGs
[2025-04-24T23:40:29.161+0000] {logging_mixin.py:137} INFO - [2025-04-24T23:40:29.161+0000] {dag.py:3441} INFO - Setting next_dagrun for example_local_kubernetes_executor to None, run_after=None
[2025-04-24T23:40:29.171+0000] {processor.py:175} INFO - Processing /home/airflow/.local/lib/python3.7/site-packages/airflow/example_dags/example_local_kubernetes_executor.py took 0.044 seconds
[2025-04-24T23:40:59.676+0000] {processor.py:153} INFO - Started process (PID=2708) to work on /home/airflow/.local/lib/python3.7/site-packages/airflow/example_dags/example_local_kubernetes_executor.py
[2025-04-24T23:40:59.676+0000] {processor.py:743} INFO - Processing file /home/airflow/.local/lib/python3.7/site-packages/airflow/example_dags/example_local_kubernetes_executor.py for tasks to queue
[2025-04-24T23:40:59.676+0000] {logging_mixin.py:137} INFO - [2025-04-24T23:40:59.676+0000] {dagbag.py:538} INFO - Filling up the DagBag from /home/airflow/.local/lib/python3.7/site-packages/airflow/example_dags/example_local_kubernetes_executor.py
[2025-04-24T23:40:59.685+0000] {processor.py:753} INFO - DAG(s) dict_keys(['example_local_kubernetes_executor']) retrieved from /home/airflow/.local/lib/python3.7/site-packages/airflow/example_dags/example_local_kubernetes_executor.py
[2025-04-24T23:40:59.697+0000] {logging_mixin.py:137} INFO - [2025-04-24T23:40:59.697+0000] {dag.py:2690} INFO - Sync 1 DAGs
[2025-04-24T23:40:59.706+0000] {logging_mixin.py:137} INFO - [2025-04-24T23:40:59.706+0000] {dag.py:3441} INFO - Setting next_dagrun for example_local_kubernetes_executor to None, run_after=None
[2025-04-24T23:40:59.714+0000] {processor.py:175} INFO - Processing /home/airflow/.local/lib/python3.7/site-packages/airflow/example_dags/example_local_kubernetes_executor.py took 0.040 seconds
[2025-04-24T23:41:30.221+0000] {processor.py:153} INFO - Started process (PID=2800) to work on /home/airflow/.local/lib/python3.7/site-packages/airflow/example_dags/example_local_kubernetes_executor.py
[2025-04-24T23:41:30.223+0000] {processor.py:743} INFO - Processing file /home/airflow/.local/lib/python3.7/site-packages/airflow/example_dags/example_local_kubernetes_executor.py for tasks to queue
[2025-04-24T23:41:30.224+0000] {logging_mixin.py:137} INFO - [2025-04-24T23:41:30.224+0000] {dagbag.py:538} INFO - Filling up the DagBag from /home/airflow/.local/lib/python3.7/site-packages/airflow/example_dags/example_local_kubernetes_executor.py
[2025-04-24T23:41:30.234+0000] {processor.py:753} INFO - DAG(s) dict_keys(['example_local_kubernetes_executor']) retrieved from /home/airflow/.local/lib/python3.7/site-packages/airflow/example_dags/example_local_kubernetes_executor.py
[2025-04-24T23:41:30.247+0000] {logging_mixin.py:137} INFO - [2025-04-24T23:41:30.247+0000] {dag.py:2690} INFO - Sync 1 DAGs
[2025-04-24T23:41:30.259+0000] {logging_mixin.py:137} INFO - [2025-04-24T23:41:30.259+0000] {dag.py:3441} INFO - Setting next_dagrun for example_local_kubernetes_executor to None, run_after=None
[2025-04-24T23:41:30.268+0000] {processor.py:175} INFO - Processing /home/airflow/.local/lib/python3.7/site-packages/airflow/example_dags/example_local_kubernetes_executor.py took 0.049 seconds
[2025-04-24T23:42:00.960+0000] {processor.py:153} INFO - Started process (PID=2892) to work on /home/airflow/.local/lib/python3.7/site-packages/airflow/example_dags/example_local_kubernetes_executor.py
[2025-04-24T23:42:00.961+0000] {processor.py:743} INFO - Processing file /home/airflow/.local/lib/python3.7/site-packages/airflow/example_dags/example_local_kubernetes_executor.py for tasks to queue
[2025-04-24T23:42:00.961+0000] {logging_mixin.py:137} INFO - [2025-04-24T23:42:00.961+0000] {dagbag.py:538} INFO - Filling up the DagBag from /home/airflow/.local/lib/python3.7/site-packages/airflow/example_dags/example_local_kubernetes_executor.py
[2025-04-24T23:42:00.970+0000] {processor.py:753} INFO - DAG(s) dict_keys(['example_local_kubernetes_executor']) retrieved from /home/airflow/.local/lib/python3.7/site-packages/airflow/example_dags/example_local_kubernetes_executor.py
[2025-04-24T23:42:00.981+0000] {logging_mixin.py:137} INFO - [2025-04-24T23:42:00.981+0000] {dag.py:2690} INFO - Sync 1 DAGs
[2025-04-24T23:42:00.992+0000] {logging_mixin.py:137} INFO - [2025-04-24T23:42:00.992+0000] {dag.py:3441} INFO - Setting next_dagrun for example_local_kubernetes_executor to None, run_after=None
[2025-04-24T23:42:01.001+0000] {processor.py:175} INFO - Processing /home/airflow/.local/lib/python3.7/site-packages/airflow/example_dags/example_local_kubernetes_executor.py took 0.042 seconds
[2025-04-24T23:42:31.619+0000] {processor.py:153} INFO - Started process (PID=2984) to work on /home/airflow/.local/lib/python3.7/site-packages/airflow/example_dags/example_local_kubernetes_executor.py
[2025-04-24T23:42:31.620+0000] {processor.py:743} INFO - Processing file /home/airflow/.local/lib/python3.7/site-packages/airflow/example_dags/example_local_kubernetes_executor.py for tasks to queue
[2025-04-24T23:42:31.620+0000] {logging_mixin.py:137} INFO - [2025-04-24T23:42:31.620+0000] {dagbag.py:538} INFO - Filling up the DagBag from /home/airflow/.local/lib/python3.7/site-packages/airflow/example_dags/example_local_kubernetes_executor.py
[2025-04-24T23:42:31.630+0000] {processor.py:753} INFO - DAG(s) dict_keys(['example_local_kubernetes_executor']) retrieved from /home/airflow/.local/lib/python3.7/site-packages/airflow/example_dags/example_local_kubernetes_executor.py
[2025-04-24T23:42:31.643+0000] {logging_mixin.py:137} INFO - [2025-04-24T23:42:31.643+0000] {dag.py:2690} INFO - Sync 1 DAGs
[2025-04-24T23:42:31.653+0000] {logging_mixin.py:137} INFO - [2025-04-24T23:42:31.653+0000] {dag.py:3441} INFO - Setting next_dagrun for example_local_kubernetes_executor to None, run_after=None
[2025-04-24T23:42:31.666+0000] {processor.py:175} INFO - Processing /home/airflow/.local/lib/python3.7/site-packages/airflow/example_dags/example_local_kubernetes_executor.py took 0.048 seconds
[2025-04-24T23:43:02.281+0000] {processor.py:153} INFO - Started process (PID=3076) to work on /home/airflow/.local/lib/python3.7/site-packages/airflow/example_dags/example_local_kubernetes_executor.py
[2025-04-24T23:43:02.282+0000] {processor.py:743} INFO - Processing file /home/airflow/.local/lib/python3.7/site-packages/airflow/example_dags/example_local_kubernetes_executor.py for tasks to queue
[2025-04-24T23:43:02.283+0000] {logging_mixin.py:137} INFO - [2025-04-24T23:43:02.283+0000] {dagbag.py:538} INFO - Filling up the DagBag from /home/airflow/.local/lib/python3.7/site-packages/airflow/example_dags/example_local_kubernetes_executor.py
[2025-04-24T23:43:02.294+0000] {processor.py:753} INFO - DAG(s) dict_keys(['example_local_kubernetes_executor']) retrieved from /home/airflow/.local/lib/python3.7/site-packages/airflow/example_dags/example_local_kubernetes_executor.py
[2025-04-24T23:43:02.315+0000] {logging_mixin.py:137} INFO - [2025-04-24T23:43:02.315+0000] {dag.py:2690} INFO - Sync 1 DAGs
[2025-04-24T23:43:02.332+0000] {logging_mixin.py:137} INFO - [2025-04-24T23:43:02.332+0000] {dag.py:3441} INFO - Setting next_dagrun for example_local_kubernetes_executor to None, run_after=None
[2025-04-24T23:43:02.342+0000] {processor.py:175} INFO - Processing /home/airflow/.local/lib/python3.7/site-packages/airflow/example_dags/example_local_kubernetes_executor.py took 0.063 seconds
[2025-04-24T23:43:32.917+0000] {processor.py:153} INFO - Started process (PID=3152) to work on /home/airflow/.local/lib/python3.7/site-packages/airflow/example_dags/example_local_kubernetes_executor.py
[2025-04-24T23:43:32.918+0000] {processor.py:743} INFO - Processing file /home/airflow/.local/lib/python3.7/site-packages/airflow/example_dags/example_local_kubernetes_executor.py for tasks to queue
[2025-04-24T23:43:32.918+0000] {logging_mixin.py:137} INFO - [2025-04-24T23:43:32.918+0000] {dagbag.py:538} INFO - Filling up the DagBag from /home/airflow/.local/lib/python3.7/site-packages/airflow/example_dags/example_local_kubernetes_executor.py
[2025-04-24T23:43:32.929+0000] {processor.py:753} INFO - DAG(s) dict_keys(['example_local_kubernetes_executor']) retrieved from /home/airflow/.local/lib/python3.7/site-packages/airflow/example_dags/example_local_kubernetes_executor.py
[2025-04-24T23:43:32.943+0000] {logging_mixin.py:137} INFO - [2025-04-24T23:43:32.943+0000] {dag.py:2690} INFO - Sync 1 DAGs
[2025-04-24T23:43:32.955+0000] {logging_mixin.py:137} INFO - [2025-04-24T23:43:32.955+0000] {dag.py:3441} INFO - Setting next_dagrun for example_local_kubernetes_executor to None, run_after=None
[2025-04-24T23:43:32.965+0000] {processor.py:175} INFO - Processing /home/airflow/.local/lib/python3.7/site-packages/airflow/example_dags/example_local_kubernetes_executor.py took 0.050 seconds
[2025-04-24T23:44:03.458+0000] {processor.py:153} INFO - Started process (PID=3244) to work on /home/airflow/.local/lib/python3.7/site-packages/airflow/example_dags/example_local_kubernetes_executor.py
[2025-04-24T23:44:03.462+0000] {processor.py:743} INFO - Processing file /home/airflow/.local/lib/python3.7/site-packages/airflow/example_dags/example_local_kubernetes_executor.py for tasks to queue
[2025-04-24T23:44:03.463+0000] {logging_mixin.py:137} INFO - [2025-04-24T23:44:03.463+0000] {dagbag.py:538} INFO - Filling up the DagBag from /home/airflow/.local/lib/python3.7/site-packages/airflow/example_dags/example_local_kubernetes_executor.py
[2025-04-24T23:44:03.473+0000] {processor.py:753} INFO - DAG(s) dict_keys(['example_local_kubernetes_executor']) retrieved from /home/airflow/.local/lib/python3.7/site-packages/airflow/example_dags/example_local_kubernetes_executor.py
[2025-04-24T23:44:03.484+0000] {logging_mixin.py:137} INFO - [2025-04-24T23:44:03.484+0000] {dag.py:2690} INFO - Sync 1 DAGs
[2025-04-24T23:44:03.494+0000] {logging_mixin.py:137} INFO - [2025-04-24T23:44:03.494+0000] {dag.py:3441} INFO - Setting next_dagrun for example_local_kubernetes_executor to None, run_after=None
[2025-04-24T23:44:03.500+0000] {processor.py:175} INFO - Processing /home/airflow/.local/lib/python3.7/site-packages/airflow/example_dags/example_local_kubernetes_executor.py took 0.044 seconds
[2025-04-24T23:44:33.995+0000] {processor.py:153} INFO - Started process (PID=3336) to work on /home/airflow/.local/lib/python3.7/site-packages/airflow/example_dags/example_local_kubernetes_executor.py
[2025-04-24T23:44:33.995+0000] {processor.py:743} INFO - Processing file /home/airflow/.local/lib/python3.7/site-packages/airflow/example_dags/example_local_kubernetes_executor.py for tasks to queue
[2025-04-24T23:44:33.995+0000] {logging_mixin.py:137} INFO - [2025-04-24T23:44:33.995+0000] {dagbag.py:538} INFO - Filling up the DagBag from /home/airflow/.local/lib/python3.7/site-packages/airflow/example_dags/example_local_kubernetes_executor.py
[2025-04-24T23:44:34.005+0000] {processor.py:753} INFO - DAG(s) dict_keys(['example_local_kubernetes_executor']) retrieved from /home/airflow/.local/lib/python3.7/site-packages/airflow/example_dags/example_local_kubernetes_executor.py
[2025-04-24T23:44:34.020+0000] {logging_mixin.py:137} INFO - [2025-04-24T23:44:34.020+0000] {dag.py:2690} INFO - Sync 1 DAGs
[2025-04-24T23:44:34.030+0000] {logging_mixin.py:137} INFO - [2025-04-24T23:44:34.030+0000] {dag.py:3441} INFO - Setting next_dagrun for example_local_kubernetes_executor to None, run_after=None
[2025-04-24T23:44:34.043+0000] {processor.py:175} INFO - Processing /home/airflow/.local/lib/python3.7/site-packages/airflow/example_dags/example_local_kubernetes_executor.py took 0.049 seconds
[2025-04-24T23:45:04.514+0000] {processor.py:153} INFO - Started process (PID=3428) to work on /home/airflow/.local/lib/python3.7/site-packages/airflow/example_dags/example_local_kubernetes_executor.py
[2025-04-24T23:45:04.515+0000] {processor.py:743} INFO - Processing file /home/airflow/.local/lib/python3.7/site-packages/airflow/example_dags/example_local_kubernetes_executor.py for tasks to queue
[2025-04-24T23:45:04.515+0000] {logging_mixin.py:137} INFO - [2025-04-24T23:45:04.515+0000] {dagbag.py:538} INFO - Filling up the DagBag from /home/airflow/.local/lib/python3.7/site-packages/airflow/example_dags/example_local_kubernetes_executor.py
[2025-04-24T23:45:04.524+0000] {processor.py:753} INFO - DAG(s) dict_keys(['example_local_kubernetes_executor']) retrieved from /home/airflow/.local/lib/python3.7/site-packages/airflow/example_dags/example_local_kubernetes_executor.py
[2025-04-24T23:45:04.536+0000] {logging_mixin.py:137} INFO - [2025-04-24T23:45:04.536+0000] {dag.py:2690} INFO - Sync 1 DAGs
[2025-04-24T23:45:04.546+0000] {logging_mixin.py:137} INFO - [2025-04-24T23:45:04.546+0000] {dag.py:3441} INFO - Setting next_dagrun for example_local_kubernetes_executor to None, run_after=None
[2025-04-24T23:45:04.554+0000] {processor.py:175} INFO - Processing /home/airflow/.local/lib/python3.7/site-packages/airflow/example_dags/example_local_kubernetes_executor.py took 0.041 seconds
[2025-04-24T23:45:35.120+0000] {processor.py:153} INFO - Started process (PID=3504) to work on /home/airflow/.local/lib/python3.7/site-packages/airflow/example_dags/example_local_kubernetes_executor.py
[2025-04-24T23:45:35.121+0000] {processor.py:743} INFO - Processing file /home/airflow/.local/lib/python3.7/site-packages/airflow/example_dags/example_local_kubernetes_executor.py for tasks to queue
[2025-04-24T23:45:35.121+0000] {logging_mixin.py:137} INFO - [2025-04-24T23:45:35.121+0000] {dagbag.py:538} INFO - Filling up the DagBag from /home/airflow/.local/lib/python3.7/site-packages/airflow/example_dags/example_local_kubernetes_executor.py
[2025-04-24T23:45:35.130+0000] {processor.py:753} INFO - DAG(s) dict_keys(['example_local_kubernetes_executor']) retrieved from /home/airflow/.local/lib/python3.7/site-packages/airflow/example_dags/example_local_kubernetes_executor.py
[2025-04-24T23:45:35.141+0000] {logging_mixin.py:137} INFO - [2025-04-24T23:45:35.141+0000] {dag.py:2690} INFO - Sync 1 DAGs
[2025-04-24T23:45:35.152+0000] {logging_mixin.py:137} INFO - [2025-04-24T23:45:35.152+0000] {dag.py:3441} INFO - Setting next_dagrun for example_local_kubernetes_executor to None, run_after=None
[2025-04-24T23:45:35.160+0000] {processor.py:175} INFO - Processing /home/airflow/.local/lib/python3.7/site-packages/airflow/example_dags/example_local_kubernetes_executor.py took 0.041 seconds
[2025-04-24T23:46:05.650+0000] {processor.py:153} INFO - Started process (PID=3596) to work on /home/airflow/.local/lib/python3.7/site-packages/airflow/example_dags/example_local_kubernetes_executor.py
[2025-04-24T23:46:05.650+0000] {processor.py:743} INFO - Processing file /home/airflow/.local/lib/python3.7/site-packages/airflow/example_dags/example_local_kubernetes_executor.py for tasks to queue
[2025-04-24T23:46:05.650+0000] {logging_mixin.py:137} INFO - [2025-04-24T23:46:05.650+0000] {dagbag.py:538} INFO - Filling up the DagBag from /home/airflow/.local/lib/python3.7/site-packages/airflow/example_dags/example_local_kubernetes_executor.py
[2025-04-24T23:46:05.659+0000] {processor.py:753} INFO - DAG(s) dict_keys(['example_local_kubernetes_executor']) retrieved from /home/airflow/.local/lib/python3.7/site-packages/airflow/example_dags/example_local_kubernetes_executor.py
[2025-04-24T23:46:05.671+0000] {logging_mixin.py:137} INFO - [2025-04-24T23:46:05.671+0000] {dag.py:2690} INFO - Sync 1 DAGs
[2025-04-24T23:46:05.683+0000] {logging_mixin.py:137} INFO - [2025-04-24T23:46:05.683+0000] {dag.py:3441} INFO - Setting next_dagrun for example_local_kubernetes_executor to None, run_after=None
[2025-04-24T23:46:05.690+0000] {processor.py:175} INFO - Processing /home/airflow/.local/lib/python3.7/site-packages/airflow/example_dags/example_local_kubernetes_executor.py took 0.041 seconds
[2025-04-24T23:46:36.130+0000] {processor.py:153} INFO - Started process (PID=3688) to work on /home/airflow/.local/lib/python3.7/site-packages/airflow/example_dags/example_local_kubernetes_executor.py
[2025-04-24T23:46:36.131+0000] {processor.py:743} INFO - Processing file /home/airflow/.local/lib/python3.7/site-packages/airflow/example_dags/example_local_kubernetes_executor.py for tasks to queue
[2025-04-24T23:46:36.134+0000] {logging_mixin.py:137} INFO - [2025-04-24T23:46:36.134+0000] {dagbag.py:538} INFO - Filling up the DagBag from /home/airflow/.local/lib/python3.7/site-packages/airflow/example_dags/example_local_kubernetes_executor.py
[2025-04-24T23:46:36.143+0000] {processor.py:753} INFO - DAG(s) dict_keys(['example_local_kubernetes_executor']) retrieved from /home/airflow/.local/lib/python3.7/site-packages/airflow/example_dags/example_local_kubernetes_executor.py
[2025-04-24T23:46:36.157+0000] {logging_mixin.py:137} INFO - [2025-04-24T23:46:36.157+0000] {dag.py:2690} INFO - Sync 1 DAGs
[2025-04-24T23:46:36.168+0000] {logging_mixin.py:137} INFO - [2025-04-24T23:46:36.168+0000] {dag.py:3441} INFO - Setting next_dagrun for example_local_kubernetes_executor to None, run_after=None
[2025-04-24T23:46:36.177+0000] {processor.py:175} INFO - Processing /home/airflow/.local/lib/python3.7/site-packages/airflow/example_dags/example_local_kubernetes_executor.py took 0.048 seconds
[2025-04-24T23:47:06.664+0000] {processor.py:153} INFO - Started process (PID=3780) to work on /home/airflow/.local/lib/python3.7/site-packages/airflow/example_dags/example_local_kubernetes_executor.py
[2025-04-24T23:47:06.664+0000] {processor.py:743} INFO - Processing file /home/airflow/.local/lib/python3.7/site-packages/airflow/example_dags/example_local_kubernetes_executor.py for tasks to queue
[2025-04-24T23:47:06.665+0000] {logging_mixin.py:137} INFO - [2025-04-24T23:47:06.665+0000] {dagbag.py:538} INFO - Filling up the DagBag from /home/airflow/.local/lib/python3.7/site-packages/airflow/example_dags/example_local_kubernetes_executor.py
[2025-04-24T23:47:06.674+0000] {processor.py:753} INFO - DAG(s) dict_keys(['example_local_kubernetes_executor']) retrieved from /home/airflow/.local/lib/python3.7/site-packages/airflow/example_dags/example_local_kubernetes_executor.py
[2025-04-24T23:47:06.687+0000] {logging_mixin.py:137} INFO - [2025-04-24T23:47:06.687+0000] {dag.py:2690} INFO - Sync 1 DAGs
[2025-04-24T23:47:06.698+0000] {logging_mixin.py:137} INFO - [2025-04-24T23:47:06.698+0000] {dag.py:3441} INFO - Setting next_dagrun for example_local_kubernetes_executor to None, run_after=None
[2025-04-24T23:47:06.707+0000] {processor.py:175} INFO - Processing /home/airflow/.local/lib/python3.7/site-packages/airflow/example_dags/example_local_kubernetes_executor.py took 0.045 seconds
[2025-04-24T23:47:37.301+0000] {processor.py:153} INFO - Started process (PID=3872) to work on /home/airflow/.local/lib/python3.7/site-packages/airflow/example_dags/example_local_kubernetes_executor.py
[2025-04-24T23:47:37.302+0000] {processor.py:743} INFO - Processing file /home/airflow/.local/lib/python3.7/site-packages/airflow/example_dags/example_local_kubernetes_executor.py for tasks to queue
[2025-04-24T23:47:37.303+0000] {logging_mixin.py:137} INFO - [2025-04-24T23:47:37.303+0000] {dagbag.py:538} INFO - Filling up the DagBag from /home/airflow/.local/lib/python3.7/site-packages/airflow/example_dags/example_local_kubernetes_executor.py
[2025-04-24T23:47:37.319+0000] {processor.py:753} INFO - DAG(s) dict_keys(['example_local_kubernetes_executor']) retrieved from /home/airflow/.local/lib/python3.7/site-packages/airflow/example_dags/example_local_kubernetes_executor.py
[2025-04-24T23:47:37.338+0000] {logging_mixin.py:137} INFO - [2025-04-24T23:47:37.338+0000] {dag.py:2690} INFO - Sync 1 DAGs
[2025-04-24T23:47:37.351+0000] {logging_mixin.py:137} INFO - [2025-04-24T23:47:37.351+0000] {dag.py:3441} INFO - Setting next_dagrun for example_local_kubernetes_executor to None, run_after=None
[2025-04-24T23:47:37.363+0000] {processor.py:175} INFO - Processing /home/airflow/.local/lib/python3.7/site-packages/airflow/example_dags/example_local_kubernetes_executor.py took 0.064 seconds
[2025-04-24T23:48:07.991+0000] {processor.py:153} INFO - Started process (PID=3947) to work on /home/airflow/.local/lib/python3.7/site-packages/airflow/example_dags/example_local_kubernetes_executor.py
[2025-04-24T23:48:07.992+0000] {processor.py:743} INFO - Processing file /home/airflow/.local/lib/python3.7/site-packages/airflow/example_dags/example_local_kubernetes_executor.py for tasks to queue
[2025-04-24T23:48:07.993+0000] {logging_mixin.py:137} INFO - [2025-04-24T23:48:07.993+0000] {dagbag.py:538} INFO - Filling up the DagBag from /home/airflow/.local/lib/python3.7/site-packages/airflow/example_dags/example_local_kubernetes_executor.py
[2025-04-24T23:48:08.003+0000] {processor.py:753} INFO - DAG(s) dict_keys(['example_local_kubernetes_executor']) retrieved from /home/airflow/.local/lib/python3.7/site-packages/airflow/example_dags/example_local_kubernetes_executor.py
[2025-04-24T23:48:08.013+0000] {logging_mixin.py:137} INFO - [2025-04-24T23:48:08.013+0000] {dag.py:2690} INFO - Sync 1 DAGs
[2025-04-24T23:48:08.023+0000] {logging_mixin.py:137} INFO - [2025-04-24T23:48:08.023+0000] {dag.py:3441} INFO - Setting next_dagrun for example_local_kubernetes_executor to None, run_after=None
[2025-04-24T23:48:08.030+0000] {processor.py:175} INFO - Processing /home/airflow/.local/lib/python3.7/site-packages/airflow/example_dags/example_local_kubernetes_executor.py took 0.040 seconds
[2025-04-24T23:48:38.468+0000] {processor.py:153} INFO - Started process (PID=4039) to work on /home/airflow/.local/lib/python3.7/site-packages/airflow/example_dags/example_local_kubernetes_executor.py
[2025-04-24T23:48:38.469+0000] {processor.py:743} INFO - Processing file /home/airflow/.local/lib/python3.7/site-packages/airflow/example_dags/example_local_kubernetes_executor.py for tasks to queue
[2025-04-24T23:48:38.469+0000] {logging_mixin.py:137} INFO - [2025-04-24T23:48:38.469+0000] {dagbag.py:538} INFO - Filling up the DagBag from /home/airflow/.local/lib/python3.7/site-packages/airflow/example_dags/example_local_kubernetes_executor.py
[2025-04-24T23:48:38.478+0000] {processor.py:753} INFO - DAG(s) dict_keys(['example_local_kubernetes_executor']) retrieved from /home/airflow/.local/lib/python3.7/site-packages/airflow/example_dags/example_local_kubernetes_executor.py
[2025-04-24T23:48:38.488+0000] {logging_mixin.py:137} INFO - [2025-04-24T23:48:38.488+0000] {dag.py:2690} INFO - Sync 1 DAGs
[2025-04-24T23:48:38.499+0000] {logging_mixin.py:137} INFO - [2025-04-24T23:48:38.498+0000] {dag.py:3441} INFO - Setting next_dagrun for example_local_kubernetes_executor to None, run_after=None
[2025-04-24T23:48:38.508+0000] {processor.py:175} INFO - Processing /home/airflow/.local/lib/python3.7/site-packages/airflow/example_dags/example_local_kubernetes_executor.py took 0.042 seconds
[2025-04-24T23:49:08.971+0000] {processor.py:153} INFO - Started process (PID=4131) to work on /home/airflow/.local/lib/python3.7/site-packages/airflow/example_dags/example_local_kubernetes_executor.py
[2025-04-24T23:49:08.972+0000] {processor.py:743} INFO - Processing file /home/airflow/.local/lib/python3.7/site-packages/airflow/example_dags/example_local_kubernetes_executor.py for tasks to queue
[2025-04-24T23:49:08.972+0000] {logging_mixin.py:137} INFO - [2025-04-24T23:49:08.972+0000] {dagbag.py:538} INFO - Filling up the DagBag from /home/airflow/.local/lib/python3.7/site-packages/airflow/example_dags/example_local_kubernetes_executor.py
[2025-04-24T23:49:08.981+0000] {processor.py:753} INFO - DAG(s) dict_keys(['example_local_kubernetes_executor']) retrieved from /home/airflow/.local/lib/python3.7/site-packages/airflow/example_dags/example_local_kubernetes_executor.py
[2025-04-24T23:49:08.991+0000] {logging_mixin.py:137} INFO - [2025-04-24T23:49:08.991+0000] {dag.py:2690} INFO - Sync 1 DAGs
[2025-04-24T23:49:09.001+0000] {logging_mixin.py:137} INFO - [2025-04-24T23:49:09.001+0000] {dag.py:3441} INFO - Setting next_dagrun for example_local_kubernetes_executor to None, run_after=None
[2025-04-24T23:49:09.011+0000] {processor.py:175} INFO - Processing /home/airflow/.local/lib/python3.7/site-packages/airflow/example_dags/example_local_kubernetes_executor.py took 0.042 seconds
[2025-04-24T23:56:17.178+0000] {processor.py:153} INFO - Started process (PID=4200) to work on /home/airflow/.local/lib/python3.7/site-packages/airflow/example_dags/example_local_kubernetes_executor.py
[2025-04-24T23:56:17.183+0000] {processor.py:743} INFO - Processing file /home/airflow/.local/lib/python3.7/site-packages/airflow/example_dags/example_local_kubernetes_executor.py for tasks to queue
[2025-04-24T23:56:17.185+0000] {logging_mixin.py:137} INFO - [2025-04-24T23:56:17.185+0000] {dagbag.py:538} INFO - Filling up the DagBag from /home/airflow/.local/lib/python3.7/site-packages/airflow/example_dags/example_local_kubernetes_executor.py
[2025-04-24T23:56:17.204+0000] {processor.py:753} INFO - DAG(s) dict_keys(['example_local_kubernetes_executor']) retrieved from /home/airflow/.local/lib/python3.7/site-packages/airflow/example_dags/example_local_kubernetes_executor.py
[2025-04-24T23:56:17.225+0000] {logging_mixin.py:137} INFO - [2025-04-24T23:56:17.225+0000] {dag.py:2690} INFO - Sync 1 DAGs
[2025-04-24T23:56:17.264+0000] {logging_mixin.py:137} INFO - [2025-04-24T23:56:17.264+0000] {dag.py:3441} INFO - Setting next_dagrun for example_local_kubernetes_executor to None, run_after=None
[2025-04-24T23:56:17.305+0000] {processor.py:175} INFO - Processing /home/airflow/.local/lib/python3.7/site-packages/airflow/example_dags/example_local_kubernetes_executor.py took 0.131 seconds
[2025-04-24T23:56:47.937+0000] {processor.py:153} INFO - Started process (PID=4283) to work on /home/airflow/.local/lib/python3.7/site-packages/airflow/example_dags/example_local_kubernetes_executor.py
[2025-04-24T23:56:47.939+0000] {processor.py:743} INFO - Processing file /home/airflow/.local/lib/python3.7/site-packages/airflow/example_dags/example_local_kubernetes_executor.py for tasks to queue
[2025-04-24T23:56:47.939+0000] {logging_mixin.py:137} INFO - [2025-04-24T23:56:47.939+0000] {dagbag.py:538} INFO - Filling up the DagBag from /home/airflow/.local/lib/python3.7/site-packages/airflow/example_dags/example_local_kubernetes_executor.py
[2025-04-24T23:56:47.949+0000] {processor.py:753} INFO - DAG(s) dict_keys(['example_local_kubernetes_executor']) retrieved from /home/airflow/.local/lib/python3.7/site-packages/airflow/example_dags/example_local_kubernetes_executor.py
[2025-04-24T23:56:47.965+0000] {logging_mixin.py:137} INFO - [2025-04-24T23:56:47.965+0000] {dag.py:2690} INFO - Sync 1 DAGs
[2025-04-24T23:56:47.976+0000] {logging_mixin.py:137} INFO - [2025-04-24T23:56:47.975+0000] {dag.py:3441} INFO - Setting next_dagrun for example_local_kubernetes_executor to None, run_after=None
[2025-04-24T23:56:47.984+0000] {processor.py:175} INFO - Processing /home/airflow/.local/lib/python3.7/site-packages/airflow/example_dags/example_local_kubernetes_executor.py took 0.049 seconds
[2025-04-24T23:57:18.514+0000] {processor.py:153} INFO - Started process (PID=4375) to work on /home/airflow/.local/lib/python3.7/site-packages/airflow/example_dags/example_local_kubernetes_executor.py
[2025-04-24T23:57:18.515+0000] {processor.py:743} INFO - Processing file /home/airflow/.local/lib/python3.7/site-packages/airflow/example_dags/example_local_kubernetes_executor.py for tasks to queue
[2025-04-24T23:57:18.516+0000] {logging_mixin.py:137} INFO - [2025-04-24T23:57:18.516+0000] {dagbag.py:538} INFO - Filling up the DagBag from /home/airflow/.local/lib/python3.7/site-packages/airflow/example_dags/example_local_kubernetes_executor.py
[2025-04-24T23:57:18.526+0000] {processor.py:753} INFO - DAG(s) dict_keys(['example_local_kubernetes_executor']) retrieved from /home/airflow/.local/lib/python3.7/site-packages/airflow/example_dags/example_local_kubernetes_executor.py
[2025-04-24T23:57:18.538+0000] {logging_mixin.py:137} INFO - [2025-04-24T23:57:18.538+0000] {dag.py:2690} INFO - Sync 1 DAGs
[2025-04-24T23:57:18.548+0000] {logging_mixin.py:137} INFO - [2025-04-24T23:57:18.548+0000] {dag.py:3441} INFO - Setting next_dagrun for example_local_kubernetes_executor to None, run_after=None
[2025-04-24T23:57:18.556+0000] {processor.py:175} INFO - Processing /home/airflow/.local/lib/python3.7/site-packages/airflow/example_dags/example_local_kubernetes_executor.py took 0.043 seconds
[2025-04-24T23:57:48.947+0000] {processor.py:153} INFO - Started process (PID=4467) to work on /home/airflow/.local/lib/python3.7/site-packages/airflow/example_dags/example_local_kubernetes_executor.py
[2025-04-24T23:57:48.947+0000] {processor.py:743} INFO - Processing file /home/airflow/.local/lib/python3.7/site-packages/airflow/example_dags/example_local_kubernetes_executor.py for tasks to queue
[2025-04-24T23:57:48.948+0000] {logging_mixin.py:137} INFO - [2025-04-24T23:57:48.948+0000] {dagbag.py:538} INFO - Filling up the DagBag from /home/airflow/.local/lib/python3.7/site-packages/airflow/example_dags/example_local_kubernetes_executor.py
[2025-04-24T23:57:48.957+0000] {processor.py:753} INFO - DAG(s) dict_keys(['example_local_kubernetes_executor']) retrieved from /home/airflow/.local/lib/python3.7/site-packages/airflow/example_dags/example_local_kubernetes_executor.py
[2025-04-24T23:57:48.968+0000] {logging_mixin.py:137} INFO - [2025-04-24T23:57:48.968+0000] {dag.py:2690} INFO - Sync 1 DAGs
[2025-04-24T23:57:48.978+0000] {logging_mixin.py:137} INFO - [2025-04-24T23:57:48.978+0000] {dag.py:3441} INFO - Setting next_dagrun for example_local_kubernetes_executor to None, run_after=None
[2025-04-24T23:57:48.985+0000] {processor.py:175} INFO - Processing /home/airflow/.local/lib/python3.7/site-packages/airflow/example_dags/example_local_kubernetes_executor.py took 0.039 seconds
[2025-04-24T23:58:19.511+0000] {processor.py:153} INFO - Started process (PID=4559) to work on /home/airflow/.local/lib/python3.7/site-packages/airflow/example_dags/example_local_kubernetes_executor.py
[2025-04-24T23:58:19.514+0000] {processor.py:743} INFO - Processing file /home/airflow/.local/lib/python3.7/site-packages/airflow/example_dags/example_local_kubernetes_executor.py for tasks to queue
[2025-04-24T23:58:19.514+0000] {logging_mixin.py:137} INFO - [2025-04-24T23:58:19.514+0000] {dagbag.py:538} INFO - Filling up the DagBag from /home/airflow/.local/lib/python3.7/site-packages/airflow/example_dags/example_local_kubernetes_executor.py
[2025-04-24T23:58:19.524+0000] {processor.py:753} INFO - DAG(s) dict_keys(['example_local_kubernetes_executor']) retrieved from /home/airflow/.local/lib/python3.7/site-packages/airflow/example_dags/example_local_kubernetes_executor.py
[2025-04-24T23:58:19.537+0000] {logging_mixin.py:137} INFO - [2025-04-24T23:58:19.537+0000] {dag.py:2690} INFO - Sync 1 DAGs
[2025-04-24T23:58:19.549+0000] {logging_mixin.py:137} INFO - [2025-04-24T23:58:19.549+0000] {dag.py:3441} INFO - Setting next_dagrun for example_local_kubernetes_executor to None, run_after=None
[2025-04-24T23:58:19.558+0000] {processor.py:175} INFO - Processing /home/airflow/.local/lib/python3.7/site-packages/airflow/example_dags/example_local_kubernetes_executor.py took 0.048 seconds
[2025-04-24T23:58:49.984+0000] {processor.py:153} INFO - Started process (PID=4634) to work on /home/airflow/.local/lib/python3.7/site-packages/airflow/example_dags/example_local_kubernetes_executor.py
[2025-04-24T23:58:49.985+0000] {processor.py:743} INFO - Processing file /home/airflow/.local/lib/python3.7/site-packages/airflow/example_dags/example_local_kubernetes_executor.py for tasks to queue
[2025-04-24T23:58:49.987+0000] {logging_mixin.py:137} INFO - [2025-04-24T23:58:49.987+0000] {dagbag.py:538} INFO - Filling up the DagBag from /home/airflow/.local/lib/python3.7/site-packages/airflow/example_dags/example_local_kubernetes_executor.py
[2025-04-24T23:58:49.998+0000] {processor.py:753} INFO - DAG(s) dict_keys(['example_local_kubernetes_executor']) retrieved from /home/airflow/.local/lib/python3.7/site-packages/airflow/example_dags/example_local_kubernetes_executor.py
[2025-04-24T23:58:50.012+0000] {logging_mixin.py:137} INFO - [2025-04-24T23:58:50.012+0000] {dag.py:2690} INFO - Sync 1 DAGs
[2025-04-24T23:58:50.026+0000] {logging_mixin.py:137} INFO - [2025-04-24T23:58:50.026+0000] {dag.py:3441} INFO - Setting next_dagrun for example_local_kubernetes_executor to None, run_after=None
[2025-04-24T23:58:50.033+0000] {processor.py:175} INFO - Processing /home/airflow/.local/lib/python3.7/site-packages/airflow/example_dags/example_local_kubernetes_executor.py took 0.050 seconds
[2025-04-24T23:59:20.500+0000] {processor.py:153} INFO - Started process (PID=4726) to work on /home/airflow/.local/lib/python3.7/site-packages/airflow/example_dags/example_local_kubernetes_executor.py
[2025-04-24T23:59:20.501+0000] {processor.py:743} INFO - Processing file /home/airflow/.local/lib/python3.7/site-packages/airflow/example_dags/example_local_kubernetes_executor.py for tasks to queue
[2025-04-24T23:59:20.502+0000] {logging_mixin.py:137} INFO - [2025-04-24T23:59:20.501+0000] {dagbag.py:538} INFO - Filling up the DagBag from /home/airflow/.local/lib/python3.7/site-packages/airflow/example_dags/example_local_kubernetes_executor.py
[2025-04-24T23:59:20.511+0000] {processor.py:753} INFO - DAG(s) dict_keys(['example_local_kubernetes_executor']) retrieved from /home/airflow/.local/lib/python3.7/site-packages/airflow/example_dags/example_local_kubernetes_executor.py
[2025-04-24T23:59:20.525+0000] {logging_mixin.py:137} INFO - [2025-04-24T23:59:20.525+0000] {dag.py:2690} INFO - Sync 1 DAGs
[2025-04-24T23:59:20.536+0000] {logging_mixin.py:137} INFO - [2025-04-24T23:59:20.536+0000] {dag.py:3441} INFO - Setting next_dagrun for example_local_kubernetes_executor to None, run_after=None
[2025-04-24T23:59:20.544+0000] {processor.py:175} INFO - Processing /home/airflow/.local/lib/python3.7/site-packages/airflow/example_dags/example_local_kubernetes_executor.py took 0.045 seconds
[2025-04-24T23:59:51.114+0000] {processor.py:153} INFO - Started process (PID=4818) to work on /home/airflow/.local/lib/python3.7/site-packages/airflow/example_dags/example_local_kubernetes_executor.py
[2025-04-24T23:59:51.115+0000] {processor.py:743} INFO - Processing file /home/airflow/.local/lib/python3.7/site-packages/airflow/example_dags/example_local_kubernetes_executor.py for tasks to queue
[2025-04-24T23:59:51.115+0000] {logging_mixin.py:137} INFO - [2025-04-24T23:59:51.115+0000] {dagbag.py:538} INFO - Filling up the DagBag from /home/airflow/.local/lib/python3.7/site-packages/airflow/example_dags/example_local_kubernetes_executor.py
[2025-04-24T23:59:51.124+0000] {processor.py:753} INFO - DAG(s) dict_keys(['example_local_kubernetes_executor']) retrieved from /home/airflow/.local/lib/python3.7/site-packages/airflow/example_dags/example_local_kubernetes_executor.py
[2025-04-24T23:59:51.136+0000] {logging_mixin.py:137} INFO - [2025-04-24T23:59:51.136+0000] {dag.py:2690} INFO - Sync 1 DAGs
[2025-04-24T23:59:51.152+0000] {logging_mixin.py:137} INFO - [2025-04-24T23:59:51.152+0000] {dag.py:3441} INFO - Setting next_dagrun for example_local_kubernetes_executor to None, run_after=None
[2025-04-24T23:59:51.166+0000] {processor.py:175} INFO - Processing /home/airflow/.local/lib/python3.7/site-packages/airflow/example_dags/example_local_kubernetes_executor.py took 0.054 seconds
