[2025-04-24T22:03:14.811+0000] {processor.py:153} INFO - Started process (PID=62) to work on /home/airflow/.local/lib/python3.7/site-packages/airflow/example_dags/example_task_group.py
[2025-04-24T22:03:14.812+0000] {processor.py:743} INFO - Processing file /home/airflow/.local/lib/python3.7/site-packages/airflow/example_dags/example_task_group.py for tasks to queue
[2025-04-24T22:03:14.812+0000] {logging_mixin.py:137} INFO - [2025-04-24T22:03:14.812+0000] {dagbag.py:538} INFO - Filling up the DagBag from /home/airflow/.local/lib/python3.7/site-packages/airflow/example_dags/example_task_group.py
[2025-04-24T22:03:14.823+0000] {processor.py:753} INFO - DAG(s) dict_keys(['example_task_group']) retrieved from /home/airflow/.local/lib/python3.7/site-packages/airflow/example_dags/example_task_group.py
[2025-04-24T22:03:14.841+0000] {logging_mixin.py:137} INFO - [2025-04-24T22:03:14.841+0000] {dag.py:2690} INFO - Sync 1 DAGs
[2025-04-24T22:03:14.859+0000] {logging_mixin.py:137} INFO - [2025-04-24T22:03:14.859+0000] {dag.py:3441} INFO - Setting next_dagrun for example_task_group to 2025-04-23T22:03:14.859520+00:00, run_after=2025-04-24T22:03:14.859520+00:00
[2025-04-24T22:03:14.876+0000] {processor.py:175} INFO - Processing /home/airflow/.local/lib/python3.7/site-packages/airflow/example_dags/example_task_group.py took 0.067 seconds
[2025-04-24T22:03:45.585+0000] {processor.py:153} INFO - Started process (PID=171) to work on /home/airflow/.local/lib/python3.7/site-packages/airflow/example_dags/example_task_group.py
[2025-04-24T22:03:45.586+0000] {processor.py:743} INFO - Processing file /home/airflow/.local/lib/python3.7/site-packages/airflow/example_dags/example_task_group.py for tasks to queue
[2025-04-24T22:03:45.587+0000] {logging_mixin.py:137} INFO - [2025-04-24T22:03:45.587+0000] {dagbag.py:538} INFO - Filling up the DagBag from /home/airflow/.local/lib/python3.7/site-packages/airflow/example_dags/example_task_group.py
[2025-04-24T22:03:45.595+0000] {processor.py:753} INFO - DAG(s) dict_keys(['example_task_group']) retrieved from /home/airflow/.local/lib/python3.7/site-packages/airflow/example_dags/example_task_group.py
[2025-04-24T22:03:45.606+0000] {logging_mixin.py:137} INFO - [2025-04-24T22:03:45.606+0000] {dag.py:2690} INFO - Sync 1 DAGs
[2025-04-24T22:03:45.619+0000] {logging_mixin.py:137} INFO - [2025-04-24T22:03:45.618+0000] {dag.py:3441} INFO - Setting next_dagrun for example_task_group to 2025-04-23T22:03:45.618824+00:00, run_after=2025-04-24T22:03:45.618824+00:00
[2025-04-24T22:03:45.630+0000] {processor.py:175} INFO - Processing /home/airflow/.local/lib/python3.7/site-packages/airflow/example_dags/example_task_group.py took 0.046 seconds
[2025-04-24T22:04:16.158+0000] {processor.py:153} INFO - Started process (PID=262) to work on /home/airflow/.local/lib/python3.7/site-packages/airflow/example_dags/example_task_group.py
[2025-04-24T22:04:16.158+0000] {processor.py:743} INFO - Processing file /home/airflow/.local/lib/python3.7/site-packages/airflow/example_dags/example_task_group.py for tasks to queue
[2025-04-24T22:04:16.159+0000] {logging_mixin.py:137} INFO - [2025-04-24T22:04:16.159+0000] {dagbag.py:538} INFO - Filling up the DagBag from /home/airflow/.local/lib/python3.7/site-packages/airflow/example_dags/example_task_group.py
[2025-04-24T22:04:16.166+0000] {processor.py:753} INFO - DAG(s) dict_keys(['example_task_group']) retrieved from /home/airflow/.local/lib/python3.7/site-packages/airflow/example_dags/example_task_group.py
[2025-04-24T22:04:16.181+0000] {logging_mixin.py:137} INFO - [2025-04-24T22:04:16.181+0000] {dag.py:2690} INFO - Sync 1 DAGs
[2025-04-24T22:04:16.191+0000] {logging_mixin.py:137} INFO - [2025-04-24T22:04:16.191+0000] {dag.py:3441} INFO - Setting next_dagrun for example_task_group to 2025-04-23T22:04:16.191101+00:00, run_after=2025-04-24T22:04:16.191101+00:00
[2025-04-24T22:04:16.201+0000] {processor.py:175} INFO - Processing /home/airflow/.local/lib/python3.7/site-packages/airflow/example_dags/example_task_group.py took 0.044 seconds
[2025-04-24T22:04:46.712+0000] {processor.py:153} INFO - Started process (PID=338) to work on /home/airflow/.local/lib/python3.7/site-packages/airflow/example_dags/example_task_group.py
[2025-04-24T22:04:46.714+0000] {processor.py:743} INFO - Processing file /home/airflow/.local/lib/python3.7/site-packages/airflow/example_dags/example_task_group.py for tasks to queue
[2025-04-24T22:04:46.714+0000] {logging_mixin.py:137} INFO - [2025-04-24T22:04:46.714+0000] {dagbag.py:538} INFO - Filling up the DagBag from /home/airflow/.local/lib/python3.7/site-packages/airflow/example_dags/example_task_group.py
[2025-04-24T22:04:46.721+0000] {processor.py:753} INFO - DAG(s) dict_keys(['example_task_group']) retrieved from /home/airflow/.local/lib/python3.7/site-packages/airflow/example_dags/example_task_group.py
[2025-04-24T22:04:46.732+0000] {logging_mixin.py:137} INFO - [2025-04-24T22:04:46.732+0000] {dag.py:2690} INFO - Sync 1 DAGs
[2025-04-24T22:04:46.749+0000] {logging_mixin.py:137} INFO - [2025-04-24T22:04:46.749+0000] {dag.py:3441} INFO - Setting next_dagrun for example_task_group to 2025-04-23T22:04:46.748959+00:00, run_after=2025-04-24T22:04:46.748959+00:00
[2025-04-24T22:04:46.769+0000] {processor.py:175} INFO - Processing /home/airflow/.local/lib/python3.7/site-packages/airflow/example_dags/example_task_group.py took 0.058 seconds
[2025-04-24T22:05:17.317+0000] {processor.py:153} INFO - Started process (PID=430) to work on /home/airflow/.local/lib/python3.7/site-packages/airflow/example_dags/example_task_group.py
[2025-04-24T22:05:17.318+0000] {processor.py:743} INFO - Processing file /home/airflow/.local/lib/python3.7/site-packages/airflow/example_dags/example_task_group.py for tasks to queue
[2025-04-24T22:05:17.319+0000] {logging_mixin.py:137} INFO - [2025-04-24T22:05:17.319+0000] {dagbag.py:538} INFO - Filling up the DagBag from /home/airflow/.local/lib/python3.7/site-packages/airflow/example_dags/example_task_group.py
[2025-04-24T22:05:17.325+0000] {processor.py:753} INFO - DAG(s) dict_keys(['example_task_group']) retrieved from /home/airflow/.local/lib/python3.7/site-packages/airflow/example_dags/example_task_group.py
[2025-04-24T22:05:17.339+0000] {logging_mixin.py:137} INFO - [2025-04-24T22:05:17.339+0000] {dag.py:2690} INFO - Sync 1 DAGs
[2025-04-24T22:05:17.351+0000] {logging_mixin.py:137} INFO - [2025-04-24T22:05:17.351+0000] {dag.py:3441} INFO - Setting next_dagrun for example_task_group to 2025-04-23T22:05:17.351291+00:00, run_after=2025-04-24T22:05:17.351291+00:00
[2025-04-24T22:05:17.357+0000] {processor.py:175} INFO - Processing /home/airflow/.local/lib/python3.7/site-packages/airflow/example_dags/example_task_group.py took 0.042 seconds
[2025-04-24T22:05:47.760+0000] {processor.py:153} INFO - Started process (PID=522) to work on /home/airflow/.local/lib/python3.7/site-packages/airflow/example_dags/example_task_group.py
[2025-04-24T22:05:47.761+0000] {processor.py:743} INFO - Processing file /home/airflow/.local/lib/python3.7/site-packages/airflow/example_dags/example_task_group.py for tasks to queue
[2025-04-24T22:05:47.761+0000] {logging_mixin.py:137} INFO - [2025-04-24T22:05:47.761+0000] {dagbag.py:538} INFO - Filling up the DagBag from /home/airflow/.local/lib/python3.7/site-packages/airflow/example_dags/example_task_group.py
[2025-04-24T22:05:47.768+0000] {processor.py:753} INFO - DAG(s) dict_keys(['example_task_group']) retrieved from /home/airflow/.local/lib/python3.7/site-packages/airflow/example_dags/example_task_group.py
[2025-04-24T22:05:47.778+0000] {logging_mixin.py:137} INFO - [2025-04-24T22:05:47.778+0000] {dag.py:2690} INFO - Sync 1 DAGs
[2025-04-24T22:05:47.788+0000] {logging_mixin.py:137} INFO - [2025-04-24T22:05:47.788+0000] {dag.py:3441} INFO - Setting next_dagrun for example_task_group to 2025-04-23T22:05:47.788634+00:00, run_after=2025-04-24T22:05:47.788634+00:00
[2025-04-24T22:05:47.797+0000] {processor.py:175} INFO - Processing /home/airflow/.local/lib/python3.7/site-packages/airflow/example_dags/example_task_group.py took 0.038 seconds
[2025-04-24T22:06:18.349+0000] {processor.py:153} INFO - Started process (PID=614) to work on /home/airflow/.local/lib/python3.7/site-packages/airflow/example_dags/example_task_group.py
[2025-04-24T22:06:18.349+0000] {processor.py:743} INFO - Processing file /home/airflow/.local/lib/python3.7/site-packages/airflow/example_dags/example_task_group.py for tasks to queue
[2025-04-24T22:06:18.349+0000] {logging_mixin.py:137} INFO - [2025-04-24T22:06:18.349+0000] {dagbag.py:538} INFO - Filling up the DagBag from /home/airflow/.local/lib/python3.7/site-packages/airflow/example_dags/example_task_group.py
[2025-04-24T22:06:18.356+0000] {processor.py:753} INFO - DAG(s) dict_keys(['example_task_group']) retrieved from /home/airflow/.local/lib/python3.7/site-packages/airflow/example_dags/example_task_group.py
[2025-04-24T22:06:18.366+0000] {logging_mixin.py:137} INFO - [2025-04-24T22:06:18.366+0000] {dag.py:2690} INFO - Sync 1 DAGs
[2025-04-24T22:06:18.376+0000] {logging_mixin.py:137} INFO - [2025-04-24T22:06:18.376+0000] {dag.py:3441} INFO - Setting next_dagrun for example_task_group to 2025-04-23T22:06:18.376213+00:00, run_after=2025-04-24T22:06:18.376213+00:00
[2025-04-24T22:06:18.382+0000] {processor.py:175} INFO - Processing /home/airflow/.local/lib/python3.7/site-packages/airflow/example_dags/example_task_group.py took 0.035 seconds
[2025-04-24T22:06:48.969+0000] {processor.py:153} INFO - Started process (PID=690) to work on /home/airflow/.local/lib/python3.7/site-packages/airflow/example_dags/example_task_group.py
[2025-04-24T22:06:48.971+0000] {processor.py:743} INFO - Processing file /home/airflow/.local/lib/python3.7/site-packages/airflow/example_dags/example_task_group.py for tasks to queue
[2025-04-24T22:06:48.972+0000] {logging_mixin.py:137} INFO - [2025-04-24T22:06:48.972+0000] {dagbag.py:538} INFO - Filling up the DagBag from /home/airflow/.local/lib/python3.7/site-packages/airflow/example_dags/example_task_group.py
[2025-04-24T22:06:48.978+0000] {processor.py:753} INFO - DAG(s) dict_keys(['example_task_group']) retrieved from /home/airflow/.local/lib/python3.7/site-packages/airflow/example_dags/example_task_group.py
[2025-04-24T22:06:48.990+0000] {logging_mixin.py:137} INFO - [2025-04-24T22:06:48.990+0000] {dag.py:2690} INFO - Sync 1 DAGs
[2025-04-24T22:06:49.001+0000] {logging_mixin.py:137} INFO - [2025-04-24T22:06:49.001+0000] {dag.py:3441} INFO - Setting next_dagrun for example_task_group to 2025-04-23T22:06:49.001745+00:00, run_after=2025-04-24T22:06:49.001745+00:00
[2025-04-24T22:06:49.014+0000] {processor.py:175} INFO - Processing /home/airflow/.local/lib/python3.7/site-packages/airflow/example_dags/example_task_group.py took 0.046 seconds
[2025-04-24T22:07:19.572+0000] {processor.py:153} INFO - Started process (PID=782) to work on /home/airflow/.local/lib/python3.7/site-packages/airflow/example_dags/example_task_group.py
[2025-04-24T22:07:19.572+0000] {processor.py:743} INFO - Processing file /home/airflow/.local/lib/python3.7/site-packages/airflow/example_dags/example_task_group.py for tasks to queue
[2025-04-24T22:07:19.573+0000] {logging_mixin.py:137} INFO - [2025-04-24T22:07:19.573+0000] {dagbag.py:538} INFO - Filling up the DagBag from /home/airflow/.local/lib/python3.7/site-packages/airflow/example_dags/example_task_group.py
[2025-04-24T22:07:19.578+0000] {processor.py:753} INFO - DAG(s) dict_keys(['example_task_group']) retrieved from /home/airflow/.local/lib/python3.7/site-packages/airflow/example_dags/example_task_group.py
[2025-04-24T22:07:19.589+0000] {logging_mixin.py:137} INFO - [2025-04-24T22:07:19.589+0000] {dag.py:2690} INFO - Sync 1 DAGs
[2025-04-24T22:07:19.598+0000] {logging_mixin.py:137} INFO - [2025-04-24T22:07:19.598+0000] {dag.py:3441} INFO - Setting next_dagrun for example_task_group to 2025-04-23T22:07:19.598247+00:00, run_after=2025-04-24T22:07:19.598247+00:00
[2025-04-24T22:07:19.604+0000] {processor.py:175} INFO - Processing /home/airflow/.local/lib/python3.7/site-packages/airflow/example_dags/example_task_group.py took 0.034 seconds
[2025-04-24T22:07:50.277+0000] {processor.py:153} INFO - Started process (PID=874) to work on /home/airflow/.local/lib/python3.7/site-packages/airflow/example_dags/example_task_group.py
[2025-04-24T22:07:50.277+0000] {processor.py:743} INFO - Processing file /home/airflow/.local/lib/python3.7/site-packages/airflow/example_dags/example_task_group.py for tasks to queue
[2025-04-24T22:07:50.277+0000] {logging_mixin.py:137} INFO - [2025-04-24T22:07:50.277+0000] {dagbag.py:538} INFO - Filling up the DagBag from /home/airflow/.local/lib/python3.7/site-packages/airflow/example_dags/example_task_group.py
[2025-04-24T22:07:50.283+0000] {processor.py:753} INFO - DAG(s) dict_keys(['example_task_group']) retrieved from /home/airflow/.local/lib/python3.7/site-packages/airflow/example_dags/example_task_group.py
[2025-04-24T22:07:50.293+0000] {logging_mixin.py:137} INFO - [2025-04-24T22:07:50.293+0000] {dag.py:2690} INFO - Sync 1 DAGs
[2025-04-24T22:07:50.301+0000] {logging_mixin.py:137} INFO - [2025-04-24T22:07:50.301+0000] {dag.py:3441} INFO - Setting next_dagrun for example_task_group to 2025-04-23T22:07:50.301530+00:00, run_after=2025-04-24T22:07:50.301530+00:00
[2025-04-24T22:07:50.307+0000] {processor.py:175} INFO - Processing /home/airflow/.local/lib/python3.7/site-packages/airflow/example_dags/example_task_group.py took 0.032 seconds
[2025-04-24T23:25:39.913+0000] {processor.py:153} INFO - Started process (PID=55) to work on /home/airflow/.local/lib/python3.7/site-packages/airflow/example_dags/example_task_group.py
[2025-04-24T23:25:39.913+0000] {processor.py:743} INFO - Processing file /home/airflow/.local/lib/python3.7/site-packages/airflow/example_dags/example_task_group.py for tasks to queue
[2025-04-24T23:25:39.915+0000] {logging_mixin.py:137} INFO - [2025-04-24T23:25:39.915+0000] {dagbag.py:538} INFO - Filling up the DagBag from /home/airflow/.local/lib/python3.7/site-packages/airflow/example_dags/example_task_group.py
[2025-04-24T23:25:39.925+0000] {processor.py:753} INFO - DAG(s) dict_keys(['example_task_group']) retrieved from /home/airflow/.local/lib/python3.7/site-packages/airflow/example_dags/example_task_group.py
[2025-04-24T23:25:39.933+0000] {logging_mixin.py:137} INFO - [2025-04-24T23:25:39.933+0000] {dag.py:2690} INFO - Sync 1 DAGs
[2025-04-24T23:25:39.947+0000] {logging_mixin.py:137} INFO - [2025-04-24T23:25:39.947+0000] {dag.py:3441} INFO - Setting next_dagrun for example_task_group to 2025-04-23T23:25:39.947233+00:00, run_after=2025-04-24T23:25:39.947233+00:00
[2025-04-24T23:25:39.960+0000] {processor.py:175} INFO - Processing /home/airflow/.local/lib/python3.7/site-packages/airflow/example_dags/example_task_group.py took 0.049 seconds
[2025-04-24T23:26:10.832+0000] {processor.py:153} INFO - Started process (PID=147) to work on /home/airflow/.local/lib/python3.7/site-packages/airflow/example_dags/example_task_group.py
[2025-04-24T23:26:10.833+0000] {processor.py:743} INFO - Processing file /home/airflow/.local/lib/python3.7/site-packages/airflow/example_dags/example_task_group.py for tasks to queue
[2025-04-24T23:26:10.833+0000] {logging_mixin.py:137} INFO - [2025-04-24T23:26:10.833+0000] {dagbag.py:538} INFO - Filling up the DagBag from /home/airflow/.local/lib/python3.7/site-packages/airflow/example_dags/example_task_group.py
[2025-04-24T23:26:10.840+0000] {processor.py:753} INFO - DAG(s) dict_keys(['example_task_group']) retrieved from /home/airflow/.local/lib/python3.7/site-packages/airflow/example_dags/example_task_group.py
[2025-04-24T23:26:10.853+0000] {logging_mixin.py:137} INFO - [2025-04-24T23:26:10.853+0000] {dag.py:2690} INFO - Sync 1 DAGs
[2025-04-24T23:26:10.863+0000] {logging_mixin.py:137} INFO - [2025-04-24T23:26:10.863+0000] {dag.py:3441} INFO - Setting next_dagrun for example_task_group to 2025-04-23T23:26:10.863778+00:00, run_after=2025-04-24T23:26:10.863778+00:00
[2025-04-24T23:26:10.876+0000] {processor.py:175} INFO - Processing /home/airflow/.local/lib/python3.7/site-packages/airflow/example_dags/example_task_group.py took 0.045 seconds
[2025-04-24T23:26:41.562+0000] {processor.py:153} INFO - Started process (PID=239) to work on /home/airflow/.local/lib/python3.7/site-packages/airflow/example_dags/example_task_group.py
[2025-04-24T23:26:41.564+0000] {processor.py:743} INFO - Processing file /home/airflow/.local/lib/python3.7/site-packages/airflow/example_dags/example_task_group.py for tasks to queue
[2025-04-24T23:26:41.564+0000] {logging_mixin.py:137} INFO - [2025-04-24T23:26:41.564+0000] {dagbag.py:538} INFO - Filling up the DagBag from /home/airflow/.local/lib/python3.7/site-packages/airflow/example_dags/example_task_group.py
[2025-04-24T23:26:41.574+0000] {processor.py:753} INFO - DAG(s) dict_keys(['example_task_group']) retrieved from /home/airflow/.local/lib/python3.7/site-packages/airflow/example_dags/example_task_group.py
[2025-04-24T23:26:41.584+0000] {logging_mixin.py:137} INFO - [2025-04-24T23:26:41.584+0000] {dag.py:2690} INFO - Sync 1 DAGs
[2025-04-24T23:26:41.594+0000] {logging_mixin.py:137} INFO - [2025-04-24T23:26:41.594+0000] {dag.py:3441} INFO - Setting next_dagrun for example_task_group to 2025-04-23T23:26:41.594708+00:00, run_after=2025-04-24T23:26:41.594708+00:00
[2025-04-24T23:26:41.606+0000] {processor.py:175} INFO - Processing /home/airflow/.local/lib/python3.7/site-packages/airflow/example_dags/example_task_group.py took 0.045 seconds
[2025-04-24T23:27:12.170+0000] {processor.py:153} INFO - Started process (PID=315) to work on /home/airflow/.local/lib/python3.7/site-packages/airflow/example_dags/example_task_group.py
[2025-04-24T23:27:12.171+0000] {processor.py:743} INFO - Processing file /home/airflow/.local/lib/python3.7/site-packages/airflow/example_dags/example_task_group.py for tasks to queue
[2025-04-24T23:27:12.171+0000] {logging_mixin.py:137} INFO - [2025-04-24T23:27:12.171+0000] {dagbag.py:538} INFO - Filling up the DagBag from /home/airflow/.local/lib/python3.7/site-packages/airflow/example_dags/example_task_group.py
[2025-04-24T23:27:12.178+0000] {processor.py:753} INFO - DAG(s) dict_keys(['example_task_group']) retrieved from /home/airflow/.local/lib/python3.7/site-packages/airflow/example_dags/example_task_group.py
[2025-04-24T23:27:12.190+0000] {logging_mixin.py:137} INFO - [2025-04-24T23:27:12.190+0000] {dag.py:2690} INFO - Sync 1 DAGs
[2025-04-24T23:27:12.202+0000] {logging_mixin.py:137} INFO - [2025-04-24T23:27:12.202+0000] {dag.py:3441} INFO - Setting next_dagrun for example_task_group to 2025-04-23T23:27:12.202352+00:00, run_after=2025-04-24T23:27:12.202352+00:00
[2025-04-24T23:27:12.219+0000] {processor.py:175} INFO - Processing /home/airflow/.local/lib/python3.7/site-packages/airflow/example_dags/example_task_group.py took 0.050 seconds
[2025-04-24T23:27:42.836+0000] {processor.py:153} INFO - Started process (PID=407) to work on /home/airflow/.local/lib/python3.7/site-packages/airflow/example_dags/example_task_group.py
[2025-04-24T23:27:42.837+0000] {processor.py:743} INFO - Processing file /home/airflow/.local/lib/python3.7/site-packages/airflow/example_dags/example_task_group.py for tasks to queue
[2025-04-24T23:27:42.837+0000] {logging_mixin.py:137} INFO - [2025-04-24T23:27:42.837+0000] {dagbag.py:538} INFO - Filling up the DagBag from /home/airflow/.local/lib/python3.7/site-packages/airflow/example_dags/example_task_group.py
[2025-04-24T23:27:42.845+0000] {processor.py:753} INFO - DAG(s) dict_keys(['example_task_group']) retrieved from /home/airflow/.local/lib/python3.7/site-packages/airflow/example_dags/example_task_group.py
[2025-04-24T23:27:42.857+0000] {logging_mixin.py:137} INFO - [2025-04-24T23:27:42.857+0000] {dag.py:2690} INFO - Sync 1 DAGs
[2025-04-24T23:27:42.870+0000] {logging_mixin.py:137} INFO - [2025-04-24T23:27:42.870+0000] {dag.py:3441} INFO - Setting next_dagrun for example_task_group to 2025-04-23T23:27:42.870526+00:00, run_after=2025-04-24T23:27:42.870526+00:00
[2025-04-24T23:27:42.880+0000] {processor.py:175} INFO - Processing /home/airflow/.local/lib/python3.7/site-packages/airflow/example_dags/example_task_group.py took 0.045 seconds
[2025-04-24T23:28:13.643+0000] {processor.py:153} INFO - Started process (PID=499) to work on /home/airflow/.local/lib/python3.7/site-packages/airflow/example_dags/example_task_group.py
[2025-04-24T23:28:13.643+0000] {processor.py:743} INFO - Processing file /home/airflow/.local/lib/python3.7/site-packages/airflow/example_dags/example_task_group.py for tasks to queue
[2025-04-24T23:28:13.646+0000] {logging_mixin.py:137} INFO - [2025-04-24T23:28:13.646+0000] {dagbag.py:538} INFO - Filling up the DagBag from /home/airflow/.local/lib/python3.7/site-packages/airflow/example_dags/example_task_group.py
[2025-04-24T23:28:13.652+0000] {processor.py:753} INFO - DAG(s) dict_keys(['example_task_group']) retrieved from /home/airflow/.local/lib/python3.7/site-packages/airflow/example_dags/example_task_group.py
[2025-04-24T23:28:13.667+0000] {logging_mixin.py:137} INFO - [2025-04-24T23:28:13.666+0000] {dag.py:2690} INFO - Sync 1 DAGs
[2025-04-24T23:28:13.678+0000] {logging_mixin.py:137} INFO - [2025-04-24T23:28:13.678+0000] {dag.py:3441} INFO - Setting next_dagrun for example_task_group to 2025-04-23T23:28:13.678122+00:00, run_after=2025-04-24T23:28:13.678122+00:00
[2025-04-24T23:28:13.687+0000] {processor.py:175} INFO - Processing /home/airflow/.local/lib/python3.7/site-packages/airflow/example_dags/example_task_group.py took 0.045 seconds
[2025-04-24T23:28:44.192+0000] {processor.py:153} INFO - Started process (PID=591) to work on /home/airflow/.local/lib/python3.7/site-packages/airflow/example_dags/example_task_group.py
[2025-04-24T23:28:44.194+0000] {processor.py:743} INFO - Processing file /home/airflow/.local/lib/python3.7/site-packages/airflow/example_dags/example_task_group.py for tasks to queue
[2025-04-24T23:28:44.195+0000] {logging_mixin.py:137} INFO - [2025-04-24T23:28:44.195+0000] {dagbag.py:538} INFO - Filling up the DagBag from /home/airflow/.local/lib/python3.7/site-packages/airflow/example_dags/example_task_group.py
[2025-04-24T23:28:44.201+0000] {processor.py:753} INFO - DAG(s) dict_keys(['example_task_group']) retrieved from /home/airflow/.local/lib/python3.7/site-packages/airflow/example_dags/example_task_group.py
[2025-04-24T23:28:44.214+0000] {logging_mixin.py:137} INFO - [2025-04-24T23:28:44.214+0000] {dag.py:2690} INFO - Sync 1 DAGs
[2025-04-24T23:28:44.225+0000] {logging_mixin.py:137} INFO - [2025-04-24T23:28:44.225+0000] {dag.py:3441} INFO - Setting next_dagrun for example_task_group to 2025-04-23T23:28:44.224921+00:00, run_after=2025-04-24T23:28:44.224921+00:00
[2025-04-24T23:28:44.232+0000] {processor.py:175} INFO - Processing /home/airflow/.local/lib/python3.7/site-packages/airflow/example_dags/example_task_group.py took 0.041 seconds
[2025-04-24T23:29:14.864+0000] {processor.py:153} INFO - Started process (PID=683) to work on /home/airflow/.local/lib/python3.7/site-packages/airflow/example_dags/example_task_group.py
[2025-04-24T23:29:14.865+0000] {processor.py:743} INFO - Processing file /home/airflow/.local/lib/python3.7/site-packages/airflow/example_dags/example_task_group.py for tasks to queue
[2025-04-24T23:29:14.865+0000] {logging_mixin.py:137} INFO - [2025-04-24T23:29:14.865+0000] {dagbag.py:538} INFO - Filling up the DagBag from /home/airflow/.local/lib/python3.7/site-packages/airflow/example_dags/example_task_group.py
[2025-04-24T23:29:14.874+0000] {processor.py:753} INFO - DAG(s) dict_keys(['example_task_group']) retrieved from /home/airflow/.local/lib/python3.7/site-packages/airflow/example_dags/example_task_group.py
[2025-04-24T23:29:14.888+0000] {logging_mixin.py:137} INFO - [2025-04-24T23:29:14.887+0000] {dag.py:2690} INFO - Sync 1 DAGs
[2025-04-24T23:29:14.901+0000] {logging_mixin.py:137} INFO - [2025-04-24T23:29:14.901+0000] {dag.py:3441} INFO - Setting next_dagrun for example_task_group to 2025-04-23T23:29:14.901128+00:00, run_after=2025-04-24T23:29:14.901128+00:00
[2025-04-24T23:29:14.912+0000] {processor.py:175} INFO - Processing /home/airflow/.local/lib/python3.7/site-packages/airflow/example_dags/example_task_group.py took 0.049 seconds
[2025-04-24T23:29:45.523+0000] {processor.py:153} INFO - Started process (PID=759) to work on /home/airflow/.local/lib/python3.7/site-packages/airflow/example_dags/example_task_group.py
[2025-04-24T23:29:45.524+0000] {processor.py:743} INFO - Processing file /home/airflow/.local/lib/python3.7/site-packages/airflow/example_dags/example_task_group.py for tasks to queue
[2025-04-24T23:29:45.524+0000] {logging_mixin.py:137} INFO - [2025-04-24T23:29:45.524+0000] {dagbag.py:538} INFO - Filling up the DagBag from /home/airflow/.local/lib/python3.7/site-packages/airflow/example_dags/example_task_group.py
[2025-04-24T23:29:45.530+0000] {processor.py:753} INFO - DAG(s) dict_keys(['example_task_group']) retrieved from /home/airflow/.local/lib/python3.7/site-packages/airflow/example_dags/example_task_group.py
[2025-04-24T23:29:45.542+0000] {logging_mixin.py:137} INFO - [2025-04-24T23:29:45.542+0000] {dag.py:2690} INFO - Sync 1 DAGs
[2025-04-24T23:29:45.555+0000] {logging_mixin.py:137} INFO - [2025-04-24T23:29:45.555+0000] {dag.py:3441} INFO - Setting next_dagrun for example_task_group to 2025-04-23T23:29:45.555369+00:00, run_after=2025-04-24T23:29:45.555369+00:00
[2025-04-24T23:29:45.565+0000] {processor.py:175} INFO - Processing /home/airflow/.local/lib/python3.7/site-packages/airflow/example_dags/example_task_group.py took 0.044 seconds
[2025-04-24T23:30:16.227+0000] {processor.py:153} INFO - Started process (PID=851) to work on /home/airflow/.local/lib/python3.7/site-packages/airflow/example_dags/example_task_group.py
[2025-04-24T23:30:16.227+0000] {processor.py:743} INFO - Processing file /home/airflow/.local/lib/python3.7/site-packages/airflow/example_dags/example_task_group.py for tasks to queue
[2025-04-24T23:30:16.227+0000] {logging_mixin.py:137} INFO - [2025-04-24T23:30:16.227+0000] {dagbag.py:538} INFO - Filling up the DagBag from /home/airflow/.local/lib/python3.7/site-packages/airflow/example_dags/example_task_group.py
[2025-04-24T23:30:16.233+0000] {processor.py:753} INFO - DAG(s) dict_keys(['example_task_group']) retrieved from /home/airflow/.local/lib/python3.7/site-packages/airflow/example_dags/example_task_group.py
[2025-04-24T23:30:16.244+0000] {logging_mixin.py:137} INFO - [2025-04-24T23:30:16.244+0000] {dag.py:2690} INFO - Sync 1 DAGs
[2025-04-24T23:30:16.254+0000] {logging_mixin.py:137} INFO - [2025-04-24T23:30:16.254+0000] {dag.py:3441} INFO - Setting next_dagrun for example_task_group to 2025-04-23T23:30:16.254222+00:00, run_after=2025-04-24T23:30:16.254222+00:00
[2025-04-24T23:30:16.261+0000] {processor.py:175} INFO - Processing /home/airflow/.local/lib/python3.7/site-packages/airflow/example_dags/example_task_group.py took 0.035 seconds
[2025-04-24T23:30:47.030+0000] {processor.py:153} INFO - Started process (PID=943) to work on /home/airflow/.local/lib/python3.7/site-packages/airflow/example_dags/example_task_group.py
[2025-04-24T23:30:47.030+0000] {processor.py:743} INFO - Processing file /home/airflow/.local/lib/python3.7/site-packages/airflow/example_dags/example_task_group.py for tasks to queue
[2025-04-24T23:30:47.030+0000] {logging_mixin.py:137} INFO - [2025-04-24T23:30:47.030+0000] {dagbag.py:538} INFO - Filling up the DagBag from /home/airflow/.local/lib/python3.7/site-packages/airflow/example_dags/example_task_group.py
[2025-04-24T23:30:47.038+0000] {processor.py:753} INFO - DAG(s) dict_keys(['example_task_group']) retrieved from /home/airflow/.local/lib/python3.7/site-packages/airflow/example_dags/example_task_group.py
[2025-04-24T23:30:47.048+0000] {logging_mixin.py:137} INFO - [2025-04-24T23:30:47.048+0000] {dag.py:2690} INFO - Sync 1 DAGs
[2025-04-24T23:30:47.061+0000] {logging_mixin.py:137} INFO - [2025-04-24T23:30:47.061+0000] {dag.py:3441} INFO - Setting next_dagrun for example_task_group to 2025-04-23T23:30:47.061502+00:00, run_after=2025-04-24T23:30:47.061502+00:00
[2025-04-24T23:30:47.078+0000] {processor.py:175} INFO - Processing /home/airflow/.local/lib/python3.7/site-packages/airflow/example_dags/example_task_group.py took 0.050 seconds
[2025-04-24T23:31:17.811+0000] {processor.py:153} INFO - Started process (PID=1035) to work on /home/airflow/.local/lib/python3.7/site-packages/airflow/example_dags/example_task_group.py
[2025-04-24T23:31:17.811+0000] {processor.py:743} INFO - Processing file /home/airflow/.local/lib/python3.7/site-packages/airflow/example_dags/example_task_group.py for tasks to queue
[2025-04-24T23:31:17.811+0000] {logging_mixin.py:137} INFO - [2025-04-24T23:31:17.811+0000] {dagbag.py:538} INFO - Filling up the DagBag from /home/airflow/.local/lib/python3.7/site-packages/airflow/example_dags/example_task_group.py
[2025-04-24T23:31:17.819+0000] {processor.py:753} INFO - DAG(s) dict_keys(['example_task_group']) retrieved from /home/airflow/.local/lib/python3.7/site-packages/airflow/example_dags/example_task_group.py
[2025-04-24T23:31:17.832+0000] {logging_mixin.py:137} INFO - [2025-04-24T23:31:17.832+0000] {dag.py:2690} INFO - Sync 1 DAGs
[2025-04-24T23:31:17.842+0000] {logging_mixin.py:137} INFO - [2025-04-24T23:31:17.842+0000] {dag.py:3441} INFO - Setting next_dagrun for example_task_group to 2025-04-23T23:31:17.842439+00:00, run_after=2025-04-24T23:31:17.842439+00:00
[2025-04-24T23:31:17.856+0000] {processor.py:175} INFO - Processing /home/airflow/.local/lib/python3.7/site-packages/airflow/example_dags/example_task_group.py took 0.046 seconds
[2025-04-24T23:31:48.472+0000] {processor.py:153} INFO - Started process (PID=1111) to work on /home/airflow/.local/lib/python3.7/site-packages/airflow/example_dags/example_task_group.py
[2025-04-24T23:31:48.473+0000] {processor.py:743} INFO - Processing file /home/airflow/.local/lib/python3.7/site-packages/airflow/example_dags/example_task_group.py for tasks to queue
[2025-04-24T23:31:48.474+0000] {logging_mixin.py:137} INFO - [2025-04-24T23:31:48.474+0000] {dagbag.py:538} INFO - Filling up the DagBag from /home/airflow/.local/lib/python3.7/site-packages/airflow/example_dags/example_task_group.py
[2025-04-24T23:31:48.479+0000] {processor.py:753} INFO - DAG(s) dict_keys(['example_task_group']) retrieved from /home/airflow/.local/lib/python3.7/site-packages/airflow/example_dags/example_task_group.py
[2025-04-24T23:31:48.490+0000] {logging_mixin.py:137} INFO - [2025-04-24T23:31:48.490+0000] {dag.py:2690} INFO - Sync 1 DAGs
[2025-04-24T23:31:48.503+0000] {logging_mixin.py:137} INFO - [2025-04-24T23:31:48.503+0000] {dag.py:3441} INFO - Setting next_dagrun for example_task_group to 2025-04-23T23:31:48.503434+00:00, run_after=2025-04-24T23:31:48.503434+00:00
[2025-04-24T23:31:48.513+0000] {processor.py:175} INFO - Processing /home/airflow/.local/lib/python3.7/site-packages/airflow/example_dags/example_task_group.py took 0.042 seconds
[2025-04-24T23:32:19.226+0000] {processor.py:153} INFO - Started process (PID=1203) to work on /home/airflow/.local/lib/python3.7/site-packages/airflow/example_dags/example_task_group.py
[2025-04-24T23:32:19.227+0000] {processor.py:743} INFO - Processing file /home/airflow/.local/lib/python3.7/site-packages/airflow/example_dags/example_task_group.py for tasks to queue
[2025-04-24T23:32:19.227+0000] {logging_mixin.py:137} INFO - [2025-04-24T23:32:19.227+0000] {dagbag.py:538} INFO - Filling up the DagBag from /home/airflow/.local/lib/python3.7/site-packages/airflow/example_dags/example_task_group.py
[2025-04-24T23:32:19.233+0000] {processor.py:753} INFO - DAG(s) dict_keys(['example_task_group']) retrieved from /home/airflow/.local/lib/python3.7/site-packages/airflow/example_dags/example_task_group.py
[2025-04-24T23:32:19.242+0000] {logging_mixin.py:137} INFO - [2025-04-24T23:32:19.242+0000] {dag.py:2690} INFO - Sync 1 DAGs
[2025-04-24T23:32:19.251+0000] {logging_mixin.py:137} INFO - [2025-04-24T23:32:19.251+0000] {dag.py:3441} INFO - Setting next_dagrun for example_task_group to 2025-04-23T23:32:19.251071+00:00, run_after=2025-04-24T23:32:19.251071+00:00
[2025-04-24T23:32:19.257+0000] {processor.py:175} INFO - Processing /home/airflow/.local/lib/python3.7/site-packages/airflow/example_dags/example_task_group.py took 0.032 seconds
[2025-04-24T23:32:49.824+0000] {processor.py:153} INFO - Started process (PID=1295) to work on /home/airflow/.local/lib/python3.7/site-packages/airflow/example_dags/example_task_group.py
[2025-04-24T23:32:49.824+0000] {processor.py:743} INFO - Processing file /home/airflow/.local/lib/python3.7/site-packages/airflow/example_dags/example_task_group.py for tasks to queue
[2025-04-24T23:32:49.824+0000] {logging_mixin.py:137} INFO - [2025-04-24T23:32:49.824+0000] {dagbag.py:538} INFO - Filling up the DagBag from /home/airflow/.local/lib/python3.7/site-packages/airflow/example_dags/example_task_group.py
[2025-04-24T23:32:49.830+0000] {processor.py:753} INFO - DAG(s) dict_keys(['example_task_group']) retrieved from /home/airflow/.local/lib/python3.7/site-packages/airflow/example_dags/example_task_group.py
[2025-04-24T23:32:49.843+0000] {logging_mixin.py:137} INFO - [2025-04-24T23:32:49.843+0000] {dag.py:2690} INFO - Sync 1 DAGs
[2025-04-24T23:32:49.856+0000] {logging_mixin.py:137} INFO - [2025-04-24T23:32:49.856+0000] {dag.py:3441} INFO - Setting next_dagrun for example_task_group to 2025-04-23T23:32:49.856627+00:00, run_after=2025-04-24T23:32:49.856627+00:00
[2025-04-24T23:32:49.869+0000] {processor.py:175} INFO - Processing /home/airflow/.local/lib/python3.7/site-packages/airflow/example_dags/example_task_group.py took 0.047 seconds
[2025-04-24T23:33:20.299+0000] {processor.py:153} INFO - Started process (PID=1387) to work on /home/airflow/.local/lib/python3.7/site-packages/airflow/example_dags/example_task_group.py
[2025-04-24T23:33:20.300+0000] {processor.py:743} INFO - Processing file /home/airflow/.local/lib/python3.7/site-packages/airflow/example_dags/example_task_group.py for tasks to queue
[2025-04-24T23:33:20.300+0000] {logging_mixin.py:137} INFO - [2025-04-24T23:33:20.300+0000] {dagbag.py:538} INFO - Filling up the DagBag from /home/airflow/.local/lib/python3.7/site-packages/airflow/example_dags/example_task_group.py
[2025-04-24T23:33:20.308+0000] {processor.py:753} INFO - DAG(s) dict_keys(['example_task_group']) retrieved from /home/airflow/.local/lib/python3.7/site-packages/airflow/example_dags/example_task_group.py
[2025-04-24T23:33:20.322+0000] {logging_mixin.py:137} INFO - [2025-04-24T23:33:20.322+0000] {dag.py:2690} INFO - Sync 1 DAGs
[2025-04-24T23:33:20.335+0000] {logging_mixin.py:137} INFO - [2025-04-24T23:33:20.335+0000] {dag.py:3441} INFO - Setting next_dagrun for example_task_group to 2025-04-23T23:33:20.335000+00:00, run_after=2025-04-24T23:33:20.335000+00:00
[2025-04-24T23:33:20.343+0000] {processor.py:175} INFO - Processing /home/airflow/.local/lib/python3.7/site-packages/airflow/example_dags/example_task_group.py took 0.045 seconds
[2025-04-24T23:33:50.962+0000] {processor.py:153} INFO - Started process (PID=1479) to work on /home/airflow/.local/lib/python3.7/site-packages/airflow/example_dags/example_task_group.py
[2025-04-24T23:33:50.964+0000] {processor.py:743} INFO - Processing file /home/airflow/.local/lib/python3.7/site-packages/airflow/example_dags/example_task_group.py for tasks to queue
[2025-04-24T23:33:50.964+0000] {logging_mixin.py:137} INFO - [2025-04-24T23:33:50.964+0000] {dagbag.py:538} INFO - Filling up the DagBag from /home/airflow/.local/lib/python3.7/site-packages/airflow/example_dags/example_task_group.py
[2025-04-24T23:33:50.970+0000] {processor.py:753} INFO - DAG(s) dict_keys(['example_task_group']) retrieved from /home/airflow/.local/lib/python3.7/site-packages/airflow/example_dags/example_task_group.py
[2025-04-24T23:33:50.982+0000] {logging_mixin.py:137} INFO - [2025-04-24T23:33:50.982+0000] {dag.py:2690} INFO - Sync 1 DAGs
[2025-04-24T23:33:50.993+0000] {logging_mixin.py:137} INFO - [2025-04-24T23:33:50.993+0000] {dag.py:3441} INFO - Setting next_dagrun for example_task_group to 2025-04-23T23:33:50.993319+00:00, run_after=2025-04-24T23:33:50.993319+00:00
[2025-04-24T23:33:51.000+0000] {processor.py:175} INFO - Processing /home/airflow/.local/lib/python3.7/site-packages/airflow/example_dags/example_task_group.py took 0.040 seconds
[2025-04-24T23:34:21.510+0000] {processor.py:153} INFO - Started process (PID=1555) to work on /home/airflow/.local/lib/python3.7/site-packages/airflow/example_dags/example_task_group.py
[2025-04-24T23:34:21.511+0000] {processor.py:743} INFO - Processing file /home/airflow/.local/lib/python3.7/site-packages/airflow/example_dags/example_task_group.py for tasks to queue
[2025-04-24T23:34:21.512+0000] {logging_mixin.py:137} INFO - [2025-04-24T23:34:21.512+0000] {dagbag.py:538} INFO - Filling up the DagBag from /home/airflow/.local/lib/python3.7/site-packages/airflow/example_dags/example_task_group.py
[2025-04-24T23:34:21.519+0000] {processor.py:753} INFO - DAG(s) dict_keys(['example_task_group']) retrieved from /home/airflow/.local/lib/python3.7/site-packages/airflow/example_dags/example_task_group.py
[2025-04-24T23:34:21.531+0000] {logging_mixin.py:137} INFO - [2025-04-24T23:34:21.531+0000] {dag.py:2690} INFO - Sync 1 DAGs
[2025-04-24T23:34:21.542+0000] {logging_mixin.py:137} INFO - [2025-04-24T23:34:21.542+0000] {dag.py:3441} INFO - Setting next_dagrun for example_task_group to 2025-04-23T23:34:21.542744+00:00, run_after=2025-04-24T23:34:21.542744+00:00
[2025-04-24T23:34:21.550+0000] {processor.py:175} INFO - Processing /home/airflow/.local/lib/python3.7/site-packages/airflow/example_dags/example_task_group.py took 0.041 seconds
[2025-04-24T23:34:52.039+0000] {processor.py:153} INFO - Started process (PID=1647) to work on /home/airflow/.local/lib/python3.7/site-packages/airflow/example_dags/example_task_group.py
[2025-04-24T23:34:52.039+0000] {processor.py:743} INFO - Processing file /home/airflow/.local/lib/python3.7/site-packages/airflow/example_dags/example_task_group.py for tasks to queue
[2025-04-24T23:34:52.040+0000] {logging_mixin.py:137} INFO - [2025-04-24T23:34:52.040+0000] {dagbag.py:538} INFO - Filling up the DagBag from /home/airflow/.local/lib/python3.7/site-packages/airflow/example_dags/example_task_group.py
[2025-04-24T23:34:52.046+0000] {processor.py:753} INFO - DAG(s) dict_keys(['example_task_group']) retrieved from /home/airflow/.local/lib/python3.7/site-packages/airflow/example_dags/example_task_group.py
[2025-04-24T23:34:52.056+0000] {logging_mixin.py:137} INFO - [2025-04-24T23:34:52.056+0000] {dag.py:2690} INFO - Sync 1 DAGs
[2025-04-24T23:34:52.069+0000] {logging_mixin.py:137} INFO - [2025-04-24T23:34:52.069+0000] {dag.py:3441} INFO - Setting next_dagrun for example_task_group to 2025-04-23T23:34:52.069701+00:00, run_after=2025-04-24T23:34:52.069701+00:00
[2025-04-24T23:34:52.078+0000] {processor.py:175} INFO - Processing /home/airflow/.local/lib/python3.7/site-packages/airflow/example_dags/example_task_group.py took 0.040 seconds
[2025-04-24T23:35:22.654+0000] {processor.py:153} INFO - Started process (PID=1739) to work on /home/airflow/.local/lib/python3.7/site-packages/airflow/example_dags/example_task_group.py
[2025-04-24T23:35:22.654+0000] {processor.py:743} INFO - Processing file /home/airflow/.local/lib/python3.7/site-packages/airflow/example_dags/example_task_group.py for tasks to queue
[2025-04-24T23:35:22.654+0000] {logging_mixin.py:137} INFO - [2025-04-24T23:35:22.654+0000] {dagbag.py:538} INFO - Filling up the DagBag from /home/airflow/.local/lib/python3.7/site-packages/airflow/example_dags/example_task_group.py
[2025-04-24T23:35:22.661+0000] {processor.py:753} INFO - DAG(s) dict_keys(['example_task_group']) retrieved from /home/airflow/.local/lib/python3.7/site-packages/airflow/example_dags/example_task_group.py
[2025-04-24T23:35:22.675+0000] {logging_mixin.py:137} INFO - [2025-04-24T23:35:22.675+0000] {dag.py:2690} INFO - Sync 1 DAGs
[2025-04-24T23:35:22.687+0000] {logging_mixin.py:137} INFO - [2025-04-24T23:35:22.687+0000] {dag.py:3441} INFO - Setting next_dagrun for example_task_group to 2025-04-23T23:35:22.687275+00:00, run_after=2025-04-24T23:35:22.687275+00:00
[2025-04-24T23:35:22.697+0000] {processor.py:175} INFO - Processing /home/airflow/.local/lib/python3.7/site-packages/airflow/example_dags/example_task_group.py took 0.044 seconds
[2025-04-24T23:35:53.148+0000] {processor.py:153} INFO - Started process (PID=1831) to work on /home/airflow/.local/lib/python3.7/site-packages/airflow/example_dags/example_task_group.py
[2025-04-24T23:35:53.148+0000] {processor.py:743} INFO - Processing file /home/airflow/.local/lib/python3.7/site-packages/airflow/example_dags/example_task_group.py for tasks to queue
[2025-04-24T23:35:53.149+0000] {logging_mixin.py:137} INFO - [2025-04-24T23:35:53.149+0000] {dagbag.py:538} INFO - Filling up the DagBag from /home/airflow/.local/lib/python3.7/site-packages/airflow/example_dags/example_task_group.py
[2025-04-24T23:35:53.157+0000] {processor.py:753} INFO - DAG(s) dict_keys(['example_task_group']) retrieved from /home/airflow/.local/lib/python3.7/site-packages/airflow/example_dags/example_task_group.py
[2025-04-24T23:35:53.168+0000] {logging_mixin.py:137} INFO - [2025-04-24T23:35:53.168+0000] {dag.py:2690} INFO - Sync 1 DAGs
[2025-04-24T23:35:53.178+0000] {logging_mixin.py:137} INFO - [2025-04-24T23:35:53.178+0000] {dag.py:3441} INFO - Setting next_dagrun for example_task_group to 2025-04-23T23:35:53.177981+00:00, run_after=2025-04-24T23:35:53.177981+00:00
[2025-04-24T23:35:53.184+0000] {processor.py:175} INFO - Processing /home/airflow/.local/lib/python3.7/site-packages/airflow/example_dags/example_task_group.py took 0.037 seconds
[2025-04-24T23:36:23.880+0000] {processor.py:153} INFO - Started process (PID=1916) to work on /home/airflow/.local/lib/python3.7/site-packages/airflow/example_dags/example_task_group.py
[2025-04-24T23:36:23.881+0000] {processor.py:743} INFO - Processing file /home/airflow/.local/lib/python3.7/site-packages/airflow/example_dags/example_task_group.py for tasks to queue
[2025-04-24T23:36:23.881+0000] {logging_mixin.py:137} INFO - [2025-04-24T23:36:23.881+0000] {dagbag.py:538} INFO - Filling up the DagBag from /home/airflow/.local/lib/python3.7/site-packages/airflow/example_dags/example_task_group.py
[2025-04-24T23:36:23.889+0000] {processor.py:753} INFO - DAG(s) dict_keys(['example_task_group']) retrieved from /home/airflow/.local/lib/python3.7/site-packages/airflow/example_dags/example_task_group.py
[2025-04-24T23:36:23.904+0000] {logging_mixin.py:137} INFO - [2025-04-24T23:36:23.904+0000] {dag.py:2690} INFO - Sync 1 DAGs
[2025-04-24T23:36:23.918+0000] {logging_mixin.py:137} INFO - [2025-04-24T23:36:23.918+0000] {dag.py:3441} INFO - Setting next_dagrun for example_task_group to 2025-04-23T23:36:23.918308+00:00, run_after=2025-04-24T23:36:23.918308+00:00
[2025-04-24T23:36:23.936+0000] {processor.py:175} INFO - Processing /home/airflow/.local/lib/python3.7/site-packages/airflow/example_dags/example_task_group.py took 0.058 seconds
[2025-04-24T23:36:54.923+0000] {processor.py:153} INFO - Started process (PID=1999) to work on /home/airflow/.local/lib/python3.7/site-packages/airflow/example_dags/example_task_group.py
[2025-04-24T23:36:54.923+0000] {processor.py:743} INFO - Processing file /home/airflow/.local/lib/python3.7/site-packages/airflow/example_dags/example_task_group.py for tasks to queue
[2025-04-24T23:36:54.924+0000] {logging_mixin.py:137} INFO - [2025-04-24T23:36:54.924+0000] {dagbag.py:538} INFO - Filling up the DagBag from /home/airflow/.local/lib/python3.7/site-packages/airflow/example_dags/example_task_group.py
[2025-04-24T23:36:54.930+0000] {processor.py:753} INFO - DAG(s) dict_keys(['example_task_group']) retrieved from /home/airflow/.local/lib/python3.7/site-packages/airflow/example_dags/example_task_group.py
[2025-04-24T23:36:54.942+0000] {logging_mixin.py:137} INFO - [2025-04-24T23:36:54.942+0000] {dag.py:2690} INFO - Sync 1 DAGs
[2025-04-24T23:36:54.953+0000] {logging_mixin.py:137} INFO - [2025-04-24T23:36:54.953+0000] {dag.py:3441} INFO - Setting next_dagrun for example_task_group to 2025-04-23T23:36:54.953205+00:00, run_after=2025-04-24T23:36:54.953205+00:00
[2025-04-24T23:36:54.963+0000] {processor.py:175} INFO - Processing /home/airflow/.local/lib/python3.7/site-packages/airflow/example_dags/example_task_group.py took 0.041 seconds
[2025-04-24T23:37:25.502+0000] {processor.py:153} INFO - Started process (PID=2091) to work on /home/airflow/.local/lib/python3.7/site-packages/airflow/example_dags/example_task_group.py
[2025-04-24T23:37:25.502+0000] {processor.py:743} INFO - Processing file /home/airflow/.local/lib/python3.7/site-packages/airflow/example_dags/example_task_group.py for tasks to queue
[2025-04-24T23:37:25.503+0000] {logging_mixin.py:137} INFO - [2025-04-24T23:37:25.503+0000] {dagbag.py:538} INFO - Filling up the DagBag from /home/airflow/.local/lib/python3.7/site-packages/airflow/example_dags/example_task_group.py
[2025-04-24T23:37:25.509+0000] {processor.py:753} INFO - DAG(s) dict_keys(['example_task_group']) retrieved from /home/airflow/.local/lib/python3.7/site-packages/airflow/example_dags/example_task_group.py
[2025-04-24T23:37:25.519+0000] {logging_mixin.py:137} INFO - [2025-04-24T23:37:25.519+0000] {dag.py:2690} INFO - Sync 1 DAGs
[2025-04-24T23:37:25.533+0000] {logging_mixin.py:137} INFO - [2025-04-24T23:37:25.533+0000] {dag.py:3441} INFO - Setting next_dagrun for example_task_group to 2025-04-23T23:37:25.533483+00:00, run_after=2025-04-24T23:37:25.533483+00:00
[2025-04-24T23:37:25.544+0000] {processor.py:175} INFO - Processing /home/airflow/.local/lib/python3.7/site-packages/airflow/example_dags/example_task_group.py took 0.043 seconds
[2025-04-24T23:37:55.995+0000] {processor.py:153} INFO - Started process (PID=2181) to work on /home/airflow/.local/lib/python3.7/site-packages/airflow/example_dags/example_task_group.py
[2025-04-24T23:37:55.996+0000] {processor.py:743} INFO - Processing file /home/airflow/.local/lib/python3.7/site-packages/airflow/example_dags/example_task_group.py for tasks to queue
[2025-04-24T23:37:55.997+0000] {logging_mixin.py:137} INFO - [2025-04-24T23:37:55.997+0000] {dagbag.py:538} INFO - Filling up the DagBag from /home/airflow/.local/lib/python3.7/site-packages/airflow/example_dags/example_task_group.py
[2025-04-24T23:37:56.004+0000] {processor.py:753} INFO - DAG(s) dict_keys(['example_task_group']) retrieved from /home/airflow/.local/lib/python3.7/site-packages/airflow/example_dags/example_task_group.py
[2025-04-24T23:37:56.017+0000] {logging_mixin.py:137} INFO - [2025-04-24T23:37:56.017+0000] {dag.py:2690} INFO - Sync 1 DAGs
[2025-04-24T23:37:56.029+0000] {logging_mixin.py:137} INFO - [2025-04-24T23:37:56.029+0000] {dag.py:3441} INFO - Setting next_dagrun for example_task_group to 2025-04-23T23:37:56.029445+00:00, run_after=2025-04-24T23:37:56.029445+00:00
[2025-04-24T23:37:56.039+0000] {processor.py:175} INFO - Processing /home/airflow/.local/lib/python3.7/site-packages/airflow/example_dags/example_task_group.py took 0.045 seconds
[2025-04-24T23:38:26.539+0000] {processor.py:153} INFO - Started process (PID=2273) to work on /home/airflow/.local/lib/python3.7/site-packages/airflow/example_dags/example_task_group.py
[2025-04-24T23:38:26.541+0000] {processor.py:743} INFO - Processing file /home/airflow/.local/lib/python3.7/site-packages/airflow/example_dags/example_task_group.py for tasks to queue
[2025-04-24T23:38:26.541+0000] {logging_mixin.py:137} INFO - [2025-04-24T23:38:26.541+0000] {dagbag.py:538} INFO - Filling up the DagBag from /home/airflow/.local/lib/python3.7/site-packages/airflow/example_dags/example_task_group.py
[2025-04-24T23:38:26.548+0000] {processor.py:753} INFO - DAG(s) dict_keys(['example_task_group']) retrieved from /home/airflow/.local/lib/python3.7/site-packages/airflow/example_dags/example_task_group.py
[2025-04-24T23:38:26.560+0000] {logging_mixin.py:137} INFO - [2025-04-24T23:38:26.560+0000] {dag.py:2690} INFO - Sync 1 DAGs
[2025-04-24T23:38:26.573+0000] {logging_mixin.py:137} INFO - [2025-04-24T23:38:26.573+0000] {dag.py:3441} INFO - Setting next_dagrun for example_task_group to 2025-04-23T23:38:26.573485+00:00, run_after=2025-04-24T23:38:26.573485+00:00
[2025-04-24T23:38:26.585+0000] {processor.py:175} INFO - Processing /home/airflow/.local/lib/python3.7/site-packages/airflow/example_dags/example_task_group.py took 0.047 seconds
[2025-04-24T23:38:57.273+0000] {processor.py:153} INFO - Started process (PID=2349) to work on /home/airflow/.local/lib/python3.7/site-packages/airflow/example_dags/example_task_group.py
[2025-04-24T23:38:57.273+0000] {processor.py:743} INFO - Processing file /home/airflow/.local/lib/python3.7/site-packages/airflow/example_dags/example_task_group.py for tasks to queue
[2025-04-24T23:38:57.273+0000] {logging_mixin.py:137} INFO - [2025-04-24T23:38:57.273+0000] {dagbag.py:538} INFO - Filling up the DagBag from /home/airflow/.local/lib/python3.7/site-packages/airflow/example_dags/example_task_group.py
[2025-04-24T23:38:57.282+0000] {processor.py:753} INFO - DAG(s) dict_keys(['example_task_group']) retrieved from /home/airflow/.local/lib/python3.7/site-packages/airflow/example_dags/example_task_group.py
[2025-04-24T23:38:57.298+0000] {logging_mixin.py:137} INFO - [2025-04-24T23:38:57.298+0000] {dag.py:2690} INFO - Sync 1 DAGs
[2025-04-24T23:38:57.320+0000] {logging_mixin.py:137} INFO - [2025-04-24T23:38:57.320+0000] {dag.py:3441} INFO - Setting next_dagrun for example_task_group to 2025-04-23T23:38:57.320404+00:00, run_after=2025-04-24T23:38:57.320404+00:00
[2025-04-24T23:38:57.330+0000] {processor.py:175} INFO - Processing /home/airflow/.local/lib/python3.7/site-packages/airflow/example_dags/example_task_group.py took 0.059 seconds
[2025-04-24T23:39:27.911+0000] {processor.py:153} INFO - Started process (PID=2441) to work on /home/airflow/.local/lib/python3.7/site-packages/airflow/example_dags/example_task_group.py
[2025-04-24T23:39:27.914+0000] {processor.py:743} INFO - Processing file /home/airflow/.local/lib/python3.7/site-packages/airflow/example_dags/example_task_group.py for tasks to queue
[2025-04-24T23:39:27.917+0000] {logging_mixin.py:137} INFO - [2025-04-24T23:39:27.917+0000] {dagbag.py:538} INFO - Filling up the DagBag from /home/airflow/.local/lib/python3.7/site-packages/airflow/example_dags/example_task_group.py
[2025-04-24T23:39:27.923+0000] {processor.py:753} INFO - DAG(s) dict_keys(['example_task_group']) retrieved from /home/airflow/.local/lib/python3.7/site-packages/airflow/example_dags/example_task_group.py
[2025-04-24T23:39:27.932+0000] {logging_mixin.py:137} INFO - [2025-04-24T23:39:27.932+0000] {dag.py:2690} INFO - Sync 1 DAGs
[2025-04-24T23:39:27.942+0000] {logging_mixin.py:137} INFO - [2025-04-24T23:39:27.941+0000] {dag.py:3441} INFO - Setting next_dagrun for example_task_group to 2025-04-23T23:39:27.941875+00:00, run_after=2025-04-24T23:39:27.941875+00:00
[2025-04-24T23:39:27.950+0000] {processor.py:175} INFO - Processing /home/airflow/.local/lib/python3.7/site-packages/airflow/example_dags/example_task_group.py took 0.041 seconds
[2025-04-24T23:39:58.445+0000] {processor.py:153} INFO - Started process (PID=2532) to work on /home/airflow/.local/lib/python3.7/site-packages/airflow/example_dags/example_task_group.py
[2025-04-24T23:39:58.446+0000] {processor.py:743} INFO - Processing file /home/airflow/.local/lib/python3.7/site-packages/airflow/example_dags/example_task_group.py for tasks to queue
[2025-04-24T23:39:58.446+0000] {logging_mixin.py:137} INFO - [2025-04-24T23:39:58.446+0000] {dagbag.py:538} INFO - Filling up the DagBag from /home/airflow/.local/lib/python3.7/site-packages/airflow/example_dags/example_task_group.py
[2025-04-24T23:39:58.453+0000] {processor.py:753} INFO - DAG(s) dict_keys(['example_task_group']) retrieved from /home/airflow/.local/lib/python3.7/site-packages/airflow/example_dags/example_task_group.py
[2025-04-24T23:39:58.463+0000] {logging_mixin.py:137} INFO - [2025-04-24T23:39:58.463+0000] {dag.py:2690} INFO - Sync 1 DAGs
[2025-04-24T23:39:58.478+0000] {logging_mixin.py:137} INFO - [2025-04-24T23:39:58.478+0000] {dag.py:3441} INFO - Setting next_dagrun for example_task_group to 2025-04-23T23:39:58.478207+00:00, run_after=2025-04-24T23:39:58.478207+00:00
[2025-04-24T23:39:58.487+0000] {processor.py:175} INFO - Processing /home/airflow/.local/lib/python3.7/site-packages/airflow/example_dags/example_task_group.py took 0.043 seconds
[2025-04-24T23:40:28.917+0000] {processor.py:153} INFO - Started process (PID=2624) to work on /home/airflow/.local/lib/python3.7/site-packages/airflow/example_dags/example_task_group.py
[2025-04-24T23:40:28.919+0000] {processor.py:743} INFO - Processing file /home/airflow/.local/lib/python3.7/site-packages/airflow/example_dags/example_task_group.py for tasks to queue
[2025-04-24T23:40:28.919+0000] {logging_mixin.py:137} INFO - [2025-04-24T23:40:28.919+0000] {dagbag.py:538} INFO - Filling up the DagBag from /home/airflow/.local/lib/python3.7/site-packages/airflow/example_dags/example_task_group.py
[2025-04-24T23:40:28.925+0000] {processor.py:753} INFO - DAG(s) dict_keys(['example_task_group']) retrieved from /home/airflow/.local/lib/python3.7/site-packages/airflow/example_dags/example_task_group.py
[2025-04-24T23:40:28.936+0000] {logging_mixin.py:137} INFO - [2025-04-24T23:40:28.936+0000] {dag.py:2690} INFO - Sync 1 DAGs
[2025-04-24T23:40:28.946+0000] {logging_mixin.py:137} INFO - [2025-04-24T23:40:28.946+0000] {dag.py:3441} INFO - Setting next_dagrun for example_task_group to 2025-04-23T23:40:28.946719+00:00, run_after=2025-04-24T23:40:28.946719+00:00
[2025-04-24T23:40:28.958+0000] {processor.py:175} INFO - Processing /home/airflow/.local/lib/python3.7/site-packages/airflow/example_dags/example_task_group.py took 0.042 seconds
[2025-04-24T23:40:59.461+0000] {processor.py:153} INFO - Started process (PID=2700) to work on /home/airflow/.local/lib/python3.7/site-packages/airflow/example_dags/example_task_group.py
[2025-04-24T23:40:59.461+0000] {processor.py:743} INFO - Processing file /home/airflow/.local/lib/python3.7/site-packages/airflow/example_dags/example_task_group.py for tasks to queue
[2025-04-24T23:40:59.461+0000] {logging_mixin.py:137} INFO - [2025-04-24T23:40:59.461+0000] {dagbag.py:538} INFO - Filling up the DagBag from /home/airflow/.local/lib/python3.7/site-packages/airflow/example_dags/example_task_group.py
[2025-04-24T23:40:59.467+0000] {processor.py:753} INFO - DAG(s) dict_keys(['example_task_group']) retrieved from /home/airflow/.local/lib/python3.7/site-packages/airflow/example_dags/example_task_group.py
[2025-04-24T23:40:59.477+0000] {logging_mixin.py:137} INFO - [2025-04-24T23:40:59.477+0000] {dag.py:2690} INFO - Sync 1 DAGs
[2025-04-24T23:40:59.486+0000] {logging_mixin.py:137} INFO - [2025-04-24T23:40:59.486+0000] {dag.py:3441} INFO - Setting next_dagrun for example_task_group to 2025-04-23T23:40:59.486325+00:00, run_after=2025-04-24T23:40:59.486325+00:00
[2025-04-24T23:40:59.492+0000] {processor.py:175} INFO - Processing /home/airflow/.local/lib/python3.7/site-packages/airflow/example_dags/example_task_group.py took 0.033 seconds
[2025-04-24T23:41:29.996+0000] {processor.py:153} INFO - Started process (PID=2792) to work on /home/airflow/.local/lib/python3.7/site-packages/airflow/example_dags/example_task_group.py
[2025-04-24T23:41:29.997+0000] {processor.py:743} INFO - Processing file /home/airflow/.local/lib/python3.7/site-packages/airflow/example_dags/example_task_group.py for tasks to queue
[2025-04-24T23:41:29.997+0000] {logging_mixin.py:137} INFO - [2025-04-24T23:41:29.997+0000] {dagbag.py:538} INFO - Filling up the DagBag from /home/airflow/.local/lib/python3.7/site-packages/airflow/example_dags/example_task_group.py
[2025-04-24T23:41:30.003+0000] {processor.py:753} INFO - DAG(s) dict_keys(['example_task_group']) retrieved from /home/airflow/.local/lib/python3.7/site-packages/airflow/example_dags/example_task_group.py
[2025-04-24T23:41:30.013+0000] {logging_mixin.py:137} INFO - [2025-04-24T23:41:30.013+0000] {dag.py:2690} INFO - Sync 1 DAGs
[2025-04-24T23:41:30.022+0000] {logging_mixin.py:137} INFO - [2025-04-24T23:41:30.022+0000] {dag.py:3441} INFO - Setting next_dagrun for example_task_group to 2025-04-23T23:41:30.022273+00:00, run_after=2025-04-24T23:41:30.022273+00:00
[2025-04-24T23:41:30.028+0000] {processor.py:175} INFO - Processing /home/airflow/.local/lib/python3.7/site-packages/airflow/example_dags/example_task_group.py took 0.033 seconds
[2025-04-24T23:42:00.728+0000] {processor.py:153} INFO - Started process (PID=2884) to work on /home/airflow/.local/lib/python3.7/site-packages/airflow/example_dags/example_task_group.py
[2025-04-24T23:42:00.728+0000] {processor.py:743} INFO - Processing file /home/airflow/.local/lib/python3.7/site-packages/airflow/example_dags/example_task_group.py for tasks to queue
[2025-04-24T23:42:00.729+0000] {logging_mixin.py:137} INFO - [2025-04-24T23:42:00.729+0000] {dagbag.py:538} INFO - Filling up the DagBag from /home/airflow/.local/lib/python3.7/site-packages/airflow/example_dags/example_task_group.py
[2025-04-24T23:42:00.735+0000] {processor.py:753} INFO - DAG(s) dict_keys(['example_task_group']) retrieved from /home/airflow/.local/lib/python3.7/site-packages/airflow/example_dags/example_task_group.py
[2025-04-24T23:42:00.750+0000] {logging_mixin.py:137} INFO - [2025-04-24T23:42:00.749+0000] {dag.py:2690} INFO - Sync 1 DAGs
[2025-04-24T23:42:00.761+0000] {logging_mixin.py:137} INFO - [2025-04-24T23:42:00.761+0000] {dag.py:3441} INFO - Setting next_dagrun for example_task_group to 2025-04-23T23:42:00.761163+00:00, run_after=2025-04-24T23:42:00.761163+00:00
[2025-04-24T23:42:00.770+0000] {processor.py:175} INFO - Processing /home/airflow/.local/lib/python3.7/site-packages/airflow/example_dags/example_task_group.py took 0.043 seconds
[2025-04-24T23:42:31.363+0000] {processor.py:153} INFO - Started process (PID=2976) to work on /home/airflow/.local/lib/python3.7/site-packages/airflow/example_dags/example_task_group.py
[2025-04-24T23:42:31.363+0000] {processor.py:743} INFO - Processing file /home/airflow/.local/lib/python3.7/site-packages/airflow/example_dags/example_task_group.py for tasks to queue
[2025-04-24T23:42:31.363+0000] {logging_mixin.py:137} INFO - [2025-04-24T23:42:31.363+0000] {dagbag.py:538} INFO - Filling up the DagBag from /home/airflow/.local/lib/python3.7/site-packages/airflow/example_dags/example_task_group.py
[2025-04-24T23:42:31.371+0000] {processor.py:753} INFO - DAG(s) dict_keys(['example_task_group']) retrieved from /home/airflow/.local/lib/python3.7/site-packages/airflow/example_dags/example_task_group.py
[2025-04-24T23:42:31.382+0000] {logging_mixin.py:137} INFO - [2025-04-24T23:42:31.382+0000] {dag.py:2690} INFO - Sync 1 DAGs
[2025-04-24T23:42:31.394+0000] {logging_mixin.py:137} INFO - [2025-04-24T23:42:31.394+0000] {dag.py:3441} INFO - Setting next_dagrun for example_task_group to 2025-04-23T23:42:31.394240+00:00, run_after=2025-04-24T23:42:31.394240+00:00
[2025-04-24T23:42:31.403+0000] {processor.py:175} INFO - Processing /home/airflow/.local/lib/python3.7/site-packages/airflow/example_dags/example_task_group.py took 0.041 seconds
[2025-04-24T23:43:02.012+0000] {processor.py:153} INFO - Started process (PID=3068) to work on /home/airflow/.local/lib/python3.7/site-packages/airflow/example_dags/example_task_group.py
[2025-04-24T23:43:02.013+0000] {processor.py:743} INFO - Processing file /home/airflow/.local/lib/python3.7/site-packages/airflow/example_dags/example_task_group.py for tasks to queue
[2025-04-24T23:43:02.013+0000] {logging_mixin.py:137} INFO - [2025-04-24T23:43:02.013+0000] {dagbag.py:538} INFO - Filling up the DagBag from /home/airflow/.local/lib/python3.7/site-packages/airflow/example_dags/example_task_group.py
[2025-04-24T23:43:02.019+0000] {processor.py:753} INFO - DAG(s) dict_keys(['example_task_group']) retrieved from /home/airflow/.local/lib/python3.7/site-packages/airflow/example_dags/example_task_group.py
[2025-04-24T23:43:02.030+0000] {logging_mixin.py:137} INFO - [2025-04-24T23:43:02.030+0000] {dag.py:2690} INFO - Sync 1 DAGs
[2025-04-24T23:43:02.040+0000] {logging_mixin.py:137} INFO - [2025-04-24T23:43:02.040+0000] {dag.py:3441} INFO - Setting next_dagrun for example_task_group to 2025-04-23T23:43:02.040792+00:00, run_after=2025-04-24T23:43:02.040792+00:00
[2025-04-24T23:43:02.047+0000] {processor.py:175} INFO - Processing /home/airflow/.local/lib/python3.7/site-packages/airflow/example_dags/example_task_group.py took 0.037 seconds
[2025-04-24T23:43:32.702+0000] {processor.py:153} INFO - Started process (PID=3144) to work on /home/airflow/.local/lib/python3.7/site-packages/airflow/example_dags/example_task_group.py
[2025-04-24T23:43:32.702+0000] {processor.py:743} INFO - Processing file /home/airflow/.local/lib/python3.7/site-packages/airflow/example_dags/example_task_group.py for tasks to queue
[2025-04-24T23:43:32.702+0000] {logging_mixin.py:137} INFO - [2025-04-24T23:43:32.702+0000] {dagbag.py:538} INFO - Filling up the DagBag from /home/airflow/.local/lib/python3.7/site-packages/airflow/example_dags/example_task_group.py
[2025-04-24T23:43:32.708+0000] {processor.py:753} INFO - DAG(s) dict_keys(['example_task_group']) retrieved from /home/airflow/.local/lib/python3.7/site-packages/airflow/example_dags/example_task_group.py
[2025-04-24T23:43:32.724+0000] {logging_mixin.py:137} INFO - [2025-04-24T23:43:32.724+0000] {dag.py:2690} INFO - Sync 1 DAGs
[2025-04-24T23:43:32.734+0000] {logging_mixin.py:137} INFO - [2025-04-24T23:43:32.734+0000] {dag.py:3441} INFO - Setting next_dagrun for example_task_group to 2025-04-23T23:43:32.734496+00:00, run_after=2025-04-24T23:43:32.734496+00:00
[2025-04-24T23:43:32.741+0000] {processor.py:175} INFO - Processing /home/airflow/.local/lib/python3.7/site-packages/airflow/example_dags/example_task_group.py took 0.041 seconds
[2025-04-24T23:44:03.253+0000] {processor.py:153} INFO - Started process (PID=3236) to work on /home/airflow/.local/lib/python3.7/site-packages/airflow/example_dags/example_task_group.py
[2025-04-24T23:44:03.254+0000] {processor.py:743} INFO - Processing file /home/airflow/.local/lib/python3.7/site-packages/airflow/example_dags/example_task_group.py for tasks to queue
[2025-04-24T23:44:03.255+0000] {logging_mixin.py:137} INFO - [2025-04-24T23:44:03.255+0000] {dagbag.py:538} INFO - Filling up the DagBag from /home/airflow/.local/lib/python3.7/site-packages/airflow/example_dags/example_task_group.py
[2025-04-24T23:44:03.262+0000] {processor.py:753} INFO - DAG(s) dict_keys(['example_task_group']) retrieved from /home/airflow/.local/lib/python3.7/site-packages/airflow/example_dags/example_task_group.py
[2025-04-24T23:44:03.272+0000] {logging_mixin.py:137} INFO - [2025-04-24T23:44:03.271+0000] {dag.py:2690} INFO - Sync 1 DAGs
[2025-04-24T23:44:03.284+0000] {logging_mixin.py:137} INFO - [2025-04-24T23:44:03.284+0000] {dag.py:3441} INFO - Setting next_dagrun for example_task_group to 2025-04-23T23:44:03.284462+00:00, run_after=2025-04-24T23:44:03.284462+00:00
[2025-04-24T23:44:03.296+0000] {processor.py:175} INFO - Processing /home/airflow/.local/lib/python3.7/site-packages/airflow/example_dags/example_task_group.py took 0.044 seconds
[2025-04-24T23:44:33.792+0000] {processor.py:153} INFO - Started process (PID=3328) to work on /home/airflow/.local/lib/python3.7/site-packages/airflow/example_dags/example_task_group.py
[2025-04-24T23:44:33.792+0000] {processor.py:743} INFO - Processing file /home/airflow/.local/lib/python3.7/site-packages/airflow/example_dags/example_task_group.py for tasks to queue
[2025-04-24T23:44:33.792+0000] {logging_mixin.py:137} INFO - [2025-04-24T23:44:33.792+0000] {dagbag.py:538} INFO - Filling up the DagBag from /home/airflow/.local/lib/python3.7/site-packages/airflow/example_dags/example_task_group.py
[2025-04-24T23:44:33.800+0000] {processor.py:753} INFO - DAG(s) dict_keys(['example_task_group']) retrieved from /home/airflow/.local/lib/python3.7/site-packages/airflow/example_dags/example_task_group.py
[2025-04-24T23:44:33.812+0000] {logging_mixin.py:137} INFO - [2025-04-24T23:44:33.812+0000] {dag.py:2690} INFO - Sync 1 DAGs
[2025-04-24T23:44:33.822+0000] {logging_mixin.py:137} INFO - [2025-04-24T23:44:33.822+0000] {dag.py:3441} INFO - Setting next_dagrun for example_task_group to 2025-04-23T23:44:33.822834+00:00, run_after=2025-04-24T23:44:33.822834+00:00
[2025-04-24T23:44:33.837+0000] {processor.py:175} INFO - Processing /home/airflow/.local/lib/python3.7/site-packages/airflow/example_dags/example_task_group.py took 0.046 seconds
[2025-04-24T23:45:04.303+0000] {processor.py:153} INFO - Started process (PID=3420) to work on /home/airflow/.local/lib/python3.7/site-packages/airflow/example_dags/example_task_group.py
[2025-04-24T23:45:04.303+0000] {processor.py:743} INFO - Processing file /home/airflow/.local/lib/python3.7/site-packages/airflow/example_dags/example_task_group.py for tasks to queue
[2025-04-24T23:45:04.303+0000] {logging_mixin.py:137} INFO - [2025-04-24T23:45:04.303+0000] {dagbag.py:538} INFO - Filling up the DagBag from /home/airflow/.local/lib/python3.7/site-packages/airflow/example_dags/example_task_group.py
[2025-04-24T23:45:04.310+0000] {processor.py:753} INFO - DAG(s) dict_keys(['example_task_group']) retrieved from /home/airflow/.local/lib/python3.7/site-packages/airflow/example_dags/example_task_group.py
[2025-04-24T23:45:04.322+0000] {logging_mixin.py:137} INFO - [2025-04-24T23:45:04.322+0000] {dag.py:2690} INFO - Sync 1 DAGs
[2025-04-24T23:45:04.332+0000] {logging_mixin.py:137} INFO - [2025-04-24T23:45:04.332+0000] {dag.py:3441} INFO - Setting next_dagrun for example_task_group to 2025-04-23T23:45:04.331911+00:00, run_after=2025-04-24T23:45:04.331911+00:00
[2025-04-24T23:45:04.339+0000] {processor.py:175} INFO - Processing /home/airflow/.local/lib/python3.7/site-packages/airflow/example_dags/example_task_group.py took 0.038 seconds
[2025-04-24T23:45:34.863+0000] {processor.py:153} INFO - Started process (PID=3496) to work on /home/airflow/.local/lib/python3.7/site-packages/airflow/example_dags/example_task_group.py
[2025-04-24T23:45:34.864+0000] {processor.py:743} INFO - Processing file /home/airflow/.local/lib/python3.7/site-packages/airflow/example_dags/example_task_group.py for tasks to queue
[2025-04-24T23:45:34.864+0000] {logging_mixin.py:137} INFO - [2025-04-24T23:45:34.864+0000] {dagbag.py:538} INFO - Filling up the DagBag from /home/airflow/.local/lib/python3.7/site-packages/airflow/example_dags/example_task_group.py
[2025-04-24T23:45:34.870+0000] {processor.py:753} INFO - DAG(s) dict_keys(['example_task_group']) retrieved from /home/airflow/.local/lib/python3.7/site-packages/airflow/example_dags/example_task_group.py
[2025-04-24T23:45:34.881+0000] {logging_mixin.py:137} INFO - [2025-04-24T23:45:34.881+0000] {dag.py:2690} INFO - Sync 1 DAGs
[2025-04-24T23:45:34.894+0000] {logging_mixin.py:137} INFO - [2025-04-24T23:45:34.894+0000] {dag.py:3441} INFO - Setting next_dagrun for example_task_group to 2025-04-23T23:45:34.894018+00:00, run_after=2025-04-24T23:45:34.894018+00:00
[2025-04-24T23:45:34.904+0000] {processor.py:175} INFO - Processing /home/airflow/.local/lib/python3.7/site-packages/airflow/example_dags/example_task_group.py took 0.044 seconds
[2025-04-24T23:46:05.460+0000] {processor.py:153} INFO - Started process (PID=3588) to work on /home/airflow/.local/lib/python3.7/site-packages/airflow/example_dags/example_task_group.py
[2025-04-24T23:46:05.461+0000] {processor.py:743} INFO - Processing file /home/airflow/.local/lib/python3.7/site-packages/airflow/example_dags/example_task_group.py for tasks to queue
[2025-04-24T23:46:05.462+0000] {logging_mixin.py:137} INFO - [2025-04-24T23:46:05.462+0000] {dagbag.py:538} INFO - Filling up the DagBag from /home/airflow/.local/lib/python3.7/site-packages/airflow/example_dags/example_task_group.py
[2025-04-24T23:46:05.468+0000] {processor.py:753} INFO - DAG(s) dict_keys(['example_task_group']) retrieved from /home/airflow/.local/lib/python3.7/site-packages/airflow/example_dags/example_task_group.py
[2025-04-24T23:46:05.478+0000] {logging_mixin.py:137} INFO - [2025-04-24T23:46:05.478+0000] {dag.py:2690} INFO - Sync 1 DAGs
[2025-04-24T23:46:05.488+0000] {logging_mixin.py:137} INFO - [2025-04-24T23:46:05.488+0000] {dag.py:3441} INFO - Setting next_dagrun for example_task_group to 2025-04-23T23:46:05.488566+00:00, run_after=2025-04-24T23:46:05.488566+00:00
[2025-04-24T23:46:05.495+0000] {processor.py:175} INFO - Processing /home/airflow/.local/lib/python3.7/site-packages/airflow/example_dags/example_task_group.py took 0.036 seconds
[2025-04-24T23:46:35.918+0000] {processor.py:153} INFO - Started process (PID=3680) to work on /home/airflow/.local/lib/python3.7/site-packages/airflow/example_dags/example_task_group.py
[2025-04-24T23:46:35.921+0000] {processor.py:743} INFO - Processing file /home/airflow/.local/lib/python3.7/site-packages/airflow/example_dags/example_task_group.py for tasks to queue
[2025-04-24T23:46:35.921+0000] {logging_mixin.py:137} INFO - [2025-04-24T23:46:35.921+0000] {dagbag.py:538} INFO - Filling up the DagBag from /home/airflow/.local/lib/python3.7/site-packages/airflow/example_dags/example_task_group.py
[2025-04-24T23:46:35.928+0000] {processor.py:753} INFO - DAG(s) dict_keys(['example_task_group']) retrieved from /home/airflow/.local/lib/python3.7/site-packages/airflow/example_dags/example_task_group.py
[2025-04-24T23:46:35.939+0000] {logging_mixin.py:137} INFO - [2025-04-24T23:46:35.939+0000] {dag.py:2690} INFO - Sync 1 DAGs
[2025-04-24T23:46:35.948+0000] {logging_mixin.py:137} INFO - [2025-04-24T23:46:35.948+0000] {dag.py:3441} INFO - Setting next_dagrun for example_task_group to 2025-04-23T23:46:35.948600+00:00, run_after=2025-04-24T23:46:35.948600+00:00
[2025-04-24T23:46:35.958+0000] {processor.py:175} INFO - Processing /home/airflow/.local/lib/python3.7/site-packages/airflow/example_dags/example_task_group.py took 0.041 seconds
[2025-04-24T23:47:06.433+0000] {processor.py:153} INFO - Started process (PID=3772) to work on /home/airflow/.local/lib/python3.7/site-packages/airflow/example_dags/example_task_group.py
[2025-04-24T23:47:06.433+0000] {processor.py:743} INFO - Processing file /home/airflow/.local/lib/python3.7/site-packages/airflow/example_dags/example_task_group.py for tasks to queue
[2025-04-24T23:47:06.433+0000] {logging_mixin.py:137} INFO - [2025-04-24T23:47:06.433+0000] {dagbag.py:538} INFO - Filling up the DagBag from /home/airflow/.local/lib/python3.7/site-packages/airflow/example_dags/example_task_group.py
[2025-04-24T23:47:06.439+0000] {processor.py:753} INFO - DAG(s) dict_keys(['example_task_group']) retrieved from /home/airflow/.local/lib/python3.7/site-packages/airflow/example_dags/example_task_group.py
[2025-04-24T23:47:06.448+0000] {logging_mixin.py:137} INFO - [2025-04-24T23:47:06.447+0000] {dag.py:2690} INFO - Sync 1 DAGs
[2025-04-24T23:47:06.456+0000] {logging_mixin.py:137} INFO - [2025-04-24T23:47:06.456+0000] {dag.py:3441} INFO - Setting next_dagrun for example_task_group to 2025-04-23T23:47:06.456528+00:00, run_after=2025-04-24T23:47:06.456528+00:00
[2025-04-24T23:47:06.463+0000] {processor.py:175} INFO - Processing /home/airflow/.local/lib/python3.7/site-packages/airflow/example_dags/example_task_group.py took 0.031 seconds
[2025-04-24T23:47:36.951+0000] {processor.py:153} INFO - Started process (PID=3857) to work on /home/airflow/.local/lib/python3.7/site-packages/airflow/example_dags/example_task_group.py
[2025-04-24T23:47:36.952+0000] {processor.py:743} INFO - Processing file /home/airflow/.local/lib/python3.7/site-packages/airflow/example_dags/example_task_group.py for tasks to queue
[2025-04-24T23:47:36.952+0000] {logging_mixin.py:137} INFO - [2025-04-24T23:47:36.952+0000] {dagbag.py:538} INFO - Filling up the DagBag from /home/airflow/.local/lib/python3.7/site-packages/airflow/example_dags/example_task_group.py
[2025-04-24T23:47:36.959+0000] {processor.py:753} INFO - DAG(s) dict_keys(['example_task_group']) retrieved from /home/airflow/.local/lib/python3.7/site-packages/airflow/example_dags/example_task_group.py
[2025-04-24T23:47:36.977+0000] {logging_mixin.py:137} INFO - [2025-04-24T23:47:36.977+0000] {dag.py:2690} INFO - Sync 1 DAGs
[2025-04-24T23:47:36.994+0000] {logging_mixin.py:137} INFO - [2025-04-24T23:47:36.994+0000] {dag.py:3441} INFO - Setting next_dagrun for example_task_group to 2025-04-23T23:47:36.993921+00:00, run_after=2025-04-24T23:47:36.993921+00:00
[2025-04-24T23:47:37.006+0000] {processor.py:175} INFO - Processing /home/airflow/.local/lib/python3.7/site-packages/airflow/example_dags/example_task_group.py took 0.056 seconds
[2025-04-24T23:48:07.753+0000] {processor.py:153} INFO - Started process (PID=3939) to work on /home/airflow/.local/lib/python3.7/site-packages/airflow/example_dags/example_task_group.py
[2025-04-24T23:48:07.757+0000] {processor.py:743} INFO - Processing file /home/airflow/.local/lib/python3.7/site-packages/airflow/example_dags/example_task_group.py for tasks to queue
[2025-04-24T23:48:07.758+0000] {logging_mixin.py:137} INFO - [2025-04-24T23:48:07.758+0000] {dagbag.py:538} INFO - Filling up the DagBag from /home/airflow/.local/lib/python3.7/site-packages/airflow/example_dags/example_task_group.py
[2025-04-24T23:48:07.764+0000] {processor.py:753} INFO - DAG(s) dict_keys(['example_task_group']) retrieved from /home/airflow/.local/lib/python3.7/site-packages/airflow/example_dags/example_task_group.py
[2025-04-24T23:48:07.774+0000] {logging_mixin.py:137} INFO - [2025-04-24T23:48:07.773+0000] {dag.py:2690} INFO - Sync 1 DAGs
[2025-04-24T23:48:07.786+0000] {logging_mixin.py:137} INFO - [2025-04-24T23:48:07.786+0000] {dag.py:3441} INFO - Setting next_dagrun for example_task_group to 2025-04-23T23:48:07.786243+00:00, run_after=2025-04-24T23:48:07.786243+00:00
[2025-04-24T23:48:07.794+0000] {processor.py:175} INFO - Processing /home/airflow/.local/lib/python3.7/site-packages/airflow/example_dags/example_task_group.py took 0.042 seconds
[2025-04-24T23:48:38.255+0000] {processor.py:153} INFO - Started process (PID=4031) to work on /home/airflow/.local/lib/python3.7/site-packages/airflow/example_dags/example_task_group.py
[2025-04-24T23:48:38.256+0000] {processor.py:743} INFO - Processing file /home/airflow/.local/lib/python3.7/site-packages/airflow/example_dags/example_task_group.py for tasks to queue
[2025-04-24T23:48:38.256+0000] {logging_mixin.py:137} INFO - [2025-04-24T23:48:38.256+0000] {dagbag.py:538} INFO - Filling up the DagBag from /home/airflow/.local/lib/python3.7/site-packages/airflow/example_dags/example_task_group.py
[2025-04-24T23:48:38.263+0000] {processor.py:753} INFO - DAG(s) dict_keys(['example_task_group']) retrieved from /home/airflow/.local/lib/python3.7/site-packages/airflow/example_dags/example_task_group.py
[2025-04-24T23:48:38.276+0000] {logging_mixin.py:137} INFO - [2025-04-24T23:48:38.276+0000] {dag.py:2690} INFO - Sync 1 DAGs
[2025-04-24T23:48:38.289+0000] {logging_mixin.py:137} INFO - [2025-04-24T23:48:38.289+0000] {dag.py:3441} INFO - Setting next_dagrun for example_task_group to 2025-04-23T23:48:38.288900+00:00, run_after=2025-04-24T23:48:38.288900+00:00
[2025-04-24T23:48:38.301+0000] {processor.py:175} INFO - Processing /home/airflow/.local/lib/python3.7/site-packages/airflow/example_dags/example_task_group.py took 0.047 seconds
[2025-04-24T23:49:08.766+0000] {processor.py:153} INFO - Started process (PID=4123) to work on /home/airflow/.local/lib/python3.7/site-packages/airflow/example_dags/example_task_group.py
[2025-04-24T23:49:08.766+0000] {processor.py:743} INFO - Processing file /home/airflow/.local/lib/python3.7/site-packages/airflow/example_dags/example_task_group.py for tasks to queue
[2025-04-24T23:49:08.766+0000] {logging_mixin.py:137} INFO - [2025-04-24T23:49:08.766+0000] {dagbag.py:538} INFO - Filling up the DagBag from /home/airflow/.local/lib/python3.7/site-packages/airflow/example_dags/example_task_group.py
[2025-04-24T23:49:08.772+0000] {processor.py:753} INFO - DAG(s) dict_keys(['example_task_group']) retrieved from /home/airflow/.local/lib/python3.7/site-packages/airflow/example_dags/example_task_group.py
[2025-04-24T23:49:08.782+0000] {logging_mixin.py:137} INFO - [2025-04-24T23:49:08.782+0000] {dag.py:2690} INFO - Sync 1 DAGs
[2025-04-24T23:49:08.793+0000] {logging_mixin.py:137} INFO - [2025-04-24T23:49:08.793+0000] {dag.py:3441} INFO - Setting next_dagrun for example_task_group to 2025-04-23T23:49:08.793053+00:00, run_after=2025-04-24T23:49:08.793053+00:00
[2025-04-24T23:49:08.803+0000] {processor.py:175} INFO - Processing /home/airflow/.local/lib/python3.7/site-packages/airflow/example_dags/example_task_group.py took 0.039 seconds
[2025-04-24T23:56:16.632+0000] {processor.py:153} INFO - Started process (PID=4190) to work on /home/airflow/.local/lib/python3.7/site-packages/airflow/example_dags/example_task_group.py
[2025-04-24T23:56:16.633+0000] {processor.py:743} INFO - Processing file /home/airflow/.local/lib/python3.7/site-packages/airflow/example_dags/example_task_group.py for tasks to queue
[2025-04-24T23:56:16.634+0000] {logging_mixin.py:137} INFO - [2025-04-24T23:56:16.634+0000] {dagbag.py:538} INFO - Filling up the DagBag from /home/airflow/.local/lib/python3.7/site-packages/airflow/example_dags/example_task_group.py
[2025-04-24T23:56:16.652+0000] {processor.py:753} INFO - DAG(s) dict_keys(['example_task_group']) retrieved from /home/airflow/.local/lib/python3.7/site-packages/airflow/example_dags/example_task_group.py
[2025-04-24T23:56:16.686+0000] {logging_mixin.py:137} INFO - [2025-04-24T23:56:16.685+0000] {dag.py:2690} INFO - Sync 1 DAGs
[2025-04-24T23:56:16.717+0000] {logging_mixin.py:137} INFO - [2025-04-24T23:56:16.716+0000] {dag.py:3441} INFO - Setting next_dagrun for example_task_group to 2025-04-23T23:56:16.716651+00:00, run_after=2025-04-24T23:56:16.716651+00:00
[2025-04-24T23:56:16.751+0000] {processor.py:175} INFO - Processing /home/airflow/.local/lib/python3.7/site-packages/airflow/example_dags/example_task_group.py took 0.122 seconds
[2025-04-24T23:56:47.722+0000] {processor.py:153} INFO - Started process (PID=4275) to work on /home/airflow/.local/lib/python3.7/site-packages/airflow/example_dags/example_task_group.py
[2025-04-24T23:56:47.722+0000] {processor.py:743} INFO - Processing file /home/airflow/.local/lib/python3.7/site-packages/airflow/example_dags/example_task_group.py for tasks to queue
[2025-04-24T23:56:47.723+0000] {logging_mixin.py:137} INFO - [2025-04-24T23:56:47.723+0000] {dagbag.py:538} INFO - Filling up the DagBag from /home/airflow/.local/lib/python3.7/site-packages/airflow/example_dags/example_task_group.py
[2025-04-24T23:56:47.732+0000] {processor.py:753} INFO - DAG(s) dict_keys(['example_task_group']) retrieved from /home/airflow/.local/lib/python3.7/site-packages/airflow/example_dags/example_task_group.py
[2025-04-24T23:56:47.746+0000] {logging_mixin.py:137} INFO - [2025-04-24T23:56:47.746+0000] {dag.py:2690} INFO - Sync 1 DAGs
[2025-04-24T23:56:47.758+0000] {logging_mixin.py:137} INFO - [2025-04-24T23:56:47.758+0000] {dag.py:3441} INFO - Setting next_dagrun for example_task_group to 2025-04-23T23:56:47.758698+00:00, run_after=2025-04-24T23:56:47.758698+00:00
[2025-04-24T23:56:47.768+0000] {processor.py:175} INFO - Processing /home/airflow/.local/lib/python3.7/site-packages/airflow/example_dags/example_task_group.py took 0.049 seconds
[2025-04-24T23:57:18.297+0000] {processor.py:153} INFO - Started process (PID=4367) to work on /home/airflow/.local/lib/python3.7/site-packages/airflow/example_dags/example_task_group.py
[2025-04-24T23:57:18.298+0000] {processor.py:743} INFO - Processing file /home/airflow/.local/lib/python3.7/site-packages/airflow/example_dags/example_task_group.py for tasks to queue
[2025-04-24T23:57:18.298+0000] {logging_mixin.py:137} INFO - [2025-04-24T23:57:18.298+0000] {dagbag.py:538} INFO - Filling up the DagBag from /home/airflow/.local/lib/python3.7/site-packages/airflow/example_dags/example_task_group.py
[2025-04-24T23:57:18.311+0000] {processor.py:753} INFO - DAG(s) dict_keys(['example_task_group']) retrieved from /home/airflow/.local/lib/python3.7/site-packages/airflow/example_dags/example_task_group.py
[2025-04-24T23:57:18.325+0000] {logging_mixin.py:137} INFO - [2025-04-24T23:57:18.325+0000] {dag.py:2690} INFO - Sync 1 DAGs
[2025-04-24T23:57:18.339+0000] {logging_mixin.py:137} INFO - [2025-04-24T23:57:18.339+0000] {dag.py:3441} INFO - Setting next_dagrun for example_task_group to 2025-04-23T23:57:18.339428+00:00, run_after=2025-04-24T23:57:18.339428+00:00
[2025-04-24T23:57:18.349+0000] {processor.py:175} INFO - Processing /home/airflow/.local/lib/python3.7/site-packages/airflow/example_dags/example_task_group.py took 0.057 seconds
[2025-04-24T23:57:48.741+0000] {processor.py:153} INFO - Started process (PID=4459) to work on /home/airflow/.local/lib/python3.7/site-packages/airflow/example_dags/example_task_group.py
[2025-04-24T23:57:48.742+0000] {processor.py:743} INFO - Processing file /home/airflow/.local/lib/python3.7/site-packages/airflow/example_dags/example_task_group.py for tasks to queue
[2025-04-24T23:57:48.743+0000] {logging_mixin.py:137} INFO - [2025-04-24T23:57:48.743+0000] {dagbag.py:538} INFO - Filling up the DagBag from /home/airflow/.local/lib/python3.7/site-packages/airflow/example_dags/example_task_group.py
[2025-04-24T23:57:48.752+0000] {processor.py:753} INFO - DAG(s) dict_keys(['example_task_group']) retrieved from /home/airflow/.local/lib/python3.7/site-packages/airflow/example_dags/example_task_group.py
[2025-04-24T23:57:48.765+0000] {logging_mixin.py:137} INFO - [2025-04-24T23:57:48.765+0000] {dag.py:2690} INFO - Sync 1 DAGs
[2025-04-24T23:57:48.777+0000] {logging_mixin.py:137} INFO - [2025-04-24T23:57:48.777+0000] {dag.py:3441} INFO - Setting next_dagrun for example_task_group to 2025-04-23T23:57:48.777758+00:00, run_after=2025-04-24T23:57:48.777758+00:00
[2025-04-24T23:57:48.789+0000] {processor.py:175} INFO - Processing /home/airflow/.local/lib/python3.7/site-packages/airflow/example_dags/example_task_group.py took 0.050 seconds
[2025-04-24T23:58:19.293+0000] {processor.py:153} INFO - Started process (PID=4551) to work on /home/airflow/.local/lib/python3.7/site-packages/airflow/example_dags/example_task_group.py
[2025-04-24T23:58:19.293+0000] {processor.py:743} INFO - Processing file /home/airflow/.local/lib/python3.7/site-packages/airflow/example_dags/example_task_group.py for tasks to queue
[2025-04-24T23:58:19.294+0000] {logging_mixin.py:137} INFO - [2025-04-24T23:58:19.294+0000] {dagbag.py:538} INFO - Filling up the DagBag from /home/airflow/.local/lib/python3.7/site-packages/airflow/example_dags/example_task_group.py
[2025-04-24T23:58:19.307+0000] {processor.py:753} INFO - DAG(s) dict_keys(['example_task_group']) retrieved from /home/airflow/.local/lib/python3.7/site-packages/airflow/example_dags/example_task_group.py
[2025-04-24T23:58:19.323+0000] {logging_mixin.py:137} INFO - [2025-04-24T23:58:19.322+0000] {dag.py:2690} INFO - Sync 1 DAGs
[2025-04-24T23:58:19.336+0000] {logging_mixin.py:137} INFO - [2025-04-24T23:58:19.336+0000] {dag.py:3441} INFO - Setting next_dagrun for example_task_group to 2025-04-23T23:58:19.336288+00:00, run_after=2025-04-24T23:58:19.336288+00:00
[2025-04-24T23:58:19.349+0000] {processor.py:175} INFO - Processing /home/airflow/.local/lib/python3.7/site-packages/airflow/example_dags/example_task_group.py took 0.060 seconds
[2025-04-24T23:58:49.771+0000] {processor.py:153} INFO - Started process (PID=4626) to work on /home/airflow/.local/lib/python3.7/site-packages/airflow/example_dags/example_task_group.py
[2025-04-24T23:58:49.772+0000] {processor.py:743} INFO - Processing file /home/airflow/.local/lib/python3.7/site-packages/airflow/example_dags/example_task_group.py for tasks to queue
[2025-04-24T23:58:49.773+0000] {logging_mixin.py:137} INFO - [2025-04-24T23:58:49.772+0000] {dagbag.py:538} INFO - Filling up the DagBag from /home/airflow/.local/lib/python3.7/site-packages/airflow/example_dags/example_task_group.py
[2025-04-24T23:58:49.782+0000] {processor.py:753} INFO - DAG(s) dict_keys(['example_task_group']) retrieved from /home/airflow/.local/lib/python3.7/site-packages/airflow/example_dags/example_task_group.py
[2025-04-24T23:58:49.795+0000] {logging_mixin.py:137} INFO - [2025-04-24T23:58:49.795+0000] {dag.py:2690} INFO - Sync 1 DAGs
[2025-04-24T23:58:49.808+0000] {logging_mixin.py:137} INFO - [2025-04-24T23:58:49.808+0000] {dag.py:3441} INFO - Setting next_dagrun for example_task_group to 2025-04-23T23:58:49.808420+00:00, run_after=2025-04-24T23:58:49.808420+00:00
[2025-04-24T23:58:49.818+0000] {processor.py:175} INFO - Processing /home/airflow/.local/lib/python3.7/site-packages/airflow/example_dags/example_task_group.py took 0.050 seconds
[2025-04-24T23:59:20.277+0000] {processor.py:153} INFO - Started process (PID=4718) to work on /home/airflow/.local/lib/python3.7/site-packages/airflow/example_dags/example_task_group.py
[2025-04-24T23:59:20.278+0000] {processor.py:743} INFO - Processing file /home/airflow/.local/lib/python3.7/site-packages/airflow/example_dags/example_task_group.py for tasks to queue
[2025-04-24T23:59:20.278+0000] {logging_mixin.py:137} INFO - [2025-04-24T23:59:20.278+0000] {dagbag.py:538} INFO - Filling up the DagBag from /home/airflow/.local/lib/python3.7/site-packages/airflow/example_dags/example_task_group.py
[2025-04-24T23:59:20.290+0000] {processor.py:753} INFO - DAG(s) dict_keys(['example_task_group']) retrieved from /home/airflow/.local/lib/python3.7/site-packages/airflow/example_dags/example_task_group.py
[2025-04-24T23:59:20.305+0000] {logging_mixin.py:137} INFO - [2025-04-24T23:59:20.305+0000] {dag.py:2690} INFO - Sync 1 DAGs
[2025-04-24T23:59:20.318+0000] {logging_mixin.py:137} INFO - [2025-04-24T23:59:20.318+0000] {dag.py:3441} INFO - Setting next_dagrun for example_task_group to 2025-04-23T23:59:20.318312+00:00, run_after=2025-04-24T23:59:20.318312+00:00
[2025-04-24T23:59:20.328+0000] {processor.py:175} INFO - Processing /home/airflow/.local/lib/python3.7/site-packages/airflow/example_dags/example_task_group.py took 0.055 seconds
[2025-04-24T23:59:50.896+0000] {processor.py:153} INFO - Started process (PID=4810) to work on /home/airflow/.local/lib/python3.7/site-packages/airflow/example_dags/example_task_group.py
[2025-04-24T23:59:50.897+0000] {processor.py:743} INFO - Processing file /home/airflow/.local/lib/python3.7/site-packages/airflow/example_dags/example_task_group.py for tasks to queue
[2025-04-24T23:59:50.898+0000] {logging_mixin.py:137} INFO - [2025-04-24T23:59:50.897+0000] {dagbag.py:538} INFO - Filling up the DagBag from /home/airflow/.local/lib/python3.7/site-packages/airflow/example_dags/example_task_group.py
[2025-04-24T23:59:50.911+0000] {processor.py:753} INFO - DAG(s) dict_keys(['example_task_group']) retrieved from /home/airflow/.local/lib/python3.7/site-packages/airflow/example_dags/example_task_group.py
[2025-04-24T23:59:50.926+0000] {logging_mixin.py:137} INFO - [2025-04-24T23:59:50.926+0000] {dag.py:2690} INFO - Sync 1 DAGs
[2025-04-24T23:59:50.938+0000] {logging_mixin.py:137} INFO - [2025-04-24T23:59:50.938+0000] {dag.py:3441} INFO - Setting next_dagrun for example_task_group to 2025-04-23T23:59:50.938530+00:00, run_after=2025-04-24T23:59:50.938530+00:00
[2025-04-24T23:59:50.948+0000] {processor.py:175} INFO - Processing /home/airflow/.local/lib/python3.7/site-packages/airflow/example_dags/example_task_group.py took 0.057 seconds
