[2025-04-24T22:03:15.429+0000] {processor.py:153} INFO - Started process (PID=76) to work on /home/airflow/.local/lib/python3.7/site-packages/airflow/example_dags/example_dynamic_task_mapping.py
[2025-04-24T22:03:15.431+0000] {processor.py:743} INFO - Processing file /home/airflow/.local/lib/python3.7/site-packages/airflow/example_dags/example_dynamic_task_mapping.py for tasks to queue
[2025-04-24T22:03:15.431+0000] {logging_mixin.py:137} INFO - [2025-04-24T22:03:15.431+0000] {dagbag.py:538} INFO - Filling up the DagBag from /home/airflow/.local/lib/python3.7/site-packages/airflow/example_dags/example_dynamic_task_mapping.py
[2025-04-24T22:03:15.440+0000] {processor.py:753} INFO - DAG(s) dict_keys(['example_dynamic_task_mapping']) retrieved from /home/airflow/.local/lib/python3.7/site-packages/airflow/example_dags/example_dynamic_task_mapping.py
[2025-04-24T22:03:15.454+0000] {logging_mixin.py:137} INFO - [2025-04-24T22:03:15.454+0000] {dag.py:2690} INFO - Sync 1 DAGs
[2025-04-24T22:03:15.467+0000] {logging_mixin.py:137} INFO - [2025-04-24T22:03:15.467+0000] {dag.py:3441} INFO - Setting next_dagrun for example_dynamic_task_mapping to 2022-03-04T00:00:00+00:00, run_after=2022-03-05T00:00:00+00:00
[2025-04-24T22:03:15.478+0000] {processor.py:175} INFO - Processing /home/airflow/.local/lib/python3.7/site-packages/airflow/example_dags/example_dynamic_task_mapping.py took 0.050 seconds
[2025-04-24T22:03:46.004+0000] {processor.py:153} INFO - Started process (PID=185) to work on /home/airflow/.local/lib/python3.7/site-packages/airflow/example_dags/example_dynamic_task_mapping.py
[2025-04-24T22:03:46.005+0000] {processor.py:743} INFO - Processing file /home/airflow/.local/lib/python3.7/site-packages/airflow/example_dags/example_dynamic_task_mapping.py for tasks to queue
[2025-04-24T22:03:46.005+0000] {logging_mixin.py:137} INFO - [2025-04-24T22:03:46.005+0000] {dagbag.py:538} INFO - Filling up the DagBag from /home/airflow/.local/lib/python3.7/site-packages/airflow/example_dags/example_dynamic_task_mapping.py
[2025-04-24T22:03:46.015+0000] {processor.py:753} INFO - DAG(s) dict_keys(['example_dynamic_task_mapping']) retrieved from /home/airflow/.local/lib/python3.7/site-packages/airflow/example_dags/example_dynamic_task_mapping.py
[2025-04-24T22:03:46.030+0000] {logging_mixin.py:137} INFO - [2025-04-24T22:03:46.030+0000] {dag.py:2690} INFO - Sync 1 DAGs
[2025-04-24T22:03:46.041+0000] {logging_mixin.py:137} INFO - [2025-04-24T22:03:46.041+0000] {dag.py:3441} INFO - Setting next_dagrun for example_dynamic_task_mapping to 2022-03-04T00:00:00+00:00, run_after=2022-03-05T00:00:00+00:00
[2025-04-24T22:03:46.052+0000] {processor.py:175} INFO - Processing /home/airflow/.local/lib/python3.7/site-packages/airflow/example_dags/example_dynamic_task_mapping.py took 0.049 seconds
[2025-04-24T22:04:16.568+0000] {processor.py:153} INFO - Started process (PID=276) to work on /home/airflow/.local/lib/python3.7/site-packages/airflow/example_dags/example_dynamic_task_mapping.py
[2025-04-24T22:04:16.573+0000] {processor.py:743} INFO - Processing file /home/airflow/.local/lib/python3.7/site-packages/airflow/example_dags/example_dynamic_task_mapping.py for tasks to queue
[2025-04-24T22:04:16.574+0000] {logging_mixin.py:137} INFO - [2025-04-24T22:04:16.574+0000] {dagbag.py:538} INFO - Filling up the DagBag from /home/airflow/.local/lib/python3.7/site-packages/airflow/example_dags/example_dynamic_task_mapping.py
[2025-04-24T22:04:16.583+0000] {processor.py:753} INFO - DAG(s) dict_keys(['example_dynamic_task_mapping']) retrieved from /home/airflow/.local/lib/python3.7/site-packages/airflow/example_dags/example_dynamic_task_mapping.py
[2025-04-24T22:04:16.598+0000] {logging_mixin.py:137} INFO - [2025-04-24T22:04:16.598+0000] {dag.py:2690} INFO - Sync 1 DAGs
[2025-04-24T22:04:16.608+0000] {logging_mixin.py:137} INFO - [2025-04-24T22:04:16.608+0000] {dag.py:3441} INFO - Setting next_dagrun for example_dynamic_task_mapping to 2022-03-04T00:00:00+00:00, run_after=2022-03-05T00:00:00+00:00
[2025-04-24T22:04:16.620+0000] {processor.py:175} INFO - Processing /home/airflow/.local/lib/python3.7/site-packages/airflow/example_dags/example_dynamic_task_mapping.py took 0.053 seconds
[2025-04-24T22:04:47.239+0000] {processor.py:153} INFO - Started process (PID=352) to work on /home/airflow/.local/lib/python3.7/site-packages/airflow/example_dags/example_dynamic_task_mapping.py
[2025-04-24T22:04:47.241+0000] {processor.py:743} INFO - Processing file /home/airflow/.local/lib/python3.7/site-packages/airflow/example_dags/example_dynamic_task_mapping.py for tasks to queue
[2025-04-24T22:04:47.241+0000] {logging_mixin.py:137} INFO - [2025-04-24T22:04:47.241+0000] {dagbag.py:538} INFO - Filling up the DagBag from /home/airflow/.local/lib/python3.7/site-packages/airflow/example_dags/example_dynamic_task_mapping.py
[2025-04-24T22:04:47.252+0000] {processor.py:753} INFO - DAG(s) dict_keys(['example_dynamic_task_mapping']) retrieved from /home/airflow/.local/lib/python3.7/site-packages/airflow/example_dags/example_dynamic_task_mapping.py
[2025-04-24T22:04:47.267+0000] {logging_mixin.py:137} INFO - [2025-04-24T22:04:47.267+0000] {dag.py:2690} INFO - Sync 1 DAGs
[2025-04-24T22:04:47.278+0000] {logging_mixin.py:137} INFO - [2025-04-24T22:04:47.278+0000] {dag.py:3441} INFO - Setting next_dagrun for example_dynamic_task_mapping to 2022-03-04T00:00:00+00:00, run_after=2022-03-05T00:00:00+00:00
[2025-04-24T22:04:47.288+0000] {processor.py:175} INFO - Processing /home/airflow/.local/lib/python3.7/site-packages/airflow/example_dags/example_dynamic_task_mapping.py took 0.050 seconds
[2025-04-24T22:05:17.704+0000] {processor.py:153} INFO - Started process (PID=444) to work on /home/airflow/.local/lib/python3.7/site-packages/airflow/example_dags/example_dynamic_task_mapping.py
[2025-04-24T22:05:17.705+0000] {processor.py:743} INFO - Processing file /home/airflow/.local/lib/python3.7/site-packages/airflow/example_dags/example_dynamic_task_mapping.py for tasks to queue
[2025-04-24T22:05:17.706+0000] {logging_mixin.py:137} INFO - [2025-04-24T22:05:17.706+0000] {dagbag.py:538} INFO - Filling up the DagBag from /home/airflow/.local/lib/python3.7/site-packages/airflow/example_dags/example_dynamic_task_mapping.py
[2025-04-24T22:05:17.716+0000] {processor.py:753} INFO - DAG(s) dict_keys(['example_dynamic_task_mapping']) retrieved from /home/airflow/.local/lib/python3.7/site-packages/airflow/example_dags/example_dynamic_task_mapping.py
[2025-04-24T22:05:17.726+0000] {logging_mixin.py:137} INFO - [2025-04-24T22:05:17.726+0000] {dag.py:2690} INFO - Sync 1 DAGs
[2025-04-24T22:05:17.737+0000] {logging_mixin.py:137} INFO - [2025-04-24T22:05:17.737+0000] {dag.py:3441} INFO - Setting next_dagrun for example_dynamic_task_mapping to 2022-03-04T00:00:00+00:00, run_after=2022-03-05T00:00:00+00:00
[2025-04-24T22:05:17.745+0000] {processor.py:175} INFO - Processing /home/airflow/.local/lib/python3.7/site-packages/airflow/example_dags/example_dynamic_task_mapping.py took 0.042 seconds
[2025-04-24T22:05:48.201+0000] {processor.py:153} INFO - Started process (PID=536) to work on /home/airflow/.local/lib/python3.7/site-packages/airflow/example_dags/example_dynamic_task_mapping.py
[2025-04-24T22:05:48.202+0000] {processor.py:743} INFO - Processing file /home/airflow/.local/lib/python3.7/site-packages/airflow/example_dags/example_dynamic_task_mapping.py for tasks to queue
[2025-04-24T22:05:48.203+0000] {logging_mixin.py:137} INFO - [2025-04-24T22:05:48.202+0000] {dagbag.py:538} INFO - Filling up the DagBag from /home/airflow/.local/lib/python3.7/site-packages/airflow/example_dags/example_dynamic_task_mapping.py
[2025-04-24T22:05:48.212+0000] {processor.py:753} INFO - DAG(s) dict_keys(['example_dynamic_task_mapping']) retrieved from /home/airflow/.local/lib/python3.7/site-packages/airflow/example_dags/example_dynamic_task_mapping.py
[2025-04-24T22:05:48.223+0000] {logging_mixin.py:137} INFO - [2025-04-24T22:05:48.222+0000] {dag.py:2690} INFO - Sync 1 DAGs
[2025-04-24T22:05:48.233+0000] {logging_mixin.py:137} INFO - [2025-04-24T22:05:48.233+0000] {dag.py:3441} INFO - Setting next_dagrun for example_dynamic_task_mapping to 2022-03-04T00:00:00+00:00, run_after=2022-03-05T00:00:00+00:00
[2025-04-24T22:05:48.247+0000] {processor.py:175} INFO - Processing /home/airflow/.local/lib/python3.7/site-packages/airflow/example_dags/example_dynamic_task_mapping.py took 0.048 seconds
[2025-04-24T22:06:18.748+0000] {processor.py:153} INFO - Started process (PID=628) to work on /home/airflow/.local/lib/python3.7/site-packages/airflow/example_dags/example_dynamic_task_mapping.py
[2025-04-24T22:06:18.748+0000] {processor.py:743} INFO - Processing file /home/airflow/.local/lib/python3.7/site-packages/airflow/example_dags/example_dynamic_task_mapping.py for tasks to queue
[2025-04-24T22:06:18.748+0000] {logging_mixin.py:137} INFO - [2025-04-24T22:06:18.748+0000] {dagbag.py:538} INFO - Filling up the DagBag from /home/airflow/.local/lib/python3.7/site-packages/airflow/example_dags/example_dynamic_task_mapping.py
[2025-04-24T22:06:18.757+0000] {processor.py:753} INFO - DAG(s) dict_keys(['example_dynamic_task_mapping']) retrieved from /home/airflow/.local/lib/python3.7/site-packages/airflow/example_dags/example_dynamic_task_mapping.py
[2025-04-24T22:06:18.767+0000] {logging_mixin.py:137} INFO - [2025-04-24T22:06:18.767+0000] {dag.py:2690} INFO - Sync 1 DAGs
[2025-04-24T22:06:18.777+0000] {logging_mixin.py:137} INFO - [2025-04-24T22:06:18.777+0000] {dag.py:3441} INFO - Setting next_dagrun for example_dynamic_task_mapping to 2022-03-04T00:00:00+00:00, run_after=2022-03-05T00:00:00+00:00
[2025-04-24T22:06:18.788+0000] {processor.py:175} INFO - Processing /home/airflow/.local/lib/python3.7/site-packages/airflow/example_dags/example_dynamic_task_mapping.py took 0.041 seconds
[2025-04-24T22:06:49.366+0000] {processor.py:153} INFO - Started process (PID=704) to work on /home/airflow/.local/lib/python3.7/site-packages/airflow/example_dags/example_dynamic_task_mapping.py
[2025-04-24T22:06:49.367+0000] {processor.py:743} INFO - Processing file /home/airflow/.local/lib/python3.7/site-packages/airflow/example_dags/example_dynamic_task_mapping.py for tasks to queue
[2025-04-24T22:06:49.368+0000] {logging_mixin.py:137} INFO - [2025-04-24T22:06:49.368+0000] {dagbag.py:538} INFO - Filling up the DagBag from /home/airflow/.local/lib/python3.7/site-packages/airflow/example_dags/example_dynamic_task_mapping.py
[2025-04-24T22:06:49.378+0000] {processor.py:753} INFO - DAG(s) dict_keys(['example_dynamic_task_mapping']) retrieved from /home/airflow/.local/lib/python3.7/site-packages/airflow/example_dags/example_dynamic_task_mapping.py
[2025-04-24T22:06:49.395+0000] {logging_mixin.py:137} INFO - [2025-04-24T22:06:49.395+0000] {dag.py:2690} INFO - Sync 1 DAGs
[2025-04-24T22:06:49.407+0000] {logging_mixin.py:137} INFO - [2025-04-24T22:06:49.407+0000] {dag.py:3441} INFO - Setting next_dagrun for example_dynamic_task_mapping to 2022-03-04T00:00:00+00:00, run_after=2022-03-05T00:00:00+00:00
[2025-04-24T22:06:49.413+0000] {processor.py:175} INFO - Processing /home/airflow/.local/lib/python3.7/site-packages/airflow/example_dags/example_dynamic_task_mapping.py took 0.049 seconds
[2025-04-24T22:07:20.026+0000] {processor.py:153} INFO - Started process (PID=796) to work on /home/airflow/.local/lib/python3.7/site-packages/airflow/example_dags/example_dynamic_task_mapping.py
[2025-04-24T22:07:20.032+0000] {processor.py:743} INFO - Processing file /home/airflow/.local/lib/python3.7/site-packages/airflow/example_dags/example_dynamic_task_mapping.py for tasks to queue
[2025-04-24T22:07:20.033+0000] {logging_mixin.py:137} INFO - [2025-04-24T22:07:20.033+0000] {dagbag.py:538} INFO - Filling up the DagBag from /home/airflow/.local/lib/python3.7/site-packages/airflow/example_dags/example_dynamic_task_mapping.py
[2025-04-24T22:07:20.051+0000] {processor.py:753} INFO - DAG(s) dict_keys(['example_dynamic_task_mapping']) retrieved from /home/airflow/.local/lib/python3.7/site-packages/airflow/example_dags/example_dynamic_task_mapping.py
[2025-04-24T22:07:20.088+0000] {logging_mixin.py:137} INFO - [2025-04-24T22:07:20.088+0000] {dag.py:2690} INFO - Sync 1 DAGs
[2025-04-24T22:07:20.101+0000] {logging_mixin.py:137} INFO - [2025-04-24T22:07:20.101+0000] {dag.py:3441} INFO - Setting next_dagrun for example_dynamic_task_mapping to 2022-03-04T00:00:00+00:00, run_after=2022-03-05T00:00:00+00:00
[2025-04-24T22:07:20.113+0000] {processor.py:175} INFO - Processing /home/airflow/.local/lib/python3.7/site-packages/airflow/example_dags/example_dynamic_task_mapping.py took 0.088 seconds
[2025-04-24T22:07:50.658+0000] {processor.py:153} INFO - Started process (PID=888) to work on /home/airflow/.local/lib/python3.7/site-packages/airflow/example_dags/example_dynamic_task_mapping.py
[2025-04-24T22:07:50.660+0000] {processor.py:743} INFO - Processing file /home/airflow/.local/lib/python3.7/site-packages/airflow/example_dags/example_dynamic_task_mapping.py for tasks to queue
[2025-04-24T22:07:50.661+0000] {logging_mixin.py:137} INFO - [2025-04-24T22:07:50.661+0000] {dagbag.py:538} INFO - Filling up the DagBag from /home/airflow/.local/lib/python3.7/site-packages/airflow/example_dags/example_dynamic_task_mapping.py
[2025-04-24T22:07:50.671+0000] {processor.py:753} INFO - DAG(s) dict_keys(['example_dynamic_task_mapping']) retrieved from /home/airflow/.local/lib/python3.7/site-packages/airflow/example_dags/example_dynamic_task_mapping.py
[2025-04-24T22:07:50.685+0000] {logging_mixin.py:137} INFO - [2025-04-24T22:07:50.685+0000] {dag.py:2690} INFO - Sync 1 DAGs
[2025-04-24T22:07:50.696+0000] {logging_mixin.py:137} INFO - [2025-04-24T22:07:50.696+0000] {dag.py:3441} INFO - Setting next_dagrun for example_dynamic_task_mapping to 2022-03-04T00:00:00+00:00, run_after=2022-03-05T00:00:00+00:00
[2025-04-24T22:07:50.708+0000] {processor.py:175} INFO - Processing /home/airflow/.local/lib/python3.7/site-packages/airflow/example_dags/example_dynamic_task_mapping.py took 0.051 seconds
[2025-04-24T23:25:40.482+0000] {processor.py:153} INFO - Started process (PID=69) to work on /home/airflow/.local/lib/python3.7/site-packages/airflow/example_dags/example_dynamic_task_mapping.py
[2025-04-24T23:25:40.483+0000] {processor.py:743} INFO - Processing file /home/airflow/.local/lib/python3.7/site-packages/airflow/example_dags/example_dynamic_task_mapping.py for tasks to queue
[2025-04-24T23:25:40.486+0000] {logging_mixin.py:137} INFO - [2025-04-24T23:25:40.486+0000] {dagbag.py:538} INFO - Filling up the DagBag from /home/airflow/.local/lib/python3.7/site-packages/airflow/example_dags/example_dynamic_task_mapping.py
[2025-04-24T23:25:40.506+0000] {processor.py:753} INFO - DAG(s) dict_keys(['example_dynamic_task_mapping']) retrieved from /home/airflow/.local/lib/python3.7/site-packages/airflow/example_dags/example_dynamic_task_mapping.py
[2025-04-24T23:25:40.514+0000] {logging_mixin.py:137} INFO - [2025-04-24T23:25:40.514+0000] {dag.py:2690} INFO - Sync 1 DAGs
[2025-04-24T23:25:40.532+0000] {logging_mixin.py:137} INFO - [2025-04-24T23:25:40.532+0000] {dag.py:3441} INFO - Setting next_dagrun for example_dynamic_task_mapping to 2022-03-04T00:00:00+00:00, run_after=2022-03-05T00:00:00+00:00
[2025-04-24T23:25:40.543+0000] {processor.py:175} INFO - Processing /home/airflow/.local/lib/python3.7/site-packages/airflow/example_dags/example_dynamic_task_mapping.py took 0.064 seconds
[2025-04-24T23:26:11.249+0000] {processor.py:153} INFO - Started process (PID=161) to work on /home/airflow/.local/lib/python3.7/site-packages/airflow/example_dags/example_dynamic_task_mapping.py
[2025-04-24T23:26:11.250+0000] {processor.py:743} INFO - Processing file /home/airflow/.local/lib/python3.7/site-packages/airflow/example_dags/example_dynamic_task_mapping.py for tasks to queue
[2025-04-24T23:26:11.251+0000] {logging_mixin.py:137} INFO - [2025-04-24T23:26:11.251+0000] {dagbag.py:538} INFO - Filling up the DagBag from /home/airflow/.local/lib/python3.7/site-packages/airflow/example_dags/example_dynamic_task_mapping.py
[2025-04-24T23:26:11.261+0000] {processor.py:753} INFO - DAG(s) dict_keys(['example_dynamic_task_mapping']) retrieved from /home/airflow/.local/lib/python3.7/site-packages/airflow/example_dags/example_dynamic_task_mapping.py
[2025-04-24T23:26:11.274+0000] {logging_mixin.py:137} INFO - [2025-04-24T23:26:11.274+0000] {dag.py:2690} INFO - Sync 1 DAGs
[2025-04-24T23:26:11.285+0000] {logging_mixin.py:137} INFO - [2025-04-24T23:26:11.285+0000] {dag.py:3441} INFO - Setting next_dagrun for example_dynamic_task_mapping to 2022-03-04T00:00:00+00:00, run_after=2022-03-05T00:00:00+00:00
[2025-04-24T23:26:11.298+0000] {processor.py:175} INFO - Processing /home/airflow/.local/lib/python3.7/site-packages/airflow/example_dags/example_dynamic_task_mapping.py took 0.050 seconds
[2025-04-24T23:26:42.031+0000] {processor.py:153} INFO - Started process (PID=253) to work on /home/airflow/.local/lib/python3.7/site-packages/airflow/example_dags/example_dynamic_task_mapping.py
[2025-04-24T23:26:42.031+0000] {processor.py:743} INFO - Processing file /home/airflow/.local/lib/python3.7/site-packages/airflow/example_dags/example_dynamic_task_mapping.py for tasks to queue
[2025-04-24T23:26:42.032+0000] {logging_mixin.py:137} INFO - [2025-04-24T23:26:42.032+0000] {dagbag.py:538} INFO - Filling up the DagBag from /home/airflow/.local/lib/python3.7/site-packages/airflow/example_dags/example_dynamic_task_mapping.py
[2025-04-24T23:26:42.041+0000] {processor.py:753} INFO - DAG(s) dict_keys(['example_dynamic_task_mapping']) retrieved from /home/airflow/.local/lib/python3.7/site-packages/airflow/example_dags/example_dynamic_task_mapping.py
[2025-04-24T23:26:42.051+0000] {logging_mixin.py:137} INFO - [2025-04-24T23:26:42.051+0000] {dag.py:2690} INFO - Sync 1 DAGs
[2025-04-24T23:26:42.060+0000] {logging_mixin.py:137} INFO - [2025-04-24T23:26:42.060+0000] {dag.py:3441} INFO - Setting next_dagrun for example_dynamic_task_mapping to 2022-03-04T00:00:00+00:00, run_after=2022-03-05T00:00:00+00:00
[2025-04-24T23:26:42.069+0000] {processor.py:175} INFO - Processing /home/airflow/.local/lib/python3.7/site-packages/airflow/example_dags/example_dynamic_task_mapping.py took 0.040 seconds
[2025-04-24T23:27:12.629+0000] {processor.py:153} INFO - Started process (PID=329) to work on /home/airflow/.local/lib/python3.7/site-packages/airflow/example_dags/example_dynamic_task_mapping.py
[2025-04-24T23:27:12.630+0000] {processor.py:743} INFO - Processing file /home/airflow/.local/lib/python3.7/site-packages/airflow/example_dags/example_dynamic_task_mapping.py for tasks to queue
[2025-04-24T23:27:12.631+0000] {logging_mixin.py:137} INFO - [2025-04-24T23:27:12.631+0000] {dagbag.py:538} INFO - Filling up the DagBag from /home/airflow/.local/lib/python3.7/site-packages/airflow/example_dags/example_dynamic_task_mapping.py
[2025-04-24T23:27:12.640+0000] {processor.py:753} INFO - DAG(s) dict_keys(['example_dynamic_task_mapping']) retrieved from /home/airflow/.local/lib/python3.7/site-packages/airflow/example_dags/example_dynamic_task_mapping.py
[2025-04-24T23:27:12.651+0000] {logging_mixin.py:137} INFO - [2025-04-24T23:27:12.651+0000] {dag.py:2690} INFO - Sync 1 DAGs
[2025-04-24T23:27:12.662+0000] {logging_mixin.py:137} INFO - [2025-04-24T23:27:12.662+0000] {dag.py:3441} INFO - Setting next_dagrun for example_dynamic_task_mapping to 2022-03-04T00:00:00+00:00, run_after=2022-03-05T00:00:00+00:00
[2025-04-24T23:27:12.669+0000] {processor.py:175} INFO - Processing /home/airflow/.local/lib/python3.7/site-packages/airflow/example_dags/example_dynamic_task_mapping.py took 0.041 seconds
[2025-04-24T23:27:43.247+0000] {processor.py:153} INFO - Started process (PID=421) to work on /home/airflow/.local/lib/python3.7/site-packages/airflow/example_dags/example_dynamic_task_mapping.py
[2025-04-24T23:27:43.249+0000] {processor.py:743} INFO - Processing file /home/airflow/.local/lib/python3.7/site-packages/airflow/example_dags/example_dynamic_task_mapping.py for tasks to queue
[2025-04-24T23:27:43.249+0000] {logging_mixin.py:137} INFO - [2025-04-24T23:27:43.249+0000] {dagbag.py:538} INFO - Filling up the DagBag from /home/airflow/.local/lib/python3.7/site-packages/airflow/example_dags/example_dynamic_task_mapping.py
[2025-04-24T23:27:43.258+0000] {processor.py:753} INFO - DAG(s) dict_keys(['example_dynamic_task_mapping']) retrieved from /home/airflow/.local/lib/python3.7/site-packages/airflow/example_dags/example_dynamic_task_mapping.py
[2025-04-24T23:27:43.268+0000] {logging_mixin.py:137} INFO - [2025-04-24T23:27:43.268+0000] {dag.py:2690} INFO - Sync 1 DAGs
[2025-04-24T23:27:43.282+0000] {logging_mixin.py:137} INFO - [2025-04-24T23:27:43.282+0000] {dag.py:3441} INFO - Setting next_dagrun for example_dynamic_task_mapping to 2022-03-04T00:00:00+00:00, run_after=2022-03-05T00:00:00+00:00
[2025-04-24T23:27:43.293+0000] {processor.py:175} INFO - Processing /home/airflow/.local/lib/python3.7/site-packages/airflow/example_dags/example_dynamic_task_mapping.py took 0.047 seconds
[2025-04-24T23:28:14.028+0000] {processor.py:153} INFO - Started process (PID=513) to work on /home/airflow/.local/lib/python3.7/site-packages/airflow/example_dags/example_dynamic_task_mapping.py
[2025-04-24T23:28:14.029+0000] {processor.py:743} INFO - Processing file /home/airflow/.local/lib/python3.7/site-packages/airflow/example_dags/example_dynamic_task_mapping.py for tasks to queue
[2025-04-24T23:28:14.032+0000] {logging_mixin.py:137} INFO - [2025-04-24T23:28:14.032+0000] {dagbag.py:538} INFO - Filling up the DagBag from /home/airflow/.local/lib/python3.7/site-packages/airflow/example_dags/example_dynamic_task_mapping.py
[2025-04-24T23:28:14.041+0000] {processor.py:753} INFO - DAG(s) dict_keys(['example_dynamic_task_mapping']) retrieved from /home/airflow/.local/lib/python3.7/site-packages/airflow/example_dags/example_dynamic_task_mapping.py
[2025-04-24T23:28:14.052+0000] {logging_mixin.py:137} INFO - [2025-04-24T23:28:14.052+0000] {dag.py:2690} INFO - Sync 1 DAGs
[2025-04-24T23:28:14.064+0000] {logging_mixin.py:137} INFO - [2025-04-24T23:28:14.064+0000] {dag.py:3441} INFO - Setting next_dagrun for example_dynamic_task_mapping to 2022-03-04T00:00:00+00:00, run_after=2022-03-05T00:00:00+00:00
[2025-04-24T23:28:14.071+0000] {processor.py:175} INFO - Processing /home/airflow/.local/lib/python3.7/site-packages/airflow/example_dags/example_dynamic_task_mapping.py took 0.044 seconds
[2025-04-24T23:28:44.615+0000] {processor.py:153} INFO - Started process (PID=605) to work on /home/airflow/.local/lib/python3.7/site-packages/airflow/example_dags/example_dynamic_task_mapping.py
[2025-04-24T23:28:44.617+0000] {processor.py:743} INFO - Processing file /home/airflow/.local/lib/python3.7/site-packages/airflow/example_dags/example_dynamic_task_mapping.py for tasks to queue
[2025-04-24T23:28:44.617+0000] {logging_mixin.py:137} INFO - [2025-04-24T23:28:44.617+0000] {dagbag.py:538} INFO - Filling up the DagBag from /home/airflow/.local/lib/python3.7/site-packages/airflow/example_dags/example_dynamic_task_mapping.py
[2025-04-24T23:28:44.627+0000] {processor.py:753} INFO - DAG(s) dict_keys(['example_dynamic_task_mapping']) retrieved from /home/airflow/.local/lib/python3.7/site-packages/airflow/example_dags/example_dynamic_task_mapping.py
[2025-04-24T23:28:44.641+0000] {logging_mixin.py:137} INFO - [2025-04-24T23:28:44.641+0000] {dag.py:2690} INFO - Sync 1 DAGs
[2025-04-24T23:28:44.654+0000] {logging_mixin.py:137} INFO - [2025-04-24T23:28:44.654+0000] {dag.py:3441} INFO - Setting next_dagrun for example_dynamic_task_mapping to 2022-03-04T00:00:00+00:00, run_after=2022-03-05T00:00:00+00:00
[2025-04-24T23:28:44.664+0000] {processor.py:175} INFO - Processing /home/airflow/.local/lib/python3.7/site-packages/airflow/example_dags/example_dynamic_task_mapping.py took 0.050 seconds
[2025-04-24T23:29:15.305+0000] {processor.py:153} INFO - Started process (PID=697) to work on /home/airflow/.local/lib/python3.7/site-packages/airflow/example_dags/example_dynamic_task_mapping.py
[2025-04-24T23:29:15.305+0000] {processor.py:743} INFO - Processing file /home/airflow/.local/lib/python3.7/site-packages/airflow/example_dags/example_dynamic_task_mapping.py for tasks to queue
[2025-04-24T23:29:15.306+0000] {logging_mixin.py:137} INFO - [2025-04-24T23:29:15.306+0000] {dagbag.py:538} INFO - Filling up the DagBag from /home/airflow/.local/lib/python3.7/site-packages/airflow/example_dags/example_dynamic_task_mapping.py
[2025-04-24T23:29:15.316+0000] {processor.py:753} INFO - DAG(s) dict_keys(['example_dynamic_task_mapping']) retrieved from /home/airflow/.local/lib/python3.7/site-packages/airflow/example_dags/example_dynamic_task_mapping.py
[2025-04-24T23:29:15.330+0000] {logging_mixin.py:137} INFO - [2025-04-24T23:29:15.330+0000] {dag.py:2690} INFO - Sync 1 DAGs
[2025-04-24T23:29:15.340+0000] {logging_mixin.py:137} INFO - [2025-04-24T23:29:15.340+0000] {dag.py:3441} INFO - Setting next_dagrun for example_dynamic_task_mapping to 2022-03-04T00:00:00+00:00, run_after=2022-03-05T00:00:00+00:00
[2025-04-24T23:29:15.350+0000] {processor.py:175} INFO - Processing /home/airflow/.local/lib/python3.7/site-packages/airflow/example_dags/example_dynamic_task_mapping.py took 0.046 seconds
[2025-04-24T23:29:45.926+0000] {processor.py:153} INFO - Started process (PID=773) to work on /home/airflow/.local/lib/python3.7/site-packages/airflow/example_dags/example_dynamic_task_mapping.py
[2025-04-24T23:29:45.928+0000] {processor.py:743} INFO - Processing file /home/airflow/.local/lib/python3.7/site-packages/airflow/example_dags/example_dynamic_task_mapping.py for tasks to queue
[2025-04-24T23:29:45.928+0000] {logging_mixin.py:137} INFO - [2025-04-24T23:29:45.928+0000] {dagbag.py:538} INFO - Filling up the DagBag from /home/airflow/.local/lib/python3.7/site-packages/airflow/example_dags/example_dynamic_task_mapping.py
[2025-04-24T23:29:45.938+0000] {processor.py:753} INFO - DAG(s) dict_keys(['example_dynamic_task_mapping']) retrieved from /home/airflow/.local/lib/python3.7/site-packages/airflow/example_dags/example_dynamic_task_mapping.py
[2025-04-24T23:29:45.948+0000] {logging_mixin.py:137} INFO - [2025-04-24T23:29:45.948+0000] {dag.py:2690} INFO - Sync 1 DAGs
[2025-04-24T23:29:45.959+0000] {logging_mixin.py:137} INFO - [2025-04-24T23:29:45.959+0000] {dag.py:3441} INFO - Setting next_dagrun for example_dynamic_task_mapping to 2022-03-04T00:00:00+00:00, run_after=2022-03-05T00:00:00+00:00
[2025-04-24T23:29:45.967+0000] {processor.py:175} INFO - Processing /home/airflow/.local/lib/python3.7/site-packages/airflow/example_dags/example_dynamic_task_mapping.py took 0.042 seconds
[2025-04-24T23:30:16.763+0000] {processor.py:153} INFO - Started process (PID=865) to work on /home/airflow/.local/lib/python3.7/site-packages/airflow/example_dags/example_dynamic_task_mapping.py
[2025-04-24T23:30:16.763+0000] {processor.py:743} INFO - Processing file /home/airflow/.local/lib/python3.7/site-packages/airflow/example_dags/example_dynamic_task_mapping.py for tasks to queue
[2025-04-24T23:30:16.763+0000] {logging_mixin.py:137} INFO - [2025-04-24T23:30:16.763+0000] {dagbag.py:538} INFO - Filling up the DagBag from /home/airflow/.local/lib/python3.7/site-packages/airflow/example_dags/example_dynamic_task_mapping.py
[2025-04-24T23:30:16.772+0000] {processor.py:753} INFO - DAG(s) dict_keys(['example_dynamic_task_mapping']) retrieved from /home/airflow/.local/lib/python3.7/site-packages/airflow/example_dags/example_dynamic_task_mapping.py
[2025-04-24T23:30:16.782+0000] {logging_mixin.py:137} INFO - [2025-04-24T23:30:16.782+0000] {dag.py:2690} INFO - Sync 1 DAGs
[2025-04-24T23:30:16.793+0000] {logging_mixin.py:137} INFO - [2025-04-24T23:30:16.793+0000] {dag.py:3441} INFO - Setting next_dagrun for example_dynamic_task_mapping to 2022-03-04T00:00:00+00:00, run_after=2022-03-05T00:00:00+00:00
[2025-04-24T23:30:16.803+0000] {processor.py:175} INFO - Processing /home/airflow/.local/lib/python3.7/site-packages/airflow/example_dags/example_dynamic_task_mapping.py took 0.042 seconds
[2025-04-24T23:30:47.473+0000] {processor.py:153} INFO - Started process (PID=957) to work on /home/airflow/.local/lib/python3.7/site-packages/airflow/example_dags/example_dynamic_task_mapping.py
[2025-04-24T23:30:47.473+0000] {processor.py:743} INFO - Processing file /home/airflow/.local/lib/python3.7/site-packages/airflow/example_dags/example_dynamic_task_mapping.py for tasks to queue
[2025-04-24T23:30:47.473+0000] {logging_mixin.py:137} INFO - [2025-04-24T23:30:47.473+0000] {dagbag.py:538} INFO - Filling up the DagBag from /home/airflow/.local/lib/python3.7/site-packages/airflow/example_dags/example_dynamic_task_mapping.py
[2025-04-24T23:30:47.483+0000] {processor.py:753} INFO - DAG(s) dict_keys(['example_dynamic_task_mapping']) retrieved from /home/airflow/.local/lib/python3.7/site-packages/airflow/example_dags/example_dynamic_task_mapping.py
[2025-04-24T23:30:47.497+0000] {logging_mixin.py:137} INFO - [2025-04-24T23:30:47.497+0000] {dag.py:2690} INFO - Sync 1 DAGs
[2025-04-24T23:30:47.510+0000] {logging_mixin.py:137} INFO - [2025-04-24T23:30:47.510+0000] {dag.py:3441} INFO - Setting next_dagrun for example_dynamic_task_mapping to 2022-03-04T00:00:00+00:00, run_after=2022-03-05T00:00:00+00:00
[2025-04-24T23:30:47.518+0000] {processor.py:175} INFO - Processing /home/airflow/.local/lib/python3.7/site-packages/airflow/example_dags/example_dynamic_task_mapping.py took 0.047 seconds
[2025-04-24T23:31:18.250+0000] {processor.py:153} INFO - Started process (PID=1049) to work on /home/airflow/.local/lib/python3.7/site-packages/airflow/example_dags/example_dynamic_task_mapping.py
[2025-04-24T23:31:18.251+0000] {processor.py:743} INFO - Processing file /home/airflow/.local/lib/python3.7/site-packages/airflow/example_dags/example_dynamic_task_mapping.py for tasks to queue
[2025-04-24T23:31:18.253+0000] {logging_mixin.py:137} INFO - [2025-04-24T23:31:18.253+0000] {dagbag.py:538} INFO - Filling up the DagBag from /home/airflow/.local/lib/python3.7/site-packages/airflow/example_dags/example_dynamic_task_mapping.py
[2025-04-24T23:31:18.262+0000] {processor.py:753} INFO - DAG(s) dict_keys(['example_dynamic_task_mapping']) retrieved from /home/airflow/.local/lib/python3.7/site-packages/airflow/example_dags/example_dynamic_task_mapping.py
[2025-04-24T23:31:18.279+0000] {logging_mixin.py:137} INFO - [2025-04-24T23:31:18.278+0000] {dag.py:2690} INFO - Sync 1 DAGs
[2025-04-24T23:31:18.290+0000] {logging_mixin.py:137} INFO - [2025-04-24T23:31:18.290+0000] {dag.py:3441} INFO - Setting next_dagrun for example_dynamic_task_mapping to 2022-03-04T00:00:00+00:00, run_after=2022-03-05T00:00:00+00:00
[2025-04-24T23:31:18.302+0000] {processor.py:175} INFO - Processing /home/airflow/.local/lib/python3.7/site-packages/airflow/example_dags/example_dynamic_task_mapping.py took 0.053 seconds
[2025-04-24T23:31:48.926+0000] {processor.py:153} INFO - Started process (PID=1134) to work on /home/airflow/.local/lib/python3.7/site-packages/airflow/example_dags/example_dynamic_task_mapping.py
[2025-04-24T23:31:48.928+0000] {processor.py:743} INFO - Processing file /home/airflow/.local/lib/python3.7/site-packages/airflow/example_dags/example_dynamic_task_mapping.py for tasks to queue
[2025-04-24T23:31:48.928+0000] {logging_mixin.py:137} INFO - [2025-04-24T23:31:48.928+0000] {dagbag.py:538} INFO - Filling up the DagBag from /home/airflow/.local/lib/python3.7/site-packages/airflow/example_dags/example_dynamic_task_mapping.py
[2025-04-24T23:31:48.939+0000] {processor.py:753} INFO - DAG(s) dict_keys(['example_dynamic_task_mapping']) retrieved from /home/airflow/.local/lib/python3.7/site-packages/airflow/example_dags/example_dynamic_task_mapping.py
[2025-04-24T23:31:48.955+0000] {logging_mixin.py:137} INFO - [2025-04-24T23:31:48.955+0000] {dag.py:2690} INFO - Sync 1 DAGs
[2025-04-24T23:31:48.971+0000] {logging_mixin.py:137} INFO - [2025-04-24T23:31:48.971+0000] {dag.py:3441} INFO - Setting next_dagrun for example_dynamic_task_mapping to 2022-03-04T00:00:00+00:00, run_after=2022-03-05T00:00:00+00:00
[2025-04-24T23:31:48.984+0000] {processor.py:175} INFO - Processing /home/airflow/.local/lib/python3.7/site-packages/airflow/example_dags/example_dynamic_task_mapping.py took 0.059 seconds
[2025-04-24T23:32:19.639+0000] {processor.py:153} INFO - Started process (PID=1217) to work on /home/airflow/.local/lib/python3.7/site-packages/airflow/example_dags/example_dynamic_task_mapping.py
[2025-04-24T23:32:19.639+0000] {processor.py:743} INFO - Processing file /home/airflow/.local/lib/python3.7/site-packages/airflow/example_dags/example_dynamic_task_mapping.py for tasks to queue
[2025-04-24T23:32:19.639+0000] {logging_mixin.py:137} INFO - [2025-04-24T23:32:19.639+0000] {dagbag.py:538} INFO - Filling up the DagBag from /home/airflow/.local/lib/python3.7/site-packages/airflow/example_dags/example_dynamic_task_mapping.py
[2025-04-24T23:32:19.648+0000] {processor.py:753} INFO - DAG(s) dict_keys(['example_dynamic_task_mapping']) retrieved from /home/airflow/.local/lib/python3.7/site-packages/airflow/example_dags/example_dynamic_task_mapping.py
[2025-04-24T23:32:19.660+0000] {logging_mixin.py:137} INFO - [2025-04-24T23:32:19.660+0000] {dag.py:2690} INFO - Sync 1 DAGs
[2025-04-24T23:32:19.673+0000] {logging_mixin.py:137} INFO - [2025-04-24T23:32:19.673+0000] {dag.py:3441} INFO - Setting next_dagrun for example_dynamic_task_mapping to 2022-03-04T00:00:00+00:00, run_after=2022-03-05T00:00:00+00:00
[2025-04-24T23:32:19.683+0000] {processor.py:175} INFO - Processing /home/airflow/.local/lib/python3.7/site-packages/airflow/example_dags/example_dynamic_task_mapping.py took 0.046 seconds
[2025-04-24T23:32:50.203+0000] {processor.py:153} INFO - Started process (PID=1309) to work on /home/airflow/.local/lib/python3.7/site-packages/airflow/example_dags/example_dynamic_task_mapping.py
[2025-04-24T23:32:50.204+0000] {processor.py:743} INFO - Processing file /home/airflow/.local/lib/python3.7/site-packages/airflow/example_dags/example_dynamic_task_mapping.py for tasks to queue
[2025-04-24T23:32:50.205+0000] {logging_mixin.py:137} INFO - [2025-04-24T23:32:50.205+0000] {dagbag.py:538} INFO - Filling up the DagBag from /home/airflow/.local/lib/python3.7/site-packages/airflow/example_dags/example_dynamic_task_mapping.py
[2025-04-24T23:32:50.215+0000] {processor.py:753} INFO - DAG(s) dict_keys(['example_dynamic_task_mapping']) retrieved from /home/airflow/.local/lib/python3.7/site-packages/airflow/example_dags/example_dynamic_task_mapping.py
[2025-04-24T23:32:50.242+0000] {logging_mixin.py:137} INFO - [2025-04-24T23:32:50.242+0000] {dag.py:2690} INFO - Sync 1 DAGs
[2025-04-24T23:32:50.252+0000] {logging_mixin.py:137} INFO - [2025-04-24T23:32:50.252+0000] {dag.py:3441} INFO - Setting next_dagrun for example_dynamic_task_mapping to 2022-03-04T00:00:00+00:00, run_after=2022-03-05T00:00:00+00:00
[2025-04-24T23:32:50.262+0000] {processor.py:175} INFO - Processing /home/airflow/.local/lib/python3.7/site-packages/airflow/example_dags/example_dynamic_task_mapping.py took 0.060 seconds
[2025-04-24T23:33:20.694+0000] {processor.py:153} INFO - Started process (PID=1401) to work on /home/airflow/.local/lib/python3.7/site-packages/airflow/example_dags/example_dynamic_task_mapping.py
[2025-04-24T23:33:20.695+0000] {processor.py:743} INFO - Processing file /home/airflow/.local/lib/python3.7/site-packages/airflow/example_dags/example_dynamic_task_mapping.py for tasks to queue
[2025-04-24T23:33:20.696+0000] {logging_mixin.py:137} INFO - [2025-04-24T23:33:20.696+0000] {dagbag.py:538} INFO - Filling up the DagBag from /home/airflow/.local/lib/python3.7/site-packages/airflow/example_dags/example_dynamic_task_mapping.py
[2025-04-24T23:33:20.706+0000] {processor.py:753} INFO - DAG(s) dict_keys(['example_dynamic_task_mapping']) retrieved from /home/airflow/.local/lib/python3.7/site-packages/airflow/example_dags/example_dynamic_task_mapping.py
[2025-04-24T23:33:20.721+0000] {logging_mixin.py:137} INFO - [2025-04-24T23:33:20.721+0000] {dag.py:2690} INFO - Sync 1 DAGs
[2025-04-24T23:33:20.736+0000] {logging_mixin.py:137} INFO - [2025-04-24T23:33:20.736+0000] {dag.py:3441} INFO - Setting next_dagrun for example_dynamic_task_mapping to 2022-03-04T00:00:00+00:00, run_after=2022-03-05T00:00:00+00:00
[2025-04-24T23:33:20.744+0000] {processor.py:175} INFO - Processing /home/airflow/.local/lib/python3.7/site-packages/airflow/example_dags/example_dynamic_task_mapping.py took 0.051 seconds
[2025-04-24T23:33:51.364+0000] {processor.py:153} INFO - Started process (PID=1493) to work on /home/airflow/.local/lib/python3.7/site-packages/airflow/example_dags/example_dynamic_task_mapping.py
[2025-04-24T23:33:51.364+0000] {processor.py:743} INFO - Processing file /home/airflow/.local/lib/python3.7/site-packages/airflow/example_dags/example_dynamic_task_mapping.py for tasks to queue
[2025-04-24T23:33:51.365+0000] {logging_mixin.py:137} INFO - [2025-04-24T23:33:51.365+0000] {dagbag.py:538} INFO - Filling up the DagBag from /home/airflow/.local/lib/python3.7/site-packages/airflow/example_dags/example_dynamic_task_mapping.py
[2025-04-24T23:33:51.373+0000] {processor.py:753} INFO - DAG(s) dict_keys(['example_dynamic_task_mapping']) retrieved from /home/airflow/.local/lib/python3.7/site-packages/airflow/example_dags/example_dynamic_task_mapping.py
[2025-04-24T23:33:51.384+0000] {logging_mixin.py:137} INFO - [2025-04-24T23:33:51.384+0000] {dag.py:2690} INFO - Sync 1 DAGs
[2025-04-24T23:33:51.394+0000] {logging_mixin.py:137} INFO - [2025-04-24T23:33:51.394+0000] {dag.py:3441} INFO - Setting next_dagrun for example_dynamic_task_mapping to 2022-03-04T00:00:00+00:00, run_after=2022-03-05T00:00:00+00:00
[2025-04-24T23:33:51.405+0000] {processor.py:175} INFO - Processing /home/airflow/.local/lib/python3.7/site-packages/airflow/example_dags/example_dynamic_task_mapping.py took 0.042 seconds
[2025-04-24T23:34:21.876+0000] {processor.py:153} INFO - Started process (PID=1569) to work on /home/airflow/.local/lib/python3.7/site-packages/airflow/example_dags/example_dynamic_task_mapping.py
[2025-04-24T23:34:21.877+0000] {processor.py:743} INFO - Processing file /home/airflow/.local/lib/python3.7/site-packages/airflow/example_dags/example_dynamic_task_mapping.py for tasks to queue
[2025-04-24T23:34:21.878+0000] {logging_mixin.py:137} INFO - [2025-04-24T23:34:21.878+0000] {dagbag.py:538} INFO - Filling up the DagBag from /home/airflow/.local/lib/python3.7/site-packages/airflow/example_dags/example_dynamic_task_mapping.py
[2025-04-24T23:34:21.887+0000] {processor.py:753} INFO - DAG(s) dict_keys(['example_dynamic_task_mapping']) retrieved from /home/airflow/.local/lib/python3.7/site-packages/airflow/example_dags/example_dynamic_task_mapping.py
[2025-04-24T23:34:21.896+0000] {logging_mixin.py:137} INFO - [2025-04-24T23:34:21.896+0000] {dag.py:2690} INFO - Sync 1 DAGs
[2025-04-24T23:34:21.907+0000] {logging_mixin.py:137} INFO - [2025-04-24T23:34:21.907+0000] {dag.py:3441} INFO - Setting next_dagrun for example_dynamic_task_mapping to 2022-03-04T00:00:00+00:00, run_after=2022-03-05T00:00:00+00:00
[2025-04-24T23:34:21.917+0000] {processor.py:175} INFO - Processing /home/airflow/.local/lib/python3.7/site-packages/airflow/example_dags/example_dynamic_task_mapping.py took 0.043 seconds
[2025-04-24T23:34:52.432+0000] {processor.py:153} INFO - Started process (PID=1661) to work on /home/airflow/.local/lib/python3.7/site-packages/airflow/example_dags/example_dynamic_task_mapping.py
[2025-04-24T23:34:52.432+0000] {processor.py:743} INFO - Processing file /home/airflow/.local/lib/python3.7/site-packages/airflow/example_dags/example_dynamic_task_mapping.py for tasks to queue
[2025-04-24T23:34:52.433+0000] {logging_mixin.py:137} INFO - [2025-04-24T23:34:52.433+0000] {dagbag.py:538} INFO - Filling up the DagBag from /home/airflow/.local/lib/python3.7/site-packages/airflow/example_dags/example_dynamic_task_mapping.py
[2025-04-24T23:34:52.442+0000] {processor.py:753} INFO - DAG(s) dict_keys(['example_dynamic_task_mapping']) retrieved from /home/airflow/.local/lib/python3.7/site-packages/airflow/example_dags/example_dynamic_task_mapping.py
[2025-04-24T23:34:52.451+0000] {logging_mixin.py:137} INFO - [2025-04-24T23:34:52.450+0000] {dag.py:2690} INFO - Sync 1 DAGs
[2025-04-24T23:34:52.461+0000] {logging_mixin.py:137} INFO - [2025-04-24T23:34:52.461+0000] {dag.py:3441} INFO - Setting next_dagrun for example_dynamic_task_mapping to 2022-03-04T00:00:00+00:00, run_after=2022-03-05T00:00:00+00:00
[2025-04-24T23:34:52.469+0000] {processor.py:175} INFO - Processing /home/airflow/.local/lib/python3.7/site-packages/airflow/example_dags/example_dynamic_task_mapping.py took 0.038 seconds
[2025-04-24T23:35:23.014+0000] {processor.py:153} INFO - Started process (PID=1753) to work on /home/airflow/.local/lib/python3.7/site-packages/airflow/example_dags/example_dynamic_task_mapping.py
[2025-04-24T23:35:23.015+0000] {processor.py:743} INFO - Processing file /home/airflow/.local/lib/python3.7/site-packages/airflow/example_dags/example_dynamic_task_mapping.py for tasks to queue
[2025-04-24T23:35:23.017+0000] {logging_mixin.py:137} INFO - [2025-04-24T23:35:23.017+0000] {dagbag.py:538} INFO - Filling up the DagBag from /home/airflow/.local/lib/python3.7/site-packages/airflow/example_dags/example_dynamic_task_mapping.py
[2025-04-24T23:35:23.025+0000] {processor.py:753} INFO - DAG(s) dict_keys(['example_dynamic_task_mapping']) retrieved from /home/airflow/.local/lib/python3.7/site-packages/airflow/example_dags/example_dynamic_task_mapping.py
[2025-04-24T23:35:23.035+0000] {logging_mixin.py:137} INFO - [2025-04-24T23:35:23.035+0000] {dag.py:2690} INFO - Sync 1 DAGs
[2025-04-24T23:35:23.045+0000] {logging_mixin.py:137} INFO - [2025-04-24T23:35:23.045+0000] {dag.py:3441} INFO - Setting next_dagrun for example_dynamic_task_mapping to 2022-03-04T00:00:00+00:00, run_after=2022-03-05T00:00:00+00:00
[2025-04-24T23:35:23.052+0000] {processor.py:175} INFO - Processing /home/airflow/.local/lib/python3.7/site-packages/airflow/example_dags/example_dynamic_task_mapping.py took 0.039 seconds
[2025-04-24T23:35:53.555+0000] {processor.py:153} INFO - Started process (PID=1845) to work on /home/airflow/.local/lib/python3.7/site-packages/airflow/example_dags/example_dynamic_task_mapping.py
[2025-04-24T23:35:53.556+0000] {processor.py:743} INFO - Processing file /home/airflow/.local/lib/python3.7/site-packages/airflow/example_dags/example_dynamic_task_mapping.py for tasks to queue
[2025-04-24T23:35:53.556+0000] {logging_mixin.py:137} INFO - [2025-04-24T23:35:53.556+0000] {dagbag.py:538} INFO - Filling up the DagBag from /home/airflow/.local/lib/python3.7/site-packages/airflow/example_dags/example_dynamic_task_mapping.py
[2025-04-24T23:35:53.565+0000] {processor.py:753} INFO - DAG(s) dict_keys(['example_dynamic_task_mapping']) retrieved from /home/airflow/.local/lib/python3.7/site-packages/airflow/example_dags/example_dynamic_task_mapping.py
[2025-04-24T23:35:53.578+0000] {logging_mixin.py:137} INFO - [2025-04-24T23:35:53.577+0000] {dag.py:2690} INFO - Sync 1 DAGs
[2025-04-24T23:35:53.593+0000] {logging_mixin.py:137} INFO - [2025-04-24T23:35:53.593+0000] {dag.py:3441} INFO - Setting next_dagrun for example_dynamic_task_mapping to 2022-03-04T00:00:00+00:00, run_after=2022-03-05T00:00:00+00:00
[2025-04-24T23:35:53.600+0000] {processor.py:175} INFO - Processing /home/airflow/.local/lib/python3.7/site-packages/airflow/example_dags/example_dynamic_task_mapping.py took 0.048 seconds
[2025-04-24T23:36:24.440+0000] {processor.py:153} INFO - Started process (PID=1937) to work on /home/airflow/.local/lib/python3.7/site-packages/airflow/example_dags/example_dynamic_task_mapping.py
[2025-04-24T23:36:24.441+0000] {processor.py:743} INFO - Processing file /home/airflow/.local/lib/python3.7/site-packages/airflow/example_dags/example_dynamic_task_mapping.py for tasks to queue
[2025-04-24T23:36:24.441+0000] {logging_mixin.py:137} INFO - [2025-04-24T23:36:24.441+0000] {dagbag.py:538} INFO - Filling up the DagBag from /home/airflow/.local/lib/python3.7/site-packages/airflow/example_dags/example_dynamic_task_mapping.py
[2025-04-24T23:36:24.456+0000] {processor.py:753} INFO - DAG(s) dict_keys(['example_dynamic_task_mapping']) retrieved from /home/airflow/.local/lib/python3.7/site-packages/airflow/example_dags/example_dynamic_task_mapping.py
[2025-04-24T23:36:24.475+0000] {logging_mixin.py:137} INFO - [2025-04-24T23:36:24.475+0000] {dag.py:2690} INFO - Sync 1 DAGs
[2025-04-24T23:36:24.489+0000] {logging_mixin.py:137} INFO - [2025-04-24T23:36:24.489+0000] {dag.py:3441} INFO - Setting next_dagrun for example_dynamic_task_mapping to 2022-03-04T00:00:00+00:00, run_after=2022-03-05T00:00:00+00:00
[2025-04-24T23:36:24.504+0000] {processor.py:175} INFO - Processing /home/airflow/.local/lib/python3.7/site-packages/airflow/example_dags/example_dynamic_task_mapping.py took 0.066 seconds
[2025-04-24T23:36:55.303+0000] {processor.py:153} INFO - Started process (PID=2013) to work on /home/airflow/.local/lib/python3.7/site-packages/airflow/example_dags/example_dynamic_task_mapping.py
[2025-04-24T23:36:55.305+0000] {processor.py:743} INFO - Processing file /home/airflow/.local/lib/python3.7/site-packages/airflow/example_dags/example_dynamic_task_mapping.py for tasks to queue
[2025-04-24T23:36:55.306+0000] {logging_mixin.py:137} INFO - [2025-04-24T23:36:55.306+0000] {dagbag.py:538} INFO - Filling up the DagBag from /home/airflow/.local/lib/python3.7/site-packages/airflow/example_dags/example_dynamic_task_mapping.py
[2025-04-24T23:36:55.316+0000] {processor.py:753} INFO - DAG(s) dict_keys(['example_dynamic_task_mapping']) retrieved from /home/airflow/.local/lib/python3.7/site-packages/airflow/example_dags/example_dynamic_task_mapping.py
[2025-04-24T23:36:55.329+0000] {logging_mixin.py:137} INFO - [2025-04-24T23:36:55.328+0000] {dag.py:2690} INFO - Sync 1 DAGs
[2025-04-24T23:36:55.343+0000] {logging_mixin.py:137} INFO - [2025-04-24T23:36:55.343+0000] {dag.py:3441} INFO - Setting next_dagrun for example_dynamic_task_mapping to 2022-03-04T00:00:00+00:00, run_after=2022-03-05T00:00:00+00:00
[2025-04-24T23:36:55.357+0000] {processor.py:175} INFO - Processing /home/airflow/.local/lib/python3.7/site-packages/airflow/example_dags/example_dynamic_task_mapping.py took 0.055 seconds
[2025-04-24T23:37:25.854+0000] {processor.py:153} INFO - Started process (PID=2105) to work on /home/airflow/.local/lib/python3.7/site-packages/airflow/example_dags/example_dynamic_task_mapping.py
[2025-04-24T23:37:25.854+0000] {processor.py:743} INFO - Processing file /home/airflow/.local/lib/python3.7/site-packages/airflow/example_dags/example_dynamic_task_mapping.py for tasks to queue
[2025-04-24T23:37:25.854+0000] {logging_mixin.py:137} INFO - [2025-04-24T23:37:25.854+0000] {dagbag.py:538} INFO - Filling up the DagBag from /home/airflow/.local/lib/python3.7/site-packages/airflow/example_dags/example_dynamic_task_mapping.py
[2025-04-24T23:37:25.863+0000] {processor.py:753} INFO - DAG(s) dict_keys(['example_dynamic_task_mapping']) retrieved from /home/airflow/.local/lib/python3.7/site-packages/airflow/example_dags/example_dynamic_task_mapping.py
[2025-04-24T23:37:25.874+0000] {logging_mixin.py:137} INFO - [2025-04-24T23:37:25.874+0000] {dag.py:2690} INFO - Sync 1 DAGs
[2025-04-24T23:37:25.886+0000] {logging_mixin.py:137} INFO - [2025-04-24T23:37:25.886+0000] {dag.py:3441} INFO - Setting next_dagrun for example_dynamic_task_mapping to 2022-03-04T00:00:00+00:00, run_after=2022-03-05T00:00:00+00:00
[2025-04-24T23:37:25.895+0000] {processor.py:175} INFO - Processing /home/airflow/.local/lib/python3.7/site-packages/airflow/example_dags/example_dynamic_task_mapping.py took 0.043 seconds
[2025-04-24T23:37:56.369+0000] {processor.py:153} INFO - Started process (PID=2195) to work on /home/airflow/.local/lib/python3.7/site-packages/airflow/example_dags/example_dynamic_task_mapping.py
[2025-04-24T23:37:56.370+0000] {processor.py:743} INFO - Processing file /home/airflow/.local/lib/python3.7/site-packages/airflow/example_dags/example_dynamic_task_mapping.py for tasks to queue
[2025-04-24T23:37:56.371+0000] {logging_mixin.py:137} INFO - [2025-04-24T23:37:56.371+0000] {dagbag.py:538} INFO - Filling up the DagBag from /home/airflow/.local/lib/python3.7/site-packages/airflow/example_dags/example_dynamic_task_mapping.py
[2025-04-24T23:37:56.381+0000] {processor.py:753} INFO - DAG(s) dict_keys(['example_dynamic_task_mapping']) retrieved from /home/airflow/.local/lib/python3.7/site-packages/airflow/example_dags/example_dynamic_task_mapping.py
[2025-04-24T23:37:56.394+0000] {logging_mixin.py:137} INFO - [2025-04-24T23:37:56.394+0000] {dag.py:2690} INFO - Sync 1 DAGs
[2025-04-24T23:37:56.404+0000] {logging_mixin.py:137} INFO - [2025-04-24T23:37:56.404+0000] {dag.py:3441} INFO - Setting next_dagrun for example_dynamic_task_mapping to 2022-03-04T00:00:00+00:00, run_after=2022-03-05T00:00:00+00:00
[2025-04-24T23:37:56.416+0000] {processor.py:175} INFO - Processing /home/airflow/.local/lib/python3.7/site-packages/airflow/example_dags/example_dynamic_task_mapping.py took 0.049 seconds
[2025-04-24T23:38:27.017+0000] {processor.py:153} INFO - Started process (PID=2287) to work on /home/airflow/.local/lib/python3.7/site-packages/airflow/example_dags/example_dynamic_task_mapping.py
[2025-04-24T23:38:27.018+0000] {processor.py:743} INFO - Processing file /home/airflow/.local/lib/python3.7/site-packages/airflow/example_dags/example_dynamic_task_mapping.py for tasks to queue
[2025-04-24T23:38:27.019+0000] {logging_mixin.py:137} INFO - [2025-04-24T23:38:27.019+0000] {dagbag.py:538} INFO - Filling up the DagBag from /home/airflow/.local/lib/python3.7/site-packages/airflow/example_dags/example_dynamic_task_mapping.py
[2025-04-24T23:38:27.028+0000] {processor.py:753} INFO - DAG(s) dict_keys(['example_dynamic_task_mapping']) retrieved from /home/airflow/.local/lib/python3.7/site-packages/airflow/example_dags/example_dynamic_task_mapping.py
[2025-04-24T23:38:27.039+0000] {logging_mixin.py:137} INFO - [2025-04-24T23:38:27.039+0000] {dag.py:2690} INFO - Sync 1 DAGs
[2025-04-24T23:38:27.050+0000] {logging_mixin.py:137} INFO - [2025-04-24T23:38:27.050+0000] {dag.py:3441} INFO - Setting next_dagrun for example_dynamic_task_mapping to 2022-03-04T00:00:00+00:00, run_after=2022-03-05T00:00:00+00:00
[2025-04-24T23:38:27.061+0000] {processor.py:175} INFO - Processing /home/airflow/.local/lib/python3.7/site-packages/airflow/example_dags/example_dynamic_task_mapping.py took 0.046 seconds
[2025-04-24T23:38:57.726+0000] {processor.py:153} INFO - Started process (PID=2363) to work on /home/airflow/.local/lib/python3.7/site-packages/airflow/example_dags/example_dynamic_task_mapping.py
[2025-04-24T23:38:57.727+0000] {processor.py:743} INFO - Processing file /home/airflow/.local/lib/python3.7/site-packages/airflow/example_dags/example_dynamic_task_mapping.py for tasks to queue
[2025-04-24T23:38:57.728+0000] {logging_mixin.py:137} INFO - [2025-04-24T23:38:57.728+0000] {dagbag.py:538} INFO - Filling up the DagBag from /home/airflow/.local/lib/python3.7/site-packages/airflow/example_dags/example_dynamic_task_mapping.py
[2025-04-24T23:38:57.737+0000] {processor.py:753} INFO - DAG(s) dict_keys(['example_dynamic_task_mapping']) retrieved from /home/airflow/.local/lib/python3.7/site-packages/airflow/example_dags/example_dynamic_task_mapping.py
[2025-04-24T23:38:57.752+0000] {logging_mixin.py:137} INFO - [2025-04-24T23:38:57.752+0000] {dag.py:2690} INFO - Sync 1 DAGs
[2025-04-24T23:38:57.762+0000] {logging_mixin.py:137} INFO - [2025-04-24T23:38:57.762+0000] {dag.py:3441} INFO - Setting next_dagrun for example_dynamic_task_mapping to 2022-03-04T00:00:00+00:00, run_after=2022-03-05T00:00:00+00:00
[2025-04-24T23:38:57.771+0000] {processor.py:175} INFO - Processing /home/airflow/.local/lib/python3.7/site-packages/airflow/example_dags/example_dynamic_task_mapping.py took 0.047 seconds
[2025-04-24T23:39:28.306+0000] {processor.py:153} INFO - Started process (PID=2455) to work on /home/airflow/.local/lib/python3.7/site-packages/airflow/example_dags/example_dynamic_task_mapping.py
[2025-04-24T23:39:28.307+0000] {processor.py:743} INFO - Processing file /home/airflow/.local/lib/python3.7/site-packages/airflow/example_dags/example_dynamic_task_mapping.py for tasks to queue
[2025-04-24T23:39:28.308+0000] {logging_mixin.py:137} INFO - [2025-04-24T23:39:28.307+0000] {dagbag.py:538} INFO - Filling up the DagBag from /home/airflow/.local/lib/python3.7/site-packages/airflow/example_dags/example_dynamic_task_mapping.py
[2025-04-24T23:39:28.316+0000] {processor.py:753} INFO - DAG(s) dict_keys(['example_dynamic_task_mapping']) retrieved from /home/airflow/.local/lib/python3.7/site-packages/airflow/example_dags/example_dynamic_task_mapping.py
[2025-04-24T23:39:28.326+0000] {logging_mixin.py:137} INFO - [2025-04-24T23:39:28.326+0000] {dag.py:2690} INFO - Sync 1 DAGs
[2025-04-24T23:39:28.336+0000] {logging_mixin.py:137} INFO - [2025-04-24T23:39:28.336+0000] {dag.py:3441} INFO - Setting next_dagrun for example_dynamic_task_mapping to 2022-03-04T00:00:00+00:00, run_after=2022-03-05T00:00:00+00:00
[2025-04-24T23:39:28.343+0000] {processor.py:175} INFO - Processing /home/airflow/.local/lib/python3.7/site-packages/airflow/example_dags/example_dynamic_task_mapping.py took 0.038 seconds
[2025-04-24T23:39:58.827+0000] {processor.py:153} INFO - Started process (PID=2546) to work on /home/airflow/.local/lib/python3.7/site-packages/airflow/example_dags/example_dynamic_task_mapping.py
[2025-04-24T23:39:58.828+0000] {processor.py:743} INFO - Processing file /home/airflow/.local/lib/python3.7/site-packages/airflow/example_dags/example_dynamic_task_mapping.py for tasks to queue
[2025-04-24T23:39:58.829+0000] {logging_mixin.py:137} INFO - [2025-04-24T23:39:58.829+0000] {dagbag.py:538} INFO - Filling up the DagBag from /home/airflow/.local/lib/python3.7/site-packages/airflow/example_dags/example_dynamic_task_mapping.py
[2025-04-24T23:39:58.839+0000] {processor.py:753} INFO - DAG(s) dict_keys(['example_dynamic_task_mapping']) retrieved from /home/airflow/.local/lib/python3.7/site-packages/airflow/example_dags/example_dynamic_task_mapping.py
[2025-04-24T23:39:58.850+0000] {logging_mixin.py:137} INFO - [2025-04-24T23:39:58.850+0000] {dag.py:2690} INFO - Sync 1 DAGs
[2025-04-24T23:39:58.861+0000] {logging_mixin.py:137} INFO - [2025-04-24T23:39:58.861+0000] {dag.py:3441} INFO - Setting next_dagrun for example_dynamic_task_mapping to 2022-03-04T00:00:00+00:00, run_after=2022-03-05T00:00:00+00:00
[2025-04-24T23:39:58.868+0000] {processor.py:175} INFO - Processing /home/airflow/.local/lib/python3.7/site-packages/airflow/example_dags/example_dynamic_task_mapping.py took 0.042 seconds
[2025-04-24T23:40:29.324+0000] {processor.py:153} INFO - Started process (PID=2638) to work on /home/airflow/.local/lib/python3.7/site-packages/airflow/example_dags/example_dynamic_task_mapping.py
[2025-04-24T23:40:29.324+0000] {processor.py:743} INFO - Processing file /home/airflow/.local/lib/python3.7/site-packages/airflow/example_dags/example_dynamic_task_mapping.py for tasks to queue
[2025-04-24T23:40:29.325+0000] {logging_mixin.py:137} INFO - [2025-04-24T23:40:29.324+0000] {dagbag.py:538} INFO - Filling up the DagBag from /home/airflow/.local/lib/python3.7/site-packages/airflow/example_dags/example_dynamic_task_mapping.py
[2025-04-24T23:40:29.334+0000] {processor.py:753} INFO - DAG(s) dict_keys(['example_dynamic_task_mapping']) retrieved from /home/airflow/.local/lib/python3.7/site-packages/airflow/example_dags/example_dynamic_task_mapping.py
[2025-04-24T23:40:29.346+0000] {logging_mixin.py:137} INFO - [2025-04-24T23:40:29.346+0000] {dag.py:2690} INFO - Sync 1 DAGs
[2025-04-24T23:40:29.356+0000] {logging_mixin.py:137} INFO - [2025-04-24T23:40:29.356+0000] {dag.py:3441} INFO - Setting next_dagrun for example_dynamic_task_mapping to 2022-03-04T00:00:00+00:00, run_after=2022-03-05T00:00:00+00:00
[2025-04-24T23:40:29.366+0000] {processor.py:175} INFO - Processing /home/airflow/.local/lib/python3.7/site-packages/airflow/example_dags/example_dynamic_task_mapping.py took 0.043 seconds
[2025-04-24T23:40:59.851+0000] {processor.py:153} INFO - Started process (PID=2714) to work on /home/airflow/.local/lib/python3.7/site-packages/airflow/example_dags/example_dynamic_task_mapping.py
[2025-04-24T23:40:59.851+0000] {processor.py:743} INFO - Processing file /home/airflow/.local/lib/python3.7/site-packages/airflow/example_dags/example_dynamic_task_mapping.py for tasks to queue
[2025-04-24T23:40:59.852+0000] {logging_mixin.py:137} INFO - [2025-04-24T23:40:59.852+0000] {dagbag.py:538} INFO - Filling up the DagBag from /home/airflow/.local/lib/python3.7/site-packages/airflow/example_dags/example_dynamic_task_mapping.py
[2025-04-24T23:40:59.860+0000] {processor.py:753} INFO - DAG(s) dict_keys(['example_dynamic_task_mapping']) retrieved from /home/airflow/.local/lib/python3.7/site-packages/airflow/example_dags/example_dynamic_task_mapping.py
[2025-04-24T23:40:59.870+0000] {logging_mixin.py:137} INFO - [2025-04-24T23:40:59.870+0000] {dag.py:2690} INFO - Sync 1 DAGs
[2025-04-24T23:40:59.879+0000] {logging_mixin.py:137} INFO - [2025-04-24T23:40:59.879+0000] {dag.py:3441} INFO - Setting next_dagrun for example_dynamic_task_mapping to 2022-03-04T00:00:00+00:00, run_after=2022-03-05T00:00:00+00:00
[2025-04-24T23:40:59.886+0000] {processor.py:175} INFO - Processing /home/airflow/.local/lib/python3.7/site-packages/airflow/example_dags/example_dynamic_task_mapping.py took 0.036 seconds
[2025-04-24T23:41:30.455+0000] {processor.py:153} INFO - Started process (PID=2806) to work on /home/airflow/.local/lib/python3.7/site-packages/airflow/example_dags/example_dynamic_task_mapping.py
[2025-04-24T23:41:30.456+0000] {processor.py:743} INFO - Processing file /home/airflow/.local/lib/python3.7/site-packages/airflow/example_dags/example_dynamic_task_mapping.py for tasks to queue
[2025-04-24T23:41:30.456+0000] {logging_mixin.py:137} INFO - [2025-04-24T23:41:30.456+0000] {dagbag.py:538} INFO - Filling up the DagBag from /home/airflow/.local/lib/python3.7/site-packages/airflow/example_dags/example_dynamic_task_mapping.py
[2025-04-24T23:41:30.467+0000] {processor.py:753} INFO - DAG(s) dict_keys(['example_dynamic_task_mapping']) retrieved from /home/airflow/.local/lib/python3.7/site-packages/airflow/example_dags/example_dynamic_task_mapping.py
[2025-04-24T23:41:30.481+0000] {logging_mixin.py:137} INFO - [2025-04-24T23:41:30.481+0000] {dag.py:2690} INFO - Sync 1 DAGs
[2025-04-24T23:41:30.494+0000] {logging_mixin.py:137} INFO - [2025-04-24T23:41:30.494+0000] {dag.py:3441} INFO - Setting next_dagrun for example_dynamic_task_mapping to 2022-03-04T00:00:00+00:00, run_after=2022-03-05T00:00:00+00:00
[2025-04-24T23:41:30.503+0000] {processor.py:175} INFO - Processing /home/airflow/.local/lib/python3.7/site-packages/airflow/example_dags/example_dynamic_task_mapping.py took 0.050 seconds
[2025-04-24T23:42:01.118+0000] {processor.py:153} INFO - Started process (PID=2898) to work on /home/airflow/.local/lib/python3.7/site-packages/airflow/example_dags/example_dynamic_task_mapping.py
[2025-04-24T23:42:01.119+0000] {processor.py:743} INFO - Processing file /home/airflow/.local/lib/python3.7/site-packages/airflow/example_dags/example_dynamic_task_mapping.py for tasks to queue
[2025-04-24T23:42:01.120+0000] {logging_mixin.py:137} INFO - [2025-04-24T23:42:01.120+0000] {dagbag.py:538} INFO - Filling up the DagBag from /home/airflow/.local/lib/python3.7/site-packages/airflow/example_dags/example_dynamic_task_mapping.py
[2025-04-24T23:42:01.129+0000] {processor.py:753} INFO - DAG(s) dict_keys(['example_dynamic_task_mapping']) retrieved from /home/airflow/.local/lib/python3.7/site-packages/airflow/example_dags/example_dynamic_task_mapping.py
[2025-04-24T23:42:01.141+0000] {logging_mixin.py:137} INFO - [2025-04-24T23:42:01.141+0000] {dag.py:2690} INFO - Sync 1 DAGs
[2025-04-24T23:42:01.153+0000] {logging_mixin.py:137} INFO - [2025-04-24T23:42:01.153+0000] {dag.py:3441} INFO - Setting next_dagrun for example_dynamic_task_mapping to 2022-03-04T00:00:00+00:00, run_after=2022-03-05T00:00:00+00:00
[2025-04-24T23:42:01.162+0000] {processor.py:175} INFO - Processing /home/airflow/.local/lib/python3.7/site-packages/airflow/example_dags/example_dynamic_task_mapping.py took 0.045 seconds
[2025-04-24T23:42:31.774+0000] {processor.py:153} INFO - Started process (PID=2990) to work on /home/airflow/.local/lib/python3.7/site-packages/airflow/example_dags/example_dynamic_task_mapping.py
[2025-04-24T23:42:31.776+0000] {processor.py:743} INFO - Processing file /home/airflow/.local/lib/python3.7/site-packages/airflow/example_dags/example_dynamic_task_mapping.py for tasks to queue
[2025-04-24T23:42:31.777+0000] {logging_mixin.py:137} INFO - [2025-04-24T23:42:31.777+0000] {dagbag.py:538} INFO - Filling up the DagBag from /home/airflow/.local/lib/python3.7/site-packages/airflow/example_dags/example_dynamic_task_mapping.py
[2025-04-24T23:42:31.787+0000] {processor.py:753} INFO - DAG(s) dict_keys(['example_dynamic_task_mapping']) retrieved from /home/airflow/.local/lib/python3.7/site-packages/airflow/example_dags/example_dynamic_task_mapping.py
[2025-04-24T23:42:31.799+0000] {logging_mixin.py:137} INFO - [2025-04-24T23:42:31.799+0000] {dag.py:2690} INFO - Sync 1 DAGs
[2025-04-24T23:42:31.811+0000] {logging_mixin.py:137} INFO - [2025-04-24T23:42:31.811+0000] {dag.py:3441} INFO - Setting next_dagrun for example_dynamic_task_mapping to 2022-03-04T00:00:00+00:00, run_after=2022-03-05T00:00:00+00:00
[2025-04-24T23:42:31.823+0000] {processor.py:175} INFO - Processing /home/airflow/.local/lib/python3.7/site-packages/airflow/example_dags/example_dynamic_task_mapping.py took 0.050 seconds
[2025-04-24T23:43:02.475+0000] {processor.py:153} INFO - Started process (PID=3082) to work on /home/airflow/.local/lib/python3.7/site-packages/airflow/example_dags/example_dynamic_task_mapping.py
[2025-04-24T23:43:02.475+0000] {processor.py:743} INFO - Processing file /home/airflow/.local/lib/python3.7/site-packages/airflow/example_dags/example_dynamic_task_mapping.py for tasks to queue
[2025-04-24T23:43:02.476+0000] {logging_mixin.py:137} INFO - [2025-04-24T23:43:02.476+0000] {dagbag.py:538} INFO - Filling up the DagBag from /home/airflow/.local/lib/python3.7/site-packages/airflow/example_dags/example_dynamic_task_mapping.py
[2025-04-24T23:43:02.485+0000] {processor.py:753} INFO - DAG(s) dict_keys(['example_dynamic_task_mapping']) retrieved from /home/airflow/.local/lib/python3.7/site-packages/airflow/example_dags/example_dynamic_task_mapping.py
[2025-04-24T23:43:02.494+0000] {logging_mixin.py:137} INFO - [2025-04-24T23:43:02.494+0000] {dag.py:2690} INFO - Sync 1 DAGs
[2025-04-24T23:43:02.505+0000] {logging_mixin.py:137} INFO - [2025-04-24T23:43:02.505+0000] {dag.py:3441} INFO - Setting next_dagrun for example_dynamic_task_mapping to 2022-03-04T00:00:00+00:00, run_after=2022-03-05T00:00:00+00:00
[2025-04-24T23:43:02.514+0000] {processor.py:175} INFO - Processing /home/airflow/.local/lib/python3.7/site-packages/airflow/example_dags/example_dynamic_task_mapping.py took 0.041 seconds
[2025-04-24T23:43:33.105+0000] {processor.py:153} INFO - Started process (PID=3158) to work on /home/airflow/.local/lib/python3.7/site-packages/airflow/example_dags/example_dynamic_task_mapping.py
[2025-04-24T23:43:33.109+0000] {processor.py:743} INFO - Processing file /home/airflow/.local/lib/python3.7/site-packages/airflow/example_dags/example_dynamic_task_mapping.py for tasks to queue
[2025-04-24T23:43:33.109+0000] {logging_mixin.py:137} INFO - [2025-04-24T23:43:33.109+0000] {dagbag.py:538} INFO - Filling up the DagBag from /home/airflow/.local/lib/python3.7/site-packages/airflow/example_dags/example_dynamic_task_mapping.py
[2025-04-24T23:43:33.119+0000] {processor.py:753} INFO - DAG(s) dict_keys(['example_dynamic_task_mapping']) retrieved from /home/airflow/.local/lib/python3.7/site-packages/airflow/example_dags/example_dynamic_task_mapping.py
[2025-04-24T23:43:33.137+0000] {logging_mixin.py:137} INFO - [2025-04-24T23:43:33.137+0000] {dag.py:2690} INFO - Sync 1 DAGs
[2025-04-24T23:43:33.149+0000] {logging_mixin.py:137} INFO - [2025-04-24T23:43:33.149+0000] {dag.py:3441} INFO - Setting next_dagrun for example_dynamic_task_mapping to 2022-03-04T00:00:00+00:00, run_after=2022-03-05T00:00:00+00:00
[2025-04-24T23:43:33.156+0000] {processor.py:175} INFO - Processing /home/airflow/.local/lib/python3.7/site-packages/airflow/example_dags/example_dynamic_task_mapping.py took 0.053 seconds
[2025-04-24T23:44:03.627+0000] {processor.py:153} INFO - Started process (PID=3250) to work on /home/airflow/.local/lib/python3.7/site-packages/airflow/example_dags/example_dynamic_task_mapping.py
[2025-04-24T23:44:03.628+0000] {processor.py:743} INFO - Processing file /home/airflow/.local/lib/python3.7/site-packages/airflow/example_dags/example_dynamic_task_mapping.py for tasks to queue
[2025-04-24T23:44:03.629+0000] {logging_mixin.py:137} INFO - [2025-04-24T23:44:03.629+0000] {dagbag.py:538} INFO - Filling up the DagBag from /home/airflow/.local/lib/python3.7/site-packages/airflow/example_dags/example_dynamic_task_mapping.py
[2025-04-24T23:44:03.638+0000] {processor.py:753} INFO - DAG(s) dict_keys(['example_dynamic_task_mapping']) retrieved from /home/airflow/.local/lib/python3.7/site-packages/airflow/example_dags/example_dynamic_task_mapping.py
[2025-04-24T23:44:03.652+0000] {logging_mixin.py:137} INFO - [2025-04-24T23:44:03.652+0000] {dag.py:2690} INFO - Sync 1 DAGs
[2025-04-24T23:44:03.662+0000] {logging_mixin.py:137} INFO - [2025-04-24T23:44:03.662+0000] {dag.py:3441} INFO - Setting next_dagrun for example_dynamic_task_mapping to 2022-03-04T00:00:00+00:00, run_after=2022-03-05T00:00:00+00:00
[2025-04-24T23:44:03.673+0000] {processor.py:175} INFO - Processing /home/airflow/.local/lib/python3.7/site-packages/airflow/example_dags/example_dynamic_task_mapping.py took 0.048 seconds
[2025-04-24T23:44:34.168+0000] {processor.py:153} INFO - Started process (PID=3342) to work on /home/airflow/.local/lib/python3.7/site-packages/airflow/example_dags/example_dynamic_task_mapping.py
[2025-04-24T23:44:34.168+0000] {processor.py:743} INFO - Processing file /home/airflow/.local/lib/python3.7/site-packages/airflow/example_dags/example_dynamic_task_mapping.py for tasks to queue
[2025-04-24T23:44:34.169+0000] {logging_mixin.py:137} INFO - [2025-04-24T23:44:34.169+0000] {dagbag.py:538} INFO - Filling up the DagBag from /home/airflow/.local/lib/python3.7/site-packages/airflow/example_dags/example_dynamic_task_mapping.py
[2025-04-24T23:44:34.178+0000] {processor.py:753} INFO - DAG(s) dict_keys(['example_dynamic_task_mapping']) retrieved from /home/airflow/.local/lib/python3.7/site-packages/airflow/example_dags/example_dynamic_task_mapping.py
[2025-04-24T23:44:34.194+0000] {logging_mixin.py:137} INFO - [2025-04-24T23:44:34.194+0000] {dag.py:2690} INFO - Sync 1 DAGs
[2025-04-24T23:44:34.205+0000] {logging_mixin.py:137} INFO - [2025-04-24T23:44:34.205+0000] {dag.py:3441} INFO - Setting next_dagrun for example_dynamic_task_mapping to 2022-03-04T00:00:00+00:00, run_after=2022-03-05T00:00:00+00:00
[2025-04-24T23:44:34.213+0000] {processor.py:175} INFO - Processing /home/airflow/.local/lib/python3.7/site-packages/airflow/example_dags/example_dynamic_task_mapping.py took 0.047 seconds
[2025-04-24T23:45:04.668+0000] {processor.py:153} INFO - Started process (PID=3434) to work on /home/airflow/.local/lib/python3.7/site-packages/airflow/example_dags/example_dynamic_task_mapping.py
[2025-04-24T23:45:04.669+0000] {processor.py:743} INFO - Processing file /home/airflow/.local/lib/python3.7/site-packages/airflow/example_dags/example_dynamic_task_mapping.py for tasks to queue
[2025-04-24T23:45:04.669+0000] {logging_mixin.py:137} INFO - [2025-04-24T23:45:04.669+0000] {dagbag.py:538} INFO - Filling up the DagBag from /home/airflow/.local/lib/python3.7/site-packages/airflow/example_dags/example_dynamic_task_mapping.py
[2025-04-24T23:45:04.678+0000] {processor.py:753} INFO - DAG(s) dict_keys(['example_dynamic_task_mapping']) retrieved from /home/airflow/.local/lib/python3.7/site-packages/airflow/example_dags/example_dynamic_task_mapping.py
[2025-04-24T23:45:04.687+0000] {logging_mixin.py:137} INFO - [2025-04-24T23:45:04.687+0000] {dag.py:2690} INFO - Sync 1 DAGs
[2025-04-24T23:45:04.698+0000] {logging_mixin.py:137} INFO - [2025-04-24T23:45:04.698+0000] {dag.py:3441} INFO - Setting next_dagrun for example_dynamic_task_mapping to 2022-03-04T00:00:00+00:00, run_after=2022-03-05T00:00:00+00:00
[2025-04-24T23:45:04.712+0000] {processor.py:175} INFO - Processing /home/airflow/.local/lib/python3.7/site-packages/airflow/example_dags/example_dynamic_task_mapping.py took 0.046 seconds
[2025-04-24T23:45:35.268+0000] {processor.py:153} INFO - Started process (PID=3510) to work on /home/airflow/.local/lib/python3.7/site-packages/airflow/example_dags/example_dynamic_task_mapping.py
[2025-04-24T23:45:35.269+0000] {processor.py:743} INFO - Processing file /home/airflow/.local/lib/python3.7/site-packages/airflow/example_dags/example_dynamic_task_mapping.py for tasks to queue
[2025-04-24T23:45:35.269+0000] {logging_mixin.py:137} INFO - [2025-04-24T23:45:35.269+0000] {dagbag.py:538} INFO - Filling up the DagBag from /home/airflow/.local/lib/python3.7/site-packages/airflow/example_dags/example_dynamic_task_mapping.py
[2025-04-24T23:45:35.279+0000] {processor.py:753} INFO - DAG(s) dict_keys(['example_dynamic_task_mapping']) retrieved from /home/airflow/.local/lib/python3.7/site-packages/airflow/example_dags/example_dynamic_task_mapping.py
[2025-04-24T23:45:35.291+0000] {logging_mixin.py:137} INFO - [2025-04-24T23:45:35.291+0000] {dag.py:2690} INFO - Sync 1 DAGs
[2025-04-24T23:45:35.302+0000] {logging_mixin.py:137} INFO - [2025-04-24T23:45:35.302+0000] {dag.py:3441} INFO - Setting next_dagrun for example_dynamic_task_mapping to 2022-03-04T00:00:00+00:00, run_after=2022-03-05T00:00:00+00:00
[2025-04-24T23:45:35.312+0000] {processor.py:175} INFO - Processing /home/airflow/.local/lib/python3.7/site-packages/airflow/example_dags/example_dynamic_task_mapping.py took 0.046 seconds
[2025-04-24T23:46:05.795+0000] {processor.py:153} INFO - Started process (PID=3602) to work on /home/airflow/.local/lib/python3.7/site-packages/airflow/example_dags/example_dynamic_task_mapping.py
[2025-04-24T23:46:05.796+0000] {processor.py:743} INFO - Processing file /home/airflow/.local/lib/python3.7/site-packages/airflow/example_dags/example_dynamic_task_mapping.py for tasks to queue
[2025-04-24T23:46:05.796+0000] {logging_mixin.py:137} INFO - [2025-04-24T23:46:05.796+0000] {dagbag.py:538} INFO - Filling up the DagBag from /home/airflow/.local/lib/python3.7/site-packages/airflow/example_dags/example_dynamic_task_mapping.py
[2025-04-24T23:46:05.805+0000] {processor.py:753} INFO - DAG(s) dict_keys(['example_dynamic_task_mapping']) retrieved from /home/airflow/.local/lib/python3.7/site-packages/airflow/example_dags/example_dynamic_task_mapping.py
[2025-04-24T23:46:05.816+0000] {logging_mixin.py:137} INFO - [2025-04-24T23:46:05.816+0000] {dag.py:2690} INFO - Sync 1 DAGs
[2025-04-24T23:46:05.827+0000] {logging_mixin.py:137} INFO - [2025-04-24T23:46:05.827+0000] {dag.py:3441} INFO - Setting next_dagrun for example_dynamic_task_mapping to 2022-03-04T00:00:00+00:00, run_after=2022-03-05T00:00:00+00:00
[2025-04-24T23:46:05.833+0000] {processor.py:175} INFO - Processing /home/airflow/.local/lib/python3.7/site-packages/airflow/example_dags/example_dynamic_task_mapping.py took 0.039 seconds
[2025-04-24T23:46:36.277+0000] {processor.py:153} INFO - Started process (PID=3694) to work on /home/airflow/.local/lib/python3.7/site-packages/airflow/example_dags/example_dynamic_task_mapping.py
[2025-04-24T23:46:36.277+0000] {processor.py:743} INFO - Processing file /home/airflow/.local/lib/python3.7/site-packages/airflow/example_dags/example_dynamic_task_mapping.py for tasks to queue
[2025-04-24T23:46:36.278+0000] {logging_mixin.py:137} INFO - [2025-04-24T23:46:36.278+0000] {dagbag.py:538} INFO - Filling up the DagBag from /home/airflow/.local/lib/python3.7/site-packages/airflow/example_dags/example_dynamic_task_mapping.py
[2025-04-24T23:46:36.287+0000] {processor.py:753} INFO - DAG(s) dict_keys(['example_dynamic_task_mapping']) retrieved from /home/airflow/.local/lib/python3.7/site-packages/airflow/example_dags/example_dynamic_task_mapping.py
[2025-04-24T23:46:36.302+0000] {logging_mixin.py:137} INFO - [2025-04-24T23:46:36.301+0000] {dag.py:2690} INFO - Sync 1 DAGs
[2025-04-24T23:46:36.312+0000] {logging_mixin.py:137} INFO - [2025-04-24T23:46:36.312+0000] {dag.py:3441} INFO - Setting next_dagrun for example_dynamic_task_mapping to 2022-03-04T00:00:00+00:00, run_after=2022-03-05T00:00:00+00:00
[2025-04-24T23:46:36.319+0000] {processor.py:175} INFO - Processing /home/airflow/.local/lib/python3.7/site-packages/airflow/example_dags/example_dynamic_task_mapping.py took 0.044 seconds
[2025-04-24T23:47:06.813+0000] {processor.py:153} INFO - Started process (PID=3786) to work on /home/airflow/.local/lib/python3.7/site-packages/airflow/example_dags/example_dynamic_task_mapping.py
[2025-04-24T23:47:06.814+0000] {processor.py:743} INFO - Processing file /home/airflow/.local/lib/python3.7/site-packages/airflow/example_dags/example_dynamic_task_mapping.py for tasks to queue
[2025-04-24T23:47:06.814+0000] {logging_mixin.py:137} INFO - [2025-04-24T23:47:06.814+0000] {dagbag.py:538} INFO - Filling up the DagBag from /home/airflow/.local/lib/python3.7/site-packages/airflow/example_dags/example_dynamic_task_mapping.py
[2025-04-24T23:47:06.823+0000] {processor.py:753} INFO - DAG(s) dict_keys(['example_dynamic_task_mapping']) retrieved from /home/airflow/.local/lib/python3.7/site-packages/airflow/example_dags/example_dynamic_task_mapping.py
[2025-04-24T23:47:06.834+0000] {logging_mixin.py:137} INFO - [2025-04-24T23:47:06.834+0000] {dag.py:2690} INFO - Sync 1 DAGs
[2025-04-24T23:47:06.845+0000] {logging_mixin.py:137} INFO - [2025-04-24T23:47:06.845+0000] {dag.py:3441} INFO - Setting next_dagrun for example_dynamic_task_mapping to 2022-03-04T00:00:00+00:00, run_after=2022-03-05T00:00:00+00:00
[2025-04-24T23:47:06.851+0000] {processor.py:175} INFO - Processing /home/airflow/.local/lib/python3.7/site-packages/airflow/example_dags/example_dynamic_task_mapping.py took 0.040 seconds
[2025-04-24T23:47:37.589+0000] {processor.py:153} INFO - Started process (PID=3878) to work on /home/airflow/.local/lib/python3.7/site-packages/airflow/example_dags/example_dynamic_task_mapping.py
[2025-04-24T23:47:37.589+0000] {processor.py:743} INFO - Processing file /home/airflow/.local/lib/python3.7/site-packages/airflow/example_dags/example_dynamic_task_mapping.py for tasks to queue
[2025-04-24T23:47:37.590+0000] {logging_mixin.py:137} INFO - [2025-04-24T23:47:37.590+0000] {dagbag.py:538} INFO - Filling up the DagBag from /home/airflow/.local/lib/python3.7/site-packages/airflow/example_dags/example_dynamic_task_mapping.py
[2025-04-24T23:47:37.605+0000] {processor.py:753} INFO - DAG(s) dict_keys(['example_dynamic_task_mapping']) retrieved from /home/airflow/.local/lib/python3.7/site-packages/airflow/example_dags/example_dynamic_task_mapping.py
[2025-04-24T23:47:37.628+0000] {logging_mixin.py:137} INFO - [2025-04-24T23:47:37.628+0000] {dag.py:2690} INFO - Sync 1 DAGs
[2025-04-24T23:47:37.641+0000] {logging_mixin.py:137} INFO - [2025-04-24T23:47:37.641+0000] {dag.py:3441} INFO - Setting next_dagrun for example_dynamic_task_mapping to 2022-03-04T00:00:00+00:00, run_after=2022-03-05T00:00:00+00:00
[2025-04-24T23:47:37.653+0000] {processor.py:175} INFO - Processing /home/airflow/.local/lib/python3.7/site-packages/airflow/example_dags/example_dynamic_task_mapping.py took 0.067 seconds
[2025-04-24T23:48:08.140+0000] {processor.py:153} INFO - Started process (PID=3953) to work on /home/airflow/.local/lib/python3.7/site-packages/airflow/example_dags/example_dynamic_task_mapping.py
[2025-04-24T23:48:08.143+0000] {processor.py:743} INFO - Processing file /home/airflow/.local/lib/python3.7/site-packages/airflow/example_dags/example_dynamic_task_mapping.py for tasks to queue
[2025-04-24T23:48:08.143+0000] {logging_mixin.py:137} INFO - [2025-04-24T23:48:08.143+0000] {dagbag.py:538} INFO - Filling up the DagBag from /home/airflow/.local/lib/python3.7/site-packages/airflow/example_dags/example_dynamic_task_mapping.py
[2025-04-24T23:48:08.153+0000] {processor.py:753} INFO - DAG(s) dict_keys(['example_dynamic_task_mapping']) retrieved from /home/airflow/.local/lib/python3.7/site-packages/airflow/example_dags/example_dynamic_task_mapping.py
[2025-04-24T23:48:08.163+0000] {logging_mixin.py:137} INFO - [2025-04-24T23:48:08.163+0000] {dag.py:2690} INFO - Sync 1 DAGs
[2025-04-24T23:48:08.174+0000] {logging_mixin.py:137} INFO - [2025-04-24T23:48:08.174+0000] {dag.py:3441} INFO - Setting next_dagrun for example_dynamic_task_mapping to 2022-03-04T00:00:00+00:00, run_after=2022-03-05T00:00:00+00:00
[2025-04-24T23:48:08.185+0000] {processor.py:175} INFO - Processing /home/airflow/.local/lib/python3.7/site-packages/airflow/example_dags/example_dynamic_task_mapping.py took 0.046 seconds
[2025-04-24T23:48:38.656+0000] {processor.py:153} INFO - Started process (PID=4045) to work on /home/airflow/.local/lib/python3.7/site-packages/airflow/example_dags/example_dynamic_task_mapping.py
[2025-04-24T23:48:38.656+0000] {processor.py:743} INFO - Processing file /home/airflow/.local/lib/python3.7/site-packages/airflow/example_dags/example_dynamic_task_mapping.py for tasks to queue
[2025-04-24T23:48:38.657+0000] {logging_mixin.py:137} INFO - [2025-04-24T23:48:38.657+0000] {dagbag.py:538} INFO - Filling up the DagBag from /home/airflow/.local/lib/python3.7/site-packages/airflow/example_dags/example_dynamic_task_mapping.py
[2025-04-24T23:48:38.666+0000] {processor.py:753} INFO - DAG(s) dict_keys(['example_dynamic_task_mapping']) retrieved from /home/airflow/.local/lib/python3.7/site-packages/airflow/example_dags/example_dynamic_task_mapping.py
[2025-04-24T23:48:38.676+0000] {logging_mixin.py:137} INFO - [2025-04-24T23:48:38.676+0000] {dag.py:2690} INFO - Sync 1 DAGs
[2025-04-24T23:48:38.689+0000] {logging_mixin.py:137} INFO - [2025-04-24T23:48:38.689+0000] {dag.py:3441} INFO - Setting next_dagrun for example_dynamic_task_mapping to 2022-03-04T00:00:00+00:00, run_after=2022-03-05T00:00:00+00:00
[2025-04-24T23:48:38.697+0000] {processor.py:175} INFO - Processing /home/airflow/.local/lib/python3.7/site-packages/airflow/example_dags/example_dynamic_task_mapping.py took 0.043 seconds
[2025-04-24T23:49:09.153+0000] {processor.py:153} INFO - Started process (PID=4137) to work on /home/airflow/.local/lib/python3.7/site-packages/airflow/example_dags/example_dynamic_task_mapping.py
[2025-04-24T23:49:09.155+0000] {processor.py:743} INFO - Processing file /home/airflow/.local/lib/python3.7/site-packages/airflow/example_dags/example_dynamic_task_mapping.py for tasks to queue
[2025-04-24T23:49:09.155+0000] {logging_mixin.py:137} INFO - [2025-04-24T23:49:09.155+0000] {dagbag.py:538} INFO - Filling up the DagBag from /home/airflow/.local/lib/python3.7/site-packages/airflow/example_dags/example_dynamic_task_mapping.py
[2025-04-24T23:49:09.165+0000] {processor.py:753} INFO - DAG(s) dict_keys(['example_dynamic_task_mapping']) retrieved from /home/airflow/.local/lib/python3.7/site-packages/airflow/example_dags/example_dynamic_task_mapping.py
[2025-04-24T23:49:09.175+0000] {logging_mixin.py:137} INFO - [2025-04-24T23:49:09.175+0000] {dag.py:2690} INFO - Sync 1 DAGs
[2025-04-24T23:49:09.185+0000] {logging_mixin.py:137} INFO - [2025-04-24T23:49:09.185+0000] {dag.py:3441} INFO - Setting next_dagrun for example_dynamic_task_mapping to 2022-03-04T00:00:00+00:00, run_after=2022-03-05T00:00:00+00:00
[2025-04-24T23:49:09.196+0000] {processor.py:175} INFO - Processing /home/airflow/.local/lib/python3.7/site-packages/airflow/example_dags/example_dynamic_task_mapping.py took 0.044 seconds
[2025-04-24T23:56:17.535+0000] {processor.py:153} INFO - Started process (PID=4213) to work on /home/airflow/.local/lib/python3.7/site-packages/airflow/example_dags/example_dynamic_task_mapping.py
[2025-04-24T23:56:17.536+0000] {processor.py:743} INFO - Processing file /home/airflow/.local/lib/python3.7/site-packages/airflow/example_dags/example_dynamic_task_mapping.py for tasks to queue
[2025-04-24T23:56:17.536+0000] {logging_mixin.py:137} INFO - [2025-04-24T23:56:17.536+0000] {dagbag.py:538} INFO - Filling up the DagBag from /home/airflow/.local/lib/python3.7/site-packages/airflow/example_dags/example_dynamic_task_mapping.py
[2025-04-24T23:56:17.546+0000] {processor.py:753} INFO - DAG(s) dict_keys(['example_dynamic_task_mapping']) retrieved from /home/airflow/.local/lib/python3.7/site-packages/airflow/example_dags/example_dynamic_task_mapping.py
[2025-04-24T23:56:17.559+0000] {logging_mixin.py:137} INFO - [2025-04-24T23:56:17.559+0000] {dag.py:2690} INFO - Sync 1 DAGs
[2025-04-24T23:56:17.570+0000] {logging_mixin.py:137} INFO - [2025-04-24T23:56:17.570+0000] {dag.py:3441} INFO - Setting next_dagrun for example_dynamic_task_mapping to 2022-03-04T00:00:00+00:00, run_after=2022-03-05T00:00:00+00:00
[2025-04-24T23:56:17.578+0000] {processor.py:175} INFO - Processing /home/airflow/.local/lib/python3.7/site-packages/airflow/example_dags/example_dynamic_task_mapping.py took 0.044 seconds
[2025-04-24T23:56:48.102+0000] {processor.py:153} INFO - Started process (PID=4289) to work on /home/airflow/.local/lib/python3.7/site-packages/airflow/example_dags/example_dynamic_task_mapping.py
[2025-04-24T23:56:48.103+0000] {processor.py:743} INFO - Processing file /home/airflow/.local/lib/python3.7/site-packages/airflow/example_dags/example_dynamic_task_mapping.py for tasks to queue
[2025-04-24T23:56:48.103+0000] {logging_mixin.py:137} INFO - [2025-04-24T23:56:48.103+0000] {dagbag.py:538} INFO - Filling up the DagBag from /home/airflow/.local/lib/python3.7/site-packages/airflow/example_dags/example_dynamic_task_mapping.py
[2025-04-24T23:56:48.112+0000] {processor.py:753} INFO - DAG(s) dict_keys(['example_dynamic_task_mapping']) retrieved from /home/airflow/.local/lib/python3.7/site-packages/airflow/example_dags/example_dynamic_task_mapping.py
[2025-04-24T23:56:48.122+0000] {logging_mixin.py:137} INFO - [2025-04-24T23:56:48.122+0000] {dag.py:2690} INFO - Sync 1 DAGs
[2025-04-24T23:56:48.133+0000] {logging_mixin.py:137} INFO - [2025-04-24T23:56:48.133+0000] {dag.py:3441} INFO - Setting next_dagrun for example_dynamic_task_mapping to 2022-03-04T00:00:00+00:00, run_after=2022-03-05T00:00:00+00:00
[2025-04-24T23:56:48.143+0000] {processor.py:175} INFO - Processing /home/airflow/.local/lib/python3.7/site-packages/airflow/example_dags/example_dynamic_task_mapping.py took 0.042 seconds
[2025-04-24T23:57:18.658+0000] {processor.py:153} INFO - Started process (PID=4381) to work on /home/airflow/.local/lib/python3.7/site-packages/airflow/example_dags/example_dynamic_task_mapping.py
[2025-04-24T23:57:18.659+0000] {processor.py:743} INFO - Processing file /home/airflow/.local/lib/python3.7/site-packages/airflow/example_dags/example_dynamic_task_mapping.py for tasks to queue
[2025-04-24T23:57:18.660+0000] {logging_mixin.py:137} INFO - [2025-04-24T23:57:18.660+0000] {dagbag.py:538} INFO - Filling up the DagBag from /home/airflow/.local/lib/python3.7/site-packages/airflow/example_dags/example_dynamic_task_mapping.py
[2025-04-24T23:57:18.669+0000] {processor.py:753} INFO - DAG(s) dict_keys(['example_dynamic_task_mapping']) retrieved from /home/airflow/.local/lib/python3.7/site-packages/airflow/example_dags/example_dynamic_task_mapping.py
[2025-04-24T23:57:18.685+0000] {logging_mixin.py:137} INFO - [2025-04-24T23:57:18.685+0000] {dag.py:2690} INFO - Sync 1 DAGs
[2025-04-24T23:57:18.698+0000] {logging_mixin.py:137} INFO - [2025-04-24T23:57:18.698+0000] {dag.py:3441} INFO - Setting next_dagrun for example_dynamic_task_mapping to 2022-03-04T00:00:00+00:00, run_after=2022-03-05T00:00:00+00:00
[2025-04-24T23:57:18.706+0000] {processor.py:175} INFO - Processing /home/airflow/.local/lib/python3.7/site-packages/airflow/example_dags/example_dynamic_task_mapping.py took 0.049 seconds
[2025-04-24T23:57:49.091+0000] {processor.py:153} INFO - Started process (PID=4473) to work on /home/airflow/.local/lib/python3.7/site-packages/airflow/example_dags/example_dynamic_task_mapping.py
[2025-04-24T23:57:49.092+0000] {processor.py:743} INFO - Processing file /home/airflow/.local/lib/python3.7/site-packages/airflow/example_dags/example_dynamic_task_mapping.py for tasks to queue
[2025-04-24T23:57:49.093+0000] {logging_mixin.py:137} INFO - [2025-04-24T23:57:49.093+0000] {dagbag.py:538} INFO - Filling up the DagBag from /home/airflow/.local/lib/python3.7/site-packages/airflow/example_dags/example_dynamic_task_mapping.py
[2025-04-24T23:57:49.101+0000] {processor.py:753} INFO - DAG(s) dict_keys(['example_dynamic_task_mapping']) retrieved from /home/airflow/.local/lib/python3.7/site-packages/airflow/example_dags/example_dynamic_task_mapping.py
[2025-04-24T23:57:49.110+0000] {logging_mixin.py:137} INFO - [2025-04-24T23:57:49.110+0000] {dag.py:2690} INFO - Sync 1 DAGs
[2025-04-24T23:57:49.121+0000] {logging_mixin.py:137} INFO - [2025-04-24T23:57:49.121+0000] {dag.py:3441} INFO - Setting next_dagrun for example_dynamic_task_mapping to 2022-03-04T00:00:00+00:00, run_after=2022-03-05T00:00:00+00:00
[2025-04-24T23:57:49.129+0000] {processor.py:175} INFO - Processing /home/airflow/.local/lib/python3.7/site-packages/airflow/example_dags/example_dynamic_task_mapping.py took 0.040 seconds
[2025-04-24T23:58:19.668+0000] {processor.py:153} INFO - Started process (PID=4565) to work on /home/airflow/.local/lib/python3.7/site-packages/airflow/example_dags/example_dynamic_task_mapping.py
[2025-04-24T23:58:19.669+0000] {processor.py:743} INFO - Processing file /home/airflow/.local/lib/python3.7/site-packages/airflow/example_dags/example_dynamic_task_mapping.py for tasks to queue
[2025-04-24T23:58:19.672+0000] {logging_mixin.py:137} INFO - [2025-04-24T23:58:19.672+0000] {dagbag.py:538} INFO - Filling up the DagBag from /home/airflow/.local/lib/python3.7/site-packages/airflow/example_dags/example_dynamic_task_mapping.py
[2025-04-24T23:58:19.680+0000] {processor.py:753} INFO - DAG(s) dict_keys(['example_dynamic_task_mapping']) retrieved from /home/airflow/.local/lib/python3.7/site-packages/airflow/example_dags/example_dynamic_task_mapping.py
[2025-04-24T23:58:19.690+0000] {logging_mixin.py:137} INFO - [2025-04-24T23:58:19.690+0000] {dag.py:2690} INFO - Sync 1 DAGs
[2025-04-24T23:58:19.700+0000] {logging_mixin.py:137} INFO - [2025-04-24T23:58:19.700+0000] {dag.py:3441} INFO - Setting next_dagrun for example_dynamic_task_mapping to 2022-03-04T00:00:00+00:00, run_after=2022-03-05T00:00:00+00:00
[2025-04-24T23:58:19.707+0000] {processor.py:175} INFO - Processing /home/airflow/.local/lib/python3.7/site-packages/airflow/example_dags/example_dynamic_task_mapping.py took 0.040 seconds
[2025-04-24T23:58:50.138+0000] {processor.py:153} INFO - Started process (PID=4640) to work on /home/airflow/.local/lib/python3.7/site-packages/airflow/example_dags/example_dynamic_task_mapping.py
[2025-04-24T23:58:50.138+0000] {processor.py:743} INFO - Processing file /home/airflow/.local/lib/python3.7/site-packages/airflow/example_dags/example_dynamic_task_mapping.py for tasks to queue
[2025-04-24T23:58:50.139+0000] {logging_mixin.py:137} INFO - [2025-04-24T23:58:50.139+0000] {dagbag.py:538} INFO - Filling up the DagBag from /home/airflow/.local/lib/python3.7/site-packages/airflow/example_dags/example_dynamic_task_mapping.py
[2025-04-24T23:58:50.147+0000] {processor.py:753} INFO - DAG(s) dict_keys(['example_dynamic_task_mapping']) retrieved from /home/airflow/.local/lib/python3.7/site-packages/airflow/example_dags/example_dynamic_task_mapping.py
[2025-04-24T23:58:50.157+0000] {logging_mixin.py:137} INFO - [2025-04-24T23:58:50.156+0000] {dag.py:2690} INFO - Sync 1 DAGs
[2025-04-24T23:58:50.167+0000] {logging_mixin.py:137} INFO - [2025-04-24T23:58:50.167+0000] {dag.py:3441} INFO - Setting next_dagrun for example_dynamic_task_mapping to 2022-03-04T00:00:00+00:00, run_after=2022-03-05T00:00:00+00:00
[2025-04-24T23:58:50.175+0000] {processor.py:175} INFO - Processing /home/airflow/.local/lib/python3.7/site-packages/airflow/example_dags/example_dynamic_task_mapping.py took 0.038 seconds
[2025-04-24T23:59:20.655+0000] {processor.py:153} INFO - Started process (PID=4732) to work on /home/airflow/.local/lib/python3.7/site-packages/airflow/example_dags/example_dynamic_task_mapping.py
[2025-04-24T23:59:20.656+0000] {processor.py:743} INFO - Processing file /home/airflow/.local/lib/python3.7/site-packages/airflow/example_dags/example_dynamic_task_mapping.py for tasks to queue
[2025-04-24T23:59:20.656+0000] {logging_mixin.py:137} INFO - [2025-04-24T23:59:20.656+0000] {dagbag.py:538} INFO - Filling up the DagBag from /home/airflow/.local/lib/python3.7/site-packages/airflow/example_dags/example_dynamic_task_mapping.py
[2025-04-24T23:59:20.666+0000] {processor.py:753} INFO - DAG(s) dict_keys(['example_dynamic_task_mapping']) retrieved from /home/airflow/.local/lib/python3.7/site-packages/airflow/example_dags/example_dynamic_task_mapping.py
[2025-04-24T23:59:20.683+0000] {logging_mixin.py:137} INFO - [2025-04-24T23:59:20.683+0000] {dag.py:2690} INFO - Sync 1 DAGs
[2025-04-24T23:59:20.710+0000] {logging_mixin.py:137} INFO - [2025-04-24T23:59:20.709+0000] {dag.py:3441} INFO - Setting next_dagrun for example_dynamic_task_mapping to 2022-03-04T00:00:00+00:00, run_after=2022-03-05T00:00:00+00:00
[2025-04-24T23:59:20.721+0000] {processor.py:175} INFO - Processing /home/airflow/.local/lib/python3.7/site-packages/airflow/example_dags/example_dynamic_task_mapping.py took 0.067 seconds
[2025-04-24T23:59:51.332+0000] {processor.py:153} INFO - Started process (PID=4824) to work on /home/airflow/.local/lib/python3.7/site-packages/airflow/example_dags/example_dynamic_task_mapping.py
[2025-04-24T23:59:51.332+0000] {processor.py:743} INFO - Processing file /home/airflow/.local/lib/python3.7/site-packages/airflow/example_dags/example_dynamic_task_mapping.py for tasks to queue
[2025-04-24T23:59:51.333+0000] {logging_mixin.py:137} INFO - [2025-04-24T23:59:51.333+0000] {dagbag.py:538} INFO - Filling up the DagBag from /home/airflow/.local/lib/python3.7/site-packages/airflow/example_dags/example_dynamic_task_mapping.py
[2025-04-24T23:59:51.341+0000] {processor.py:753} INFO - DAG(s) dict_keys(['example_dynamic_task_mapping']) retrieved from /home/airflow/.local/lib/python3.7/site-packages/airflow/example_dags/example_dynamic_task_mapping.py
[2025-04-24T23:59:51.350+0000] {logging_mixin.py:137} INFO - [2025-04-24T23:59:51.350+0000] {dag.py:2690} INFO - Sync 1 DAGs
[2025-04-24T23:59:51.359+0000] {logging_mixin.py:137} INFO - [2025-04-24T23:59:51.359+0000] {dag.py:3441} INFO - Setting next_dagrun for example_dynamic_task_mapping to 2022-03-04T00:00:00+00:00, run_after=2022-03-05T00:00:00+00:00
[2025-04-24T23:59:51.365+0000] {processor.py:175} INFO - Processing /home/airflow/.local/lib/python3.7/site-packages/airflow/example_dags/example_dynamic_task_mapping.py took 0.034 seconds
