[2025-04-24T22:03:14.983+0000] {processor.py:153} INFO - Started process (PID=66) to work on /home/airflow/.local/lib/python3.7/site-packages/airflow/example_dags/example_xcomargs.py
[2025-04-24T22:03:14.985+0000] {processor.py:743} INFO - Processing file /home/airflow/.local/lib/python3.7/site-packages/airflow/example_dags/example_xcomargs.py for tasks to queue
[2025-04-24T22:03:14.986+0000] {logging_mixin.py:137} INFO - [2025-04-24T22:03:14.986+0000] {dagbag.py:538} INFO - Filling up the DagBag from /home/airflow/.local/lib/python3.7/site-packages/airflow/example_dags/example_xcomargs.py
[2025-04-24T22:03:15.003+0000] {processor.py:753} INFO - DAG(s) dict_keys(['example_xcom_args_with_operators', 'example_xcom_args']) retrieved from /home/airflow/.local/lib/python3.7/site-packages/airflow/example_dags/example_xcomargs.py
[2025-04-24T22:03:15.025+0000] {logging_mixin.py:137} INFO - [2025-04-24T22:03:15.025+0000] {dag.py:2690} INFO - Sync 2 DAGs
[2025-04-24T22:03:15.039+0000] {logging_mixin.py:137} INFO - [2025-04-24T22:03:15.039+0000] {dag.py:3441} INFO - Setting next_dagrun for example_xcom_args to None, run_after=None
[2025-04-24T22:03:15.042+0000] {logging_mixin.py:137} INFO - [2025-04-24T22:03:15.042+0000] {dag.py:3441} INFO - Setting next_dagrun for example_xcom_args_with_operators to None, run_after=None
[2025-04-24T22:03:15.053+0000] {processor.py:175} INFO - Processing /home/airflow/.local/lib/python3.7/site-packages/airflow/example_dags/example_xcomargs.py took 0.074 seconds
[2025-04-24T22:03:45.696+0000] {processor.py:153} INFO - Started process (PID=175) to work on /home/airflow/.local/lib/python3.7/site-packages/airflow/example_dags/example_xcomargs.py
[2025-04-24T22:03:45.698+0000] {processor.py:743} INFO - Processing file /home/airflow/.local/lib/python3.7/site-packages/airflow/example_dags/example_xcomargs.py for tasks to queue
[2025-04-24T22:03:45.700+0000] {logging_mixin.py:137} INFO - [2025-04-24T22:03:45.700+0000] {dagbag.py:538} INFO - Filling up the DagBag from /home/airflow/.local/lib/python3.7/site-packages/airflow/example_dags/example_xcomargs.py
[2025-04-24T22:03:45.710+0000] {processor.py:753} INFO - DAG(s) dict_keys(['example_xcom_args', 'example_xcom_args_with_operators']) retrieved from /home/airflow/.local/lib/python3.7/site-packages/airflow/example_dags/example_xcomargs.py
[2025-04-24T22:03:45.729+0000] {logging_mixin.py:137} INFO - [2025-04-24T22:03:45.729+0000] {dag.py:2690} INFO - Sync 2 DAGs
[2025-04-24T22:03:45.739+0000] {logging_mixin.py:137} INFO - [2025-04-24T22:03:45.739+0000] {dag.py:3441} INFO - Setting next_dagrun for example_xcom_args to None, run_after=None
[2025-04-24T22:03:45.740+0000] {logging_mixin.py:137} INFO - [2025-04-24T22:03:45.740+0000] {dag.py:3441} INFO - Setting next_dagrun for example_xcom_args_with_operators to None, run_after=None
[2025-04-24T22:03:45.746+0000] {processor.py:175} INFO - Processing /home/airflow/.local/lib/python3.7/site-packages/airflow/example_dags/example_xcomargs.py took 0.051 seconds
[2025-04-24T22:04:16.266+0000] {processor.py:153} INFO - Started process (PID=266) to work on /home/airflow/.local/lib/python3.7/site-packages/airflow/example_dags/example_xcomargs.py
[2025-04-24T22:04:16.268+0000] {processor.py:743} INFO - Processing file /home/airflow/.local/lib/python3.7/site-packages/airflow/example_dags/example_xcomargs.py for tasks to queue
[2025-04-24T22:04:16.268+0000] {logging_mixin.py:137} INFO - [2025-04-24T22:04:16.268+0000] {dagbag.py:538} INFO - Filling up the DagBag from /home/airflow/.local/lib/python3.7/site-packages/airflow/example_dags/example_xcomargs.py
[2025-04-24T22:04:16.278+0000] {processor.py:753} INFO - DAG(s) dict_keys(['example_xcom_args_with_operators', 'example_xcom_args']) retrieved from /home/airflow/.local/lib/python3.7/site-packages/airflow/example_dags/example_xcomargs.py
[2025-04-24T22:04:16.288+0000] {logging_mixin.py:137} INFO - [2025-04-24T22:04:16.288+0000] {dag.py:2690} INFO - Sync 2 DAGs
[2025-04-24T22:04:16.298+0000] {logging_mixin.py:137} INFO - [2025-04-24T22:04:16.298+0000] {dag.py:3441} INFO - Setting next_dagrun for example_xcom_args to None, run_after=None
[2025-04-24T22:04:16.301+0000] {logging_mixin.py:137} INFO - [2025-04-24T22:04:16.301+0000] {dag.py:3441} INFO - Setting next_dagrun for example_xcom_args_with_operators to None, run_after=None
[2025-04-24T22:04:16.311+0000] {processor.py:175} INFO - Processing /home/airflow/.local/lib/python3.7/site-packages/airflow/example_dags/example_xcomargs.py took 0.046 seconds
[2025-04-24T22:04:46.842+0000] {processor.py:153} INFO - Started process (PID=342) to work on /home/airflow/.local/lib/python3.7/site-packages/airflow/example_dags/example_xcomargs.py
[2025-04-24T22:04:46.843+0000] {processor.py:743} INFO - Processing file /home/airflow/.local/lib/python3.7/site-packages/airflow/example_dags/example_xcomargs.py for tasks to queue
[2025-04-24T22:04:46.844+0000] {logging_mixin.py:137} INFO - [2025-04-24T22:04:46.844+0000] {dagbag.py:538} INFO - Filling up the DagBag from /home/airflow/.local/lib/python3.7/site-packages/airflow/example_dags/example_xcomargs.py
[2025-04-24T22:04:46.856+0000] {processor.py:753} INFO - DAG(s) dict_keys(['example_xcom_args_with_operators', 'example_xcom_args']) retrieved from /home/airflow/.local/lib/python3.7/site-packages/airflow/example_dags/example_xcomargs.py
[2025-04-24T22:04:46.871+0000] {logging_mixin.py:137} INFO - [2025-04-24T22:04:46.871+0000] {dag.py:2690} INFO - Sync 2 DAGs
[2025-04-24T22:04:46.886+0000] {logging_mixin.py:137} INFO - [2025-04-24T22:04:46.885+0000] {dag.py:3441} INFO - Setting next_dagrun for example_xcom_args to None, run_after=None
[2025-04-24T22:04:46.889+0000] {logging_mixin.py:137} INFO - [2025-04-24T22:04:46.889+0000] {dag.py:3441} INFO - Setting next_dagrun for example_xcom_args_with_operators to None, run_after=None
[2025-04-24T22:04:46.902+0000] {processor.py:175} INFO - Processing /home/airflow/.local/lib/python3.7/site-packages/airflow/example_dags/example_xcomargs.py took 0.061 seconds
[2025-04-24T22:05:17.420+0000] {processor.py:153} INFO - Started process (PID=434) to work on /home/airflow/.local/lib/python3.7/site-packages/airflow/example_dags/example_xcomargs.py
[2025-04-24T22:05:17.424+0000] {processor.py:743} INFO - Processing file /home/airflow/.local/lib/python3.7/site-packages/airflow/example_dags/example_xcomargs.py for tasks to queue
[2025-04-24T22:05:17.424+0000] {logging_mixin.py:137} INFO - [2025-04-24T22:05:17.424+0000] {dagbag.py:538} INFO - Filling up the DagBag from /home/airflow/.local/lib/python3.7/site-packages/airflow/example_dags/example_xcomargs.py
[2025-04-24T22:05:17.434+0000] {processor.py:753} INFO - DAG(s) dict_keys(['example_xcom_args', 'example_xcom_args_with_operators']) retrieved from /home/airflow/.local/lib/python3.7/site-packages/airflow/example_dags/example_xcomargs.py
[2025-04-24T22:05:17.448+0000] {logging_mixin.py:137} INFO - [2025-04-24T22:05:17.448+0000] {dag.py:2690} INFO - Sync 2 DAGs
[2025-04-24T22:05:17.458+0000] {logging_mixin.py:137} INFO - [2025-04-24T22:05:17.457+0000] {dag.py:3441} INFO - Setting next_dagrun for example_xcom_args to None, run_after=None
[2025-04-24T22:05:17.460+0000] {logging_mixin.py:137} INFO - [2025-04-24T22:05:17.459+0000] {dag.py:3441} INFO - Setting next_dagrun for example_xcom_args_with_operators to None, run_after=None
[2025-04-24T22:05:17.472+0000] {processor.py:175} INFO - Processing /home/airflow/.local/lib/python3.7/site-packages/airflow/example_dags/example_xcomargs.py took 0.054 seconds
[2025-04-24T22:05:47.863+0000] {processor.py:153} INFO - Started process (PID=526) to work on /home/airflow/.local/lib/python3.7/site-packages/airflow/example_dags/example_xcomargs.py
[2025-04-24T22:05:47.866+0000] {processor.py:743} INFO - Processing file /home/airflow/.local/lib/python3.7/site-packages/airflow/example_dags/example_xcomargs.py for tasks to queue
[2025-04-24T22:05:47.867+0000] {logging_mixin.py:137} INFO - [2025-04-24T22:05:47.867+0000] {dagbag.py:538} INFO - Filling up the DagBag from /home/airflow/.local/lib/python3.7/site-packages/airflow/example_dags/example_xcomargs.py
[2025-04-24T22:05:47.877+0000] {processor.py:753} INFO - DAG(s) dict_keys(['example_xcom_args_with_operators', 'example_xcom_args']) retrieved from /home/airflow/.local/lib/python3.7/site-packages/airflow/example_dags/example_xcomargs.py
[2025-04-24T22:05:47.891+0000] {logging_mixin.py:137} INFO - [2025-04-24T22:05:47.891+0000] {dag.py:2690} INFO - Sync 2 DAGs
[2025-04-24T22:05:47.903+0000] {logging_mixin.py:137} INFO - [2025-04-24T22:05:47.903+0000] {dag.py:3441} INFO - Setting next_dagrun for example_xcom_args to None, run_after=None
[2025-04-24T22:05:47.905+0000] {logging_mixin.py:137} INFO - [2025-04-24T22:05:47.905+0000] {dag.py:3441} INFO - Setting next_dagrun for example_xcom_args_with_operators to None, run_after=None
[2025-04-24T22:05:47.914+0000] {processor.py:175} INFO - Processing /home/airflow/.local/lib/python3.7/site-packages/airflow/example_dags/example_xcomargs.py took 0.052 seconds
[2025-04-24T22:06:18.434+0000] {processor.py:153} INFO - Started process (PID=618) to work on /home/airflow/.local/lib/python3.7/site-packages/airflow/example_dags/example_xcomargs.py
[2025-04-24T22:06:18.435+0000] {processor.py:743} INFO - Processing file /home/airflow/.local/lib/python3.7/site-packages/airflow/example_dags/example_xcomargs.py for tasks to queue
[2025-04-24T22:06:18.435+0000] {logging_mixin.py:137} INFO - [2025-04-24T22:06:18.435+0000] {dagbag.py:538} INFO - Filling up the DagBag from /home/airflow/.local/lib/python3.7/site-packages/airflow/example_dags/example_xcomargs.py
[2025-04-24T22:06:18.445+0000] {processor.py:753} INFO - DAG(s) dict_keys(['example_xcom_args_with_operators', 'example_xcom_args']) retrieved from /home/airflow/.local/lib/python3.7/site-packages/airflow/example_dags/example_xcomargs.py
[2025-04-24T22:06:18.457+0000] {logging_mixin.py:137} INFO - [2025-04-24T22:06:18.457+0000] {dag.py:2690} INFO - Sync 2 DAGs
[2025-04-24T22:06:18.469+0000] {logging_mixin.py:137} INFO - [2025-04-24T22:06:18.469+0000] {dag.py:3441} INFO - Setting next_dagrun for example_xcom_args to None, run_after=None
[2025-04-24T22:06:18.470+0000] {logging_mixin.py:137} INFO - [2025-04-24T22:06:18.470+0000] {dag.py:3441} INFO - Setting next_dagrun for example_xcom_args_with_operators to None, run_after=None
[2025-04-24T22:06:18.475+0000] {processor.py:175} INFO - Processing /home/airflow/.local/lib/python3.7/site-packages/airflow/example_dags/example_xcomargs.py took 0.043 seconds
[2025-04-24T22:06:49.077+0000] {processor.py:153} INFO - Started process (PID=694) to work on /home/airflow/.local/lib/python3.7/site-packages/airflow/example_dags/example_xcomargs.py
[2025-04-24T22:06:49.079+0000] {processor.py:743} INFO - Processing file /home/airflow/.local/lib/python3.7/site-packages/airflow/example_dags/example_xcomargs.py for tasks to queue
[2025-04-24T22:06:49.080+0000] {logging_mixin.py:137} INFO - [2025-04-24T22:06:49.080+0000] {dagbag.py:538} INFO - Filling up the DagBag from /home/airflow/.local/lib/python3.7/site-packages/airflow/example_dags/example_xcomargs.py
[2025-04-24T22:06:49.090+0000] {processor.py:753} INFO - DAG(s) dict_keys(['example_xcom_args_with_operators', 'example_xcom_args']) retrieved from /home/airflow/.local/lib/python3.7/site-packages/airflow/example_dags/example_xcomargs.py
[2025-04-24T22:06:49.104+0000] {logging_mixin.py:137} INFO - [2025-04-24T22:06:49.104+0000] {dag.py:2690} INFO - Sync 2 DAGs
[2025-04-24T22:06:49.114+0000] {logging_mixin.py:137} INFO - [2025-04-24T22:06:49.114+0000] {dag.py:3441} INFO - Setting next_dagrun for example_xcom_args to None, run_after=None
[2025-04-24T22:06:49.117+0000] {logging_mixin.py:137} INFO - [2025-04-24T22:06:49.117+0000] {dag.py:3441} INFO - Setting next_dagrun for example_xcom_args_with_operators to None, run_after=None
[2025-04-24T22:06:49.125+0000] {processor.py:175} INFO - Processing /home/airflow/.local/lib/python3.7/site-packages/airflow/example_dags/example_xcomargs.py took 0.050 seconds
[2025-04-24T22:07:19.713+0000] {processor.py:153} INFO - Started process (PID=786) to work on /home/airflow/.local/lib/python3.7/site-packages/airflow/example_dags/example_xcomargs.py
[2025-04-24T22:07:19.714+0000] {processor.py:743} INFO - Processing file /home/airflow/.local/lib/python3.7/site-packages/airflow/example_dags/example_xcomargs.py for tasks to queue
[2025-04-24T22:07:19.714+0000] {logging_mixin.py:137} INFO - [2025-04-24T22:07:19.714+0000] {dagbag.py:538} INFO - Filling up the DagBag from /home/airflow/.local/lib/python3.7/site-packages/airflow/example_dags/example_xcomargs.py
[2025-04-24T22:07:19.731+0000] {processor.py:753} INFO - DAG(s) dict_keys(['example_xcom_args', 'example_xcom_args_with_operators']) retrieved from /home/airflow/.local/lib/python3.7/site-packages/airflow/example_dags/example_xcomargs.py
[2025-04-24T22:07:19.748+0000] {logging_mixin.py:137} INFO - [2025-04-24T22:07:19.748+0000] {dag.py:2690} INFO - Sync 2 DAGs
[2025-04-24T22:07:19.758+0000] {logging_mixin.py:137} INFO - [2025-04-24T22:07:19.758+0000] {dag.py:3441} INFO - Setting next_dagrun for example_xcom_args to None, run_after=None
[2025-04-24T22:07:19.759+0000] {logging_mixin.py:137} INFO - [2025-04-24T22:07:19.759+0000] {dag.py:3441} INFO - Setting next_dagrun for example_xcom_args_with_operators to None, run_after=None
[2025-04-24T22:07:19.768+0000] {processor.py:175} INFO - Processing /home/airflow/.local/lib/python3.7/site-packages/airflow/example_dags/example_xcomargs.py took 0.056 seconds
[2025-04-24T22:07:50.375+0000] {processor.py:153} INFO - Started process (PID=878) to work on /home/airflow/.local/lib/python3.7/site-packages/airflow/example_dags/example_xcomargs.py
[2025-04-24T22:07:50.377+0000] {processor.py:743} INFO - Processing file /home/airflow/.local/lib/python3.7/site-packages/airflow/example_dags/example_xcomargs.py for tasks to queue
[2025-04-24T22:07:50.378+0000] {logging_mixin.py:137} INFO - [2025-04-24T22:07:50.378+0000] {dagbag.py:538} INFO - Filling up the DagBag from /home/airflow/.local/lib/python3.7/site-packages/airflow/example_dags/example_xcomargs.py
[2025-04-24T22:07:50.387+0000] {processor.py:753} INFO - DAG(s) dict_keys(['example_xcom_args_with_operators', 'example_xcom_args']) retrieved from /home/airflow/.local/lib/python3.7/site-packages/airflow/example_dags/example_xcomargs.py
[2025-04-24T22:07:50.400+0000] {logging_mixin.py:137} INFO - [2025-04-24T22:07:50.400+0000] {dag.py:2690} INFO - Sync 2 DAGs
[2025-04-24T22:07:50.412+0000] {logging_mixin.py:137} INFO - [2025-04-24T22:07:50.412+0000] {dag.py:3441} INFO - Setting next_dagrun for example_xcom_args to None, run_after=None
[2025-04-24T22:07:50.413+0000] {logging_mixin.py:137} INFO - [2025-04-24T22:07:50.413+0000] {dag.py:3441} INFO - Setting next_dagrun for example_xcom_args_with_operators to None, run_after=None
[2025-04-24T22:07:50.420+0000] {processor.py:175} INFO - Processing /home/airflow/.local/lib/python3.7/site-packages/airflow/example_dags/example_xcomargs.py took 0.046 seconds
[2025-04-24T23:25:40.113+0000] {processor.py:153} INFO - Started process (PID=59) to work on /home/airflow/.local/lib/python3.7/site-packages/airflow/example_dags/example_xcomargs.py
[2025-04-24T23:25:40.114+0000] {processor.py:743} INFO - Processing file /home/airflow/.local/lib/python3.7/site-packages/airflow/example_dags/example_xcomargs.py for tasks to queue
[2025-04-24T23:25:40.114+0000] {logging_mixin.py:137} INFO - [2025-04-24T23:25:40.114+0000] {dagbag.py:538} INFO - Filling up the DagBag from /home/airflow/.local/lib/python3.7/site-packages/airflow/example_dags/example_xcomargs.py
[2025-04-24T23:25:40.133+0000] {processor.py:753} INFO - DAG(s) dict_keys(['example_xcom_args_with_operators', 'example_xcom_args']) retrieved from /home/airflow/.local/lib/python3.7/site-packages/airflow/example_dags/example_xcomargs.py
[2025-04-24T23:25:40.146+0000] {logging_mixin.py:137} INFO - [2025-04-24T23:25:40.146+0000] {dag.py:2690} INFO - Sync 2 DAGs
[2025-04-24T23:25:40.163+0000] {logging_mixin.py:137} INFO - [2025-04-24T23:25:40.163+0000] {dag.py:3441} INFO - Setting next_dagrun for example_xcom_args to None, run_after=None
[2025-04-24T23:25:40.167+0000] {logging_mixin.py:137} INFO - [2025-04-24T23:25:40.167+0000] {dag.py:3441} INFO - Setting next_dagrun for example_xcom_args_with_operators to None, run_after=None
[2025-04-24T23:25:40.177+0000] {processor.py:175} INFO - Processing /home/airflow/.local/lib/python3.7/site-packages/airflow/example_dags/example_xcomargs.py took 0.066 seconds
[2025-04-24T23:26:10.939+0000] {processor.py:153} INFO - Started process (PID=151) to work on /home/airflow/.local/lib/python3.7/site-packages/airflow/example_dags/example_xcomargs.py
[2025-04-24T23:26:10.943+0000] {processor.py:743} INFO - Processing file /home/airflow/.local/lib/python3.7/site-packages/airflow/example_dags/example_xcomargs.py for tasks to queue
[2025-04-24T23:26:10.943+0000] {logging_mixin.py:137} INFO - [2025-04-24T23:26:10.943+0000] {dagbag.py:538} INFO - Filling up the DagBag from /home/airflow/.local/lib/python3.7/site-packages/airflow/example_dags/example_xcomargs.py
[2025-04-24T23:26:10.952+0000] {processor.py:753} INFO - DAG(s) dict_keys(['example_xcom_args_with_operators', 'example_xcom_args']) retrieved from /home/airflow/.local/lib/python3.7/site-packages/airflow/example_dags/example_xcomargs.py
[2025-04-24T23:26:10.968+0000] {logging_mixin.py:137} INFO - [2025-04-24T23:26:10.968+0000] {dag.py:2690} INFO - Sync 2 DAGs
[2025-04-24T23:26:10.978+0000] {logging_mixin.py:137} INFO - [2025-04-24T23:26:10.978+0000] {dag.py:3441} INFO - Setting next_dagrun for example_xcom_args to None, run_after=None
[2025-04-24T23:26:10.982+0000] {logging_mixin.py:137} INFO - [2025-04-24T23:26:10.982+0000] {dag.py:3441} INFO - Setting next_dagrun for example_xcom_args_with_operators to None, run_after=None
[2025-04-24T23:26:10.990+0000] {processor.py:175} INFO - Processing /home/airflow/.local/lib/python3.7/site-packages/airflow/example_dags/example_xcomargs.py took 0.052 seconds
[2025-04-24T23:26:41.702+0000] {processor.py:153} INFO - Started process (PID=243) to work on /home/airflow/.local/lib/python3.7/site-packages/airflow/example_dags/example_xcomargs.py
[2025-04-24T23:26:41.702+0000] {processor.py:743} INFO - Processing file /home/airflow/.local/lib/python3.7/site-packages/airflow/example_dags/example_xcomargs.py for tasks to queue
[2025-04-24T23:26:41.706+0000] {logging_mixin.py:137} INFO - [2025-04-24T23:26:41.706+0000] {dagbag.py:538} INFO - Filling up the DagBag from /home/airflow/.local/lib/python3.7/site-packages/airflow/example_dags/example_xcomargs.py
[2025-04-24T23:26:41.721+0000] {processor.py:753} INFO - DAG(s) dict_keys(['example_xcom_args', 'example_xcom_args_with_operators']) retrieved from /home/airflow/.local/lib/python3.7/site-packages/airflow/example_dags/example_xcomargs.py
[2025-04-24T23:26:41.739+0000] {logging_mixin.py:137} INFO - [2025-04-24T23:26:41.739+0000] {dag.py:2690} INFO - Sync 2 DAGs
[2025-04-24T23:26:41.749+0000] {logging_mixin.py:137} INFO - [2025-04-24T23:26:41.749+0000] {dag.py:3441} INFO - Setting next_dagrun for example_xcom_args to None, run_after=None
[2025-04-24T23:26:41.752+0000] {logging_mixin.py:137} INFO - [2025-04-24T23:26:41.752+0000] {dag.py:3441} INFO - Setting next_dagrun for example_xcom_args_with_operators to None, run_after=None
[2025-04-24T23:26:41.764+0000] {processor.py:175} INFO - Processing /home/airflow/.local/lib/python3.7/site-packages/airflow/example_dags/example_xcomargs.py took 0.064 seconds
[2025-04-24T23:27:12.327+0000] {processor.py:153} INFO - Started process (PID=319) to work on /home/airflow/.local/lib/python3.7/site-packages/airflow/example_dags/example_xcomargs.py
[2025-04-24T23:27:12.330+0000] {processor.py:743} INFO - Processing file /home/airflow/.local/lib/python3.7/site-packages/airflow/example_dags/example_xcomargs.py for tasks to queue
[2025-04-24T23:27:12.331+0000] {logging_mixin.py:137} INFO - [2025-04-24T23:27:12.331+0000] {dagbag.py:538} INFO - Filling up the DagBag from /home/airflow/.local/lib/python3.7/site-packages/airflow/example_dags/example_xcomargs.py
[2025-04-24T23:27:12.342+0000] {processor.py:753} INFO - DAG(s) dict_keys(['example_xcom_args_with_operators', 'example_xcom_args']) retrieved from /home/airflow/.local/lib/python3.7/site-packages/airflow/example_dags/example_xcomargs.py
[2025-04-24T23:27:12.356+0000] {logging_mixin.py:137} INFO - [2025-04-24T23:27:12.356+0000] {dag.py:2690} INFO - Sync 2 DAGs
[2025-04-24T23:27:12.368+0000] {logging_mixin.py:137} INFO - [2025-04-24T23:27:12.368+0000] {dag.py:3441} INFO - Setting next_dagrun for example_xcom_args to None, run_after=None
[2025-04-24T23:27:12.369+0000] {logging_mixin.py:137} INFO - [2025-04-24T23:27:12.369+0000] {dag.py:3441} INFO - Setting next_dagrun for example_xcom_args_with_operators to None, run_after=None
[2025-04-24T23:27:12.378+0000] {processor.py:175} INFO - Processing /home/airflow/.local/lib/python3.7/site-packages/airflow/example_dags/example_xcomargs.py took 0.054 seconds
[2025-04-24T23:27:42.926+0000] {processor.py:153} INFO - Started process (PID=411) to work on /home/airflow/.local/lib/python3.7/site-packages/airflow/example_dags/example_xcomargs.py
[2025-04-24T23:27:42.928+0000] {processor.py:743} INFO - Processing file /home/airflow/.local/lib/python3.7/site-packages/airflow/example_dags/example_xcomargs.py for tasks to queue
[2025-04-24T23:27:42.928+0000] {logging_mixin.py:137} INFO - [2025-04-24T23:27:42.928+0000] {dagbag.py:538} INFO - Filling up the DagBag from /home/airflow/.local/lib/python3.7/site-packages/airflow/example_dags/example_xcomargs.py
[2025-04-24T23:27:42.936+0000] {processor.py:753} INFO - DAG(s) dict_keys(['example_xcom_args', 'example_xcom_args_with_operators']) retrieved from /home/airflow/.local/lib/python3.7/site-packages/airflow/example_dags/example_xcomargs.py
[2025-04-24T23:27:42.948+0000] {logging_mixin.py:137} INFO - [2025-04-24T23:27:42.948+0000] {dag.py:2690} INFO - Sync 2 DAGs
[2025-04-24T23:27:42.960+0000] {logging_mixin.py:137} INFO - [2025-04-24T23:27:42.960+0000] {dag.py:3441} INFO - Setting next_dagrun for example_xcom_args to None, run_after=None
[2025-04-24T23:27:42.962+0000] {logging_mixin.py:137} INFO - [2025-04-24T23:27:42.962+0000] {dag.py:3441} INFO - Setting next_dagrun for example_xcom_args_with_operators to None, run_after=None
[2025-04-24T23:27:42.969+0000] {processor.py:175} INFO - Processing /home/airflow/.local/lib/python3.7/site-packages/airflow/example_dags/example_xcomargs.py took 0.044 seconds
[2025-04-24T23:28:13.749+0000] {processor.py:153} INFO - Started process (PID=503) to work on /home/airflow/.local/lib/python3.7/site-packages/airflow/example_dags/example_xcomargs.py
[2025-04-24T23:28:13.749+0000] {processor.py:743} INFO - Processing file /home/airflow/.local/lib/python3.7/site-packages/airflow/example_dags/example_xcomargs.py for tasks to queue
[2025-04-24T23:28:13.750+0000] {logging_mixin.py:137} INFO - [2025-04-24T23:28:13.750+0000] {dagbag.py:538} INFO - Filling up the DagBag from /home/airflow/.local/lib/python3.7/site-packages/airflow/example_dags/example_xcomargs.py
[2025-04-24T23:28:13.760+0000] {processor.py:753} INFO - DAG(s) dict_keys(['example_xcom_args_with_operators', 'example_xcom_args']) retrieved from /home/airflow/.local/lib/python3.7/site-packages/airflow/example_dags/example_xcomargs.py
[2025-04-24T23:28:13.775+0000] {logging_mixin.py:137} INFO - [2025-04-24T23:28:13.775+0000] {dag.py:2690} INFO - Sync 2 DAGs
[2025-04-24T23:28:13.789+0000] {logging_mixin.py:137} INFO - [2025-04-24T23:28:13.788+0000] {dag.py:3441} INFO - Setting next_dagrun for example_xcom_args to None, run_after=None
[2025-04-24T23:28:13.793+0000] {logging_mixin.py:137} INFO - [2025-04-24T23:28:13.793+0000] {dag.py:3441} INFO - Setting next_dagrun for example_xcom_args_with_operators to None, run_after=None
[2025-04-24T23:28:13.801+0000] {processor.py:175} INFO - Processing /home/airflow/.local/lib/python3.7/site-packages/airflow/example_dags/example_xcomargs.py took 0.054 seconds
[2025-04-24T23:28:44.286+0000] {processor.py:153} INFO - Started process (PID=595) to work on /home/airflow/.local/lib/python3.7/site-packages/airflow/example_dags/example_xcomargs.py
[2025-04-24T23:28:44.287+0000] {processor.py:743} INFO - Processing file /home/airflow/.local/lib/python3.7/site-packages/airflow/example_dags/example_xcomargs.py for tasks to queue
[2025-04-24T23:28:44.288+0000] {logging_mixin.py:137} INFO - [2025-04-24T23:28:44.288+0000] {dagbag.py:538} INFO - Filling up the DagBag from /home/airflow/.local/lib/python3.7/site-packages/airflow/example_dags/example_xcomargs.py
[2025-04-24T23:28:44.299+0000] {processor.py:753} INFO - DAG(s) dict_keys(['example_xcom_args', 'example_xcom_args_with_operators']) retrieved from /home/airflow/.local/lib/python3.7/site-packages/airflow/example_dags/example_xcomargs.py
[2025-04-24T23:28:44.310+0000] {logging_mixin.py:137} INFO - [2025-04-24T23:28:44.310+0000] {dag.py:2690} INFO - Sync 2 DAGs
[2025-04-24T23:28:44.322+0000] {logging_mixin.py:137} INFO - [2025-04-24T23:28:44.322+0000] {dag.py:3441} INFO - Setting next_dagrun for example_xcom_args to None, run_after=None
[2025-04-24T23:28:44.323+0000] {logging_mixin.py:137} INFO - [2025-04-24T23:28:44.323+0000] {dag.py:3441} INFO - Setting next_dagrun for example_xcom_args_with_operators to None, run_after=None
[2025-04-24T23:28:44.330+0000] {processor.py:175} INFO - Processing /home/airflow/.local/lib/python3.7/site-packages/airflow/example_dags/example_xcomargs.py took 0.045 seconds
[2025-04-24T23:29:15.038+0000] {processor.py:153} INFO - Started process (PID=687) to work on /home/airflow/.local/lib/python3.7/site-packages/airflow/example_dags/example_xcomargs.py
[2025-04-24T23:29:15.039+0000] {processor.py:743} INFO - Processing file /home/airflow/.local/lib/python3.7/site-packages/airflow/example_dags/example_xcomargs.py for tasks to queue
[2025-04-24T23:29:15.039+0000] {logging_mixin.py:137} INFO - [2025-04-24T23:29:15.039+0000] {dagbag.py:538} INFO - Filling up the DagBag from /home/airflow/.local/lib/python3.7/site-packages/airflow/example_dags/example_xcomargs.py
[2025-04-24T23:29:15.049+0000] {processor.py:753} INFO - DAG(s) dict_keys(['example_xcom_args_with_operators', 'example_xcom_args']) retrieved from /home/airflow/.local/lib/python3.7/site-packages/airflow/example_dags/example_xcomargs.py
[2025-04-24T23:29:15.063+0000] {logging_mixin.py:137} INFO - [2025-04-24T23:29:15.063+0000] {dag.py:2690} INFO - Sync 2 DAGs
[2025-04-24T23:29:15.073+0000] {logging_mixin.py:137} INFO - [2025-04-24T23:29:15.073+0000] {dag.py:3441} INFO - Setting next_dagrun for example_xcom_args to None, run_after=None
[2025-04-24T23:29:15.077+0000] {logging_mixin.py:137} INFO - [2025-04-24T23:29:15.077+0000] {dag.py:3441} INFO - Setting next_dagrun for example_xcom_args_with_operators to None, run_after=None
[2025-04-24T23:29:15.084+0000] {processor.py:175} INFO - Processing /home/airflow/.local/lib/python3.7/site-packages/airflow/example_dags/example_xcomargs.py took 0.047 seconds
[2025-04-24T23:29:45.625+0000] {processor.py:153} INFO - Started process (PID=763) to work on /home/airflow/.local/lib/python3.7/site-packages/airflow/example_dags/example_xcomargs.py
[2025-04-24T23:29:45.626+0000] {processor.py:743} INFO - Processing file /home/airflow/.local/lib/python3.7/site-packages/airflow/example_dags/example_xcomargs.py for tasks to queue
[2025-04-24T23:29:45.627+0000] {logging_mixin.py:137} INFO - [2025-04-24T23:29:45.627+0000] {dagbag.py:538} INFO - Filling up the DagBag from /home/airflow/.local/lib/python3.7/site-packages/airflow/example_dags/example_xcomargs.py
[2025-04-24T23:29:45.636+0000] {processor.py:753} INFO - DAG(s) dict_keys(['example_xcom_args_with_operators', 'example_xcom_args']) retrieved from /home/airflow/.local/lib/python3.7/site-packages/airflow/example_dags/example_xcomargs.py
[2025-04-24T23:29:45.649+0000] {logging_mixin.py:137} INFO - [2025-04-24T23:29:45.649+0000] {dag.py:2690} INFO - Sync 2 DAGs
[2025-04-24T23:29:45.660+0000] {logging_mixin.py:137} INFO - [2025-04-24T23:29:45.660+0000] {dag.py:3441} INFO - Setting next_dagrun for example_xcom_args to None, run_after=None
[2025-04-24T23:29:45.661+0000] {logging_mixin.py:137} INFO - [2025-04-24T23:29:45.661+0000] {dag.py:3441} INFO - Setting next_dagrun for example_xcom_args_with_operators to None, run_after=None
[2025-04-24T23:29:45.669+0000] {processor.py:175} INFO - Processing /home/airflow/.local/lib/python3.7/site-packages/airflow/example_dags/example_xcomargs.py took 0.045 seconds
[2025-04-24T23:30:16.406+0000] {processor.py:153} INFO - Started process (PID=855) to work on /home/airflow/.local/lib/python3.7/site-packages/airflow/example_dags/example_xcomargs.py
[2025-04-24T23:30:16.408+0000] {processor.py:743} INFO - Processing file /home/airflow/.local/lib/python3.7/site-packages/airflow/example_dags/example_xcomargs.py for tasks to queue
[2025-04-24T23:30:16.409+0000] {logging_mixin.py:137} INFO - [2025-04-24T23:30:16.409+0000] {dagbag.py:538} INFO - Filling up the DagBag from /home/airflow/.local/lib/python3.7/site-packages/airflow/example_dags/example_xcomargs.py
[2025-04-24T23:30:16.419+0000] {processor.py:753} INFO - DAG(s) dict_keys(['example_xcom_args_with_operators', 'example_xcom_args']) retrieved from /home/airflow/.local/lib/python3.7/site-packages/airflow/example_dags/example_xcomargs.py
[2025-04-24T23:30:16.437+0000] {logging_mixin.py:137} INFO - [2025-04-24T23:30:16.437+0000] {dag.py:2690} INFO - Sync 2 DAGs
[2025-04-24T23:30:16.449+0000] {logging_mixin.py:137} INFO - [2025-04-24T23:30:16.449+0000] {dag.py:3441} INFO - Setting next_dagrun for example_xcom_args to None, run_after=None
[2025-04-24T23:30:16.451+0000] {logging_mixin.py:137} INFO - [2025-04-24T23:30:16.451+0000] {dag.py:3441} INFO - Setting next_dagrun for example_xcom_args_with_operators to None, run_after=None
[2025-04-24T23:30:16.461+0000] {processor.py:175} INFO - Processing /home/airflow/.local/lib/python3.7/site-packages/airflow/example_dags/example_xcomargs.py took 0.061 seconds
[2025-04-24T23:30:47.143+0000] {processor.py:153} INFO - Started process (PID=947) to work on /home/airflow/.local/lib/python3.7/site-packages/airflow/example_dags/example_xcomargs.py
[2025-04-24T23:30:47.147+0000] {processor.py:743} INFO - Processing file /home/airflow/.local/lib/python3.7/site-packages/airflow/example_dags/example_xcomargs.py for tasks to queue
[2025-04-24T23:30:47.147+0000] {logging_mixin.py:137} INFO - [2025-04-24T23:30:47.147+0000] {dagbag.py:538} INFO - Filling up the DagBag from /home/airflow/.local/lib/python3.7/site-packages/airflow/example_dags/example_xcomargs.py
[2025-04-24T23:30:47.158+0000] {processor.py:753} INFO - DAG(s) dict_keys(['example_xcom_args_with_operators', 'example_xcom_args']) retrieved from /home/airflow/.local/lib/python3.7/site-packages/airflow/example_dags/example_xcomargs.py
[2025-04-24T23:30:47.170+0000] {logging_mixin.py:137} INFO - [2025-04-24T23:30:47.170+0000] {dag.py:2690} INFO - Sync 2 DAGs
[2025-04-24T23:30:47.182+0000] {logging_mixin.py:137} INFO - [2025-04-24T23:30:47.182+0000] {dag.py:3441} INFO - Setting next_dagrun for example_xcom_args to None, run_after=None
[2025-04-24T23:30:47.183+0000] {logging_mixin.py:137} INFO - [2025-04-24T23:30:47.183+0000] {dag.py:3441} INFO - Setting next_dagrun for example_xcom_args_with_operators to None, run_after=None
[2025-04-24T23:30:47.189+0000] {processor.py:175} INFO - Processing /home/airflow/.local/lib/python3.7/site-packages/airflow/example_dags/example_xcomargs.py took 0.048 seconds
[2025-04-24T23:31:17.936+0000] {processor.py:153} INFO - Started process (PID=1039) to work on /home/airflow/.local/lib/python3.7/site-packages/airflow/example_dags/example_xcomargs.py
[2025-04-24T23:31:17.936+0000] {processor.py:743} INFO - Processing file /home/airflow/.local/lib/python3.7/site-packages/airflow/example_dags/example_xcomargs.py for tasks to queue
[2025-04-24T23:31:17.937+0000] {logging_mixin.py:137} INFO - [2025-04-24T23:31:17.937+0000] {dagbag.py:538} INFO - Filling up the DagBag from /home/airflow/.local/lib/python3.7/site-packages/airflow/example_dags/example_xcomargs.py
[2025-04-24T23:31:17.948+0000] {processor.py:753} INFO - DAG(s) dict_keys(['example_xcom_args', 'example_xcom_args_with_operators']) retrieved from /home/airflow/.local/lib/python3.7/site-packages/airflow/example_dags/example_xcomargs.py
[2025-04-24T23:31:17.971+0000] {logging_mixin.py:137} INFO - [2025-04-24T23:31:17.971+0000] {dag.py:2690} INFO - Sync 2 DAGs
[2025-04-24T23:31:17.986+0000] {logging_mixin.py:137} INFO - [2025-04-24T23:31:17.986+0000] {dag.py:3441} INFO - Setting next_dagrun for example_xcom_args to None, run_after=None
[2025-04-24T23:31:17.989+0000] {logging_mixin.py:137} INFO - [2025-04-24T23:31:17.989+0000] {dag.py:3441} INFO - Setting next_dagrun for example_xcom_args_with_operators to None, run_after=None
[2025-04-24T23:31:17.999+0000] {processor.py:175} INFO - Processing /home/airflow/.local/lib/python3.7/site-packages/airflow/example_dags/example_xcomargs.py took 0.064 seconds
[2025-04-24T23:31:48.614+0000] {processor.py:153} INFO - Started process (PID=1115) to work on /home/airflow/.local/lib/python3.7/site-packages/airflow/example_dags/example_xcomargs.py
[2025-04-24T23:31:48.614+0000] {processor.py:743} INFO - Processing file /home/airflow/.local/lib/python3.7/site-packages/airflow/example_dags/example_xcomargs.py for tasks to queue
[2025-04-24T23:31:48.615+0000] {logging_mixin.py:137} INFO - [2025-04-24T23:31:48.615+0000] {dagbag.py:538} INFO - Filling up the DagBag from /home/airflow/.local/lib/python3.7/site-packages/airflow/example_dags/example_xcomargs.py
[2025-04-24T23:31:48.624+0000] {processor.py:753} INFO - DAG(s) dict_keys(['example_xcom_args_with_operators', 'example_xcom_args']) retrieved from /home/airflow/.local/lib/python3.7/site-packages/airflow/example_dags/example_xcomargs.py
[2025-04-24T23:31:48.635+0000] {logging_mixin.py:137} INFO - [2025-04-24T23:31:48.635+0000] {dag.py:2690} INFO - Sync 2 DAGs
[2025-04-24T23:31:48.649+0000] {logging_mixin.py:137} INFO - [2025-04-24T23:31:48.649+0000] {dag.py:3441} INFO - Setting next_dagrun for example_xcom_args to None, run_after=None
[2025-04-24T23:31:48.652+0000] {logging_mixin.py:137} INFO - [2025-04-24T23:31:48.651+0000] {dag.py:3441} INFO - Setting next_dagrun for example_xcom_args_with_operators to None, run_after=None
[2025-04-24T23:31:48.663+0000] {processor.py:175} INFO - Processing /home/airflow/.local/lib/python3.7/site-packages/airflow/example_dags/example_xcomargs.py took 0.050 seconds
[2025-04-24T23:32:19.318+0000] {processor.py:153} INFO - Started process (PID=1207) to work on /home/airflow/.local/lib/python3.7/site-packages/airflow/example_dags/example_xcomargs.py
[2025-04-24T23:32:19.318+0000] {processor.py:743} INFO - Processing file /home/airflow/.local/lib/python3.7/site-packages/airflow/example_dags/example_xcomargs.py for tasks to queue
[2025-04-24T23:32:19.318+0000] {logging_mixin.py:137} INFO - [2025-04-24T23:32:19.318+0000] {dagbag.py:538} INFO - Filling up the DagBag from /home/airflow/.local/lib/python3.7/site-packages/airflow/example_dags/example_xcomargs.py
[2025-04-24T23:32:19.328+0000] {processor.py:753} INFO - DAG(s) dict_keys(['example_xcom_args_with_operators', 'example_xcom_args']) retrieved from /home/airflow/.local/lib/python3.7/site-packages/airflow/example_dags/example_xcomargs.py
[2025-04-24T23:32:19.346+0000] {logging_mixin.py:137} INFO - [2025-04-24T23:32:19.346+0000] {dag.py:2690} INFO - Sync 2 DAGs
[2025-04-24T23:32:19.356+0000] {logging_mixin.py:137} INFO - [2025-04-24T23:32:19.356+0000] {dag.py:3441} INFO - Setting next_dagrun for example_xcom_args to None, run_after=None
[2025-04-24T23:32:19.357+0000] {logging_mixin.py:137} INFO - [2025-04-24T23:32:19.357+0000] {dag.py:3441} INFO - Setting next_dagrun for example_xcom_args_with_operators to None, run_after=None
[2025-04-24T23:32:19.363+0000] {processor.py:175} INFO - Processing /home/airflow/.local/lib/python3.7/site-packages/airflow/example_dags/example_xcomargs.py took 0.047 seconds
[2025-04-24T23:32:49.926+0000] {processor.py:153} INFO - Started process (PID=1299) to work on /home/airflow/.local/lib/python3.7/site-packages/airflow/example_dags/example_xcomargs.py
[2025-04-24T23:32:49.927+0000] {processor.py:743} INFO - Processing file /home/airflow/.local/lib/python3.7/site-packages/airflow/example_dags/example_xcomargs.py for tasks to queue
[2025-04-24T23:32:49.927+0000] {logging_mixin.py:137} INFO - [2025-04-24T23:32:49.927+0000] {dagbag.py:538} INFO - Filling up the DagBag from /home/airflow/.local/lib/python3.7/site-packages/airflow/example_dags/example_xcomargs.py
[2025-04-24T23:32:49.937+0000] {processor.py:753} INFO - DAG(s) dict_keys(['example_xcom_args_with_operators', 'example_xcom_args']) retrieved from /home/airflow/.local/lib/python3.7/site-packages/airflow/example_dags/example_xcomargs.py
[2025-04-24T23:32:49.953+0000] {logging_mixin.py:137} INFO - [2025-04-24T23:32:49.953+0000] {dag.py:2690} INFO - Sync 2 DAGs
[2025-04-24T23:32:49.965+0000] {logging_mixin.py:137} INFO - [2025-04-24T23:32:49.964+0000] {dag.py:3441} INFO - Setting next_dagrun for example_xcom_args to None, run_after=None
[2025-04-24T23:32:49.967+0000] {logging_mixin.py:137} INFO - [2025-04-24T23:32:49.967+0000] {dag.py:3441} INFO - Setting next_dagrun for example_xcom_args_with_operators to None, run_after=None
[2025-04-24T23:32:49.978+0000] {processor.py:175} INFO - Processing /home/airflow/.local/lib/python3.7/site-packages/airflow/example_dags/example_xcomargs.py took 0.053 seconds
[2025-04-24T23:33:20.407+0000] {processor.py:153} INFO - Started process (PID=1391) to work on /home/airflow/.local/lib/python3.7/site-packages/airflow/example_dags/example_xcomargs.py
[2025-04-24T23:33:20.407+0000] {processor.py:743} INFO - Processing file /home/airflow/.local/lib/python3.7/site-packages/airflow/example_dags/example_xcomargs.py for tasks to queue
[2025-04-24T23:33:20.407+0000] {logging_mixin.py:137} INFO - [2025-04-24T23:33:20.407+0000] {dagbag.py:538} INFO - Filling up the DagBag from /home/airflow/.local/lib/python3.7/site-packages/airflow/example_dags/example_xcomargs.py
[2025-04-24T23:33:20.418+0000] {processor.py:753} INFO - DAG(s) dict_keys(['example_xcom_args', 'example_xcom_args_with_operators']) retrieved from /home/airflow/.local/lib/python3.7/site-packages/airflow/example_dags/example_xcomargs.py
[2025-04-24T23:33:20.431+0000] {logging_mixin.py:137} INFO - [2025-04-24T23:33:20.431+0000] {dag.py:2690} INFO - Sync 2 DAGs
[2025-04-24T23:33:20.444+0000] {logging_mixin.py:137} INFO - [2025-04-24T23:33:20.444+0000] {dag.py:3441} INFO - Setting next_dagrun for example_xcom_args to None, run_after=None
[2025-04-24T23:33:20.447+0000] {logging_mixin.py:137} INFO - [2025-04-24T23:33:20.447+0000] {dag.py:3441} INFO - Setting next_dagrun for example_xcom_args_with_operators to None, run_after=None
[2025-04-24T23:33:20.456+0000] {processor.py:175} INFO - Processing /home/airflow/.local/lib/python3.7/site-packages/airflow/example_dags/example_xcomargs.py took 0.051 seconds
[2025-04-24T23:33:51.055+0000] {processor.py:153} INFO - Started process (PID=1483) to work on /home/airflow/.local/lib/python3.7/site-packages/airflow/example_dags/example_xcomargs.py
[2025-04-24T23:33:51.056+0000] {processor.py:743} INFO - Processing file /home/airflow/.local/lib/python3.7/site-packages/airflow/example_dags/example_xcomargs.py for tasks to queue
[2025-04-24T23:33:51.056+0000] {logging_mixin.py:137} INFO - [2025-04-24T23:33:51.056+0000] {dagbag.py:538} INFO - Filling up the DagBag from /home/airflow/.local/lib/python3.7/site-packages/airflow/example_dags/example_xcomargs.py
[2025-04-24T23:33:51.065+0000] {processor.py:753} INFO - DAG(s) dict_keys(['example_xcom_args', 'example_xcom_args_with_operators']) retrieved from /home/airflow/.local/lib/python3.7/site-packages/airflow/example_dags/example_xcomargs.py
[2025-04-24T23:33:51.077+0000] {logging_mixin.py:137} INFO - [2025-04-24T23:33:51.077+0000] {dag.py:2690} INFO - Sync 2 DAGs
[2025-04-24T23:33:51.087+0000] {logging_mixin.py:137} INFO - [2025-04-24T23:33:51.087+0000] {dag.py:3441} INFO - Setting next_dagrun for example_xcom_args to None, run_after=None
[2025-04-24T23:33:51.088+0000] {logging_mixin.py:137} INFO - [2025-04-24T23:33:51.088+0000] {dag.py:3441} INFO - Setting next_dagrun for example_xcom_args_with_operators to None, run_after=None
[2025-04-24T23:33:51.097+0000] {processor.py:175} INFO - Processing /home/airflow/.local/lib/python3.7/site-packages/airflow/example_dags/example_xcomargs.py took 0.043 seconds
[2025-04-24T23:34:21.608+0000] {processor.py:153} INFO - Started process (PID=1559) to work on /home/airflow/.local/lib/python3.7/site-packages/airflow/example_dags/example_xcomargs.py
[2025-04-24T23:34:21.611+0000] {processor.py:743} INFO - Processing file /home/airflow/.local/lib/python3.7/site-packages/airflow/example_dags/example_xcomargs.py for tasks to queue
[2025-04-24T23:34:21.611+0000] {logging_mixin.py:137} INFO - [2025-04-24T23:34:21.611+0000] {dagbag.py:538} INFO - Filling up the DagBag from /home/airflow/.local/lib/python3.7/site-packages/airflow/example_dags/example_xcomargs.py
[2025-04-24T23:34:21.621+0000] {processor.py:753} INFO - DAG(s) dict_keys(['example_xcom_args_with_operators', 'example_xcom_args']) retrieved from /home/airflow/.local/lib/python3.7/site-packages/airflow/example_dags/example_xcomargs.py
[2025-04-24T23:34:21.636+0000] {logging_mixin.py:137} INFO - [2025-04-24T23:34:21.636+0000] {dag.py:2690} INFO - Sync 2 DAGs
[2025-04-24T23:34:21.649+0000] {logging_mixin.py:137} INFO - [2025-04-24T23:34:21.649+0000] {dag.py:3441} INFO - Setting next_dagrun for example_xcom_args to None, run_after=None
[2025-04-24T23:34:21.651+0000] {logging_mixin.py:137} INFO - [2025-04-24T23:34:21.651+0000] {dag.py:3441} INFO - Setting next_dagrun for example_xcom_args_with_operators to None, run_after=None
[2025-04-24T23:34:21.660+0000] {processor.py:175} INFO - Processing /home/airflow/.local/lib/python3.7/site-packages/airflow/example_dags/example_xcomargs.py took 0.054 seconds
[2025-04-24T23:34:52.135+0000] {processor.py:153} INFO - Started process (PID=1651) to work on /home/airflow/.local/lib/python3.7/site-packages/airflow/example_dags/example_xcomargs.py
[2025-04-24T23:34:52.135+0000] {processor.py:743} INFO - Processing file /home/airflow/.local/lib/python3.7/site-packages/airflow/example_dags/example_xcomargs.py for tasks to queue
[2025-04-24T23:34:52.139+0000] {logging_mixin.py:137} INFO - [2025-04-24T23:34:52.139+0000] {dagbag.py:538} INFO - Filling up the DagBag from /home/airflow/.local/lib/python3.7/site-packages/airflow/example_dags/example_xcomargs.py
[2025-04-24T23:34:52.148+0000] {processor.py:753} INFO - DAG(s) dict_keys(['example_xcom_args', 'example_xcom_args_with_operators']) retrieved from /home/airflow/.local/lib/python3.7/site-packages/airflow/example_dags/example_xcomargs.py
[2025-04-24T23:34:52.162+0000] {logging_mixin.py:137} INFO - [2025-04-24T23:34:52.161+0000] {dag.py:2690} INFO - Sync 2 DAGs
[2025-04-24T23:34:52.172+0000] {logging_mixin.py:137} INFO - [2025-04-24T23:34:52.172+0000] {dag.py:3441} INFO - Setting next_dagrun for example_xcom_args to None, run_after=None
[2025-04-24T23:34:52.176+0000] {logging_mixin.py:137} INFO - [2025-04-24T23:34:52.176+0000] {dag.py:3441} INFO - Setting next_dagrun for example_xcom_args_with_operators to None, run_after=None
[2025-04-24T23:34:52.183+0000] {processor.py:175} INFO - Processing /home/airflow/.local/lib/python3.7/site-packages/airflow/example_dags/example_xcomargs.py took 0.049 seconds
[2025-04-24T23:35:22.749+0000] {processor.py:153} INFO - Started process (PID=1743) to work on /home/airflow/.local/lib/python3.7/site-packages/airflow/example_dags/example_xcomargs.py
[2025-04-24T23:35:22.749+0000] {processor.py:743} INFO - Processing file /home/airflow/.local/lib/python3.7/site-packages/airflow/example_dags/example_xcomargs.py for tasks to queue
[2025-04-24T23:35:22.750+0000] {logging_mixin.py:137} INFO - [2025-04-24T23:35:22.750+0000] {dagbag.py:538} INFO - Filling up the DagBag from /home/airflow/.local/lib/python3.7/site-packages/airflow/example_dags/example_xcomargs.py
[2025-04-24T23:35:22.761+0000] {processor.py:753} INFO - DAG(s) dict_keys(['example_xcom_args', 'example_xcom_args_with_operators']) retrieved from /home/airflow/.local/lib/python3.7/site-packages/airflow/example_dags/example_xcomargs.py
[2025-04-24T23:35:22.773+0000] {logging_mixin.py:137} INFO - [2025-04-24T23:35:22.773+0000] {dag.py:2690} INFO - Sync 2 DAGs
[2025-04-24T23:35:22.783+0000] {logging_mixin.py:137} INFO - [2025-04-24T23:35:22.783+0000] {dag.py:3441} INFO - Setting next_dagrun for example_xcom_args to None, run_after=None
[2025-04-24T23:35:22.785+0000] {logging_mixin.py:137} INFO - [2025-04-24T23:35:22.785+0000] {dag.py:3441} INFO - Setting next_dagrun for example_xcom_args_with_operators to None, run_after=None
[2025-04-24T23:35:22.794+0000] {processor.py:175} INFO - Processing /home/airflow/.local/lib/python3.7/site-packages/airflow/example_dags/example_xcomargs.py took 0.047 seconds
[2025-04-24T23:35:53.238+0000] {processor.py:153} INFO - Started process (PID=1835) to work on /home/airflow/.local/lib/python3.7/site-packages/airflow/example_dags/example_xcomargs.py
[2025-04-24T23:35:53.239+0000] {processor.py:743} INFO - Processing file /home/airflow/.local/lib/python3.7/site-packages/airflow/example_dags/example_xcomargs.py for tasks to queue
[2025-04-24T23:35:53.239+0000] {logging_mixin.py:137} INFO - [2025-04-24T23:35:53.239+0000] {dagbag.py:538} INFO - Filling up the DagBag from /home/airflow/.local/lib/python3.7/site-packages/airflow/example_dags/example_xcomargs.py
[2025-04-24T23:35:53.248+0000] {processor.py:753} INFO - DAG(s) dict_keys(['example_xcom_args_with_operators', 'example_xcom_args']) retrieved from /home/airflow/.local/lib/python3.7/site-packages/airflow/example_dags/example_xcomargs.py
[2025-04-24T23:35:53.264+0000] {logging_mixin.py:137} INFO - [2025-04-24T23:35:53.264+0000] {dag.py:2690} INFO - Sync 2 DAGs
[2025-04-24T23:35:53.274+0000] {logging_mixin.py:137} INFO - [2025-04-24T23:35:53.274+0000] {dag.py:3441} INFO - Setting next_dagrun for example_xcom_args to None, run_after=None
[2025-04-24T23:35:53.276+0000] {logging_mixin.py:137} INFO - [2025-04-24T23:35:53.276+0000] {dag.py:3441} INFO - Setting next_dagrun for example_xcom_args_with_operators to None, run_after=None
[2025-04-24T23:35:53.283+0000] {processor.py:175} INFO - Processing /home/airflow/.local/lib/python3.7/site-packages/airflow/example_dags/example_xcomargs.py took 0.046 seconds
[2025-04-24T23:36:24.025+0000] {processor.py:153} INFO - Started process (PID=1920) to work on /home/airflow/.local/lib/python3.7/site-packages/airflow/example_dags/example_xcomargs.py
[2025-04-24T23:36:24.025+0000] {processor.py:743} INFO - Processing file /home/airflow/.local/lib/python3.7/site-packages/airflow/example_dags/example_xcomargs.py for tasks to queue
[2025-04-24T23:36:24.025+0000] {logging_mixin.py:137} INFO - [2025-04-24T23:36:24.025+0000] {dagbag.py:538} INFO - Filling up the DagBag from /home/airflow/.local/lib/python3.7/site-packages/airflow/example_dags/example_xcomargs.py
[2025-04-24T23:36:24.038+0000] {processor.py:753} INFO - DAG(s) dict_keys(['example_xcom_args_with_operators', 'example_xcom_args']) retrieved from /home/airflow/.local/lib/python3.7/site-packages/airflow/example_dags/example_xcomargs.py
[2025-04-24T23:36:24.052+0000] {logging_mixin.py:137} INFO - [2025-04-24T23:36:24.052+0000] {dag.py:2690} INFO - Sync 2 DAGs
[2025-04-24T23:36:24.066+0000] {logging_mixin.py:137} INFO - [2025-04-24T23:36:24.066+0000] {dag.py:3441} INFO - Setting next_dagrun for example_xcom_args to None, run_after=None
[2025-04-24T23:36:24.069+0000] {logging_mixin.py:137} INFO - [2025-04-24T23:36:24.069+0000] {dag.py:3441} INFO - Setting next_dagrun for example_xcom_args_with_operators to None, run_after=None
[2025-04-24T23:36:24.083+0000] {processor.py:175} INFO - Processing /home/airflow/.local/lib/python3.7/site-packages/airflow/example_dags/example_xcomargs.py took 0.060 seconds
[2025-04-24T23:36:55.029+0000] {processor.py:153} INFO - Started process (PID=2003) to work on /home/airflow/.local/lib/python3.7/site-packages/airflow/example_dags/example_xcomargs.py
[2025-04-24T23:36:55.033+0000] {processor.py:743} INFO - Processing file /home/airflow/.local/lib/python3.7/site-packages/airflow/example_dags/example_xcomargs.py for tasks to queue
[2025-04-24T23:36:55.033+0000] {logging_mixin.py:137} INFO - [2025-04-24T23:36:55.033+0000] {dagbag.py:538} INFO - Filling up the DagBag from /home/airflow/.local/lib/python3.7/site-packages/airflow/example_dags/example_xcomargs.py
[2025-04-24T23:36:55.043+0000] {processor.py:753} INFO - DAG(s) dict_keys(['example_xcom_args_with_operators', 'example_xcom_args']) retrieved from /home/airflow/.local/lib/python3.7/site-packages/airflow/example_dags/example_xcomargs.py
[2025-04-24T23:36:55.056+0000] {logging_mixin.py:137} INFO - [2025-04-24T23:36:55.056+0000] {dag.py:2690} INFO - Sync 2 DAGs
[2025-04-24T23:36:55.069+0000] {logging_mixin.py:137} INFO - [2025-04-24T23:36:55.069+0000] {dag.py:3441} INFO - Setting next_dagrun for example_xcom_args to None, run_after=None
[2025-04-24T23:36:55.071+0000] {logging_mixin.py:137} INFO - [2025-04-24T23:36:55.071+0000] {dag.py:3441} INFO - Setting next_dagrun for example_xcom_args_with_operators to None, run_after=None
[2025-04-24T23:36:55.078+0000] {processor.py:175} INFO - Processing /home/airflow/.local/lib/python3.7/site-packages/airflow/example_dags/example_xcomargs.py took 0.050 seconds
[2025-04-24T23:37:25.599+0000] {processor.py:153} INFO - Started process (PID=2095) to work on /home/airflow/.local/lib/python3.7/site-packages/airflow/example_dags/example_xcomargs.py
[2025-04-24T23:37:25.599+0000] {processor.py:743} INFO - Processing file /home/airflow/.local/lib/python3.7/site-packages/airflow/example_dags/example_xcomargs.py for tasks to queue
[2025-04-24T23:37:25.599+0000] {logging_mixin.py:137} INFO - [2025-04-24T23:37:25.599+0000] {dagbag.py:538} INFO - Filling up the DagBag from /home/airflow/.local/lib/python3.7/site-packages/airflow/example_dags/example_xcomargs.py
[2025-04-24T23:37:25.608+0000] {processor.py:753} INFO - DAG(s) dict_keys(['example_xcom_args', 'example_xcom_args_with_operators']) retrieved from /home/airflow/.local/lib/python3.7/site-packages/airflow/example_dags/example_xcomargs.py
[2025-04-24T23:37:25.620+0000] {logging_mixin.py:137} INFO - [2025-04-24T23:37:25.620+0000] {dag.py:2690} INFO - Sync 2 DAGs
[2025-04-24T23:37:25.630+0000] {logging_mixin.py:137} INFO - [2025-04-24T23:37:25.630+0000] {dag.py:3441} INFO - Setting next_dagrun for example_xcom_args to None, run_after=None
[2025-04-24T23:37:25.632+0000] {logging_mixin.py:137} INFO - [2025-04-24T23:37:25.632+0000] {dag.py:3441} INFO - Setting next_dagrun for example_xcom_args_with_operators to None, run_after=None
[2025-04-24T23:37:25.638+0000] {processor.py:175} INFO - Processing /home/airflow/.local/lib/python3.7/site-packages/airflow/example_dags/example_xcomargs.py took 0.041 seconds
[2025-04-24T23:37:56.096+0000] {processor.py:153} INFO - Started process (PID=2185) to work on /home/airflow/.local/lib/python3.7/site-packages/airflow/example_dags/example_xcomargs.py
[2025-04-24T23:37:56.097+0000] {processor.py:743} INFO - Processing file /home/airflow/.local/lib/python3.7/site-packages/airflow/example_dags/example_xcomargs.py for tasks to queue
[2025-04-24T23:37:56.098+0000] {logging_mixin.py:137} INFO - [2025-04-24T23:37:56.098+0000] {dagbag.py:538} INFO - Filling up the DagBag from /home/airflow/.local/lib/python3.7/site-packages/airflow/example_dags/example_xcomargs.py
[2025-04-24T23:37:56.107+0000] {processor.py:753} INFO - DAG(s) dict_keys(['example_xcom_args', 'example_xcom_args_with_operators']) retrieved from /home/airflow/.local/lib/python3.7/site-packages/airflow/example_dags/example_xcomargs.py
[2025-04-24T23:37:56.120+0000] {logging_mixin.py:137} INFO - [2025-04-24T23:37:56.120+0000] {dag.py:2690} INFO - Sync 2 DAGs
[2025-04-24T23:37:56.130+0000] {logging_mixin.py:137} INFO - [2025-04-24T23:37:56.130+0000] {dag.py:3441} INFO - Setting next_dagrun for example_xcom_args to None, run_after=None
[2025-04-24T23:37:56.132+0000] {logging_mixin.py:137} INFO - [2025-04-24T23:37:56.132+0000] {dag.py:3441} INFO - Setting next_dagrun for example_xcom_args_with_operators to None, run_after=None
[2025-04-24T23:37:56.141+0000] {processor.py:175} INFO - Processing /home/airflow/.local/lib/python3.7/site-packages/airflow/example_dags/example_xcomargs.py took 0.046 seconds
[2025-04-24T23:38:26.647+0000] {processor.py:153} INFO - Started process (PID=2277) to work on /home/airflow/.local/lib/python3.7/site-packages/airflow/example_dags/example_xcomargs.py
[2025-04-24T23:38:26.649+0000] {processor.py:743} INFO - Processing file /home/airflow/.local/lib/python3.7/site-packages/airflow/example_dags/example_xcomargs.py for tasks to queue
[2025-04-24T23:38:26.649+0000] {logging_mixin.py:137} INFO - [2025-04-24T23:38:26.649+0000] {dagbag.py:538} INFO - Filling up the DagBag from /home/airflow/.local/lib/python3.7/site-packages/airflow/example_dags/example_xcomargs.py
[2025-04-24T23:38:26.662+0000] {processor.py:753} INFO - DAG(s) dict_keys(['example_xcom_args_with_operators', 'example_xcom_args']) retrieved from /home/airflow/.local/lib/python3.7/site-packages/airflow/example_dags/example_xcomargs.py
[2025-04-24T23:38:26.680+0000] {logging_mixin.py:137} INFO - [2025-04-24T23:38:26.680+0000] {dag.py:2690} INFO - Sync 2 DAGs
[2025-04-24T23:38:26.694+0000] {logging_mixin.py:137} INFO - [2025-04-24T23:38:26.694+0000] {dag.py:3441} INFO - Setting next_dagrun for example_xcom_args to None, run_after=None
[2025-04-24T23:38:26.698+0000] {logging_mixin.py:137} INFO - [2025-04-24T23:38:26.698+0000] {dag.py:3441} INFO - Setting next_dagrun for example_xcom_args_with_operators to None, run_after=None
[2025-04-24T23:38:26.732+0000] {processor.py:175} INFO - Processing /home/airflow/.local/lib/python3.7/site-packages/airflow/example_dags/example_xcomargs.py took 0.086 seconds
[2025-04-24T23:38:57.388+0000] {processor.py:153} INFO - Started process (PID=2353) to work on /home/airflow/.local/lib/python3.7/site-packages/airflow/example_dags/example_xcomargs.py
[2025-04-24T23:38:57.389+0000] {processor.py:743} INFO - Processing file /home/airflow/.local/lib/python3.7/site-packages/airflow/example_dags/example_xcomargs.py for tasks to queue
[2025-04-24T23:38:57.389+0000] {logging_mixin.py:137} INFO - [2025-04-24T23:38:57.389+0000] {dagbag.py:538} INFO - Filling up the DagBag from /home/airflow/.local/lib/python3.7/site-packages/airflow/example_dags/example_xcomargs.py
[2025-04-24T23:38:57.399+0000] {processor.py:753} INFO - DAG(s) dict_keys(['example_xcom_args', 'example_xcom_args_with_operators']) retrieved from /home/airflow/.local/lib/python3.7/site-packages/airflow/example_dags/example_xcomargs.py
[2025-04-24T23:38:57.412+0000] {logging_mixin.py:137} INFO - [2025-04-24T23:38:57.412+0000] {dag.py:2690} INFO - Sync 2 DAGs
[2025-04-24T23:38:57.422+0000] {logging_mixin.py:137} INFO - [2025-04-24T23:38:57.422+0000] {dag.py:3441} INFO - Setting next_dagrun for example_xcom_args to None, run_after=None
[2025-04-24T23:38:57.424+0000] {logging_mixin.py:137} INFO - [2025-04-24T23:38:57.424+0000] {dag.py:3441} INFO - Setting next_dagrun for example_xcom_args_with_operators to None, run_after=None
[2025-04-24T23:38:57.431+0000] {processor.py:175} INFO - Processing /home/airflow/.local/lib/python3.7/site-packages/airflow/example_dags/example_xcomargs.py took 0.045 seconds
[2025-04-24T23:39:28.046+0000] {processor.py:153} INFO - Started process (PID=2445) to work on /home/airflow/.local/lib/python3.7/site-packages/airflow/example_dags/example_xcomargs.py
[2025-04-24T23:39:28.046+0000] {processor.py:743} INFO - Processing file /home/airflow/.local/lib/python3.7/site-packages/airflow/example_dags/example_xcomargs.py for tasks to queue
[2025-04-24T23:39:28.047+0000] {logging_mixin.py:137} INFO - [2025-04-24T23:39:28.047+0000] {dagbag.py:538} INFO - Filling up the DagBag from /home/airflow/.local/lib/python3.7/site-packages/airflow/example_dags/example_xcomargs.py
[2025-04-24T23:39:28.056+0000] {processor.py:753} INFO - DAG(s) dict_keys(['example_xcom_args_with_operators', 'example_xcom_args']) retrieved from /home/airflow/.local/lib/python3.7/site-packages/airflow/example_dags/example_xcomargs.py
[2025-04-24T23:39:28.068+0000] {logging_mixin.py:137} INFO - [2025-04-24T23:39:28.068+0000] {dag.py:2690} INFO - Sync 2 DAGs
[2025-04-24T23:39:28.078+0000] {logging_mixin.py:137} INFO - [2025-04-24T23:39:28.078+0000] {dag.py:3441} INFO - Setting next_dagrun for example_xcom_args to None, run_after=None
[2025-04-24T23:39:28.083+0000] {logging_mixin.py:137} INFO - [2025-04-24T23:39:28.083+0000] {dag.py:3441} INFO - Setting next_dagrun for example_xcom_args_with_operators to None, run_after=None
[2025-04-24T23:39:28.092+0000] {processor.py:175} INFO - Processing /home/airflow/.local/lib/python3.7/site-packages/airflow/example_dags/example_xcomargs.py took 0.047 seconds
[2025-04-24T23:39:58.549+0000] {processor.py:153} INFO - Started process (PID=2536) to work on /home/airflow/.local/lib/python3.7/site-packages/airflow/example_dags/example_xcomargs.py
[2025-04-24T23:39:58.550+0000] {processor.py:743} INFO - Processing file /home/airflow/.local/lib/python3.7/site-packages/airflow/example_dags/example_xcomargs.py for tasks to queue
[2025-04-24T23:39:58.550+0000] {logging_mixin.py:137} INFO - [2025-04-24T23:39:58.550+0000] {dagbag.py:538} INFO - Filling up the DagBag from /home/airflow/.local/lib/python3.7/site-packages/airflow/example_dags/example_xcomargs.py
[2025-04-24T23:39:58.561+0000] {processor.py:753} INFO - DAG(s) dict_keys(['example_xcom_args_with_operators', 'example_xcom_args']) retrieved from /home/airflow/.local/lib/python3.7/site-packages/airflow/example_dags/example_xcomargs.py
[2025-04-24T23:39:58.573+0000] {logging_mixin.py:137} INFO - [2025-04-24T23:39:58.573+0000] {dag.py:2690} INFO - Sync 2 DAGs
[2025-04-24T23:39:58.587+0000] {logging_mixin.py:137} INFO - [2025-04-24T23:39:58.587+0000] {dag.py:3441} INFO - Setting next_dagrun for example_xcom_args to None, run_after=None
[2025-04-24T23:39:58.589+0000] {logging_mixin.py:137} INFO - [2025-04-24T23:39:58.589+0000] {dag.py:3441} INFO - Setting next_dagrun for example_xcom_args_with_operators to None, run_after=None
[2025-04-24T23:39:58.603+0000] {processor.py:175} INFO - Processing /home/airflow/.local/lib/python3.7/site-packages/airflow/example_dags/example_xcomargs.py took 0.055 seconds
[2025-04-24T23:40:29.017+0000] {processor.py:153} INFO - Started process (PID=2628) to work on /home/airflow/.local/lib/python3.7/site-packages/airflow/example_dags/example_xcomargs.py
[2025-04-24T23:40:29.018+0000] {processor.py:743} INFO - Processing file /home/airflow/.local/lib/python3.7/site-packages/airflow/example_dags/example_xcomargs.py for tasks to queue
[2025-04-24T23:40:29.018+0000] {logging_mixin.py:137} INFO - [2025-04-24T23:40:29.018+0000] {dagbag.py:538} INFO - Filling up the DagBag from /home/airflow/.local/lib/python3.7/site-packages/airflow/example_dags/example_xcomargs.py
[2025-04-24T23:40:29.027+0000] {processor.py:753} INFO - DAG(s) dict_keys(['example_xcom_args_with_operators', 'example_xcom_args']) retrieved from /home/airflow/.local/lib/python3.7/site-packages/airflow/example_dags/example_xcomargs.py
[2025-04-24T23:40:29.039+0000] {logging_mixin.py:137} INFO - [2025-04-24T23:40:29.039+0000] {dag.py:2690} INFO - Sync 2 DAGs
[2025-04-24T23:40:29.049+0000] {logging_mixin.py:137} INFO - [2025-04-24T23:40:29.049+0000] {dag.py:3441} INFO - Setting next_dagrun for example_xcom_args to None, run_after=None
[2025-04-24T23:40:29.051+0000] {logging_mixin.py:137} INFO - [2025-04-24T23:40:29.051+0000] {dag.py:3441} INFO - Setting next_dagrun for example_xcom_args_with_operators to None, run_after=None
[2025-04-24T23:40:29.057+0000] {processor.py:175} INFO - Processing /home/airflow/.local/lib/python3.7/site-packages/airflow/example_dags/example_xcomargs.py took 0.042 seconds
[2025-04-24T23:40:59.582+0000] {processor.py:153} INFO - Started process (PID=2704) to work on /home/airflow/.local/lib/python3.7/site-packages/airflow/example_dags/example_xcomargs.py
[2025-04-24T23:40:59.583+0000] {processor.py:743} INFO - Processing file /home/airflow/.local/lib/python3.7/site-packages/airflow/example_dags/example_xcomargs.py for tasks to queue
[2025-04-24T23:40:59.583+0000] {logging_mixin.py:137} INFO - [2025-04-24T23:40:59.583+0000] {dagbag.py:538} INFO - Filling up the DagBag from /home/airflow/.local/lib/python3.7/site-packages/airflow/example_dags/example_xcomargs.py
[2025-04-24T23:40:59.593+0000] {processor.py:753} INFO - DAG(s) dict_keys(['example_xcom_args', 'example_xcom_args_with_operators']) retrieved from /home/airflow/.local/lib/python3.7/site-packages/airflow/example_dags/example_xcomargs.py
[2025-04-24T23:40:59.604+0000] {logging_mixin.py:137} INFO - [2025-04-24T23:40:59.604+0000] {dag.py:2690} INFO - Sync 2 DAGs
[2025-04-24T23:40:59.614+0000] {logging_mixin.py:137} INFO - [2025-04-24T23:40:59.614+0000] {dag.py:3441} INFO - Setting next_dagrun for example_xcom_args to None, run_after=None
[2025-04-24T23:40:59.615+0000] {logging_mixin.py:137} INFO - [2025-04-24T23:40:59.615+0000] {dag.py:3441} INFO - Setting next_dagrun for example_xcom_args_with_operators to None, run_after=None
[2025-04-24T23:40:59.621+0000] {processor.py:175} INFO - Processing /home/airflow/.local/lib/python3.7/site-packages/airflow/example_dags/example_xcomargs.py took 0.040 seconds
[2025-04-24T23:41:30.094+0000] {processor.py:153} INFO - Started process (PID=2796) to work on /home/airflow/.local/lib/python3.7/site-packages/airflow/example_dags/example_xcomargs.py
[2025-04-24T23:41:30.096+0000] {processor.py:743} INFO - Processing file /home/airflow/.local/lib/python3.7/site-packages/airflow/example_dags/example_xcomargs.py for tasks to queue
[2025-04-24T23:41:30.096+0000] {logging_mixin.py:137} INFO - [2025-04-24T23:41:30.096+0000] {dagbag.py:538} INFO - Filling up the DagBag from /home/airflow/.local/lib/python3.7/site-packages/airflow/example_dags/example_xcomargs.py
[2025-04-24T23:41:30.108+0000] {processor.py:753} INFO - DAG(s) dict_keys(['example_xcom_args_with_operators', 'example_xcom_args']) retrieved from /home/airflow/.local/lib/python3.7/site-packages/airflow/example_dags/example_xcomargs.py
[2025-04-24T23:41:30.133+0000] {logging_mixin.py:137} INFO - [2025-04-24T23:41:30.132+0000] {dag.py:2690} INFO - Sync 2 DAGs
[2025-04-24T23:41:30.145+0000] {logging_mixin.py:137} INFO - [2025-04-24T23:41:30.145+0000] {dag.py:3441} INFO - Setting next_dagrun for example_xcom_args to None, run_after=None
[2025-04-24T23:41:30.147+0000] {logging_mixin.py:137} INFO - [2025-04-24T23:41:30.147+0000] {dag.py:3441} INFO - Setting next_dagrun for example_xcom_args_with_operators to None, run_after=None
[2025-04-24T23:41:30.153+0000] {processor.py:175} INFO - Processing /home/airflow/.local/lib/python3.7/site-packages/airflow/example_dags/example_xcomargs.py took 0.060 seconds
[2025-04-24T23:42:00.836+0000] {processor.py:153} INFO - Started process (PID=2888) to work on /home/airflow/.local/lib/python3.7/site-packages/airflow/example_dags/example_xcomargs.py
[2025-04-24T23:42:00.839+0000] {processor.py:743} INFO - Processing file /home/airflow/.local/lib/python3.7/site-packages/airflow/example_dags/example_xcomargs.py for tasks to queue
[2025-04-24T23:42:00.840+0000] {logging_mixin.py:137} INFO - [2025-04-24T23:42:00.840+0000] {dagbag.py:538} INFO - Filling up the DagBag from /home/airflow/.local/lib/python3.7/site-packages/airflow/example_dags/example_xcomargs.py
[2025-04-24T23:42:00.849+0000] {processor.py:753} INFO - DAG(s) dict_keys(['example_xcom_args', 'example_xcom_args_with_operators']) retrieved from /home/airflow/.local/lib/python3.7/site-packages/airflow/example_dags/example_xcomargs.py
[2025-04-24T23:42:00.862+0000] {logging_mixin.py:137} INFO - [2025-04-24T23:42:00.862+0000] {dag.py:2690} INFO - Sync 2 DAGs
[2025-04-24T23:42:00.873+0000] {logging_mixin.py:137} INFO - [2025-04-24T23:42:00.873+0000] {dag.py:3441} INFO - Setting next_dagrun for example_xcom_args to None, run_after=None
[2025-04-24T23:42:00.876+0000] {logging_mixin.py:137} INFO - [2025-04-24T23:42:00.876+0000] {dag.py:3441} INFO - Setting next_dagrun for example_xcom_args_with_operators to None, run_after=None
[2025-04-24T23:42:00.885+0000] {processor.py:175} INFO - Processing /home/airflow/.local/lib/python3.7/site-packages/airflow/example_dags/example_xcomargs.py took 0.051 seconds
[2025-04-24T23:42:31.510+0000] {processor.py:153} INFO - Started process (PID=2980) to work on /home/airflow/.local/lib/python3.7/site-packages/airflow/example_dags/example_xcomargs.py
[2025-04-24T23:42:31.510+0000] {processor.py:743} INFO - Processing file /home/airflow/.local/lib/python3.7/site-packages/airflow/example_dags/example_xcomargs.py for tasks to queue
[2025-04-24T23:42:31.510+0000] {logging_mixin.py:137} INFO - [2025-04-24T23:42:31.510+0000] {dagbag.py:538} INFO - Filling up the DagBag from /home/airflow/.local/lib/python3.7/site-packages/airflow/example_dags/example_xcomargs.py
[2025-04-24T23:42:31.520+0000] {processor.py:753} INFO - DAG(s) dict_keys(['example_xcom_args', 'example_xcom_args_with_operators']) retrieved from /home/airflow/.local/lib/python3.7/site-packages/airflow/example_dags/example_xcomargs.py
[2025-04-24T23:42:31.537+0000] {logging_mixin.py:137} INFO - [2025-04-24T23:42:31.537+0000] {dag.py:2690} INFO - Sync 2 DAGs
[2025-04-24T23:42:31.548+0000] {logging_mixin.py:137} INFO - [2025-04-24T23:42:31.548+0000] {dag.py:3441} INFO - Setting next_dagrun for example_xcom_args to None, run_after=None
[2025-04-24T23:42:31.550+0000] {logging_mixin.py:137} INFO - [2025-04-24T23:42:31.550+0000] {dag.py:3441} INFO - Setting next_dagrun for example_xcom_args_with_operators to None, run_after=None
[2025-04-24T23:42:31.559+0000] {processor.py:175} INFO - Processing /home/airflow/.local/lib/python3.7/site-packages/airflow/example_dags/example_xcomargs.py took 0.050 seconds
[2025-04-24T23:43:02.126+0000] {processor.py:153} INFO - Started process (PID=3072) to work on /home/airflow/.local/lib/python3.7/site-packages/airflow/example_dags/example_xcomargs.py
[2025-04-24T23:43:02.127+0000] {processor.py:743} INFO - Processing file /home/airflow/.local/lib/python3.7/site-packages/airflow/example_dags/example_xcomargs.py for tasks to queue
[2025-04-24T23:43:02.128+0000] {logging_mixin.py:137} INFO - [2025-04-24T23:43:02.128+0000] {dagbag.py:538} INFO - Filling up the DagBag from /home/airflow/.local/lib/python3.7/site-packages/airflow/example_dags/example_xcomargs.py
[2025-04-24T23:43:02.139+0000] {processor.py:753} INFO - DAG(s) dict_keys(['example_xcom_args', 'example_xcom_args_with_operators']) retrieved from /home/airflow/.local/lib/python3.7/site-packages/airflow/example_dags/example_xcomargs.py
[2025-04-24T23:43:02.155+0000] {logging_mixin.py:137} INFO - [2025-04-24T23:43:02.155+0000] {dag.py:2690} INFO - Sync 2 DAGs
[2025-04-24T23:43:02.167+0000] {logging_mixin.py:137} INFO - [2025-04-24T23:43:02.167+0000] {dag.py:3441} INFO - Setting next_dagrun for example_xcom_args to None, run_after=None
[2025-04-24T23:43:02.168+0000] {logging_mixin.py:137} INFO - [2025-04-24T23:43:02.168+0000] {dag.py:3441} INFO - Setting next_dagrun for example_xcom_args_with_operators to None, run_after=None
[2025-04-24T23:43:02.175+0000] {processor.py:175} INFO - Processing /home/airflow/.local/lib/python3.7/site-packages/airflow/example_dags/example_xcomargs.py took 0.052 seconds
[2025-04-24T23:43:32.805+0000] {processor.py:153} INFO - Started process (PID=3148) to work on /home/airflow/.local/lib/python3.7/site-packages/airflow/example_dags/example_xcomargs.py
[2025-04-24T23:43:32.805+0000] {processor.py:743} INFO - Processing file /home/airflow/.local/lib/python3.7/site-packages/airflow/example_dags/example_xcomargs.py for tasks to queue
[2025-04-24T23:43:32.806+0000] {logging_mixin.py:137} INFO - [2025-04-24T23:43:32.806+0000] {dagbag.py:538} INFO - Filling up the DagBag from /home/airflow/.local/lib/python3.7/site-packages/airflow/example_dags/example_xcomargs.py
[2025-04-24T23:43:32.816+0000] {processor.py:753} INFO - DAG(s) dict_keys(['example_xcom_args', 'example_xcom_args_with_operators']) retrieved from /home/airflow/.local/lib/python3.7/site-packages/airflow/example_dags/example_xcomargs.py
[2025-04-24T23:43:32.827+0000] {logging_mixin.py:137} INFO - [2025-04-24T23:43:32.827+0000] {dag.py:2690} INFO - Sync 2 DAGs
[2025-04-24T23:43:32.837+0000] {logging_mixin.py:137} INFO - [2025-04-24T23:43:32.837+0000] {dag.py:3441} INFO - Setting next_dagrun for example_xcom_args to None, run_after=None
[2025-04-24T23:43:32.839+0000] {logging_mixin.py:137} INFO - [2025-04-24T23:43:32.839+0000] {dag.py:3441} INFO - Setting next_dagrun for example_xcom_args_with_operators to None, run_after=None
[2025-04-24T23:43:32.846+0000] {processor.py:175} INFO - Processing /home/airflow/.local/lib/python3.7/site-packages/airflow/example_dags/example_xcomargs.py took 0.043 seconds
[2025-04-24T23:44:03.353+0000] {processor.py:153} INFO - Started process (PID=3240) to work on /home/airflow/.local/lib/python3.7/site-packages/airflow/example_dags/example_xcomargs.py
[2025-04-24T23:44:03.355+0000] {processor.py:743} INFO - Processing file /home/airflow/.local/lib/python3.7/site-packages/airflow/example_dags/example_xcomargs.py for tasks to queue
[2025-04-24T23:44:03.355+0000] {logging_mixin.py:137} INFO - [2025-04-24T23:44:03.355+0000] {dagbag.py:538} INFO - Filling up the DagBag from /home/airflow/.local/lib/python3.7/site-packages/airflow/example_dags/example_xcomargs.py
[2025-04-24T23:44:03.366+0000] {processor.py:753} INFO - DAG(s) dict_keys(['example_xcom_args_with_operators', 'example_xcom_args']) retrieved from /home/airflow/.local/lib/python3.7/site-packages/airflow/example_dags/example_xcomargs.py
[2025-04-24T23:44:03.378+0000] {logging_mixin.py:137} INFO - [2025-04-24T23:44:03.378+0000] {dag.py:2690} INFO - Sync 2 DAGs
[2025-04-24T23:44:03.393+0000] {logging_mixin.py:137} INFO - [2025-04-24T23:44:03.393+0000] {dag.py:3441} INFO - Setting next_dagrun for example_xcom_args to None, run_after=None
[2025-04-24T23:44:03.396+0000] {logging_mixin.py:137} INFO - [2025-04-24T23:44:03.395+0000] {dag.py:3441} INFO - Setting next_dagrun for example_xcom_args_with_operators to None, run_after=None
[2025-04-24T23:44:03.405+0000] {processor.py:175} INFO - Processing /home/airflow/.local/lib/python3.7/site-packages/airflow/example_dags/example_xcomargs.py took 0.053 seconds
[2025-04-24T23:44:33.897+0000] {processor.py:153} INFO - Started process (PID=3332) to work on /home/airflow/.local/lib/python3.7/site-packages/airflow/example_dags/example_xcomargs.py
[2025-04-24T23:44:33.897+0000] {processor.py:743} INFO - Processing file /home/airflow/.local/lib/python3.7/site-packages/airflow/example_dags/example_xcomargs.py for tasks to queue
[2025-04-24T23:44:33.898+0000] {logging_mixin.py:137} INFO - [2025-04-24T23:44:33.898+0000] {dagbag.py:538} INFO - Filling up the DagBag from /home/airflow/.local/lib/python3.7/site-packages/airflow/example_dags/example_xcomargs.py
[2025-04-24T23:44:33.908+0000] {processor.py:753} INFO - DAG(s) dict_keys(['example_xcom_args', 'example_xcom_args_with_operators']) retrieved from /home/airflow/.local/lib/python3.7/site-packages/airflow/example_dags/example_xcomargs.py
[2025-04-24T23:44:33.923+0000] {logging_mixin.py:137} INFO - [2025-04-24T23:44:33.923+0000] {dag.py:2690} INFO - Sync 2 DAGs
[2025-04-24T23:44:33.934+0000] {logging_mixin.py:137} INFO - [2025-04-24T23:44:33.934+0000] {dag.py:3441} INFO - Setting next_dagrun for example_xcom_args to None, run_after=None
[2025-04-24T23:44:33.935+0000] {logging_mixin.py:137} INFO - [2025-04-24T23:44:33.935+0000] {dag.py:3441} INFO - Setting next_dagrun for example_xcom_args_with_operators to None, run_after=None
[2025-04-24T23:44:33.943+0000] {processor.py:175} INFO - Processing /home/airflow/.local/lib/python3.7/site-packages/airflow/example_dags/example_xcomargs.py took 0.047 seconds
[2025-04-24T23:45:04.402+0000] {processor.py:153} INFO - Started process (PID=3424) to work on /home/airflow/.local/lib/python3.7/site-packages/airflow/example_dags/example_xcomargs.py
[2025-04-24T23:45:04.403+0000] {processor.py:743} INFO - Processing file /home/airflow/.local/lib/python3.7/site-packages/airflow/example_dags/example_xcomargs.py for tasks to queue
[2025-04-24T23:45:04.403+0000] {logging_mixin.py:137} INFO - [2025-04-24T23:45:04.403+0000] {dagbag.py:538} INFO - Filling up the DagBag from /home/airflow/.local/lib/python3.7/site-packages/airflow/example_dags/example_xcomargs.py
[2025-04-24T23:45:04.412+0000] {processor.py:753} INFO - DAG(s) dict_keys(['example_xcom_args_with_operators', 'example_xcom_args']) retrieved from /home/airflow/.local/lib/python3.7/site-packages/airflow/example_dags/example_xcomargs.py
[2025-04-24T23:45:04.424+0000] {logging_mixin.py:137} INFO - [2025-04-24T23:45:04.424+0000] {dag.py:2690} INFO - Sync 2 DAGs
[2025-04-24T23:45:04.436+0000] {logging_mixin.py:137} INFO - [2025-04-24T23:45:04.436+0000] {dag.py:3441} INFO - Setting next_dagrun for example_xcom_args to None, run_after=None
[2025-04-24T23:45:04.437+0000] {logging_mixin.py:137} INFO - [2025-04-24T23:45:04.437+0000] {dag.py:3441} INFO - Setting next_dagrun for example_xcom_args_with_operators to None, run_after=None
[2025-04-24T23:45:04.444+0000] {processor.py:175} INFO - Processing /home/airflow/.local/lib/python3.7/site-packages/airflow/example_dags/example_xcomargs.py took 0.044 seconds
[2025-04-24T23:45:35.004+0000] {processor.py:153} INFO - Started process (PID=3500) to work on /home/airflow/.local/lib/python3.7/site-packages/airflow/example_dags/example_xcomargs.py
[2025-04-24T23:45:35.004+0000] {processor.py:743} INFO - Processing file /home/airflow/.local/lib/python3.7/site-packages/airflow/example_dags/example_xcomargs.py for tasks to queue
[2025-04-24T23:45:35.005+0000] {logging_mixin.py:137} INFO - [2025-04-24T23:45:35.005+0000] {dagbag.py:538} INFO - Filling up the DagBag from /home/airflow/.local/lib/python3.7/site-packages/airflow/example_dags/example_xcomargs.py
[2025-04-24T23:45:35.015+0000] {processor.py:753} INFO - DAG(s) dict_keys(['example_xcom_args', 'example_xcom_args_with_operators']) retrieved from /home/airflow/.local/lib/python3.7/site-packages/airflow/example_dags/example_xcomargs.py
[2025-04-24T23:45:35.027+0000] {logging_mixin.py:137} INFO - [2025-04-24T23:45:35.027+0000] {dag.py:2690} INFO - Sync 2 DAGs
[2025-04-24T23:45:35.038+0000] {logging_mixin.py:137} INFO - [2025-04-24T23:45:35.038+0000] {dag.py:3441} INFO - Setting next_dagrun for example_xcom_args to None, run_after=None
[2025-04-24T23:45:35.040+0000] {logging_mixin.py:137} INFO - [2025-04-24T23:45:35.040+0000] {dag.py:3441} INFO - Setting next_dagrun for example_xcom_args_with_operators to None, run_after=None
[2025-04-24T23:45:35.050+0000] {processor.py:175} INFO - Processing /home/airflow/.local/lib/python3.7/site-packages/airflow/example_dags/example_xcomargs.py took 0.047 seconds
[2025-04-24T23:46:05.545+0000] {processor.py:153} INFO - Started process (PID=3592) to work on /home/airflow/.local/lib/python3.7/site-packages/airflow/example_dags/example_xcomargs.py
[2025-04-24T23:46:05.545+0000] {processor.py:743} INFO - Processing file /home/airflow/.local/lib/python3.7/site-packages/airflow/example_dags/example_xcomargs.py for tasks to queue
[2025-04-24T23:46:05.546+0000] {logging_mixin.py:137} INFO - [2025-04-24T23:46:05.545+0000] {dagbag.py:538} INFO - Filling up the DagBag from /home/airflow/.local/lib/python3.7/site-packages/airflow/example_dags/example_xcomargs.py
[2025-04-24T23:46:05.555+0000] {processor.py:753} INFO - DAG(s) dict_keys(['example_xcom_args_with_operators', 'example_xcom_args']) retrieved from /home/airflow/.local/lib/python3.7/site-packages/airflow/example_dags/example_xcomargs.py
[2025-04-24T23:46:05.567+0000] {logging_mixin.py:137} INFO - [2025-04-24T23:46:05.567+0000] {dag.py:2690} INFO - Sync 2 DAGs
[2025-04-24T23:46:05.577+0000] {logging_mixin.py:137} INFO - [2025-04-24T23:46:05.577+0000] {dag.py:3441} INFO - Setting next_dagrun for example_xcom_args to None, run_after=None
[2025-04-24T23:46:05.579+0000] {logging_mixin.py:137} INFO - [2025-04-24T23:46:05.579+0000] {dag.py:3441} INFO - Setting next_dagrun for example_xcom_args_with_operators to None, run_after=None
[2025-04-24T23:46:05.585+0000] {processor.py:175} INFO - Processing /home/airflow/.local/lib/python3.7/site-packages/airflow/example_dags/example_xcomargs.py took 0.042 seconds
[2025-04-24T23:46:36.018+0000] {processor.py:153} INFO - Started process (PID=3684) to work on /home/airflow/.local/lib/python3.7/site-packages/airflow/example_dags/example_xcomargs.py
[2025-04-24T23:46:36.021+0000] {processor.py:743} INFO - Processing file /home/airflow/.local/lib/python3.7/site-packages/airflow/example_dags/example_xcomargs.py for tasks to queue
[2025-04-24T23:46:36.021+0000] {logging_mixin.py:137} INFO - [2025-04-24T23:46:36.021+0000] {dagbag.py:538} INFO - Filling up the DagBag from /home/airflow/.local/lib/python3.7/site-packages/airflow/example_dags/example_xcomargs.py
[2025-04-24T23:46:36.030+0000] {processor.py:753} INFO - DAG(s) dict_keys(['example_xcom_args_with_operators', 'example_xcom_args']) retrieved from /home/airflow/.local/lib/python3.7/site-packages/airflow/example_dags/example_xcomargs.py
[2025-04-24T23:46:36.043+0000] {logging_mixin.py:137} INFO - [2025-04-24T23:46:36.043+0000] {dag.py:2690} INFO - Sync 2 DAGs
[2025-04-24T23:46:36.054+0000] {logging_mixin.py:137} INFO - [2025-04-24T23:46:36.054+0000] {dag.py:3441} INFO - Setting next_dagrun for example_xcom_args to None, run_after=None
[2025-04-24T23:46:36.056+0000] {logging_mixin.py:137} INFO - [2025-04-24T23:46:36.056+0000] {dag.py:3441} INFO - Setting next_dagrun for example_xcom_args_with_operators to None, run_after=None
[2025-04-24T23:46:36.064+0000] {processor.py:175} INFO - Processing /home/airflow/.local/lib/python3.7/site-packages/airflow/example_dags/example_xcomargs.py took 0.048 seconds
[2025-04-24T23:47:06.561+0000] {processor.py:153} INFO - Started process (PID=3776) to work on /home/airflow/.local/lib/python3.7/site-packages/airflow/example_dags/example_xcomargs.py
[2025-04-24T23:47:06.561+0000] {processor.py:743} INFO - Processing file /home/airflow/.local/lib/python3.7/site-packages/airflow/example_dags/example_xcomargs.py for tasks to queue
[2025-04-24T23:47:06.562+0000] {logging_mixin.py:137} INFO - [2025-04-24T23:47:06.562+0000] {dagbag.py:538} INFO - Filling up the DagBag from /home/airflow/.local/lib/python3.7/site-packages/airflow/example_dags/example_xcomargs.py
[2025-04-24T23:47:06.573+0000] {processor.py:753} INFO - DAG(s) dict_keys(['example_xcom_args', 'example_xcom_args_with_operators']) retrieved from /home/airflow/.local/lib/python3.7/site-packages/airflow/example_dags/example_xcomargs.py
[2025-04-24T23:47:06.584+0000] {logging_mixin.py:137} INFO - [2025-04-24T23:47:06.584+0000] {dag.py:2690} INFO - Sync 2 DAGs
[2025-04-24T23:47:06.595+0000] {logging_mixin.py:137} INFO - [2025-04-24T23:47:06.595+0000] {dag.py:3441} INFO - Setting next_dagrun for example_xcom_args to None, run_after=None
[2025-04-24T23:47:06.598+0000] {logging_mixin.py:137} INFO - [2025-04-24T23:47:06.598+0000] {dag.py:3441} INFO - Setting next_dagrun for example_xcom_args_with_operators to None, run_after=None
[2025-04-24T23:47:06.606+0000] {processor.py:175} INFO - Processing /home/airflow/.local/lib/python3.7/site-packages/airflow/example_dags/example_xcomargs.py took 0.046 seconds
[2025-04-24T23:47:37.146+0000] {processor.py:153} INFO - Started process (PID=3868) to work on /home/airflow/.local/lib/python3.7/site-packages/airflow/example_dags/example_xcomargs.py
[2025-04-24T23:47:37.148+0000] {processor.py:743} INFO - Processing file /home/airflow/.local/lib/python3.7/site-packages/airflow/example_dags/example_xcomargs.py for tasks to queue
[2025-04-24T23:47:37.148+0000] {logging_mixin.py:137} INFO - [2025-04-24T23:47:37.148+0000] {dagbag.py:538} INFO - Filling up the DagBag from /home/airflow/.local/lib/python3.7/site-packages/airflow/example_dags/example_xcomargs.py
[2025-04-24T23:47:37.158+0000] {processor.py:753} INFO - DAG(s) dict_keys(['example_xcom_args', 'example_xcom_args_with_operators']) retrieved from /home/airflow/.local/lib/python3.7/site-packages/airflow/example_dags/example_xcomargs.py
[2025-04-24T23:47:37.175+0000] {logging_mixin.py:137} INFO - [2025-04-24T23:47:37.175+0000] {dag.py:2690} INFO - Sync 2 DAGs
[2025-04-24T23:47:37.188+0000] {logging_mixin.py:137} INFO - [2025-04-24T23:47:37.188+0000] {dag.py:3441} INFO - Setting next_dagrun for example_xcom_args to None, run_after=None
[2025-04-24T23:47:37.190+0000] {logging_mixin.py:137} INFO - [2025-04-24T23:47:37.190+0000] {dag.py:3441} INFO - Setting next_dagrun for example_xcom_args_with_operators to None, run_after=None
[2025-04-24T23:47:37.204+0000] {processor.py:175} INFO - Processing /home/airflow/.local/lib/python3.7/site-packages/airflow/example_dags/example_xcomargs.py took 0.061 seconds
[2025-04-24T23:48:07.854+0000] {processor.py:153} INFO - Started process (PID=3943) to work on /home/airflow/.local/lib/python3.7/site-packages/airflow/example_dags/example_xcomargs.py
[2025-04-24T23:48:07.855+0000] {processor.py:743} INFO - Processing file /home/airflow/.local/lib/python3.7/site-packages/airflow/example_dags/example_xcomargs.py for tasks to queue
[2025-04-24T23:48:07.855+0000] {logging_mixin.py:137} INFO - [2025-04-24T23:48:07.855+0000] {dagbag.py:538} INFO - Filling up the DagBag from /home/airflow/.local/lib/python3.7/site-packages/airflow/example_dags/example_xcomargs.py
[2025-04-24T23:48:07.864+0000] {processor.py:753} INFO - DAG(s) dict_keys(['example_xcom_args_with_operators', 'example_xcom_args']) retrieved from /home/airflow/.local/lib/python3.7/site-packages/airflow/example_dags/example_xcomargs.py
[2025-04-24T23:48:07.874+0000] {logging_mixin.py:137} INFO - [2025-04-24T23:48:07.874+0000] {dag.py:2690} INFO - Sync 2 DAGs
[2025-04-24T23:48:07.884+0000] {logging_mixin.py:137} INFO - [2025-04-24T23:48:07.884+0000] {dag.py:3441} INFO - Setting next_dagrun for example_xcom_args to None, run_after=None
[2025-04-24T23:48:07.886+0000] {logging_mixin.py:137} INFO - [2025-04-24T23:48:07.886+0000] {dag.py:3441} INFO - Setting next_dagrun for example_xcom_args_with_operators to None, run_after=None
[2025-04-24T23:48:07.893+0000] {processor.py:175} INFO - Processing /home/airflow/.local/lib/python3.7/site-packages/airflow/example_dags/example_xcomargs.py took 0.040 seconds
[2025-04-24T23:48:38.357+0000] {processor.py:153} INFO - Started process (PID=4035) to work on /home/airflow/.local/lib/python3.7/site-packages/airflow/example_dags/example_xcomargs.py
[2025-04-24T23:48:38.360+0000] {processor.py:743} INFO - Processing file /home/airflow/.local/lib/python3.7/site-packages/airflow/example_dags/example_xcomargs.py for tasks to queue
[2025-04-24T23:48:38.361+0000] {logging_mixin.py:137} INFO - [2025-04-24T23:48:38.361+0000] {dagbag.py:538} INFO - Filling up the DagBag from /home/airflow/.local/lib/python3.7/site-packages/airflow/example_dags/example_xcomargs.py
[2025-04-24T23:48:38.370+0000] {processor.py:753} INFO - DAG(s) dict_keys(['example_xcom_args', 'example_xcom_args_with_operators']) retrieved from /home/airflow/.local/lib/python3.7/site-packages/airflow/example_dags/example_xcomargs.py
[2025-04-24T23:48:38.383+0000] {logging_mixin.py:137} INFO - [2025-04-24T23:48:38.383+0000] {dag.py:2690} INFO - Sync 2 DAGs
[2025-04-24T23:48:38.395+0000] {logging_mixin.py:137} INFO - [2025-04-24T23:48:38.395+0000] {dag.py:3441} INFO - Setting next_dagrun for example_xcom_args to None, run_after=None
[2025-04-24T23:48:38.396+0000] {logging_mixin.py:137} INFO - [2025-04-24T23:48:38.396+0000] {dag.py:3441} INFO - Setting next_dagrun for example_xcom_args_with_operators to None, run_after=None
[2025-04-24T23:48:38.403+0000] {processor.py:175} INFO - Processing /home/airflow/.local/lib/python3.7/site-packages/airflow/example_dags/example_xcomargs.py took 0.048 seconds
[2025-04-24T23:49:08.860+0000] {processor.py:153} INFO - Started process (PID=4127) to work on /home/airflow/.local/lib/python3.7/site-packages/airflow/example_dags/example_xcomargs.py
[2025-04-24T23:49:08.864+0000] {processor.py:743} INFO - Processing file /home/airflow/.local/lib/python3.7/site-packages/airflow/example_dags/example_xcomargs.py for tasks to queue
[2025-04-24T23:49:08.864+0000] {logging_mixin.py:137} INFO - [2025-04-24T23:49:08.864+0000] {dagbag.py:538} INFO - Filling up the DagBag from /home/airflow/.local/lib/python3.7/site-packages/airflow/example_dags/example_xcomargs.py
[2025-04-24T23:49:08.874+0000] {processor.py:753} INFO - DAG(s) dict_keys(['example_xcom_args', 'example_xcom_args_with_operators']) retrieved from /home/airflow/.local/lib/python3.7/site-packages/airflow/example_dags/example_xcomargs.py
[2025-04-24T23:49:08.887+0000] {logging_mixin.py:137} INFO - [2025-04-24T23:49:08.887+0000] {dag.py:2690} INFO - Sync 2 DAGs
[2025-04-24T23:49:08.897+0000] {logging_mixin.py:137} INFO - [2025-04-24T23:49:08.897+0000] {dag.py:3441} INFO - Setting next_dagrun for example_xcom_args to None, run_after=None
[2025-04-24T23:49:08.899+0000] {logging_mixin.py:137} INFO - [2025-04-24T23:49:08.899+0000] {dag.py:3441} INFO - Setting next_dagrun for example_xcom_args_with_operators to None, run_after=None
[2025-04-24T23:49:08.907+0000] {processor.py:175} INFO - Processing /home/airflow/.local/lib/python3.7/site-packages/airflow/example_dags/example_xcomargs.py took 0.048 seconds
[2025-04-24T23:56:16.884+0000] {processor.py:153} INFO - Started process (PID=4196) to work on /home/airflow/.local/lib/python3.7/site-packages/airflow/example_dags/example_xcomargs.py
[2025-04-24T23:56:16.885+0000] {processor.py:743} INFO - Processing file /home/airflow/.local/lib/python3.7/site-packages/airflow/example_dags/example_xcomargs.py for tasks to queue
[2025-04-24T23:56:16.887+0000] {logging_mixin.py:137} INFO - [2025-04-24T23:56:16.886+0000] {dagbag.py:538} INFO - Filling up the DagBag from /home/airflow/.local/lib/python3.7/site-packages/airflow/example_dags/example_xcomargs.py
[2025-04-24T23:56:16.919+0000] {processor.py:753} INFO - DAG(s) dict_keys(['example_xcom_args_with_operators', 'example_xcom_args']) retrieved from /home/airflow/.local/lib/python3.7/site-packages/airflow/example_dags/example_xcomargs.py
[2025-04-24T23:56:16.973+0000] {logging_mixin.py:137} INFO - [2025-04-24T23:56:16.972+0000] {dag.py:2690} INFO - Sync 2 DAGs
[2025-04-24T23:56:17.010+0000] {logging_mixin.py:137} INFO - [2025-04-24T23:56:17.010+0000] {dag.py:3441} INFO - Setting next_dagrun for example_xcom_args to None, run_after=None
[2025-04-24T23:56:17.018+0000] {logging_mixin.py:137} INFO - [2025-04-24T23:56:17.018+0000] {dag.py:3441} INFO - Setting next_dagrun for example_xcom_args_with_operators to None, run_after=None
[2025-04-24T23:56:17.041+0000] {processor.py:175} INFO - Processing /home/airflow/.local/lib/python3.7/site-packages/airflow/example_dags/example_xcomargs.py took 0.164 seconds
[2025-04-24T23:56:47.830+0000] {processor.py:153} INFO - Started process (PID=4279) to work on /home/airflow/.local/lib/python3.7/site-packages/airflow/example_dags/example_xcomargs.py
[2025-04-24T23:56:47.832+0000] {processor.py:743} INFO - Processing file /home/airflow/.local/lib/python3.7/site-packages/airflow/example_dags/example_xcomargs.py for tasks to queue
[2025-04-24T23:56:47.832+0000] {logging_mixin.py:137} INFO - [2025-04-24T23:56:47.832+0000] {dagbag.py:538} INFO - Filling up the DagBag from /home/airflow/.local/lib/python3.7/site-packages/airflow/example_dags/example_xcomargs.py
[2025-04-24T23:56:47.842+0000] {processor.py:753} INFO - DAG(s) dict_keys(['example_xcom_args', 'example_xcom_args_with_operators']) retrieved from /home/airflow/.local/lib/python3.7/site-packages/airflow/example_dags/example_xcomargs.py
[2025-04-24T23:56:47.855+0000] {logging_mixin.py:137} INFO - [2025-04-24T23:56:47.855+0000] {dag.py:2690} INFO - Sync 2 DAGs
[2025-04-24T23:56:47.865+0000] {logging_mixin.py:137} INFO - [2025-04-24T23:56:47.865+0000] {dag.py:3441} INFO - Setting next_dagrun for example_xcom_args to None, run_after=None
[2025-04-24T23:56:47.868+0000] {logging_mixin.py:137} INFO - [2025-04-24T23:56:47.868+0000] {dag.py:3441} INFO - Setting next_dagrun for example_xcom_args_with_operators to None, run_after=None
[2025-04-24T23:56:47.875+0000] {processor.py:175} INFO - Processing /home/airflow/.local/lib/python3.7/site-packages/airflow/example_dags/example_xcomargs.py took 0.046 seconds
[2025-04-24T23:57:18.405+0000] {processor.py:153} INFO - Started process (PID=4371) to work on /home/airflow/.local/lib/python3.7/site-packages/airflow/example_dags/example_xcomargs.py
[2025-04-24T23:57:18.406+0000] {processor.py:743} INFO - Processing file /home/airflow/.local/lib/python3.7/site-packages/airflow/example_dags/example_xcomargs.py for tasks to queue
[2025-04-24T23:57:18.406+0000] {logging_mixin.py:137} INFO - [2025-04-24T23:57:18.406+0000] {dagbag.py:538} INFO - Filling up the DagBag from /home/airflow/.local/lib/python3.7/site-packages/airflow/example_dags/example_xcomargs.py
[2025-04-24T23:57:18.417+0000] {processor.py:753} INFO - DAG(s) dict_keys(['example_xcom_args', 'example_xcom_args_with_operators']) retrieved from /home/airflow/.local/lib/python3.7/site-packages/airflow/example_dags/example_xcomargs.py
[2025-04-24T23:57:18.428+0000] {logging_mixin.py:137} INFO - [2025-04-24T23:57:18.428+0000] {dag.py:2690} INFO - Sync 2 DAGs
[2025-04-24T23:57:18.438+0000] {logging_mixin.py:137} INFO - [2025-04-24T23:57:18.438+0000] {dag.py:3441} INFO - Setting next_dagrun for example_xcom_args to None, run_after=None
[2025-04-24T23:57:18.440+0000] {logging_mixin.py:137} INFO - [2025-04-24T23:57:18.440+0000] {dag.py:3441} INFO - Setting next_dagrun for example_xcom_args_with_operators to None, run_after=None
[2025-04-24T23:57:18.449+0000] {processor.py:175} INFO - Processing /home/airflow/.local/lib/python3.7/site-packages/airflow/example_dags/example_xcomargs.py took 0.045 seconds
[2025-04-24T23:57:48.845+0000] {processor.py:153} INFO - Started process (PID=4463) to work on /home/airflow/.local/lib/python3.7/site-packages/airflow/example_dags/example_xcomargs.py
[2025-04-24T23:57:48.846+0000] {processor.py:743} INFO - Processing file /home/airflow/.local/lib/python3.7/site-packages/airflow/example_dags/example_xcomargs.py for tasks to queue
[2025-04-24T23:57:48.846+0000] {logging_mixin.py:137} INFO - [2025-04-24T23:57:48.846+0000] {dagbag.py:538} INFO - Filling up the DagBag from /home/airflow/.local/lib/python3.7/site-packages/airflow/example_dags/example_xcomargs.py
[2025-04-24T23:57:48.856+0000] {processor.py:753} INFO - DAG(s) dict_keys(['example_xcom_args_with_operators', 'example_xcom_args']) retrieved from /home/airflow/.local/lib/python3.7/site-packages/airflow/example_dags/example_xcomargs.py
[2025-04-24T23:57:48.868+0000] {logging_mixin.py:137} INFO - [2025-04-24T23:57:48.868+0000] {dag.py:2690} INFO - Sync 2 DAGs
[2025-04-24T23:57:48.880+0000] {logging_mixin.py:137} INFO - [2025-04-24T23:57:48.880+0000] {dag.py:3441} INFO - Setting next_dagrun for example_xcom_args to None, run_after=None
[2025-04-24T23:57:48.884+0000] {logging_mixin.py:137} INFO - [2025-04-24T23:57:48.884+0000] {dag.py:3441} INFO - Setting next_dagrun for example_xcom_args_with_operators to None, run_after=None
[2025-04-24T23:57:48.892+0000] {processor.py:175} INFO - Processing /home/airflow/.local/lib/python3.7/site-packages/airflow/example_dags/example_xcomargs.py took 0.048 seconds
[2025-04-24T23:58:19.409+0000] {processor.py:153} INFO - Started process (PID=4555) to work on /home/airflow/.local/lib/python3.7/site-packages/airflow/example_dags/example_xcomargs.py
[2025-04-24T23:58:19.410+0000] {processor.py:743} INFO - Processing file /home/airflow/.local/lib/python3.7/site-packages/airflow/example_dags/example_xcomargs.py for tasks to queue
[2025-04-24T23:58:19.410+0000] {logging_mixin.py:137} INFO - [2025-04-24T23:58:19.410+0000] {dagbag.py:538} INFO - Filling up the DagBag from /home/airflow/.local/lib/python3.7/site-packages/airflow/example_dags/example_xcomargs.py
[2025-04-24T23:58:19.420+0000] {processor.py:753} INFO - DAG(s) dict_keys(['example_xcom_args_with_operators', 'example_xcom_args']) retrieved from /home/airflow/.local/lib/python3.7/site-packages/airflow/example_dags/example_xcomargs.py
[2025-04-24T23:58:19.432+0000] {logging_mixin.py:137} INFO - [2025-04-24T23:58:19.432+0000] {dag.py:2690} INFO - Sync 2 DAGs
[2025-04-24T23:58:19.441+0000] {logging_mixin.py:137} INFO - [2025-04-24T23:58:19.441+0000] {dag.py:3441} INFO - Setting next_dagrun for example_xcom_args to None, run_after=None
[2025-04-24T23:58:19.443+0000] {logging_mixin.py:137} INFO - [2025-04-24T23:58:19.443+0000] {dag.py:3441} INFO - Setting next_dagrun for example_xcom_args_with_operators to None, run_after=None
[2025-04-24T23:58:19.450+0000] {processor.py:175} INFO - Processing /home/airflow/.local/lib/python3.7/site-packages/airflow/example_dags/example_xcomargs.py took 0.043 seconds
[2025-04-24T23:58:49.877+0000] {processor.py:153} INFO - Started process (PID=4630) to work on /home/airflow/.local/lib/python3.7/site-packages/airflow/example_dags/example_xcomargs.py
[2025-04-24T23:58:49.878+0000] {processor.py:743} INFO - Processing file /home/airflow/.local/lib/python3.7/site-packages/airflow/example_dags/example_xcomargs.py for tasks to queue
[2025-04-24T23:58:49.879+0000] {logging_mixin.py:137} INFO - [2025-04-24T23:58:49.879+0000] {dagbag.py:538} INFO - Filling up the DagBag from /home/airflow/.local/lib/python3.7/site-packages/airflow/example_dags/example_xcomargs.py
[2025-04-24T23:58:49.888+0000] {processor.py:753} INFO - DAG(s) dict_keys(['example_xcom_args_with_operators', 'example_xcom_args']) retrieved from /home/airflow/.local/lib/python3.7/site-packages/airflow/example_dags/example_xcomargs.py
[2025-04-24T23:58:49.899+0000] {logging_mixin.py:137} INFO - [2025-04-24T23:58:49.899+0000] {dag.py:2690} INFO - Sync 2 DAGs
[2025-04-24T23:58:49.909+0000] {logging_mixin.py:137} INFO - [2025-04-24T23:58:49.909+0000] {dag.py:3441} INFO - Setting next_dagrun for example_xcom_args to None, run_after=None
[2025-04-24T23:58:49.910+0000] {logging_mixin.py:137} INFO - [2025-04-24T23:58:49.910+0000] {dag.py:3441} INFO - Setting next_dagrun for example_xcom_args_with_operators to None, run_after=None
[2025-04-24T23:58:49.919+0000] {processor.py:175} INFO - Processing /home/airflow/.local/lib/python3.7/site-packages/airflow/example_dags/example_xcomargs.py took 0.043 seconds
[2025-04-24T23:59:20.386+0000] {processor.py:153} INFO - Started process (PID=4722) to work on /home/airflow/.local/lib/python3.7/site-packages/airflow/example_dags/example_xcomargs.py
[2025-04-24T23:59:20.386+0000] {processor.py:743} INFO - Processing file /home/airflow/.local/lib/python3.7/site-packages/airflow/example_dags/example_xcomargs.py for tasks to queue
[2025-04-24T23:59:20.386+0000] {logging_mixin.py:137} INFO - [2025-04-24T23:59:20.386+0000] {dagbag.py:538} INFO - Filling up the DagBag from /home/airflow/.local/lib/python3.7/site-packages/airflow/example_dags/example_xcomargs.py
[2025-04-24T23:59:20.397+0000] {processor.py:753} INFO - DAG(s) dict_keys(['example_xcom_args_with_operators', 'example_xcom_args']) retrieved from /home/airflow/.local/lib/python3.7/site-packages/airflow/example_dags/example_xcomargs.py
[2025-04-24T23:59:20.413+0000] {logging_mixin.py:137} INFO - [2025-04-24T23:59:20.412+0000] {dag.py:2690} INFO - Sync 2 DAGs
[2025-04-24T23:59:20.423+0000] {logging_mixin.py:137} INFO - [2025-04-24T23:59:20.423+0000] {dag.py:3441} INFO - Setting next_dagrun for example_xcom_args to None, run_after=None
[2025-04-24T23:59:20.424+0000] {logging_mixin.py:137} INFO - [2025-04-24T23:59:20.424+0000] {dag.py:3441} INFO - Setting next_dagrun for example_xcom_args_with_operators to None, run_after=None
[2025-04-24T23:59:20.432+0000] {processor.py:175} INFO - Processing /home/airflow/.local/lib/python3.7/site-packages/airflow/example_dags/example_xcomargs.py took 0.048 seconds
[2025-04-24T23:59:51.007+0000] {processor.py:153} INFO - Started process (PID=4814) to work on /home/airflow/.local/lib/python3.7/site-packages/airflow/example_dags/example_xcomargs.py
[2025-04-24T23:59:51.007+0000] {processor.py:743} INFO - Processing file /home/airflow/.local/lib/python3.7/site-packages/airflow/example_dags/example_xcomargs.py for tasks to queue
[2025-04-24T23:59:51.008+0000] {logging_mixin.py:137} INFO - [2025-04-24T23:59:51.008+0000] {dagbag.py:538} INFO - Filling up the DagBag from /home/airflow/.local/lib/python3.7/site-packages/airflow/example_dags/example_xcomargs.py
[2025-04-24T23:59:51.019+0000] {processor.py:753} INFO - DAG(s) dict_keys(['example_xcom_args', 'example_xcom_args_with_operators']) retrieved from /home/airflow/.local/lib/python3.7/site-packages/airflow/example_dags/example_xcomargs.py
[2025-04-24T23:59:51.039+0000] {logging_mixin.py:137} INFO - [2025-04-24T23:59:51.038+0000] {dag.py:2690} INFO - Sync 2 DAGs
[2025-04-24T23:59:51.050+0000] {logging_mixin.py:137} INFO - [2025-04-24T23:59:51.050+0000] {dag.py:3441} INFO - Setting next_dagrun for example_xcom_args to None, run_after=None
[2025-04-24T23:59:51.052+0000] {logging_mixin.py:137} INFO - [2025-04-24T23:59:51.052+0000] {dag.py:3441} INFO - Setting next_dagrun for example_xcom_args_with_operators to None, run_after=None
[2025-04-24T23:59:51.061+0000] {processor.py:175} INFO - Processing /home/airflow/.local/lib/python3.7/site-packages/airflow/example_dags/example_xcomargs.py took 0.056 seconds
