[2025-04-24T22:03:15.680+0000] {processor.py:153} INFO - Started process (PID=83) to work on /home/airflow/.local/lib/python3.7/site-packages/airflow/example_dags/example_branch_day_of_week_operator.py
[2025-04-24T22:03:15.683+0000] {processor.py:743} INFO - Processing file /home/airflow/.local/lib/python3.7/site-packages/airflow/example_dags/example_branch_day_of_week_operator.py for tasks to queue
[2025-04-24T22:03:15.684+0000] {logging_mixin.py:137} INFO - [2025-04-24T22:03:15.684+0000] {dagbag.py:538} INFO - Filling up the DagBag from /home/airflow/.local/lib/python3.7/site-packages/airflow/example_dags/example_branch_day_of_week_operator.py
[2025-04-24T22:03:15.691+0000] {processor.py:753} INFO - DAG(s) dict_keys(['example_weekday_branch_operator']) retrieved from /home/airflow/.local/lib/python3.7/site-packages/airflow/example_dags/example_branch_day_of_week_operator.py
[2025-04-24T22:03:15.709+0000] {logging_mixin.py:137} INFO - [2025-04-24T22:03:15.709+0000] {dag.py:2690} INFO - Sync 1 DAGs
[2025-04-24T22:03:15.721+0000] {logging_mixin.py:137} INFO - [2025-04-24T22:03:15.721+0000] {dag.py:3441} INFO - Setting next_dagrun for example_weekday_branch_operator to 2025-04-23T00:00:00+00:00, run_after=2025-04-24T00:00:00+00:00
[2025-04-24T22:03:15.730+0000] {processor.py:175} INFO - Processing /home/airflow/.local/lib/python3.7/site-packages/airflow/example_dags/example_branch_day_of_week_operator.py took 0.052 seconds
[2025-04-24T22:03:46.232+0000] {processor.py:153} INFO - Started process (PID=192) to work on /home/airflow/.local/lib/python3.7/site-packages/airflow/example_dags/example_branch_day_of_week_operator.py
[2025-04-24T22:03:46.233+0000] {processor.py:743} INFO - Processing file /home/airflow/.local/lib/python3.7/site-packages/airflow/example_dags/example_branch_day_of_week_operator.py for tasks to queue
[2025-04-24T22:03:46.233+0000] {logging_mixin.py:137} INFO - [2025-04-24T22:03:46.233+0000] {dagbag.py:538} INFO - Filling up the DagBag from /home/airflow/.local/lib/python3.7/site-packages/airflow/example_dags/example_branch_day_of_week_operator.py
[2025-04-24T22:03:46.241+0000] {processor.py:753} INFO - DAG(s) dict_keys(['example_weekday_branch_operator']) retrieved from /home/airflow/.local/lib/python3.7/site-packages/airflow/example_dags/example_branch_day_of_week_operator.py
[2025-04-24T22:03:46.254+0000] {logging_mixin.py:137} INFO - [2025-04-24T22:03:46.254+0000] {dag.py:2690} INFO - Sync 1 DAGs
[2025-04-24T22:03:46.265+0000] {logging_mixin.py:137} INFO - [2025-04-24T22:03:46.265+0000] {dag.py:3441} INFO - Setting next_dagrun for example_weekday_branch_operator to 2025-04-23T00:00:00+00:00, run_after=2025-04-24T00:00:00+00:00
[2025-04-24T22:03:46.275+0000] {processor.py:175} INFO - Processing /home/airflow/.local/lib/python3.7/site-packages/airflow/example_dags/example_branch_day_of_week_operator.py took 0.044 seconds
[2025-04-24T22:04:16.783+0000] {processor.py:153} INFO - Started process (PID=283) to work on /home/airflow/.local/lib/python3.7/site-packages/airflow/example_dags/example_branch_day_of_week_operator.py
[2025-04-24T22:04:16.785+0000] {processor.py:743} INFO - Processing file /home/airflow/.local/lib/python3.7/site-packages/airflow/example_dags/example_branch_day_of_week_operator.py for tasks to queue
[2025-04-24T22:04:16.785+0000] {logging_mixin.py:137} INFO - [2025-04-24T22:04:16.785+0000] {dagbag.py:538} INFO - Filling up the DagBag from /home/airflow/.local/lib/python3.7/site-packages/airflow/example_dags/example_branch_day_of_week_operator.py
[2025-04-24T22:04:16.793+0000] {processor.py:753} INFO - DAG(s) dict_keys(['example_weekday_branch_operator']) retrieved from /home/airflow/.local/lib/python3.7/site-packages/airflow/example_dags/example_branch_day_of_week_operator.py
[2025-04-24T22:04:16.807+0000] {logging_mixin.py:137} INFO - [2025-04-24T22:04:16.807+0000] {dag.py:2690} INFO - Sync 1 DAGs
[2025-04-24T22:04:16.819+0000] {logging_mixin.py:137} INFO - [2025-04-24T22:04:16.819+0000] {dag.py:3441} INFO - Setting next_dagrun for example_weekday_branch_operator to 2025-04-23T00:00:00+00:00, run_after=2025-04-24T00:00:00+00:00
[2025-04-24T22:04:16.831+0000] {processor.py:175} INFO - Processing /home/airflow/.local/lib/python3.7/site-packages/airflow/example_dags/example_branch_day_of_week_operator.py took 0.049 seconds
[2025-04-24T22:04:47.439+0000] {processor.py:153} INFO - Started process (PID=359) to work on /home/airflow/.local/lib/python3.7/site-packages/airflow/example_dags/example_branch_day_of_week_operator.py
[2025-04-24T22:04:47.440+0000] {processor.py:743} INFO - Processing file /home/airflow/.local/lib/python3.7/site-packages/airflow/example_dags/example_branch_day_of_week_operator.py for tasks to queue
[2025-04-24T22:04:47.440+0000] {logging_mixin.py:137} INFO - [2025-04-24T22:04:47.440+0000] {dagbag.py:538} INFO - Filling up the DagBag from /home/airflow/.local/lib/python3.7/site-packages/airflow/example_dags/example_branch_day_of_week_operator.py
[2025-04-24T22:04:47.446+0000] {processor.py:753} INFO - DAG(s) dict_keys(['example_weekday_branch_operator']) retrieved from /home/airflow/.local/lib/python3.7/site-packages/airflow/example_dags/example_branch_day_of_week_operator.py
[2025-04-24T22:04:47.458+0000] {logging_mixin.py:137} INFO - [2025-04-24T22:04:47.458+0000] {dag.py:2690} INFO - Sync 1 DAGs
[2025-04-24T22:04:47.469+0000] {logging_mixin.py:137} INFO - [2025-04-24T22:04:47.469+0000] {dag.py:3441} INFO - Setting next_dagrun for example_weekday_branch_operator to 2025-04-23T00:00:00+00:00, run_after=2025-04-24T00:00:00+00:00
[2025-04-24T22:04:47.480+0000] {processor.py:175} INFO - Processing /home/airflow/.local/lib/python3.7/site-packages/airflow/example_dags/example_branch_day_of_week_operator.py took 0.042 seconds
[2025-04-24T22:05:17.897+0000] {processor.py:153} INFO - Started process (PID=451) to work on /home/airflow/.local/lib/python3.7/site-packages/airflow/example_dags/example_branch_day_of_week_operator.py
[2025-04-24T22:05:17.900+0000] {processor.py:743} INFO - Processing file /home/airflow/.local/lib/python3.7/site-packages/airflow/example_dags/example_branch_day_of_week_operator.py for tasks to queue
[2025-04-24T22:05:17.901+0000] {logging_mixin.py:137} INFO - [2025-04-24T22:05:17.901+0000] {dagbag.py:538} INFO - Filling up the DagBag from /home/airflow/.local/lib/python3.7/site-packages/airflow/example_dags/example_branch_day_of_week_operator.py
[2025-04-24T22:05:17.907+0000] {processor.py:753} INFO - DAG(s) dict_keys(['example_weekday_branch_operator']) retrieved from /home/airflow/.local/lib/python3.7/site-packages/airflow/example_dags/example_branch_day_of_week_operator.py
[2025-04-24T22:05:17.918+0000] {logging_mixin.py:137} INFO - [2025-04-24T22:05:17.918+0000] {dag.py:2690} INFO - Sync 1 DAGs
[2025-04-24T22:05:17.929+0000] {logging_mixin.py:137} INFO - [2025-04-24T22:05:17.929+0000] {dag.py:3441} INFO - Setting next_dagrun for example_weekday_branch_operator to 2025-04-23T00:00:00+00:00, run_after=2025-04-24T00:00:00+00:00
[2025-04-24T22:05:17.940+0000] {processor.py:175} INFO - Processing /home/airflow/.local/lib/python3.7/site-packages/airflow/example_dags/example_branch_day_of_week_operator.py took 0.044 seconds
[2025-04-24T22:05:48.387+0000] {processor.py:153} INFO - Started process (PID=543) to work on /home/airflow/.local/lib/python3.7/site-packages/airflow/example_dags/example_branch_day_of_week_operator.py
[2025-04-24T22:05:48.388+0000] {processor.py:743} INFO - Processing file /home/airflow/.local/lib/python3.7/site-packages/airflow/example_dags/example_branch_day_of_week_operator.py for tasks to queue
[2025-04-24T22:05:48.388+0000] {logging_mixin.py:137} INFO - [2025-04-24T22:05:48.388+0000] {dagbag.py:538} INFO - Filling up the DagBag from /home/airflow/.local/lib/python3.7/site-packages/airflow/example_dags/example_branch_day_of_week_operator.py
[2025-04-24T22:05:48.397+0000] {processor.py:753} INFO - DAG(s) dict_keys(['example_weekday_branch_operator']) retrieved from /home/airflow/.local/lib/python3.7/site-packages/airflow/example_dags/example_branch_day_of_week_operator.py
[2025-04-24T22:05:48.409+0000] {logging_mixin.py:137} INFO - [2025-04-24T22:05:48.409+0000] {dag.py:2690} INFO - Sync 1 DAGs
[2025-04-24T22:05:48.422+0000] {logging_mixin.py:137} INFO - [2025-04-24T22:05:48.422+0000] {dag.py:3441} INFO - Setting next_dagrun for example_weekday_branch_operator to 2025-04-23T00:00:00+00:00, run_after=2025-04-24T00:00:00+00:00
[2025-04-24T22:05:48.430+0000] {processor.py:175} INFO - Processing /home/airflow/.local/lib/python3.7/site-packages/airflow/example_dags/example_branch_day_of_week_operator.py took 0.045 seconds
[2025-04-24T22:06:18.945+0000] {processor.py:153} INFO - Started process (PID=635) to work on /home/airflow/.local/lib/python3.7/site-packages/airflow/example_dags/example_branch_day_of_week_operator.py
[2025-04-24T22:06:18.945+0000] {processor.py:743} INFO - Processing file /home/airflow/.local/lib/python3.7/site-packages/airflow/example_dags/example_branch_day_of_week_operator.py for tasks to queue
[2025-04-24T22:06:18.946+0000] {logging_mixin.py:137} INFO - [2025-04-24T22:06:18.946+0000] {dagbag.py:538} INFO - Filling up the DagBag from /home/airflow/.local/lib/python3.7/site-packages/airflow/example_dags/example_branch_day_of_week_operator.py
[2025-04-24T22:06:18.953+0000] {processor.py:753} INFO - DAG(s) dict_keys(['example_weekday_branch_operator']) retrieved from /home/airflow/.local/lib/python3.7/site-packages/airflow/example_dags/example_branch_day_of_week_operator.py
[2025-04-24T22:06:18.964+0000] {logging_mixin.py:137} INFO - [2025-04-24T22:06:18.964+0000] {dag.py:2690} INFO - Sync 1 DAGs
[2025-04-24T22:06:18.978+0000] {logging_mixin.py:137} INFO - [2025-04-24T22:06:18.978+0000] {dag.py:3441} INFO - Setting next_dagrun for example_weekday_branch_operator to 2025-04-23T00:00:00+00:00, run_after=2025-04-24T00:00:00+00:00
[2025-04-24T22:06:18.989+0000] {processor.py:175} INFO - Processing /home/airflow/.local/lib/python3.7/site-packages/airflow/example_dags/example_branch_day_of_week_operator.py took 0.045 seconds
[2025-04-24T22:06:49.588+0000] {processor.py:153} INFO - Started process (PID=720) to work on /home/airflow/.local/lib/python3.7/site-packages/airflow/example_dags/example_branch_day_of_week_operator.py
[2025-04-24T22:06:49.589+0000] {processor.py:743} INFO - Processing file /home/airflow/.local/lib/python3.7/site-packages/airflow/example_dags/example_branch_day_of_week_operator.py for tasks to queue
[2025-04-24T22:06:49.590+0000] {logging_mixin.py:137} INFO - [2025-04-24T22:06:49.590+0000] {dagbag.py:538} INFO - Filling up the DagBag from /home/airflow/.local/lib/python3.7/site-packages/airflow/example_dags/example_branch_day_of_week_operator.py
[2025-04-24T22:06:49.599+0000] {processor.py:753} INFO - DAG(s) dict_keys(['example_weekday_branch_operator']) retrieved from /home/airflow/.local/lib/python3.7/site-packages/airflow/example_dags/example_branch_day_of_week_operator.py
[2025-04-24T22:06:49.614+0000] {logging_mixin.py:137} INFO - [2025-04-24T22:06:49.613+0000] {dag.py:2690} INFO - Sync 1 DAGs
[2025-04-24T22:06:49.625+0000] {logging_mixin.py:137} INFO - [2025-04-24T22:06:49.625+0000] {dag.py:3441} INFO - Setting next_dagrun for example_weekday_branch_operator to 2025-04-23T00:00:00+00:00, run_after=2025-04-24T00:00:00+00:00
[2025-04-24T22:06:49.641+0000] {processor.py:175} INFO - Processing /home/airflow/.local/lib/python3.7/site-packages/airflow/example_dags/example_branch_day_of_week_operator.py took 0.056 seconds
[2025-04-24T22:07:20.286+0000] {processor.py:153} INFO - Started process (PID=803) to work on /home/airflow/.local/lib/python3.7/site-packages/airflow/example_dags/example_branch_day_of_week_operator.py
[2025-04-24T22:07:20.287+0000] {processor.py:743} INFO - Processing file /home/airflow/.local/lib/python3.7/site-packages/airflow/example_dags/example_branch_day_of_week_operator.py for tasks to queue
[2025-04-24T22:07:20.288+0000] {logging_mixin.py:137} INFO - [2025-04-24T22:07:20.288+0000] {dagbag.py:538} INFO - Filling up the DagBag from /home/airflow/.local/lib/python3.7/site-packages/airflow/example_dags/example_branch_day_of_week_operator.py
[2025-04-24T22:07:20.294+0000] {processor.py:753} INFO - DAG(s) dict_keys(['example_weekday_branch_operator']) retrieved from /home/airflow/.local/lib/python3.7/site-packages/airflow/example_dags/example_branch_day_of_week_operator.py
[2025-04-24T22:07:20.309+0000] {logging_mixin.py:137} INFO - [2025-04-24T22:07:20.309+0000] {dag.py:2690} INFO - Sync 1 DAGs
[2025-04-24T22:07:20.322+0000] {logging_mixin.py:137} INFO - [2025-04-24T22:07:20.322+0000] {dag.py:3441} INFO - Setting next_dagrun for example_weekday_branch_operator to 2025-04-23T00:00:00+00:00, run_after=2025-04-24T00:00:00+00:00
[2025-04-24T22:07:20.332+0000] {processor.py:175} INFO - Processing /home/airflow/.local/lib/python3.7/site-packages/airflow/example_dags/example_branch_day_of_week_operator.py took 0.047 seconds
[2025-04-24T22:07:50.868+0000] {processor.py:153} INFO - Started process (PID=895) to work on /home/airflow/.local/lib/python3.7/site-packages/airflow/example_dags/example_branch_day_of_week_operator.py
[2025-04-24T22:07:50.868+0000] {processor.py:743} INFO - Processing file /home/airflow/.local/lib/python3.7/site-packages/airflow/example_dags/example_branch_day_of_week_operator.py for tasks to queue
[2025-04-24T22:07:50.870+0000] {logging_mixin.py:137} INFO - [2025-04-24T22:07:50.870+0000] {dagbag.py:538} INFO - Filling up the DagBag from /home/airflow/.local/lib/python3.7/site-packages/airflow/example_dags/example_branch_day_of_week_operator.py
[2025-04-24T22:07:50.877+0000] {processor.py:753} INFO - DAG(s) dict_keys(['example_weekday_branch_operator']) retrieved from /home/airflow/.local/lib/python3.7/site-packages/airflow/example_dags/example_branch_day_of_week_operator.py
[2025-04-24T22:07:50.892+0000] {logging_mixin.py:137} INFO - [2025-04-24T22:07:50.892+0000] {dag.py:2690} INFO - Sync 1 DAGs
[2025-04-24T22:07:50.916+0000] {logging_mixin.py:137} INFO - [2025-04-24T22:07:50.916+0000] {dag.py:3441} INFO - Setting next_dagrun for example_weekday_branch_operator to 2025-04-23T00:00:00+00:00, run_after=2025-04-24T00:00:00+00:00
[2025-04-24T22:07:50.925+0000] {processor.py:175} INFO - Processing /home/airflow/.local/lib/python3.7/site-packages/airflow/example_dags/example_branch_day_of_week_operator.py took 0.059 seconds
[2025-04-24T23:25:40.772+0000] {processor.py:153} INFO - Started process (PID=76) to work on /home/airflow/.local/lib/python3.7/site-packages/airflow/example_dags/example_branch_day_of_week_operator.py
[2025-04-24T23:25:40.772+0000] {processor.py:743} INFO - Processing file /home/airflow/.local/lib/python3.7/site-packages/airflow/example_dags/example_branch_day_of_week_operator.py for tasks to queue
[2025-04-24T23:25:40.772+0000] {logging_mixin.py:137} INFO - [2025-04-24T23:25:40.772+0000] {dagbag.py:538} INFO - Filling up the DagBag from /home/airflow/.local/lib/python3.7/site-packages/airflow/example_dags/example_branch_day_of_week_operator.py
[2025-04-24T23:25:40.781+0000] {processor.py:753} INFO - DAG(s) dict_keys(['example_weekday_branch_operator']) retrieved from /home/airflow/.local/lib/python3.7/site-packages/airflow/example_dags/example_branch_day_of_week_operator.py
[2025-04-24T23:25:40.789+0000] {logging_mixin.py:137} INFO - [2025-04-24T23:25:40.789+0000] {dag.py:2690} INFO - Sync 1 DAGs
[2025-04-24T23:25:40.805+0000] {logging_mixin.py:137} INFO - [2025-04-24T23:25:40.805+0000] {dag.py:3441} INFO - Setting next_dagrun for example_weekday_branch_operator to 2025-04-23T00:00:00+00:00, run_after=2025-04-24T00:00:00+00:00
[2025-04-24T23:25:40.814+0000] {processor.py:175} INFO - Processing /home/airflow/.local/lib/python3.7/site-packages/airflow/example_dags/example_branch_day_of_week_operator.py took 0.044 seconds
[2025-04-24T23:26:11.492+0000] {processor.py:153} INFO - Started process (PID=168) to work on /home/airflow/.local/lib/python3.7/site-packages/airflow/example_dags/example_branch_day_of_week_operator.py
[2025-04-24T23:26:11.493+0000] {processor.py:743} INFO - Processing file /home/airflow/.local/lib/python3.7/site-packages/airflow/example_dags/example_branch_day_of_week_operator.py for tasks to queue
[2025-04-24T23:26:11.493+0000] {logging_mixin.py:137} INFO - [2025-04-24T23:26:11.493+0000] {dagbag.py:538} INFO - Filling up the DagBag from /home/airflow/.local/lib/python3.7/site-packages/airflow/example_dags/example_branch_day_of_week_operator.py
[2025-04-24T23:26:11.499+0000] {processor.py:753} INFO - DAG(s) dict_keys(['example_weekday_branch_operator']) retrieved from /home/airflow/.local/lib/python3.7/site-packages/airflow/example_dags/example_branch_day_of_week_operator.py
[2025-04-24T23:26:11.511+0000] {logging_mixin.py:137} INFO - [2025-04-24T23:26:11.511+0000] {dag.py:2690} INFO - Sync 1 DAGs
[2025-04-24T23:26:11.522+0000] {logging_mixin.py:137} INFO - [2025-04-24T23:26:11.522+0000] {dag.py:3441} INFO - Setting next_dagrun for example_weekday_branch_operator to 2025-04-23T00:00:00+00:00, run_after=2025-04-24T00:00:00+00:00
[2025-04-24T23:26:11.530+0000] {processor.py:175} INFO - Processing /home/airflow/.local/lib/python3.7/site-packages/airflow/example_dags/example_branch_day_of_week_operator.py took 0.039 seconds
[2025-04-24T23:26:42.229+0000] {processor.py:153} INFO - Started process (PID=260) to work on /home/airflow/.local/lib/python3.7/site-packages/airflow/example_dags/example_branch_day_of_week_operator.py
[2025-04-24T23:26:42.230+0000] {processor.py:743} INFO - Processing file /home/airflow/.local/lib/python3.7/site-packages/airflow/example_dags/example_branch_day_of_week_operator.py for tasks to queue
[2025-04-24T23:26:42.230+0000] {logging_mixin.py:137} INFO - [2025-04-24T23:26:42.230+0000] {dagbag.py:538} INFO - Filling up the DagBag from /home/airflow/.local/lib/python3.7/site-packages/airflow/example_dags/example_branch_day_of_week_operator.py
[2025-04-24T23:26:42.236+0000] {processor.py:753} INFO - DAG(s) dict_keys(['example_weekday_branch_operator']) retrieved from /home/airflow/.local/lib/python3.7/site-packages/airflow/example_dags/example_branch_day_of_week_operator.py
[2025-04-24T23:26:42.247+0000] {logging_mixin.py:137} INFO - [2025-04-24T23:26:42.247+0000] {dag.py:2690} INFO - Sync 1 DAGs
[2025-04-24T23:26:42.262+0000] {logging_mixin.py:137} INFO - [2025-04-24T23:26:42.262+0000] {dag.py:3441} INFO - Setting next_dagrun for example_weekday_branch_operator to 2025-04-23T00:00:00+00:00, run_after=2025-04-24T00:00:00+00:00
[2025-04-24T23:26:42.272+0000] {processor.py:175} INFO - Processing /home/airflow/.local/lib/python3.7/site-packages/airflow/example_dags/example_branch_day_of_week_operator.py took 0.045 seconds
[2025-04-24T23:27:12.820+0000] {processor.py:153} INFO - Started process (PID=336) to work on /home/airflow/.local/lib/python3.7/site-packages/airflow/example_dags/example_branch_day_of_week_operator.py
[2025-04-24T23:27:12.824+0000] {processor.py:743} INFO - Processing file /home/airflow/.local/lib/python3.7/site-packages/airflow/example_dags/example_branch_day_of_week_operator.py for tasks to queue
[2025-04-24T23:27:12.824+0000] {logging_mixin.py:137} INFO - [2025-04-24T23:27:12.824+0000] {dagbag.py:538} INFO - Filling up the DagBag from /home/airflow/.local/lib/python3.7/site-packages/airflow/example_dags/example_branch_day_of_week_operator.py
[2025-04-24T23:27:12.831+0000] {processor.py:753} INFO - DAG(s) dict_keys(['example_weekday_branch_operator']) retrieved from /home/airflow/.local/lib/python3.7/site-packages/airflow/example_dags/example_branch_day_of_week_operator.py
[2025-04-24T23:27:12.844+0000] {logging_mixin.py:137} INFO - [2025-04-24T23:27:12.844+0000] {dag.py:2690} INFO - Sync 1 DAGs
[2025-04-24T23:27:12.857+0000] {logging_mixin.py:137} INFO - [2025-04-24T23:27:12.857+0000] {dag.py:3441} INFO - Setting next_dagrun for example_weekday_branch_operator to 2025-04-23T00:00:00+00:00, run_after=2025-04-24T00:00:00+00:00
[2025-04-24T23:27:12.870+0000] {processor.py:175} INFO - Processing /home/airflow/.local/lib/python3.7/site-packages/airflow/example_dags/example_branch_day_of_week_operator.py took 0.051 seconds
[2025-04-24T23:27:43.454+0000] {processor.py:153} INFO - Started process (PID=428) to work on /home/airflow/.local/lib/python3.7/site-packages/airflow/example_dags/example_branch_day_of_week_operator.py
[2025-04-24T23:27:43.454+0000] {processor.py:743} INFO - Processing file /home/airflow/.local/lib/python3.7/site-packages/airflow/example_dags/example_branch_day_of_week_operator.py for tasks to queue
[2025-04-24T23:27:43.454+0000] {logging_mixin.py:137} INFO - [2025-04-24T23:27:43.454+0000] {dagbag.py:538} INFO - Filling up the DagBag from /home/airflow/.local/lib/python3.7/site-packages/airflow/example_dags/example_branch_day_of_week_operator.py
[2025-04-24T23:27:43.460+0000] {processor.py:753} INFO - DAG(s) dict_keys(['example_weekday_branch_operator']) retrieved from /home/airflow/.local/lib/python3.7/site-packages/airflow/example_dags/example_branch_day_of_week_operator.py
[2025-04-24T23:27:43.472+0000] {logging_mixin.py:137} INFO - [2025-04-24T23:27:43.472+0000] {dag.py:2690} INFO - Sync 1 DAGs
[2025-04-24T23:27:43.485+0000] {logging_mixin.py:137} INFO - [2025-04-24T23:27:43.485+0000] {dag.py:3441} INFO - Setting next_dagrun for example_weekday_branch_operator to 2025-04-23T00:00:00+00:00, run_after=2025-04-24T00:00:00+00:00
[2025-04-24T23:27:43.493+0000] {processor.py:175} INFO - Processing /home/airflow/.local/lib/python3.7/site-packages/airflow/example_dags/example_branch_day_of_week_operator.py took 0.041 seconds
[2025-04-24T23:28:14.229+0000] {processor.py:153} INFO - Started process (PID=520) to work on /home/airflow/.local/lib/python3.7/site-packages/airflow/example_dags/example_branch_day_of_week_operator.py
[2025-04-24T23:28:14.230+0000] {processor.py:743} INFO - Processing file /home/airflow/.local/lib/python3.7/site-packages/airflow/example_dags/example_branch_day_of_week_operator.py for tasks to queue
[2025-04-24T23:28:14.231+0000] {logging_mixin.py:137} INFO - [2025-04-24T23:28:14.231+0000] {dagbag.py:538} INFO - Filling up the DagBag from /home/airflow/.local/lib/python3.7/site-packages/airflow/example_dags/example_branch_day_of_week_operator.py
[2025-04-24T23:28:14.237+0000] {processor.py:753} INFO - DAG(s) dict_keys(['example_weekday_branch_operator']) retrieved from /home/airflow/.local/lib/python3.7/site-packages/airflow/example_dags/example_branch_day_of_week_operator.py
[2025-04-24T23:28:14.252+0000] {logging_mixin.py:137} INFO - [2025-04-24T23:28:14.252+0000] {dag.py:2690} INFO - Sync 1 DAGs
[2025-04-24T23:28:14.264+0000] {logging_mixin.py:137} INFO - [2025-04-24T23:28:14.264+0000] {dag.py:3441} INFO - Setting next_dagrun for example_weekday_branch_operator to 2025-04-23T00:00:00+00:00, run_after=2025-04-24T00:00:00+00:00
[2025-04-24T23:28:14.277+0000] {processor.py:175} INFO - Processing /home/airflow/.local/lib/python3.7/site-packages/airflow/example_dags/example_branch_day_of_week_operator.py took 0.050 seconds
[2025-04-24T23:28:44.815+0000] {processor.py:153} INFO - Started process (PID=612) to work on /home/airflow/.local/lib/python3.7/site-packages/airflow/example_dags/example_branch_day_of_week_operator.py
[2025-04-24T23:28:44.815+0000] {processor.py:743} INFO - Processing file /home/airflow/.local/lib/python3.7/site-packages/airflow/example_dags/example_branch_day_of_week_operator.py for tasks to queue
[2025-04-24T23:28:44.815+0000] {logging_mixin.py:137} INFO - [2025-04-24T23:28:44.815+0000] {dagbag.py:538} INFO - Filling up the DagBag from /home/airflow/.local/lib/python3.7/site-packages/airflow/example_dags/example_branch_day_of_week_operator.py
[2025-04-24T23:28:44.822+0000] {processor.py:753} INFO - DAG(s) dict_keys(['example_weekday_branch_operator']) retrieved from /home/airflow/.local/lib/python3.7/site-packages/airflow/example_dags/example_branch_day_of_week_operator.py
[2025-04-24T23:28:44.832+0000] {logging_mixin.py:137} INFO - [2025-04-24T23:28:44.832+0000] {dag.py:2690} INFO - Sync 1 DAGs
[2025-04-24T23:28:44.842+0000] {logging_mixin.py:137} INFO - [2025-04-24T23:28:44.842+0000] {dag.py:3441} INFO - Setting next_dagrun for example_weekday_branch_operator to 2025-04-23T00:00:00+00:00, run_after=2025-04-24T00:00:00+00:00
[2025-04-24T23:28:44.851+0000] {processor.py:175} INFO - Processing /home/airflow/.local/lib/python3.7/site-packages/airflow/example_dags/example_branch_day_of_week_operator.py took 0.038 seconds
[2025-04-24T23:29:15.512+0000] {processor.py:153} INFO - Started process (PID=704) to work on /home/airflow/.local/lib/python3.7/site-packages/airflow/example_dags/example_branch_day_of_week_operator.py
[2025-04-24T23:29:15.512+0000] {processor.py:743} INFO - Processing file /home/airflow/.local/lib/python3.7/site-packages/airflow/example_dags/example_branch_day_of_week_operator.py for tasks to queue
[2025-04-24T23:29:15.513+0000] {logging_mixin.py:137} INFO - [2025-04-24T23:29:15.513+0000] {dagbag.py:538} INFO - Filling up the DagBag from /home/airflow/.local/lib/python3.7/site-packages/airflow/example_dags/example_branch_day_of_week_operator.py
[2025-04-24T23:29:15.521+0000] {processor.py:753} INFO - DAG(s) dict_keys(['example_weekday_branch_operator']) retrieved from /home/airflow/.local/lib/python3.7/site-packages/airflow/example_dags/example_branch_day_of_week_operator.py
[2025-04-24T23:29:15.534+0000] {logging_mixin.py:137} INFO - [2025-04-24T23:29:15.534+0000] {dag.py:2690} INFO - Sync 1 DAGs
[2025-04-24T23:29:15.545+0000] {logging_mixin.py:137} INFO - [2025-04-24T23:29:15.545+0000] {dag.py:3441} INFO - Setting next_dagrun for example_weekday_branch_operator to 2025-04-23T00:00:00+00:00, run_after=2025-04-24T00:00:00+00:00
[2025-04-24T23:29:15.554+0000] {processor.py:175} INFO - Processing /home/airflow/.local/lib/python3.7/site-packages/airflow/example_dags/example_branch_day_of_week_operator.py took 0.044 seconds
[2025-04-24T23:29:46.142+0000] {processor.py:153} INFO - Started process (PID=780) to work on /home/airflow/.local/lib/python3.7/site-packages/airflow/example_dags/example_branch_day_of_week_operator.py
[2025-04-24T23:29:46.143+0000] {processor.py:743} INFO - Processing file /home/airflow/.local/lib/python3.7/site-packages/airflow/example_dags/example_branch_day_of_week_operator.py for tasks to queue
[2025-04-24T23:29:46.143+0000] {logging_mixin.py:137} INFO - [2025-04-24T23:29:46.143+0000] {dagbag.py:538} INFO - Filling up the DagBag from /home/airflow/.local/lib/python3.7/site-packages/airflow/example_dags/example_branch_day_of_week_operator.py
[2025-04-24T23:29:46.149+0000] {processor.py:753} INFO - DAG(s) dict_keys(['example_weekday_branch_operator']) retrieved from /home/airflow/.local/lib/python3.7/site-packages/airflow/example_dags/example_branch_day_of_week_operator.py
[2025-04-24T23:29:46.161+0000] {logging_mixin.py:137} INFO - [2025-04-24T23:29:46.160+0000] {dag.py:2690} INFO - Sync 1 DAGs
[2025-04-24T23:29:46.172+0000] {logging_mixin.py:137} INFO - [2025-04-24T23:29:46.172+0000] {dag.py:3441} INFO - Setting next_dagrun for example_weekday_branch_operator to 2025-04-23T00:00:00+00:00, run_after=2025-04-24T00:00:00+00:00
[2025-04-24T23:29:46.182+0000] {processor.py:175} INFO - Processing /home/airflow/.local/lib/python3.7/site-packages/airflow/example_dags/example_branch_day_of_week_operator.py took 0.042 seconds
[2025-04-24T23:30:16.982+0000] {processor.py:153} INFO - Started process (PID=872) to work on /home/airflow/.local/lib/python3.7/site-packages/airflow/example_dags/example_branch_day_of_week_operator.py
[2025-04-24T23:30:16.983+0000] {processor.py:743} INFO - Processing file /home/airflow/.local/lib/python3.7/site-packages/airflow/example_dags/example_branch_day_of_week_operator.py for tasks to queue
[2025-04-24T23:30:16.984+0000] {logging_mixin.py:137} INFO - [2025-04-24T23:30:16.984+0000] {dagbag.py:538} INFO - Filling up the DagBag from /home/airflow/.local/lib/python3.7/site-packages/airflow/example_dags/example_branch_day_of_week_operator.py
[2025-04-24T23:30:16.991+0000] {processor.py:753} INFO - DAG(s) dict_keys(['example_weekday_branch_operator']) retrieved from /home/airflow/.local/lib/python3.7/site-packages/airflow/example_dags/example_branch_day_of_week_operator.py
[2025-04-24T23:30:17.006+0000] {logging_mixin.py:137} INFO - [2025-04-24T23:30:17.006+0000] {dag.py:2690} INFO - Sync 1 DAGs
[2025-04-24T23:30:17.017+0000] {logging_mixin.py:137} INFO - [2025-04-24T23:30:17.017+0000] {dag.py:3441} INFO - Setting next_dagrun for example_weekday_branch_operator to 2025-04-23T00:00:00+00:00, run_after=2025-04-24T00:00:00+00:00
[2025-04-24T23:30:17.024+0000] {processor.py:175} INFO - Processing /home/airflow/.local/lib/python3.7/site-packages/airflow/example_dags/example_branch_day_of_week_operator.py took 0.044 seconds
[2025-04-24T23:30:47.685+0000] {processor.py:153} INFO - Started process (PID=964) to work on /home/airflow/.local/lib/python3.7/site-packages/airflow/example_dags/example_branch_day_of_week_operator.py
[2025-04-24T23:30:47.686+0000] {processor.py:743} INFO - Processing file /home/airflow/.local/lib/python3.7/site-packages/airflow/example_dags/example_branch_day_of_week_operator.py for tasks to queue
[2025-04-24T23:30:47.686+0000] {logging_mixin.py:137} INFO - [2025-04-24T23:30:47.686+0000] {dagbag.py:538} INFO - Filling up the DagBag from /home/airflow/.local/lib/python3.7/site-packages/airflow/example_dags/example_branch_day_of_week_operator.py
[2025-04-24T23:30:47.692+0000] {processor.py:753} INFO - DAG(s) dict_keys(['example_weekday_branch_operator']) retrieved from /home/airflow/.local/lib/python3.7/site-packages/airflow/example_dags/example_branch_day_of_week_operator.py
[2025-04-24T23:30:47.710+0000] {logging_mixin.py:137} INFO - [2025-04-24T23:30:47.710+0000] {dag.py:2690} INFO - Sync 1 DAGs
[2025-04-24T23:30:47.721+0000] {logging_mixin.py:137} INFO - [2025-04-24T23:30:47.721+0000] {dag.py:3441} INFO - Setting next_dagrun for example_weekday_branch_operator to 2025-04-23T00:00:00+00:00, run_after=2025-04-24T00:00:00+00:00
[2025-04-24T23:30:47.732+0000] {processor.py:175} INFO - Processing /home/airflow/.local/lib/python3.7/site-packages/airflow/example_dags/example_branch_day_of_week_operator.py took 0.048 seconds
[2025-04-24T23:31:18.476+0000] {processor.py:153} INFO - Started process (PID=1056) to work on /home/airflow/.local/lib/python3.7/site-packages/airflow/example_dags/example_branch_day_of_week_operator.py
[2025-04-24T23:31:18.477+0000] {processor.py:743} INFO - Processing file /home/airflow/.local/lib/python3.7/site-packages/airflow/example_dags/example_branch_day_of_week_operator.py for tasks to queue
[2025-04-24T23:31:18.478+0000] {logging_mixin.py:137} INFO - [2025-04-24T23:31:18.478+0000] {dagbag.py:538} INFO - Filling up the DagBag from /home/airflow/.local/lib/python3.7/site-packages/airflow/example_dags/example_branch_day_of_week_operator.py
[2025-04-24T23:31:18.485+0000] {processor.py:753} INFO - DAG(s) dict_keys(['example_weekday_branch_operator']) retrieved from /home/airflow/.local/lib/python3.7/site-packages/airflow/example_dags/example_branch_day_of_week_operator.py
[2025-04-24T23:31:18.500+0000] {logging_mixin.py:137} INFO - [2025-04-24T23:31:18.500+0000] {dag.py:2690} INFO - Sync 1 DAGs
[2025-04-24T23:31:18.513+0000] {logging_mixin.py:137} INFO - [2025-04-24T23:31:18.513+0000] {dag.py:3441} INFO - Setting next_dagrun for example_weekday_branch_operator to 2025-04-23T00:00:00+00:00, run_after=2025-04-24T00:00:00+00:00
[2025-04-24T23:31:18.523+0000] {processor.py:175} INFO - Processing /home/airflow/.local/lib/python3.7/site-packages/airflow/example_dags/example_branch_day_of_week_operator.py took 0.048 seconds
[2025-04-24T23:31:49.158+0000] {processor.py:153} INFO - Started process (PID=1141) to work on /home/airflow/.local/lib/python3.7/site-packages/airflow/example_dags/example_branch_day_of_week_operator.py
[2025-04-24T23:31:49.164+0000] {processor.py:743} INFO - Processing file /home/airflow/.local/lib/python3.7/site-packages/airflow/example_dags/example_branch_day_of_week_operator.py for tasks to queue
[2025-04-24T23:31:49.164+0000] {logging_mixin.py:137} INFO - [2025-04-24T23:31:49.164+0000] {dagbag.py:538} INFO - Filling up the DagBag from /home/airflow/.local/lib/python3.7/site-packages/airflow/example_dags/example_branch_day_of_week_operator.py
[2025-04-24T23:31:49.170+0000] {processor.py:753} INFO - DAG(s) dict_keys(['example_weekday_branch_operator']) retrieved from /home/airflow/.local/lib/python3.7/site-packages/airflow/example_dags/example_branch_day_of_week_operator.py
[2025-04-24T23:31:49.183+0000] {logging_mixin.py:137} INFO - [2025-04-24T23:31:49.183+0000] {dag.py:2690} INFO - Sync 1 DAGs
[2025-04-24T23:31:49.197+0000] {logging_mixin.py:137} INFO - [2025-04-24T23:31:49.197+0000] {dag.py:3441} INFO - Setting next_dagrun for example_weekday_branch_operator to 2025-04-23T00:00:00+00:00, run_after=2025-04-24T00:00:00+00:00
[2025-04-24T23:31:49.213+0000] {processor.py:175} INFO - Processing /home/airflow/.local/lib/python3.7/site-packages/airflow/example_dags/example_branch_day_of_week_operator.py took 0.056 seconds
[2025-04-24T23:32:19.871+0000] {processor.py:153} INFO - Started process (PID=1224) to work on /home/airflow/.local/lib/python3.7/site-packages/airflow/example_dags/example_branch_day_of_week_operator.py
[2025-04-24T23:32:19.872+0000] {processor.py:743} INFO - Processing file /home/airflow/.local/lib/python3.7/site-packages/airflow/example_dags/example_branch_day_of_week_operator.py for tasks to queue
[2025-04-24T23:32:19.872+0000] {logging_mixin.py:137} INFO - [2025-04-24T23:32:19.872+0000] {dagbag.py:538} INFO - Filling up the DagBag from /home/airflow/.local/lib/python3.7/site-packages/airflow/example_dags/example_branch_day_of_week_operator.py
[2025-04-24T23:32:19.878+0000] {processor.py:753} INFO - DAG(s) dict_keys(['example_weekday_branch_operator']) retrieved from /home/airflow/.local/lib/python3.7/site-packages/airflow/example_dags/example_branch_day_of_week_operator.py
[2025-04-24T23:32:19.890+0000] {logging_mixin.py:137} INFO - [2025-04-24T23:32:19.890+0000] {dag.py:2690} INFO - Sync 1 DAGs
[2025-04-24T23:32:19.900+0000] {logging_mixin.py:137} INFO - [2025-04-24T23:32:19.900+0000] {dag.py:3441} INFO - Setting next_dagrun for example_weekday_branch_operator to 2025-04-23T00:00:00+00:00, run_after=2025-04-24T00:00:00+00:00
[2025-04-24T23:32:19.911+0000] {processor.py:175} INFO - Processing /home/airflow/.local/lib/python3.7/site-packages/airflow/example_dags/example_branch_day_of_week_operator.py took 0.044 seconds
[2025-04-24T23:32:50.424+0000] {processor.py:153} INFO - Started process (PID=1316) to work on /home/airflow/.local/lib/python3.7/site-packages/airflow/example_dags/example_branch_day_of_week_operator.py
[2025-04-24T23:32:50.424+0000] {processor.py:743} INFO - Processing file /home/airflow/.local/lib/python3.7/site-packages/airflow/example_dags/example_branch_day_of_week_operator.py for tasks to queue
[2025-04-24T23:32:50.426+0000] {logging_mixin.py:137} INFO - [2025-04-24T23:32:50.426+0000] {dagbag.py:538} INFO - Filling up the DagBag from /home/airflow/.local/lib/python3.7/site-packages/airflow/example_dags/example_branch_day_of_week_operator.py
[2025-04-24T23:32:50.433+0000] {processor.py:753} INFO - DAG(s) dict_keys(['example_weekday_branch_operator']) retrieved from /home/airflow/.local/lib/python3.7/site-packages/airflow/example_dags/example_branch_day_of_week_operator.py
[2025-04-24T23:32:50.446+0000] {logging_mixin.py:137} INFO - [2025-04-24T23:32:50.446+0000] {dag.py:2690} INFO - Sync 1 DAGs
[2025-04-24T23:32:50.458+0000] {logging_mixin.py:137} INFO - [2025-04-24T23:32:50.458+0000] {dag.py:3441} INFO - Setting next_dagrun for example_weekday_branch_operator to 2025-04-23T00:00:00+00:00, run_after=2025-04-24T00:00:00+00:00
[2025-04-24T23:32:50.464+0000] {processor.py:175} INFO - Processing /home/airflow/.local/lib/python3.7/site-packages/airflow/example_dags/example_branch_day_of_week_operator.py took 0.042 seconds
[2025-04-24T23:33:20.960+0000] {processor.py:153} INFO - Started process (PID=1408) to work on /home/airflow/.local/lib/python3.7/site-packages/airflow/example_dags/example_branch_day_of_week_operator.py
[2025-04-24T23:33:20.963+0000] {processor.py:743} INFO - Processing file /home/airflow/.local/lib/python3.7/site-packages/airflow/example_dags/example_branch_day_of_week_operator.py for tasks to queue
[2025-04-24T23:33:20.964+0000] {logging_mixin.py:137} INFO - [2025-04-24T23:33:20.964+0000] {dagbag.py:538} INFO - Filling up the DagBag from /home/airflow/.local/lib/python3.7/site-packages/airflow/example_dags/example_branch_day_of_week_operator.py
[2025-04-24T23:33:20.971+0000] {processor.py:753} INFO - DAG(s) dict_keys(['example_weekday_branch_operator']) retrieved from /home/airflow/.local/lib/python3.7/site-packages/airflow/example_dags/example_branch_day_of_week_operator.py
[2025-04-24T23:33:20.986+0000] {logging_mixin.py:137} INFO - [2025-04-24T23:33:20.986+0000] {dag.py:2690} INFO - Sync 1 DAGs
[2025-04-24T23:33:21.000+0000] {logging_mixin.py:137} INFO - [2025-04-24T23:33:21.000+0000] {dag.py:3441} INFO - Setting next_dagrun for example_weekday_branch_operator to 2025-04-23T00:00:00+00:00, run_after=2025-04-24T00:00:00+00:00
[2025-04-24T23:33:21.011+0000] {processor.py:175} INFO - Processing /home/airflow/.local/lib/python3.7/site-packages/airflow/example_dags/example_branch_day_of_week_operator.py took 0.053 seconds
[2025-04-24T23:33:51.534+0000] {processor.py:153} INFO - Started process (PID=1500) to work on /home/airflow/.local/lib/python3.7/site-packages/airflow/example_dags/example_branch_day_of_week_operator.py
[2025-04-24T23:33:51.534+0000] {processor.py:743} INFO - Processing file /home/airflow/.local/lib/python3.7/site-packages/airflow/example_dags/example_branch_day_of_week_operator.py for tasks to queue
[2025-04-24T23:33:51.535+0000] {logging_mixin.py:137} INFO - [2025-04-24T23:33:51.535+0000] {dagbag.py:538} INFO - Filling up the DagBag from /home/airflow/.local/lib/python3.7/site-packages/airflow/example_dags/example_branch_day_of_week_operator.py
[2025-04-24T23:33:51.542+0000] {processor.py:753} INFO - DAG(s) dict_keys(['example_weekday_branch_operator']) retrieved from /home/airflow/.local/lib/python3.7/site-packages/airflow/example_dags/example_branch_day_of_week_operator.py
[2025-04-24T23:33:51.555+0000] {logging_mixin.py:137} INFO - [2025-04-24T23:33:51.555+0000] {dag.py:2690} INFO - Sync 1 DAGs
[2025-04-24T23:33:51.566+0000] {logging_mixin.py:137} INFO - [2025-04-24T23:33:51.566+0000] {dag.py:3441} INFO - Setting next_dagrun for example_weekday_branch_operator to 2025-04-23T00:00:00+00:00, run_after=2025-04-24T00:00:00+00:00
[2025-04-24T23:33:51.576+0000] {processor.py:175} INFO - Processing /home/airflow/.local/lib/python3.7/site-packages/airflow/example_dags/example_branch_day_of_week_operator.py took 0.044 seconds
[2025-04-24T23:34:22.065+0000] {processor.py:153} INFO - Started process (PID=1576) to work on /home/airflow/.local/lib/python3.7/site-packages/airflow/example_dags/example_branch_day_of_week_operator.py
[2025-04-24T23:34:22.065+0000] {processor.py:743} INFO - Processing file /home/airflow/.local/lib/python3.7/site-packages/airflow/example_dags/example_branch_day_of_week_operator.py for tasks to queue
[2025-04-24T23:34:22.065+0000] {logging_mixin.py:137} INFO - [2025-04-24T23:34:22.065+0000] {dagbag.py:538} INFO - Filling up the DagBag from /home/airflow/.local/lib/python3.7/site-packages/airflow/example_dags/example_branch_day_of_week_operator.py
[2025-04-24T23:34:22.072+0000] {processor.py:753} INFO - DAG(s) dict_keys(['example_weekday_branch_operator']) retrieved from /home/airflow/.local/lib/python3.7/site-packages/airflow/example_dags/example_branch_day_of_week_operator.py
[2025-04-24T23:34:22.082+0000] {logging_mixin.py:137} INFO - [2025-04-24T23:34:22.082+0000] {dag.py:2690} INFO - Sync 1 DAGs
[2025-04-24T23:34:22.094+0000] {logging_mixin.py:137} INFO - [2025-04-24T23:34:22.094+0000] {dag.py:3441} INFO - Setting next_dagrun for example_weekday_branch_operator to 2025-04-23T00:00:00+00:00, run_after=2025-04-24T00:00:00+00:00
[2025-04-24T23:34:22.104+0000] {processor.py:175} INFO - Processing /home/airflow/.local/lib/python3.7/site-packages/airflow/example_dags/example_branch_day_of_week_operator.py took 0.040 seconds
[2025-04-24T23:34:52.639+0000] {processor.py:153} INFO - Started process (PID=1668) to work on /home/airflow/.local/lib/python3.7/site-packages/airflow/example_dags/example_branch_day_of_week_operator.py
[2025-04-24T23:34:52.639+0000] {processor.py:743} INFO - Processing file /home/airflow/.local/lib/python3.7/site-packages/airflow/example_dags/example_branch_day_of_week_operator.py for tasks to queue
[2025-04-24T23:34:52.640+0000] {logging_mixin.py:137} INFO - [2025-04-24T23:34:52.640+0000] {dagbag.py:538} INFO - Filling up the DagBag from /home/airflow/.local/lib/python3.7/site-packages/airflow/example_dags/example_branch_day_of_week_operator.py
[2025-04-24T23:34:52.645+0000] {processor.py:753} INFO - DAG(s) dict_keys(['example_weekday_branch_operator']) retrieved from /home/airflow/.local/lib/python3.7/site-packages/airflow/example_dags/example_branch_day_of_week_operator.py
[2025-04-24T23:34:52.654+0000] {logging_mixin.py:137} INFO - [2025-04-24T23:34:52.654+0000] {dag.py:2690} INFO - Sync 1 DAGs
[2025-04-24T23:34:52.663+0000] {logging_mixin.py:137} INFO - [2025-04-24T23:34:52.663+0000] {dag.py:3441} INFO - Setting next_dagrun for example_weekday_branch_operator to 2025-04-23T00:00:00+00:00, run_after=2025-04-24T00:00:00+00:00
[2025-04-24T23:34:52.670+0000] {processor.py:175} INFO - Processing /home/airflow/.local/lib/python3.7/site-packages/airflow/example_dags/example_branch_day_of_week_operator.py took 0.032 seconds
[2025-04-24T23:35:23.206+0000] {processor.py:153} INFO - Started process (PID=1760) to work on /home/airflow/.local/lib/python3.7/site-packages/airflow/example_dags/example_branch_day_of_week_operator.py
[2025-04-24T23:35:23.206+0000] {processor.py:743} INFO - Processing file /home/airflow/.local/lib/python3.7/site-packages/airflow/example_dags/example_branch_day_of_week_operator.py for tasks to queue
[2025-04-24T23:35:23.207+0000] {logging_mixin.py:137} INFO - [2025-04-24T23:35:23.207+0000] {dagbag.py:538} INFO - Filling up the DagBag from /home/airflow/.local/lib/python3.7/site-packages/airflow/example_dags/example_branch_day_of_week_operator.py
[2025-04-24T23:35:23.213+0000] {processor.py:753} INFO - DAG(s) dict_keys(['example_weekday_branch_operator']) retrieved from /home/airflow/.local/lib/python3.7/site-packages/airflow/example_dags/example_branch_day_of_week_operator.py
[2025-04-24T23:35:23.226+0000] {logging_mixin.py:137} INFO - [2025-04-24T23:35:23.226+0000] {dag.py:2690} INFO - Sync 1 DAGs
[2025-04-24T23:35:23.237+0000] {logging_mixin.py:137} INFO - [2025-04-24T23:35:23.237+0000] {dag.py:3441} INFO - Setting next_dagrun for example_weekday_branch_operator to 2025-04-23T00:00:00+00:00, run_after=2025-04-24T00:00:00+00:00
[2025-04-24T23:35:23.246+0000] {processor.py:175} INFO - Processing /home/airflow/.local/lib/python3.7/site-packages/airflow/example_dags/example_branch_day_of_week_operator.py took 0.042 seconds
[2025-04-24T23:35:53.772+0000] {processor.py:153} INFO - Started process (PID=1852) to work on /home/airflow/.local/lib/python3.7/site-packages/airflow/example_dags/example_branch_day_of_week_operator.py
[2025-04-24T23:35:53.774+0000] {processor.py:743} INFO - Processing file /home/airflow/.local/lib/python3.7/site-packages/airflow/example_dags/example_branch_day_of_week_operator.py for tasks to queue
[2025-04-24T23:35:53.774+0000] {logging_mixin.py:137} INFO - [2025-04-24T23:35:53.774+0000] {dagbag.py:538} INFO - Filling up the DagBag from /home/airflow/.local/lib/python3.7/site-packages/airflow/example_dags/example_branch_day_of_week_operator.py
[2025-04-24T23:35:53.780+0000] {processor.py:753} INFO - DAG(s) dict_keys(['example_weekday_branch_operator']) retrieved from /home/airflow/.local/lib/python3.7/site-packages/airflow/example_dags/example_branch_day_of_week_operator.py
[2025-04-24T23:35:53.792+0000] {logging_mixin.py:137} INFO - [2025-04-24T23:35:53.792+0000] {dag.py:2690} INFO - Sync 1 DAGs
[2025-04-24T23:35:53.803+0000] {logging_mixin.py:137} INFO - [2025-04-24T23:35:53.803+0000] {dag.py:3441} INFO - Setting next_dagrun for example_weekday_branch_operator to 2025-04-23T00:00:00+00:00, run_after=2025-04-24T00:00:00+00:00
[2025-04-24T23:35:53.812+0000] {processor.py:175} INFO - Processing /home/airflow/.local/lib/python3.7/site-packages/airflow/example_dags/example_branch_day_of_week_operator.py took 0.041 seconds
[2025-04-24T23:36:24.763+0000] {processor.py:153} INFO - Started process (PID=1944) to work on /home/airflow/.local/lib/python3.7/site-packages/airflow/example_dags/example_branch_day_of_week_operator.py
[2025-04-24T23:36:24.763+0000] {processor.py:743} INFO - Processing file /home/airflow/.local/lib/python3.7/site-packages/airflow/example_dags/example_branch_day_of_week_operator.py for tasks to queue
[2025-04-24T23:36:24.767+0000] {logging_mixin.py:137} INFO - [2025-04-24T23:36:24.767+0000] {dagbag.py:538} INFO - Filling up the DagBag from /home/airflow/.local/lib/python3.7/site-packages/airflow/example_dags/example_branch_day_of_week_operator.py
[2025-04-24T23:36:24.778+0000] {processor.py:753} INFO - DAG(s) dict_keys(['example_weekday_branch_operator']) retrieved from /home/airflow/.local/lib/python3.7/site-packages/airflow/example_dags/example_branch_day_of_week_operator.py
[2025-04-24T23:36:24.799+0000] {logging_mixin.py:137} INFO - [2025-04-24T23:36:24.799+0000] {dag.py:2690} INFO - Sync 1 DAGs
[2025-04-24T23:36:24.818+0000] {logging_mixin.py:137} INFO - [2025-04-24T23:36:24.817+0000] {dag.py:3441} INFO - Setting next_dagrun for example_weekday_branch_operator to 2025-04-23T00:00:00+00:00, run_after=2025-04-24T00:00:00+00:00
[2025-04-24T23:36:24.838+0000] {processor.py:175} INFO - Processing /home/airflow/.local/lib/python3.7/site-packages/airflow/example_dags/example_branch_day_of_week_operator.py took 0.078 seconds
[2025-04-24T23:36:55.526+0000] {processor.py:153} INFO - Started process (PID=2020) to work on /home/airflow/.local/lib/python3.7/site-packages/airflow/example_dags/example_branch_day_of_week_operator.py
[2025-04-24T23:36:55.528+0000] {processor.py:743} INFO - Processing file /home/airflow/.local/lib/python3.7/site-packages/airflow/example_dags/example_branch_day_of_week_operator.py for tasks to queue
[2025-04-24T23:36:55.528+0000] {logging_mixin.py:137} INFO - [2025-04-24T23:36:55.528+0000] {dagbag.py:538} INFO - Filling up the DagBag from /home/airflow/.local/lib/python3.7/site-packages/airflow/example_dags/example_branch_day_of_week_operator.py
[2025-04-24T23:36:55.535+0000] {processor.py:753} INFO - DAG(s) dict_keys(['example_weekday_branch_operator']) retrieved from /home/airflow/.local/lib/python3.7/site-packages/airflow/example_dags/example_branch_day_of_week_operator.py
[2025-04-24T23:36:55.547+0000] {logging_mixin.py:137} INFO - [2025-04-24T23:36:55.546+0000] {dag.py:2690} INFO - Sync 1 DAGs
[2025-04-24T23:36:55.558+0000] {logging_mixin.py:137} INFO - [2025-04-24T23:36:55.558+0000] {dag.py:3441} INFO - Setting next_dagrun for example_weekday_branch_operator to 2025-04-23T00:00:00+00:00, run_after=2025-04-24T00:00:00+00:00
[2025-04-24T23:36:55.566+0000] {processor.py:175} INFO - Processing /home/airflow/.local/lib/python3.7/site-packages/airflow/example_dags/example_branch_day_of_week_operator.py took 0.041 seconds
[2025-04-24T23:37:26.049+0000] {processor.py:153} INFO - Started process (PID=2112) to work on /home/airflow/.local/lib/python3.7/site-packages/airflow/example_dags/example_branch_day_of_week_operator.py
[2025-04-24T23:37:26.049+0000] {processor.py:743} INFO - Processing file /home/airflow/.local/lib/python3.7/site-packages/airflow/example_dags/example_branch_day_of_week_operator.py for tasks to queue
[2025-04-24T23:37:26.049+0000] {logging_mixin.py:137} INFO - [2025-04-24T23:37:26.049+0000] {dagbag.py:538} INFO - Filling up the DagBag from /home/airflow/.local/lib/python3.7/site-packages/airflow/example_dags/example_branch_day_of_week_operator.py
[2025-04-24T23:37:26.056+0000] {processor.py:753} INFO - DAG(s) dict_keys(['example_weekday_branch_operator']) retrieved from /home/airflow/.local/lib/python3.7/site-packages/airflow/example_dags/example_branch_day_of_week_operator.py
[2025-04-24T23:37:26.067+0000] {logging_mixin.py:137} INFO - [2025-04-24T23:37:26.067+0000] {dag.py:2690} INFO - Sync 1 DAGs
[2025-04-24T23:37:26.079+0000] {logging_mixin.py:137} INFO - [2025-04-24T23:37:26.079+0000] {dag.py:3441} INFO - Setting next_dagrun for example_weekday_branch_operator to 2025-04-23T00:00:00+00:00, run_after=2025-04-24T00:00:00+00:00
[2025-04-24T23:37:26.088+0000] {processor.py:175} INFO - Processing /home/airflow/.local/lib/python3.7/site-packages/airflow/example_dags/example_branch_day_of_week_operator.py took 0.041 seconds
[2025-04-24T23:37:56.548+0000] {processor.py:153} INFO - Started process (PID=2202) to work on /home/airflow/.local/lib/python3.7/site-packages/airflow/example_dags/example_branch_day_of_week_operator.py
[2025-04-24T23:37:56.549+0000] {processor.py:743} INFO - Processing file /home/airflow/.local/lib/python3.7/site-packages/airflow/example_dags/example_branch_day_of_week_operator.py for tasks to queue
[2025-04-24T23:37:56.550+0000] {logging_mixin.py:137} INFO - [2025-04-24T23:37:56.550+0000] {dagbag.py:538} INFO - Filling up the DagBag from /home/airflow/.local/lib/python3.7/site-packages/airflow/example_dags/example_branch_day_of_week_operator.py
[2025-04-24T23:37:56.556+0000] {processor.py:753} INFO - DAG(s) dict_keys(['example_weekday_branch_operator']) retrieved from /home/airflow/.local/lib/python3.7/site-packages/airflow/example_dags/example_branch_day_of_week_operator.py
[2025-04-24T23:37:56.569+0000] {logging_mixin.py:137} INFO - [2025-04-24T23:37:56.568+0000] {dag.py:2690} INFO - Sync 1 DAGs
[2025-04-24T23:37:56.582+0000] {logging_mixin.py:137} INFO - [2025-04-24T23:37:56.582+0000] {dag.py:3441} INFO - Setting next_dagrun for example_weekday_branch_operator to 2025-04-23T00:00:00+00:00, run_after=2025-04-24T00:00:00+00:00
[2025-04-24T23:37:56.589+0000] {processor.py:175} INFO - Processing /home/airflow/.local/lib/python3.7/site-packages/airflow/example_dags/example_branch_day_of_week_operator.py took 0.043 seconds
[2025-04-24T23:38:27.270+0000] {processor.py:153} INFO - Started process (PID=2294) to work on /home/airflow/.local/lib/python3.7/site-packages/airflow/example_dags/example_branch_day_of_week_operator.py
[2025-04-24T23:38:27.270+0000] {processor.py:743} INFO - Processing file /home/airflow/.local/lib/python3.7/site-packages/airflow/example_dags/example_branch_day_of_week_operator.py for tasks to queue
[2025-04-24T23:38:27.271+0000] {logging_mixin.py:137} INFO - [2025-04-24T23:38:27.270+0000] {dagbag.py:538} INFO - Filling up the DagBag from /home/airflow/.local/lib/python3.7/site-packages/airflow/example_dags/example_branch_day_of_week_operator.py
[2025-04-24T23:38:27.280+0000] {processor.py:753} INFO - DAG(s) dict_keys(['example_weekday_branch_operator']) retrieved from /home/airflow/.local/lib/python3.7/site-packages/airflow/example_dags/example_branch_day_of_week_operator.py
[2025-04-24T23:38:27.292+0000] {logging_mixin.py:137} INFO - [2025-04-24T23:38:27.291+0000] {dag.py:2690} INFO - Sync 1 DAGs
[2025-04-24T23:38:27.302+0000] {logging_mixin.py:137} INFO - [2025-04-24T23:38:27.302+0000] {dag.py:3441} INFO - Setting next_dagrun for example_weekday_branch_operator to 2025-04-23T00:00:00+00:00, run_after=2025-04-24T00:00:00+00:00
[2025-04-24T23:38:27.311+0000] {processor.py:175} INFO - Processing /home/airflow/.local/lib/python3.7/site-packages/airflow/example_dags/example_branch_day_of_week_operator.py took 0.043 seconds
[2025-04-24T23:38:57.931+0000] {processor.py:153} INFO - Started process (PID=2370) to work on /home/airflow/.local/lib/python3.7/site-packages/airflow/example_dags/example_branch_day_of_week_operator.py
[2025-04-24T23:38:57.932+0000] {processor.py:743} INFO - Processing file /home/airflow/.local/lib/python3.7/site-packages/airflow/example_dags/example_branch_day_of_week_operator.py for tasks to queue
[2025-04-24T23:38:57.934+0000] {logging_mixin.py:137} INFO - [2025-04-24T23:38:57.934+0000] {dagbag.py:538} INFO - Filling up the DagBag from /home/airflow/.local/lib/python3.7/site-packages/airflow/example_dags/example_branch_day_of_week_operator.py
[2025-04-24T23:38:57.941+0000] {processor.py:753} INFO - DAG(s) dict_keys(['example_weekday_branch_operator']) retrieved from /home/airflow/.local/lib/python3.7/site-packages/airflow/example_dags/example_branch_day_of_week_operator.py
[2025-04-24T23:38:57.952+0000] {logging_mixin.py:137} INFO - [2025-04-24T23:38:57.952+0000] {dag.py:2690} INFO - Sync 1 DAGs
[2025-04-24T23:38:57.964+0000] {logging_mixin.py:137} INFO - [2025-04-24T23:38:57.964+0000] {dag.py:3441} INFO - Setting next_dagrun for example_weekday_branch_operator to 2025-04-23T00:00:00+00:00, run_after=2025-04-24T00:00:00+00:00
[2025-04-24T23:38:57.978+0000] {processor.py:175} INFO - Processing /home/airflow/.local/lib/python3.7/site-packages/airflow/example_dags/example_branch_day_of_week_operator.py took 0.049 seconds
[2025-04-24T23:39:28.497+0000] {processor.py:153} INFO - Started process (PID=2462) to work on /home/airflow/.local/lib/python3.7/site-packages/airflow/example_dags/example_branch_day_of_week_operator.py
[2025-04-24T23:39:28.500+0000] {processor.py:743} INFO - Processing file /home/airflow/.local/lib/python3.7/site-packages/airflow/example_dags/example_branch_day_of_week_operator.py for tasks to queue
[2025-04-24T23:39:28.501+0000] {logging_mixin.py:137} INFO - [2025-04-24T23:39:28.501+0000] {dagbag.py:538} INFO - Filling up the DagBag from /home/airflow/.local/lib/python3.7/site-packages/airflow/example_dags/example_branch_day_of_week_operator.py
[2025-04-24T23:39:28.507+0000] {processor.py:753} INFO - DAG(s) dict_keys(['example_weekday_branch_operator']) retrieved from /home/airflow/.local/lib/python3.7/site-packages/airflow/example_dags/example_branch_day_of_week_operator.py
[2025-04-24T23:39:28.519+0000] {logging_mixin.py:137} INFO - [2025-04-24T23:39:28.519+0000] {dag.py:2690} INFO - Sync 1 DAGs
[2025-04-24T23:39:28.530+0000] {logging_mixin.py:137} INFO - [2025-04-24T23:39:28.530+0000] {dag.py:3441} INFO - Setting next_dagrun for example_weekday_branch_operator to 2025-04-23T00:00:00+00:00, run_after=2025-04-24T00:00:00+00:00
[2025-04-24T23:39:28.540+0000] {processor.py:175} INFO - Processing /home/airflow/.local/lib/python3.7/site-packages/airflow/example_dags/example_branch_day_of_week_operator.py took 0.045 seconds
[2025-04-24T23:39:59.018+0000] {processor.py:153} INFO - Started process (PID=2553) to work on /home/airflow/.local/lib/python3.7/site-packages/airflow/example_dags/example_branch_day_of_week_operator.py
[2025-04-24T23:39:59.019+0000] {processor.py:743} INFO - Processing file /home/airflow/.local/lib/python3.7/site-packages/airflow/example_dags/example_branch_day_of_week_operator.py for tasks to queue
[2025-04-24T23:39:59.019+0000] {logging_mixin.py:137} INFO - [2025-04-24T23:39:59.019+0000] {dagbag.py:538} INFO - Filling up the DagBag from /home/airflow/.local/lib/python3.7/site-packages/airflow/example_dags/example_branch_day_of_week_operator.py
[2025-04-24T23:39:59.025+0000] {processor.py:753} INFO - DAG(s) dict_keys(['example_weekday_branch_operator']) retrieved from /home/airflow/.local/lib/python3.7/site-packages/airflow/example_dags/example_branch_day_of_week_operator.py
[2025-04-24T23:39:59.042+0000] {logging_mixin.py:137} INFO - [2025-04-24T23:39:59.042+0000] {dag.py:2690} INFO - Sync 1 DAGs
[2025-04-24T23:39:59.053+0000] {logging_mixin.py:137} INFO - [2025-04-24T23:39:59.053+0000] {dag.py:3441} INFO - Setting next_dagrun for example_weekday_branch_operator to 2025-04-23T00:00:00+00:00, run_after=2025-04-24T00:00:00+00:00
[2025-04-24T23:39:59.066+0000] {processor.py:175} INFO - Processing /home/airflow/.local/lib/python3.7/site-packages/airflow/example_dags/example_branch_day_of_week_operator.py took 0.049 seconds
[2025-04-24T23:40:29.516+0000] {processor.py:153} INFO - Started process (PID=2645) to work on /home/airflow/.local/lib/python3.7/site-packages/airflow/example_dags/example_branch_day_of_week_operator.py
[2025-04-24T23:40:29.517+0000] {processor.py:743} INFO - Processing file /home/airflow/.local/lib/python3.7/site-packages/airflow/example_dags/example_branch_day_of_week_operator.py for tasks to queue
[2025-04-24T23:40:29.517+0000] {logging_mixin.py:137} INFO - [2025-04-24T23:40:29.517+0000] {dagbag.py:538} INFO - Filling up the DagBag from /home/airflow/.local/lib/python3.7/site-packages/airflow/example_dags/example_branch_day_of_week_operator.py
[2025-04-24T23:40:29.522+0000] {processor.py:753} INFO - DAG(s) dict_keys(['example_weekday_branch_operator']) retrieved from /home/airflow/.local/lib/python3.7/site-packages/airflow/example_dags/example_branch_day_of_week_operator.py
[2025-04-24T23:40:29.532+0000] {logging_mixin.py:137} INFO - [2025-04-24T23:40:29.532+0000] {dag.py:2690} INFO - Sync 1 DAGs
[2025-04-24T23:40:29.542+0000] {logging_mixin.py:137} INFO - [2025-04-24T23:40:29.542+0000] {dag.py:3441} INFO - Setting next_dagrun for example_weekday_branch_operator to 2025-04-23T00:00:00+00:00, run_after=2025-04-24T00:00:00+00:00
[2025-04-24T23:40:29.548+0000] {processor.py:175} INFO - Processing /home/airflow/.local/lib/python3.7/site-packages/airflow/example_dags/example_branch_day_of_week_operator.py took 0.033 seconds
[2025-04-24T23:41:00.028+0000] {processor.py:153} INFO - Started process (PID=2728) to work on /home/airflow/.local/lib/python3.7/site-packages/airflow/example_dags/example_branch_day_of_week_operator.py
[2025-04-24T23:41:00.028+0000] {processor.py:743} INFO - Processing file /home/airflow/.local/lib/python3.7/site-packages/airflow/example_dags/example_branch_day_of_week_operator.py for tasks to queue
[2025-04-24T23:41:00.028+0000] {logging_mixin.py:137} INFO - [2025-04-24T23:41:00.028+0000] {dagbag.py:538} INFO - Filling up the DagBag from /home/airflow/.local/lib/python3.7/site-packages/airflow/example_dags/example_branch_day_of_week_operator.py
[2025-04-24T23:41:00.036+0000] {processor.py:753} INFO - DAG(s) dict_keys(['example_weekday_branch_operator']) retrieved from /home/airflow/.local/lib/python3.7/site-packages/airflow/example_dags/example_branch_day_of_week_operator.py
[2025-04-24T23:41:00.048+0000] {logging_mixin.py:137} INFO - [2025-04-24T23:41:00.048+0000] {dag.py:2690} INFO - Sync 1 DAGs
[2025-04-24T23:41:00.059+0000] {logging_mixin.py:137} INFO - [2025-04-24T23:41:00.059+0000] {dag.py:3441} INFO - Setting next_dagrun for example_weekday_branch_operator to 2025-04-23T00:00:00+00:00, run_after=2025-04-24T00:00:00+00:00
[2025-04-24T23:41:00.068+0000] {processor.py:175} INFO - Processing /home/airflow/.local/lib/python3.7/site-packages/airflow/example_dags/example_branch_day_of_week_operator.py took 0.041 seconds
[2025-04-24T23:41:30.638+0000] {processor.py:153} INFO - Started process (PID=2813) to work on /home/airflow/.local/lib/python3.7/site-packages/airflow/example_dags/example_branch_day_of_week_operator.py
[2025-04-24T23:41:30.639+0000] {processor.py:743} INFO - Processing file /home/airflow/.local/lib/python3.7/site-packages/airflow/example_dags/example_branch_day_of_week_operator.py for tasks to queue
[2025-04-24T23:41:30.640+0000] {logging_mixin.py:137} INFO - [2025-04-24T23:41:30.640+0000] {dagbag.py:538} INFO - Filling up the DagBag from /home/airflow/.local/lib/python3.7/site-packages/airflow/example_dags/example_branch_day_of_week_operator.py
[2025-04-24T23:41:30.647+0000] {processor.py:753} INFO - DAG(s) dict_keys(['example_weekday_branch_operator']) retrieved from /home/airflow/.local/lib/python3.7/site-packages/airflow/example_dags/example_branch_day_of_week_operator.py
[2025-04-24T23:41:30.657+0000] {logging_mixin.py:137} INFO - [2025-04-24T23:41:30.657+0000] {dag.py:2690} INFO - Sync 1 DAGs
[2025-04-24T23:41:30.672+0000] {logging_mixin.py:137} INFO - [2025-04-24T23:41:30.672+0000] {dag.py:3441} INFO - Setting next_dagrun for example_weekday_branch_operator to 2025-04-23T00:00:00+00:00, run_after=2025-04-24T00:00:00+00:00
[2025-04-24T23:41:30.690+0000] {processor.py:175} INFO - Processing /home/airflow/.local/lib/python3.7/site-packages/airflow/example_dags/example_branch_day_of_week_operator.py took 0.053 seconds
[2025-04-24T23:42:01.354+0000] {processor.py:153} INFO - Started process (PID=2905) to work on /home/airflow/.local/lib/python3.7/site-packages/airflow/example_dags/example_branch_day_of_week_operator.py
[2025-04-24T23:42:01.354+0000] {processor.py:743} INFO - Processing file /home/airflow/.local/lib/python3.7/site-packages/airflow/example_dags/example_branch_day_of_week_operator.py for tasks to queue
[2025-04-24T23:42:01.355+0000] {logging_mixin.py:137} INFO - [2025-04-24T23:42:01.355+0000] {dagbag.py:538} INFO - Filling up the DagBag from /home/airflow/.local/lib/python3.7/site-packages/airflow/example_dags/example_branch_day_of_week_operator.py
[2025-04-24T23:42:01.363+0000] {processor.py:753} INFO - DAG(s) dict_keys(['example_weekday_branch_operator']) retrieved from /home/airflow/.local/lib/python3.7/site-packages/airflow/example_dags/example_branch_day_of_week_operator.py
[2025-04-24T23:42:01.379+0000] {logging_mixin.py:137} INFO - [2025-04-24T23:42:01.379+0000] {dag.py:2690} INFO - Sync 1 DAGs
[2025-04-24T23:42:01.392+0000] {logging_mixin.py:137} INFO - [2025-04-24T23:42:01.392+0000] {dag.py:3441} INFO - Setting next_dagrun for example_weekday_branch_operator to 2025-04-23T00:00:00+00:00, run_after=2025-04-24T00:00:00+00:00
[2025-04-24T23:42:01.407+0000] {processor.py:175} INFO - Processing /home/airflow/.local/lib/python3.7/site-packages/airflow/example_dags/example_branch_day_of_week_operator.py took 0.055 seconds
[2025-04-24T23:42:31.967+0000] {processor.py:153} INFO - Started process (PID=2997) to work on /home/airflow/.local/lib/python3.7/site-packages/airflow/example_dags/example_branch_day_of_week_operator.py
[2025-04-24T23:42:31.967+0000] {processor.py:743} INFO - Processing file /home/airflow/.local/lib/python3.7/site-packages/airflow/example_dags/example_branch_day_of_week_operator.py for tasks to queue
[2025-04-24T23:42:31.967+0000] {logging_mixin.py:137} INFO - [2025-04-24T23:42:31.967+0000] {dagbag.py:538} INFO - Filling up the DagBag from /home/airflow/.local/lib/python3.7/site-packages/airflow/example_dags/example_branch_day_of_week_operator.py
[2025-04-24T23:42:31.975+0000] {processor.py:753} INFO - DAG(s) dict_keys(['example_weekday_branch_operator']) retrieved from /home/airflow/.local/lib/python3.7/site-packages/airflow/example_dags/example_branch_day_of_week_operator.py
[2025-04-24T23:42:31.986+0000] {logging_mixin.py:137} INFO - [2025-04-24T23:42:31.986+0000] {dag.py:2690} INFO - Sync 1 DAGs
[2025-04-24T23:42:31.997+0000] {logging_mixin.py:137} INFO - [2025-04-24T23:42:31.997+0000] {dag.py:3441} INFO - Setting next_dagrun for example_weekday_branch_operator to 2025-04-23T00:00:00+00:00, run_after=2025-04-24T00:00:00+00:00
[2025-04-24T23:42:32.009+0000] {processor.py:175} INFO - Processing /home/airflow/.local/lib/python3.7/site-packages/airflow/example_dags/example_branch_day_of_week_operator.py took 0.044 seconds
[2025-04-24T23:43:02.691+0000] {processor.py:153} INFO - Started process (PID=3089) to work on /home/airflow/.local/lib/python3.7/site-packages/airflow/example_dags/example_branch_day_of_week_operator.py
[2025-04-24T23:43:02.693+0000] {processor.py:743} INFO - Processing file /home/airflow/.local/lib/python3.7/site-packages/airflow/example_dags/example_branch_day_of_week_operator.py for tasks to queue
[2025-04-24T23:43:02.694+0000] {logging_mixin.py:137} INFO - [2025-04-24T23:43:02.694+0000] {dagbag.py:538} INFO - Filling up the DagBag from /home/airflow/.local/lib/python3.7/site-packages/airflow/example_dags/example_branch_day_of_week_operator.py
[2025-04-24T23:43:02.702+0000] {processor.py:753} INFO - DAG(s) dict_keys(['example_weekday_branch_operator']) retrieved from /home/airflow/.local/lib/python3.7/site-packages/airflow/example_dags/example_branch_day_of_week_operator.py
[2025-04-24T23:43:02.712+0000] {logging_mixin.py:137} INFO - [2025-04-24T23:43:02.712+0000] {dag.py:2690} INFO - Sync 1 DAGs
[2025-04-24T23:43:02.722+0000] {logging_mixin.py:137} INFO - [2025-04-24T23:43:02.722+0000] {dag.py:3441} INFO - Setting next_dagrun for example_weekday_branch_operator to 2025-04-23T00:00:00+00:00, run_after=2025-04-24T00:00:00+00:00
[2025-04-24T23:43:02.735+0000] {processor.py:175} INFO - Processing /home/airflow/.local/lib/python3.7/site-packages/airflow/example_dags/example_branch_day_of_week_operator.py took 0.045 seconds
[2025-04-24T23:43:33.325+0000] {processor.py:153} INFO - Started process (PID=3165) to work on /home/airflow/.local/lib/python3.7/site-packages/airflow/example_dags/example_branch_day_of_week_operator.py
[2025-04-24T23:43:33.326+0000] {processor.py:743} INFO - Processing file /home/airflow/.local/lib/python3.7/site-packages/airflow/example_dags/example_branch_day_of_week_operator.py for tasks to queue
[2025-04-24T23:43:33.330+0000] {logging_mixin.py:137} INFO - [2025-04-24T23:43:33.330+0000] {dagbag.py:538} INFO - Filling up the DagBag from /home/airflow/.local/lib/python3.7/site-packages/airflow/example_dags/example_branch_day_of_week_operator.py
[2025-04-24T23:43:33.336+0000] {processor.py:753} INFO - DAG(s) dict_keys(['example_weekday_branch_operator']) retrieved from /home/airflow/.local/lib/python3.7/site-packages/airflow/example_dags/example_branch_day_of_week_operator.py
[2025-04-24T23:43:33.351+0000] {logging_mixin.py:137} INFO - [2025-04-24T23:43:33.351+0000] {dag.py:2690} INFO - Sync 1 DAGs
[2025-04-24T23:43:33.363+0000] {logging_mixin.py:137} INFO - [2025-04-24T23:43:33.363+0000] {dag.py:3441} INFO - Setting next_dagrun for example_weekday_branch_operator to 2025-04-23T00:00:00+00:00, run_after=2025-04-24T00:00:00+00:00
[2025-04-24T23:43:33.378+0000] {processor.py:175} INFO - Processing /home/airflow/.local/lib/python3.7/site-packages/airflow/example_dags/example_branch_day_of_week_operator.py took 0.055 seconds
[2025-04-24T23:44:03.834+0000] {processor.py:153} INFO - Started process (PID=3257) to work on /home/airflow/.local/lib/python3.7/site-packages/airflow/example_dags/example_branch_day_of_week_operator.py
[2025-04-24T23:44:03.834+0000] {processor.py:743} INFO - Processing file /home/airflow/.local/lib/python3.7/site-packages/airflow/example_dags/example_branch_day_of_week_operator.py for tasks to queue
[2025-04-24T23:44:03.835+0000] {logging_mixin.py:137} INFO - [2025-04-24T23:44:03.835+0000] {dagbag.py:538} INFO - Filling up the DagBag from /home/airflow/.local/lib/python3.7/site-packages/airflow/example_dags/example_branch_day_of_week_operator.py
[2025-04-24T23:44:03.842+0000] {processor.py:753} INFO - DAG(s) dict_keys(['example_weekday_branch_operator']) retrieved from /home/airflow/.local/lib/python3.7/site-packages/airflow/example_dags/example_branch_day_of_week_operator.py
[2025-04-24T23:44:03.853+0000] {logging_mixin.py:137} INFO - [2025-04-24T23:44:03.853+0000] {dag.py:2690} INFO - Sync 1 DAGs
[2025-04-24T23:44:03.864+0000] {logging_mixin.py:137} INFO - [2025-04-24T23:44:03.864+0000] {dag.py:3441} INFO - Setting next_dagrun for example_weekday_branch_operator to 2025-04-23T00:00:00+00:00, run_after=2025-04-24T00:00:00+00:00
[2025-04-24T23:44:03.874+0000] {processor.py:175} INFO - Processing /home/airflow/.local/lib/python3.7/site-packages/airflow/example_dags/example_branch_day_of_week_operator.py took 0.042 seconds
[2025-04-24T23:44:34.362+0000] {processor.py:153} INFO - Started process (PID=3349) to work on /home/airflow/.local/lib/python3.7/site-packages/airflow/example_dags/example_branch_day_of_week_operator.py
[2025-04-24T23:44:34.363+0000] {processor.py:743} INFO - Processing file /home/airflow/.local/lib/python3.7/site-packages/airflow/example_dags/example_branch_day_of_week_operator.py for tasks to queue
[2025-04-24T23:44:34.366+0000] {logging_mixin.py:137} INFO - [2025-04-24T23:44:34.366+0000] {dagbag.py:538} INFO - Filling up the DagBag from /home/airflow/.local/lib/python3.7/site-packages/airflow/example_dags/example_branch_day_of_week_operator.py
[2025-04-24T23:44:34.373+0000] {processor.py:753} INFO - DAG(s) dict_keys(['example_weekday_branch_operator']) retrieved from /home/airflow/.local/lib/python3.7/site-packages/airflow/example_dags/example_branch_day_of_week_operator.py
[2025-04-24T23:44:34.388+0000] {logging_mixin.py:137} INFO - [2025-04-24T23:44:34.388+0000] {dag.py:2690} INFO - Sync 1 DAGs
[2025-04-24T23:44:34.398+0000] {logging_mixin.py:137} INFO - [2025-04-24T23:44:34.398+0000] {dag.py:3441} INFO - Setting next_dagrun for example_weekday_branch_operator to 2025-04-23T00:00:00+00:00, run_after=2025-04-24T00:00:00+00:00
[2025-04-24T23:44:34.411+0000] {processor.py:175} INFO - Processing /home/airflow/.local/lib/python3.7/site-packages/airflow/example_dags/example_branch_day_of_week_operator.py took 0.050 seconds
[2025-04-24T23:45:04.895+0000] {processor.py:153} INFO - Started process (PID=3441) to work on /home/airflow/.local/lib/python3.7/site-packages/airflow/example_dags/example_branch_day_of_week_operator.py
[2025-04-24T23:45:04.896+0000] {processor.py:743} INFO - Processing file /home/airflow/.local/lib/python3.7/site-packages/airflow/example_dags/example_branch_day_of_week_operator.py for tasks to queue
[2025-04-24T23:45:04.897+0000] {logging_mixin.py:137} INFO - [2025-04-24T23:45:04.897+0000] {dagbag.py:538} INFO - Filling up the DagBag from /home/airflow/.local/lib/python3.7/site-packages/airflow/example_dags/example_branch_day_of_week_operator.py
[2025-04-24T23:45:04.905+0000] {processor.py:753} INFO - DAG(s) dict_keys(['example_weekday_branch_operator']) retrieved from /home/airflow/.local/lib/python3.7/site-packages/airflow/example_dags/example_branch_day_of_week_operator.py
[2025-04-24T23:45:04.918+0000] {logging_mixin.py:137} INFO - [2025-04-24T23:45:04.918+0000] {dag.py:2690} INFO - Sync 1 DAGs
[2025-04-24T23:45:04.930+0000] {logging_mixin.py:137} INFO - [2025-04-24T23:45:04.930+0000] {dag.py:3441} INFO - Setting next_dagrun for example_weekday_branch_operator to 2025-04-23T00:00:00+00:00, run_after=2025-04-24T00:00:00+00:00
[2025-04-24T23:45:04.940+0000] {processor.py:175} INFO - Processing /home/airflow/.local/lib/python3.7/site-packages/airflow/example_dags/example_branch_day_of_week_operator.py took 0.047 seconds
[2025-04-24T23:45:35.480+0000] {processor.py:153} INFO - Started process (PID=3517) to work on /home/airflow/.local/lib/python3.7/site-packages/airflow/example_dags/example_branch_day_of_week_operator.py
[2025-04-24T23:45:35.481+0000] {processor.py:743} INFO - Processing file /home/airflow/.local/lib/python3.7/site-packages/airflow/example_dags/example_branch_day_of_week_operator.py for tasks to queue
[2025-04-24T23:45:35.481+0000] {logging_mixin.py:137} INFO - [2025-04-24T23:45:35.481+0000] {dagbag.py:538} INFO - Filling up the DagBag from /home/airflow/.local/lib/python3.7/site-packages/airflow/example_dags/example_branch_day_of_week_operator.py
[2025-04-24T23:45:35.487+0000] {processor.py:753} INFO - DAG(s) dict_keys(['example_weekday_branch_operator']) retrieved from /home/airflow/.local/lib/python3.7/site-packages/airflow/example_dags/example_branch_day_of_week_operator.py
[2025-04-24T23:45:35.497+0000] {logging_mixin.py:137} INFO - [2025-04-24T23:45:35.497+0000] {dag.py:2690} INFO - Sync 1 DAGs
[2025-04-24T23:45:35.508+0000] {logging_mixin.py:137} INFO - [2025-04-24T23:45:35.508+0000] {dag.py:3441} INFO - Setting next_dagrun for example_weekday_branch_operator to 2025-04-23T00:00:00+00:00, run_after=2025-04-24T00:00:00+00:00
[2025-04-24T23:45:35.519+0000] {processor.py:175} INFO - Processing /home/airflow/.local/lib/python3.7/site-packages/airflow/example_dags/example_branch_day_of_week_operator.py took 0.040 seconds
[2025-04-24T23:46:06.014+0000] {processor.py:153} INFO - Started process (PID=3609) to work on /home/airflow/.local/lib/python3.7/site-packages/airflow/example_dags/example_branch_day_of_week_operator.py
[2025-04-24T23:46:06.015+0000] {processor.py:743} INFO - Processing file /home/airflow/.local/lib/python3.7/site-packages/airflow/example_dags/example_branch_day_of_week_operator.py for tasks to queue
[2025-04-24T23:46:06.015+0000] {logging_mixin.py:137} INFO - [2025-04-24T23:46:06.015+0000] {dagbag.py:538} INFO - Filling up the DagBag from /home/airflow/.local/lib/python3.7/site-packages/airflow/example_dags/example_branch_day_of_week_operator.py
[2025-04-24T23:46:06.020+0000] {processor.py:753} INFO - DAG(s) dict_keys(['example_weekday_branch_operator']) retrieved from /home/airflow/.local/lib/python3.7/site-packages/airflow/example_dags/example_branch_day_of_week_operator.py
[2025-04-24T23:46:06.030+0000] {logging_mixin.py:137} INFO - [2025-04-24T23:46:06.030+0000] {dag.py:2690} INFO - Sync 1 DAGs
[2025-04-24T23:46:06.040+0000] {logging_mixin.py:137} INFO - [2025-04-24T23:46:06.040+0000] {dag.py:3441} INFO - Setting next_dagrun for example_weekday_branch_operator to 2025-04-23T00:00:00+00:00, run_after=2025-04-24T00:00:00+00:00
[2025-04-24T23:46:06.045+0000] {processor.py:175} INFO - Processing /home/airflow/.local/lib/python3.7/site-packages/airflow/example_dags/example_branch_day_of_week_operator.py took 0.032 seconds
[2025-04-24T23:46:36.474+0000] {processor.py:153} INFO - Started process (PID=3701) to work on /home/airflow/.local/lib/python3.7/site-packages/airflow/example_dags/example_branch_day_of_week_operator.py
[2025-04-24T23:46:36.475+0000] {processor.py:743} INFO - Processing file /home/airflow/.local/lib/python3.7/site-packages/airflow/example_dags/example_branch_day_of_week_operator.py for tasks to queue
[2025-04-24T23:46:36.476+0000] {logging_mixin.py:137} INFO - [2025-04-24T23:46:36.476+0000] {dagbag.py:538} INFO - Filling up the DagBag from /home/airflow/.local/lib/python3.7/site-packages/airflow/example_dags/example_branch_day_of_week_operator.py
[2025-04-24T23:46:36.482+0000] {processor.py:753} INFO - DAG(s) dict_keys(['example_weekday_branch_operator']) retrieved from /home/airflow/.local/lib/python3.7/site-packages/airflow/example_dags/example_branch_day_of_week_operator.py
[2025-04-24T23:46:36.493+0000] {logging_mixin.py:137} INFO - [2025-04-24T23:46:36.493+0000] {dag.py:2690} INFO - Sync 1 DAGs
[2025-04-24T23:46:36.503+0000] {logging_mixin.py:137} INFO - [2025-04-24T23:46:36.503+0000] {dag.py:3441} INFO - Setting next_dagrun for example_weekday_branch_operator to 2025-04-23T00:00:00+00:00, run_after=2025-04-24T00:00:00+00:00
[2025-04-24T23:46:36.513+0000] {processor.py:175} INFO - Processing /home/airflow/.local/lib/python3.7/site-packages/airflow/example_dags/example_branch_day_of_week_operator.py took 0.040 seconds
[2025-04-24T23:47:06.989+0000] {processor.py:153} INFO - Started process (PID=3793) to work on /home/airflow/.local/lib/python3.7/site-packages/airflow/example_dags/example_branch_day_of_week_operator.py
[2025-04-24T23:47:06.990+0000] {processor.py:743} INFO - Processing file /home/airflow/.local/lib/python3.7/site-packages/airflow/example_dags/example_branch_day_of_week_operator.py for tasks to queue
[2025-04-24T23:47:06.991+0000] {logging_mixin.py:137} INFO - [2025-04-24T23:47:06.991+0000] {dagbag.py:538} INFO - Filling up the DagBag from /home/airflow/.local/lib/python3.7/site-packages/airflow/example_dags/example_branch_day_of_week_operator.py
[2025-04-24T23:47:06.999+0000] {processor.py:753} INFO - DAG(s) dict_keys(['example_weekday_branch_operator']) retrieved from /home/airflow/.local/lib/python3.7/site-packages/airflow/example_dags/example_branch_day_of_week_operator.py
[2025-04-24T23:47:07.012+0000] {logging_mixin.py:137} INFO - [2025-04-24T23:47:07.012+0000] {dag.py:2690} INFO - Sync 1 DAGs
[2025-04-24T23:47:07.023+0000] {logging_mixin.py:137} INFO - [2025-04-24T23:47:07.023+0000] {dag.py:3441} INFO - Setting next_dagrun for example_weekday_branch_operator to 2025-04-23T00:00:00+00:00, run_after=2025-04-24T00:00:00+00:00
[2025-04-24T23:47:07.034+0000] {processor.py:175} INFO - Processing /home/airflow/.local/lib/python3.7/site-packages/airflow/example_dags/example_branch_day_of_week_operator.py took 0.047 seconds
[2025-04-24T23:47:37.841+0000] {processor.py:153} INFO - Started process (PID=3885) to work on /home/airflow/.local/lib/python3.7/site-packages/airflow/example_dags/example_branch_day_of_week_operator.py
[2025-04-24T23:47:37.842+0000] {processor.py:743} INFO - Processing file /home/airflow/.local/lib/python3.7/site-packages/airflow/example_dags/example_branch_day_of_week_operator.py for tasks to queue
[2025-04-24T23:47:37.842+0000] {logging_mixin.py:137} INFO - [2025-04-24T23:47:37.842+0000] {dagbag.py:538} INFO - Filling up the DagBag from /home/airflow/.local/lib/python3.7/site-packages/airflow/example_dags/example_branch_day_of_week_operator.py
[2025-04-24T23:47:37.849+0000] {processor.py:753} INFO - DAG(s) dict_keys(['example_weekday_branch_operator']) retrieved from /home/airflow/.local/lib/python3.7/site-packages/airflow/example_dags/example_branch_day_of_week_operator.py
[2025-04-24T23:47:37.862+0000] {logging_mixin.py:137} INFO - [2025-04-24T23:47:37.862+0000] {dag.py:2690} INFO - Sync 1 DAGs
[2025-04-24T23:47:37.874+0000] {logging_mixin.py:137} INFO - [2025-04-24T23:47:37.874+0000] {dag.py:3441} INFO - Setting next_dagrun for example_weekday_branch_operator to 2025-04-23T00:00:00+00:00, run_after=2025-04-24T00:00:00+00:00
[2025-04-24T23:47:37.882+0000] {processor.py:175} INFO - Processing /home/airflow/.local/lib/python3.7/site-packages/airflow/example_dags/example_branch_day_of_week_operator.py took 0.043 seconds
[2025-04-24T23:48:08.320+0000] {processor.py:153} INFO - Started process (PID=3960) to work on /home/airflow/.local/lib/python3.7/site-packages/airflow/example_dags/example_branch_day_of_week_operator.py
[2025-04-24T23:48:08.321+0000] {processor.py:743} INFO - Processing file /home/airflow/.local/lib/python3.7/site-packages/airflow/example_dags/example_branch_day_of_week_operator.py for tasks to queue
[2025-04-24T23:48:08.321+0000] {logging_mixin.py:137} INFO - [2025-04-24T23:48:08.321+0000] {dagbag.py:538} INFO - Filling up the DagBag from /home/airflow/.local/lib/python3.7/site-packages/airflow/example_dags/example_branch_day_of_week_operator.py
[2025-04-24T23:48:08.327+0000] {processor.py:753} INFO - DAG(s) dict_keys(['example_weekday_branch_operator']) retrieved from /home/airflow/.local/lib/python3.7/site-packages/airflow/example_dags/example_branch_day_of_week_operator.py
[2025-04-24T23:48:08.339+0000] {logging_mixin.py:137} INFO - [2025-04-24T23:48:08.339+0000] {dag.py:2690} INFO - Sync 1 DAGs
[2025-04-24T23:48:08.349+0000] {logging_mixin.py:137} INFO - [2025-04-24T23:48:08.349+0000] {dag.py:3441} INFO - Setting next_dagrun for example_weekday_branch_operator to 2025-04-23T00:00:00+00:00, run_after=2025-04-24T00:00:00+00:00
[2025-04-24T23:48:08.357+0000] {processor.py:175} INFO - Processing /home/airflow/.local/lib/python3.7/site-packages/airflow/example_dags/example_branch_day_of_week_operator.py took 0.038 seconds
[2025-04-24T23:48:38.814+0000] {processor.py:153} INFO - Started process (PID=4052) to work on /home/airflow/.local/lib/python3.7/site-packages/airflow/example_dags/example_branch_day_of_week_operator.py
[2025-04-24T23:48:38.815+0000] {processor.py:743} INFO - Processing file /home/airflow/.local/lib/python3.7/site-packages/airflow/example_dags/example_branch_day_of_week_operator.py for tasks to queue
[2025-04-24T23:48:38.816+0000] {logging_mixin.py:137} INFO - [2025-04-24T23:48:38.816+0000] {dagbag.py:538} INFO - Filling up the DagBag from /home/airflow/.local/lib/python3.7/site-packages/airflow/example_dags/example_branch_day_of_week_operator.py
[2025-04-24T23:48:38.822+0000] {processor.py:753} INFO - DAG(s) dict_keys(['example_weekday_branch_operator']) retrieved from /home/airflow/.local/lib/python3.7/site-packages/airflow/example_dags/example_branch_day_of_week_operator.py
[2025-04-24T23:48:38.833+0000] {logging_mixin.py:137} INFO - [2025-04-24T23:48:38.833+0000] {dag.py:2690} INFO - Sync 1 DAGs
[2025-04-24T23:48:38.843+0000] {logging_mixin.py:137} INFO - [2025-04-24T23:48:38.843+0000] {dag.py:3441} INFO - Setting next_dagrun for example_weekday_branch_operator to 2025-04-23T00:00:00+00:00, run_after=2025-04-24T00:00:00+00:00
[2025-04-24T23:48:38.852+0000] {processor.py:175} INFO - Processing /home/airflow/.local/lib/python3.7/site-packages/airflow/example_dags/example_branch_day_of_week_operator.py took 0.038 seconds
[2025-04-24T23:49:09.329+0000] {processor.py:153} INFO - Started process (PID=4144) to work on /home/airflow/.local/lib/python3.7/site-packages/airflow/example_dags/example_branch_day_of_week_operator.py
[2025-04-24T23:49:09.330+0000] {processor.py:743} INFO - Processing file /home/airflow/.local/lib/python3.7/site-packages/airflow/example_dags/example_branch_day_of_week_operator.py for tasks to queue
[2025-04-24T23:49:09.331+0000] {logging_mixin.py:137} INFO - [2025-04-24T23:49:09.331+0000] {dagbag.py:538} INFO - Filling up the DagBag from /home/airflow/.local/lib/python3.7/site-packages/airflow/example_dags/example_branch_day_of_week_operator.py
[2025-04-24T23:49:09.337+0000] {processor.py:753} INFO - DAG(s) dict_keys(['example_weekday_branch_operator']) retrieved from /home/airflow/.local/lib/python3.7/site-packages/airflow/example_dags/example_branch_day_of_week_operator.py
[2025-04-24T23:49:09.351+0000] {logging_mixin.py:137} INFO - [2025-04-24T23:49:09.350+0000] {dag.py:2690} INFO - Sync 1 DAGs
[2025-04-24T23:49:09.364+0000] {logging_mixin.py:137} INFO - [2025-04-24T23:49:09.364+0000] {dag.py:3441} INFO - Setting next_dagrun for example_weekday_branch_operator to 2025-04-23T00:00:00+00:00, run_after=2025-04-24T00:00:00+00:00
[2025-04-24T23:49:09.372+0000] {processor.py:175} INFO - Processing /home/airflow/.local/lib/python3.7/site-packages/airflow/example_dags/example_branch_day_of_week_operator.py took 0.044 seconds
[2025-04-24T23:56:17.727+0000] {processor.py:153} INFO - Started process (PID=4220) to work on /home/airflow/.local/lib/python3.7/site-packages/airflow/example_dags/example_branch_day_of_week_operator.py
[2025-04-24T23:56:17.728+0000] {processor.py:743} INFO - Processing file /home/airflow/.local/lib/python3.7/site-packages/airflow/example_dags/example_branch_day_of_week_operator.py for tasks to queue
[2025-04-24T23:56:17.728+0000] {logging_mixin.py:137} INFO - [2025-04-24T23:56:17.728+0000] {dagbag.py:538} INFO - Filling up the DagBag from /home/airflow/.local/lib/python3.7/site-packages/airflow/example_dags/example_branch_day_of_week_operator.py
[2025-04-24T23:56:17.735+0000] {processor.py:753} INFO - DAG(s) dict_keys(['example_weekday_branch_operator']) retrieved from /home/airflow/.local/lib/python3.7/site-packages/airflow/example_dags/example_branch_day_of_week_operator.py
[2025-04-24T23:56:17.746+0000] {logging_mixin.py:137} INFO - [2025-04-24T23:56:17.746+0000] {dag.py:2690} INFO - Sync 1 DAGs
[2025-04-24T23:56:17.757+0000] {logging_mixin.py:137} INFO - [2025-04-24T23:56:17.757+0000] {dag.py:3441} INFO - Setting next_dagrun for example_weekday_branch_operator to 2025-04-23T00:00:00+00:00, run_after=2025-04-24T00:00:00+00:00
[2025-04-24T23:56:17.768+0000] {processor.py:175} INFO - Processing /home/airflow/.local/lib/python3.7/site-packages/airflow/example_dags/example_branch_day_of_week_operator.py took 0.042 seconds
[2025-04-24T23:56:48.359+0000] {processor.py:153} INFO - Started process (PID=4296) to work on /home/airflow/.local/lib/python3.7/site-packages/airflow/example_dags/example_branch_day_of_week_operator.py
[2025-04-24T23:56:48.363+0000] {processor.py:743} INFO - Processing file /home/airflow/.local/lib/python3.7/site-packages/airflow/example_dags/example_branch_day_of_week_operator.py for tasks to queue
[2025-04-24T23:56:48.364+0000] {logging_mixin.py:137} INFO - [2025-04-24T23:56:48.364+0000] {dagbag.py:538} INFO - Filling up the DagBag from /home/airflow/.local/lib/python3.7/site-packages/airflow/example_dags/example_branch_day_of_week_operator.py
[2025-04-24T23:56:48.373+0000] {processor.py:753} INFO - DAG(s) dict_keys(['example_weekday_branch_operator']) retrieved from /home/airflow/.local/lib/python3.7/site-packages/airflow/example_dags/example_branch_day_of_week_operator.py
[2025-04-24T23:56:48.384+0000] {logging_mixin.py:137} INFO - [2025-04-24T23:56:48.384+0000] {dag.py:2690} INFO - Sync 1 DAGs
[2025-04-24T23:56:48.396+0000] {logging_mixin.py:137} INFO - [2025-04-24T23:56:48.396+0000] {dag.py:3441} INFO - Setting next_dagrun for example_weekday_branch_operator to 2025-04-23T00:00:00+00:00, run_after=2025-04-24T00:00:00+00:00
[2025-04-24T23:56:48.407+0000] {processor.py:175} INFO - Processing /home/airflow/.local/lib/python3.7/site-packages/airflow/example_dags/example_branch_day_of_week_operator.py took 0.051 seconds
[2025-04-24T23:57:18.850+0000] {processor.py:153} INFO - Started process (PID=4388) to work on /home/airflow/.local/lib/python3.7/site-packages/airflow/example_dags/example_branch_day_of_week_operator.py
[2025-04-24T23:57:18.850+0000] {processor.py:743} INFO - Processing file /home/airflow/.local/lib/python3.7/site-packages/airflow/example_dags/example_branch_day_of_week_operator.py for tasks to queue
[2025-04-24T23:57:18.850+0000] {logging_mixin.py:137} INFO - [2025-04-24T23:57:18.850+0000] {dagbag.py:538} INFO - Filling up the DagBag from /home/airflow/.local/lib/python3.7/site-packages/airflow/example_dags/example_branch_day_of_week_operator.py
[2025-04-24T23:57:18.856+0000] {processor.py:753} INFO - DAG(s) dict_keys(['example_weekday_branch_operator']) retrieved from /home/airflow/.local/lib/python3.7/site-packages/airflow/example_dags/example_branch_day_of_week_operator.py
[2025-04-24T23:57:18.867+0000] {logging_mixin.py:137} INFO - [2025-04-24T23:57:18.867+0000] {dag.py:2690} INFO - Sync 1 DAGs
[2025-04-24T23:57:18.878+0000] {logging_mixin.py:137} INFO - [2025-04-24T23:57:18.878+0000] {dag.py:3441} INFO - Setting next_dagrun for example_weekday_branch_operator to 2025-04-23T00:00:00+00:00, run_after=2025-04-24T00:00:00+00:00
[2025-04-24T23:57:18.886+0000] {processor.py:175} INFO - Processing /home/airflow/.local/lib/python3.7/site-packages/airflow/example_dags/example_branch_day_of_week_operator.py took 0.037 seconds
[2025-04-24T23:57:49.299+0000] {processor.py:153} INFO - Started process (PID=4480) to work on /home/airflow/.local/lib/python3.7/site-packages/airflow/example_dags/example_branch_day_of_week_operator.py
[2025-04-24T23:57:49.300+0000] {processor.py:743} INFO - Processing file /home/airflow/.local/lib/python3.7/site-packages/airflow/example_dags/example_branch_day_of_week_operator.py for tasks to queue
[2025-04-24T23:57:49.300+0000] {logging_mixin.py:137} INFO - [2025-04-24T23:57:49.300+0000] {dagbag.py:538} INFO - Filling up the DagBag from /home/airflow/.local/lib/python3.7/site-packages/airflow/example_dags/example_branch_day_of_week_operator.py
[2025-04-24T23:57:49.307+0000] {processor.py:753} INFO - DAG(s) dict_keys(['example_weekday_branch_operator']) retrieved from /home/airflow/.local/lib/python3.7/site-packages/airflow/example_dags/example_branch_day_of_week_operator.py
[2025-04-24T23:57:49.320+0000] {logging_mixin.py:137} INFO - [2025-04-24T23:57:49.320+0000] {dag.py:2690} INFO - Sync 1 DAGs
[2025-04-24T23:57:49.332+0000] {logging_mixin.py:137} INFO - [2025-04-24T23:57:49.332+0000] {dag.py:3441} INFO - Setting next_dagrun for example_weekday_branch_operator to 2025-04-23T00:00:00+00:00, run_after=2025-04-24T00:00:00+00:00
[2025-04-24T23:57:49.343+0000] {processor.py:175} INFO - Processing /home/airflow/.local/lib/python3.7/site-packages/airflow/example_dags/example_branch_day_of_week_operator.py took 0.045 seconds
[2025-04-24T23:58:19.856+0000] {processor.py:153} INFO - Started process (PID=4572) to work on /home/airflow/.local/lib/python3.7/site-packages/airflow/example_dags/example_branch_day_of_week_operator.py
[2025-04-24T23:58:19.859+0000] {processor.py:743} INFO - Processing file /home/airflow/.local/lib/python3.7/site-packages/airflow/example_dags/example_branch_day_of_week_operator.py for tasks to queue
[2025-04-24T23:58:19.860+0000] {logging_mixin.py:137} INFO - [2025-04-24T23:58:19.860+0000] {dagbag.py:538} INFO - Filling up the DagBag from /home/airflow/.local/lib/python3.7/site-packages/airflow/example_dags/example_branch_day_of_week_operator.py
[2025-04-24T23:58:19.866+0000] {processor.py:753} INFO - DAG(s) dict_keys(['example_weekday_branch_operator']) retrieved from /home/airflow/.local/lib/python3.7/site-packages/airflow/example_dags/example_branch_day_of_week_operator.py
[2025-04-24T23:58:19.877+0000] {logging_mixin.py:137} INFO - [2025-04-24T23:58:19.876+0000] {dag.py:2690} INFO - Sync 1 DAGs
[2025-04-24T23:58:19.887+0000] {logging_mixin.py:137} INFO - [2025-04-24T23:58:19.887+0000] {dag.py:3441} INFO - Setting next_dagrun for example_weekday_branch_operator to 2025-04-23T00:00:00+00:00, run_after=2025-04-24T00:00:00+00:00
[2025-04-24T23:58:19.898+0000] {processor.py:175} INFO - Processing /home/airflow/.local/lib/python3.7/site-packages/airflow/example_dags/example_branch_day_of_week_operator.py took 0.044 seconds
[2025-04-24T23:58:50.323+0000] {processor.py:153} INFO - Started process (PID=4647) to work on /home/airflow/.local/lib/python3.7/site-packages/airflow/example_dags/example_branch_day_of_week_operator.py
[2025-04-24T23:58:50.326+0000] {processor.py:743} INFO - Processing file /home/airflow/.local/lib/python3.7/site-packages/airflow/example_dags/example_branch_day_of_week_operator.py for tasks to queue
[2025-04-24T23:58:50.326+0000] {logging_mixin.py:137} INFO - [2025-04-24T23:58:50.326+0000] {dagbag.py:538} INFO - Filling up the DagBag from /home/airflow/.local/lib/python3.7/site-packages/airflow/example_dags/example_branch_day_of_week_operator.py
[2025-04-24T23:58:50.333+0000] {processor.py:753} INFO - DAG(s) dict_keys(['example_weekday_branch_operator']) retrieved from /home/airflow/.local/lib/python3.7/site-packages/airflow/example_dags/example_branch_day_of_week_operator.py
[2025-04-24T23:58:50.343+0000] {logging_mixin.py:137} INFO - [2025-04-24T23:58:50.343+0000] {dag.py:2690} INFO - Sync 1 DAGs
[2025-04-24T23:58:50.354+0000] {logging_mixin.py:137} INFO - [2025-04-24T23:58:50.354+0000] {dag.py:3441} INFO - Setting next_dagrun for example_weekday_branch_operator to 2025-04-23T00:00:00+00:00, run_after=2025-04-24T00:00:00+00:00
[2025-04-24T23:58:50.372+0000] {processor.py:175} INFO - Processing /home/airflow/.local/lib/python3.7/site-packages/airflow/example_dags/example_branch_day_of_week_operator.py took 0.050 seconds
[2025-04-24T23:59:20.866+0000] {processor.py:153} INFO - Started process (PID=4739) to work on /home/airflow/.local/lib/python3.7/site-packages/airflow/example_dags/example_branch_day_of_week_operator.py
[2025-04-24T23:59:20.867+0000] {processor.py:743} INFO - Processing file /home/airflow/.local/lib/python3.7/site-packages/airflow/example_dags/example_branch_day_of_week_operator.py for tasks to queue
[2025-04-24T23:59:20.868+0000] {logging_mixin.py:137} INFO - [2025-04-24T23:59:20.868+0000] {dagbag.py:538} INFO - Filling up the DagBag from /home/airflow/.local/lib/python3.7/site-packages/airflow/example_dags/example_branch_day_of_week_operator.py
[2025-04-24T23:59:20.874+0000] {processor.py:753} INFO - DAG(s) dict_keys(['example_weekday_branch_operator']) retrieved from /home/airflow/.local/lib/python3.7/site-packages/airflow/example_dags/example_branch_day_of_week_operator.py
[2025-04-24T23:59:20.886+0000] {logging_mixin.py:137} INFO - [2025-04-24T23:59:20.885+0000] {dag.py:2690} INFO - Sync 1 DAGs
[2025-04-24T23:59:20.896+0000] {logging_mixin.py:137} INFO - [2025-04-24T23:59:20.896+0000] {dag.py:3441} INFO - Setting next_dagrun for example_weekday_branch_operator to 2025-04-23T00:00:00+00:00, run_after=2025-04-24T00:00:00+00:00
[2025-04-24T23:59:20.903+0000] {processor.py:175} INFO - Processing /home/airflow/.local/lib/python3.7/site-packages/airflow/example_dags/example_branch_day_of_week_operator.py took 0.038 seconds
[2025-04-24T23:59:51.540+0000] {processor.py:153} INFO - Started process (PID=4831) to work on /home/airflow/.local/lib/python3.7/site-packages/airflow/example_dags/example_branch_day_of_week_operator.py
[2025-04-24T23:59:51.541+0000] {processor.py:743} INFO - Processing file /home/airflow/.local/lib/python3.7/site-packages/airflow/example_dags/example_branch_day_of_week_operator.py for tasks to queue
[2025-04-24T23:59:51.541+0000] {logging_mixin.py:137} INFO - [2025-04-24T23:59:51.541+0000] {dagbag.py:538} INFO - Filling up the DagBag from /home/airflow/.local/lib/python3.7/site-packages/airflow/example_dags/example_branch_day_of_week_operator.py
[2025-04-24T23:59:51.548+0000] {processor.py:753} INFO - DAG(s) dict_keys(['example_weekday_branch_operator']) retrieved from /home/airflow/.local/lib/python3.7/site-packages/airflow/example_dags/example_branch_day_of_week_operator.py
[2025-04-24T23:59:51.558+0000] {logging_mixin.py:137} INFO - [2025-04-24T23:59:51.558+0000] {dag.py:2690} INFO - Sync 1 DAGs
[2025-04-24T23:59:51.571+0000] {logging_mixin.py:137} INFO - [2025-04-24T23:59:51.571+0000] {dag.py:3441} INFO - Setting next_dagrun for example_weekday_branch_operator to 2025-04-23T00:00:00+00:00, run_after=2025-04-24T00:00:00+00:00
[2025-04-24T23:59:51.580+0000] {processor.py:175} INFO - Processing /home/airflow/.local/lib/python3.7/site-packages/airflow/example_dags/example_branch_day_of_week_operator.py took 0.041 seconds
