[2025-04-24T22:03:15.258+0000] {processor.py:153} INFO - Started process (PID=71) to work on /home/airflow/.local/lib/python3.7/site-packages/airflow/example_dags/example_trigger_target_dag.py
[2025-04-24T22:03:15.259+0000] {processor.py:743} INFO - Processing file /home/airflow/.local/lib/python3.7/site-packages/airflow/example_dags/example_trigger_target_dag.py for tasks to queue
[2025-04-24T22:03:15.261+0000] {logging_mixin.py:137} INFO - [2025-04-24T22:03:15.260+0000] {dagbag.py:538} INFO - Filling up the DagBag from /home/airflow/.local/lib/python3.7/site-packages/airflow/example_dags/example_trigger_target_dag.py
[2025-04-24T22:03:15.274+0000] {processor.py:753} INFO - DAG(s) dict_keys(['example_trigger_target_dag']) retrieved from /home/airflow/.local/lib/python3.7/site-packages/airflow/example_dags/example_trigger_target_dag.py
[2025-04-24T22:03:15.295+0000] {logging_mixin.py:137} INFO - [2025-04-24T22:03:15.295+0000] {dag.py:2690} INFO - Sync 1 DAGs
[2025-04-24T22:03:15.316+0000] {logging_mixin.py:137} INFO - [2025-04-24T22:03:15.316+0000] {dag.py:3441} INFO - Setting next_dagrun for example_trigger_target_dag to None, run_after=None
[2025-04-24T22:03:15.329+0000] {processor.py:175} INFO - Processing /home/airflow/.local/lib/python3.7/site-packages/airflow/example_dags/example_trigger_target_dag.py took 0.073 seconds
[2025-04-24T22:03:45.856+0000] {processor.py:153} INFO - Started process (PID=180) to work on /home/airflow/.local/lib/python3.7/site-packages/airflow/example_dags/example_trigger_target_dag.py
[2025-04-24T22:03:45.856+0000] {processor.py:743} INFO - Processing file /home/airflow/.local/lib/python3.7/site-packages/airflow/example_dags/example_trigger_target_dag.py for tasks to queue
[2025-04-24T22:03:45.857+0000] {logging_mixin.py:137} INFO - [2025-04-24T22:03:45.857+0000] {dagbag.py:538} INFO - Filling up the DagBag from /home/airflow/.local/lib/python3.7/site-packages/airflow/example_dags/example_trigger_target_dag.py
[2025-04-24T22:03:45.864+0000] {processor.py:753} INFO - DAG(s) dict_keys(['example_trigger_target_dag']) retrieved from /home/airflow/.local/lib/python3.7/site-packages/airflow/example_dags/example_trigger_target_dag.py
[2025-04-24T22:03:45.874+0000] {logging_mixin.py:137} INFO - [2025-04-24T22:03:45.874+0000] {dag.py:2690} INFO - Sync 1 DAGs
[2025-04-24T22:03:45.882+0000] {logging_mixin.py:137} INFO - [2025-04-24T22:03:45.882+0000] {dag.py:3441} INFO - Setting next_dagrun for example_trigger_target_dag to None, run_after=None
[2025-04-24T22:03:45.888+0000] {processor.py:175} INFO - Processing /home/airflow/.local/lib/python3.7/site-packages/airflow/example_dags/example_trigger_target_dag.py took 0.033 seconds
[2025-04-24T22:04:16.435+0000] {processor.py:153} INFO - Started process (PID=271) to work on /home/airflow/.local/lib/python3.7/site-packages/airflow/example_dags/example_trigger_target_dag.py
[2025-04-24T22:04:16.436+0000] {processor.py:743} INFO - Processing file /home/airflow/.local/lib/python3.7/site-packages/airflow/example_dags/example_trigger_target_dag.py for tasks to queue
[2025-04-24T22:04:16.436+0000] {logging_mixin.py:137} INFO - [2025-04-24T22:04:16.436+0000] {dagbag.py:538} INFO - Filling up the DagBag from /home/airflow/.local/lib/python3.7/site-packages/airflow/example_dags/example_trigger_target_dag.py
[2025-04-24T22:04:16.443+0000] {processor.py:753} INFO - DAG(s) dict_keys(['example_trigger_target_dag']) retrieved from /home/airflow/.local/lib/python3.7/site-packages/airflow/example_dags/example_trigger_target_dag.py
[2025-04-24T22:04:16.452+0000] {logging_mixin.py:137} INFO - [2025-04-24T22:04:16.452+0000] {dag.py:2690} INFO - Sync 1 DAGs
[2025-04-24T22:04:16.461+0000] {logging_mixin.py:137} INFO - [2025-04-24T22:04:16.461+0000] {dag.py:3441} INFO - Setting next_dagrun for example_trigger_target_dag to None, run_after=None
[2025-04-24T22:04:16.467+0000] {processor.py:175} INFO - Processing /home/airflow/.local/lib/python3.7/site-packages/airflow/example_dags/example_trigger_target_dag.py took 0.033 seconds
[2025-04-24T22:04:47.086+0000] {processor.py:153} INFO - Started process (PID=347) to work on /home/airflow/.local/lib/python3.7/site-packages/airflow/example_dags/example_trigger_target_dag.py
[2025-04-24T22:04:47.087+0000] {processor.py:743} INFO - Processing file /home/airflow/.local/lib/python3.7/site-packages/airflow/example_dags/example_trigger_target_dag.py for tasks to queue
[2025-04-24T22:04:47.087+0000] {logging_mixin.py:137} INFO - [2025-04-24T22:04:47.087+0000] {dagbag.py:538} INFO - Filling up the DagBag from /home/airflow/.local/lib/python3.7/site-packages/airflow/example_dags/example_trigger_target_dag.py
[2025-04-24T22:04:47.098+0000] {processor.py:753} INFO - DAG(s) dict_keys(['example_trigger_target_dag']) retrieved from /home/airflow/.local/lib/python3.7/site-packages/airflow/example_dags/example_trigger_target_dag.py
[2025-04-24T22:04:47.113+0000] {logging_mixin.py:137} INFO - [2025-04-24T22:04:47.113+0000] {dag.py:2690} INFO - Sync 1 DAGs
[2025-04-24T22:04:47.127+0000] {logging_mixin.py:137} INFO - [2025-04-24T22:04:47.127+0000] {dag.py:3441} INFO - Setting next_dagrun for example_trigger_target_dag to None, run_after=None
[2025-04-24T22:04:47.136+0000] {processor.py:175} INFO - Processing /home/airflow/.local/lib/python3.7/site-packages/airflow/example_dags/example_trigger_target_dag.py took 0.051 seconds
[2025-04-24T22:05:17.565+0000] {processor.py:153} INFO - Started process (PID=439) to work on /home/airflow/.local/lib/python3.7/site-packages/airflow/example_dags/example_trigger_target_dag.py
[2025-04-24T22:05:17.566+0000] {processor.py:743} INFO - Processing file /home/airflow/.local/lib/python3.7/site-packages/airflow/example_dags/example_trigger_target_dag.py for tasks to queue
[2025-04-24T22:05:17.567+0000] {logging_mixin.py:137} INFO - [2025-04-24T22:05:17.567+0000] {dagbag.py:538} INFO - Filling up the DagBag from /home/airflow/.local/lib/python3.7/site-packages/airflow/example_dags/example_trigger_target_dag.py
[2025-04-24T22:05:17.577+0000] {processor.py:753} INFO - DAG(s) dict_keys(['example_trigger_target_dag']) retrieved from /home/airflow/.local/lib/python3.7/site-packages/airflow/example_dags/example_trigger_target_dag.py
[2025-04-24T22:05:17.588+0000] {logging_mixin.py:137} INFO - [2025-04-24T22:05:17.587+0000] {dag.py:2690} INFO - Sync 1 DAGs
[2025-04-24T22:05:17.597+0000] {logging_mixin.py:137} INFO - [2025-04-24T22:05:17.597+0000] {dag.py:3441} INFO - Setting next_dagrun for example_trigger_target_dag to None, run_after=None
[2025-04-24T22:05:17.609+0000] {processor.py:175} INFO - Processing /home/airflow/.local/lib/python3.7/site-packages/airflow/example_dags/example_trigger_target_dag.py took 0.045 seconds
[2025-04-24T22:05:48.029+0000] {processor.py:153} INFO - Started process (PID=531) to work on /home/airflow/.local/lib/python3.7/site-packages/airflow/example_dags/example_trigger_target_dag.py
[2025-04-24T22:05:48.030+0000] {processor.py:743} INFO - Processing file /home/airflow/.local/lib/python3.7/site-packages/airflow/example_dags/example_trigger_target_dag.py for tasks to queue
[2025-04-24T22:05:48.030+0000] {logging_mixin.py:137} INFO - [2025-04-24T22:05:48.030+0000] {dagbag.py:538} INFO - Filling up the DagBag from /home/airflow/.local/lib/python3.7/site-packages/airflow/example_dags/example_trigger_target_dag.py
[2025-04-24T22:05:48.044+0000] {processor.py:753} INFO - DAG(s) dict_keys(['example_trigger_target_dag']) retrieved from /home/airflow/.local/lib/python3.7/site-packages/airflow/example_dags/example_trigger_target_dag.py
[2025-04-24T22:05:48.059+0000] {logging_mixin.py:137} INFO - [2025-04-24T22:05:48.058+0000] {dag.py:2690} INFO - Sync 1 DAGs
[2025-04-24T22:05:48.073+0000] {logging_mixin.py:137} INFO - [2025-04-24T22:05:48.073+0000] {dag.py:3441} INFO - Setting next_dagrun for example_trigger_target_dag to None, run_after=None
[2025-04-24T22:05:48.084+0000] {processor.py:175} INFO - Processing /home/airflow/.local/lib/python3.7/site-packages/airflow/example_dags/example_trigger_target_dag.py took 0.056 seconds
[2025-04-24T22:06:18.592+0000] {processor.py:153} INFO - Started process (PID=623) to work on /home/airflow/.local/lib/python3.7/site-packages/airflow/example_dags/example_trigger_target_dag.py
[2025-04-24T22:06:18.603+0000] {processor.py:743} INFO - Processing file /home/airflow/.local/lib/python3.7/site-packages/airflow/example_dags/example_trigger_target_dag.py for tasks to queue
[2025-04-24T22:06:18.606+0000] {logging_mixin.py:137} INFO - [2025-04-24T22:06:18.606+0000] {dagbag.py:538} INFO - Filling up the DagBag from /home/airflow/.local/lib/python3.7/site-packages/airflow/example_dags/example_trigger_target_dag.py
[2025-04-24T22:06:18.616+0000] {processor.py:753} INFO - DAG(s) dict_keys(['example_trigger_target_dag']) retrieved from /home/airflow/.local/lib/python3.7/site-packages/airflow/example_dags/example_trigger_target_dag.py
[2025-04-24T22:06:18.627+0000] {logging_mixin.py:137} INFO - [2025-04-24T22:06:18.627+0000] {dag.py:2690} INFO - Sync 1 DAGs
[2025-04-24T22:06:18.638+0000] {logging_mixin.py:137} INFO - [2025-04-24T22:06:18.638+0000] {dag.py:3441} INFO - Setting next_dagrun for example_trigger_target_dag to None, run_after=None
[2025-04-24T22:06:18.649+0000] {processor.py:175} INFO - Processing /home/airflow/.local/lib/python3.7/site-packages/airflow/example_dags/example_trigger_target_dag.py took 0.058 seconds
[2025-04-24T22:06:49.246+0000] {processor.py:153} INFO - Started process (PID=699) to work on /home/airflow/.local/lib/python3.7/site-packages/airflow/example_dags/example_trigger_target_dag.py
[2025-04-24T22:06:49.249+0000] {processor.py:743} INFO - Processing file /home/airflow/.local/lib/python3.7/site-packages/airflow/example_dags/example_trigger_target_dag.py for tasks to queue
[2025-04-24T22:06:49.250+0000] {logging_mixin.py:137} INFO - [2025-04-24T22:06:49.250+0000] {dagbag.py:538} INFO - Filling up the DagBag from /home/airflow/.local/lib/python3.7/site-packages/airflow/example_dags/example_trigger_target_dag.py
[2025-04-24T22:06:49.259+0000] {processor.py:753} INFO - DAG(s) dict_keys(['example_trigger_target_dag']) retrieved from /home/airflow/.local/lib/python3.7/site-packages/airflow/example_dags/example_trigger_target_dag.py
[2025-04-24T22:06:49.269+0000] {logging_mixin.py:137} INFO - [2025-04-24T22:06:49.269+0000] {dag.py:2690} INFO - Sync 1 DAGs
[2025-04-24T22:06:49.279+0000] {logging_mixin.py:137} INFO - [2025-04-24T22:06:49.279+0000] {dag.py:3441} INFO - Setting next_dagrun for example_trigger_target_dag to None, run_after=None
[2025-04-24T22:06:49.293+0000] {processor.py:175} INFO - Processing /home/airflow/.local/lib/python3.7/site-packages/airflow/example_dags/example_trigger_target_dag.py took 0.053 seconds
[2025-04-24T22:07:19.867+0000] {processor.py:153} INFO - Started process (PID=791) to work on /home/airflow/.local/lib/python3.7/site-packages/airflow/example_dags/example_trigger_target_dag.py
[2025-04-24T22:07:19.868+0000] {processor.py:743} INFO - Processing file /home/airflow/.local/lib/python3.7/site-packages/airflow/example_dags/example_trigger_target_dag.py for tasks to queue
[2025-04-24T22:07:19.868+0000] {logging_mixin.py:137} INFO - [2025-04-24T22:07:19.868+0000] {dagbag.py:538} INFO - Filling up the DagBag from /home/airflow/.local/lib/python3.7/site-packages/airflow/example_dags/example_trigger_target_dag.py
[2025-04-24T22:07:19.878+0000] {processor.py:753} INFO - DAG(s) dict_keys(['example_trigger_target_dag']) retrieved from /home/airflow/.local/lib/python3.7/site-packages/airflow/example_dags/example_trigger_target_dag.py
[2025-04-24T22:07:19.891+0000] {logging_mixin.py:137} INFO - [2025-04-24T22:07:19.891+0000] {dag.py:2690} INFO - Sync 1 DAGs
[2025-04-24T22:07:19.904+0000] {logging_mixin.py:137} INFO - [2025-04-24T22:07:19.904+0000] {dag.py:3441} INFO - Setting next_dagrun for example_trigger_target_dag to None, run_after=None
[2025-04-24T22:07:19.917+0000] {processor.py:175} INFO - Processing /home/airflow/.local/lib/python3.7/site-packages/airflow/example_dags/example_trigger_target_dag.py took 0.051 seconds
[2025-04-24T22:07:50.539+0000] {processor.py:153} INFO - Started process (PID=883) to work on /home/airflow/.local/lib/python3.7/site-packages/airflow/example_dags/example_trigger_target_dag.py
[2025-04-24T22:07:50.539+0000] {processor.py:743} INFO - Processing file /home/airflow/.local/lib/python3.7/site-packages/airflow/example_dags/example_trigger_target_dag.py for tasks to queue
[2025-04-24T22:07:50.539+0000] {logging_mixin.py:137} INFO - [2025-04-24T22:07:50.539+0000] {dagbag.py:538} INFO - Filling up the DagBag from /home/airflow/.local/lib/python3.7/site-packages/airflow/example_dags/example_trigger_target_dag.py
[2025-04-24T22:07:50.549+0000] {processor.py:753} INFO - DAG(s) dict_keys(['example_trigger_target_dag']) retrieved from /home/airflow/.local/lib/python3.7/site-packages/airflow/example_dags/example_trigger_target_dag.py
[2025-04-24T22:07:50.561+0000] {logging_mixin.py:137} INFO - [2025-04-24T22:07:50.560+0000] {dag.py:2690} INFO - Sync 1 DAGs
[2025-04-24T22:07:50.571+0000] {logging_mixin.py:137} INFO - [2025-04-24T22:07:50.571+0000] {dag.py:3441} INFO - Setting next_dagrun for example_trigger_target_dag to None, run_after=None
[2025-04-24T22:07:50.584+0000] {processor.py:175} INFO - Processing /home/airflow/.local/lib/python3.7/site-packages/airflow/example_dags/example_trigger_target_dag.py took 0.047 seconds
[2025-04-24T23:25:40.282+0000] {processor.py:153} INFO - Started process (PID=64) to work on /home/airflow/.local/lib/python3.7/site-packages/airflow/example_dags/example_trigger_target_dag.py
[2025-04-24T23:25:40.284+0000] {processor.py:743} INFO - Processing file /home/airflow/.local/lib/python3.7/site-packages/airflow/example_dags/example_trigger_target_dag.py for tasks to queue
[2025-04-24T23:25:40.285+0000] {logging_mixin.py:137} INFO - [2025-04-24T23:25:40.285+0000] {dagbag.py:538} INFO - Filling up the DagBag from /home/airflow/.local/lib/python3.7/site-packages/airflow/example_dags/example_trigger_target_dag.py
[2025-04-24T23:25:40.298+0000] {processor.py:753} INFO - DAG(s) dict_keys(['example_trigger_target_dag']) retrieved from /home/airflow/.local/lib/python3.7/site-packages/airflow/example_dags/example_trigger_target_dag.py
[2025-04-24T23:25:40.311+0000] {logging_mixin.py:137} INFO - [2025-04-24T23:25:40.311+0000] {dag.py:2690} INFO - Sync 1 DAGs
[2025-04-24T23:25:40.327+0000] {logging_mixin.py:137} INFO - [2025-04-24T23:25:40.327+0000] {dag.py:3441} INFO - Setting next_dagrun for example_trigger_target_dag to None, run_after=None
[2025-04-24T23:25:40.340+0000] {processor.py:175} INFO - Processing /home/airflow/.local/lib/python3.7/site-packages/airflow/example_dags/example_trigger_target_dag.py took 0.061 seconds
[2025-04-24T23:26:11.108+0000] {processor.py:153} INFO - Started process (PID=156) to work on /home/airflow/.local/lib/python3.7/site-packages/airflow/example_dags/example_trigger_target_dag.py
[2025-04-24T23:26:11.109+0000] {processor.py:743} INFO - Processing file /home/airflow/.local/lib/python3.7/site-packages/airflow/example_dags/example_trigger_target_dag.py for tasks to queue
[2025-04-24T23:26:11.110+0000] {logging_mixin.py:137} INFO - [2025-04-24T23:26:11.110+0000] {dagbag.py:538} INFO - Filling up the DagBag from /home/airflow/.local/lib/python3.7/site-packages/airflow/example_dags/example_trigger_target_dag.py
[2025-04-24T23:26:11.123+0000] {processor.py:753} INFO - DAG(s) dict_keys(['example_trigger_target_dag']) retrieved from /home/airflow/.local/lib/python3.7/site-packages/airflow/example_dags/example_trigger_target_dag.py
[2025-04-24T23:26:11.138+0000] {logging_mixin.py:137} INFO - [2025-04-24T23:26:11.138+0000] {dag.py:2690} INFO - Sync 1 DAGs
[2025-04-24T23:26:11.149+0000] {logging_mixin.py:137} INFO - [2025-04-24T23:26:11.149+0000] {dag.py:3441} INFO - Setting next_dagrun for example_trigger_target_dag to None, run_after=None
[2025-04-24T23:26:11.160+0000] {processor.py:175} INFO - Processing /home/airflow/.local/lib/python3.7/site-packages/airflow/example_dags/example_trigger_target_dag.py took 0.054 seconds
[2025-04-24T23:26:41.903+0000] {processor.py:153} INFO - Started process (PID=248) to work on /home/airflow/.local/lib/python3.7/site-packages/airflow/example_dags/example_trigger_target_dag.py
[2025-04-24T23:26:41.904+0000] {processor.py:743} INFO - Processing file /home/airflow/.local/lib/python3.7/site-packages/airflow/example_dags/example_trigger_target_dag.py for tasks to queue
[2025-04-24T23:26:41.904+0000] {logging_mixin.py:137} INFO - [2025-04-24T23:26:41.904+0000] {dagbag.py:538} INFO - Filling up the DagBag from /home/airflow/.local/lib/python3.7/site-packages/airflow/example_dags/example_trigger_target_dag.py
[2025-04-24T23:26:41.915+0000] {processor.py:753} INFO - DAG(s) dict_keys(['example_trigger_target_dag']) retrieved from /home/airflow/.local/lib/python3.7/site-packages/airflow/example_dags/example_trigger_target_dag.py
[2025-04-24T23:26:41.927+0000] {logging_mixin.py:137} INFO - [2025-04-24T23:26:41.927+0000] {dag.py:2690} INFO - Sync 1 DAGs
[2025-04-24T23:26:41.940+0000] {logging_mixin.py:137} INFO - [2025-04-24T23:26:41.940+0000] {dag.py:3441} INFO - Setting next_dagrun for example_trigger_target_dag to None, run_after=None
[2025-04-24T23:26:41.953+0000] {processor.py:175} INFO - Processing /home/airflow/.local/lib/python3.7/site-packages/airflow/example_dags/example_trigger_target_dag.py took 0.051 seconds
[2025-04-24T23:27:12.492+0000] {processor.py:153} INFO - Started process (PID=324) to work on /home/airflow/.local/lib/python3.7/site-packages/airflow/example_dags/example_trigger_target_dag.py
[2025-04-24T23:27:12.493+0000] {processor.py:743} INFO - Processing file /home/airflow/.local/lib/python3.7/site-packages/airflow/example_dags/example_trigger_target_dag.py for tasks to queue
[2025-04-24T23:27:12.493+0000] {logging_mixin.py:137} INFO - [2025-04-24T23:27:12.493+0000] {dagbag.py:538} INFO - Filling up the DagBag from /home/airflow/.local/lib/python3.7/site-packages/airflow/example_dags/example_trigger_target_dag.py
[2025-04-24T23:27:12.503+0000] {processor.py:753} INFO - DAG(s) dict_keys(['example_trigger_target_dag']) retrieved from /home/airflow/.local/lib/python3.7/site-packages/airflow/example_dags/example_trigger_target_dag.py
[2025-04-24T23:27:12.515+0000] {logging_mixin.py:137} INFO - [2025-04-24T23:27:12.515+0000] {dag.py:2690} INFO - Sync 1 DAGs
[2025-04-24T23:27:12.526+0000] {logging_mixin.py:137} INFO - [2025-04-24T23:27:12.526+0000] {dag.py:3441} INFO - Setting next_dagrun for example_trigger_target_dag to None, run_after=None
[2025-04-24T23:27:12.535+0000] {processor.py:175} INFO - Processing /home/airflow/.local/lib/python3.7/site-packages/airflow/example_dags/example_trigger_target_dag.py took 0.044 seconds
[2025-04-24T23:27:43.097+0000] {processor.py:153} INFO - Started process (PID=416) to work on /home/airflow/.local/lib/python3.7/site-packages/airflow/example_dags/example_trigger_target_dag.py
[2025-04-24T23:27:43.097+0000] {processor.py:743} INFO - Processing file /home/airflow/.local/lib/python3.7/site-packages/airflow/example_dags/example_trigger_target_dag.py for tasks to queue
[2025-04-24T23:27:43.097+0000] {logging_mixin.py:137} INFO - [2025-04-24T23:27:43.097+0000] {dagbag.py:538} INFO - Filling up the DagBag from /home/airflow/.local/lib/python3.7/site-packages/airflow/example_dags/example_trigger_target_dag.py
[2025-04-24T23:27:43.105+0000] {processor.py:753} INFO - DAG(s) dict_keys(['example_trigger_target_dag']) retrieved from /home/airflow/.local/lib/python3.7/site-packages/airflow/example_dags/example_trigger_target_dag.py
[2025-04-24T23:27:43.115+0000] {logging_mixin.py:137} INFO - [2025-04-24T23:27:43.115+0000] {dag.py:2690} INFO - Sync 1 DAGs
[2025-04-24T23:27:43.124+0000] {logging_mixin.py:137} INFO - [2025-04-24T23:27:43.124+0000] {dag.py:3441} INFO - Setting next_dagrun for example_trigger_target_dag to None, run_after=None
[2025-04-24T23:27:43.130+0000] {processor.py:175} INFO - Processing /home/airflow/.local/lib/python3.7/site-packages/airflow/example_dags/example_trigger_target_dag.py took 0.034 seconds
[2025-04-24T23:28:13.886+0000] {processor.py:153} INFO - Started process (PID=508) to work on /home/airflow/.local/lib/python3.7/site-packages/airflow/example_dags/example_trigger_target_dag.py
[2025-04-24T23:28:13.887+0000] {processor.py:743} INFO - Processing file /home/airflow/.local/lib/python3.7/site-packages/airflow/example_dags/example_trigger_target_dag.py for tasks to queue
[2025-04-24T23:28:13.889+0000] {logging_mixin.py:137} INFO - [2025-04-24T23:28:13.889+0000] {dagbag.py:538} INFO - Filling up the DagBag from /home/airflow/.local/lib/python3.7/site-packages/airflow/example_dags/example_trigger_target_dag.py
[2025-04-24T23:28:13.897+0000] {processor.py:753} INFO - DAG(s) dict_keys(['example_trigger_target_dag']) retrieved from /home/airflow/.local/lib/python3.7/site-packages/airflow/example_dags/example_trigger_target_dag.py
[2025-04-24T23:28:13.913+0000] {logging_mixin.py:137} INFO - [2025-04-24T23:28:13.913+0000] {dag.py:2690} INFO - Sync 1 DAGs
[2025-04-24T23:28:13.923+0000] {logging_mixin.py:137} INFO - [2025-04-24T23:28:13.923+0000] {dag.py:3441} INFO - Setting next_dagrun for example_trigger_target_dag to None, run_after=None
[2025-04-24T23:28:13.935+0000] {processor.py:175} INFO - Processing /home/airflow/.local/lib/python3.7/site-packages/airflow/example_dags/example_trigger_target_dag.py took 0.050 seconds
[2025-04-24T23:28:44.461+0000] {processor.py:153} INFO - Started process (PID=600) to work on /home/airflow/.local/lib/python3.7/site-packages/airflow/example_dags/example_trigger_target_dag.py
[2025-04-24T23:28:44.462+0000] {processor.py:743} INFO - Processing file /home/airflow/.local/lib/python3.7/site-packages/airflow/example_dags/example_trigger_target_dag.py for tasks to queue
[2025-04-24T23:28:44.462+0000] {logging_mixin.py:137} INFO - [2025-04-24T23:28:44.462+0000] {dagbag.py:538} INFO - Filling up the DagBag from /home/airflow/.local/lib/python3.7/site-packages/airflow/example_dags/example_trigger_target_dag.py
[2025-04-24T23:28:44.474+0000] {processor.py:753} INFO - DAG(s) dict_keys(['example_trigger_target_dag']) retrieved from /home/airflow/.local/lib/python3.7/site-packages/airflow/example_dags/example_trigger_target_dag.py
[2025-04-24T23:28:44.484+0000] {logging_mixin.py:137} INFO - [2025-04-24T23:28:44.484+0000] {dag.py:2690} INFO - Sync 1 DAGs
[2025-04-24T23:28:44.493+0000] {logging_mixin.py:137} INFO - [2025-04-24T23:28:44.493+0000] {dag.py:3441} INFO - Setting next_dagrun for example_trigger_target_dag to None, run_after=None
[2025-04-24T23:28:44.499+0000] {processor.py:175} INFO - Processing /home/airflow/.local/lib/python3.7/site-packages/airflow/example_dags/example_trigger_target_dag.py took 0.039 seconds
[2025-04-24T23:29:15.196+0000] {processor.py:153} INFO - Started process (PID=692) to work on /home/airflow/.local/lib/python3.7/site-packages/airflow/example_dags/example_trigger_target_dag.py
[2025-04-24T23:29:15.197+0000] {processor.py:743} INFO - Processing file /home/airflow/.local/lib/python3.7/site-packages/airflow/example_dags/example_trigger_target_dag.py for tasks to queue
[2025-04-24T23:29:15.197+0000] {logging_mixin.py:137} INFO - [2025-04-24T23:29:15.197+0000] {dagbag.py:538} INFO - Filling up the DagBag from /home/airflow/.local/lib/python3.7/site-packages/airflow/example_dags/example_trigger_target_dag.py
[2025-04-24T23:29:15.206+0000] {processor.py:753} INFO - DAG(s) dict_keys(['example_trigger_target_dag']) retrieved from /home/airflow/.local/lib/python3.7/site-packages/airflow/example_dags/example_trigger_target_dag.py
[2025-04-24T23:29:15.216+0000] {logging_mixin.py:137} INFO - [2025-04-24T23:29:15.216+0000] {dag.py:2690} INFO - Sync 1 DAGs
[2025-04-24T23:29:15.227+0000] {logging_mixin.py:137} INFO - [2025-04-24T23:29:15.227+0000] {dag.py:3441} INFO - Setting next_dagrun for example_trigger_target_dag to None, run_after=None
[2025-04-24T23:29:15.234+0000] {processor.py:175} INFO - Processing /home/airflow/.local/lib/python3.7/site-packages/airflow/example_dags/example_trigger_target_dag.py took 0.040 seconds
[2025-04-24T23:29:45.788+0000] {processor.py:153} INFO - Started process (PID=768) to work on /home/airflow/.local/lib/python3.7/site-packages/airflow/example_dags/example_trigger_target_dag.py
[2025-04-24T23:29:45.788+0000] {processor.py:743} INFO - Processing file /home/airflow/.local/lib/python3.7/site-packages/airflow/example_dags/example_trigger_target_dag.py for tasks to queue
[2025-04-24T23:29:45.789+0000] {logging_mixin.py:137} INFO - [2025-04-24T23:29:45.789+0000] {dagbag.py:538} INFO - Filling up the DagBag from /home/airflow/.local/lib/python3.7/site-packages/airflow/example_dags/example_trigger_target_dag.py
[2025-04-24T23:29:45.797+0000] {processor.py:753} INFO - DAG(s) dict_keys(['example_trigger_target_dag']) retrieved from /home/airflow/.local/lib/python3.7/site-packages/airflow/example_dags/example_trigger_target_dag.py
[2025-04-24T23:29:45.806+0000] {logging_mixin.py:137} INFO - [2025-04-24T23:29:45.806+0000] {dag.py:2690} INFO - Sync 1 DAGs
[2025-04-24T23:29:45.815+0000] {logging_mixin.py:137} INFO - [2025-04-24T23:29:45.815+0000] {dag.py:3441} INFO - Setting next_dagrun for example_trigger_target_dag to None, run_after=None
[2025-04-24T23:29:45.821+0000] {processor.py:175} INFO - Processing /home/airflow/.local/lib/python3.7/site-packages/airflow/example_dags/example_trigger_target_dag.py took 0.034 seconds
[2025-04-24T23:30:16.585+0000] {processor.py:153} INFO - Started process (PID=860) to work on /home/airflow/.local/lib/python3.7/site-packages/airflow/example_dags/example_trigger_target_dag.py
[2025-04-24T23:30:16.585+0000] {processor.py:743} INFO - Processing file /home/airflow/.local/lib/python3.7/site-packages/airflow/example_dags/example_trigger_target_dag.py for tasks to queue
[2025-04-24T23:30:16.586+0000] {logging_mixin.py:137} INFO - [2025-04-24T23:30:16.585+0000] {dagbag.py:538} INFO - Filling up the DagBag from /home/airflow/.local/lib/python3.7/site-packages/airflow/example_dags/example_trigger_target_dag.py
[2025-04-24T23:30:16.595+0000] {processor.py:753} INFO - DAG(s) dict_keys(['example_trigger_target_dag']) retrieved from /home/airflow/.local/lib/python3.7/site-packages/airflow/example_dags/example_trigger_target_dag.py
[2025-04-24T23:30:16.607+0000] {logging_mixin.py:137} INFO - [2025-04-24T23:30:16.607+0000] {dag.py:2690} INFO - Sync 1 DAGs
[2025-04-24T23:30:16.627+0000] {logging_mixin.py:137} INFO - [2025-04-24T23:30:16.627+0000] {dag.py:3441} INFO - Setting next_dagrun for example_trigger_target_dag to None, run_after=None
[2025-04-24T23:30:16.659+0000] {processor.py:175} INFO - Processing /home/airflow/.local/lib/python3.7/site-packages/airflow/example_dags/example_trigger_target_dag.py took 0.075 seconds
[2025-04-24T23:30:47.311+0000] {processor.py:153} INFO - Started process (PID=952) to work on /home/airflow/.local/lib/python3.7/site-packages/airflow/example_dags/example_trigger_target_dag.py
[2025-04-24T23:30:47.313+0000] {processor.py:743} INFO - Processing file /home/airflow/.local/lib/python3.7/site-packages/airflow/example_dags/example_trigger_target_dag.py for tasks to queue
[2025-04-24T23:30:47.313+0000] {logging_mixin.py:137} INFO - [2025-04-24T23:30:47.313+0000] {dagbag.py:538} INFO - Filling up the DagBag from /home/airflow/.local/lib/python3.7/site-packages/airflow/example_dags/example_trigger_target_dag.py
[2025-04-24T23:30:47.322+0000] {processor.py:753} INFO - DAG(s) dict_keys(['example_trigger_target_dag']) retrieved from /home/airflow/.local/lib/python3.7/site-packages/airflow/example_dags/example_trigger_target_dag.py
[2025-04-24T23:30:47.337+0000] {logging_mixin.py:137} INFO - [2025-04-24T23:30:47.336+0000] {dag.py:2690} INFO - Sync 1 DAGs
[2025-04-24T23:30:47.350+0000] {logging_mixin.py:137} INFO - [2025-04-24T23:30:47.350+0000] {dag.py:3441} INFO - Setting next_dagrun for example_trigger_target_dag to None, run_after=None
[2025-04-24T23:30:47.363+0000] {processor.py:175} INFO - Processing /home/airflow/.local/lib/python3.7/site-packages/airflow/example_dags/example_trigger_target_dag.py took 0.054 seconds
[2025-04-24T23:31:18.095+0000] {processor.py:153} INFO - Started process (PID=1044) to work on /home/airflow/.local/lib/python3.7/site-packages/airflow/example_dags/example_trigger_target_dag.py
[2025-04-24T23:31:18.098+0000] {processor.py:743} INFO - Processing file /home/airflow/.local/lib/python3.7/site-packages/airflow/example_dags/example_trigger_target_dag.py for tasks to queue
[2025-04-24T23:31:18.099+0000] {logging_mixin.py:137} INFO - [2025-04-24T23:31:18.099+0000] {dagbag.py:538} INFO - Filling up the DagBag from /home/airflow/.local/lib/python3.7/site-packages/airflow/example_dags/example_trigger_target_dag.py
[2025-04-24T23:31:18.108+0000] {processor.py:753} INFO - DAG(s) dict_keys(['example_trigger_target_dag']) retrieved from /home/airflow/.local/lib/python3.7/site-packages/airflow/example_dags/example_trigger_target_dag.py
[2025-04-24T23:31:18.122+0000] {logging_mixin.py:137} INFO - [2025-04-24T23:31:18.122+0000] {dag.py:2690} INFO - Sync 1 DAGs
[2025-04-24T23:31:18.133+0000] {logging_mixin.py:137} INFO - [2025-04-24T23:31:18.133+0000] {dag.py:3441} INFO - Setting next_dagrun for example_trigger_target_dag to None, run_after=None
[2025-04-24T23:31:18.148+0000] {processor.py:175} INFO - Processing /home/airflow/.local/lib/python3.7/site-packages/airflow/example_dags/example_trigger_target_dag.py took 0.055 seconds
[2025-04-24T23:31:48.756+0000] {processor.py:153} INFO - Started process (PID=1120) to work on /home/airflow/.local/lib/python3.7/site-packages/airflow/example_dags/example_trigger_target_dag.py
[2025-04-24T23:31:48.756+0000] {processor.py:743} INFO - Processing file /home/airflow/.local/lib/python3.7/site-packages/airflow/example_dags/example_trigger_target_dag.py for tasks to queue
[2025-04-24T23:31:48.757+0000] {logging_mixin.py:137} INFO - [2025-04-24T23:31:48.757+0000] {dagbag.py:538} INFO - Filling up the DagBag from /home/airflow/.local/lib/python3.7/site-packages/airflow/example_dags/example_trigger_target_dag.py
[2025-04-24T23:31:48.767+0000] {processor.py:753} INFO - DAG(s) dict_keys(['example_trigger_target_dag']) retrieved from /home/airflow/.local/lib/python3.7/site-packages/airflow/example_dags/example_trigger_target_dag.py
[2025-04-24T23:31:48.784+0000] {logging_mixin.py:137} INFO - [2025-04-24T23:31:48.784+0000] {dag.py:2690} INFO - Sync 1 DAGs
[2025-04-24T23:31:48.796+0000] {logging_mixin.py:137} INFO - [2025-04-24T23:31:48.796+0000] {dag.py:3441} INFO - Setting next_dagrun for example_trigger_target_dag to None, run_after=None
[2025-04-24T23:31:48.805+0000] {processor.py:175} INFO - Processing /home/airflow/.local/lib/python3.7/site-packages/airflow/example_dags/example_trigger_target_dag.py took 0.050 seconds
[2025-04-24T23:32:19.485+0000] {processor.py:153} INFO - Started process (PID=1212) to work on /home/airflow/.local/lib/python3.7/site-packages/airflow/example_dags/example_trigger_target_dag.py
[2025-04-24T23:32:19.486+0000] {processor.py:743} INFO - Processing file /home/airflow/.local/lib/python3.7/site-packages/airflow/example_dags/example_trigger_target_dag.py for tasks to queue
[2025-04-24T23:32:19.487+0000] {logging_mixin.py:137} INFO - [2025-04-24T23:32:19.487+0000] {dagbag.py:538} INFO - Filling up the DagBag from /home/airflow/.local/lib/python3.7/site-packages/airflow/example_dags/example_trigger_target_dag.py
[2025-04-24T23:32:19.496+0000] {processor.py:753} INFO - DAG(s) dict_keys(['example_trigger_target_dag']) retrieved from /home/airflow/.local/lib/python3.7/site-packages/airflow/example_dags/example_trigger_target_dag.py
[2025-04-24T23:32:19.511+0000] {logging_mixin.py:137} INFO - [2025-04-24T23:32:19.511+0000] {dag.py:2690} INFO - Sync 1 DAGs
[2025-04-24T23:32:19.523+0000] {logging_mixin.py:137} INFO - [2025-04-24T23:32:19.523+0000] {dag.py:3441} INFO - Setting next_dagrun for example_trigger_target_dag to None, run_after=None
[2025-04-24T23:32:19.535+0000] {processor.py:175} INFO - Processing /home/airflow/.local/lib/python3.7/site-packages/airflow/example_dags/example_trigger_target_dag.py took 0.051 seconds
[2025-04-24T23:32:50.091+0000] {processor.py:153} INFO - Started process (PID=1304) to work on /home/airflow/.local/lib/python3.7/site-packages/airflow/example_dags/example_trigger_target_dag.py
[2025-04-24T23:32:50.092+0000] {processor.py:743} INFO - Processing file /home/airflow/.local/lib/python3.7/site-packages/airflow/example_dags/example_trigger_target_dag.py for tasks to queue
[2025-04-24T23:32:50.092+0000] {logging_mixin.py:137} INFO - [2025-04-24T23:32:50.092+0000] {dagbag.py:538} INFO - Filling up the DagBag from /home/airflow/.local/lib/python3.7/site-packages/airflow/example_dags/example_trigger_target_dag.py
[2025-04-24T23:32:50.100+0000] {processor.py:753} INFO - DAG(s) dict_keys(['example_trigger_target_dag']) retrieved from /home/airflow/.local/lib/python3.7/site-packages/airflow/example_dags/example_trigger_target_dag.py
[2025-04-24T23:32:50.112+0000] {logging_mixin.py:137} INFO - [2025-04-24T23:32:50.112+0000] {dag.py:2690} INFO - Sync 1 DAGs
[2025-04-24T23:32:50.123+0000] {logging_mixin.py:137} INFO - [2025-04-24T23:32:50.123+0000] {dag.py:3441} INFO - Setting next_dagrun for example_trigger_target_dag to None, run_after=None
[2025-04-24T23:32:50.133+0000] {processor.py:175} INFO - Processing /home/airflow/.local/lib/python3.7/site-packages/airflow/example_dags/example_trigger_target_dag.py took 0.043 seconds
[2025-04-24T23:33:20.570+0000] {processor.py:153} INFO - Started process (PID=1396) to work on /home/airflow/.local/lib/python3.7/site-packages/airflow/example_dags/example_trigger_target_dag.py
[2025-04-24T23:33:20.570+0000] {processor.py:743} INFO - Processing file /home/airflow/.local/lib/python3.7/site-packages/airflow/example_dags/example_trigger_target_dag.py for tasks to queue
[2025-04-24T23:33:20.570+0000] {logging_mixin.py:137} INFO - [2025-04-24T23:33:20.570+0000] {dagbag.py:538} INFO - Filling up the DagBag from /home/airflow/.local/lib/python3.7/site-packages/airflow/example_dags/example_trigger_target_dag.py
[2025-04-24T23:33:20.580+0000] {processor.py:753} INFO - DAG(s) dict_keys(['example_trigger_target_dag']) retrieved from /home/airflow/.local/lib/python3.7/site-packages/airflow/example_dags/example_trigger_target_dag.py
[2025-04-24T23:33:20.591+0000] {logging_mixin.py:137} INFO - [2025-04-24T23:33:20.591+0000] {dag.py:2690} INFO - Sync 1 DAGs
[2025-04-24T23:33:20.602+0000] {logging_mixin.py:137} INFO - [2025-04-24T23:33:20.602+0000] {dag.py:3441} INFO - Setting next_dagrun for example_trigger_target_dag to None, run_after=None
[2025-04-24T23:33:20.614+0000] {processor.py:175} INFO - Processing /home/airflow/.local/lib/python3.7/site-packages/airflow/example_dags/example_trigger_target_dag.py took 0.046 seconds
[2025-04-24T23:33:51.213+0000] {processor.py:153} INFO - Started process (PID=1488) to work on /home/airflow/.local/lib/python3.7/site-packages/airflow/example_dags/example_trigger_target_dag.py
[2025-04-24T23:33:51.214+0000] {processor.py:743} INFO - Processing file /home/airflow/.local/lib/python3.7/site-packages/airflow/example_dags/example_trigger_target_dag.py for tasks to queue
[2025-04-24T23:33:51.214+0000] {logging_mixin.py:137} INFO - [2025-04-24T23:33:51.214+0000] {dagbag.py:538} INFO - Filling up the DagBag from /home/airflow/.local/lib/python3.7/site-packages/airflow/example_dags/example_trigger_target_dag.py
[2025-04-24T23:33:51.222+0000] {processor.py:753} INFO - DAG(s) dict_keys(['example_trigger_target_dag']) retrieved from /home/airflow/.local/lib/python3.7/site-packages/airflow/example_dags/example_trigger_target_dag.py
[2025-04-24T23:33:51.238+0000] {logging_mixin.py:137} INFO - [2025-04-24T23:33:51.238+0000] {dag.py:2690} INFO - Sync 1 DAGs
[2025-04-24T23:33:51.249+0000] {logging_mixin.py:137} INFO - [2025-04-24T23:33:51.249+0000] {dag.py:3441} INFO - Setting next_dagrun for example_trigger_target_dag to None, run_after=None
[2025-04-24T23:33:51.261+0000] {processor.py:175} INFO - Processing /home/airflow/.local/lib/python3.7/site-packages/airflow/example_dags/example_trigger_target_dag.py took 0.048 seconds
[2025-04-24T23:34:21.764+0000] {processor.py:153} INFO - Started process (PID=1564) to work on /home/airflow/.local/lib/python3.7/site-packages/airflow/example_dags/example_trigger_target_dag.py
[2025-04-24T23:34:21.764+0000] {processor.py:743} INFO - Processing file /home/airflow/.local/lib/python3.7/site-packages/airflow/example_dags/example_trigger_target_dag.py for tasks to queue
[2025-04-24T23:34:21.765+0000] {logging_mixin.py:137} INFO - [2025-04-24T23:34:21.765+0000] {dagbag.py:538} INFO - Filling up the DagBag from /home/airflow/.local/lib/python3.7/site-packages/airflow/example_dags/example_trigger_target_dag.py
[2025-04-24T23:34:21.774+0000] {processor.py:753} INFO - DAG(s) dict_keys(['example_trigger_target_dag']) retrieved from /home/airflow/.local/lib/python3.7/site-packages/airflow/example_dags/example_trigger_target_dag.py
[2025-04-24T23:34:21.784+0000] {logging_mixin.py:137} INFO - [2025-04-24T23:34:21.784+0000] {dag.py:2690} INFO - Sync 1 DAGs
[2025-04-24T23:34:21.793+0000] {logging_mixin.py:137} INFO - [2025-04-24T23:34:21.793+0000] {dag.py:3441} INFO - Setting next_dagrun for example_trigger_target_dag to None, run_after=None
[2025-04-24T23:34:21.803+0000] {processor.py:175} INFO - Processing /home/airflow/.local/lib/python3.7/site-packages/airflow/example_dags/example_trigger_target_dag.py took 0.040 seconds
[2025-04-24T23:34:52.295+0000] {processor.py:153} INFO - Started process (PID=1656) to work on /home/airflow/.local/lib/python3.7/site-packages/airflow/example_dags/example_trigger_target_dag.py
[2025-04-24T23:34:52.295+0000] {processor.py:743} INFO - Processing file /home/airflow/.local/lib/python3.7/site-packages/airflow/example_dags/example_trigger_target_dag.py for tasks to queue
[2025-04-24T23:34:52.296+0000] {logging_mixin.py:137} INFO - [2025-04-24T23:34:52.296+0000] {dagbag.py:538} INFO - Filling up the DagBag from /home/airflow/.local/lib/python3.7/site-packages/airflow/example_dags/example_trigger_target_dag.py
[2025-04-24T23:34:52.303+0000] {processor.py:753} INFO - DAG(s) dict_keys(['example_trigger_target_dag']) retrieved from /home/airflow/.local/lib/python3.7/site-packages/airflow/example_dags/example_trigger_target_dag.py
[2025-04-24T23:34:52.312+0000] {logging_mixin.py:137} INFO - [2025-04-24T23:34:52.312+0000] {dag.py:2690} INFO - Sync 1 DAGs
[2025-04-24T23:34:52.322+0000] {logging_mixin.py:137} INFO - [2025-04-24T23:34:52.322+0000] {dag.py:3441} INFO - Setting next_dagrun for example_trigger_target_dag to None, run_after=None
[2025-04-24T23:34:52.327+0000] {processor.py:175} INFO - Processing /home/airflow/.local/lib/python3.7/site-packages/airflow/example_dags/example_trigger_target_dag.py took 0.034 seconds
[2025-04-24T23:35:22.880+0000] {processor.py:153} INFO - Started process (PID=1748) to work on /home/airflow/.local/lib/python3.7/site-packages/airflow/example_dags/example_trigger_target_dag.py
[2025-04-24T23:35:22.881+0000] {processor.py:743} INFO - Processing file /home/airflow/.local/lib/python3.7/site-packages/airflow/example_dags/example_trigger_target_dag.py for tasks to queue
[2025-04-24T23:35:22.883+0000] {logging_mixin.py:137} INFO - [2025-04-24T23:35:22.883+0000] {dagbag.py:538} INFO - Filling up the DagBag from /home/airflow/.local/lib/python3.7/site-packages/airflow/example_dags/example_trigger_target_dag.py
[2025-04-24T23:35:22.891+0000] {processor.py:753} INFO - DAG(s) dict_keys(['example_trigger_target_dag']) retrieved from /home/airflow/.local/lib/python3.7/site-packages/airflow/example_dags/example_trigger_target_dag.py
[2025-04-24T23:35:22.906+0000] {logging_mixin.py:137} INFO - [2025-04-24T23:35:22.906+0000] {dag.py:2690} INFO - Sync 1 DAGs
[2025-04-24T23:35:22.917+0000] {logging_mixin.py:137} INFO - [2025-04-24T23:35:22.917+0000] {dag.py:3441} INFO - Setting next_dagrun for example_trigger_target_dag to None, run_after=None
[2025-04-24T23:35:22.924+0000] {processor.py:175} INFO - Processing /home/airflow/.local/lib/python3.7/site-packages/airflow/example_dags/example_trigger_target_dag.py took 0.045 seconds
[2025-04-24T23:35:53.397+0000] {processor.py:153} INFO - Started process (PID=1840) to work on /home/airflow/.local/lib/python3.7/site-packages/airflow/example_dags/example_trigger_target_dag.py
[2025-04-24T23:35:53.398+0000] {processor.py:743} INFO - Processing file /home/airflow/.local/lib/python3.7/site-packages/airflow/example_dags/example_trigger_target_dag.py for tasks to queue
[2025-04-24T23:35:53.399+0000] {logging_mixin.py:137} INFO - [2025-04-24T23:35:53.399+0000] {dagbag.py:538} INFO - Filling up the DagBag from /home/airflow/.local/lib/python3.7/site-packages/airflow/example_dags/example_trigger_target_dag.py
[2025-04-24T23:35:53.411+0000] {processor.py:753} INFO - DAG(s) dict_keys(['example_trigger_target_dag']) retrieved from /home/airflow/.local/lib/python3.7/site-packages/airflow/example_dags/example_trigger_target_dag.py
[2025-04-24T23:35:53.421+0000] {logging_mixin.py:137} INFO - [2025-04-24T23:35:53.421+0000] {dag.py:2690} INFO - Sync 1 DAGs
[2025-04-24T23:35:53.434+0000] {logging_mixin.py:137} INFO - [2025-04-24T23:35:53.434+0000] {dag.py:3441} INFO - Setting next_dagrun for example_trigger_target_dag to None, run_after=None
[2025-04-24T23:35:53.448+0000] {processor.py:175} INFO - Processing /home/airflow/.local/lib/python3.7/site-packages/airflow/example_dags/example_trigger_target_dag.py took 0.054 seconds
[2025-04-24T23:36:24.199+0000] {processor.py:153} INFO - Started process (PID=1925) to work on /home/airflow/.local/lib/python3.7/site-packages/airflow/example_dags/example_trigger_target_dag.py
[2025-04-24T23:36:24.201+0000] {processor.py:743} INFO - Processing file /home/airflow/.local/lib/python3.7/site-packages/airflow/example_dags/example_trigger_target_dag.py for tasks to queue
[2025-04-24T23:36:24.202+0000] {logging_mixin.py:137} INFO - [2025-04-24T23:36:24.202+0000] {dagbag.py:538} INFO - Filling up the DagBag from /home/airflow/.local/lib/python3.7/site-packages/airflow/example_dags/example_trigger_target_dag.py
[2025-04-24T23:36:24.213+0000] {processor.py:753} INFO - DAG(s) dict_keys(['example_trigger_target_dag']) retrieved from /home/airflow/.local/lib/python3.7/site-packages/airflow/example_dags/example_trigger_target_dag.py
[2025-04-24T23:36:24.228+0000] {logging_mixin.py:137} INFO - [2025-04-24T23:36:24.228+0000] {dag.py:2690} INFO - Sync 1 DAGs
[2025-04-24T23:36:24.264+0000] {logging_mixin.py:137} INFO - [2025-04-24T23:36:24.263+0000] {dag.py:3441} INFO - Setting next_dagrun for example_trigger_target_dag to None, run_after=None
[2025-04-24T23:36:24.324+0000] {processor.py:175} INFO - Processing /home/airflow/.local/lib/python3.7/site-packages/airflow/example_dags/example_trigger_target_dag.py took 0.126 seconds
[2025-04-24T23:36:55.193+0000] {processor.py:153} INFO - Started process (PID=2008) to work on /home/airflow/.local/lib/python3.7/site-packages/airflow/example_dags/example_trigger_target_dag.py
[2025-04-24T23:36:55.193+0000] {processor.py:743} INFO - Processing file /home/airflow/.local/lib/python3.7/site-packages/airflow/example_dags/example_trigger_target_dag.py for tasks to queue
[2025-04-24T23:36:55.194+0000] {logging_mixin.py:137} INFO - [2025-04-24T23:36:55.194+0000] {dagbag.py:538} INFO - Filling up the DagBag from /home/airflow/.local/lib/python3.7/site-packages/airflow/example_dags/example_trigger_target_dag.py
[2025-04-24T23:36:55.204+0000] {processor.py:753} INFO - DAG(s) dict_keys(['example_trigger_target_dag']) retrieved from /home/airflow/.local/lib/python3.7/site-packages/airflow/example_dags/example_trigger_target_dag.py
[2025-04-24T23:36:55.214+0000] {logging_mixin.py:137} INFO - [2025-04-24T23:36:55.214+0000] {dag.py:2690} INFO - Sync 1 DAGs
[2025-04-24T23:36:55.226+0000] {logging_mixin.py:137} INFO - [2025-04-24T23:36:55.226+0000] {dag.py:3441} INFO - Setting next_dagrun for example_trigger_target_dag to None, run_after=None
[2025-04-24T23:36:55.233+0000] {processor.py:175} INFO - Processing /home/airflow/.local/lib/python3.7/site-packages/airflow/example_dags/example_trigger_target_dag.py took 0.042 seconds
[2025-04-24T23:37:25.744+0000] {processor.py:153} INFO - Started process (PID=2100) to work on /home/airflow/.local/lib/python3.7/site-packages/airflow/example_dags/example_trigger_target_dag.py
[2025-04-24T23:37:25.745+0000] {processor.py:743} INFO - Processing file /home/airflow/.local/lib/python3.7/site-packages/airflow/example_dags/example_trigger_target_dag.py for tasks to queue
[2025-04-24T23:37:25.745+0000] {logging_mixin.py:137} INFO - [2025-04-24T23:37:25.745+0000] {dagbag.py:538} INFO - Filling up the DagBag from /home/airflow/.local/lib/python3.7/site-packages/airflow/example_dags/example_trigger_target_dag.py
[2025-04-24T23:37:25.754+0000] {processor.py:753} INFO - DAG(s) dict_keys(['example_trigger_target_dag']) retrieved from /home/airflow/.local/lib/python3.7/site-packages/airflow/example_dags/example_trigger_target_dag.py
[2025-04-24T23:37:25.765+0000] {logging_mixin.py:137} INFO - [2025-04-24T23:37:25.765+0000] {dag.py:2690} INFO - Sync 1 DAGs
[2025-04-24T23:37:25.776+0000] {logging_mixin.py:137} INFO - [2025-04-24T23:37:25.775+0000] {dag.py:3441} INFO - Setting next_dagrun for example_trigger_target_dag to None, run_after=None
[2025-04-24T23:37:25.786+0000] {processor.py:175} INFO - Processing /home/airflow/.local/lib/python3.7/site-packages/airflow/example_dags/example_trigger_target_dag.py took 0.043 seconds
[2025-04-24T23:37:56.244+0000] {processor.py:153} INFO - Started process (PID=2190) to work on /home/airflow/.local/lib/python3.7/site-packages/airflow/example_dags/example_trigger_target_dag.py
[2025-04-24T23:37:56.245+0000] {processor.py:743} INFO - Processing file /home/airflow/.local/lib/python3.7/site-packages/airflow/example_dags/example_trigger_target_dag.py for tasks to queue
[2025-04-24T23:37:56.245+0000] {logging_mixin.py:137} INFO - [2025-04-24T23:37:56.245+0000] {dagbag.py:538} INFO - Filling up the DagBag from /home/airflow/.local/lib/python3.7/site-packages/airflow/example_dags/example_trigger_target_dag.py
[2025-04-24T23:37:56.256+0000] {processor.py:753} INFO - DAG(s) dict_keys(['example_trigger_target_dag']) retrieved from /home/airflow/.local/lib/python3.7/site-packages/airflow/example_dags/example_trigger_target_dag.py
[2025-04-24T23:37:56.265+0000] {logging_mixin.py:137} INFO - [2025-04-24T23:37:56.265+0000] {dag.py:2690} INFO - Sync 1 DAGs
[2025-04-24T23:37:56.274+0000] {logging_mixin.py:137} INFO - [2025-04-24T23:37:56.274+0000] {dag.py:3441} INFO - Setting next_dagrun for example_trigger_target_dag to None, run_after=None
[2025-04-24T23:37:56.284+0000] {processor.py:175} INFO - Processing /home/airflow/.local/lib/python3.7/site-packages/airflow/example_dags/example_trigger_target_dag.py took 0.041 seconds
[2025-04-24T23:38:26.891+0000] {processor.py:153} INFO - Started process (PID=2282) to work on /home/airflow/.local/lib/python3.7/site-packages/airflow/example_dags/example_trigger_target_dag.py
[2025-04-24T23:38:26.892+0000] {processor.py:743} INFO - Processing file /home/airflow/.local/lib/python3.7/site-packages/airflow/example_dags/example_trigger_target_dag.py for tasks to queue
[2025-04-24T23:38:26.892+0000] {logging_mixin.py:137} INFO - [2025-04-24T23:38:26.892+0000] {dagbag.py:538} INFO - Filling up the DagBag from /home/airflow/.local/lib/python3.7/site-packages/airflow/example_dags/example_trigger_target_dag.py
[2025-04-24T23:38:26.902+0000] {processor.py:753} INFO - DAG(s) dict_keys(['example_trigger_target_dag']) retrieved from /home/airflow/.local/lib/python3.7/site-packages/airflow/example_dags/example_trigger_target_dag.py
[2025-04-24T23:38:26.920+0000] {logging_mixin.py:137} INFO - [2025-04-24T23:38:26.920+0000] {dag.py:2690} INFO - Sync 1 DAGs
[2025-04-24T23:38:26.934+0000] {logging_mixin.py:137} INFO - [2025-04-24T23:38:26.934+0000] {dag.py:3441} INFO - Setting next_dagrun for example_trigger_target_dag to None, run_after=None
[2025-04-24T23:38:26.945+0000] {processor.py:175} INFO - Processing /home/airflow/.local/lib/python3.7/site-packages/airflow/example_dags/example_trigger_target_dag.py took 0.055 seconds
[2025-04-24T23:38:57.560+0000] {processor.py:153} INFO - Started process (PID=2358) to work on /home/airflow/.local/lib/python3.7/site-packages/airflow/example_dags/example_trigger_target_dag.py
[2025-04-24T23:38:57.560+0000] {processor.py:743} INFO - Processing file /home/airflow/.local/lib/python3.7/site-packages/airflow/example_dags/example_trigger_target_dag.py for tasks to queue
[2025-04-24T23:38:57.560+0000] {logging_mixin.py:137} INFO - [2025-04-24T23:38:57.560+0000] {dagbag.py:538} INFO - Filling up the DagBag from /home/airflow/.local/lib/python3.7/site-packages/airflow/example_dags/example_trigger_target_dag.py
[2025-04-24T23:38:57.569+0000] {processor.py:753} INFO - DAG(s) dict_keys(['example_trigger_target_dag']) retrieved from /home/airflow/.local/lib/python3.7/site-packages/airflow/example_dags/example_trigger_target_dag.py
[2025-04-24T23:38:57.579+0000] {logging_mixin.py:137} INFO - [2025-04-24T23:38:57.579+0000] {dag.py:2690} INFO - Sync 1 DAGs
[2025-04-24T23:38:57.591+0000] {logging_mixin.py:137} INFO - [2025-04-24T23:38:57.591+0000] {dag.py:3441} INFO - Setting next_dagrun for example_trigger_target_dag to None, run_after=None
[2025-04-24T23:38:57.601+0000] {processor.py:175} INFO - Processing /home/airflow/.local/lib/python3.7/site-packages/airflow/example_dags/example_trigger_target_dag.py took 0.043 seconds
[2025-04-24T23:39:28.180+0000] {processor.py:153} INFO - Started process (PID=2450) to work on /home/airflow/.local/lib/python3.7/site-packages/airflow/example_dags/example_trigger_target_dag.py
[2025-04-24T23:39:28.181+0000] {processor.py:743} INFO - Processing file /home/airflow/.local/lib/python3.7/site-packages/airflow/example_dags/example_trigger_target_dag.py for tasks to queue
[2025-04-24T23:39:28.183+0000] {logging_mixin.py:137} INFO - [2025-04-24T23:39:28.183+0000] {dagbag.py:538} INFO - Filling up the DagBag from /home/airflow/.local/lib/python3.7/site-packages/airflow/example_dags/example_trigger_target_dag.py
[2025-04-24T23:39:28.191+0000] {processor.py:753} INFO - DAG(s) dict_keys(['example_trigger_target_dag']) retrieved from /home/airflow/.local/lib/python3.7/site-packages/airflow/example_dags/example_trigger_target_dag.py
[2025-04-24T23:39:28.203+0000] {logging_mixin.py:137} INFO - [2025-04-24T23:39:28.203+0000] {dag.py:2690} INFO - Sync 1 DAGs
[2025-04-24T23:39:28.213+0000] {logging_mixin.py:137} INFO - [2025-04-24T23:39:28.213+0000] {dag.py:3441} INFO - Setting next_dagrun for example_trigger_target_dag to None, run_after=None
[2025-04-24T23:39:28.222+0000] {processor.py:175} INFO - Processing /home/airflow/.local/lib/python3.7/site-packages/airflow/example_dags/example_trigger_target_dag.py took 0.043 seconds
[2025-04-24T23:39:58.692+0000] {processor.py:153} INFO - Started process (PID=2541) to work on /home/airflow/.local/lib/python3.7/site-packages/airflow/example_dags/example_trigger_target_dag.py
[2025-04-24T23:39:58.693+0000] {processor.py:743} INFO - Processing file /home/airflow/.local/lib/python3.7/site-packages/airflow/example_dags/example_trigger_target_dag.py for tasks to queue
[2025-04-24T23:39:58.696+0000] {logging_mixin.py:137} INFO - [2025-04-24T23:39:58.696+0000] {dagbag.py:538} INFO - Filling up the DagBag from /home/airflow/.local/lib/python3.7/site-packages/airflow/example_dags/example_trigger_target_dag.py
[2025-04-24T23:39:58.705+0000] {processor.py:753} INFO - DAG(s) dict_keys(['example_trigger_target_dag']) retrieved from /home/airflow/.local/lib/python3.7/site-packages/airflow/example_dags/example_trigger_target_dag.py
[2025-04-24T23:39:58.716+0000] {logging_mixin.py:137} INFO - [2025-04-24T23:39:58.716+0000] {dag.py:2690} INFO - Sync 1 DAGs
[2025-04-24T23:39:58.726+0000] {logging_mixin.py:137} INFO - [2025-04-24T23:39:58.726+0000] {dag.py:3441} INFO - Setting next_dagrun for example_trigger_target_dag to None, run_after=None
[2025-04-24T23:39:58.740+0000] {processor.py:175} INFO - Processing /home/airflow/.local/lib/python3.7/site-packages/airflow/example_dags/example_trigger_target_dag.py took 0.049 seconds
[2025-04-24T23:40:29.175+0000] {processor.py:153} INFO - Started process (PID=2633) to work on /home/airflow/.local/lib/python3.7/site-packages/airflow/example_dags/example_trigger_target_dag.py
[2025-04-24T23:40:29.176+0000] {processor.py:743} INFO - Processing file /home/airflow/.local/lib/python3.7/site-packages/airflow/example_dags/example_trigger_target_dag.py for tasks to queue
[2025-04-24T23:40:29.176+0000] {logging_mixin.py:137} INFO - [2025-04-24T23:40:29.176+0000] {dagbag.py:538} INFO - Filling up the DagBag from /home/airflow/.local/lib/python3.7/site-packages/airflow/example_dags/example_trigger_target_dag.py
[2025-04-24T23:40:29.184+0000] {processor.py:753} INFO - DAG(s) dict_keys(['example_trigger_target_dag']) retrieved from /home/airflow/.local/lib/python3.7/site-packages/airflow/example_dags/example_trigger_target_dag.py
[2025-04-24T23:40:29.194+0000] {logging_mixin.py:137} INFO - [2025-04-24T23:40:29.194+0000] {dag.py:2690} INFO - Sync 1 DAGs
[2025-04-24T23:40:29.206+0000] {logging_mixin.py:137} INFO - [2025-04-24T23:40:29.206+0000] {dag.py:3441} INFO - Setting next_dagrun for example_trigger_target_dag to None, run_after=None
[2025-04-24T23:40:29.214+0000] {processor.py:175} INFO - Processing /home/airflow/.local/lib/python3.7/site-packages/airflow/example_dags/example_trigger_target_dag.py took 0.040 seconds
[2025-04-24T23:40:59.713+0000] {processor.py:153} INFO - Started process (PID=2709) to work on /home/airflow/.local/lib/python3.7/site-packages/airflow/example_dags/example_trigger_target_dag.py
[2025-04-24T23:40:59.713+0000] {processor.py:743} INFO - Processing file /home/airflow/.local/lib/python3.7/site-packages/airflow/example_dags/example_trigger_target_dag.py for tasks to queue
[2025-04-24T23:40:59.714+0000] {logging_mixin.py:137} INFO - [2025-04-24T23:40:59.714+0000] {dagbag.py:538} INFO - Filling up the DagBag from /home/airflow/.local/lib/python3.7/site-packages/airflow/example_dags/example_trigger_target_dag.py
[2025-04-24T23:40:59.722+0000] {processor.py:753} INFO - DAG(s) dict_keys(['example_trigger_target_dag']) retrieved from /home/airflow/.local/lib/python3.7/site-packages/airflow/example_dags/example_trigger_target_dag.py
[2025-04-24T23:40:59.736+0000] {logging_mixin.py:137} INFO - [2025-04-24T23:40:59.736+0000] {dag.py:2690} INFO - Sync 1 DAGs
[2025-04-24T23:40:59.747+0000] {logging_mixin.py:137} INFO - [2025-04-24T23:40:59.747+0000] {dag.py:3441} INFO - Setting next_dagrun for example_trigger_target_dag to None, run_after=None
[2025-04-24T23:40:59.754+0000] {processor.py:175} INFO - Processing /home/airflow/.local/lib/python3.7/site-packages/airflow/example_dags/example_trigger_target_dag.py took 0.043 seconds
[2025-04-24T23:41:30.270+0000] {processor.py:153} INFO - Started process (PID=2801) to work on /home/airflow/.local/lib/python3.7/site-packages/airflow/example_dags/example_trigger_target_dag.py
[2025-04-24T23:41:30.271+0000] {processor.py:743} INFO - Processing file /home/airflow/.local/lib/python3.7/site-packages/airflow/example_dags/example_trigger_target_dag.py for tasks to queue
[2025-04-24T23:41:30.271+0000] {logging_mixin.py:137} INFO - [2025-04-24T23:41:30.271+0000] {dagbag.py:538} INFO - Filling up the DagBag from /home/airflow/.local/lib/python3.7/site-packages/airflow/example_dags/example_trigger_target_dag.py
[2025-04-24T23:41:30.280+0000] {processor.py:753} INFO - DAG(s) dict_keys(['example_trigger_target_dag']) retrieved from /home/airflow/.local/lib/python3.7/site-packages/airflow/example_dags/example_trigger_target_dag.py
[2025-04-24T23:41:30.298+0000] {logging_mixin.py:137} INFO - [2025-04-24T23:41:30.298+0000] {dag.py:2690} INFO - Sync 1 DAGs
[2025-04-24T23:41:30.314+0000] {logging_mixin.py:137} INFO - [2025-04-24T23:41:30.314+0000] {dag.py:3441} INFO - Setting next_dagrun for example_trigger_target_dag to None, run_after=None
[2025-04-24T23:41:30.325+0000] {processor.py:175} INFO - Processing /home/airflow/.local/lib/python3.7/site-packages/airflow/example_dags/example_trigger_target_dag.py took 0.057 seconds
[2025-04-24T23:42:00.997+0000] {processor.py:153} INFO - Started process (PID=2893) to work on /home/airflow/.local/lib/python3.7/site-packages/airflow/example_dags/example_trigger_target_dag.py
[2025-04-24T23:42:00.998+0000] {processor.py:743} INFO - Processing file /home/airflow/.local/lib/python3.7/site-packages/airflow/example_dags/example_trigger_target_dag.py for tasks to queue
[2025-04-24T23:42:00.998+0000] {logging_mixin.py:137} INFO - [2025-04-24T23:42:00.998+0000] {dagbag.py:538} INFO - Filling up the DagBag from /home/airflow/.local/lib/python3.7/site-packages/airflow/example_dags/example_trigger_target_dag.py
[2025-04-24T23:42:01.008+0000] {processor.py:753} INFO - DAG(s) dict_keys(['example_trigger_target_dag']) retrieved from /home/airflow/.local/lib/python3.7/site-packages/airflow/example_dags/example_trigger_target_dag.py
[2025-04-24T23:42:01.018+0000] {logging_mixin.py:137} INFO - [2025-04-24T23:42:01.018+0000] {dag.py:2690} INFO - Sync 1 DAGs
[2025-04-24T23:42:01.029+0000] {logging_mixin.py:137} INFO - [2025-04-24T23:42:01.029+0000] {dag.py:3441} INFO - Setting next_dagrun for example_trigger_target_dag to None, run_after=None
[2025-04-24T23:42:01.040+0000] {processor.py:175} INFO - Processing /home/airflow/.local/lib/python3.7/site-packages/airflow/example_dags/example_trigger_target_dag.py took 0.044 seconds
[2025-04-24T23:42:31.640+0000] {processor.py:153} INFO - Started process (PID=2985) to work on /home/airflow/.local/lib/python3.7/site-packages/airflow/example_dags/example_trigger_target_dag.py
[2025-04-24T23:42:31.642+0000] {processor.py:743} INFO - Processing file /home/airflow/.local/lib/python3.7/site-packages/airflow/example_dags/example_trigger_target_dag.py for tasks to queue
[2025-04-24T23:42:31.642+0000] {logging_mixin.py:137} INFO - [2025-04-24T23:42:31.642+0000] {dagbag.py:538} INFO - Filling up the DagBag from /home/airflow/.local/lib/python3.7/site-packages/airflow/example_dags/example_trigger_target_dag.py
[2025-04-24T23:42:31.652+0000] {processor.py:753} INFO - DAG(s) dict_keys(['example_trigger_target_dag']) retrieved from /home/airflow/.local/lib/python3.7/site-packages/airflow/example_dags/example_trigger_target_dag.py
[2025-04-24T23:42:31.666+0000] {logging_mixin.py:137} INFO - [2025-04-24T23:42:31.666+0000] {dag.py:2690} INFO - Sync 1 DAGs
[2025-04-24T23:42:31.675+0000] {logging_mixin.py:137} INFO - [2025-04-24T23:42:31.675+0000] {dag.py:3441} INFO - Setting next_dagrun for example_trigger_target_dag to None, run_after=None
[2025-04-24T23:42:31.682+0000] {processor.py:175} INFO - Processing /home/airflow/.local/lib/python3.7/site-packages/airflow/example_dags/example_trigger_target_dag.py took 0.043 seconds
[2025-04-24T23:43:02.339+0000] {processor.py:153} INFO - Started process (PID=3077) to work on /home/airflow/.local/lib/python3.7/site-packages/airflow/example_dags/example_trigger_target_dag.py
[2025-04-24T23:43:02.339+0000] {processor.py:743} INFO - Processing file /home/airflow/.local/lib/python3.7/site-packages/airflow/example_dags/example_trigger_target_dag.py for tasks to queue
[2025-04-24T23:43:02.340+0000] {logging_mixin.py:137} INFO - [2025-04-24T23:43:02.340+0000] {dagbag.py:538} INFO - Filling up the DagBag from /home/airflow/.local/lib/python3.7/site-packages/airflow/example_dags/example_trigger_target_dag.py
[2025-04-24T23:43:02.350+0000] {processor.py:753} INFO - DAG(s) dict_keys(['example_trigger_target_dag']) retrieved from /home/airflow/.local/lib/python3.7/site-packages/airflow/example_dags/example_trigger_target_dag.py
[2025-04-24T23:43:02.366+0000] {logging_mixin.py:137} INFO - [2025-04-24T23:43:02.366+0000] {dag.py:2690} INFO - Sync 1 DAGs
[2025-04-24T23:43:02.381+0000] {logging_mixin.py:137} INFO - [2025-04-24T23:43:02.381+0000] {dag.py:3441} INFO - Setting next_dagrun for example_trigger_target_dag to None, run_after=None
[2025-04-24T23:43:02.397+0000] {processor.py:175} INFO - Processing /home/airflow/.local/lib/python3.7/site-packages/airflow/example_dags/example_trigger_target_dag.py took 0.060 seconds
[2025-04-24T23:43:32.970+0000] {processor.py:153} INFO - Started process (PID=3153) to work on /home/airflow/.local/lib/python3.7/site-packages/airflow/example_dags/example_trigger_target_dag.py
[2025-04-24T23:43:32.971+0000] {processor.py:743} INFO - Processing file /home/airflow/.local/lib/python3.7/site-packages/airflow/example_dags/example_trigger_target_dag.py for tasks to queue
[2025-04-24T23:43:32.971+0000] {logging_mixin.py:137} INFO - [2025-04-24T23:43:32.971+0000] {dagbag.py:538} INFO - Filling up the DagBag from /home/airflow/.local/lib/python3.7/site-packages/airflow/example_dags/example_trigger_target_dag.py
[2025-04-24T23:43:32.979+0000] {processor.py:753} INFO - DAG(s) dict_keys(['example_trigger_target_dag']) retrieved from /home/airflow/.local/lib/python3.7/site-packages/airflow/example_dags/example_trigger_target_dag.py
[2025-04-24T23:43:32.988+0000] {logging_mixin.py:137} INFO - [2025-04-24T23:43:32.988+0000] {dag.py:2690} INFO - Sync 1 DAGs
[2025-04-24T23:43:32.997+0000] {logging_mixin.py:137} INFO - [2025-04-24T23:43:32.997+0000] {dag.py:3441} INFO - Setting next_dagrun for example_trigger_target_dag to None, run_after=None
[2025-04-24T23:43:33.003+0000] {processor.py:175} INFO - Processing /home/airflow/.local/lib/python3.7/site-packages/airflow/example_dags/example_trigger_target_dag.py took 0.034 seconds
[2025-04-24T23:44:03.510+0000] {processor.py:153} INFO - Started process (PID=3245) to work on /home/airflow/.local/lib/python3.7/site-packages/airflow/example_dags/example_trigger_target_dag.py
[2025-04-24T23:44:03.510+0000] {processor.py:743} INFO - Processing file /home/airflow/.local/lib/python3.7/site-packages/airflow/example_dags/example_trigger_target_dag.py for tasks to queue
[2025-04-24T23:44:03.511+0000] {logging_mixin.py:137} INFO - [2025-04-24T23:44:03.511+0000] {dagbag.py:538} INFO - Filling up the DagBag from /home/airflow/.local/lib/python3.7/site-packages/airflow/example_dags/example_trigger_target_dag.py
[2025-04-24T23:44:03.520+0000] {processor.py:753} INFO - DAG(s) dict_keys(['example_trigger_target_dag']) retrieved from /home/airflow/.local/lib/python3.7/site-packages/airflow/example_dags/example_trigger_target_dag.py
[2025-04-24T23:44:03.531+0000] {logging_mixin.py:137} INFO - [2025-04-24T23:44:03.531+0000] {dag.py:2690} INFO - Sync 1 DAGs
[2025-04-24T23:44:03.542+0000] {logging_mixin.py:137} INFO - [2025-04-24T23:44:03.542+0000] {dag.py:3441} INFO - Setting next_dagrun for example_trigger_target_dag to None, run_after=None
[2025-04-24T23:44:03.556+0000] {processor.py:175} INFO - Processing /home/airflow/.local/lib/python3.7/site-packages/airflow/example_dags/example_trigger_target_dag.py took 0.048 seconds
[2025-04-24T23:44:34.054+0000] {processor.py:153} INFO - Started process (PID=3337) to work on /home/airflow/.local/lib/python3.7/site-packages/airflow/example_dags/example_trigger_target_dag.py
[2025-04-24T23:44:34.055+0000] {processor.py:743} INFO - Processing file /home/airflow/.local/lib/python3.7/site-packages/airflow/example_dags/example_trigger_target_dag.py for tasks to queue
[2025-04-24T23:44:34.055+0000] {logging_mixin.py:137} INFO - [2025-04-24T23:44:34.055+0000] {dagbag.py:538} INFO - Filling up the DagBag from /home/airflow/.local/lib/python3.7/site-packages/airflow/example_dags/example_trigger_target_dag.py
[2025-04-24T23:44:34.064+0000] {processor.py:753} INFO - DAG(s) dict_keys(['example_trigger_target_dag']) retrieved from /home/airflow/.local/lib/python3.7/site-packages/airflow/example_dags/example_trigger_target_dag.py
[2025-04-24T23:44:34.074+0000] {logging_mixin.py:137} INFO - [2025-04-24T23:44:34.074+0000] {dag.py:2690} INFO - Sync 1 DAGs
[2025-04-24T23:44:34.086+0000] {logging_mixin.py:137} INFO - [2025-04-24T23:44:34.085+0000] {dag.py:3441} INFO - Setting next_dagrun for example_trigger_target_dag to None, run_after=None
[2025-04-24T23:44:34.096+0000] {processor.py:175} INFO - Processing /home/airflow/.local/lib/python3.7/site-packages/airflow/example_dags/example_trigger_target_dag.py took 0.043 seconds
[2025-04-24T23:45:04.553+0000] {processor.py:153} INFO - Started process (PID=3429) to work on /home/airflow/.local/lib/python3.7/site-packages/airflow/example_dags/example_trigger_target_dag.py
[2025-04-24T23:45:04.553+0000] {processor.py:743} INFO - Processing file /home/airflow/.local/lib/python3.7/site-packages/airflow/example_dags/example_trigger_target_dag.py for tasks to queue
[2025-04-24T23:45:04.554+0000] {logging_mixin.py:137} INFO - [2025-04-24T23:45:04.554+0000] {dagbag.py:538} INFO - Filling up the DagBag from /home/airflow/.local/lib/python3.7/site-packages/airflow/example_dags/example_trigger_target_dag.py
[2025-04-24T23:45:04.563+0000] {processor.py:753} INFO - DAG(s) dict_keys(['example_trigger_target_dag']) retrieved from /home/airflow/.local/lib/python3.7/site-packages/airflow/example_dags/example_trigger_target_dag.py
[2025-04-24T23:45:04.574+0000] {logging_mixin.py:137} INFO - [2025-04-24T23:45:04.574+0000] {dag.py:2690} INFO - Sync 1 DAGs
[2025-04-24T23:45:04.585+0000] {logging_mixin.py:137} INFO - [2025-04-24T23:45:04.585+0000] {dag.py:3441} INFO - Setting next_dagrun for example_trigger_target_dag to None, run_after=None
[2025-04-24T23:45:04.595+0000] {processor.py:175} INFO - Processing /home/airflow/.local/lib/python3.7/site-packages/airflow/example_dags/example_trigger_target_dag.py took 0.044 seconds
[2025-04-24T23:45:35.140+0000] {processor.py:153} INFO - Started process (PID=3505) to work on /home/airflow/.local/lib/python3.7/site-packages/airflow/example_dags/example_trigger_target_dag.py
[2025-04-24T23:45:35.141+0000] {processor.py:743} INFO - Processing file /home/airflow/.local/lib/python3.7/site-packages/airflow/example_dags/example_trigger_target_dag.py for tasks to queue
[2025-04-24T23:45:35.141+0000] {logging_mixin.py:137} INFO - [2025-04-24T23:45:35.141+0000] {dagbag.py:538} INFO - Filling up the DagBag from /home/airflow/.local/lib/python3.7/site-packages/airflow/example_dags/example_trigger_target_dag.py
[2025-04-24T23:45:35.151+0000] {processor.py:753} INFO - DAG(s) dict_keys(['example_trigger_target_dag']) retrieved from /home/airflow/.local/lib/python3.7/site-packages/airflow/example_dags/example_trigger_target_dag.py
[2025-04-24T23:45:35.164+0000] {logging_mixin.py:137} INFO - [2025-04-24T23:45:35.164+0000] {dag.py:2690} INFO - Sync 1 DAGs
[2025-04-24T23:45:35.174+0000] {logging_mixin.py:137} INFO - [2025-04-24T23:45:35.174+0000] {dag.py:3441} INFO - Setting next_dagrun for example_trigger_target_dag to None, run_after=None
[2025-04-24T23:45:35.181+0000] {processor.py:175} INFO - Processing /home/airflow/.local/lib/python3.7/site-packages/airflow/example_dags/example_trigger_target_dag.py took 0.042 seconds
[2025-04-24T23:46:05.695+0000] {processor.py:153} INFO - Started process (PID=3597) to work on /home/airflow/.local/lib/python3.7/site-packages/airflow/example_dags/example_trigger_target_dag.py
[2025-04-24T23:46:05.695+0000] {processor.py:743} INFO - Processing file /home/airflow/.local/lib/python3.7/site-packages/airflow/example_dags/example_trigger_target_dag.py for tasks to queue
[2025-04-24T23:46:05.696+0000] {logging_mixin.py:137} INFO - [2025-04-24T23:46:05.696+0000] {dagbag.py:538} INFO - Filling up the DagBag from /home/airflow/.local/lib/python3.7/site-packages/airflow/example_dags/example_trigger_target_dag.py
[2025-04-24T23:46:05.704+0000] {processor.py:753} INFO - DAG(s) dict_keys(['example_trigger_target_dag']) retrieved from /home/airflow/.local/lib/python3.7/site-packages/airflow/example_dags/example_trigger_target_dag.py
[2025-04-24T23:46:05.714+0000] {logging_mixin.py:137} INFO - [2025-04-24T23:46:05.714+0000] {dag.py:2690} INFO - Sync 1 DAGs
[2025-04-24T23:46:05.724+0000] {logging_mixin.py:137} INFO - [2025-04-24T23:46:05.724+0000] {dag.py:3441} INFO - Setting next_dagrun for example_trigger_target_dag to None, run_after=None
[2025-04-24T23:46:05.731+0000] {processor.py:175} INFO - Processing /home/airflow/.local/lib/python3.7/site-packages/airflow/example_dags/example_trigger_target_dag.py took 0.038 seconds
[2025-04-24T23:46:36.165+0000] {processor.py:153} INFO - Started process (PID=3689) to work on /home/airflow/.local/lib/python3.7/site-packages/airflow/example_dags/example_trigger_target_dag.py
[2025-04-24T23:46:36.165+0000] {processor.py:743} INFO - Processing file /home/airflow/.local/lib/python3.7/site-packages/airflow/example_dags/example_trigger_target_dag.py for tasks to queue
[2025-04-24T23:46:36.165+0000] {logging_mixin.py:137} INFO - [2025-04-24T23:46:36.165+0000] {dagbag.py:538} INFO - Filling up the DagBag from /home/airflow/.local/lib/python3.7/site-packages/airflow/example_dags/example_trigger_target_dag.py
[2025-04-24T23:46:36.175+0000] {processor.py:753} INFO - DAG(s) dict_keys(['example_trigger_target_dag']) retrieved from /home/airflow/.local/lib/python3.7/site-packages/airflow/example_dags/example_trigger_target_dag.py
[2025-04-24T23:46:36.186+0000] {logging_mixin.py:137} INFO - [2025-04-24T23:46:36.186+0000] {dag.py:2690} INFO - Sync 1 DAGs
[2025-04-24T23:46:36.200+0000] {logging_mixin.py:137} INFO - [2025-04-24T23:46:36.200+0000] {dag.py:3441} INFO - Setting next_dagrun for example_trigger_target_dag to None, run_after=None
[2025-04-24T23:46:36.209+0000] {processor.py:175} INFO - Processing /home/airflow/.local/lib/python3.7/site-packages/airflow/example_dags/example_trigger_target_dag.py took 0.045 seconds
[2025-04-24T23:47:06.686+0000] {processor.py:153} INFO - Started process (PID=3781) to work on /home/airflow/.local/lib/python3.7/site-packages/airflow/example_dags/example_trigger_target_dag.py
[2025-04-24T23:47:06.686+0000] {processor.py:743} INFO - Processing file /home/airflow/.local/lib/python3.7/site-packages/airflow/example_dags/example_trigger_target_dag.py for tasks to queue
[2025-04-24T23:47:06.687+0000] {logging_mixin.py:137} INFO - [2025-04-24T23:47:06.687+0000] {dagbag.py:538} INFO - Filling up the DagBag from /home/airflow/.local/lib/python3.7/site-packages/airflow/example_dags/example_trigger_target_dag.py
[2025-04-24T23:47:06.695+0000] {processor.py:753} INFO - DAG(s) dict_keys(['example_trigger_target_dag']) retrieved from /home/airflow/.local/lib/python3.7/site-packages/airflow/example_dags/example_trigger_target_dag.py
[2025-04-24T23:47:06.707+0000] {logging_mixin.py:137} INFO - [2025-04-24T23:47:06.707+0000] {dag.py:2690} INFO - Sync 1 DAGs
[2025-04-24T23:47:06.719+0000] {logging_mixin.py:137} INFO - [2025-04-24T23:47:06.718+0000] {dag.py:3441} INFO - Setting next_dagrun for example_trigger_target_dag to None, run_after=None
[2025-04-24T23:47:06.726+0000] {processor.py:175} INFO - Processing /home/airflow/.local/lib/python3.7/site-packages/airflow/example_dags/example_trigger_target_dag.py took 0.042 seconds
[2025-04-24T23:47:37.357+0000] {processor.py:153} INFO - Started process (PID=3873) to work on /home/airflow/.local/lib/python3.7/site-packages/airflow/example_dags/example_trigger_target_dag.py
[2025-04-24T23:47:37.357+0000] {processor.py:743} INFO - Processing file /home/airflow/.local/lib/python3.7/site-packages/airflow/example_dags/example_trigger_target_dag.py for tasks to queue
[2025-04-24T23:47:37.358+0000] {logging_mixin.py:137} INFO - [2025-04-24T23:47:37.358+0000] {dagbag.py:538} INFO - Filling up the DagBag from /home/airflow/.local/lib/python3.7/site-packages/airflow/example_dags/example_trigger_target_dag.py
[2025-04-24T23:47:37.367+0000] {processor.py:753} INFO - DAG(s) dict_keys(['example_trigger_target_dag']) retrieved from /home/airflow/.local/lib/python3.7/site-packages/airflow/example_dags/example_trigger_target_dag.py
[2025-04-24T23:47:37.381+0000] {logging_mixin.py:137} INFO - [2025-04-24T23:47:37.381+0000] {dag.py:2690} INFO - Sync 1 DAGs
[2025-04-24T23:47:37.393+0000] {logging_mixin.py:137} INFO - [2025-04-24T23:47:37.392+0000] {dag.py:3441} INFO - Setting next_dagrun for example_trigger_target_dag to None, run_after=None
[2025-04-24T23:47:37.407+0000] {processor.py:175} INFO - Processing /home/airflow/.local/lib/python3.7/site-packages/airflow/example_dags/example_trigger_target_dag.py took 0.053 seconds
[2025-04-24T23:48:08.009+0000] {processor.py:153} INFO - Started process (PID=3948) to work on /home/airflow/.local/lib/python3.7/site-packages/airflow/example_dags/example_trigger_target_dag.py
[2025-04-24T23:48:08.011+0000] {processor.py:743} INFO - Processing file /home/airflow/.local/lib/python3.7/site-packages/airflow/example_dags/example_trigger_target_dag.py for tasks to queue
[2025-04-24T23:48:08.011+0000] {logging_mixin.py:137} INFO - [2025-04-24T23:48:08.011+0000] {dagbag.py:538} INFO - Filling up the DagBag from /home/airflow/.local/lib/python3.7/site-packages/airflow/example_dags/example_trigger_target_dag.py
[2025-04-24T23:48:08.021+0000] {processor.py:753} INFO - DAG(s) dict_keys(['example_trigger_target_dag']) retrieved from /home/airflow/.local/lib/python3.7/site-packages/airflow/example_dags/example_trigger_target_dag.py
[2025-04-24T23:48:08.033+0000] {logging_mixin.py:137} INFO - [2025-04-24T23:48:08.033+0000] {dag.py:2690} INFO - Sync 1 DAGs
[2025-04-24T23:48:08.044+0000] {logging_mixin.py:137} INFO - [2025-04-24T23:48:08.044+0000] {dag.py:3441} INFO - Setting next_dagrun for example_trigger_target_dag to None, run_after=None
[2025-04-24T23:48:08.052+0000] {processor.py:175} INFO - Processing /home/airflow/.local/lib/python3.7/site-packages/airflow/example_dags/example_trigger_target_dag.py took 0.045 seconds
[2025-04-24T23:48:38.515+0000] {processor.py:153} INFO - Started process (PID=4040) to work on /home/airflow/.local/lib/python3.7/site-packages/airflow/example_dags/example_trigger_target_dag.py
[2025-04-24T23:48:38.515+0000] {processor.py:743} INFO - Processing file /home/airflow/.local/lib/python3.7/site-packages/airflow/example_dags/example_trigger_target_dag.py for tasks to queue
[2025-04-24T23:48:38.515+0000] {logging_mixin.py:137} INFO - [2025-04-24T23:48:38.515+0000] {dagbag.py:538} INFO - Filling up the DagBag from /home/airflow/.local/lib/python3.7/site-packages/airflow/example_dags/example_trigger_target_dag.py
[2025-04-24T23:48:38.523+0000] {processor.py:753} INFO - DAG(s) dict_keys(['example_trigger_target_dag']) retrieved from /home/airflow/.local/lib/python3.7/site-packages/airflow/example_dags/example_trigger_target_dag.py
[2025-04-24T23:48:38.532+0000] {logging_mixin.py:137} INFO - [2025-04-24T23:48:38.532+0000] {dag.py:2690} INFO - Sync 1 DAGs
[2025-04-24T23:48:38.542+0000] {logging_mixin.py:137} INFO - [2025-04-24T23:48:38.542+0000] {dag.py:3441} INFO - Setting next_dagrun for example_trigger_target_dag to None, run_after=None
[2025-04-24T23:48:38.548+0000] {processor.py:175} INFO - Processing /home/airflow/.local/lib/python3.7/site-packages/airflow/example_dags/example_trigger_target_dag.py took 0.034 seconds
[2025-04-24T23:49:09.017+0000] {processor.py:153} INFO - Started process (PID=4132) to work on /home/airflow/.local/lib/python3.7/site-packages/airflow/example_dags/example_trigger_target_dag.py
[2025-04-24T23:49:09.018+0000] {processor.py:743} INFO - Processing file /home/airflow/.local/lib/python3.7/site-packages/airflow/example_dags/example_trigger_target_dag.py for tasks to queue
[2025-04-24T23:49:09.018+0000] {logging_mixin.py:137} INFO - [2025-04-24T23:49:09.018+0000] {dagbag.py:538} INFO - Filling up the DagBag from /home/airflow/.local/lib/python3.7/site-packages/airflow/example_dags/example_trigger_target_dag.py
[2025-04-24T23:49:09.026+0000] {processor.py:753} INFO - DAG(s) dict_keys(['example_trigger_target_dag']) retrieved from /home/airflow/.local/lib/python3.7/site-packages/airflow/example_dags/example_trigger_target_dag.py
[2025-04-24T23:49:09.035+0000] {logging_mixin.py:137} INFO - [2025-04-24T23:49:09.035+0000] {dag.py:2690} INFO - Sync 1 DAGs
[2025-04-24T23:49:09.044+0000] {logging_mixin.py:137} INFO - [2025-04-24T23:49:09.044+0000] {dag.py:3441} INFO - Setting next_dagrun for example_trigger_target_dag to None, run_after=None
[2025-04-24T23:49:09.049+0000] {processor.py:175} INFO - Processing /home/airflow/.local/lib/python3.7/site-packages/airflow/example_dags/example_trigger_target_dag.py took 0.033 seconds
[2025-04-24T23:56:17.318+0000] {processor.py:153} INFO - Started process (PID=4208) to work on /home/airflow/.local/lib/python3.7/site-packages/airflow/example_dags/example_trigger_target_dag.py
[2025-04-24T23:56:17.324+0000] {processor.py:743} INFO - Processing file /home/airflow/.local/lib/python3.7/site-packages/airflow/example_dags/example_trigger_target_dag.py for tasks to queue
[2025-04-24T23:56:17.328+0000] {logging_mixin.py:137} INFO - [2025-04-24T23:56:17.327+0000] {dagbag.py:538} INFO - Filling up the DagBag from /home/airflow/.local/lib/python3.7/site-packages/airflow/example_dags/example_trigger_target_dag.py
[2025-04-24T23:56:17.375+0000] {processor.py:753} INFO - DAG(s) dict_keys(['example_trigger_target_dag']) retrieved from /home/airflow/.local/lib/python3.7/site-packages/airflow/example_dags/example_trigger_target_dag.py
[2025-04-24T23:56:17.391+0000] {logging_mixin.py:137} INFO - [2025-04-24T23:56:17.391+0000] {dag.py:2690} INFO - Sync 1 DAGs
[2025-04-24T23:56:17.404+0000] {logging_mixin.py:137} INFO - [2025-04-24T23:56:17.404+0000] {dag.py:3441} INFO - Setting next_dagrun for example_trigger_target_dag to None, run_after=None
[2025-04-24T23:56:17.416+0000] {processor.py:175} INFO - Processing /home/airflow/.local/lib/python3.7/site-packages/airflow/example_dags/example_trigger_target_dag.py took 0.101 seconds
[2025-04-24T23:56:47.977+0000] {processor.py:153} INFO - Started process (PID=4284) to work on /home/airflow/.local/lib/python3.7/site-packages/airflow/example_dags/example_trigger_target_dag.py
[2025-04-24T23:56:47.977+0000] {processor.py:743} INFO - Processing file /home/airflow/.local/lib/python3.7/site-packages/airflow/example_dags/example_trigger_target_dag.py for tasks to queue
[2025-04-24T23:56:47.979+0000] {logging_mixin.py:137} INFO - [2025-04-24T23:56:47.979+0000] {dagbag.py:538} INFO - Filling up the DagBag from /home/airflow/.local/lib/python3.7/site-packages/airflow/example_dags/example_trigger_target_dag.py
[2025-04-24T23:56:47.988+0000] {processor.py:753} INFO - DAG(s) dict_keys(['example_trigger_target_dag']) retrieved from /home/airflow/.local/lib/python3.7/site-packages/airflow/example_dags/example_trigger_target_dag.py
[2025-04-24T23:56:47.999+0000] {logging_mixin.py:137} INFO - [2025-04-24T23:56:47.999+0000] {dag.py:2690} INFO - Sync 1 DAGs
[2025-04-24T23:56:48.009+0000] {logging_mixin.py:137} INFO - [2025-04-24T23:56:48.009+0000] {dag.py:3441} INFO - Setting next_dagrun for example_trigger_target_dag to None, run_after=None
[2025-04-24T23:56:48.020+0000] {processor.py:175} INFO - Processing /home/airflow/.local/lib/python3.7/site-packages/airflow/example_dags/example_trigger_target_dag.py took 0.045 seconds
[2025-04-24T23:57:18.547+0000] {processor.py:153} INFO - Started process (PID=4376) to work on /home/airflow/.local/lib/python3.7/site-packages/airflow/example_dags/example_trigger_target_dag.py
[2025-04-24T23:57:18.548+0000] {processor.py:743} INFO - Processing file /home/airflow/.local/lib/python3.7/site-packages/airflow/example_dags/example_trigger_target_dag.py for tasks to queue
[2025-04-24T23:57:18.548+0000] {logging_mixin.py:137} INFO - [2025-04-24T23:57:18.548+0000] {dagbag.py:538} INFO - Filling up the DagBag from /home/airflow/.local/lib/python3.7/site-packages/airflow/example_dags/example_trigger_target_dag.py
[2025-04-24T23:57:18.558+0000] {processor.py:753} INFO - DAG(s) dict_keys(['example_trigger_target_dag']) retrieved from /home/airflow/.local/lib/python3.7/site-packages/airflow/example_dags/example_trigger_target_dag.py
[2025-04-24T23:57:18.571+0000] {logging_mixin.py:137} INFO - [2025-04-24T23:57:18.571+0000] {dag.py:2690} INFO - Sync 1 DAGs
[2025-04-24T23:57:18.581+0000] {logging_mixin.py:137} INFO - [2025-04-24T23:57:18.581+0000] {dag.py:3441} INFO - Setting next_dagrun for example_trigger_target_dag to None, run_after=None
[2025-04-24T23:57:18.590+0000] {processor.py:175} INFO - Processing /home/airflow/.local/lib/python3.7/site-packages/airflow/example_dags/example_trigger_target_dag.py took 0.045 seconds
[2025-04-24T23:57:48.984+0000] {processor.py:153} INFO - Started process (PID=4468) to work on /home/airflow/.local/lib/python3.7/site-packages/airflow/example_dags/example_trigger_target_dag.py
[2025-04-24T23:57:48.984+0000] {processor.py:743} INFO - Processing file /home/airflow/.local/lib/python3.7/site-packages/airflow/example_dags/example_trigger_target_dag.py for tasks to queue
[2025-04-24T23:57:48.985+0000] {logging_mixin.py:137} INFO - [2025-04-24T23:57:48.985+0000] {dagbag.py:538} INFO - Filling up the DagBag from /home/airflow/.local/lib/python3.7/site-packages/airflow/example_dags/example_trigger_target_dag.py
[2025-04-24T23:57:48.995+0000] {processor.py:753} INFO - DAG(s) dict_keys(['example_trigger_target_dag']) retrieved from /home/airflow/.local/lib/python3.7/site-packages/airflow/example_dags/example_trigger_target_dag.py
[2025-04-24T23:57:49.007+0000] {logging_mixin.py:137} INFO - [2025-04-24T23:57:49.007+0000] {dag.py:2690} INFO - Sync 1 DAGs
[2025-04-24T23:57:49.016+0000] {logging_mixin.py:137} INFO - [2025-04-24T23:57:49.016+0000] {dag.py:3441} INFO - Setting next_dagrun for example_trigger_target_dag to None, run_after=None
[2025-04-24T23:57:49.024+0000] {processor.py:175} INFO - Processing /home/airflow/.local/lib/python3.7/site-packages/airflow/example_dags/example_trigger_target_dag.py took 0.042 seconds
[2025-04-24T23:58:19.538+0000] {processor.py:153} INFO - Started process (PID=4560) to work on /home/airflow/.local/lib/python3.7/site-packages/airflow/example_dags/example_trigger_target_dag.py
[2025-04-24T23:58:19.540+0000] {processor.py:743} INFO - Processing file /home/airflow/.local/lib/python3.7/site-packages/airflow/example_dags/example_trigger_target_dag.py for tasks to queue
[2025-04-24T23:58:19.542+0000] {logging_mixin.py:137} INFO - [2025-04-24T23:58:19.542+0000] {dagbag.py:538} INFO - Filling up the DagBag from /home/airflow/.local/lib/python3.7/site-packages/airflow/example_dags/example_trigger_target_dag.py
[2025-04-24T23:58:19.551+0000] {processor.py:753} INFO - DAG(s) dict_keys(['example_trigger_target_dag']) retrieved from /home/airflow/.local/lib/python3.7/site-packages/airflow/example_dags/example_trigger_target_dag.py
[2025-04-24T23:58:19.563+0000] {logging_mixin.py:137} INFO - [2025-04-24T23:58:19.563+0000] {dag.py:2690} INFO - Sync 1 DAGs
[2025-04-24T23:58:19.573+0000] {logging_mixin.py:137} INFO - [2025-04-24T23:58:19.573+0000] {dag.py:3441} INFO - Setting next_dagrun for example_trigger_target_dag to None, run_after=None
[2025-04-24T23:58:19.586+0000] {processor.py:175} INFO - Processing /home/airflow/.local/lib/python3.7/site-packages/airflow/example_dags/example_trigger_target_dag.py took 0.049 seconds
[2025-04-24T23:58:50.020+0000] {processor.py:153} INFO - Started process (PID=4635) to work on /home/airflow/.local/lib/python3.7/site-packages/airflow/example_dags/example_trigger_target_dag.py
[2025-04-24T23:58:50.021+0000] {processor.py:743} INFO - Processing file /home/airflow/.local/lib/python3.7/site-packages/airflow/example_dags/example_trigger_target_dag.py for tasks to queue
[2025-04-24T23:58:50.022+0000] {logging_mixin.py:137} INFO - [2025-04-24T23:58:50.022+0000] {dagbag.py:538} INFO - Filling up the DagBag from /home/airflow/.local/lib/python3.7/site-packages/airflow/example_dags/example_trigger_target_dag.py
[2025-04-24T23:58:50.030+0000] {processor.py:753} INFO - DAG(s) dict_keys(['example_trigger_target_dag']) retrieved from /home/airflow/.local/lib/python3.7/site-packages/airflow/example_dags/example_trigger_target_dag.py
[2025-04-24T23:58:50.043+0000] {logging_mixin.py:137} INFO - [2025-04-24T23:58:50.043+0000] {dag.py:2690} INFO - Sync 1 DAGs
[2025-04-24T23:58:50.053+0000] {logging_mixin.py:137} INFO - [2025-04-24T23:58:50.053+0000] {dag.py:3441} INFO - Setting next_dagrun for example_trigger_target_dag to None, run_after=None
[2025-04-24T23:58:50.061+0000] {processor.py:175} INFO - Processing /home/airflow/.local/lib/python3.7/site-packages/airflow/example_dags/example_trigger_target_dag.py took 0.042 seconds
[2025-04-24T23:59:20.520+0000] {processor.py:153} INFO - Started process (PID=4727) to work on /home/airflow/.local/lib/python3.7/site-packages/airflow/example_dags/example_trigger_target_dag.py
[2025-04-24T23:59:20.521+0000] {processor.py:743} INFO - Processing file /home/airflow/.local/lib/python3.7/site-packages/airflow/example_dags/example_trigger_target_dag.py for tasks to queue
[2025-04-24T23:59:20.522+0000] {logging_mixin.py:137} INFO - [2025-04-24T23:59:20.522+0000] {dagbag.py:538} INFO - Filling up the DagBag from /home/airflow/.local/lib/python3.7/site-packages/airflow/example_dags/example_trigger_target_dag.py
[2025-04-24T23:59:20.533+0000] {processor.py:753} INFO - DAG(s) dict_keys(['example_trigger_target_dag']) retrieved from /home/airflow/.local/lib/python3.7/site-packages/airflow/example_dags/example_trigger_target_dag.py
[2025-04-24T23:59:20.546+0000] {logging_mixin.py:137} INFO - [2025-04-24T23:59:20.546+0000] {dag.py:2690} INFO - Sync 1 DAGs
[2025-04-24T23:59:20.557+0000] {logging_mixin.py:137} INFO - [2025-04-24T23:59:20.557+0000] {dag.py:3441} INFO - Setting next_dagrun for example_trigger_target_dag to None, run_after=None
[2025-04-24T23:59:20.565+0000] {processor.py:175} INFO - Processing /home/airflow/.local/lib/python3.7/site-packages/airflow/example_dags/example_trigger_target_dag.py took 0.047 seconds
[2025-04-24T23:59:51.176+0000] {processor.py:153} INFO - Started process (PID=4819) to work on /home/airflow/.local/lib/python3.7/site-packages/airflow/example_dags/example_trigger_target_dag.py
[2025-04-24T23:59:51.178+0000] {processor.py:743} INFO - Processing file /home/airflow/.local/lib/python3.7/site-packages/airflow/example_dags/example_trigger_target_dag.py for tasks to queue
[2025-04-24T23:59:51.178+0000] {logging_mixin.py:137} INFO - [2025-04-24T23:59:51.178+0000] {dagbag.py:538} INFO - Filling up the DagBag from /home/airflow/.local/lib/python3.7/site-packages/airflow/example_dags/example_trigger_target_dag.py
[2025-04-24T23:59:51.187+0000] {processor.py:753} INFO - DAG(s) dict_keys(['example_trigger_target_dag']) retrieved from /home/airflow/.local/lib/python3.7/site-packages/airflow/example_dags/example_trigger_target_dag.py
[2025-04-24T23:59:51.201+0000] {logging_mixin.py:137} INFO - [2025-04-24T23:59:51.201+0000] {dag.py:2690} INFO - Sync 1 DAGs
[2025-04-24T23:59:51.215+0000] {logging_mixin.py:137} INFO - [2025-04-24T23:59:51.215+0000] {dag.py:3441} INFO - Setting next_dagrun for example_trigger_target_dag to None, run_after=None
[2025-04-24T23:59:51.227+0000] {processor.py:175} INFO - Processing /home/airflow/.local/lib/python3.7/site-packages/airflow/example_dags/example_trigger_target_dag.py took 0.053 seconds
