[2025-04-24T22:03:15.606+0000] {processor.py:153} INFO - Started process (PID=81) to work on /home/airflow/.local/lib/python3.7/site-packages/airflow/example_dags/example_nested_branch_dag.py
[2025-04-24T22:03:15.608+0000] {processor.py:743} INFO - Processing file /home/airflow/.local/lib/python3.7/site-packages/airflow/example_dags/example_nested_branch_dag.py for tasks to queue
[2025-04-24T22:03:15.608+0000] {logging_mixin.py:137} INFO - [2025-04-24T22:03:15.608+0000] {dagbag.py:538} INFO - Filling up the DagBag from /home/airflow/.local/lib/python3.7/site-packages/airflow/example_dags/example_nested_branch_dag.py
[2025-04-24T22:03:15.621+0000] {processor.py:753} INFO - DAG(s) dict_keys(['example_nested_branch_dag']) retrieved from /home/airflow/.local/lib/python3.7/site-packages/airflow/example_dags/example_nested_branch_dag.py
[2025-04-24T22:03:15.637+0000] {logging_mixin.py:137} INFO - [2025-04-24T22:03:15.637+0000] {dag.py:2690} INFO - Sync 1 DAGs
[2025-04-24T22:03:15.655+0000] {logging_mixin.py:137} INFO - [2025-04-24T22:03:15.655+0000] {dag.py:3441} INFO - Setting next_dagrun for example_nested_branch_dag to 2025-04-23T00:00:00+00:00, run_after=2025-04-24T00:00:00+00:00
[2025-04-24T22:03:15.664+0000] {processor.py:175} INFO - Processing /home/airflow/.local/lib/python3.7/site-packages/airflow/example_dags/example_nested_branch_dag.py took 0.059 seconds
[2025-04-24T22:03:46.171+0000] {processor.py:153} INFO - Started process (PID=190) to work on /home/airflow/.local/lib/python3.7/site-packages/airflow/example_dags/example_nested_branch_dag.py
[2025-04-24T22:03:46.172+0000] {processor.py:743} INFO - Processing file /home/airflow/.local/lib/python3.7/site-packages/airflow/example_dags/example_nested_branch_dag.py for tasks to queue
[2025-04-24T22:03:46.172+0000] {logging_mixin.py:137} INFO - [2025-04-24T22:03:46.172+0000] {dagbag.py:538} INFO - Filling up the DagBag from /home/airflow/.local/lib/python3.7/site-packages/airflow/example_dags/example_nested_branch_dag.py
[2025-04-24T22:03:46.184+0000] {processor.py:753} INFO - DAG(s) dict_keys(['example_nested_branch_dag']) retrieved from /home/airflow/.local/lib/python3.7/site-packages/airflow/example_dags/example_nested_branch_dag.py
[2025-04-24T22:03:46.194+0000] {logging_mixin.py:137} INFO - [2025-04-24T22:03:46.194+0000] {dag.py:2690} INFO - Sync 1 DAGs
[2025-04-24T22:03:46.205+0000] {logging_mixin.py:137} INFO - [2025-04-24T22:03:46.205+0000] {dag.py:3441} INFO - Setting next_dagrun for example_nested_branch_dag to 2025-04-23T00:00:00+00:00, run_after=2025-04-24T00:00:00+00:00
[2025-04-24T22:03:46.222+0000] {processor.py:175} INFO - Processing /home/airflow/.local/lib/python3.7/site-packages/airflow/example_dags/example_nested_branch_dag.py took 0.052 seconds
[2025-04-24T22:04:16.723+0000] {processor.py:153} INFO - Started process (PID=281) to work on /home/airflow/.local/lib/python3.7/site-packages/airflow/example_dags/example_nested_branch_dag.py
[2025-04-24T22:04:16.724+0000] {processor.py:743} INFO - Processing file /home/airflow/.local/lib/python3.7/site-packages/airflow/example_dags/example_nested_branch_dag.py for tasks to queue
[2025-04-24T22:04:16.726+0000] {logging_mixin.py:137} INFO - [2025-04-24T22:04:16.726+0000] {dagbag.py:538} INFO - Filling up the DagBag from /home/airflow/.local/lib/python3.7/site-packages/airflow/example_dags/example_nested_branch_dag.py
[2025-04-24T22:04:16.737+0000] {processor.py:753} INFO - DAG(s) dict_keys(['example_nested_branch_dag']) retrieved from /home/airflow/.local/lib/python3.7/site-packages/airflow/example_dags/example_nested_branch_dag.py
[2025-04-24T22:04:16.747+0000] {logging_mixin.py:137} INFO - [2025-04-24T22:04:16.747+0000] {dag.py:2690} INFO - Sync 1 DAGs
[2025-04-24T22:04:16.761+0000] {logging_mixin.py:137} INFO - [2025-04-24T22:04:16.761+0000] {dag.py:3441} INFO - Setting next_dagrun for example_nested_branch_dag to 2025-04-23T00:00:00+00:00, run_after=2025-04-24T00:00:00+00:00
[2025-04-24T22:04:16.770+0000] {processor.py:175} INFO - Processing /home/airflow/.local/lib/python3.7/site-packages/airflow/example_dags/example_nested_branch_dag.py took 0.048 seconds
[2025-04-24T22:04:47.389+0000] {processor.py:153} INFO - Started process (PID=357) to work on /home/airflow/.local/lib/python3.7/site-packages/airflow/example_dags/example_nested_branch_dag.py
[2025-04-24T22:04:47.390+0000] {processor.py:743} INFO - Processing file /home/airflow/.local/lib/python3.7/site-packages/airflow/example_dags/example_nested_branch_dag.py for tasks to queue
[2025-04-24T22:04:47.390+0000] {logging_mixin.py:137} INFO - [2025-04-24T22:04:47.390+0000] {dagbag.py:538} INFO - Filling up the DagBag from /home/airflow/.local/lib/python3.7/site-packages/airflow/example_dags/example_nested_branch_dag.py
[2025-04-24T22:04:47.400+0000] {processor.py:753} INFO - DAG(s) dict_keys(['example_nested_branch_dag']) retrieved from /home/airflow/.local/lib/python3.7/site-packages/airflow/example_dags/example_nested_branch_dag.py
[2025-04-24T22:04:47.412+0000] {logging_mixin.py:137} INFO - [2025-04-24T22:04:47.412+0000] {dag.py:2690} INFO - Sync 1 DAGs
[2025-04-24T22:04:47.425+0000] {logging_mixin.py:137} INFO - [2025-04-24T22:04:47.424+0000] {dag.py:3441} INFO - Setting next_dagrun for example_nested_branch_dag to 2025-04-23T00:00:00+00:00, run_after=2025-04-24T00:00:00+00:00
[2025-04-24T22:04:47.431+0000] {processor.py:175} INFO - Processing /home/airflow/.local/lib/python3.7/site-packages/airflow/example_dags/example_nested_branch_dag.py took 0.044 seconds
[2025-04-24T22:05:17.841+0000] {processor.py:153} INFO - Started process (PID=449) to work on /home/airflow/.local/lib/python3.7/site-packages/airflow/example_dags/example_nested_branch_dag.py
[2025-04-24T22:05:17.842+0000] {processor.py:743} INFO - Processing file /home/airflow/.local/lib/python3.7/site-packages/airflow/example_dags/example_nested_branch_dag.py for tasks to queue
[2025-04-24T22:05:17.843+0000] {logging_mixin.py:137} INFO - [2025-04-24T22:05:17.843+0000] {dagbag.py:538} INFO - Filling up the DagBag from /home/airflow/.local/lib/python3.7/site-packages/airflow/example_dags/example_nested_branch_dag.py
[2025-04-24T22:05:17.853+0000] {processor.py:753} INFO - DAG(s) dict_keys(['example_nested_branch_dag']) retrieved from /home/airflow/.local/lib/python3.7/site-packages/airflow/example_dags/example_nested_branch_dag.py
[2025-04-24T22:05:17.867+0000] {logging_mixin.py:137} INFO - [2025-04-24T22:05:17.867+0000] {dag.py:2690} INFO - Sync 1 DAGs
[2025-04-24T22:05:17.877+0000] {logging_mixin.py:137} INFO - [2025-04-24T22:05:17.877+0000] {dag.py:3441} INFO - Setting next_dagrun for example_nested_branch_dag to 2025-04-23T00:00:00+00:00, run_after=2025-04-24T00:00:00+00:00
[2025-04-24T22:05:17.886+0000] {processor.py:175} INFO - Processing /home/airflow/.local/lib/python3.7/site-packages/airflow/example_dags/example_nested_branch_dag.py took 0.046 seconds
[2025-04-24T22:05:48.335+0000] {processor.py:153} INFO - Started process (PID=541) to work on /home/airflow/.local/lib/python3.7/site-packages/airflow/example_dags/example_nested_branch_dag.py
[2025-04-24T22:05:48.336+0000] {processor.py:743} INFO - Processing file /home/airflow/.local/lib/python3.7/site-packages/airflow/example_dags/example_nested_branch_dag.py for tasks to queue
[2025-04-24T22:05:48.336+0000] {logging_mixin.py:137} INFO - [2025-04-24T22:05:48.336+0000] {dagbag.py:538} INFO - Filling up the DagBag from /home/airflow/.local/lib/python3.7/site-packages/airflow/example_dags/example_nested_branch_dag.py
[2025-04-24T22:05:48.346+0000] {processor.py:753} INFO - DAG(s) dict_keys(['example_nested_branch_dag']) retrieved from /home/airflow/.local/lib/python3.7/site-packages/airflow/example_dags/example_nested_branch_dag.py
[2025-04-24T22:05:48.358+0000] {logging_mixin.py:137} INFO - [2025-04-24T22:05:48.358+0000] {dag.py:2690} INFO - Sync 1 DAGs
[2025-04-24T22:05:48.369+0000] {logging_mixin.py:137} INFO - [2025-04-24T22:05:48.369+0000] {dag.py:3441} INFO - Setting next_dagrun for example_nested_branch_dag to 2025-04-23T00:00:00+00:00, run_after=2025-04-24T00:00:00+00:00
[2025-04-24T22:05:48.376+0000] {processor.py:175} INFO - Processing /home/airflow/.local/lib/python3.7/site-packages/airflow/example_dags/example_nested_branch_dag.py took 0.043 seconds
[2025-04-24T22:06:18.850+0000] {processor.py:153} INFO - Started process (PID=633) to work on /home/airflow/.local/lib/python3.7/site-packages/airflow/example_dags/example_nested_branch_dag.py
[2025-04-24T22:06:18.851+0000] {processor.py:743} INFO - Processing file /home/airflow/.local/lib/python3.7/site-packages/airflow/example_dags/example_nested_branch_dag.py for tasks to queue
[2025-04-24T22:06:18.852+0000] {logging_mixin.py:137} INFO - [2025-04-24T22:06:18.852+0000] {dagbag.py:538} INFO - Filling up the DagBag from /home/airflow/.local/lib/python3.7/site-packages/airflow/example_dags/example_nested_branch_dag.py
[2025-04-24T22:06:18.862+0000] {processor.py:753} INFO - DAG(s) dict_keys(['example_nested_branch_dag']) retrieved from /home/airflow/.local/lib/python3.7/site-packages/airflow/example_dags/example_nested_branch_dag.py
[2025-04-24T22:06:18.875+0000] {logging_mixin.py:137} INFO - [2025-04-24T22:06:18.875+0000] {dag.py:2690} INFO - Sync 1 DAGs
[2025-04-24T22:06:18.887+0000] {logging_mixin.py:137} INFO - [2025-04-24T22:06:18.887+0000] {dag.py:3441} INFO - Setting next_dagrun for example_nested_branch_dag to 2025-04-23T00:00:00+00:00, run_after=2025-04-24T00:00:00+00:00
[2025-04-24T22:06:18.897+0000] {processor.py:175} INFO - Processing /home/airflow/.local/lib/python3.7/site-packages/airflow/example_dags/example_nested_branch_dag.py took 0.048 seconds
[2025-04-24T22:06:49.524+0000] {processor.py:153} INFO - Started process (PID=716) to work on /home/airflow/.local/lib/python3.7/site-packages/airflow/example_dags/example_nested_branch_dag.py
[2025-04-24T22:06:49.526+0000] {processor.py:743} INFO - Processing file /home/airflow/.local/lib/python3.7/site-packages/airflow/example_dags/example_nested_branch_dag.py for tasks to queue
[2025-04-24T22:06:49.526+0000] {logging_mixin.py:137} INFO - [2025-04-24T22:06:49.526+0000] {dagbag.py:538} INFO - Filling up the DagBag from /home/airflow/.local/lib/python3.7/site-packages/airflow/example_dags/example_nested_branch_dag.py
[2025-04-24T22:06:49.538+0000] {processor.py:753} INFO - DAG(s) dict_keys(['example_nested_branch_dag']) retrieved from /home/airflow/.local/lib/python3.7/site-packages/airflow/example_dags/example_nested_branch_dag.py
[2025-04-24T22:06:49.550+0000] {logging_mixin.py:137} INFO - [2025-04-24T22:06:49.550+0000] {dag.py:2690} INFO - Sync 1 DAGs
[2025-04-24T22:06:49.563+0000] {logging_mixin.py:137} INFO - [2025-04-24T22:06:49.563+0000] {dag.py:3441} INFO - Setting next_dagrun for example_nested_branch_dag to 2025-04-23T00:00:00+00:00, run_after=2025-04-24T00:00:00+00:00
[2025-04-24T22:06:49.576+0000] {processor.py:175} INFO - Processing /home/airflow/.local/lib/python3.7/site-packages/airflow/example_dags/example_nested_branch_dag.py took 0.054 seconds
[2025-04-24T22:07:20.214+0000] {processor.py:153} INFO - Started process (PID=801) to work on /home/airflow/.local/lib/python3.7/site-packages/airflow/example_dags/example_nested_branch_dag.py
[2025-04-24T22:07:20.216+0000] {processor.py:743} INFO - Processing file /home/airflow/.local/lib/python3.7/site-packages/airflow/example_dags/example_nested_branch_dag.py for tasks to queue
[2025-04-24T22:07:20.216+0000] {logging_mixin.py:137} INFO - [2025-04-24T22:07:20.216+0000] {dagbag.py:538} INFO - Filling up the DagBag from /home/airflow/.local/lib/python3.7/site-packages/airflow/example_dags/example_nested_branch_dag.py
[2025-04-24T22:07:20.231+0000] {processor.py:753} INFO - DAG(s) dict_keys(['example_nested_branch_dag']) retrieved from /home/airflow/.local/lib/python3.7/site-packages/airflow/example_dags/example_nested_branch_dag.py
[2025-04-24T22:07:20.246+0000] {logging_mixin.py:137} INFO - [2025-04-24T22:07:20.246+0000] {dag.py:2690} INFO - Sync 1 DAGs
[2025-04-24T22:07:20.259+0000] {logging_mixin.py:137} INFO - [2025-04-24T22:07:20.259+0000] {dag.py:3441} INFO - Setting next_dagrun for example_nested_branch_dag to 2025-04-23T00:00:00+00:00, run_after=2025-04-24T00:00:00+00:00
[2025-04-24T22:07:20.269+0000] {processor.py:175} INFO - Processing /home/airflow/.local/lib/python3.7/site-packages/airflow/example_dags/example_nested_branch_dag.py took 0.057 seconds
[2025-04-24T22:07:50.812+0000] {processor.py:153} INFO - Started process (PID=893) to work on /home/airflow/.local/lib/python3.7/site-packages/airflow/example_dags/example_nested_branch_dag.py
[2025-04-24T22:07:50.812+0000] {processor.py:743} INFO - Processing file /home/airflow/.local/lib/python3.7/site-packages/airflow/example_dags/example_nested_branch_dag.py for tasks to queue
[2025-04-24T22:07:50.813+0000] {logging_mixin.py:137} INFO - [2025-04-24T22:07:50.813+0000] {dagbag.py:538} INFO - Filling up the DagBag from /home/airflow/.local/lib/python3.7/site-packages/airflow/example_dags/example_nested_branch_dag.py
[2025-04-24T22:07:50.822+0000] {processor.py:753} INFO - DAG(s) dict_keys(['example_nested_branch_dag']) retrieved from /home/airflow/.local/lib/python3.7/site-packages/airflow/example_dags/example_nested_branch_dag.py
[2025-04-24T22:07:50.835+0000] {logging_mixin.py:137} INFO - [2025-04-24T22:07:50.835+0000] {dag.py:2690} INFO - Sync 1 DAGs
[2025-04-24T22:07:50.845+0000] {logging_mixin.py:137} INFO - [2025-04-24T22:07:50.845+0000] {dag.py:3441} INFO - Setting next_dagrun for example_nested_branch_dag to 2025-04-23T00:00:00+00:00, run_after=2025-04-24T00:00:00+00:00
[2025-04-24T22:07:50.857+0000] {processor.py:175} INFO - Processing /home/airflow/.local/lib/python3.7/site-packages/airflow/example_dags/example_nested_branch_dag.py took 0.047 seconds
[2025-04-24T23:25:40.700+0000] {processor.py:153} INFO - Started process (PID=74) to work on /home/airflow/.local/lib/python3.7/site-packages/airflow/example_dags/example_nested_branch_dag.py
[2025-04-24T23:25:40.705+0000] {processor.py:743} INFO - Processing file /home/airflow/.local/lib/python3.7/site-packages/airflow/example_dags/example_nested_branch_dag.py for tasks to queue
[2025-04-24T23:25:40.706+0000] {logging_mixin.py:137} INFO - [2025-04-24T23:25:40.706+0000] {dagbag.py:538} INFO - Filling up the DagBag from /home/airflow/.local/lib/python3.7/site-packages/airflow/example_dags/example_nested_branch_dag.py
[2025-04-24T23:25:40.722+0000] {processor.py:753} INFO - DAG(s) dict_keys(['example_nested_branch_dag']) retrieved from /home/airflow/.local/lib/python3.7/site-packages/airflow/example_dags/example_nested_branch_dag.py
[2025-04-24T23:25:40.733+0000] {logging_mixin.py:137} INFO - [2025-04-24T23:25:40.732+0000] {dag.py:2690} INFO - Sync 1 DAGs
[2025-04-24T23:25:40.750+0000] {logging_mixin.py:137} INFO - [2025-04-24T23:25:40.750+0000] {dag.py:3441} INFO - Setting next_dagrun for example_nested_branch_dag to 2025-04-23T00:00:00+00:00, run_after=2025-04-24T00:00:00+00:00
[2025-04-24T23:25:40.765+0000] {processor.py:175} INFO - Processing /home/airflow/.local/lib/python3.7/site-packages/airflow/example_dags/example_nested_branch_dag.py took 0.067 seconds
[2025-04-24T23:26:11.377+0000] {processor.py:153} INFO - Started process (PID=166) to work on /home/airflow/.local/lib/python3.7/site-packages/airflow/example_dags/example_nested_branch_dag.py
[2025-04-24T23:26:11.378+0000] {processor.py:743} INFO - Processing file /home/airflow/.local/lib/python3.7/site-packages/airflow/example_dags/example_nested_branch_dag.py for tasks to queue
[2025-04-24T23:26:11.379+0000] {logging_mixin.py:137} INFO - [2025-04-24T23:26:11.379+0000] {dagbag.py:538} INFO - Filling up the DagBag from /home/airflow/.local/lib/python3.7/site-packages/airflow/example_dags/example_nested_branch_dag.py
[2025-04-24T23:26:11.390+0000] {processor.py:753} INFO - DAG(s) dict_keys(['example_nested_branch_dag']) retrieved from /home/airflow/.local/lib/python3.7/site-packages/airflow/example_dags/example_nested_branch_dag.py
[2025-04-24T23:26:11.419+0000] {logging_mixin.py:137} INFO - [2025-04-24T23:26:11.419+0000] {dag.py:2690} INFO - Sync 1 DAGs
[2025-04-24T23:26:11.430+0000] {logging_mixin.py:137} INFO - [2025-04-24T23:26:11.430+0000] {dag.py:3441} INFO - Setting next_dagrun for example_nested_branch_dag to 2025-04-23T00:00:00+00:00, run_after=2025-04-24T00:00:00+00:00
[2025-04-24T23:26:11.441+0000] {processor.py:175} INFO - Processing /home/airflow/.local/lib/python3.7/site-packages/airflow/example_dags/example_nested_branch_dag.py took 0.065 seconds
[2025-04-24T23:26:42.170+0000] {processor.py:153} INFO - Started process (PID=258) to work on /home/airflow/.local/lib/python3.7/site-packages/airflow/example_dags/example_nested_branch_dag.py
[2025-04-24T23:26:42.173+0000] {processor.py:743} INFO - Processing file /home/airflow/.local/lib/python3.7/site-packages/airflow/example_dags/example_nested_branch_dag.py for tasks to queue
[2025-04-24T23:26:42.173+0000] {logging_mixin.py:137} INFO - [2025-04-24T23:26:42.173+0000] {dagbag.py:538} INFO - Filling up the DagBag from /home/airflow/.local/lib/python3.7/site-packages/airflow/example_dags/example_nested_branch_dag.py
[2025-04-24T23:26:42.183+0000] {processor.py:753} INFO - DAG(s) dict_keys(['example_nested_branch_dag']) retrieved from /home/airflow/.local/lib/python3.7/site-packages/airflow/example_dags/example_nested_branch_dag.py
[2025-04-24T23:26:42.197+0000] {logging_mixin.py:137} INFO - [2025-04-24T23:26:42.197+0000] {dag.py:2690} INFO - Sync 1 DAGs
[2025-04-24T23:26:42.209+0000] {logging_mixin.py:137} INFO - [2025-04-24T23:26:42.209+0000] {dag.py:3441} INFO - Setting next_dagrun for example_nested_branch_dag to 2025-04-23T00:00:00+00:00, run_after=2025-04-24T00:00:00+00:00
[2025-04-24T23:26:42.220+0000] {processor.py:175} INFO - Processing /home/airflow/.local/lib/python3.7/site-packages/airflow/example_dags/example_nested_branch_dag.py took 0.051 seconds
[2025-04-24T23:27:12.767+0000] {processor.py:153} INFO - Started process (PID=334) to work on /home/airflow/.local/lib/python3.7/site-packages/airflow/example_dags/example_nested_branch_dag.py
[2025-04-24T23:27:12.768+0000] {processor.py:743} INFO - Processing file /home/airflow/.local/lib/python3.7/site-packages/airflow/example_dags/example_nested_branch_dag.py for tasks to queue
[2025-04-24T23:27:12.768+0000] {logging_mixin.py:137} INFO - [2025-04-24T23:27:12.768+0000] {dagbag.py:538} INFO - Filling up the DagBag from /home/airflow/.local/lib/python3.7/site-packages/airflow/example_dags/example_nested_branch_dag.py
[2025-04-24T23:27:12.778+0000] {processor.py:753} INFO - DAG(s) dict_keys(['example_nested_branch_dag']) retrieved from /home/airflow/.local/lib/python3.7/site-packages/airflow/example_dags/example_nested_branch_dag.py
[2025-04-24T23:27:12.790+0000] {logging_mixin.py:137} INFO - [2025-04-24T23:27:12.790+0000] {dag.py:2690} INFO - Sync 1 DAGs
[2025-04-24T23:27:12.801+0000] {logging_mixin.py:137} INFO - [2025-04-24T23:27:12.801+0000] {dag.py:3441} INFO - Setting next_dagrun for example_nested_branch_dag to 2025-04-23T00:00:00+00:00, run_after=2025-04-24T00:00:00+00:00
[2025-04-24T23:27:12.811+0000] {processor.py:175} INFO - Processing /home/airflow/.local/lib/python3.7/site-packages/airflow/example_dags/example_nested_branch_dag.py took 0.046 seconds
[2025-04-24T23:27:43.402+0000] {processor.py:153} INFO - Started process (PID=426) to work on /home/airflow/.local/lib/python3.7/site-packages/airflow/example_dags/example_nested_branch_dag.py
[2025-04-24T23:27:43.402+0000] {processor.py:743} INFO - Processing file /home/airflow/.local/lib/python3.7/site-packages/airflow/example_dags/example_nested_branch_dag.py for tasks to queue
[2025-04-24T23:27:43.404+0000] {logging_mixin.py:137} INFO - [2025-04-24T23:27:43.404+0000] {dagbag.py:538} INFO - Filling up the DagBag from /home/airflow/.local/lib/python3.7/site-packages/airflow/example_dags/example_nested_branch_dag.py
[2025-04-24T23:27:43.414+0000] {processor.py:753} INFO - DAG(s) dict_keys(['example_nested_branch_dag']) retrieved from /home/airflow/.local/lib/python3.7/site-packages/airflow/example_dags/example_nested_branch_dag.py
[2025-04-24T23:27:43.424+0000] {logging_mixin.py:137} INFO - [2025-04-24T23:27:43.424+0000] {dag.py:2690} INFO - Sync 1 DAGs
[2025-04-24T23:27:43.434+0000] {logging_mixin.py:137} INFO - [2025-04-24T23:27:43.434+0000] {dag.py:3441} INFO - Setting next_dagrun for example_nested_branch_dag to 2025-04-23T00:00:00+00:00, run_after=2025-04-24T00:00:00+00:00
[2025-04-24T23:27:43.446+0000] {processor.py:175} INFO - Processing /home/airflow/.local/lib/python3.7/site-packages/airflow/example_dags/example_nested_branch_dag.py took 0.045 seconds
[2025-04-24T23:28:14.167+0000] {processor.py:153} INFO - Started process (PID=518) to work on /home/airflow/.local/lib/python3.7/site-packages/airflow/example_dags/example_nested_branch_dag.py
[2025-04-24T23:28:14.170+0000] {processor.py:743} INFO - Processing file /home/airflow/.local/lib/python3.7/site-packages/airflow/example_dags/example_nested_branch_dag.py for tasks to queue
[2025-04-24T23:28:14.171+0000] {logging_mixin.py:137} INFO - [2025-04-24T23:28:14.171+0000] {dagbag.py:538} INFO - Filling up the DagBag from /home/airflow/.local/lib/python3.7/site-packages/airflow/example_dags/example_nested_branch_dag.py
[2025-04-24T23:28:14.181+0000] {processor.py:753} INFO - DAG(s) dict_keys(['example_nested_branch_dag']) retrieved from /home/airflow/.local/lib/python3.7/site-packages/airflow/example_dags/example_nested_branch_dag.py
[2025-04-24T23:28:14.196+0000] {logging_mixin.py:137} INFO - [2025-04-24T23:28:14.196+0000] {dag.py:2690} INFO - Sync 1 DAGs
[2025-04-24T23:28:14.207+0000] {logging_mixin.py:137} INFO - [2025-04-24T23:28:14.207+0000] {dag.py:3441} INFO - Setting next_dagrun for example_nested_branch_dag to 2025-04-23T00:00:00+00:00, run_after=2025-04-24T00:00:00+00:00
[2025-04-24T23:28:14.219+0000] {processor.py:175} INFO - Processing /home/airflow/.local/lib/python3.7/site-packages/airflow/example_dags/example_nested_branch_dag.py took 0.054 seconds
[2025-04-24T23:28:44.763+0000] {processor.py:153} INFO - Started process (PID=610) to work on /home/airflow/.local/lib/python3.7/site-packages/airflow/example_dags/example_nested_branch_dag.py
[2025-04-24T23:28:44.763+0000] {processor.py:743} INFO - Processing file /home/airflow/.local/lib/python3.7/site-packages/airflow/example_dags/example_nested_branch_dag.py for tasks to queue
[2025-04-24T23:28:44.763+0000] {logging_mixin.py:137} INFO - [2025-04-24T23:28:44.763+0000] {dagbag.py:538} INFO - Filling up the DagBag from /home/airflow/.local/lib/python3.7/site-packages/airflow/example_dags/example_nested_branch_dag.py
[2025-04-24T23:28:44.773+0000] {processor.py:753} INFO - DAG(s) dict_keys(['example_nested_branch_dag']) retrieved from /home/airflow/.local/lib/python3.7/site-packages/airflow/example_dags/example_nested_branch_dag.py
[2025-04-24T23:28:44.785+0000] {logging_mixin.py:137} INFO - [2025-04-24T23:28:44.785+0000] {dag.py:2690} INFO - Sync 1 DAGs
[2025-04-24T23:28:44.796+0000] {logging_mixin.py:137} INFO - [2025-04-24T23:28:44.796+0000] {dag.py:3441} INFO - Setting next_dagrun for example_nested_branch_dag to 2025-04-23T00:00:00+00:00, run_after=2025-04-24T00:00:00+00:00
[2025-04-24T23:28:44.805+0000] {processor.py:175} INFO - Processing /home/airflow/.local/lib/python3.7/site-packages/airflow/example_dags/example_nested_branch_dag.py took 0.044 seconds
[2025-04-24T23:29:15.455+0000] {processor.py:153} INFO - Started process (PID=702) to work on /home/airflow/.local/lib/python3.7/site-packages/airflow/example_dags/example_nested_branch_dag.py
[2025-04-24T23:29:15.456+0000] {processor.py:743} INFO - Processing file /home/airflow/.local/lib/python3.7/site-packages/airflow/example_dags/example_nested_branch_dag.py for tasks to queue
[2025-04-24T23:29:15.456+0000] {logging_mixin.py:137} INFO - [2025-04-24T23:29:15.456+0000] {dagbag.py:538} INFO - Filling up the DagBag from /home/airflow/.local/lib/python3.7/site-packages/airflow/example_dags/example_nested_branch_dag.py
[2025-04-24T23:29:15.467+0000] {processor.py:753} INFO - DAG(s) dict_keys(['example_nested_branch_dag']) retrieved from /home/airflow/.local/lib/python3.7/site-packages/airflow/example_dags/example_nested_branch_dag.py
[2025-04-24T23:29:15.478+0000] {logging_mixin.py:137} INFO - [2025-04-24T23:29:15.478+0000] {dag.py:2690} INFO - Sync 1 DAGs
[2025-04-24T23:29:15.489+0000] {logging_mixin.py:137} INFO - [2025-04-24T23:29:15.489+0000] {dag.py:3441} INFO - Setting next_dagrun for example_nested_branch_dag to 2025-04-23T00:00:00+00:00, run_after=2025-04-24T00:00:00+00:00
[2025-04-24T23:29:15.502+0000] {processor.py:175} INFO - Processing /home/airflow/.local/lib/python3.7/site-packages/airflow/example_dags/example_nested_branch_dag.py took 0.048 seconds
[2025-04-24T23:29:46.048+0000] {processor.py:153} INFO - Started process (PID=778) to work on /home/airflow/.local/lib/python3.7/site-packages/airflow/example_dags/example_nested_branch_dag.py
[2025-04-24T23:29:46.048+0000] {processor.py:743} INFO - Processing file /home/airflow/.local/lib/python3.7/site-packages/airflow/example_dags/example_nested_branch_dag.py for tasks to queue
[2025-04-24T23:29:46.048+0000] {logging_mixin.py:137} INFO - [2025-04-24T23:29:46.048+0000] {dagbag.py:538} INFO - Filling up the DagBag from /home/airflow/.local/lib/python3.7/site-packages/airflow/example_dags/example_nested_branch_dag.py
[2025-04-24T23:29:46.059+0000] {processor.py:753} INFO - DAG(s) dict_keys(['example_nested_branch_dag']) retrieved from /home/airflow/.local/lib/python3.7/site-packages/airflow/example_dags/example_nested_branch_dag.py
[2025-04-24T23:29:46.071+0000] {logging_mixin.py:137} INFO - [2025-04-24T23:29:46.071+0000] {dag.py:2690} INFO - Sync 1 DAGs
[2025-04-24T23:29:46.083+0000] {logging_mixin.py:137} INFO - [2025-04-24T23:29:46.083+0000] {dag.py:3441} INFO - Setting next_dagrun for example_nested_branch_dag to 2025-04-23T00:00:00+00:00, run_after=2025-04-24T00:00:00+00:00
[2025-04-24T23:29:46.091+0000] {processor.py:175} INFO - Processing /home/airflow/.local/lib/python3.7/site-packages/airflow/example_dags/example_nested_branch_dag.py took 0.045 seconds
[2025-04-24T23:30:16.921+0000] {processor.py:153} INFO - Started process (PID=870) to work on /home/airflow/.local/lib/python3.7/site-packages/airflow/example_dags/example_nested_branch_dag.py
[2025-04-24T23:30:16.922+0000] {processor.py:743} INFO - Processing file /home/airflow/.local/lib/python3.7/site-packages/airflow/example_dags/example_nested_branch_dag.py for tasks to queue
[2025-04-24T23:30:16.923+0000] {logging_mixin.py:137} INFO - [2025-04-24T23:30:16.922+0000] {dagbag.py:538} INFO - Filling up the DagBag from /home/airflow/.local/lib/python3.7/site-packages/airflow/example_dags/example_nested_branch_dag.py
[2025-04-24T23:30:16.933+0000] {processor.py:753} INFO - DAG(s) dict_keys(['example_nested_branch_dag']) retrieved from /home/airflow/.local/lib/python3.7/site-packages/airflow/example_dags/example_nested_branch_dag.py
[2025-04-24T23:30:16.946+0000] {logging_mixin.py:137} INFO - [2025-04-24T23:30:16.945+0000] {dag.py:2690} INFO - Sync 1 DAGs
[2025-04-24T23:30:16.957+0000] {logging_mixin.py:137} INFO - [2025-04-24T23:30:16.957+0000] {dag.py:3441} INFO - Setting next_dagrun for example_nested_branch_dag to 2025-04-23T00:00:00+00:00, run_after=2025-04-24T00:00:00+00:00
[2025-04-24T23:30:16.965+0000] {processor.py:175} INFO - Processing /home/airflow/.local/lib/python3.7/site-packages/airflow/example_dags/example_nested_branch_dag.py took 0.046 seconds
[2025-04-24T23:30:47.625+0000] {processor.py:153} INFO - Started process (PID=962) to work on /home/airflow/.local/lib/python3.7/site-packages/airflow/example_dags/example_nested_branch_dag.py
[2025-04-24T23:30:47.626+0000] {processor.py:743} INFO - Processing file /home/airflow/.local/lib/python3.7/site-packages/airflow/example_dags/example_nested_branch_dag.py for tasks to queue
[2025-04-24T23:30:47.626+0000] {logging_mixin.py:137} INFO - [2025-04-24T23:30:47.626+0000] {dagbag.py:538} INFO - Filling up the DagBag from /home/airflow/.local/lib/python3.7/site-packages/airflow/example_dags/example_nested_branch_dag.py
[2025-04-24T23:30:47.637+0000] {processor.py:753} INFO - DAG(s) dict_keys(['example_nested_branch_dag']) retrieved from /home/airflow/.local/lib/python3.7/site-packages/airflow/example_dags/example_nested_branch_dag.py
[2025-04-24T23:30:47.653+0000] {logging_mixin.py:137} INFO - [2025-04-24T23:30:47.653+0000] {dag.py:2690} INFO - Sync 1 DAGs
[2025-04-24T23:30:47.665+0000] {logging_mixin.py:137} INFO - [2025-04-24T23:30:47.665+0000] {dag.py:3441} INFO - Setting next_dagrun for example_nested_branch_dag to 2025-04-23T00:00:00+00:00, run_after=2025-04-24T00:00:00+00:00
[2025-04-24T23:30:47.677+0000] {processor.py:175} INFO - Processing /home/airflow/.local/lib/python3.7/site-packages/airflow/example_dags/example_nested_branch_dag.py took 0.054 seconds
[2025-04-24T23:31:18.395+0000] {processor.py:153} INFO - Started process (PID=1054) to work on /home/airflow/.local/lib/python3.7/site-packages/airflow/example_dags/example_nested_branch_dag.py
[2025-04-24T23:31:18.395+0000] {processor.py:743} INFO - Processing file /home/airflow/.local/lib/python3.7/site-packages/airflow/example_dags/example_nested_branch_dag.py for tasks to queue
[2025-04-24T23:31:18.396+0000] {logging_mixin.py:137} INFO - [2025-04-24T23:31:18.396+0000] {dagbag.py:538} INFO - Filling up the DagBag from /home/airflow/.local/lib/python3.7/site-packages/airflow/example_dags/example_nested_branch_dag.py
[2025-04-24T23:31:18.406+0000] {processor.py:753} INFO - DAG(s) dict_keys(['example_nested_branch_dag']) retrieved from /home/airflow/.local/lib/python3.7/site-packages/airflow/example_dags/example_nested_branch_dag.py
[2025-04-24T23:31:18.424+0000] {logging_mixin.py:137} INFO - [2025-04-24T23:31:18.423+0000] {dag.py:2690} INFO - Sync 1 DAGs
[2025-04-24T23:31:18.450+0000] {logging_mixin.py:137} INFO - [2025-04-24T23:31:18.450+0000] {dag.py:3441} INFO - Setting next_dagrun for example_nested_branch_dag to 2025-04-23T00:00:00+00:00, run_after=2025-04-24T00:00:00+00:00
[2025-04-24T23:31:18.464+0000] {processor.py:175} INFO - Processing /home/airflow/.local/lib/python3.7/site-packages/airflow/example_dags/example_nested_branch_dag.py took 0.071 seconds
[2025-04-24T23:31:49.094+0000] {processor.py:153} INFO - Started process (PID=1139) to work on /home/airflow/.local/lib/python3.7/site-packages/airflow/example_dags/example_nested_branch_dag.py
[2025-04-24T23:31:49.095+0000] {processor.py:743} INFO - Processing file /home/airflow/.local/lib/python3.7/site-packages/airflow/example_dags/example_nested_branch_dag.py for tasks to queue
[2025-04-24T23:31:49.095+0000] {logging_mixin.py:137} INFO - [2025-04-24T23:31:49.095+0000] {dagbag.py:538} INFO - Filling up the DagBag from /home/airflow/.local/lib/python3.7/site-packages/airflow/example_dags/example_nested_branch_dag.py
[2025-04-24T23:31:49.106+0000] {processor.py:753} INFO - DAG(s) dict_keys(['example_nested_branch_dag']) retrieved from /home/airflow/.local/lib/python3.7/site-packages/airflow/example_dags/example_nested_branch_dag.py
[2025-04-24T23:31:49.120+0000] {logging_mixin.py:137} INFO - [2025-04-24T23:31:49.120+0000] {dag.py:2690} INFO - Sync 1 DAGs
[2025-04-24T23:31:49.133+0000] {logging_mixin.py:137} INFO - [2025-04-24T23:31:49.133+0000] {dag.py:3441} INFO - Setting next_dagrun for example_nested_branch_dag to 2025-04-23T00:00:00+00:00, run_after=2025-04-24T00:00:00+00:00
[2025-04-24T23:31:49.143+0000] {processor.py:175} INFO - Processing /home/airflow/.local/lib/python3.7/site-packages/airflow/example_dags/example_nested_branch_dag.py took 0.051 seconds
[2025-04-24T23:32:19.754+0000] {processor.py:153} INFO - Started process (PID=1222) to work on /home/airflow/.local/lib/python3.7/site-packages/airflow/example_dags/example_nested_branch_dag.py
[2025-04-24T23:32:19.755+0000] {processor.py:743} INFO - Processing file /home/airflow/.local/lib/python3.7/site-packages/airflow/example_dags/example_nested_branch_dag.py for tasks to queue
[2025-04-24T23:32:19.756+0000] {logging_mixin.py:137} INFO - [2025-04-24T23:32:19.756+0000] {dagbag.py:538} INFO - Filling up the DagBag from /home/airflow/.local/lib/python3.7/site-packages/airflow/example_dags/example_nested_branch_dag.py
[2025-04-24T23:32:19.767+0000] {processor.py:753} INFO - DAG(s) dict_keys(['example_nested_branch_dag']) retrieved from /home/airflow/.local/lib/python3.7/site-packages/airflow/example_dags/example_nested_branch_dag.py
[2025-04-24T23:32:19.784+0000] {logging_mixin.py:137} INFO - [2025-04-24T23:32:19.784+0000] {dag.py:2690} INFO - Sync 1 DAGs
[2025-04-24T23:32:19.797+0000] {logging_mixin.py:137} INFO - [2025-04-24T23:32:19.797+0000] {dag.py:3441} INFO - Setting next_dagrun for example_nested_branch_dag to 2025-04-23T00:00:00+00:00, run_after=2025-04-24T00:00:00+00:00
[2025-04-24T23:32:19.808+0000] {processor.py:175} INFO - Processing /home/airflow/.local/lib/python3.7/site-packages/airflow/example_dags/example_nested_branch_dag.py took 0.055 seconds
[2025-04-24T23:32:50.367+0000] {processor.py:153} INFO - Started process (PID=1314) to work on /home/airflow/.local/lib/python3.7/site-packages/airflow/example_dags/example_nested_branch_dag.py
[2025-04-24T23:32:50.368+0000] {processor.py:743} INFO - Processing file /home/airflow/.local/lib/python3.7/site-packages/airflow/example_dags/example_nested_branch_dag.py for tasks to queue
[2025-04-24T23:32:50.369+0000] {logging_mixin.py:137} INFO - [2025-04-24T23:32:50.369+0000] {dagbag.py:538} INFO - Filling up the DagBag from /home/airflow/.local/lib/python3.7/site-packages/airflow/example_dags/example_nested_branch_dag.py
[2025-04-24T23:32:50.381+0000] {processor.py:753} INFO - DAG(s) dict_keys(['example_nested_branch_dag']) retrieved from /home/airflow/.local/lib/python3.7/site-packages/airflow/example_dags/example_nested_branch_dag.py
[2025-04-24T23:32:50.392+0000] {logging_mixin.py:137} INFO - [2025-04-24T23:32:50.392+0000] {dag.py:2690} INFO - Sync 1 DAGs
[2025-04-24T23:32:50.404+0000] {logging_mixin.py:137} INFO - [2025-04-24T23:32:50.404+0000] {dag.py:3441} INFO - Setting next_dagrun for example_nested_branch_dag to 2025-04-23T00:00:00+00:00, run_after=2025-04-24T00:00:00+00:00
[2025-04-24T23:32:50.415+0000] {processor.py:175} INFO - Processing /home/airflow/.local/lib/python3.7/site-packages/airflow/example_dags/example_nested_branch_dag.py took 0.049 seconds
[2025-04-24T23:33:20.894+0000] {processor.py:153} INFO - Started process (PID=1406) to work on /home/airflow/.local/lib/python3.7/site-packages/airflow/example_dags/example_nested_branch_dag.py
[2025-04-24T23:33:20.897+0000] {processor.py:743} INFO - Processing file /home/airflow/.local/lib/python3.7/site-packages/airflow/example_dags/example_nested_branch_dag.py for tasks to queue
[2025-04-24T23:33:20.898+0000] {logging_mixin.py:137} INFO - [2025-04-24T23:33:20.898+0000] {dagbag.py:538} INFO - Filling up the DagBag from /home/airflow/.local/lib/python3.7/site-packages/airflow/example_dags/example_nested_branch_dag.py
[2025-04-24T23:33:20.909+0000] {processor.py:753} INFO - DAG(s) dict_keys(['example_nested_branch_dag']) retrieved from /home/airflow/.local/lib/python3.7/site-packages/airflow/example_dags/example_nested_branch_dag.py
[2025-04-24T23:33:20.922+0000] {logging_mixin.py:137} INFO - [2025-04-24T23:33:20.922+0000] {dag.py:2690} INFO - Sync 1 DAGs
[2025-04-24T23:33:20.935+0000] {logging_mixin.py:137} INFO - [2025-04-24T23:33:20.935+0000] {dag.py:3441} INFO - Setting next_dagrun for example_nested_branch_dag to 2025-04-23T00:00:00+00:00, run_after=2025-04-24T00:00:00+00:00
[2025-04-24T23:33:20.949+0000] {processor.py:175} INFO - Processing /home/airflow/.local/lib/python3.7/site-packages/airflow/example_dags/example_nested_branch_dag.py took 0.056 seconds
[2025-04-24T23:33:51.471+0000] {processor.py:153} INFO - Started process (PID=1498) to work on /home/airflow/.local/lib/python3.7/site-packages/airflow/example_dags/example_nested_branch_dag.py
[2025-04-24T23:33:51.473+0000] {processor.py:743} INFO - Processing file /home/airflow/.local/lib/python3.7/site-packages/airflow/example_dags/example_nested_branch_dag.py for tasks to queue
[2025-04-24T23:33:51.473+0000] {logging_mixin.py:137} INFO - [2025-04-24T23:33:51.473+0000] {dagbag.py:538} INFO - Filling up the DagBag from /home/airflow/.local/lib/python3.7/site-packages/airflow/example_dags/example_nested_branch_dag.py
[2025-04-24T23:33:51.483+0000] {processor.py:753} INFO - DAG(s) dict_keys(['example_nested_branch_dag']) retrieved from /home/airflow/.local/lib/python3.7/site-packages/airflow/example_dags/example_nested_branch_dag.py
[2025-04-24T23:33:51.501+0000] {logging_mixin.py:137} INFO - [2025-04-24T23:33:51.501+0000] {dag.py:2690} INFO - Sync 1 DAGs
[2025-04-24T23:33:51.513+0000] {logging_mixin.py:137} INFO - [2025-04-24T23:33:51.513+0000] {dag.py:3441} INFO - Setting next_dagrun for example_nested_branch_dag to 2025-04-23T00:00:00+00:00, run_after=2025-04-24T00:00:00+00:00
[2025-04-24T23:33:51.523+0000] {processor.py:175} INFO - Processing /home/airflow/.local/lib/python3.7/site-packages/airflow/example_dags/example_nested_branch_dag.py took 0.054 seconds
[2025-04-24T23:34:22.014+0000] {processor.py:153} INFO - Started process (PID=1574) to work on /home/airflow/.local/lib/python3.7/site-packages/airflow/example_dags/example_nested_branch_dag.py
[2025-04-24T23:34:22.015+0000] {processor.py:743} INFO - Processing file /home/airflow/.local/lib/python3.7/site-packages/airflow/example_dags/example_nested_branch_dag.py for tasks to queue
[2025-04-24T23:34:22.015+0000] {logging_mixin.py:137} INFO - [2025-04-24T23:34:22.015+0000] {dagbag.py:538} INFO - Filling up the DagBag from /home/airflow/.local/lib/python3.7/site-packages/airflow/example_dags/example_nested_branch_dag.py
[2025-04-24T23:34:22.025+0000] {processor.py:753} INFO - DAG(s) dict_keys(['example_nested_branch_dag']) retrieved from /home/airflow/.local/lib/python3.7/site-packages/airflow/example_dags/example_nested_branch_dag.py
[2025-04-24T23:34:22.035+0000] {logging_mixin.py:137} INFO - [2025-04-24T23:34:22.035+0000] {dag.py:2690} INFO - Sync 1 DAGs
[2025-04-24T23:34:22.046+0000] {logging_mixin.py:137} INFO - [2025-04-24T23:34:22.046+0000] {dag.py:3441} INFO - Setting next_dagrun for example_nested_branch_dag to 2025-04-23T00:00:00+00:00, run_after=2025-04-24T00:00:00+00:00
[2025-04-24T23:34:22.055+0000] {processor.py:175} INFO - Processing /home/airflow/.local/lib/python3.7/site-packages/airflow/example_dags/example_nested_branch_dag.py took 0.043 seconds
[2025-04-24T23:34:52.586+0000] {processor.py:153} INFO - Started process (PID=1666) to work on /home/airflow/.local/lib/python3.7/site-packages/airflow/example_dags/example_nested_branch_dag.py
[2025-04-24T23:34:52.587+0000] {processor.py:743} INFO - Processing file /home/airflow/.local/lib/python3.7/site-packages/airflow/example_dags/example_nested_branch_dag.py for tasks to queue
[2025-04-24T23:34:52.587+0000] {logging_mixin.py:137} INFO - [2025-04-24T23:34:52.587+0000] {dagbag.py:538} INFO - Filling up the DagBag from /home/airflow/.local/lib/python3.7/site-packages/airflow/example_dags/example_nested_branch_dag.py
[2025-04-24T23:34:52.596+0000] {processor.py:753} INFO - DAG(s) dict_keys(['example_nested_branch_dag']) retrieved from /home/airflow/.local/lib/python3.7/site-packages/airflow/example_dags/example_nested_branch_dag.py
[2025-04-24T23:34:52.609+0000] {logging_mixin.py:137} INFO - [2025-04-24T23:34:52.609+0000] {dag.py:2690} INFO - Sync 1 DAGs
[2025-04-24T23:34:52.620+0000] {logging_mixin.py:137} INFO - [2025-04-24T23:34:52.620+0000] {dag.py:3441} INFO - Setting next_dagrun for example_nested_branch_dag to 2025-04-23T00:00:00+00:00, run_after=2025-04-24T00:00:00+00:00
[2025-04-24T23:34:52.631+0000] {processor.py:175} INFO - Processing /home/airflow/.local/lib/python3.7/site-packages/airflow/example_dags/example_nested_branch_dag.py took 0.047 seconds
[2025-04-24T23:35:23.143+0000] {processor.py:153} INFO - Started process (PID=1758) to work on /home/airflow/.local/lib/python3.7/site-packages/airflow/example_dags/example_nested_branch_dag.py
[2025-04-24T23:35:23.143+0000] {processor.py:743} INFO - Processing file /home/airflow/.local/lib/python3.7/site-packages/airflow/example_dags/example_nested_branch_dag.py for tasks to queue
[2025-04-24T23:35:23.144+0000] {logging_mixin.py:137} INFO - [2025-04-24T23:35:23.144+0000] {dagbag.py:538} INFO - Filling up the DagBag from /home/airflow/.local/lib/python3.7/site-packages/airflow/example_dags/example_nested_branch_dag.py
[2025-04-24T23:35:23.155+0000] {processor.py:753} INFO - DAG(s) dict_keys(['example_nested_branch_dag']) retrieved from /home/airflow/.local/lib/python3.7/site-packages/airflow/example_dags/example_nested_branch_dag.py
[2025-04-24T23:35:23.168+0000] {logging_mixin.py:137} INFO - [2025-04-24T23:35:23.168+0000] {dag.py:2690} INFO - Sync 1 DAGs
[2025-04-24T23:35:23.180+0000] {logging_mixin.py:137} INFO - [2025-04-24T23:35:23.180+0000] {dag.py:3441} INFO - Setting next_dagrun for example_nested_branch_dag to 2025-04-23T00:00:00+00:00, run_after=2025-04-24T00:00:00+00:00
[2025-04-24T23:35:23.193+0000] {processor.py:175} INFO - Processing /home/airflow/.local/lib/python3.7/site-packages/airflow/example_dags/example_nested_branch_dag.py took 0.052 seconds
[2025-04-24T23:35:53.710+0000] {processor.py:153} INFO - Started process (PID=1850) to work on /home/airflow/.local/lib/python3.7/site-packages/airflow/example_dags/example_nested_branch_dag.py
[2025-04-24T23:35:53.711+0000] {processor.py:743} INFO - Processing file /home/airflow/.local/lib/python3.7/site-packages/airflow/example_dags/example_nested_branch_dag.py for tasks to queue
[2025-04-24T23:35:53.712+0000] {logging_mixin.py:137} INFO - [2025-04-24T23:35:53.712+0000] {dagbag.py:538} INFO - Filling up the DagBag from /home/airflow/.local/lib/python3.7/site-packages/airflow/example_dags/example_nested_branch_dag.py
[2025-04-24T23:35:53.722+0000] {processor.py:753} INFO - DAG(s) dict_keys(['example_nested_branch_dag']) retrieved from /home/airflow/.local/lib/python3.7/site-packages/airflow/example_dags/example_nested_branch_dag.py
[2025-04-24T23:35:53.737+0000] {logging_mixin.py:137} INFO - [2025-04-24T23:35:53.736+0000] {dag.py:2690} INFO - Sync 1 DAGs
[2025-04-24T23:35:53.749+0000] {logging_mixin.py:137} INFO - [2025-04-24T23:35:53.749+0000] {dag.py:3441} INFO - Setting next_dagrun for example_nested_branch_dag to 2025-04-23T00:00:00+00:00, run_after=2025-04-24T00:00:00+00:00
[2025-04-24T23:35:53.761+0000] {processor.py:175} INFO - Processing /home/airflow/.local/lib/python3.7/site-packages/airflow/example_dags/example_nested_branch_dag.py took 0.052 seconds
[2025-04-24T23:36:24.666+0000] {processor.py:153} INFO - Started process (PID=1942) to work on /home/airflow/.local/lib/python3.7/site-packages/airflow/example_dags/example_nested_branch_dag.py
[2025-04-24T23:36:24.670+0000] {processor.py:743} INFO - Processing file /home/airflow/.local/lib/python3.7/site-packages/airflow/example_dags/example_nested_branch_dag.py for tasks to queue
[2025-04-24T23:36:24.671+0000] {logging_mixin.py:137} INFO - [2025-04-24T23:36:24.671+0000] {dagbag.py:538} INFO - Filling up the DagBag from /home/airflow/.local/lib/python3.7/site-packages/airflow/example_dags/example_nested_branch_dag.py
[2025-04-24T23:36:24.685+0000] {processor.py:753} INFO - DAG(s) dict_keys(['example_nested_branch_dag']) retrieved from /home/airflow/.local/lib/python3.7/site-packages/airflow/example_dags/example_nested_branch_dag.py
[2025-04-24T23:36:24.710+0000] {logging_mixin.py:137} INFO - [2025-04-24T23:36:24.710+0000] {dag.py:2690} INFO - Sync 1 DAGs
[2025-04-24T23:36:24.729+0000] {logging_mixin.py:137} INFO - [2025-04-24T23:36:24.729+0000] {dag.py:3441} INFO - Setting next_dagrun for example_nested_branch_dag to 2025-04-23T00:00:00+00:00, run_after=2025-04-24T00:00:00+00:00
[2025-04-24T23:36:24.744+0000] {processor.py:175} INFO - Processing /home/airflow/.local/lib/python3.7/site-packages/airflow/example_dags/example_nested_branch_dag.py took 0.081 seconds
[2025-04-24T23:36:55.469+0000] {processor.py:153} INFO - Started process (PID=2018) to work on /home/airflow/.local/lib/python3.7/site-packages/airflow/example_dags/example_nested_branch_dag.py
[2025-04-24T23:36:55.470+0000] {processor.py:743} INFO - Processing file /home/airflow/.local/lib/python3.7/site-packages/airflow/example_dags/example_nested_branch_dag.py for tasks to queue
[2025-04-24T23:36:55.470+0000] {logging_mixin.py:137} INFO - [2025-04-24T23:36:55.470+0000] {dagbag.py:538} INFO - Filling up the DagBag from /home/airflow/.local/lib/python3.7/site-packages/airflow/example_dags/example_nested_branch_dag.py
[2025-04-24T23:36:55.480+0000] {processor.py:753} INFO - DAG(s) dict_keys(['example_nested_branch_dag']) retrieved from /home/airflow/.local/lib/python3.7/site-packages/airflow/example_dags/example_nested_branch_dag.py
[2025-04-24T23:36:55.491+0000] {logging_mixin.py:137} INFO - [2025-04-24T23:36:55.491+0000] {dag.py:2690} INFO - Sync 1 DAGs
[2025-04-24T23:36:55.506+0000] {logging_mixin.py:137} INFO - [2025-04-24T23:36:55.506+0000] {dag.py:3441} INFO - Setting next_dagrun for example_nested_branch_dag to 2025-04-23T00:00:00+00:00, run_after=2025-04-24T00:00:00+00:00
[2025-04-24T23:36:55.516+0000] {processor.py:175} INFO - Processing /home/airflow/.local/lib/python3.7/site-packages/airflow/example_dags/example_nested_branch_dag.py took 0.048 seconds
[2025-04-24T23:37:25.994+0000] {processor.py:153} INFO - Started process (PID=2110) to work on /home/airflow/.local/lib/python3.7/site-packages/airflow/example_dags/example_nested_branch_dag.py
[2025-04-24T23:37:25.995+0000] {processor.py:743} INFO - Processing file /home/airflow/.local/lib/python3.7/site-packages/airflow/example_dags/example_nested_branch_dag.py for tasks to queue
[2025-04-24T23:37:25.995+0000] {logging_mixin.py:137} INFO - [2025-04-24T23:37:25.995+0000] {dagbag.py:538} INFO - Filling up the DagBag from /home/airflow/.local/lib/python3.7/site-packages/airflow/example_dags/example_nested_branch_dag.py
[2025-04-24T23:37:26.005+0000] {processor.py:753} INFO - DAG(s) dict_keys(['example_nested_branch_dag']) retrieved from /home/airflow/.local/lib/python3.7/site-packages/airflow/example_dags/example_nested_branch_dag.py
[2025-04-24T23:37:26.018+0000] {logging_mixin.py:137} INFO - [2025-04-24T23:37:26.018+0000] {dag.py:2690} INFO - Sync 1 DAGs
[2025-04-24T23:37:26.031+0000] {logging_mixin.py:137} INFO - [2025-04-24T23:37:26.031+0000] {dag.py:3441} INFO - Setting next_dagrun for example_nested_branch_dag to 2025-04-23T00:00:00+00:00, run_after=2025-04-24T00:00:00+00:00
[2025-04-24T23:37:26.041+0000] {processor.py:175} INFO - Processing /home/airflow/.local/lib/python3.7/site-packages/airflow/example_dags/example_nested_branch_dag.py took 0.048 seconds
[2025-04-24T23:37:56.495+0000] {processor.py:153} INFO - Started process (PID=2200) to work on /home/airflow/.local/lib/python3.7/site-packages/airflow/example_dags/example_nested_branch_dag.py
[2025-04-24T23:37:56.495+0000] {processor.py:743} INFO - Processing file /home/airflow/.local/lib/python3.7/site-packages/airflow/example_dags/example_nested_branch_dag.py for tasks to queue
[2025-04-24T23:37:56.495+0000] {logging_mixin.py:137} INFO - [2025-04-24T23:37:56.495+0000] {dagbag.py:538} INFO - Filling up the DagBag from /home/airflow/.local/lib/python3.7/site-packages/airflow/example_dags/example_nested_branch_dag.py
[2025-04-24T23:37:56.505+0000] {processor.py:753} INFO - DAG(s) dict_keys(['example_nested_branch_dag']) retrieved from /home/airflow/.local/lib/python3.7/site-packages/airflow/example_dags/example_nested_branch_dag.py
[2025-04-24T23:37:56.516+0000] {logging_mixin.py:137} INFO - [2025-04-24T23:37:56.516+0000] {dag.py:2690} INFO - Sync 1 DAGs
[2025-04-24T23:37:56.527+0000] {logging_mixin.py:137} INFO - [2025-04-24T23:37:56.527+0000] {dag.py:3441} INFO - Setting next_dagrun for example_nested_branch_dag to 2025-04-23T00:00:00+00:00, run_after=2025-04-24T00:00:00+00:00
[2025-04-24T23:37:56.536+0000] {processor.py:175} INFO - Processing /home/airflow/.local/lib/python3.7/site-packages/airflow/example_dags/example_nested_branch_dag.py took 0.043 seconds
[2025-04-24T23:38:27.162+0000] {processor.py:153} INFO - Started process (PID=2292) to work on /home/airflow/.local/lib/python3.7/site-packages/airflow/example_dags/example_nested_branch_dag.py
[2025-04-24T23:38:27.164+0000] {processor.py:743} INFO - Processing file /home/airflow/.local/lib/python3.7/site-packages/airflow/example_dags/example_nested_branch_dag.py for tasks to queue
[2025-04-24T23:38:27.164+0000] {logging_mixin.py:137} INFO - [2025-04-24T23:38:27.164+0000] {dagbag.py:538} INFO - Filling up the DagBag from /home/airflow/.local/lib/python3.7/site-packages/airflow/example_dags/example_nested_branch_dag.py
[2025-04-24T23:38:27.173+0000] {processor.py:753} INFO - DAG(s) dict_keys(['example_nested_branch_dag']) retrieved from /home/airflow/.local/lib/python3.7/site-packages/airflow/example_dags/example_nested_branch_dag.py
[2025-04-24T23:38:27.185+0000] {logging_mixin.py:137} INFO - [2025-04-24T23:38:27.185+0000] {dag.py:2690} INFO - Sync 1 DAGs
[2025-04-24T23:38:27.198+0000] {logging_mixin.py:137} INFO - [2025-04-24T23:38:27.198+0000] {dag.py:3441} INFO - Setting next_dagrun for example_nested_branch_dag to 2025-04-23T00:00:00+00:00, run_after=2025-04-24T00:00:00+00:00
[2025-04-24T23:38:27.209+0000] {processor.py:175} INFO - Processing /home/airflow/.local/lib/python3.7/site-packages/airflow/example_dags/example_nested_branch_dag.py took 0.048 seconds
[2025-04-24T23:38:57.874+0000] {processor.py:153} INFO - Started process (PID=2368) to work on /home/airflow/.local/lib/python3.7/site-packages/airflow/example_dags/example_nested_branch_dag.py
[2025-04-24T23:38:57.875+0000] {processor.py:743} INFO - Processing file /home/airflow/.local/lib/python3.7/site-packages/airflow/example_dags/example_nested_branch_dag.py for tasks to queue
[2025-04-24T23:38:57.875+0000] {logging_mixin.py:137} INFO - [2025-04-24T23:38:57.875+0000] {dagbag.py:538} INFO - Filling up the DagBag from /home/airflow/.local/lib/python3.7/site-packages/airflow/example_dags/example_nested_branch_dag.py
[2025-04-24T23:38:57.886+0000] {processor.py:753} INFO - DAG(s) dict_keys(['example_nested_branch_dag']) retrieved from /home/airflow/.local/lib/python3.7/site-packages/airflow/example_dags/example_nested_branch_dag.py
[2025-04-24T23:38:57.899+0000] {logging_mixin.py:137} INFO - [2025-04-24T23:38:57.899+0000] {dag.py:2690} INFO - Sync 1 DAGs
[2025-04-24T23:38:57.911+0000] {logging_mixin.py:137} INFO - [2025-04-24T23:38:57.911+0000] {dag.py:3441} INFO - Setting next_dagrun for example_nested_branch_dag to 2025-04-23T00:00:00+00:00, run_after=2025-04-24T00:00:00+00:00
[2025-04-24T23:38:57.919+0000] {processor.py:175} INFO - Processing /home/airflow/.local/lib/python3.7/site-packages/airflow/example_dags/example_nested_branch_dag.py took 0.046 seconds
[2025-04-24T23:39:28.431+0000] {processor.py:153} INFO - Started process (PID=2460) to work on /home/airflow/.local/lib/python3.7/site-packages/airflow/example_dags/example_nested_branch_dag.py
[2025-04-24T23:39:28.433+0000] {processor.py:743} INFO - Processing file /home/airflow/.local/lib/python3.7/site-packages/airflow/example_dags/example_nested_branch_dag.py for tasks to queue
[2025-04-24T23:39:28.435+0000] {logging_mixin.py:137} INFO - [2025-04-24T23:39:28.435+0000] {dagbag.py:538} INFO - Filling up the DagBag from /home/airflow/.local/lib/python3.7/site-packages/airflow/example_dags/example_nested_branch_dag.py
[2025-04-24T23:39:28.446+0000] {processor.py:753} INFO - DAG(s) dict_keys(['example_nested_branch_dag']) retrieved from /home/airflow/.local/lib/python3.7/site-packages/airflow/example_dags/example_nested_branch_dag.py
[2025-04-24T23:39:28.461+0000] {logging_mixin.py:137} INFO - [2025-04-24T23:39:28.461+0000] {dag.py:2690} INFO - Sync 1 DAGs
[2025-04-24T23:39:28.473+0000] {logging_mixin.py:137} INFO - [2025-04-24T23:39:28.473+0000] {dag.py:3441} INFO - Setting next_dagrun for example_nested_branch_dag to 2025-04-23T00:00:00+00:00, run_after=2025-04-24T00:00:00+00:00
[2025-04-24T23:39:28.487+0000] {processor.py:175} INFO - Processing /home/airflow/.local/lib/python3.7/site-packages/airflow/example_dags/example_nested_branch_dag.py took 0.057 seconds
[2025-04-24T23:39:58.962+0000] {processor.py:153} INFO - Started process (PID=2551) to work on /home/airflow/.local/lib/python3.7/site-packages/airflow/example_dags/example_nested_branch_dag.py
[2025-04-24T23:39:58.963+0000] {processor.py:743} INFO - Processing file /home/airflow/.local/lib/python3.7/site-packages/airflow/example_dags/example_nested_branch_dag.py for tasks to queue
[2025-04-24T23:39:58.963+0000] {logging_mixin.py:137} INFO - [2025-04-24T23:39:58.963+0000] {dagbag.py:538} INFO - Filling up the DagBag from /home/airflow/.local/lib/python3.7/site-packages/airflow/example_dags/example_nested_branch_dag.py
[2025-04-24T23:39:58.972+0000] {processor.py:753} INFO - DAG(s) dict_keys(['example_nested_branch_dag']) retrieved from /home/airflow/.local/lib/python3.7/site-packages/airflow/example_dags/example_nested_branch_dag.py
[2025-04-24T23:39:58.988+0000] {logging_mixin.py:137} INFO - [2025-04-24T23:39:58.988+0000] {dag.py:2690} INFO - Sync 1 DAGs
[2025-04-24T23:39:58.999+0000] {logging_mixin.py:137} INFO - [2025-04-24T23:39:58.999+0000] {dag.py:3441} INFO - Setting next_dagrun for example_nested_branch_dag to 2025-04-23T00:00:00+00:00, run_after=2025-04-24T00:00:00+00:00
[2025-04-24T23:39:59.009+0000] {processor.py:175} INFO - Processing /home/airflow/.local/lib/python3.7/site-packages/airflow/example_dags/example_nested_branch_dag.py took 0.047 seconds
[2025-04-24T23:40:29.466+0000] {processor.py:153} INFO - Started process (PID=2643) to work on /home/airflow/.local/lib/python3.7/site-packages/airflow/example_dags/example_nested_branch_dag.py
[2025-04-24T23:40:29.466+0000] {processor.py:743} INFO - Processing file /home/airflow/.local/lib/python3.7/site-packages/airflow/example_dags/example_nested_branch_dag.py for tasks to queue
[2025-04-24T23:40:29.466+0000] {logging_mixin.py:137} INFO - [2025-04-24T23:40:29.466+0000] {dagbag.py:538} INFO - Filling up the DagBag from /home/airflow/.local/lib/python3.7/site-packages/airflow/example_dags/example_nested_branch_dag.py
[2025-04-24T23:40:29.479+0000] {processor.py:753} INFO - DAG(s) dict_keys(['example_nested_branch_dag']) retrieved from /home/airflow/.local/lib/python3.7/site-packages/airflow/example_dags/example_nested_branch_dag.py
[2025-04-24T23:40:29.490+0000] {logging_mixin.py:137} INFO - [2025-04-24T23:40:29.490+0000] {dag.py:2690} INFO - Sync 1 DAGs
[2025-04-24T23:40:29.501+0000] {logging_mixin.py:137} INFO - [2025-04-24T23:40:29.501+0000] {dag.py:3441} INFO - Setting next_dagrun for example_nested_branch_dag to 2025-04-23T00:00:00+00:00, run_after=2025-04-24T00:00:00+00:00
[2025-04-24T23:40:29.511+0000] {processor.py:175} INFO - Processing /home/airflow/.local/lib/python3.7/site-packages/airflow/example_dags/example_nested_branch_dag.py took 0.047 seconds
[2025-04-24T23:40:59.979+0000] {processor.py:153} INFO - Started process (PID=2719) to work on /home/airflow/.local/lib/python3.7/site-packages/airflow/example_dags/example_nested_branch_dag.py
[2025-04-24T23:40:59.979+0000] {processor.py:743} INFO - Processing file /home/airflow/.local/lib/python3.7/site-packages/airflow/example_dags/example_nested_branch_dag.py for tasks to queue
[2025-04-24T23:40:59.980+0000] {logging_mixin.py:137} INFO - [2025-04-24T23:40:59.980+0000] {dagbag.py:538} INFO - Filling up the DagBag from /home/airflow/.local/lib/python3.7/site-packages/airflow/example_dags/example_nested_branch_dag.py
[2025-04-24T23:40:59.990+0000] {processor.py:753} INFO - DAG(s) dict_keys(['example_nested_branch_dag']) retrieved from /home/airflow/.local/lib/python3.7/site-packages/airflow/example_dags/example_nested_branch_dag.py
[2025-04-24T23:41:00.001+0000] {logging_mixin.py:137} INFO - [2025-04-24T23:41:00.001+0000] {dag.py:2690} INFO - Sync 1 DAGs
[2025-04-24T23:41:00.012+0000] {logging_mixin.py:137} INFO - [2025-04-24T23:41:00.012+0000] {dag.py:3441} INFO - Setting next_dagrun for example_nested_branch_dag to 2025-04-23T00:00:00+00:00, run_after=2025-04-24T00:00:00+00:00
[2025-04-24T23:41:00.019+0000] {processor.py:175} INFO - Processing /home/airflow/.local/lib/python3.7/site-packages/airflow/example_dags/example_nested_branch_dag.py took 0.042 seconds
[2025-04-24T23:41:30.577+0000] {processor.py:153} INFO - Started process (PID=2811) to work on /home/airflow/.local/lib/python3.7/site-packages/airflow/example_dags/example_nested_branch_dag.py
[2025-04-24T23:41:30.578+0000] {processor.py:743} INFO - Processing file /home/airflow/.local/lib/python3.7/site-packages/airflow/example_dags/example_nested_branch_dag.py for tasks to queue
[2025-04-24T23:41:30.578+0000] {logging_mixin.py:137} INFO - [2025-04-24T23:41:30.578+0000] {dagbag.py:538} INFO - Filling up the DagBag from /home/airflow/.local/lib/python3.7/site-packages/airflow/example_dags/example_nested_branch_dag.py
[2025-04-24T23:41:30.590+0000] {processor.py:753} INFO - DAG(s) dict_keys(['example_nested_branch_dag']) retrieved from /home/airflow/.local/lib/python3.7/site-packages/airflow/example_dags/example_nested_branch_dag.py
[2025-04-24T23:41:30.603+0000] {logging_mixin.py:137} INFO - [2025-04-24T23:41:30.603+0000] {dag.py:2690} INFO - Sync 1 DAGs
[2025-04-24T23:41:30.614+0000] {logging_mixin.py:137} INFO - [2025-04-24T23:41:30.614+0000] {dag.py:3441} INFO - Setting next_dagrun for example_nested_branch_dag to 2025-04-23T00:00:00+00:00, run_after=2025-04-24T00:00:00+00:00
[2025-04-24T23:41:30.625+0000] {processor.py:175} INFO - Processing /home/airflow/.local/lib/python3.7/site-packages/airflow/example_dags/example_nested_branch_dag.py took 0.049 seconds
[2025-04-24T23:42:01.281+0000] {processor.py:153} INFO - Started process (PID=2903) to work on /home/airflow/.local/lib/python3.7/site-packages/airflow/example_dags/example_nested_branch_dag.py
[2025-04-24T23:42:01.282+0000] {processor.py:743} INFO - Processing file /home/airflow/.local/lib/python3.7/site-packages/airflow/example_dags/example_nested_branch_dag.py for tasks to queue
[2025-04-24T23:42:01.283+0000] {logging_mixin.py:137} INFO - [2025-04-24T23:42:01.283+0000] {dagbag.py:538} INFO - Filling up the DagBag from /home/airflow/.local/lib/python3.7/site-packages/airflow/example_dags/example_nested_branch_dag.py
[2025-04-24T23:42:01.297+0000] {processor.py:753} INFO - DAG(s) dict_keys(['example_nested_branch_dag']) retrieved from /home/airflow/.local/lib/python3.7/site-packages/airflow/example_dags/example_nested_branch_dag.py
[2025-04-24T23:42:01.311+0000] {logging_mixin.py:137} INFO - [2025-04-24T23:42:01.311+0000] {dag.py:2690} INFO - Sync 1 DAGs
[2025-04-24T23:42:01.325+0000] {logging_mixin.py:137} INFO - [2025-04-24T23:42:01.325+0000] {dag.py:3441} INFO - Setting next_dagrun for example_nested_branch_dag to 2025-04-23T00:00:00+00:00, run_after=2025-04-24T00:00:00+00:00
[2025-04-24T23:42:01.341+0000] {processor.py:175} INFO - Processing /home/airflow/.local/lib/python3.7/site-packages/airflow/example_dags/example_nested_branch_dag.py took 0.061 seconds
[2025-04-24T23:42:31.912+0000] {processor.py:153} INFO - Started process (PID=2995) to work on /home/airflow/.local/lib/python3.7/site-packages/airflow/example_dags/example_nested_branch_dag.py
[2025-04-24T23:42:31.914+0000] {processor.py:743} INFO - Processing file /home/airflow/.local/lib/python3.7/site-packages/airflow/example_dags/example_nested_branch_dag.py for tasks to queue
[2025-04-24T23:42:31.915+0000] {logging_mixin.py:137} INFO - [2025-04-24T23:42:31.914+0000] {dagbag.py:538} INFO - Filling up the DagBag from /home/airflow/.local/lib/python3.7/site-packages/airflow/example_dags/example_nested_branch_dag.py
[2025-04-24T23:42:31.925+0000] {processor.py:753} INFO - DAG(s) dict_keys(['example_nested_branch_dag']) retrieved from /home/airflow/.local/lib/python3.7/site-packages/airflow/example_dags/example_nested_branch_dag.py
[2025-04-24T23:42:31.937+0000] {logging_mixin.py:137} INFO - [2025-04-24T23:42:31.937+0000] {dag.py:2690} INFO - Sync 1 DAGs
[2025-04-24T23:42:31.949+0000] {logging_mixin.py:137} INFO - [2025-04-24T23:42:31.949+0000] {dag.py:3441} INFO - Setting next_dagrun for example_nested_branch_dag to 2025-04-23T00:00:00+00:00, run_after=2025-04-24T00:00:00+00:00
[2025-04-24T23:42:31.957+0000] {processor.py:175} INFO - Processing /home/airflow/.local/lib/python3.7/site-packages/airflow/example_dags/example_nested_branch_dag.py took 0.046 seconds
[2025-04-24T23:43:02.632+0000] {processor.py:153} INFO - Started process (PID=3087) to work on /home/airflow/.local/lib/python3.7/site-packages/airflow/example_dags/example_nested_branch_dag.py
[2025-04-24T23:43:02.633+0000] {processor.py:743} INFO - Processing file /home/airflow/.local/lib/python3.7/site-packages/airflow/example_dags/example_nested_branch_dag.py for tasks to queue
[2025-04-24T23:43:02.633+0000] {logging_mixin.py:137} INFO - [2025-04-24T23:43:02.633+0000] {dagbag.py:538} INFO - Filling up the DagBag from /home/airflow/.local/lib/python3.7/site-packages/airflow/example_dags/example_nested_branch_dag.py
[2025-04-24T23:43:02.644+0000] {processor.py:753} INFO - DAG(s) dict_keys(['example_nested_branch_dag']) retrieved from /home/airflow/.local/lib/python3.7/site-packages/airflow/example_dags/example_nested_branch_dag.py
[2025-04-24T23:43:02.653+0000] {logging_mixin.py:137} INFO - [2025-04-24T23:43:02.653+0000] {dag.py:2690} INFO - Sync 1 DAGs
[2025-04-24T23:43:02.665+0000] {logging_mixin.py:137} INFO - [2025-04-24T23:43:02.665+0000] {dag.py:3441} INFO - Setting next_dagrun for example_nested_branch_dag to 2025-04-23T00:00:00+00:00, run_after=2025-04-24T00:00:00+00:00
[2025-04-24T23:43:02.675+0000] {processor.py:175} INFO - Processing /home/airflow/.local/lib/python3.7/site-packages/airflow/example_dags/example_nested_branch_dag.py took 0.046 seconds
[2025-04-24T23:43:33.266+0000] {processor.py:153} INFO - Started process (PID=3163) to work on /home/airflow/.local/lib/python3.7/site-packages/airflow/example_dags/example_nested_branch_dag.py
[2025-04-24T23:43:33.267+0000] {processor.py:743} INFO - Processing file /home/airflow/.local/lib/python3.7/site-packages/airflow/example_dags/example_nested_branch_dag.py for tasks to queue
[2025-04-24T23:43:33.268+0000] {logging_mixin.py:137} INFO - [2025-04-24T23:43:33.268+0000] {dagbag.py:538} INFO - Filling up the DagBag from /home/airflow/.local/lib/python3.7/site-packages/airflow/example_dags/example_nested_branch_dag.py
[2025-04-24T23:43:33.278+0000] {processor.py:753} INFO - DAG(s) dict_keys(['example_nested_branch_dag']) retrieved from /home/airflow/.local/lib/python3.7/site-packages/airflow/example_dags/example_nested_branch_dag.py
[2025-04-24T23:43:33.289+0000] {logging_mixin.py:137} INFO - [2025-04-24T23:43:33.289+0000] {dag.py:2690} INFO - Sync 1 DAGs
[2025-04-24T23:43:33.304+0000] {logging_mixin.py:137} INFO - [2025-04-24T23:43:33.304+0000] {dag.py:3441} INFO - Setting next_dagrun for example_nested_branch_dag to 2025-04-23T00:00:00+00:00, run_after=2025-04-24T00:00:00+00:00
[2025-04-24T23:43:33.313+0000] {processor.py:175} INFO - Processing /home/airflow/.local/lib/python3.7/site-packages/airflow/example_dags/example_nested_branch_dag.py took 0.049 seconds
[2025-04-24T23:44:03.775+0000] {processor.py:153} INFO - Started process (PID=3255) to work on /home/airflow/.local/lib/python3.7/site-packages/airflow/example_dags/example_nested_branch_dag.py
[2025-04-24T23:44:03.776+0000] {processor.py:743} INFO - Processing file /home/airflow/.local/lib/python3.7/site-packages/airflow/example_dags/example_nested_branch_dag.py for tasks to queue
[2025-04-24T23:44:03.776+0000] {logging_mixin.py:137} INFO - [2025-04-24T23:44:03.776+0000] {dagbag.py:538} INFO - Filling up the DagBag from /home/airflow/.local/lib/python3.7/site-packages/airflow/example_dags/example_nested_branch_dag.py
[2025-04-24T23:44:03.787+0000] {processor.py:753} INFO - DAG(s) dict_keys(['example_nested_branch_dag']) retrieved from /home/airflow/.local/lib/python3.7/site-packages/airflow/example_dags/example_nested_branch_dag.py
[2025-04-24T23:44:03.803+0000] {logging_mixin.py:137} INFO - [2025-04-24T23:44:03.803+0000] {dag.py:2690} INFO - Sync 1 DAGs
[2025-04-24T23:44:03.815+0000] {logging_mixin.py:137} INFO - [2025-04-24T23:44:03.815+0000] {dag.py:3441} INFO - Setting next_dagrun for example_nested_branch_dag to 2025-04-23T00:00:00+00:00, run_after=2025-04-24T00:00:00+00:00
[2025-04-24T23:44:03.823+0000] {processor.py:175} INFO - Processing /home/airflow/.local/lib/python3.7/site-packages/airflow/example_dags/example_nested_branch_dag.py took 0.050 seconds
[2025-04-24T23:44:34.311+0000] {processor.py:153} INFO - Started process (PID=3347) to work on /home/airflow/.local/lib/python3.7/site-packages/airflow/example_dags/example_nested_branch_dag.py
[2025-04-24T23:44:34.312+0000] {processor.py:743} INFO - Processing file /home/airflow/.local/lib/python3.7/site-packages/airflow/example_dags/example_nested_branch_dag.py for tasks to queue
[2025-04-24T23:44:34.312+0000] {logging_mixin.py:137} INFO - [2025-04-24T23:44:34.312+0000] {dagbag.py:538} INFO - Filling up the DagBag from /home/airflow/.local/lib/python3.7/site-packages/airflow/example_dags/example_nested_branch_dag.py
[2025-04-24T23:44:34.322+0000] {processor.py:753} INFO - DAG(s) dict_keys(['example_nested_branch_dag']) retrieved from /home/airflow/.local/lib/python3.7/site-packages/airflow/example_dags/example_nested_branch_dag.py
[2025-04-24T23:44:34.333+0000] {logging_mixin.py:137} INFO - [2025-04-24T23:44:34.332+0000] {dag.py:2690} INFO - Sync 1 DAGs
[2025-04-24T23:44:34.345+0000] {logging_mixin.py:137} INFO - [2025-04-24T23:44:34.345+0000] {dag.py:3441} INFO - Setting next_dagrun for example_nested_branch_dag to 2025-04-23T00:00:00+00:00, run_after=2025-04-24T00:00:00+00:00
[2025-04-24T23:44:34.353+0000] {processor.py:175} INFO - Processing /home/airflow/.local/lib/python3.7/site-packages/airflow/example_dags/example_nested_branch_dag.py took 0.043 seconds
[2025-04-24T23:45:04.824+0000] {processor.py:153} INFO - Started process (PID=3439) to work on /home/airflow/.local/lib/python3.7/site-packages/airflow/example_dags/example_nested_branch_dag.py
[2025-04-24T23:45:04.825+0000] {processor.py:743} INFO - Processing file /home/airflow/.local/lib/python3.7/site-packages/airflow/example_dags/example_nested_branch_dag.py for tasks to queue
[2025-04-24T23:45:04.825+0000] {logging_mixin.py:137} INFO - [2025-04-24T23:45:04.825+0000] {dagbag.py:538} INFO - Filling up the DagBag from /home/airflow/.local/lib/python3.7/site-packages/airflow/example_dags/example_nested_branch_dag.py
[2025-04-24T23:45:04.837+0000] {processor.py:753} INFO - DAG(s) dict_keys(['example_nested_branch_dag']) retrieved from /home/airflow/.local/lib/python3.7/site-packages/airflow/example_dags/example_nested_branch_dag.py
[2025-04-24T23:45:04.852+0000] {logging_mixin.py:137} INFO - [2025-04-24T23:45:04.852+0000] {dag.py:2690} INFO - Sync 1 DAGs
[2025-04-24T23:45:04.870+0000] {logging_mixin.py:137} INFO - [2025-04-24T23:45:04.870+0000] {dag.py:3441} INFO - Setting next_dagrun for example_nested_branch_dag to 2025-04-23T00:00:00+00:00, run_after=2025-04-24T00:00:00+00:00
[2025-04-24T23:45:04.883+0000] {processor.py:175} INFO - Processing /home/airflow/.local/lib/python3.7/site-packages/airflow/example_dags/example_nested_branch_dag.py took 0.061 seconds
[2025-04-24T23:45:35.390+0000] {processor.py:153} INFO - Started process (PID=3515) to work on /home/airflow/.local/lib/python3.7/site-packages/airflow/example_dags/example_nested_branch_dag.py
[2025-04-24T23:45:35.391+0000] {processor.py:743} INFO - Processing file /home/airflow/.local/lib/python3.7/site-packages/airflow/example_dags/example_nested_branch_dag.py for tasks to queue
[2025-04-24T23:45:35.391+0000] {logging_mixin.py:137} INFO - [2025-04-24T23:45:35.391+0000] {dagbag.py:538} INFO - Filling up the DagBag from /home/airflow/.local/lib/python3.7/site-packages/airflow/example_dags/example_nested_branch_dag.py
[2025-04-24T23:45:35.400+0000] {processor.py:753} INFO - DAG(s) dict_keys(['example_nested_branch_dag']) retrieved from /home/airflow/.local/lib/python3.7/site-packages/airflow/example_dags/example_nested_branch_dag.py
[2025-04-24T23:45:35.413+0000] {logging_mixin.py:137} INFO - [2025-04-24T23:45:35.413+0000] {dag.py:2690} INFO - Sync 1 DAGs
[2025-04-24T23:45:35.424+0000] {logging_mixin.py:137} INFO - [2025-04-24T23:45:35.424+0000] {dag.py:3441} INFO - Setting next_dagrun for example_nested_branch_dag to 2025-04-23T00:00:00+00:00, run_after=2025-04-24T00:00:00+00:00
[2025-04-24T23:45:35.430+0000] {processor.py:175} INFO - Processing /home/airflow/.local/lib/python3.7/site-packages/airflow/example_dags/example_nested_branch_dag.py took 0.041 seconds
[2025-04-24T23:46:05.968+0000] {processor.py:153} INFO - Started process (PID=3607) to work on /home/airflow/.local/lib/python3.7/site-packages/airflow/example_dags/example_nested_branch_dag.py
[2025-04-24T23:46:05.968+0000] {processor.py:743} INFO - Processing file /home/airflow/.local/lib/python3.7/site-packages/airflow/example_dags/example_nested_branch_dag.py for tasks to queue
[2025-04-24T23:46:05.968+0000] {logging_mixin.py:137} INFO - [2025-04-24T23:46:05.968+0000] {dagbag.py:538} INFO - Filling up the DagBag from /home/airflow/.local/lib/python3.7/site-packages/airflow/example_dags/example_nested_branch_dag.py
[2025-04-24T23:46:05.978+0000] {processor.py:753} INFO - DAG(s) dict_keys(['example_nested_branch_dag']) retrieved from /home/airflow/.local/lib/python3.7/site-packages/airflow/example_dags/example_nested_branch_dag.py
[2025-04-24T23:46:05.989+0000] {logging_mixin.py:137} INFO - [2025-04-24T23:46:05.989+0000] {dag.py:2690} INFO - Sync 1 DAGs
[2025-04-24T23:46:05.999+0000] {logging_mixin.py:137} INFO - [2025-04-24T23:46:05.999+0000] {dag.py:3441} INFO - Setting next_dagrun for example_nested_branch_dag to 2025-04-23T00:00:00+00:00, run_after=2025-04-24T00:00:00+00:00
[2025-04-24T23:46:06.006+0000] {processor.py:175} INFO - Processing /home/airflow/.local/lib/python3.7/site-packages/airflow/example_dags/example_nested_branch_dag.py took 0.040 seconds
[2025-04-24T23:46:36.421+0000] {processor.py:153} INFO - Started process (PID=3699) to work on /home/airflow/.local/lib/python3.7/site-packages/airflow/example_dags/example_nested_branch_dag.py
[2025-04-24T23:46:36.421+0000] {processor.py:743} INFO - Processing file /home/airflow/.local/lib/python3.7/site-packages/airflow/example_dags/example_nested_branch_dag.py for tasks to queue
[2025-04-24T23:46:36.422+0000] {logging_mixin.py:137} INFO - [2025-04-24T23:46:36.422+0000] {dagbag.py:538} INFO - Filling up the DagBag from /home/airflow/.local/lib/python3.7/site-packages/airflow/example_dags/example_nested_branch_dag.py
[2025-04-24T23:46:36.434+0000] {processor.py:753} INFO - DAG(s) dict_keys(['example_nested_branch_dag']) retrieved from /home/airflow/.local/lib/python3.7/site-packages/airflow/example_dags/example_nested_branch_dag.py
[2025-04-24T23:46:36.446+0000] {logging_mixin.py:137} INFO - [2025-04-24T23:46:36.446+0000] {dag.py:2690} INFO - Sync 1 DAGs
[2025-04-24T23:46:36.457+0000] {logging_mixin.py:137} INFO - [2025-04-24T23:46:36.457+0000] {dag.py:3441} INFO - Setting next_dagrun for example_nested_branch_dag to 2025-04-23T00:00:00+00:00, run_after=2025-04-24T00:00:00+00:00
[2025-04-24T23:46:36.464+0000] {processor.py:175} INFO - Processing /home/airflow/.local/lib/python3.7/site-packages/airflow/example_dags/example_nested_branch_dag.py took 0.044 seconds
[2025-04-24T23:47:06.939+0000] {processor.py:153} INFO - Started process (PID=3791) to work on /home/airflow/.local/lib/python3.7/site-packages/airflow/example_dags/example_nested_branch_dag.py
[2025-04-24T23:47:06.939+0000] {processor.py:743} INFO - Processing file /home/airflow/.local/lib/python3.7/site-packages/airflow/example_dags/example_nested_branch_dag.py for tasks to queue
[2025-04-24T23:47:06.939+0000] {logging_mixin.py:137} INFO - [2025-04-24T23:47:06.939+0000] {dagbag.py:538} INFO - Filling up the DagBag from /home/airflow/.local/lib/python3.7/site-packages/airflow/example_dags/example_nested_branch_dag.py
[2025-04-24T23:47:06.948+0000] {processor.py:753} INFO - DAG(s) dict_keys(['example_nested_branch_dag']) retrieved from /home/airflow/.local/lib/python3.7/site-packages/airflow/example_dags/example_nested_branch_dag.py
[2025-04-24T23:47:06.959+0000] {logging_mixin.py:137} INFO - [2025-04-24T23:47:06.959+0000] {dag.py:2690} INFO - Sync 1 DAGs
[2025-04-24T23:47:06.970+0000] {logging_mixin.py:137} INFO - [2025-04-24T23:47:06.970+0000] {dag.py:3441} INFO - Setting next_dagrun for example_nested_branch_dag to 2025-04-23T00:00:00+00:00, run_after=2025-04-24T00:00:00+00:00
[2025-04-24T23:47:06.981+0000] {processor.py:175} INFO - Processing /home/airflow/.local/lib/python3.7/site-packages/airflow/example_dags/example_nested_branch_dag.py took 0.044 seconds
[2025-04-24T23:47:37.783+0000] {processor.py:153} INFO - Started process (PID=3883) to work on /home/airflow/.local/lib/python3.7/site-packages/airflow/example_dags/example_nested_branch_dag.py
[2025-04-24T23:47:37.784+0000] {processor.py:743} INFO - Processing file /home/airflow/.local/lib/python3.7/site-packages/airflow/example_dags/example_nested_branch_dag.py for tasks to queue
[2025-04-24T23:47:37.784+0000] {logging_mixin.py:137} INFO - [2025-04-24T23:47:37.784+0000] {dagbag.py:538} INFO - Filling up the DagBag from /home/airflow/.local/lib/python3.7/site-packages/airflow/example_dags/example_nested_branch_dag.py
[2025-04-24T23:47:37.796+0000] {processor.py:753} INFO - DAG(s) dict_keys(['example_nested_branch_dag']) retrieved from /home/airflow/.local/lib/python3.7/site-packages/airflow/example_dags/example_nested_branch_dag.py
[2025-04-24T23:47:37.810+0000] {logging_mixin.py:137} INFO - [2025-04-24T23:47:37.810+0000] {dag.py:2690} INFO - Sync 1 DAGs
[2025-04-24T23:47:37.823+0000] {logging_mixin.py:137} INFO - [2025-04-24T23:47:37.823+0000] {dag.py:3441} INFO - Setting next_dagrun for example_nested_branch_dag to 2025-04-23T00:00:00+00:00, run_after=2025-04-24T00:00:00+00:00
[2025-04-24T23:47:37.831+0000] {processor.py:175} INFO - Processing /home/airflow/.local/lib/python3.7/site-packages/airflow/example_dags/example_nested_branch_dag.py took 0.049 seconds
[2025-04-24T23:48:08.268+0000] {processor.py:153} INFO - Started process (PID=3958) to work on /home/airflow/.local/lib/python3.7/site-packages/airflow/example_dags/example_nested_branch_dag.py
[2025-04-24T23:48:08.269+0000] {processor.py:743} INFO - Processing file /home/airflow/.local/lib/python3.7/site-packages/airflow/example_dags/example_nested_branch_dag.py for tasks to queue
[2025-04-24T23:48:08.271+0000] {logging_mixin.py:137} INFO - [2025-04-24T23:48:08.271+0000] {dagbag.py:538} INFO - Filling up the DagBag from /home/airflow/.local/lib/python3.7/site-packages/airflow/example_dags/example_nested_branch_dag.py
[2025-04-24T23:48:08.281+0000] {processor.py:753} INFO - DAG(s) dict_keys(['example_nested_branch_dag']) retrieved from /home/airflow/.local/lib/python3.7/site-packages/airflow/example_dags/example_nested_branch_dag.py
[2025-04-24T23:48:08.294+0000] {logging_mixin.py:137} INFO - [2025-04-24T23:48:08.293+0000] {dag.py:2690} INFO - Sync 1 DAGs
[2025-04-24T23:48:08.304+0000] {logging_mixin.py:137} INFO - [2025-04-24T23:48:08.304+0000] {dag.py:3441} INFO - Setting next_dagrun for example_nested_branch_dag to 2025-04-23T00:00:00+00:00, run_after=2025-04-24T00:00:00+00:00
[2025-04-24T23:48:08.312+0000] {processor.py:175} INFO - Processing /home/airflow/.local/lib/python3.7/site-packages/airflow/example_dags/example_nested_branch_dag.py took 0.046 seconds
[2025-04-24T23:48:38.765+0000] {processor.py:153} INFO - Started process (PID=4050) to work on /home/airflow/.local/lib/python3.7/site-packages/airflow/example_dags/example_nested_branch_dag.py
[2025-04-24T23:48:38.766+0000] {processor.py:743} INFO - Processing file /home/airflow/.local/lib/python3.7/site-packages/airflow/example_dags/example_nested_branch_dag.py for tasks to queue
[2025-04-24T23:48:38.766+0000] {logging_mixin.py:137} INFO - [2025-04-24T23:48:38.766+0000] {dagbag.py:538} INFO - Filling up the DagBag from /home/airflow/.local/lib/python3.7/site-packages/airflow/example_dags/example_nested_branch_dag.py
[2025-04-24T23:48:38.775+0000] {processor.py:753} INFO - DAG(s) dict_keys(['example_nested_branch_dag']) retrieved from /home/airflow/.local/lib/python3.7/site-packages/airflow/example_dags/example_nested_branch_dag.py
[2025-04-24T23:48:38.786+0000] {logging_mixin.py:137} INFO - [2025-04-24T23:48:38.786+0000] {dag.py:2690} INFO - Sync 1 DAGs
[2025-04-24T23:48:38.797+0000] {logging_mixin.py:137} INFO - [2025-04-24T23:48:38.797+0000] {dag.py:3441} INFO - Setting next_dagrun for example_nested_branch_dag to 2025-04-23T00:00:00+00:00, run_after=2025-04-24T00:00:00+00:00
[2025-04-24T23:48:38.806+0000] {processor.py:175} INFO - Processing /home/airflow/.local/lib/python3.7/site-packages/airflow/example_dags/example_nested_branch_dag.py took 0.043 seconds
[2025-04-24T23:49:09.275+0000] {processor.py:153} INFO - Started process (PID=4142) to work on /home/airflow/.local/lib/python3.7/site-packages/airflow/example_dags/example_nested_branch_dag.py
[2025-04-24T23:49:09.275+0000] {processor.py:743} INFO - Processing file /home/airflow/.local/lib/python3.7/site-packages/airflow/example_dags/example_nested_branch_dag.py for tasks to queue
[2025-04-24T23:49:09.276+0000] {logging_mixin.py:137} INFO - [2025-04-24T23:49:09.276+0000] {dagbag.py:538} INFO - Filling up the DagBag from /home/airflow/.local/lib/python3.7/site-packages/airflow/example_dags/example_nested_branch_dag.py
[2025-04-24T23:49:09.285+0000] {processor.py:753} INFO - DAG(s) dict_keys(['example_nested_branch_dag']) retrieved from /home/airflow/.local/lib/python3.7/site-packages/airflow/example_dags/example_nested_branch_dag.py
[2025-04-24T23:49:09.295+0000] {logging_mixin.py:137} INFO - [2025-04-24T23:49:09.295+0000] {dag.py:2690} INFO - Sync 1 DAGs
[2025-04-24T23:49:09.305+0000] {logging_mixin.py:137} INFO - [2025-04-24T23:49:09.305+0000] {dag.py:3441} INFO - Setting next_dagrun for example_nested_branch_dag to 2025-04-23T00:00:00+00:00, run_after=2025-04-24T00:00:00+00:00
[2025-04-24T23:49:09.314+0000] {processor.py:175} INFO - Processing /home/airflow/.local/lib/python3.7/site-packages/airflow/example_dags/example_nested_branch_dag.py took 0.041 seconds
[2025-04-24T23:56:17.658+0000] {processor.py:153} INFO - Started process (PID=4218) to work on /home/airflow/.local/lib/python3.7/site-packages/airflow/example_dags/example_nested_branch_dag.py
[2025-04-24T23:56:17.659+0000] {processor.py:743} INFO - Processing file /home/airflow/.local/lib/python3.7/site-packages/airflow/example_dags/example_nested_branch_dag.py for tasks to queue
[2025-04-24T23:56:17.659+0000] {logging_mixin.py:137} INFO - [2025-04-24T23:56:17.659+0000] {dagbag.py:538} INFO - Filling up the DagBag from /home/airflow/.local/lib/python3.7/site-packages/airflow/example_dags/example_nested_branch_dag.py
[2025-04-24T23:56:17.670+0000] {processor.py:753} INFO - DAG(s) dict_keys(['example_nested_branch_dag']) retrieved from /home/airflow/.local/lib/python3.7/site-packages/airflow/example_dags/example_nested_branch_dag.py
[2025-04-24T23:56:17.683+0000] {logging_mixin.py:137} INFO - [2025-04-24T23:56:17.683+0000] {dag.py:2690} INFO - Sync 1 DAGs
[2025-04-24T23:56:17.697+0000] {logging_mixin.py:137} INFO - [2025-04-24T23:56:17.696+0000] {dag.py:3441} INFO - Setting next_dagrun for example_nested_branch_dag to 2025-04-23T00:00:00+00:00, run_after=2025-04-24T00:00:00+00:00
[2025-04-24T23:56:17.710+0000] {processor.py:175} INFO - Processing /home/airflow/.local/lib/python3.7/site-packages/airflow/example_dags/example_nested_branch_dag.py took 0.053 seconds
[2025-04-24T23:56:48.251+0000] {processor.py:153} INFO - Started process (PID=4294) to work on /home/airflow/.local/lib/python3.7/site-packages/airflow/example_dags/example_nested_branch_dag.py
[2025-04-24T23:56:48.251+0000] {processor.py:743} INFO - Processing file /home/airflow/.local/lib/python3.7/site-packages/airflow/example_dags/example_nested_branch_dag.py for tasks to queue
[2025-04-24T23:56:48.251+0000] {logging_mixin.py:137} INFO - [2025-04-24T23:56:48.251+0000] {dagbag.py:538} INFO - Filling up the DagBag from /home/airflow/.local/lib/python3.7/site-packages/airflow/example_dags/example_nested_branch_dag.py
[2025-04-24T23:56:48.261+0000] {processor.py:753} INFO - DAG(s) dict_keys(['example_nested_branch_dag']) retrieved from /home/airflow/.local/lib/python3.7/site-packages/airflow/example_dags/example_nested_branch_dag.py
[2025-04-24T23:56:48.273+0000] {logging_mixin.py:137} INFO - [2025-04-24T23:56:48.273+0000] {dag.py:2690} INFO - Sync 1 DAGs
[2025-04-24T23:56:48.286+0000] {logging_mixin.py:137} INFO - [2025-04-24T23:56:48.286+0000] {dag.py:3441} INFO - Setting next_dagrun for example_nested_branch_dag to 2025-04-23T00:00:00+00:00, run_after=2025-04-24T00:00:00+00:00
[2025-04-24T23:56:48.313+0000] {processor.py:175} INFO - Processing /home/airflow/.local/lib/python3.7/site-packages/airflow/example_dags/example_nested_branch_dag.py took 0.065 seconds
[2025-04-24T23:57:18.797+0000] {processor.py:153} INFO - Started process (PID=4386) to work on /home/airflow/.local/lib/python3.7/site-packages/airflow/example_dags/example_nested_branch_dag.py
[2025-04-24T23:57:18.799+0000] {processor.py:743} INFO - Processing file /home/airflow/.local/lib/python3.7/site-packages/airflow/example_dags/example_nested_branch_dag.py for tasks to queue
[2025-04-24T23:57:18.800+0000] {logging_mixin.py:137} INFO - [2025-04-24T23:57:18.800+0000] {dagbag.py:538} INFO - Filling up the DagBag from /home/airflow/.local/lib/python3.7/site-packages/airflow/example_dags/example_nested_branch_dag.py
[2025-04-24T23:57:18.809+0000] {processor.py:753} INFO - DAG(s) dict_keys(['example_nested_branch_dag']) retrieved from /home/airflow/.local/lib/python3.7/site-packages/airflow/example_dags/example_nested_branch_dag.py
[2025-04-24T23:57:18.820+0000] {logging_mixin.py:137} INFO - [2025-04-24T23:57:18.820+0000] {dag.py:2690} INFO - Sync 1 DAGs
[2025-04-24T23:57:18.832+0000] {logging_mixin.py:137} INFO - [2025-04-24T23:57:18.832+0000] {dag.py:3441} INFO - Setting next_dagrun for example_nested_branch_dag to 2025-04-23T00:00:00+00:00, run_after=2025-04-24T00:00:00+00:00
[2025-04-24T23:57:18.842+0000] {processor.py:175} INFO - Processing /home/airflow/.local/lib/python3.7/site-packages/airflow/example_dags/example_nested_branch_dag.py took 0.046 seconds
[2025-04-24T23:57:49.232+0000] {processor.py:153} INFO - Started process (PID=4478) to work on /home/airflow/.local/lib/python3.7/site-packages/airflow/example_dags/example_nested_branch_dag.py
[2025-04-24T23:57:49.233+0000] {processor.py:743} INFO - Processing file /home/airflow/.local/lib/python3.7/site-packages/airflow/example_dags/example_nested_branch_dag.py for tasks to queue
[2025-04-24T23:57:49.233+0000] {logging_mixin.py:137} INFO - [2025-04-24T23:57:49.233+0000] {dagbag.py:538} INFO - Filling up the DagBag from /home/airflow/.local/lib/python3.7/site-packages/airflow/example_dags/example_nested_branch_dag.py
[2025-04-24T23:57:49.245+0000] {processor.py:753} INFO - DAG(s) dict_keys(['example_nested_branch_dag']) retrieved from /home/airflow/.local/lib/python3.7/site-packages/airflow/example_dags/example_nested_branch_dag.py
[2025-04-24T23:57:49.265+0000] {logging_mixin.py:137} INFO - [2025-04-24T23:57:49.265+0000] {dag.py:2690} INFO - Sync 1 DAGs
[2025-04-24T23:57:49.278+0000] {logging_mixin.py:137} INFO - [2025-04-24T23:57:49.278+0000] {dag.py:3441} INFO - Setting next_dagrun for example_nested_branch_dag to 2025-04-23T00:00:00+00:00, run_after=2025-04-24T00:00:00+00:00
[2025-04-24T23:57:49.288+0000] {processor.py:175} INFO - Processing /home/airflow/.local/lib/python3.7/site-packages/airflow/example_dags/example_nested_branch_dag.py took 0.057 seconds
[2025-04-24T23:58:19.802+0000] {processor.py:153} INFO - Started process (PID=4570) to work on /home/airflow/.local/lib/python3.7/site-packages/airflow/example_dags/example_nested_branch_dag.py
[2025-04-24T23:58:19.802+0000] {processor.py:743} INFO - Processing file /home/airflow/.local/lib/python3.7/site-packages/airflow/example_dags/example_nested_branch_dag.py for tasks to queue
[2025-04-24T23:58:19.803+0000] {logging_mixin.py:137} INFO - [2025-04-24T23:58:19.803+0000] {dagbag.py:538} INFO - Filling up the DagBag from /home/airflow/.local/lib/python3.7/site-packages/airflow/example_dags/example_nested_branch_dag.py
[2025-04-24T23:58:19.813+0000] {processor.py:753} INFO - DAG(s) dict_keys(['example_nested_branch_dag']) retrieved from /home/airflow/.local/lib/python3.7/site-packages/airflow/example_dags/example_nested_branch_dag.py
[2025-04-24T23:58:19.825+0000] {logging_mixin.py:137} INFO - [2025-04-24T23:58:19.825+0000] {dag.py:2690} INFO - Sync 1 DAGs
[2025-04-24T23:58:19.837+0000] {logging_mixin.py:137} INFO - [2025-04-24T23:58:19.836+0000] {dag.py:3441} INFO - Setting next_dagrun for example_nested_branch_dag to 2025-04-23T00:00:00+00:00, run_after=2025-04-24T00:00:00+00:00
[2025-04-24T23:58:19.845+0000] {processor.py:175} INFO - Processing /home/airflow/.local/lib/python3.7/site-packages/airflow/example_dags/example_nested_branch_dag.py took 0.045 seconds
[2025-04-24T23:58:50.263+0000] {processor.py:153} INFO - Started process (PID=4645) to work on /home/airflow/.local/lib/python3.7/site-packages/airflow/example_dags/example_nested_branch_dag.py
[2025-04-24T23:58:50.265+0000] {processor.py:743} INFO - Processing file /home/airflow/.local/lib/python3.7/site-packages/airflow/example_dags/example_nested_branch_dag.py for tasks to queue
[2025-04-24T23:58:50.267+0000] {logging_mixin.py:137} INFO - [2025-04-24T23:58:50.267+0000] {dagbag.py:538} INFO - Filling up the DagBag from /home/airflow/.local/lib/python3.7/site-packages/airflow/example_dags/example_nested_branch_dag.py
[2025-04-24T23:58:50.277+0000] {processor.py:753} INFO - DAG(s) dict_keys(['example_nested_branch_dag']) retrieved from /home/airflow/.local/lib/python3.7/site-packages/airflow/example_dags/example_nested_branch_dag.py
[2025-04-24T23:58:50.290+0000] {logging_mixin.py:137} INFO - [2025-04-24T23:58:50.289+0000] {dag.py:2690} INFO - Sync 1 DAGs
[2025-04-24T23:58:50.302+0000] {logging_mixin.py:137} INFO - [2025-04-24T23:58:50.302+0000] {dag.py:3441} INFO - Setting next_dagrun for example_nested_branch_dag to 2025-04-23T00:00:00+00:00, run_after=2025-04-24T00:00:00+00:00
[2025-04-24T23:58:50.312+0000] {processor.py:175} INFO - Processing /home/airflow/.local/lib/python3.7/site-packages/airflow/example_dags/example_nested_branch_dag.py took 0.050 seconds
[2025-04-24T23:59:20.814+0000] {processor.py:153} INFO - Started process (PID=4737) to work on /home/airflow/.local/lib/python3.7/site-packages/airflow/example_dags/example_nested_branch_dag.py
[2025-04-24T23:59:20.816+0000] {processor.py:743} INFO - Processing file /home/airflow/.local/lib/python3.7/site-packages/airflow/example_dags/example_nested_branch_dag.py for tasks to queue
[2025-04-24T23:59:20.816+0000] {logging_mixin.py:137} INFO - [2025-04-24T23:59:20.816+0000] {dagbag.py:538} INFO - Filling up the DagBag from /home/airflow/.local/lib/python3.7/site-packages/airflow/example_dags/example_nested_branch_dag.py
[2025-04-24T23:59:20.826+0000] {processor.py:753} INFO - DAG(s) dict_keys(['example_nested_branch_dag']) retrieved from /home/airflow/.local/lib/python3.7/site-packages/airflow/example_dags/example_nested_branch_dag.py
[2025-04-24T23:59:20.839+0000] {logging_mixin.py:137} INFO - [2025-04-24T23:59:20.838+0000] {dag.py:2690} INFO - Sync 1 DAGs
[2025-04-24T23:59:20.849+0000] {logging_mixin.py:137} INFO - [2025-04-24T23:59:20.849+0000] {dag.py:3441} INFO - Setting next_dagrun for example_nested_branch_dag to 2025-04-23T00:00:00+00:00, run_after=2025-04-24T00:00:00+00:00
[2025-04-24T23:59:20.857+0000] {processor.py:175} INFO - Processing /home/airflow/.local/lib/python3.7/site-packages/airflow/example_dags/example_nested_branch_dag.py took 0.044 seconds
[2025-04-24T23:59:51.480+0000] {processor.py:153} INFO - Started process (PID=4829) to work on /home/airflow/.local/lib/python3.7/site-packages/airflow/example_dags/example_nested_branch_dag.py
[2025-04-24T23:59:51.480+0000] {processor.py:743} INFO - Processing file /home/airflow/.local/lib/python3.7/site-packages/airflow/example_dags/example_nested_branch_dag.py for tasks to queue
[2025-04-24T23:59:51.481+0000] {logging_mixin.py:137} INFO - [2025-04-24T23:59:51.481+0000] {dagbag.py:538} INFO - Filling up the DagBag from /home/airflow/.local/lib/python3.7/site-packages/airflow/example_dags/example_nested_branch_dag.py
[2025-04-24T23:59:51.491+0000] {processor.py:753} INFO - DAG(s) dict_keys(['example_nested_branch_dag']) retrieved from /home/airflow/.local/lib/python3.7/site-packages/airflow/example_dags/example_nested_branch_dag.py
[2025-04-24T23:59:51.503+0000] {logging_mixin.py:137} INFO - [2025-04-24T23:59:51.503+0000] {dag.py:2690} INFO - Sync 1 DAGs
[2025-04-24T23:59:51.516+0000] {logging_mixin.py:137} INFO - [2025-04-24T23:59:51.516+0000] {dag.py:3441} INFO - Setting next_dagrun for example_nested_branch_dag to 2025-04-23T00:00:00+00:00, run_after=2025-04-24T00:00:00+00:00
[2025-04-24T23:59:51.529+0000] {processor.py:175} INFO - Processing /home/airflow/.local/lib/python3.7/site-packages/airflow/example_dags/example_nested_branch_dag.py took 0.051 seconds
