[2025-04-29T04:38:11.256+0000] {taskinstance.py:1083} INFO - Dependencies all met for <TaskInstance: user_processing.is_api_available scheduled__2025-04-25T00:00:00+00:00 [queued]>
[2025-04-29T04:38:11.264+0000] {taskinstance.py:1083} INFO - Dependencies all met for <TaskInstance: user_processing.is_api_available scheduled__2025-04-25T00:00:00+00:00 [queued]>
[2025-04-29T04:38:11.265+0000] {taskinstance.py:1279} INFO - 
--------------------------------------------------------------------------------
[2025-04-29T04:38:11.266+0000] {taskinstance.py:1280} INFO - Starting attempt 1 of 1
[2025-04-29T04:38:11.267+0000] {taskinstance.py:1281} INFO - 
--------------------------------------------------------------------------------
[2025-04-29T04:38:11.279+0000] {taskinstance.py:1300} INFO - Executing <Task(HttpSensor): is_api_available> on 2025-04-25 00:00:00+00:00
[2025-04-29T04:38:11.285+0000] {standard_task_runner.py:55} INFO - Started process 82 to run task
[2025-04-29T04:38:11.290+0000] {standard_task_runner.py:82} INFO - Running: ['***', 'tasks', 'run', 'user_processing', 'is_api_available', 'scheduled__2025-04-25T00:00:00+00:00', '--job-id', '33', '--raw', '--subdir', 'DAGS_FOLDER/user_processing.py', '--cfg-path', '/tmp/tmp6_ub3i31']
[2025-04-29T04:38:11.290+0000] {standard_task_runner.py:83} INFO - Job 33: Subtask is_api_available
[2025-04-29T04:38:11.353+0000] {task_command.py:388} INFO - Running <TaskInstance: user_processing.is_api_available scheduled__2025-04-25T00:00:00+00:00 [running]> on host b08efc87d46b
[2025-04-29T04:38:11.409+0000] {taskinstance.py:1509} INFO - Exporting the following env vars:
AIRFLOW_CTX_DAG_OWNER=***
AIRFLOW_CTX_DAG_ID=user_processing
AIRFLOW_CTX_TASK_ID=is_api_available
AIRFLOW_CTX_EXECUTION_DATE=2025-04-25T00:00:00+00:00
AIRFLOW_CTX_TRY_NUMBER=1
AIRFLOW_CTX_DAG_RUN_ID=scheduled__2025-04-25T00:00:00+00:00
[2025-04-29T04:38:11.411+0000] {http.py:122} INFO - Poking: api/
[2025-04-29T04:38:11.416+0000] {base.py:73} INFO - Using connection ID 'user_api' for task execution.
[2025-04-29T04:38:11.979+0000] {warnings.py:110} WARNING - /home/***/.local/lib/python3.7/site-packages/urllib3/connectionpool.py:1052: InsecureRequestWarning: Unverified HTTPS request is being made to host 'randomuser.me'. Adding certificate verification is strongly advised. See: https://urllib3.readthedocs.io/en/1.26.x/advanced-usage.html#ssl-warnings
  InsecureRequestWarning,

[2025-04-29T04:38:22.582+0000] {base.py:228} INFO - Success criteria met. Exiting.
[2025-04-29T04:38:22.587+0000] {taskinstance.py:1323} INFO - Marking task as SUCCESS. dag_id=user_processing, task_id=is_api_available, execution_date=20250425T000000, start_date=20250429T043811, end_date=20250429T043822
[2025-04-29T04:38:22.615+0000] {local_task_job.py:208} INFO - Task exited with return code 0
[2025-04-29T04:38:22.636+0000] {taskinstance.py:2578} INFO - 1 downstream tasks scheduled from follow-on schedule check
