[2024-12-22T18:40:41.014+0000] {taskinstance.py:1083} INFO - Dependencies all met for <TaskInstance: user_processing.extract_user_data manual__2024-12-22T18:40:37.973997+00:00 [queued]>
[2024-12-22T18:40:41.020+0000] {taskinstance.py:1083} INFO - Dependencies all met for <TaskInstance: user_processing.extract_user_data manual__2024-12-22T18:40:37.973997+00:00 [queued]>
[2024-12-22T18:40:41.020+0000] {taskinstance.py:1279} INFO - 
--------------------------------------------------------------------------------
[2024-12-22T18:40:41.020+0000] {taskinstance.py:1280} INFO - Starting attempt 1 of 1
[2024-12-22T18:40:41.021+0000] {taskinstance.py:1281} INFO - 
--------------------------------------------------------------------------------
[2024-12-22T18:40:41.029+0000] {taskinstance.py:1300} INFO - Executing <Task(SimpleHttpOperator): extract_user_data> on 2024-12-22 18:40:37.973997+00:00
[2024-12-22T18:40:41.032+0000] {standard_task_runner.py:55} INFO - Started process 80075 to run task
[2024-12-22T18:40:41.033+0000] {standard_task_runner.py:82} INFO - Running: ['***', 'tasks', 'run', 'user_processing', 'extract_user_data', 'manual__2024-12-22T18:40:37.973997+00:00', '--job-id', '188', '--raw', '--subdir', 'DAGS_FOLDER/user_processing.py', '--cfg-path', '/tmp/tmptu21d76m']
[2024-12-22T18:40:41.033+0000] {standard_task_runner.py:83} INFO - Job 188: Subtask extract_user_data
[2024-12-22T18:40:41.061+0000] {task_command.py:388} INFO - Running <TaskInstance: user_processing.extract_user_data manual__2024-12-22T18:40:37.973997+00:00 [running]> on host 44e036a430cc
[2024-12-22T18:40:41.094+0000] {taskinstance.py:1509} INFO - Exporting the following env vars:
AIRFLOW_CTX_DAG_OWNER=***
AIRFLOW_CTX_DAG_ID=user_processing
AIRFLOW_CTX_TASK_ID=extract_user_data
AIRFLOW_CTX_EXECUTION_DATE=2024-12-22T18:40:37.973997+00:00
AIRFLOW_CTX_TRY_NUMBER=1
AIRFLOW_CTX_DAG_RUN_ID=manual__2024-12-22T18:40:37.973997+00:00
[2024-12-22T18:40:41.095+0000] {http.py:123} INFO - Calling HTTP method
[2024-12-22T18:40:41.108+0000] {base.py:73} INFO - Using connection ID 'user_api' for task execution.
[2024-12-22T18:40:41.159+0000] {warnings.py:110} WARNING - /home/***/.local/lib/python3.7/site-packages/urllib3/connectionpool.py:1052: InsecureRequestWarning: Unverified HTTPS request is being made to host 'randomuser.me'. Adding certificate verification is strongly advised. See: https://urllib3.readthedocs.io/en/1.26.x/advanced-usage.html#ssl-warnings
  InsecureRequestWarning,

[2024-12-22T18:40:41.236+0000] {http.py:127} INFO - {"results":[{"gender":"male","name":{"title":"Mr","first":"Özkan","last":"Korol"},"location":{"street":{"number":8011,"name":"Istiklal Cd"},"city":"Aydın","state":"Erzurum","country":"Turkey","postcode":26762,"coordinates":{"latitude":"72.7438","longitude":"-26.8992"},"timezone":{"offset":"-2:00","description":"Mid-Atlantic"}},"email":"ozkan.korol@example.com","login":{"uuid":"e85c7142-e4d6-49e7-866b-5564b97a06a7","username":"happypanda431","password":"hippo","salt":"6s2xJ6EH","md5":"3ed4d6c111b1f6067752cf1a699ad75a","sha1":"5b9f3f9e69d486598671b5241d385be557c1f32c","sha256":"cba6a51dc7d57c6fd5a1086b9e64f3d4f48a3445598d2a52c97fb128e7881fac"},"dob":{"date":"1963-10-08T01:58:23.953Z","age":61},"registered":{"date":"2010-08-27T18:34:13.859Z","age":14},"phone":"(754)-603-6481","cell":"(172)-938-0788","id":{"name":"","value":null},"picture":{"large":"https://randomuser.me/api/portraits/men/27.jpg","medium":"https://randomuser.me/api/portraits/med/men/27.jpg","thumbnail":"https://randomuser.me/api/portraits/thumb/men/27.jpg"},"nat":"TR"}],"info":{"seed":"ef96650cf677973d","results":1,"page":1,"version":"1.4"}}
[2024-12-22T18:40:41.348+0000] {taskinstance.py:1323} INFO - Marking task as SUCCESS. dag_id=user_processing, task_id=extract_user_data, execution_date=20241222T184037, start_date=20241222T184041, end_date=20241222T184041
[2024-12-22T18:40:41.379+0000] {local_task_job.py:208} INFO - Task exited with return code 0
[2024-12-22T18:40:41.391+0000] {taskinstance.py:2578} INFO - 1 downstream tasks scheduled from follow-on schedule check
