[2024-12-23T00:11:18.961+0000] {taskinstance.py:1083} INFO - Dependencies all met for <TaskInstance: user_processing.store_user scheduled__2024-12-22T00:00:00+00:00 [queued]>
[2024-12-23T00:11:18.964+0000] {taskinstance.py:1083} INFO - Dependencies all met for <TaskInstance: user_processing.store_user scheduled__2024-12-22T00:00:00+00:00 [queued]>
[2024-12-23T00:11:18.964+0000] {taskinstance.py:1279} INFO - 
--------------------------------------------------------------------------------
[2024-12-23T00:11:18.964+0000] {taskinstance.py:1280} INFO - Starting attempt 1 of 1
[2024-12-23T00:11:18.964+0000] {taskinstance.py:1281} INFO - 
--------------------------------------------------------------------------------
[2024-12-23T00:11:18.968+0000] {taskinstance.py:1300} INFO - Executing <Task(PythonOperator): store_user> on 2024-12-22 00:00:00+00:00
[2024-12-23T00:11:18.970+0000] {standard_task_runner.py:55} INFO - Started process 88312 to run task
[2024-12-23T00:11:18.972+0000] {standard_task_runner.py:82} INFO - Running: ['***', 'tasks', 'run', 'user_processing', 'store_user', 'scheduled__2024-12-22T00:00:00+00:00', '--job-id', '200', '--raw', '--subdir', 'DAGS_FOLDER/user_processing.py', '--cfg-path', '/tmp/tmp_cawgbz9']
[2024-12-23T00:11:18.973+0000] {standard_task_runner.py:83} INFO - Job 200: Subtask store_user
[2024-12-23T00:11:18.995+0000] {task_command.py:388} INFO - Running <TaskInstance: user_processing.store_user scheduled__2024-12-22T00:00:00+00:00 [running]> on host 44e036a430cc
[2024-12-23T00:11:19.019+0000] {taskinstance.py:1509} INFO - Exporting the following env vars:
AIRFLOW_CTX_DAG_OWNER=***
AIRFLOW_CTX_DAG_ID=user_processing
AIRFLOW_CTX_TASK_ID=store_user
AIRFLOW_CTX_EXECUTION_DATE=2024-12-22T00:00:00+00:00
AIRFLOW_CTX_TRY_NUMBER=1
AIRFLOW_CTX_DAG_RUN_ID=scheduled__2024-12-22T00:00:00+00:00
[2024-12-23T00:11:19.020+0000] {postgres.py:158} INFO - Running copy expert: COPY users FROM stdin WITH DELIMITER as ',', filename: /tmp/processed_user.csv
[2024-12-23T00:11:19.022+0000] {base.py:73} INFO - Using connection ID 'postgres' for task execution.
[2024-12-23T00:11:19.024+0000] {python.py:177} INFO - Done. Returned value was: None
[2024-12-23T00:11:19.027+0000] {taskinstance.py:1323} INFO - Marking task as SUCCESS. dag_id=user_processing, task_id=store_user, execution_date=20241222T000000, start_date=20241223T001118, end_date=20241223T001119
[2024-12-23T00:11:19.077+0000] {local_task_job.py:208} INFO - Task exited with return code 0
[2024-12-23T00:11:19.085+0000] {taskinstance.py:2578} INFO - 0 downstream tasks scheduled from follow-on schedule check
