[2025-05-21T00:08:51.506+0000] {taskinstance.py:1083} INFO - Dependencies all met for <TaskInstance: group_dag.downloads.download_a scheduled__2025-05-20T00:00:00+00:00 [queued]>
[2025-05-21T00:08:51.519+0000] {taskinstance.py:1083} INFO - Dependencies all met for <TaskInstance: group_dag.downloads.download_a scheduled__2025-05-20T00:00:00+00:00 [queued]>
[2025-05-21T00:08:51.519+0000] {taskinstance.py:1279} INFO - 
--------------------------------------------------------------------------------
[2025-05-21T00:08:51.519+0000] {taskinstance.py:1280} INFO - Starting attempt 1 of 1
[2025-05-21T00:08:51.520+0000] {taskinstance.py:1281} INFO - 
--------------------------------------------------------------------------------
[2025-05-21T00:08:51.528+0000] {taskinstance.py:1300} INFO - Executing <Task(BashOperator): downloads.download_a> on 2025-05-20 00:00:00+00:00
[2025-05-21T00:08:51.536+0000] {standard_task_runner.py:55} INFO - Started process 9165 to run task
[2025-05-21T00:08:51.544+0000] {standard_task_runner.py:82} INFO - Running: ['***', 'tasks', 'run', 'group_dag', 'downloads.download_a', 'scheduled__2025-05-20T00:00:00+00:00', '--job-id', '422', '--raw', '--subdir', 'DAGS_FOLDER/group_dags.py', '--cfg-path', '/tmp/tmp6wjtqga0']
[2025-05-21T00:08:51.546+0000] {standard_task_runner.py:83} INFO - Job 422: Subtask downloads.download_a
[2025-05-21T00:08:51.661+0000] {task_command.py:388} INFO - Running <TaskInstance: group_dag.downloads.download_a scheduled__2025-05-20T00:00:00+00:00 [running]> on host b1064f4ed60e
[2025-05-21T00:08:51.971+0000] {taskinstance.py:1509} INFO - Exporting the following env vars:
AIRFLOW_CTX_DAG_OWNER=***
AIRFLOW_CTX_DAG_ID=group_dag
AIRFLOW_CTX_TASK_ID=downloads.download_a
AIRFLOW_CTX_EXECUTION_DATE=2025-05-20T00:00:00+00:00
AIRFLOW_CTX_TRY_NUMBER=1
AIRFLOW_CTX_DAG_RUN_ID=scheduled__2025-05-20T00:00:00+00:00
[2025-05-21T00:08:51.976+0000] {subprocess.py:63} INFO - Tmp dir root location: 
 /tmp
[2025-05-21T00:08:51.982+0000] {subprocess.py:75} INFO - Running command: ['/bin/bash', '-c', 'sleep 5']
[2025-05-21T00:08:52.020+0000] {subprocess.py:86} INFO - Output:
[2025-05-21T00:08:57.033+0000] {subprocess.py:97} INFO - Command exited with return code 0
[2025-05-21T00:08:57.098+0000] {taskinstance.py:1323} INFO - Marking task as SUCCESS. dag_id=group_dag, task_id=downloads.download_a, execution_date=20250520T000000, start_date=20250521T000851, end_date=20250521T000857
[2025-05-21T00:08:57.150+0000] {local_task_job.py:208} INFO - Task exited with return code 0
[2025-05-21T00:08:57.231+0000] {taskinstance.py:2578} INFO - 1 downstream tasks scheduled from follow-on schedule check
