[2025-01-10T00:10:37.662+0000] {taskinstance.py:1083} INFO - Dependencies all met for <TaskInstance: user_processing.extract_user_data scheduled__2025-01-09T00:00:00+00:00 [queued]>
[2025-01-10T00:10:37.666+0000] {taskinstance.py:1083} INFO - Dependencies all met for <TaskInstance: user_processing.extract_user_data scheduled__2025-01-09T00:00:00+00:00 [queued]>
[2025-01-10T00:10:37.666+0000] {taskinstance.py:1279} INFO - 
--------------------------------------------------------------------------------
[2025-01-10T00:10:37.666+0000] {taskinstance.py:1280} INFO - Starting attempt 1 of 1
[2025-01-10T00:10:37.666+0000] {taskinstance.py:1281} INFO - 
--------------------------------------------------------------------------------
[2025-01-10T00:10:37.671+0000] {taskinstance.py:1300} INFO - Executing <Task(SimpleHttpOperator): extract_user_data> on 2025-01-09 00:00:00+00:00
[2025-01-10T00:10:37.674+0000] {standard_task_runner.py:55} INFO - Started process 2193 to run task
[2025-01-10T00:10:37.675+0000] {standard_task_runner.py:82} INFO - Running: ['***', 'tasks', 'run', 'user_processing', 'extract_user_data', 'scheduled__2025-01-09T00:00:00+00:00', '--job-id', '269', '--raw', '--subdir', 'DAGS_FOLDER/user_processing.py', '--cfg-path', '/tmp/tmp671wv4ec']
[2025-01-10T00:10:37.675+0000] {standard_task_runner.py:83} INFO - Job 269: Subtask extract_user_data
[2025-01-10T00:10:37.702+0000] {task_command.py:388} INFO - Running <TaskInstance: user_processing.extract_user_data scheduled__2025-01-09T00:00:00+00:00 [running]> on host 44e036a430cc
[2025-01-10T00:10:37.732+0000] {taskinstance.py:1509} INFO - Exporting the following env vars:
AIRFLOW_CTX_DAG_OWNER=***
AIRFLOW_CTX_DAG_ID=user_processing
AIRFLOW_CTX_TASK_ID=extract_user_data
AIRFLOW_CTX_EXECUTION_DATE=2025-01-09T00:00:00+00:00
AIRFLOW_CTX_TRY_NUMBER=1
AIRFLOW_CTX_DAG_RUN_ID=scheduled__2025-01-09T00:00:00+00:00
[2025-01-10T00:10:37.734+0000] {http.py:123} INFO - Calling HTTP method
[2025-01-10T00:10:37.737+0000] {base.py:73} INFO - Using connection ID 'user_api' for task execution.
[2025-01-10T00:10:37.786+0000] {warnings.py:110} WARNING - /home/***/.local/lib/python3.7/site-packages/urllib3/connectionpool.py:1052: InsecureRequestWarning: Unverified HTTPS request is being made to host 'randomuser.me'. Adding certificate verification is strongly advised. See: https://urllib3.readthedocs.io/en/1.26.x/advanced-usage.html#ssl-warnings
  InsecureRequestWarning,

[2025-01-10T00:10:37.864+0000] {http.py:127} INFO - {"results":[{"gender":"male","name":{"title":"Mr","first":"Fred","last":"Brewer"},"location":{"street":{"number":1761,"name":"Grange Road"},"city":"Bangor","state":"County Londonderry","country":"United Kingdom","postcode":"AD4Y 2ES","coordinates":{"latitude":"-6.5717","longitude":"-125.5387"},"timezone":{"offset":"-10:00","description":"Hawaii"}},"email":"fred.brewer@example.com","login":{"uuid":"5112303b-6673-4177-8fd5-faff2f97a43f","username":"ticklishgoose975","password":"wives","salt":"AxCofBDd","md5":"c965218bc16066ce0d8a01c8d91a32a0","sha1":"584076de3b32baadf16ad5bfb96eb7770acbb6ad","sha256":"1b9e12e287cbb4ab5a4f05e8d9fdbad8855d1fe2243c619e8362ded16e058500"},"dob":{"date":"1982-03-17T02:14:28.089Z","age":42},"registered":{"date":"2022-04-04T09:16:04.008Z","age":2},"phone":"017683 84979","cell":"07338 050564","id":{"name":"NINO","value":"YH 04 43 78 V"},"picture":{"large":"https://randomuser.me/api/portraits/men/94.jpg","medium":"https://randomuser.me/api/portraits/med/men/94.jpg","thumbnail":"https://randomuser.me/api/portraits/thumb/men/94.jpg"},"nat":"GB"}],"info":{"seed":"bb90b2880b728a94","results":1,"page":1,"version":"1.4"}}
[2025-01-10T00:10:37.983+0000] {taskinstance.py:1323} INFO - Marking task as SUCCESS. dag_id=user_processing, task_id=extract_user_data, execution_date=20250109T000000, start_date=20250110T001037, end_date=20250110T001037
[2025-01-10T00:10:37.995+0000] {local_task_job.py:208} INFO - Task exited with return code 0
[2025-01-10T00:10:38.007+0000] {taskinstance.py:2578} INFO - 1 downstream tasks scheduled from follow-on schedule check
