[2024-12-28T00:10:16.808+0000] {taskinstance.py:1083} INFO - Dependencies all met for <TaskInstance: user_processing.store_user scheduled__2024-12-27T00:00:00+00:00 [queued]>
[2024-12-28T00:10:16.812+0000] {taskinstance.py:1083} INFO - Dependencies all met for <TaskInstance: user_processing.store_user scheduled__2024-12-27T00:00:00+00:00 [queued]>
[2024-12-28T00:10:16.813+0000] {taskinstance.py:1279} INFO - 
--------------------------------------------------------------------------------
[2024-12-28T00:10:16.813+0000] {taskinstance.py:1280} INFO - Starting attempt 1 of 1
[2024-12-28T00:10:16.813+0000] {taskinstance.py:1281} INFO - 
--------------------------------------------------------------------------------
[2024-12-28T00:10:16.819+0000] {taskinstance.py:1300} INFO - Executing <Task(PythonOperator): store_user> on 2024-12-27 00:00:00+00:00
[2024-12-28T00:10:16.822+0000] {standard_task_runner.py:55} INFO - Started process 44219 to run task
[2024-12-28T00:10:16.824+0000] {standard_task_runner.py:82} INFO - Running: ['***', 'tasks', 'run', 'user_processing', 'store_user', 'scheduled__2024-12-27T00:00:00+00:00', '--job-id', '235', '--raw', '--subdir', 'DAGS_FOLDER/user_processing.py', '--cfg-path', '/tmp/tmp5qa4t37n']
[2024-12-28T00:10:16.824+0000] {standard_task_runner.py:83} INFO - Job 235: Subtask store_user
[2024-12-28T00:10:16.854+0000] {task_command.py:388} INFO - Running <TaskInstance: user_processing.store_user scheduled__2024-12-27T00:00:00+00:00 [running]> on host 44e036a430cc
[2024-12-28T00:10:16.885+0000] {taskinstance.py:1509} INFO - Exporting the following env vars:
AIRFLOW_CTX_DAG_OWNER=***
AIRFLOW_CTX_DAG_ID=user_processing
AIRFLOW_CTX_TASK_ID=store_user
AIRFLOW_CTX_EXECUTION_DATE=2024-12-27T00:00:00+00:00
AIRFLOW_CTX_TRY_NUMBER=1
AIRFLOW_CTX_DAG_RUN_ID=scheduled__2024-12-27T00:00:00+00:00
[2024-12-28T00:10:16.887+0000] {postgres.py:158} INFO - Running copy expert: COPY users FROM stdin WITH DELIMITER as ',', filename: /tmp/processed_user.csv
[2024-12-28T00:10:16.890+0000] {base.py:73} INFO - Using connection ID 'postgres' for task execution.
[2024-12-28T00:10:16.893+0000] {python.py:177} INFO - Done. Returned value was: None
[2024-12-28T00:10:16.897+0000] {taskinstance.py:1323} INFO - Marking task as SUCCESS. dag_id=user_processing, task_id=store_user, execution_date=20241227T000000, start_date=20241228T001016, end_date=20241228T001016
[2024-12-28T00:10:16.927+0000] {local_task_job.py:208} INFO - Task exited with return code 0
[2024-12-28T00:10:16.949+0000] {taskinstance.py:2578} INFO - 0 downstream tasks scheduled from follow-on schedule check
