[2025-05-15T14:28:00.240+0000] {taskinstance.py:1083} INFO - Dependencies all met for <TaskInstance: xcom_dag.t2 manual__2025-05-15T14:27:58.259855+00:00 [queued]>
[2025-05-15T14:28:00.244+0000] {taskinstance.py:1083} INFO - Dependencies all met for <TaskInstance: xcom_dag.t2 manual__2025-05-15T14:27:58.259855+00:00 [queued]>
[2025-05-15T14:28:00.244+0000] {taskinstance.py:1279} INFO - 
--------------------------------------------------------------------------------
[2025-05-15T14:28:00.244+0000] {taskinstance.py:1280} INFO - Starting attempt 1 of 1
[2025-05-15T14:28:00.244+0000] {taskinstance.py:1281} INFO - 
--------------------------------------------------------------------------------
[2025-05-15T14:28:00.249+0000] {taskinstance.py:1300} INFO - Executing <Task(PythonOperator): t2> on 2025-05-15 14:27:58.259855+00:00
[2025-05-15T14:28:00.251+0000] {standard_task_runner.py:55} INFO - Started process 30836 to run task
[2025-05-15T14:28:00.252+0000] {standard_task_runner.py:82} INFO - Running: ['***', 'tasks', 'run', 'xcom_dag', 't2', 'manual__2025-05-15T14:27:58.259855+00:00', '--job-id', '303', '--raw', '--subdir', 'DAGS_FOLDER/xcom_dags.py', '--cfg-path', '/tmp/tmpzj64fx6x']
[2025-05-15T14:28:00.252+0000] {standard_task_runner.py:83} INFO - Job 303: Subtask t2
[2025-05-15T14:28:00.275+0000] {task_command.py:388} INFO - Running <TaskInstance: xcom_dag.t2 manual__2025-05-15T14:27:58.259855+00:00 [running]> on host b1064f4ed60e
[2025-05-15T14:28:00.301+0000] {taskinstance.py:1509} INFO - Exporting the following env vars:
AIRFLOW_CTX_DAG_OWNER=***
AIRFLOW_CTX_DAG_ID=xcom_dag
AIRFLOW_CTX_TASK_ID=t2
AIRFLOW_CTX_EXECUTION_DATE=2025-05-15T14:27:58.259855+00:00
AIRFLOW_CTX_TRY_NUMBER=1
AIRFLOW_CTX_DAG_RUN_ID=manual__2025-05-15T14:27:58.259855+00:00
[2025-05-15T14:28:00.305+0000] {logging_mixin.py:137} INFO - 50
[2025-05-15T14:28:00.306+0000] {python.py:177} INFO - Done. Returned value was: None
[2025-05-15T14:28:00.309+0000] {taskinstance.py:1323} INFO - Marking task as SUCCESS. dag_id=xcom_dag, task_id=t2, execution_date=20250515T142758, start_date=20250515T142800, end_date=20250515T142800
[2025-05-15T14:28:00.348+0000] {local_task_job.py:208} INFO - Task exited with return code 0
[2025-05-15T14:28:00.357+0000] {taskinstance.py:2578} INFO - 1 downstream tasks scheduled from follow-on schedule check
