[2025-05-09T00:01:43.250+0000] {taskinstance.py:1083} INFO - Dependencies all met for <TaskInstance: user_processing.store_user scheduled__2025-05-08T00:00:00+00:00 [queued]>
[2025-05-09T00:01:43.254+0000] {taskinstance.py:1083} INFO - Dependencies all met for <TaskInstance: user_processing.store_user scheduled__2025-05-08T00:00:00+00:00 [queued]>
[2025-05-09T00:01:43.254+0000] {taskinstance.py:1279} INFO - 
--------------------------------------------------------------------------------
[2025-05-09T00:01:43.254+0000] {taskinstance.py:1280} INFO - Starting attempt 1 of 1
[2025-05-09T00:01:43.254+0000] {taskinstance.py:1281} INFO - 
--------------------------------------------------------------------------------
[2025-05-09T00:01:43.259+0000] {taskinstance.py:1300} INFO - Executing <Task(PythonOperator): store_user> on 2025-05-08 00:00:00+00:00
[2025-05-09T00:01:43.261+0000] {standard_task_runner.py:55} INFO - Started process 47514 to run task
[2025-05-09T00:01:43.263+0000] {standard_task_runner.py:82} INFO - Running: ['***', 'tasks', 'run', 'user_processing', 'store_user', 'scheduled__2025-05-08T00:00:00+00:00', '--job-id', '174', '--raw', '--subdir', 'DAGS_FOLDER/user_processing.py', '--cfg-path', '/tmp/tmpg8ipd0x4']
[2025-05-09T00:01:43.263+0000] {standard_task_runner.py:83} INFO - Job 174: Subtask store_user
[2025-05-09T00:01:43.286+0000] {task_command.py:388} INFO - Running <TaskInstance: user_processing.store_user scheduled__2025-05-08T00:00:00+00:00 [running]> on host b1064f4ed60e
[2025-05-09T00:01:43.311+0000] {taskinstance.py:1509} INFO - Exporting the following env vars:
AIRFLOW_CTX_DAG_OWNER=***
AIRFLOW_CTX_DAG_ID=user_processing
AIRFLOW_CTX_TASK_ID=store_user
AIRFLOW_CTX_EXECUTION_DATE=2025-05-08T00:00:00+00:00
AIRFLOW_CTX_TRY_NUMBER=1
AIRFLOW_CTX_DAG_RUN_ID=scheduled__2025-05-08T00:00:00+00:00
[2025-05-09T00:01:43.312+0000] {postgres.py:158} INFO - Running copy expert: COPY users FROM stdin WITH DELIMITER as ',', filename: /tmp/processed_user.csv
[2025-05-09T00:01:43.314+0000] {base.py:73} INFO - Using connection ID 'postgres' for task execution.
[2025-05-09T00:01:43.316+0000] {python.py:177} INFO - Done. Returned value was: None
[2025-05-09T00:01:43.319+0000] {taskinstance.py:1323} INFO - Marking task as SUCCESS. dag_id=user_processing, task_id=store_user, execution_date=20250508T000000, start_date=20250509T000143, end_date=20250509T000143
[2025-05-09T00:01:43.366+0000] {local_task_job.py:208} INFO - Task exited with return code 0
[2025-05-09T00:01:43.373+0000] {taskinstance.py:2578} INFO - 0 downstream tasks scheduled from follow-on schedule check
