[2025-04-29T04:42:59.425+0000] {taskinstance.py:1083} INFO - Dependencies all met for <TaskInstance: user_processing.extract_user_data manual__2025-04-29T04:42:43.263313+00:00 [queued]>
[2025-04-29T04:42:59.428+0000] {taskinstance.py:1083} INFO - Dependencies all met for <TaskInstance: user_processing.extract_user_data manual__2025-04-29T04:42:43.263313+00:00 [queued]>
[2025-04-29T04:42:59.429+0000] {taskinstance.py:1279} INFO - 
--------------------------------------------------------------------------------
[2025-04-29T04:42:59.429+0000] {taskinstance.py:1280} INFO - Starting attempt 1 of 1
[2025-04-29T04:42:59.429+0000] {taskinstance.py:1281} INFO - 
--------------------------------------------------------------------------------
[2025-04-29T04:42:59.434+0000] {taskinstance.py:1300} INFO - Executing <Task(SimpleHttpOperator): extract_user_data> on 2025-04-29 04:42:43.263313+00:00
[2025-04-29T04:42:59.436+0000] {standard_task_runner.py:55} INFO - Started process 525 to run task
[2025-04-29T04:42:59.438+0000] {standard_task_runner.py:82} INFO - Running: ['***', 'tasks', 'run', 'user_processing', 'extract_user_data', 'manual__2025-04-29T04:42:43.263313+00:00', '--job-id', '42', '--raw', '--subdir', 'DAGS_FOLDER/user_processing.py', '--cfg-path', '/tmp/tmpabb2nxi0']
[2025-04-29T04:42:59.438+0000] {standard_task_runner.py:83} INFO - Job 42: Subtask extract_user_data
[2025-04-29T04:42:59.460+0000] {task_command.py:388} INFO - Running <TaskInstance: user_processing.extract_user_data manual__2025-04-29T04:42:43.263313+00:00 [running]> on host b08efc87d46b
[2025-04-29T04:42:59.485+0000] {taskinstance.py:1509} INFO - Exporting the following env vars:
AIRFLOW_CTX_DAG_OWNER=***
AIRFLOW_CTX_DAG_ID=user_processing
AIRFLOW_CTX_TASK_ID=extract_user_data
AIRFLOW_CTX_EXECUTION_DATE=2025-04-29T04:42:43.263313+00:00
AIRFLOW_CTX_TRY_NUMBER=1
AIRFLOW_CTX_DAG_RUN_ID=manual__2025-04-29T04:42:43.263313+00:00
[2025-04-29T04:42:59.486+0000] {http.py:123} INFO - Calling HTTP method
[2025-04-29T04:42:59.489+0000] {base.py:73} INFO - Using connection ID 'user_api' for task execution.
[2025-04-29T04:42:59.544+0000] {warnings.py:110} WARNING - /home/***/.local/lib/python3.7/site-packages/urllib3/connectionpool.py:1052: InsecureRequestWarning: Unverified HTTPS request is being made to host 'randomuser.me'. Adding certificate verification is strongly advised. See: https://urllib3.readthedocs.io/en/1.26.x/advanced-usage.html#ssl-warnings
  InsecureRequestWarning,

[2025-04-29T04:43:12.494+0000] {http.py:127} INFO - {"results":[{"gender":"male","name":{"title":"Mr","first":"Nicolás","last":"Canales"},"location":{"street":{"number":2706,"name":"Privada Sur Madrigal"},"city":"Tonantzintla","state":"Tlaxcala","country":"Mexico","postcode":23912,"coordinates":{"latitude":"28.6116","longitude":"-156.0496"},"timezone":{"offset":"-2:00","description":"Mid-Atlantic"}},"email":"nicolas.canales@example.com","login":{"uuid":"b254dee2-6f55-4fb5-8c5d-b1943fec20a4","username":"goldenswan753","password":"rrrrrr","salt":"x8wu0UwX","md5":"f0c739357a46a590cf536336b4930bb6","sha1":"b3ca20007c7769f2ff4e56c6d23596ad382578b4","sha256":"945dd709e896cebceb9bccbb23bdcb30b074be492713c1893f8d5b0ab84020f6"},"dob":{"date":"1949-11-03T20:02:22.297Z","age":75},"registered":{"date":"2014-08-23T05:24:08.598Z","age":10},"phone":"(629) 871 0620","cell":"(676) 452 1715","id":{"name":"NSS","value":"16 55 33 9445 8"},"picture":{"large":"https://randomuser.me/api/portraits/men/26.jpg","medium":"https://randomuser.me/api/portraits/med/men/26.jpg","thumbnail":"https://randomuser.me/api/portraits/thumb/men/26.jpg"},"nat":"MX"}],"info":{"seed":"7f425b7f205c0804","results":1,"page":1,"version":"1.4"}}
[2025-04-29T04:43:12.593+0000] {taskinstance.py:1323} INFO - Marking task as SUCCESS. dag_id=user_processing, task_id=extract_user_data, execution_date=20250429T044243, start_date=20250429T044259, end_date=20250429T044312
[2025-04-29T04:43:12.608+0000] {local_task_job.py:208} INFO - Task exited with return code 0
[2025-04-29T04:43:12.620+0000] {taskinstance.py:2578} INFO - 1 downstream tasks scheduled from follow-on schedule check
