[2025-05-18T00:14:00.125+0000] {taskinstance.py:1083} INFO - Dependencies all met for <TaskInstance: parallel_dag.extract_b scheduled__2025-05-17T00:00:00+00:00 [queued]>
[2025-05-18T00:14:00.149+0000] {taskinstance.py:1083} INFO - Dependencies all met for <TaskInstance: parallel_dag.extract_b scheduled__2025-05-17T00:00:00+00:00 [queued]>
[2025-05-18T00:14:00.152+0000] {taskinstance.py:1279} INFO - 
--------------------------------------------------------------------------------
[2025-05-18T00:14:00.152+0000] {taskinstance.py:1280} INFO - Starting attempt 1 of 1
[2025-05-18T00:14:00.152+0000] {taskinstance.py:1281} INFO - 
--------------------------------------------------------------------------------
[2025-05-18T00:14:00.211+0000] {taskinstance.py:1300} INFO - Executing <Task(BashOperator): extract_b> on 2025-05-17 00:00:00+00:00
[2025-05-18T00:14:00.214+0000] {standard_task_runner.py:55} INFO - Started process 87122 to run task
[2025-05-18T00:14:00.224+0000] {standard_task_runner.py:82} INFO - Running: ['***', 'tasks', 'run', 'parallel_dag', 'extract_b', 'scheduled__2025-05-17T00:00:00+00:00', '--job-id', '363', '--raw', '--subdir', 'DAGS_FOLDER/parallel_dag.py', '--cfg-path', '/tmp/tmp652v3ai0']
[2025-05-18T00:14:00.231+0000] {standard_task_runner.py:83} INFO - Job 363: Subtask extract_b
[2025-05-18T00:14:00.576+0000] {task_command.py:388} INFO - Running <TaskInstance: parallel_dag.extract_b scheduled__2025-05-17T00:00:00+00:00 [running]> on host b1064f4ed60e
[2025-05-18T00:14:00.905+0000] {taskinstance.py:1509} INFO - Exporting the following env vars:
AIRFLOW_CTX_DAG_OWNER=***
AIRFLOW_CTX_DAG_ID=parallel_dag
AIRFLOW_CTX_TASK_ID=extract_b
AIRFLOW_CTX_EXECUTION_DATE=2025-05-17T00:00:00+00:00
AIRFLOW_CTX_TRY_NUMBER=1
AIRFLOW_CTX_DAG_RUN_ID=scheduled__2025-05-17T00:00:00+00:00
[2025-05-18T00:14:00.910+0000] {subprocess.py:63} INFO - Tmp dir root location: 
 /tmp
[2025-05-18T00:14:00.912+0000] {subprocess.py:75} INFO - Running command: ['/bin/bash', '-c', 'sleep 10']
[2025-05-18T00:14:00.962+0000] {subprocess.py:86} INFO - Output:
[2025-05-18T00:14:10.968+0000] {subprocess.py:97} INFO - Command exited with return code 0
[2025-05-18T00:14:10.982+0000] {taskinstance.py:1323} INFO - Marking task as SUCCESS. dag_id=parallel_dag, task_id=extract_b, execution_date=20250517T000000, start_date=20250518T001400, end_date=20250518T001410
[2025-05-18T00:14:11.026+0000] {local_task_job.py:208} INFO - Task exited with return code 0
[2025-05-18T00:14:11.040+0000] {taskinstance.py:2578} INFO - 1 downstream tasks scheduled from follow-on schedule check
