[2025-01-14T00:13:11.000+0000] {taskinstance.py:1083} INFO - Dependencies all met for <TaskInstance: producer.update_data scheduled__2025-01-13T00:00:00+00:00 [queued]>
[2025-01-14T00:13:11.006+0000] {taskinstance.py:1083} INFO - Dependencies all met for <TaskInstance: producer.update_data scheduled__2025-01-13T00:00:00+00:00 [queued]>
[2025-01-14T00:13:11.009+0000] {taskinstance.py:1279} INFO - 
--------------------------------------------------------------------------------
[2025-01-14T00:13:11.010+0000] {taskinstance.py:1280} INFO - Starting attempt 1 of 1
[2025-01-14T00:13:11.010+0000] {taskinstance.py:1281} INFO - 
--------------------------------------------------------------------------------
[2025-01-14T00:13:11.020+0000] {taskinstance.py:1300} INFO - Executing <Task(_PythonDecoratedOperator): update_data> on 2025-01-13 00:00:00+00:00
[2025-01-14T00:13:11.023+0000] {standard_task_runner.py:55} INFO - Started process 11051 to run task
[2025-01-14T00:13:11.025+0000] {standard_task_runner.py:82} INFO - Running: ['***', 'tasks', 'run', 'producer', 'update_data', 'scheduled__2025-01-13T00:00:00+00:00', '--job-id', '305', '--raw', '--subdir', 'DAGS_FOLDER/producer.py', '--cfg-path', '/tmp/tmp5lu1isn3']
[2025-01-14T00:13:11.025+0000] {standard_task_runner.py:83} INFO - Job 305: Subtask update_data
[2025-01-14T00:13:11.068+0000] {task_command.py:388} INFO - Running <TaskInstance: producer.update_data scheduled__2025-01-13T00:00:00+00:00 [running]> on host 6a497d97bc7e
[2025-01-14T00:13:11.119+0000] {taskinstance.py:1509} INFO - Exporting the following env vars:
AIRFLOW_CTX_DAG_OWNER=***
AIRFLOW_CTX_DAG_ID=producer
AIRFLOW_CTX_TASK_ID=update_data
AIRFLOW_CTX_EXECUTION_DATE=2025-01-13T00:00:00+00:00
AIRFLOW_CTX_TRY_NUMBER=1
AIRFLOW_CTX_DAG_RUN_ID=scheduled__2025-01-13T00:00:00+00:00
[2025-01-14T00:13:11.120+0000] {python.py:177} INFO - Done. Returned value was: None
[2025-01-14T00:13:11.121+0000] {warnings.py:110} WARNING - /home/***/.local/lib/python3.7/site-packages/***/models/baseoperator.py:1376: RemovedInAirflow3Warning: Passing 'execution_date' to 'TaskInstance.xcom_push()' is deprecated.
  context["ti"].xcom_push(key=key, value=value, execution_date=execution_date)

[2025-01-14T00:13:11.143+0000] {taskinstance.py:1323} INFO - Marking task as SUCCESS. dag_id=producer, task_id=update_data, execution_date=20250113T000000, start_date=20250114T001311, end_date=20250114T001311
[2025-01-14T00:13:11.203+0000] {local_task_job.py:208} INFO - Task exited with return code 0
[2025-01-14T00:13:11.216+0000] {taskinstance.py:2578} INFO - 0 downstream tasks scheduled from follow-on schedule check
