[2024-12-07T21:01:24.833+0000] {taskinstance.py:1083} INFO - Dependencies all met for <TaskInstance: example_bash_operator.runme_1 scheduled__2024-12-06T00:00:00+00:00 [queued]>
[2024-12-07T21:01:24.859+0000] {taskinstance.py:1083} INFO - Dependencies all met for <TaskInstance: example_bash_operator.runme_1 scheduled__2024-12-06T00:00:00+00:00 [queued]>
[2024-12-07T21:01:24.859+0000] {taskinstance.py:1279} INFO - 
--------------------------------------------------------------------------------
[2024-12-07T21:01:24.861+0000] {taskinstance.py:1280} INFO - Starting attempt 1 of 1
[2024-12-07T21:01:24.864+0000] {taskinstance.py:1281} INFO - 
--------------------------------------------------------------------------------
[2024-12-07T21:01:24.883+0000] {taskinstance.py:1300} INFO - Executing <Task(BashOperator): runme_1> on 2024-12-06 00:00:00+00:00
[2024-12-07T21:01:24.892+0000] {standard_task_runner.py:55} INFO - Started process 2727 to run task
[2024-12-07T21:01:24.897+0000] {standard_task_runner.py:82} INFO - Running: ['***', 'tasks', 'run', 'example_bash_operator', 'runme_1', 'scheduled__2024-12-06T00:00:00+00:00', '--job-id', '18', '--raw', '--subdir', '/home/***/.local/lib/python3.7/site-packages/***/example_dags/example_bash_operator.py', '--cfg-path', '/tmp/tmpwaelzkp4']
[2024-12-07T21:01:24.898+0000] {standard_task_runner.py:83} INFO - Job 18: Subtask runme_1
[2024-12-07T21:01:24.997+0000] {task_command.py:388} INFO - Running <TaskInstance: example_bash_operator.runme_1 scheduled__2024-12-06T00:00:00+00:00 [running]> on host 44e036a430cc
[2024-12-07T21:01:25.052+0000] {taskinstance.py:1509} INFO - Exporting the following env vars:
AIRFLOW_CTX_DAG_OWNER=***
AIRFLOW_CTX_DAG_ID=example_bash_operator
AIRFLOW_CTX_TASK_ID=runme_1
AIRFLOW_CTX_EXECUTION_DATE=2024-12-06T00:00:00+00:00
AIRFLOW_CTX_TRY_NUMBER=1
AIRFLOW_CTX_DAG_RUN_ID=scheduled__2024-12-06T00:00:00+00:00
[2024-12-07T21:01:25.053+0000] {subprocess.py:63} INFO - Tmp dir root location: 
 /tmp
[2024-12-07T21:01:25.054+0000] {subprocess.py:75} INFO - Running command: ['/bin/bash', '-c', 'echo "example_bash_operator__runme_1__20241206" && sleep 1']
[2024-12-07T21:01:25.059+0000] {subprocess.py:86} INFO - Output:
[2024-12-07T21:01:25.060+0000] {subprocess.py:93} INFO - example_bash_operator__runme_1__20241206
[2024-12-07T21:01:26.061+0000] {subprocess.py:97} INFO - Command exited with return code 0
[2024-12-07T21:01:26.078+0000] {taskinstance.py:1323} INFO - Marking task as SUCCESS. dag_id=example_bash_operator, task_id=runme_1, execution_date=20241206T000000, start_date=20241207T210124, end_date=20241207T210126
[2024-12-07T21:01:26.098+0000] {local_task_job.py:208} INFO - Task exited with return code 0
[2024-12-07T21:01:26.110+0000] {taskinstance.py:2578} INFO - 0 downstream tasks scheduled from follow-on schedule check
