[2025-05-08T00:14:36.304+0000] {taskinstance.py:1083} INFO - Dependencies all met for <TaskInstance: parallel_dag.load_b scheduled__2025-05-07T00:00:00+00:00 [queued]>
[2025-05-08T00:14:36.309+0000] {taskinstance.py:1083} INFO - Dependencies all met for <TaskInstance: parallel_dag.load_b scheduled__2025-05-07T00:00:00+00:00 [queued]>
[2025-05-08T00:14:36.310+0000] {taskinstance.py:1279} INFO - 
--------------------------------------------------------------------------------
[2025-05-08T00:14:36.310+0000] {taskinstance.py:1280} INFO - Starting attempt 1 of 1
[2025-05-08T00:14:36.310+0000] {taskinstance.py:1281} INFO - 
--------------------------------------------------------------------------------
[2025-05-08T00:14:36.317+0000] {taskinstance.py:1300} INFO - Executing <Task(BashOperator): load_b> on 2025-05-07 00:00:00+00:00
[2025-05-08T00:14:36.319+0000] {standard_task_runner.py:55} INFO - Started process 18642 to run task
[2025-05-08T00:14:36.321+0000] {standard_task_runner.py:82} INFO - Running: ['***', 'tasks', 'run', 'parallel_dag', 'load_b', 'scheduled__2025-05-07T00:00:00+00:00', '--job-id', '166', '--raw', '--subdir', 'DAGS_FOLDER/parallel_dag.py', '--cfg-path', '/tmp/tmpz1lcsj1n']
[2025-05-08T00:14:36.321+0000] {standard_task_runner.py:83} INFO - Job 166: Subtask load_b
[2025-05-08T00:14:36.348+0000] {task_command.py:388} INFO - Running <TaskInstance: parallel_dag.load_b scheduled__2025-05-07T00:00:00+00:00 [running]> on host b1064f4ed60e
[2025-05-08T00:14:36.376+0000] {taskinstance.py:1509} INFO - Exporting the following env vars:
AIRFLOW_CTX_DAG_OWNER=***
AIRFLOW_CTX_DAG_ID=parallel_dag
AIRFLOW_CTX_TASK_ID=load_b
AIRFLOW_CTX_EXECUTION_DATE=2025-05-07T00:00:00+00:00
AIRFLOW_CTX_TRY_NUMBER=1
AIRFLOW_CTX_DAG_RUN_ID=scheduled__2025-05-07T00:00:00+00:00
[2025-05-08T00:14:36.377+0000] {subprocess.py:63} INFO - Tmp dir root location: 
 /tmp
[2025-05-08T00:14:36.377+0000] {subprocess.py:75} INFO - Running command: ['/bin/bash', '-c', 'sleep 10']
[2025-05-08T00:14:36.382+0000] {subprocess.py:86} INFO - Output:
[2025-05-08T00:14:46.387+0000] {subprocess.py:97} INFO - Command exited with return code 0
[2025-05-08T00:14:46.416+0000] {taskinstance.py:1323} INFO - Marking task as SUCCESS. dag_id=parallel_dag, task_id=load_b, execution_date=20250507T000000, start_date=20250508T001436, end_date=20250508T001446
[2025-05-08T00:14:46.433+0000] {local_task_job.py:208} INFO - Task exited with return code 0
[2025-05-08T00:14:46.444+0000] {taskinstance.py:2578} INFO - 1 downstream tasks scheduled from follow-on schedule check
