[2025-06-02T02:37:09.476+0000] {processor.py:153} INFO - Started process (PID=38) to work on /opt/airflow/dags/consumer_astro.py
[2025-06-02T02:37:09.484+0000] {processor.py:743} INFO - Processing file /opt/airflow/dags/consumer_astro.py for tasks to queue
[2025-06-02T02:37:09.489+0000] {logging_mixin.py:137} INFO - [2025-06-02T02:37:09.489+0000] {dagbag.py:538} INFO - Filling up the DagBag from /opt/airflow/dags/consumer_astro.py
[2025-06-02T02:37:09.522+0000] {processor.py:753} INFO - DAG(s) dict_keys(['consumer_astro']) retrieved from /opt/airflow/dags/consumer_astro.py
[2025-06-02T02:37:09.627+0000] {logging_mixin.py:137} INFO - [2025-06-02T02:37:09.627+0000] {dag.py:2690} INFO - Sync 1 DAGs
[2025-06-02T02:37:09.673+0000] {logging_mixin.py:137} INFO - [2025-06-02T02:37:09.673+0000] {dag.py:3441} INFO - Setting next_dagrun for consumer_astro to None, run_after=None
[2025-06-02T02:37:09.706+0000] {processor.py:175} INFO - Processing /opt/airflow/dags/consumer_astro.py took 0.242 seconds
[2025-06-02T02:37:39.763+0000] {processor.py:153} INFO - Started process (PID=91) to work on /opt/airflow/dags/consumer_astro.py
[2025-06-02T02:37:39.766+0000] {processor.py:743} INFO - Processing file /opt/airflow/dags/consumer_astro.py for tasks to queue
[2025-06-02T02:37:39.767+0000] {logging_mixin.py:137} INFO - [2025-06-02T02:37:39.767+0000] {dagbag.py:538} INFO - Filling up the DagBag from /opt/airflow/dags/consumer_astro.py
[2025-06-02T02:37:39.817+0000] {processor.py:753} INFO - DAG(s) dict_keys(['consumer_astro']) retrieved from /opt/airflow/dags/consumer_astro.py
[2025-06-02T02:37:39.847+0000] {logging_mixin.py:137} INFO - [2025-06-02T02:37:39.847+0000] {dag.py:2690} INFO - Sync 1 DAGs
[2025-06-02T02:37:39.874+0000] {logging_mixin.py:137} INFO - [2025-06-02T02:37:39.873+0000] {dag.py:3441} INFO - Setting next_dagrun for consumer_astro to None, run_after=None
[2025-06-02T02:37:39.895+0000] {processor.py:175} INFO - Processing /opt/airflow/dags/consumer_astro.py took 0.138 seconds
[2025-06-02T02:38:10.420+0000] {processor.py:153} INFO - Started process (PID=150) to work on /opt/airflow/dags/consumer_astro.py
[2025-06-02T02:38:10.421+0000] {processor.py:743} INFO - Processing file /opt/airflow/dags/consumer_astro.py for tasks to queue
[2025-06-02T02:38:10.422+0000] {logging_mixin.py:137} INFO - [2025-06-02T02:38:10.422+0000] {dagbag.py:538} INFO - Filling up the DagBag from /opt/airflow/dags/consumer_astro.py
[2025-06-02T02:38:10.440+0000] {processor.py:753} INFO - DAG(s) dict_keys(['consumer_astro']) retrieved from /opt/airflow/dags/consumer_astro.py
[2025-06-02T02:38:10.458+0000] {logging_mixin.py:137} INFO - [2025-06-02T02:38:10.458+0000] {dag.py:2690} INFO - Sync 1 DAGs
[2025-06-02T02:38:10.471+0000] {logging_mixin.py:137} INFO - [2025-06-02T02:38:10.471+0000] {dag.py:3441} INFO - Setting next_dagrun for consumer_astro to None, run_after=None
[2025-06-02T02:38:10.484+0000] {processor.py:175} INFO - Processing /opt/airflow/dags/consumer_astro.py took 0.067 seconds
[2025-06-02T02:38:40.944+0000] {processor.py:153} INFO - Started process (PID=209) to work on /opt/airflow/dags/consumer_astro.py
[2025-06-02T02:38:40.944+0000] {processor.py:743} INFO - Processing file /opt/airflow/dags/consumer_astro.py for tasks to queue
[2025-06-02T02:38:40.945+0000] {logging_mixin.py:137} INFO - [2025-06-02T02:38:40.945+0000] {dagbag.py:538} INFO - Filling up the DagBag from /opt/airflow/dags/consumer_astro.py
[2025-06-02T02:38:40.962+0000] {processor.py:753} INFO - DAG(s) dict_keys(['consumer_astro']) retrieved from /opt/airflow/dags/consumer_astro.py
[2025-06-02T02:38:40.978+0000] {logging_mixin.py:137} INFO - [2025-06-02T02:38:40.978+0000] {dag.py:2690} INFO - Sync 1 DAGs
[2025-06-02T02:38:40.990+0000] {logging_mixin.py:137} INFO - [2025-06-02T02:38:40.990+0000] {dag.py:3441} INFO - Setting next_dagrun for consumer_astro to None, run_after=None
[2025-06-02T02:38:41.004+0000] {processor.py:175} INFO - Processing /opt/airflow/dags/consumer_astro.py took 0.062 seconds
[2025-06-02T02:39:11.539+0000] {processor.py:153} INFO - Started process (PID=268) to work on /opt/airflow/dags/consumer_astro.py
[2025-06-02T02:39:11.540+0000] {processor.py:743} INFO - Processing file /opt/airflow/dags/consumer_astro.py for tasks to queue
[2025-06-02T02:39:11.541+0000] {logging_mixin.py:137} INFO - [2025-06-02T02:39:11.541+0000] {dagbag.py:538} INFO - Filling up the DagBag from /opt/airflow/dags/consumer_astro.py
[2025-06-02T02:39:11.560+0000] {processor.py:753} INFO - DAG(s) dict_keys(['consumer_astro']) retrieved from /opt/airflow/dags/consumer_astro.py
[2025-06-02T02:39:11.585+0000] {logging_mixin.py:137} INFO - [2025-06-02T02:39:11.585+0000] {dag.py:2690} INFO - Sync 1 DAGs
[2025-06-02T02:39:11.617+0000] {logging_mixin.py:137} INFO - [2025-06-02T02:39:11.617+0000] {dag.py:3441} INFO - Setting next_dagrun for consumer_astro to None, run_after=None
[2025-06-02T02:39:11.645+0000] {processor.py:175} INFO - Processing /opt/airflow/dags/consumer_astro.py took 0.109 seconds
[2025-06-02T02:39:42.211+0000] {processor.py:153} INFO - Started process (PID=311) to work on /opt/airflow/dags/consumer_astro.py
[2025-06-02T02:39:42.211+0000] {processor.py:743} INFO - Processing file /opt/airflow/dags/consumer_astro.py for tasks to queue
[2025-06-02T02:39:42.212+0000] {logging_mixin.py:137} INFO - [2025-06-02T02:39:42.212+0000] {dagbag.py:538} INFO - Filling up the DagBag from /opt/airflow/dags/consumer_astro.py
[2025-06-02T02:39:42.221+0000] {processor.py:753} INFO - DAG(s) dict_keys(['consumer_astro']) retrieved from /opt/airflow/dags/consumer_astro.py
[2025-06-02T02:39:42.233+0000] {logging_mixin.py:137} INFO - [2025-06-02T02:39:42.233+0000] {dag.py:2690} INFO - Sync 1 DAGs
[2025-06-02T02:39:42.249+0000] {logging_mixin.py:137} INFO - [2025-06-02T02:39:42.248+0000] {dag.py:3441} INFO - Setting next_dagrun for consumer_astro to None, run_after=None
[2025-06-02T02:39:42.262+0000] {processor.py:175} INFO - Processing /opt/airflow/dags/consumer_astro.py took 0.053 seconds
[2025-06-02T02:40:12.808+0000] {processor.py:153} INFO - Started process (PID=370) to work on /opt/airflow/dags/consumer_astro.py
[2025-06-02T02:40:12.812+0000] {processor.py:743} INFO - Processing file /opt/airflow/dags/consumer_astro.py for tasks to queue
[2025-06-02T02:40:12.812+0000] {logging_mixin.py:137} INFO - [2025-06-02T02:40:12.812+0000] {dagbag.py:538} INFO - Filling up the DagBag from /opt/airflow/dags/consumer_astro.py
[2025-06-02T02:40:12.832+0000] {processor.py:753} INFO - DAG(s) dict_keys(['consumer_astro']) retrieved from /opt/airflow/dags/consumer_astro.py
[2025-06-02T02:40:12.849+0000] {logging_mixin.py:137} INFO - [2025-06-02T02:40:12.848+0000] {dag.py:2690} INFO - Sync 1 DAGs
[2025-06-02T02:40:12.861+0000] {logging_mixin.py:137} INFO - [2025-06-02T02:40:12.861+0000] {dag.py:3441} INFO - Setting next_dagrun for consumer_astro to None, run_after=None
[2025-06-02T02:40:12.874+0000] {processor.py:175} INFO - Processing /opt/airflow/dags/consumer_astro.py took 0.069 seconds
[2025-06-02T02:40:43.400+0000] {processor.py:153} INFO - Started process (PID=429) to work on /opt/airflow/dags/consumer_astro.py
[2025-06-02T02:40:43.401+0000] {processor.py:743} INFO - Processing file /opt/airflow/dags/consumer_astro.py for tasks to queue
[2025-06-02T02:40:43.402+0000] {logging_mixin.py:137} INFO - [2025-06-02T02:40:43.402+0000] {dagbag.py:538} INFO - Filling up the DagBag from /opt/airflow/dags/consumer_astro.py
[2025-06-02T02:40:43.419+0000] {processor.py:753} INFO - DAG(s) dict_keys(['consumer_astro']) retrieved from /opt/airflow/dags/consumer_astro.py
[2025-06-02T02:40:43.436+0000] {logging_mixin.py:137} INFO - [2025-06-02T02:40:43.436+0000] {dag.py:2690} INFO - Sync 1 DAGs
[2025-06-02T02:40:43.450+0000] {logging_mixin.py:137} INFO - [2025-06-02T02:40:43.450+0000] {dag.py:3441} INFO - Setting next_dagrun for consumer_astro to None, run_after=None
[2025-06-02T02:40:43.464+0000] {processor.py:175} INFO - Processing /opt/airflow/dags/consumer_astro.py took 0.066 seconds
[2025-06-02T02:41:13.936+0000] {processor.py:153} INFO - Started process (PID=488) to work on /opt/airflow/dags/consumer_astro.py
[2025-06-02T02:41:13.937+0000] {processor.py:743} INFO - Processing file /opt/airflow/dags/consumer_astro.py for tasks to queue
[2025-06-02T02:41:13.937+0000] {logging_mixin.py:137} INFO - [2025-06-02T02:41:13.937+0000] {dagbag.py:538} INFO - Filling up the DagBag from /opt/airflow/dags/consumer_astro.py
[2025-06-02T02:41:13.950+0000] {processor.py:753} INFO - DAG(s) dict_keys(['consumer_astro']) retrieved from /opt/airflow/dags/consumer_astro.py
[2025-06-02T02:41:13.963+0000] {logging_mixin.py:137} INFO - [2025-06-02T02:41:13.963+0000] {dag.py:2690} INFO - Sync 1 DAGs
[2025-06-02T02:41:13.978+0000] {logging_mixin.py:137} INFO - [2025-06-02T02:41:13.977+0000] {dag.py:3441} INFO - Setting next_dagrun for consumer_astro to None, run_after=None
[2025-06-02T02:41:13.990+0000] {processor.py:175} INFO - Processing /opt/airflow/dags/consumer_astro.py took 0.056 seconds
[2025-06-02T02:41:44.513+0000] {processor.py:153} INFO - Started process (PID=531) to work on /opt/airflow/dags/consumer_astro.py
[2025-06-02T02:41:44.513+0000] {processor.py:743} INFO - Processing file /opt/airflow/dags/consumer_astro.py for tasks to queue
[2025-06-02T02:41:44.514+0000] {logging_mixin.py:137} INFO - [2025-06-02T02:41:44.514+0000] {dagbag.py:538} INFO - Filling up the DagBag from /opt/airflow/dags/consumer_astro.py
[2025-06-02T02:41:44.534+0000] {processor.py:753} INFO - DAG(s) dict_keys(['consumer_astro']) retrieved from /opt/airflow/dags/consumer_astro.py
[2025-06-02T02:41:44.551+0000] {logging_mixin.py:137} INFO - [2025-06-02T02:41:44.551+0000] {dag.py:2690} INFO - Sync 1 DAGs
[2025-06-02T02:41:44.564+0000] {logging_mixin.py:137} INFO - [2025-06-02T02:41:44.564+0000] {dag.py:3441} INFO - Setting next_dagrun for consumer_astro to None, run_after=None
[2025-06-02T02:41:44.579+0000] {processor.py:175} INFO - Processing /opt/airflow/dags/consumer_astro.py took 0.068 seconds
[2025-06-02T02:42:15.130+0000] {processor.py:153} INFO - Started process (PID=590) to work on /opt/airflow/dags/consumer_astro.py
[2025-06-02T02:42:15.130+0000] {processor.py:743} INFO - Processing file /opt/airflow/dags/consumer_astro.py for tasks to queue
[2025-06-02T02:42:15.131+0000] {logging_mixin.py:137} INFO - [2025-06-02T02:42:15.130+0000] {dagbag.py:538} INFO - Filling up the DagBag from /opt/airflow/dags/consumer_astro.py
[2025-06-02T02:42:15.145+0000] {processor.py:753} INFO - DAG(s) dict_keys(['consumer_astro']) retrieved from /opt/airflow/dags/consumer_astro.py
[2025-06-02T02:42:15.161+0000] {logging_mixin.py:137} INFO - [2025-06-02T02:42:15.161+0000] {dag.py:2690} INFO - Sync 1 DAGs
[2025-06-02T02:42:15.174+0000] {logging_mixin.py:137} INFO - [2025-06-02T02:42:15.174+0000] {dag.py:3441} INFO - Setting next_dagrun for consumer_astro to None, run_after=None
[2025-06-02T02:42:15.189+0000] {processor.py:175} INFO - Processing /opt/airflow/dags/consumer_astro.py took 0.062 seconds
[2025-06-02T02:42:45.683+0000] {processor.py:153} INFO - Started process (PID=649) to work on /opt/airflow/dags/consumer_astro.py
[2025-06-02T02:42:45.683+0000] {processor.py:743} INFO - Processing file /opt/airflow/dags/consumer_astro.py for tasks to queue
[2025-06-02T02:42:45.684+0000] {logging_mixin.py:137} INFO - [2025-06-02T02:42:45.684+0000] {dagbag.py:538} INFO - Filling up the DagBag from /opt/airflow/dags/consumer_astro.py
[2025-06-02T02:42:45.701+0000] {processor.py:753} INFO - DAG(s) dict_keys(['consumer_astro']) retrieved from /opt/airflow/dags/consumer_astro.py
[2025-06-02T02:42:45.718+0000] {logging_mixin.py:137} INFO - [2025-06-02T02:42:45.718+0000] {dag.py:2690} INFO - Sync 1 DAGs
[2025-06-02T02:42:45.733+0000] {logging_mixin.py:137} INFO - [2025-06-02T02:42:45.733+0000] {dag.py:3441} INFO - Setting next_dagrun for consumer_astro to None, run_after=None
[2025-06-02T02:42:45.745+0000] {processor.py:175} INFO - Processing /opt/airflow/dags/consumer_astro.py took 0.065 seconds
[2025-06-02T02:43:16.232+0000] {processor.py:153} INFO - Started process (PID=708) to work on /opt/airflow/dags/consumer_astro.py
[2025-06-02T02:43:16.232+0000] {processor.py:743} INFO - Processing file /opt/airflow/dags/consumer_astro.py for tasks to queue
[2025-06-02T02:43:16.233+0000] {logging_mixin.py:137} INFO - [2025-06-02T02:43:16.233+0000] {dagbag.py:538} INFO - Filling up the DagBag from /opt/airflow/dags/consumer_astro.py
[2025-06-02T02:43:16.245+0000] {processor.py:753} INFO - DAG(s) dict_keys(['consumer_astro']) retrieved from /opt/airflow/dags/consumer_astro.py
[2025-06-02T02:43:16.257+0000] {logging_mixin.py:137} INFO - [2025-06-02T02:43:16.257+0000] {dag.py:2690} INFO - Sync 1 DAGs
[2025-06-02T02:43:16.268+0000] {logging_mixin.py:137} INFO - [2025-06-02T02:43:16.268+0000] {dag.py:3441} INFO - Setting next_dagrun for consumer_astro to None, run_after=None
[2025-06-02T02:43:16.281+0000] {processor.py:175} INFO - Processing /opt/airflow/dags/consumer_astro.py took 0.051 seconds
[2025-06-02T02:43:46.776+0000] {processor.py:153} INFO - Started process (PID=751) to work on /opt/airflow/dags/consumer_astro.py
[2025-06-02T02:43:46.777+0000] {processor.py:743} INFO - Processing file /opt/airflow/dags/consumer_astro.py for tasks to queue
[2025-06-02T02:43:46.777+0000] {logging_mixin.py:137} INFO - [2025-06-02T02:43:46.777+0000] {dagbag.py:538} INFO - Filling up the DagBag from /opt/airflow/dags/consumer_astro.py
[2025-06-02T02:43:46.796+0000] {processor.py:753} INFO - DAG(s) dict_keys(['consumer_astro']) retrieved from /opt/airflow/dags/consumer_astro.py
[2025-06-02T02:43:46.811+0000] {logging_mixin.py:137} INFO - [2025-06-02T02:43:46.811+0000] {dag.py:2690} INFO - Sync 1 DAGs
[2025-06-02T02:43:46.825+0000] {logging_mixin.py:137} INFO - [2025-06-02T02:43:46.825+0000] {dag.py:3441} INFO - Setting next_dagrun for consumer_astro to None, run_after=None
[2025-06-02T02:43:46.839+0000] {processor.py:175} INFO - Processing /opt/airflow/dags/consumer_astro.py took 0.066 seconds
[2025-06-02T02:44:17.365+0000] {processor.py:153} INFO - Started process (PID=810) to work on /opt/airflow/dags/consumer_astro.py
[2025-06-02T02:44:17.366+0000] {processor.py:743} INFO - Processing file /opt/airflow/dags/consumer_astro.py for tasks to queue
[2025-06-02T02:44:17.366+0000] {logging_mixin.py:137} INFO - [2025-06-02T02:44:17.366+0000] {dagbag.py:538} INFO - Filling up the DagBag from /opt/airflow/dags/consumer_astro.py
[2025-06-02T02:44:17.385+0000] {processor.py:753} INFO - DAG(s) dict_keys(['consumer_astro']) retrieved from /opt/airflow/dags/consumer_astro.py
[2025-06-02T02:44:17.400+0000] {logging_mixin.py:137} INFO - [2025-06-02T02:44:17.400+0000] {dag.py:2690} INFO - Sync 1 DAGs
[2025-06-02T02:44:17.418+0000] {logging_mixin.py:137} INFO - [2025-06-02T02:44:17.417+0000] {dag.py:3441} INFO - Setting next_dagrun for consumer_astro to None, run_after=None
[2025-06-02T02:44:17.432+0000] {processor.py:175} INFO - Processing /opt/airflow/dags/consumer_astro.py took 0.070 seconds
[2025-06-02T02:44:48.010+0000] {processor.py:153} INFO - Started process (PID=869) to work on /opt/airflow/dags/consumer_astro.py
[2025-06-02T02:44:48.011+0000] {processor.py:743} INFO - Processing file /opt/airflow/dags/consumer_astro.py for tasks to queue
[2025-06-02T02:44:48.012+0000] {logging_mixin.py:137} INFO - [2025-06-02T02:44:48.011+0000] {dagbag.py:538} INFO - Filling up the DagBag from /opt/airflow/dags/consumer_astro.py
[2025-06-02T02:44:48.031+0000] {processor.py:753} INFO - DAG(s) dict_keys(['consumer_astro']) retrieved from /opt/airflow/dags/consumer_astro.py
[2025-06-02T02:44:48.048+0000] {logging_mixin.py:137} INFO - [2025-06-02T02:44:48.048+0000] {dag.py:2690} INFO - Sync 1 DAGs
[2025-06-02T02:44:48.062+0000] {logging_mixin.py:137} INFO - [2025-06-02T02:44:48.062+0000] {dag.py:3441} INFO - Setting next_dagrun for consumer_astro to None, run_after=None
[2025-06-02T02:44:48.073+0000] {processor.py:175} INFO - Processing /opt/airflow/dags/consumer_astro.py took 0.065 seconds
[2025-06-02T02:45:18.593+0000] {processor.py:153} INFO - Started process (PID=928) to work on /opt/airflow/dags/consumer_astro.py
[2025-06-02T02:45:18.594+0000] {processor.py:743} INFO - Processing file /opt/airflow/dags/consumer_astro.py for tasks to queue
[2025-06-02T02:45:18.597+0000] {logging_mixin.py:137} INFO - [2025-06-02T02:45:18.597+0000] {dagbag.py:538} INFO - Filling up the DagBag from /opt/airflow/dags/consumer_astro.py
[2025-06-02T02:45:18.611+0000] {processor.py:753} INFO - DAG(s) dict_keys(['consumer_astro']) retrieved from /opt/airflow/dags/consumer_astro.py
[2025-06-02T02:45:18.629+0000] {logging_mixin.py:137} INFO - [2025-06-02T02:45:18.629+0000] {dag.py:2690} INFO - Sync 1 DAGs
[2025-06-02T02:45:18.641+0000] {logging_mixin.py:137} INFO - [2025-06-02T02:45:18.641+0000] {dag.py:3441} INFO - Setting next_dagrun for consumer_astro to None, run_after=None
[2025-06-02T02:45:18.653+0000] {processor.py:175} INFO - Processing /opt/airflow/dags/consumer_astro.py took 0.063 seconds
[2025-06-02T06:25:49.385+0000] {processor.py:153} INFO - Started process (PID=39) to work on /opt/airflow/dags/consumer_astro.py
[2025-06-02T06:25:49.388+0000] {processor.py:743} INFO - Processing file /opt/airflow/dags/consumer_astro.py for tasks to queue
[2025-06-02T06:25:49.391+0000] {logging_mixin.py:137} INFO - [2025-06-02T06:25:49.391+0000] {dagbag.py:538} INFO - Filling up the DagBag from /opt/airflow/dags/consumer_astro.py
[2025-06-02T06:25:49.433+0000] {processor.py:753} INFO - DAG(s) dict_keys(['consumer_astro']) retrieved from /opt/airflow/dags/consumer_astro.py
[2025-06-02T06:25:49.475+0000] {logging_mixin.py:137} INFO - [2025-06-02T06:25:49.475+0000] {dag.py:2690} INFO - Sync 1 DAGs
[2025-06-02T06:25:49.496+0000] {logging_mixin.py:137} INFO - [2025-06-02T06:25:49.496+0000] {dag.py:3441} INFO - Setting next_dagrun for consumer_astro to None, run_after=None
[2025-06-02T06:25:49.533+0000] {processor.py:175} INFO - Processing /opt/airflow/dags/consumer_astro.py took 0.151 seconds
[2025-06-02T06:26:20.431+0000] {processor.py:153} INFO - Started process (PID=97) to work on /opt/airflow/dags/consumer_astro.py
[2025-06-02T06:26:20.432+0000] {processor.py:743} INFO - Processing file /opt/airflow/dags/consumer_astro.py for tasks to queue
[2025-06-02T06:26:20.433+0000] {logging_mixin.py:137} INFO - [2025-06-02T06:26:20.433+0000] {dagbag.py:538} INFO - Filling up the DagBag from /opt/airflow/dags/consumer_astro.py
[2025-06-02T06:26:20.456+0000] {processor.py:753} INFO - DAG(s) dict_keys(['consumer_astro']) retrieved from /opt/airflow/dags/consumer_astro.py
[2025-06-02T06:26:20.472+0000] {logging_mixin.py:137} INFO - [2025-06-02T06:26:20.472+0000] {dag.py:2690} INFO - Sync 1 DAGs
[2025-06-02T06:26:20.489+0000] {logging_mixin.py:137} INFO - [2025-06-02T06:26:20.489+0000] {dag.py:3441} INFO - Setting next_dagrun for consumer_astro to None, run_after=None
[2025-06-02T06:26:20.504+0000] {processor.py:175} INFO - Processing /opt/airflow/dags/consumer_astro.py took 0.077 seconds
[2025-06-02T06:26:51.026+0000] {processor.py:153} INFO - Started process (PID=156) to work on /opt/airflow/dags/consumer_astro.py
[2025-06-02T06:26:51.026+0000] {processor.py:743} INFO - Processing file /opt/airflow/dags/consumer_astro.py for tasks to queue
[2025-06-02T06:26:51.027+0000] {logging_mixin.py:137} INFO - [2025-06-02T06:26:51.027+0000] {dagbag.py:538} INFO - Filling up the DagBag from /opt/airflow/dags/consumer_astro.py
[2025-06-02T06:26:51.038+0000] {processor.py:753} INFO - DAG(s) dict_keys(['consumer_astro']) retrieved from /opt/airflow/dags/consumer_astro.py
[2025-06-02T06:26:51.056+0000] {logging_mixin.py:137} INFO - [2025-06-02T06:26:51.056+0000] {dag.py:2690} INFO - Sync 1 DAGs
[2025-06-02T06:26:51.067+0000] {logging_mixin.py:137} INFO - [2025-06-02T06:26:51.067+0000] {dag.py:3441} INFO - Setting next_dagrun for consumer_astro to None, run_after=None
[2025-06-02T06:26:51.079+0000] {processor.py:175} INFO - Processing /opt/airflow/dags/consumer_astro.py took 0.055 seconds
[2025-06-02T06:27:21.614+0000] {processor.py:153} INFO - Started process (PID=198) to work on /opt/airflow/dags/consumer_astro.py
[2025-06-02T06:27:21.615+0000] {processor.py:743} INFO - Processing file /opt/airflow/dags/consumer_astro.py for tasks to queue
[2025-06-02T06:27:21.615+0000] {logging_mixin.py:137} INFO - [2025-06-02T06:27:21.615+0000] {dagbag.py:538} INFO - Filling up the DagBag from /opt/airflow/dags/consumer_astro.py
[2025-06-02T06:27:21.636+0000] {processor.py:753} INFO - DAG(s) dict_keys(['consumer_astro']) retrieved from /opt/airflow/dags/consumer_astro.py
[2025-06-02T06:27:21.653+0000] {logging_mixin.py:137} INFO - [2025-06-02T06:27:21.653+0000] {dag.py:2690} INFO - Sync 1 DAGs
[2025-06-02T06:27:21.664+0000] {logging_mixin.py:137} INFO - [2025-06-02T06:27:21.664+0000] {dag.py:3441} INFO - Setting next_dagrun for consumer_astro to None, run_after=None
[2025-06-02T06:27:21.678+0000] {processor.py:175} INFO - Processing /opt/airflow/dags/consumer_astro.py took 0.066 seconds
[2025-06-02T06:27:52.165+0000] {processor.py:153} INFO - Started process (PID=257) to work on /opt/airflow/dags/consumer_astro.py
[2025-06-02T06:27:52.165+0000] {processor.py:743} INFO - Processing file /opt/airflow/dags/consumer_astro.py for tasks to queue
[2025-06-02T06:27:52.166+0000] {logging_mixin.py:137} INFO - [2025-06-02T06:27:52.166+0000] {dagbag.py:538} INFO - Filling up the DagBag from /opt/airflow/dags/consumer_astro.py
[2025-06-02T06:27:52.183+0000] {processor.py:753} INFO - DAG(s) dict_keys(['consumer_astro']) retrieved from /opt/airflow/dags/consumer_astro.py
[2025-06-02T06:27:52.196+0000] {logging_mixin.py:137} INFO - [2025-06-02T06:27:52.196+0000] {dag.py:2690} INFO - Sync 1 DAGs
[2025-06-02T06:27:52.208+0000] {logging_mixin.py:137} INFO - [2025-06-02T06:27:52.208+0000] {dag.py:3441} INFO - Setting next_dagrun for consumer_astro to None, run_after=None
[2025-06-02T06:27:52.220+0000] {processor.py:175} INFO - Processing /opt/airflow/dags/consumer_astro.py took 0.058 seconds
[2025-06-02T06:28:22.727+0000] {processor.py:153} INFO - Started process (PID=316) to work on /opt/airflow/dags/consumer_astro.py
[2025-06-02T06:28:22.727+0000] {processor.py:743} INFO - Processing file /opt/airflow/dags/consumer_astro.py for tasks to queue
[2025-06-02T06:28:22.728+0000] {logging_mixin.py:137} INFO - [2025-06-02T06:28:22.728+0000] {dagbag.py:538} INFO - Filling up the DagBag from /opt/airflow/dags/consumer_astro.py
[2025-06-02T06:28:22.748+0000] {processor.py:753} INFO - DAG(s) dict_keys(['consumer_astro']) retrieved from /opt/airflow/dags/consumer_astro.py
[2025-06-02T06:28:22.762+0000] {logging_mixin.py:137} INFO - [2025-06-02T06:28:22.762+0000] {dag.py:2690} INFO - Sync 1 DAGs
[2025-06-02T06:28:22.775+0000] {logging_mixin.py:137} INFO - [2025-06-02T06:28:22.775+0000] {dag.py:3441} INFO - Setting next_dagrun for consumer_astro to None, run_after=None
[2025-06-02T06:28:22.785+0000] {processor.py:175} INFO - Processing /opt/airflow/dags/consumer_astro.py took 0.062 seconds
[2025-06-02T06:28:53.267+0000] {processor.py:153} INFO - Started process (PID=375) to work on /opt/airflow/dags/consumer_astro.py
[2025-06-02T06:28:53.267+0000] {processor.py:743} INFO - Processing file /opt/airflow/dags/consumer_astro.py for tasks to queue
[2025-06-02T06:28:53.269+0000] {logging_mixin.py:137} INFO - [2025-06-02T06:28:53.268+0000] {dagbag.py:538} INFO - Filling up the DagBag from /opt/airflow/dags/consumer_astro.py
[2025-06-02T06:28:53.286+0000] {processor.py:753} INFO - DAG(s) dict_keys(['consumer_astro']) retrieved from /opt/airflow/dags/consumer_astro.py
[2025-06-02T06:28:53.301+0000] {logging_mixin.py:137} INFO - [2025-06-02T06:28:53.301+0000] {dag.py:2690} INFO - Sync 1 DAGs
[2025-06-02T06:28:53.313+0000] {logging_mixin.py:137} INFO - [2025-06-02T06:28:53.313+0000] {dag.py:3441} INFO - Setting next_dagrun for consumer_astro to None, run_after=None
[2025-06-02T06:28:53.325+0000] {processor.py:175} INFO - Processing /opt/airflow/dags/consumer_astro.py took 0.061 seconds
[2025-06-02T06:29:23.827+0000] {processor.py:153} INFO - Started process (PID=418) to work on /opt/airflow/dags/consumer_astro.py
[2025-06-02T06:29:23.828+0000] {processor.py:743} INFO - Processing file /opt/airflow/dags/consumer_astro.py for tasks to queue
[2025-06-02T06:29:23.828+0000] {logging_mixin.py:137} INFO - [2025-06-02T06:29:23.828+0000] {dagbag.py:538} INFO - Filling up the DagBag from /opt/airflow/dags/consumer_astro.py
[2025-06-02T06:29:23.846+0000] {processor.py:753} INFO - DAG(s) dict_keys(['consumer_astro']) retrieved from /opt/airflow/dags/consumer_astro.py
[2025-06-02T06:29:23.860+0000] {logging_mixin.py:137} INFO - [2025-06-02T06:29:23.860+0000] {dag.py:2690} INFO - Sync 1 DAGs
[2025-06-02T06:29:23.875+0000] {logging_mixin.py:137} INFO - [2025-06-02T06:29:23.875+0000] {dag.py:3441} INFO - Setting next_dagrun for consumer_astro to None, run_after=None
[2025-06-02T06:29:23.888+0000] {processor.py:175} INFO - Processing /opt/airflow/dags/consumer_astro.py took 0.064 seconds
[2025-06-02T06:29:54.358+0000] {processor.py:153} INFO - Started process (PID=477) to work on /opt/airflow/dags/consumer_astro.py
[2025-06-02T06:29:54.359+0000] {processor.py:743} INFO - Processing file /opt/airflow/dags/consumer_astro.py for tasks to queue
[2025-06-02T06:29:54.360+0000] {logging_mixin.py:137} INFO - [2025-06-02T06:29:54.360+0000] {dagbag.py:538} INFO - Filling up the DagBag from /opt/airflow/dags/consumer_astro.py
[2025-06-02T06:29:54.380+0000] {processor.py:753} INFO - DAG(s) dict_keys(['consumer_astro']) retrieved from /opt/airflow/dags/consumer_astro.py
[2025-06-02T06:29:54.398+0000] {logging_mixin.py:137} INFO - [2025-06-02T06:29:54.398+0000] {dag.py:2690} INFO - Sync 1 DAGs
[2025-06-02T06:29:54.410+0000] {logging_mixin.py:137} INFO - [2025-06-02T06:29:54.410+0000] {dag.py:3441} INFO - Setting next_dagrun for consumer_astro to None, run_after=None
[2025-06-02T06:29:54.423+0000] {processor.py:175} INFO - Processing /opt/airflow/dags/consumer_astro.py took 0.068 seconds
[2025-06-02T06:30:24.928+0000] {processor.py:153} INFO - Started process (PID=536) to work on /opt/airflow/dags/consumer_astro.py
[2025-06-02T06:30:24.929+0000] {processor.py:743} INFO - Processing file /opt/airflow/dags/consumer_astro.py for tasks to queue
[2025-06-02T06:30:24.930+0000] {logging_mixin.py:137} INFO - [2025-06-02T06:30:24.930+0000] {dagbag.py:538} INFO - Filling up the DagBag from /opt/airflow/dags/consumer_astro.py
[2025-06-02T06:30:24.948+0000] {processor.py:753} INFO - DAG(s) dict_keys(['consumer_astro']) retrieved from /opt/airflow/dags/consumer_astro.py
[2025-06-02T06:30:24.968+0000] {logging_mixin.py:137} INFO - [2025-06-02T06:30:24.968+0000] {dag.py:2690} INFO - Sync 1 DAGs
[2025-06-02T06:30:24.984+0000] {logging_mixin.py:137} INFO - [2025-06-02T06:30:24.984+0000] {dag.py:3441} INFO - Setting next_dagrun for consumer_astro to None, run_after=None
[2025-06-02T06:30:24.999+0000] {processor.py:175} INFO - Processing /opt/airflow/dags/consumer_astro.py took 0.074 seconds
[2025-06-02T06:30:55.555+0000] {processor.py:153} INFO - Started process (PID=595) to work on /opt/airflow/dags/consumer_astro.py
[2025-06-02T06:30:55.556+0000] {processor.py:743} INFO - Processing file /opt/airflow/dags/consumer_astro.py for tasks to queue
[2025-06-02T06:30:55.556+0000] {logging_mixin.py:137} INFO - [2025-06-02T06:30:55.556+0000] {dagbag.py:538} INFO - Filling up the DagBag from /opt/airflow/dags/consumer_astro.py
[2025-06-02T06:30:55.570+0000] {processor.py:753} INFO - DAG(s) dict_keys(['consumer_astro']) retrieved from /opt/airflow/dags/consumer_astro.py
[2025-06-02T06:30:55.582+0000] {logging_mixin.py:137} INFO - [2025-06-02T06:30:55.582+0000] {dag.py:2690} INFO - Sync 1 DAGs
[2025-06-02T06:30:55.595+0000] {logging_mixin.py:137} INFO - [2025-06-02T06:30:55.595+0000] {dag.py:3441} INFO - Setting next_dagrun for consumer_astro to None, run_after=None
[2025-06-02T06:30:55.605+0000] {processor.py:175} INFO - Processing /opt/airflow/dags/consumer_astro.py took 0.053 seconds
[2025-06-02T06:31:26.004+0000] {processor.py:153} INFO - Started process (PID=654) to work on /opt/airflow/dags/consumer_astro.py
[2025-06-02T06:31:26.004+0000] {processor.py:743} INFO - Processing file /opt/airflow/dags/consumer_astro.py for tasks to queue
[2025-06-02T06:31:26.005+0000] {logging_mixin.py:137} INFO - [2025-06-02T06:31:26.005+0000] {dagbag.py:538} INFO - Filling up the DagBag from /opt/airflow/dags/consumer_astro.py
[2025-06-02T06:31:26.022+0000] {processor.py:753} INFO - DAG(s) dict_keys(['consumer_astro']) retrieved from /opt/airflow/dags/consumer_astro.py
[2025-06-02T06:31:26.048+0000] {logging_mixin.py:137} INFO - [2025-06-02T06:31:26.048+0000] {dag.py:2690} INFO - Sync 1 DAGs
[2025-06-02T06:31:26.064+0000] {logging_mixin.py:137} INFO - [2025-06-02T06:31:26.064+0000] {dag.py:3441} INFO - Setting next_dagrun for consumer_astro to None, run_after=None
[2025-06-02T06:31:26.077+0000] {processor.py:175} INFO - Processing /opt/airflow/dags/consumer_astro.py took 0.075 seconds
[2025-06-02T06:31:56.605+0000] {processor.py:153} INFO - Started process (PID=697) to work on /opt/airflow/dags/consumer_astro.py
[2025-06-02T06:31:56.606+0000] {processor.py:743} INFO - Processing file /opt/airflow/dags/consumer_astro.py for tasks to queue
[2025-06-02T06:31:56.606+0000] {logging_mixin.py:137} INFO - [2025-06-02T06:31:56.606+0000] {dagbag.py:538} INFO - Filling up the DagBag from /opt/airflow/dags/consumer_astro.py
[2025-06-02T06:31:56.619+0000] {processor.py:753} INFO - DAG(s) dict_keys(['consumer_astro']) retrieved from /opt/airflow/dags/consumer_astro.py
[2025-06-02T06:31:56.636+0000] {logging_mixin.py:137} INFO - [2025-06-02T06:31:56.636+0000] {dag.py:2690} INFO - Sync 1 DAGs
[2025-06-02T06:31:56.647+0000] {logging_mixin.py:137} INFO - [2025-06-02T06:31:56.647+0000] {dag.py:3441} INFO - Setting next_dagrun for consumer_astro to None, run_after=None
[2025-06-02T06:31:56.656+0000] {processor.py:175} INFO - Processing /opt/airflow/dags/consumer_astro.py took 0.053 seconds
[2025-06-02T06:32:27.106+0000] {processor.py:153} INFO - Started process (PID=756) to work on /opt/airflow/dags/consumer_astro.py
[2025-06-02T06:32:27.107+0000] {processor.py:743} INFO - Processing file /opt/airflow/dags/consumer_astro.py for tasks to queue
[2025-06-02T06:32:27.107+0000] {logging_mixin.py:137} INFO - [2025-06-02T06:32:27.107+0000] {dagbag.py:538} INFO - Filling up the DagBag from /opt/airflow/dags/consumer_astro.py
[2025-06-02T06:32:27.122+0000] {processor.py:753} INFO - DAG(s) dict_keys(['consumer_astro']) retrieved from /opt/airflow/dags/consumer_astro.py
[2025-06-02T06:32:27.142+0000] {logging_mixin.py:137} INFO - [2025-06-02T06:32:27.142+0000] {dag.py:2690} INFO - Sync 1 DAGs
[2025-06-02T06:32:27.154+0000] {logging_mixin.py:137} INFO - [2025-06-02T06:32:27.154+0000] {dag.py:3441} INFO - Setting next_dagrun for consumer_astro to None, run_after=None
[2025-06-02T06:32:27.168+0000] {processor.py:175} INFO - Processing /opt/airflow/dags/consumer_astro.py took 0.064 seconds
