[2025-06-02T02:37:09.733+0000] {processor.py:153} INFO - Started process (PID=40) to work on /opt/airflow/dags/user_processing.py
[2025-06-02T02:37:09.735+0000] {processor.py:743} INFO - Processing file /opt/airflow/dags/user_processing.py for tasks to queue
[2025-06-02T02:37:09.736+0000] {logging_mixin.py:137} INFO - [2025-06-02T02:37:09.736+0000] {dagbag.py:538} INFO - Filling up the DagBag from /opt/airflow/dags/user_processing.py
[2025-06-02T02:37:09.772+0000] {processor.py:753} INFO - DAG(s) dict_keys(['user_processing']) retrieved from /opt/airflow/dags/user_processing.py
[2025-06-02T02:37:09.873+0000] {logging_mixin.py:137} INFO - [2025-06-02T02:37:09.873+0000] {dag.py:2690} INFO - Sync 1 DAGs
[2025-06-02T02:37:09.898+0000] {logging_mixin.py:137} INFO - [2025-06-02T02:37:09.898+0000] {dag.py:3441} INFO - Setting next_dagrun for user_processing to 2025-06-01T00:00:00+00:00, run_after=2025-06-02T00:00:00+00:00
[2025-06-02T02:37:09.919+0000] {processor.py:175} INFO - Processing /opt/airflow/dags/user_processing.py took 0.188 seconds
[2025-06-02T02:37:39.966+0000] {processor.py:153} INFO - Started process (PID=93) to work on /opt/airflow/dags/user_processing.py
[2025-06-02T02:37:39.966+0000] {processor.py:743} INFO - Processing file /opt/airflow/dags/user_processing.py for tasks to queue
[2025-06-02T02:37:39.967+0000] {logging_mixin.py:137} INFO - [2025-06-02T02:37:39.966+0000] {dagbag.py:538} INFO - Filling up the DagBag from /opt/airflow/dags/user_processing.py
[2025-06-02T02:37:39.994+0000] {processor.py:753} INFO - DAG(s) dict_keys(['user_processing']) retrieved from /opt/airflow/dags/user_processing.py
[2025-06-02T02:37:40.005+0000] {logging_mixin.py:137} INFO - [2025-06-02T02:37:40.005+0000] {dag.py:2690} INFO - Sync 1 DAGs
[2025-06-02T02:37:40.015+0000] {logging_mixin.py:137} INFO - [2025-06-02T02:37:40.015+0000] {dag.py:3441} INFO - Setting next_dagrun for user_processing to 2025-06-02T00:00:00+00:00, run_after=2025-06-03T00:00:00+00:00
[2025-06-02T02:37:40.021+0000] {processor.py:175} INFO - Processing /opt/airflow/dags/user_processing.py took 0.059 seconds
[2025-06-02T02:38:10.541+0000] {processor.py:153} INFO - Started process (PID=152) to work on /opt/airflow/dags/user_processing.py
[2025-06-02T02:38:10.541+0000] {processor.py:743} INFO - Processing file /opt/airflow/dags/user_processing.py for tasks to queue
[2025-06-02T02:38:10.541+0000] {logging_mixin.py:137} INFO - [2025-06-02T02:38:10.541+0000] {dagbag.py:538} INFO - Filling up the DagBag from /opt/airflow/dags/user_processing.py
[2025-06-02T02:38:10.557+0000] {processor.py:753} INFO - DAG(s) dict_keys(['user_processing']) retrieved from /opt/airflow/dags/user_processing.py
[2025-06-02T02:38:10.566+0000] {logging_mixin.py:137} INFO - [2025-06-02T02:38:10.566+0000] {dag.py:2690} INFO - Sync 1 DAGs
[2025-06-02T02:38:10.575+0000] {logging_mixin.py:137} INFO - [2025-06-02T02:38:10.575+0000] {dag.py:3441} INFO - Setting next_dagrun for user_processing to 2025-06-02T00:00:00+00:00, run_after=2025-06-03T00:00:00+00:00
[2025-06-02T02:38:10.582+0000] {processor.py:175} INFO - Processing /opt/airflow/dags/user_processing.py took 0.042 seconds
[2025-06-02T02:38:41.016+0000] {processor.py:153} INFO - Started process (PID=211) to work on /opt/airflow/dags/user_processing.py
[2025-06-02T02:38:41.018+0000] {processor.py:743} INFO - Processing file /opt/airflow/dags/user_processing.py for tasks to queue
[2025-06-02T02:38:41.018+0000] {logging_mixin.py:137} INFO - [2025-06-02T02:38:41.018+0000] {dagbag.py:538} INFO - Filling up the DagBag from /opt/airflow/dags/user_processing.py
[2025-06-02T02:38:41.035+0000] {processor.py:753} INFO - DAG(s) dict_keys(['user_processing']) retrieved from /opt/airflow/dags/user_processing.py
[2025-06-02T02:38:41.050+0000] {logging_mixin.py:137} INFO - [2025-06-02T02:38:41.050+0000] {dag.py:2690} INFO - Sync 1 DAGs
[2025-06-02T02:38:41.061+0000] {logging_mixin.py:137} INFO - [2025-06-02T02:38:41.061+0000] {dag.py:3441} INFO - Setting next_dagrun for user_processing to 2025-06-02T00:00:00+00:00, run_after=2025-06-03T00:00:00+00:00
[2025-06-02T02:38:41.070+0000] {processor.py:175} INFO - Processing /opt/airflow/dags/user_processing.py took 0.056 seconds
[2025-06-02T02:39:11.683+0000] {processor.py:153} INFO - Started process (PID=270) to work on /opt/airflow/dags/user_processing.py
[2025-06-02T02:39:11.684+0000] {processor.py:743} INFO - Processing file /opt/airflow/dags/user_processing.py for tasks to queue
[2025-06-02T02:39:11.685+0000] {logging_mixin.py:137} INFO - [2025-06-02T02:39:11.684+0000] {dagbag.py:538} INFO - Filling up the DagBag from /opt/airflow/dags/user_processing.py
[2025-06-02T02:39:11.707+0000] {processor.py:753} INFO - DAG(s) dict_keys(['user_processing']) retrieved from /opt/airflow/dags/user_processing.py
[2025-06-02T02:39:11.745+0000] {logging_mixin.py:137} INFO - [2025-06-02T02:39:11.745+0000] {dag.py:2690} INFO - Sync 1 DAGs
[2025-06-02T02:39:11.759+0000] {logging_mixin.py:137} INFO - [2025-06-02T02:39:11.759+0000] {dag.py:3441} INFO - Setting next_dagrun for user_processing to 2025-06-02T00:00:00+00:00, run_after=2025-06-03T00:00:00+00:00
[2025-06-02T02:39:11.769+0000] {processor.py:175} INFO - Processing /opt/airflow/dags/user_processing.py took 0.089 seconds
[2025-06-02T02:39:42.278+0000] {processor.py:153} INFO - Started process (PID=313) to work on /opt/airflow/dags/user_processing.py
[2025-06-02T02:39:42.279+0000] {processor.py:743} INFO - Processing file /opt/airflow/dags/user_processing.py for tasks to queue
[2025-06-02T02:39:42.280+0000] {logging_mixin.py:137} INFO - [2025-06-02T02:39:42.280+0000] {dagbag.py:538} INFO - Filling up the DagBag from /opt/airflow/dags/user_processing.py
[2025-06-02T02:39:42.300+0000] {processor.py:753} INFO - DAG(s) dict_keys(['user_processing']) retrieved from /opt/airflow/dags/user_processing.py
[2025-06-02T02:39:42.318+0000] {logging_mixin.py:137} INFO - [2025-06-02T02:39:42.318+0000] {dag.py:2690} INFO - Sync 1 DAGs
[2025-06-02T02:39:42.329+0000] {logging_mixin.py:137} INFO - [2025-06-02T02:39:42.329+0000] {dag.py:3441} INFO - Setting next_dagrun for user_processing to 2025-06-02T00:00:00+00:00, run_after=2025-06-03T00:00:00+00:00
[2025-06-02T02:39:42.336+0000] {processor.py:175} INFO - Processing /opt/airflow/dags/user_processing.py took 0.059 seconds
[2025-06-02T02:40:12.887+0000] {processor.py:153} INFO - Started process (PID=372) to work on /opt/airflow/dags/user_processing.py
[2025-06-02T02:40:12.888+0000] {processor.py:743} INFO - Processing file /opt/airflow/dags/user_processing.py for tasks to queue
[2025-06-02T02:40:12.889+0000] {logging_mixin.py:137} INFO - [2025-06-02T02:40:12.889+0000] {dagbag.py:538} INFO - Filling up the DagBag from /opt/airflow/dags/user_processing.py
[2025-06-02T02:40:12.911+0000] {processor.py:753} INFO - DAG(s) dict_keys(['user_processing']) retrieved from /opt/airflow/dags/user_processing.py
[2025-06-02T02:40:12.929+0000] {logging_mixin.py:137} INFO - [2025-06-02T02:40:12.929+0000] {dag.py:2690} INFO - Sync 1 DAGs
[2025-06-02T02:40:12.940+0000] {logging_mixin.py:137} INFO - [2025-06-02T02:40:12.940+0000] {dag.py:3441} INFO - Setting next_dagrun for user_processing to 2025-06-02T00:00:00+00:00, run_after=2025-06-03T00:00:00+00:00
[2025-06-02T02:40:12.946+0000] {processor.py:175} INFO - Processing /opt/airflow/dags/user_processing.py took 0.061 seconds
[2025-06-02T02:40:43.518+0000] {processor.py:153} INFO - Started process (PID=431) to work on /opt/airflow/dags/user_processing.py
[2025-06-02T02:40:43.519+0000] {processor.py:743} INFO - Processing file /opt/airflow/dags/user_processing.py for tasks to queue
[2025-06-02T02:40:43.519+0000] {logging_mixin.py:137} INFO - [2025-06-02T02:40:43.519+0000] {dagbag.py:538} INFO - Filling up the DagBag from /opt/airflow/dags/user_processing.py
[2025-06-02T02:40:43.535+0000] {processor.py:753} INFO - DAG(s) dict_keys(['user_processing']) retrieved from /opt/airflow/dags/user_processing.py
[2025-06-02T02:40:43.543+0000] {logging_mixin.py:137} INFO - [2025-06-02T02:40:43.543+0000] {dag.py:2690} INFO - Sync 1 DAGs
[2025-06-02T02:40:43.553+0000] {logging_mixin.py:137} INFO - [2025-06-02T02:40:43.553+0000] {dag.py:3441} INFO - Setting next_dagrun for user_processing to 2025-06-02T00:00:00+00:00, run_after=2025-06-03T00:00:00+00:00
[2025-06-02T02:40:43.558+0000] {processor.py:175} INFO - Processing /opt/airflow/dags/user_processing.py took 0.041 seconds
[2025-06-02T02:41:14.038+0000] {processor.py:153} INFO - Started process (PID=490) to work on /opt/airflow/dags/user_processing.py
[2025-06-02T02:41:14.039+0000] {processor.py:743} INFO - Processing file /opt/airflow/dags/user_processing.py for tasks to queue
[2025-06-02T02:41:14.039+0000] {logging_mixin.py:137} INFO - [2025-06-02T02:41:14.039+0000] {dagbag.py:538} INFO - Filling up the DagBag from /opt/airflow/dags/user_processing.py
[2025-06-02T02:41:14.053+0000] {processor.py:753} INFO - DAG(s) dict_keys(['user_processing']) retrieved from /opt/airflow/dags/user_processing.py
[2025-06-02T02:41:14.062+0000] {logging_mixin.py:137} INFO - [2025-06-02T02:41:14.062+0000] {dag.py:2690} INFO - Sync 1 DAGs
[2025-06-02T02:41:14.071+0000] {logging_mixin.py:137} INFO - [2025-06-02T02:41:14.071+0000] {dag.py:3441} INFO - Setting next_dagrun for user_processing to 2025-06-02T00:00:00+00:00, run_after=2025-06-03T00:00:00+00:00
[2025-06-02T02:41:14.077+0000] {processor.py:175} INFO - Processing /opt/airflow/dags/user_processing.py took 0.040 seconds
[2025-06-02T02:41:44.633+0000] {processor.py:153} INFO - Started process (PID=533) to work on /opt/airflow/dags/user_processing.py
[2025-06-02T02:41:44.633+0000] {processor.py:743} INFO - Processing file /opt/airflow/dags/user_processing.py for tasks to queue
[2025-06-02T02:41:44.634+0000] {logging_mixin.py:137} INFO - [2025-06-02T02:41:44.634+0000] {dagbag.py:538} INFO - Filling up the DagBag from /opt/airflow/dags/user_processing.py
[2025-06-02T02:41:44.649+0000] {processor.py:753} INFO - DAG(s) dict_keys(['user_processing']) retrieved from /opt/airflow/dags/user_processing.py
[2025-06-02T02:41:44.658+0000] {logging_mixin.py:137} INFO - [2025-06-02T02:41:44.658+0000] {dag.py:2690} INFO - Sync 1 DAGs
[2025-06-02T02:41:44.668+0000] {logging_mixin.py:137} INFO - [2025-06-02T02:41:44.668+0000] {dag.py:3441} INFO - Setting next_dagrun for user_processing to 2025-06-02T00:00:00+00:00, run_after=2025-06-03T00:00:00+00:00
[2025-06-02T02:41:44.674+0000] {processor.py:175} INFO - Processing /opt/airflow/dags/user_processing.py took 0.042 seconds
[2025-06-02T02:42:15.243+0000] {processor.py:153} INFO - Started process (PID=592) to work on /opt/airflow/dags/user_processing.py
[2025-06-02T02:42:15.243+0000] {processor.py:743} INFO - Processing file /opt/airflow/dags/user_processing.py for tasks to queue
[2025-06-02T02:42:15.244+0000] {logging_mixin.py:137} INFO - [2025-06-02T02:42:15.244+0000] {dagbag.py:538} INFO - Filling up the DagBag from /opt/airflow/dags/user_processing.py
[2025-06-02T02:42:15.257+0000] {processor.py:753} INFO - DAG(s) dict_keys(['user_processing']) retrieved from /opt/airflow/dags/user_processing.py
[2025-06-02T02:42:15.266+0000] {logging_mixin.py:137} INFO - [2025-06-02T02:42:15.266+0000] {dag.py:2690} INFO - Sync 1 DAGs
[2025-06-02T02:42:15.276+0000] {logging_mixin.py:137} INFO - [2025-06-02T02:42:15.276+0000] {dag.py:3441} INFO - Setting next_dagrun for user_processing to 2025-06-02T00:00:00+00:00, run_after=2025-06-03T00:00:00+00:00
[2025-06-02T02:42:15.282+0000] {processor.py:175} INFO - Processing /opt/airflow/dags/user_processing.py took 0.040 seconds
[2025-06-02T02:42:45.794+0000] {processor.py:153} INFO - Started process (PID=651) to work on /opt/airflow/dags/user_processing.py
[2025-06-02T02:42:45.795+0000] {processor.py:743} INFO - Processing file /opt/airflow/dags/user_processing.py for tasks to queue
[2025-06-02T02:42:45.795+0000] {logging_mixin.py:137} INFO - [2025-06-02T02:42:45.795+0000] {dagbag.py:538} INFO - Filling up the DagBag from /opt/airflow/dags/user_processing.py
[2025-06-02T02:42:45.809+0000] {processor.py:753} INFO - DAG(s) dict_keys(['user_processing']) retrieved from /opt/airflow/dags/user_processing.py
[2025-06-02T02:42:45.819+0000] {logging_mixin.py:137} INFO - [2025-06-02T02:42:45.819+0000] {dag.py:2690} INFO - Sync 1 DAGs
[2025-06-02T02:42:45.829+0000] {logging_mixin.py:137} INFO - [2025-06-02T02:42:45.829+0000] {dag.py:3441} INFO - Setting next_dagrun for user_processing to 2025-06-02T00:00:00+00:00, run_after=2025-06-03T00:00:00+00:00
[2025-06-02T02:42:45.835+0000] {processor.py:175} INFO - Processing /opt/airflow/dags/user_processing.py took 0.041 seconds
[2025-06-02T02:43:16.331+0000] {processor.py:153} INFO - Started process (PID=710) to work on /opt/airflow/dags/user_processing.py
[2025-06-02T02:43:16.332+0000] {processor.py:743} INFO - Processing file /opt/airflow/dags/user_processing.py for tasks to queue
[2025-06-02T02:43:16.332+0000] {logging_mixin.py:137} INFO - [2025-06-02T02:43:16.332+0000] {dagbag.py:538} INFO - Filling up the DagBag from /opt/airflow/dags/user_processing.py
[2025-06-02T02:43:16.346+0000] {processor.py:753} INFO - DAG(s) dict_keys(['user_processing']) retrieved from /opt/airflow/dags/user_processing.py
[2025-06-02T02:43:16.355+0000] {logging_mixin.py:137} INFO - [2025-06-02T02:43:16.354+0000] {dag.py:2690} INFO - Sync 1 DAGs
[2025-06-02T02:43:16.364+0000] {logging_mixin.py:137} INFO - [2025-06-02T02:43:16.364+0000] {dag.py:3441} INFO - Setting next_dagrun for user_processing to 2025-06-02T00:00:00+00:00, run_after=2025-06-03T00:00:00+00:00
[2025-06-02T02:43:16.369+0000] {processor.py:175} INFO - Processing /opt/airflow/dags/user_processing.py took 0.039 seconds
[2025-06-02T02:43:46.852+0000] {processor.py:153} INFO - Started process (PID=753) to work on /opt/airflow/dags/user_processing.py
[2025-06-02T02:43:46.854+0000] {processor.py:743} INFO - Processing file /opt/airflow/dags/user_processing.py for tasks to queue
[2025-06-02T02:43:46.855+0000] {logging_mixin.py:137} INFO - [2025-06-02T02:43:46.854+0000] {dagbag.py:538} INFO - Filling up the DagBag from /opt/airflow/dags/user_processing.py
[2025-06-02T02:43:46.873+0000] {processor.py:753} INFO - DAG(s) dict_keys(['user_processing']) retrieved from /opt/airflow/dags/user_processing.py
[2025-06-02T02:43:46.888+0000] {logging_mixin.py:137} INFO - [2025-06-02T02:43:46.888+0000] {dag.py:2690} INFO - Sync 1 DAGs
[2025-06-02T02:43:46.902+0000] {logging_mixin.py:137} INFO - [2025-06-02T02:43:46.902+0000] {dag.py:3441} INFO - Setting next_dagrun for user_processing to 2025-06-02T00:00:00+00:00, run_after=2025-06-03T00:00:00+00:00
[2025-06-02T02:43:46.909+0000] {processor.py:175} INFO - Processing /opt/airflow/dags/user_processing.py took 0.058 seconds
[2025-06-02T02:44:17.497+0000] {processor.py:153} INFO - Started process (PID=812) to work on /opt/airflow/dags/user_processing.py
[2025-06-02T02:44:17.497+0000] {processor.py:743} INFO - Processing file /opt/airflow/dags/user_processing.py for tasks to queue
[2025-06-02T02:44:17.497+0000] {logging_mixin.py:137} INFO - [2025-06-02T02:44:17.497+0000] {dagbag.py:538} INFO - Filling up the DagBag from /opt/airflow/dags/user_processing.py
[2025-06-02T02:44:17.512+0000] {processor.py:753} INFO - DAG(s) dict_keys(['user_processing']) retrieved from /opt/airflow/dags/user_processing.py
[2025-06-02T02:44:17.522+0000] {logging_mixin.py:137} INFO - [2025-06-02T02:44:17.522+0000] {dag.py:2690} INFO - Sync 1 DAGs
[2025-06-02T02:44:17.532+0000] {logging_mixin.py:137} INFO - [2025-06-02T02:44:17.532+0000] {dag.py:3441} INFO - Setting next_dagrun for user_processing to 2025-06-02T00:00:00+00:00, run_after=2025-06-03T00:00:00+00:00
[2025-06-02T02:44:17.538+0000] {processor.py:175} INFO - Processing /opt/airflow/dags/user_processing.py took 0.043 seconds
[2025-06-02T02:44:48.127+0000] {processor.py:153} INFO - Started process (PID=871) to work on /opt/airflow/dags/user_processing.py
[2025-06-02T02:44:48.127+0000] {processor.py:743} INFO - Processing file /opt/airflow/dags/user_processing.py for tasks to queue
[2025-06-02T02:44:48.127+0000] {logging_mixin.py:137} INFO - [2025-06-02T02:44:48.127+0000] {dagbag.py:538} INFO - Filling up the DagBag from /opt/airflow/dags/user_processing.py
[2025-06-02T02:44:48.142+0000] {processor.py:753} INFO - DAG(s) dict_keys(['user_processing']) retrieved from /opt/airflow/dags/user_processing.py
[2025-06-02T02:44:48.151+0000] {logging_mixin.py:137} INFO - [2025-06-02T02:44:48.151+0000] {dag.py:2690} INFO - Sync 1 DAGs
[2025-06-02T02:44:48.161+0000] {logging_mixin.py:137} INFO - [2025-06-02T02:44:48.161+0000] {dag.py:3441} INFO - Setting next_dagrun for user_processing to 2025-06-02T00:00:00+00:00, run_after=2025-06-03T00:00:00+00:00
[2025-06-02T02:44:48.166+0000] {processor.py:175} INFO - Processing /opt/airflow/dags/user_processing.py took 0.041 seconds
[2025-06-02T02:45:18.705+0000] {processor.py:153} INFO - Started process (PID=930) to work on /opt/airflow/dags/user_processing.py
[2025-06-02T02:45:18.706+0000] {processor.py:743} INFO - Processing file /opt/airflow/dags/user_processing.py for tasks to queue
[2025-06-02T02:45:18.706+0000] {logging_mixin.py:137} INFO - [2025-06-02T02:45:18.706+0000] {dagbag.py:538} INFO - Filling up the DagBag from /opt/airflow/dags/user_processing.py
[2025-06-02T02:45:18.720+0000] {processor.py:753} INFO - DAG(s) dict_keys(['user_processing']) retrieved from /opt/airflow/dags/user_processing.py
[2025-06-02T02:45:18.729+0000] {logging_mixin.py:137} INFO - [2025-06-02T02:45:18.729+0000] {dag.py:2690} INFO - Sync 1 DAGs
[2025-06-02T02:45:18.739+0000] {logging_mixin.py:137} INFO - [2025-06-02T02:45:18.739+0000] {dag.py:3441} INFO - Setting next_dagrun for user_processing to 2025-06-02T00:00:00+00:00, run_after=2025-06-03T00:00:00+00:00
[2025-06-02T02:45:18.744+0000] {processor.py:175} INFO - Processing /opt/airflow/dags/user_processing.py took 0.040 seconds
[2025-06-02T06:25:49.711+0000] {processor.py:153} INFO - Started process (PID=41) to work on /opt/airflow/dags/user_processing.py
[2025-06-02T06:25:49.713+0000] {processor.py:743} INFO - Processing file /opt/airflow/dags/user_processing.py for tasks to queue
[2025-06-02T06:25:49.714+0000] {logging_mixin.py:137} INFO - [2025-06-02T06:25:49.714+0000] {dagbag.py:538} INFO - Filling up the DagBag from /opt/airflow/dags/user_processing.py
[2025-06-02T06:25:49.790+0000] {processor.py:753} INFO - DAG(s) dict_keys(['user_processing']) retrieved from /opt/airflow/dags/user_processing.py
[2025-06-02T06:25:49.831+0000] {logging_mixin.py:137} INFO - [2025-06-02T06:25:49.830+0000] {dag.py:2690} INFO - Sync 1 DAGs
[2025-06-02T06:25:49.857+0000] {logging_mixin.py:137} INFO - [2025-06-02T06:25:49.857+0000] {dag.py:3441} INFO - Setting next_dagrun for user_processing to 2025-06-02T00:00:00+00:00, run_after=2025-06-03T00:00:00+00:00
[2025-06-02T06:25:49.873+0000] {processor.py:175} INFO - Processing /opt/airflow/dags/user_processing.py took 0.170 seconds
[2025-06-02T06:26:20.519+0000] {processor.py:153} INFO - Started process (PID=99) to work on /opt/airflow/dags/user_processing.py
[2025-06-02T06:26:20.519+0000] {processor.py:743} INFO - Processing file /opt/airflow/dags/user_processing.py for tasks to queue
[2025-06-02T06:26:20.521+0000] {logging_mixin.py:137} INFO - [2025-06-02T06:26:20.521+0000] {dagbag.py:538} INFO - Filling up the DagBag from /opt/airflow/dags/user_processing.py
[2025-06-02T06:26:20.541+0000] {processor.py:753} INFO - DAG(s) dict_keys(['user_processing']) retrieved from /opt/airflow/dags/user_processing.py
[2025-06-02T06:26:20.553+0000] {logging_mixin.py:137} INFO - [2025-06-02T06:26:20.553+0000] {dag.py:2690} INFO - Sync 1 DAGs
[2025-06-02T06:26:20.565+0000] {logging_mixin.py:137} INFO - [2025-06-02T06:26:20.565+0000] {dag.py:3441} INFO - Setting next_dagrun for user_processing to 2025-06-02T00:00:00+00:00, run_after=2025-06-03T00:00:00+00:00
[2025-06-02T06:26:20.573+0000] {processor.py:175} INFO - Processing /opt/airflow/dags/user_processing.py took 0.056 seconds
[2025-06-02T06:26:51.137+0000] {processor.py:153} INFO - Started process (PID=158) to work on /opt/airflow/dags/user_processing.py
[2025-06-02T06:26:51.137+0000] {processor.py:743} INFO - Processing file /opt/airflow/dags/user_processing.py for tasks to queue
[2025-06-02T06:26:51.138+0000] {logging_mixin.py:137} INFO - [2025-06-02T06:26:51.138+0000] {dagbag.py:538} INFO - Filling up the DagBag from /opt/airflow/dags/user_processing.py
[2025-06-02T06:26:51.157+0000] {processor.py:753} INFO - DAG(s) dict_keys(['user_processing']) retrieved from /opt/airflow/dags/user_processing.py
[2025-06-02T06:26:51.171+0000] {logging_mixin.py:137} INFO - [2025-06-02T06:26:51.171+0000] {dag.py:2690} INFO - Sync 1 DAGs
[2025-06-02T06:26:51.182+0000] {logging_mixin.py:137} INFO - [2025-06-02T06:26:51.182+0000] {dag.py:3441} INFO - Setting next_dagrun for user_processing to 2025-06-02T00:00:00+00:00, run_after=2025-06-03T00:00:00+00:00
[2025-06-02T06:26:51.192+0000] {processor.py:175} INFO - Processing /opt/airflow/dags/user_processing.py took 0.056 seconds
[2025-06-02T06:27:21.729+0000] {processor.py:153} INFO - Started process (PID=200) to work on /opt/airflow/dags/user_processing.py
[2025-06-02T06:27:21.729+0000] {processor.py:743} INFO - Processing file /opt/airflow/dags/user_processing.py for tasks to queue
[2025-06-02T06:27:21.729+0000] {logging_mixin.py:137} INFO - [2025-06-02T06:27:21.729+0000] {dagbag.py:538} INFO - Filling up the DagBag from /opt/airflow/dags/user_processing.py
[2025-06-02T06:27:21.747+0000] {processor.py:753} INFO - DAG(s) dict_keys(['user_processing']) retrieved from /opt/airflow/dags/user_processing.py
[2025-06-02T06:27:21.758+0000] {logging_mixin.py:137} INFO - [2025-06-02T06:27:21.758+0000] {dag.py:2690} INFO - Sync 1 DAGs
[2025-06-02T06:27:21.769+0000] {logging_mixin.py:137} INFO - [2025-06-02T06:27:21.769+0000] {dag.py:3441} INFO - Setting next_dagrun for user_processing to 2025-06-02T00:00:00+00:00, run_after=2025-06-03T00:00:00+00:00
[2025-06-02T06:27:21.778+0000] {processor.py:175} INFO - Processing /opt/airflow/dags/user_processing.py took 0.050 seconds
[2025-06-02T06:27:52.272+0000] {processor.py:153} INFO - Started process (PID=259) to work on /opt/airflow/dags/user_processing.py
[2025-06-02T06:27:52.273+0000] {processor.py:743} INFO - Processing file /opt/airflow/dags/user_processing.py for tasks to queue
[2025-06-02T06:27:52.273+0000] {logging_mixin.py:137} INFO - [2025-06-02T06:27:52.273+0000] {dagbag.py:538} INFO - Filling up the DagBag from /opt/airflow/dags/user_processing.py
[2025-06-02T06:27:52.288+0000] {processor.py:753} INFO - DAG(s) dict_keys(['user_processing']) retrieved from /opt/airflow/dags/user_processing.py
[2025-06-02T06:27:52.299+0000] {logging_mixin.py:137} INFO - [2025-06-02T06:27:52.299+0000] {dag.py:2690} INFO - Sync 1 DAGs
[2025-06-02T06:27:52.310+0000] {logging_mixin.py:137} INFO - [2025-06-02T06:27:52.310+0000] {dag.py:3441} INFO - Setting next_dagrun for user_processing to 2025-06-02T00:00:00+00:00, run_after=2025-06-03T00:00:00+00:00
[2025-06-02T06:27:52.319+0000] {processor.py:175} INFO - Processing /opt/airflow/dags/user_processing.py took 0.048 seconds
[2025-06-02T06:28:22.796+0000] {processor.py:153} INFO - Started process (PID=318) to work on /opt/airflow/dags/user_processing.py
[2025-06-02T06:28:22.798+0000] {processor.py:743} INFO - Processing file /opt/airflow/dags/user_processing.py for tasks to queue
[2025-06-02T06:28:22.798+0000] {logging_mixin.py:137} INFO - [2025-06-02T06:28:22.798+0000] {dagbag.py:538} INFO - Filling up the DagBag from /opt/airflow/dags/user_processing.py
[2025-06-02T06:28:22.814+0000] {processor.py:753} INFO - DAG(s) dict_keys(['user_processing']) retrieved from /opt/airflow/dags/user_processing.py
[2025-06-02T06:28:22.827+0000] {logging_mixin.py:137} INFO - [2025-06-02T06:28:22.826+0000] {dag.py:2690} INFO - Sync 1 DAGs
[2025-06-02T06:28:22.838+0000] {logging_mixin.py:137} INFO - [2025-06-02T06:28:22.838+0000] {dag.py:3441} INFO - Setting next_dagrun for user_processing to 2025-06-02T00:00:00+00:00, run_after=2025-06-03T00:00:00+00:00
[2025-06-02T06:28:22.844+0000] {processor.py:175} INFO - Processing /opt/airflow/dags/user_processing.py took 0.050 seconds
[2025-06-02T06:28:53.377+0000] {processor.py:153} INFO - Started process (PID=377) to work on /opt/airflow/dags/user_processing.py
[2025-06-02T06:28:53.378+0000] {processor.py:743} INFO - Processing file /opt/airflow/dags/user_processing.py for tasks to queue
[2025-06-02T06:28:53.378+0000] {logging_mixin.py:137} INFO - [2025-06-02T06:28:53.378+0000] {dagbag.py:538} INFO - Filling up the DagBag from /opt/airflow/dags/user_processing.py
[2025-06-02T06:28:53.395+0000] {processor.py:753} INFO - DAG(s) dict_keys(['user_processing']) retrieved from /opt/airflow/dags/user_processing.py
[2025-06-02T06:28:53.406+0000] {logging_mixin.py:137} INFO - [2025-06-02T06:28:53.406+0000] {dag.py:2690} INFO - Sync 1 DAGs
[2025-06-02T06:28:53.416+0000] {logging_mixin.py:137} INFO - [2025-06-02T06:28:53.416+0000] {dag.py:3441} INFO - Setting next_dagrun for user_processing to 2025-06-02T00:00:00+00:00, run_after=2025-06-03T00:00:00+00:00
[2025-06-02T06:28:53.423+0000] {processor.py:175} INFO - Processing /opt/airflow/dags/user_processing.py took 0.047 seconds
[2025-06-02T06:29:23.899+0000] {processor.py:153} INFO - Started process (PID=420) to work on /opt/airflow/dags/user_processing.py
[2025-06-02T06:29:23.901+0000] {processor.py:743} INFO - Processing file /opt/airflow/dags/user_processing.py for tasks to queue
[2025-06-02T06:29:23.901+0000] {logging_mixin.py:137} INFO - [2025-06-02T06:29:23.901+0000] {dagbag.py:538} INFO - Filling up the DagBag from /opt/airflow/dags/user_processing.py
[2025-06-02T06:29:23.921+0000] {processor.py:753} INFO - DAG(s) dict_keys(['user_processing']) retrieved from /opt/airflow/dags/user_processing.py
[2025-06-02T06:29:23.931+0000] {logging_mixin.py:137} INFO - [2025-06-02T06:29:23.931+0000] {dag.py:2690} INFO - Sync 1 DAGs
[2025-06-02T06:29:23.941+0000] {logging_mixin.py:137} INFO - [2025-06-02T06:29:23.941+0000] {dag.py:3441} INFO - Setting next_dagrun for user_processing to 2025-06-02T00:00:00+00:00, run_after=2025-06-03T00:00:00+00:00
[2025-06-02T06:29:23.947+0000] {processor.py:175} INFO - Processing /opt/airflow/dags/user_processing.py took 0.050 seconds
[2025-06-02T06:29:54.485+0000] {processor.py:153} INFO - Started process (PID=479) to work on /opt/airflow/dags/user_processing.py
[2025-06-02T06:29:54.485+0000] {processor.py:743} INFO - Processing file /opt/airflow/dags/user_processing.py for tasks to queue
[2025-06-02T06:29:54.486+0000] {logging_mixin.py:137} INFO - [2025-06-02T06:29:54.486+0000] {dagbag.py:538} INFO - Filling up the DagBag from /opt/airflow/dags/user_processing.py
[2025-06-02T06:29:54.503+0000] {processor.py:753} INFO - DAG(s) dict_keys(['user_processing']) retrieved from /opt/airflow/dags/user_processing.py
[2025-06-02T06:29:54.517+0000] {logging_mixin.py:137} INFO - [2025-06-02T06:29:54.517+0000] {dag.py:2690} INFO - Sync 1 DAGs
[2025-06-02T06:29:54.529+0000] {logging_mixin.py:137} INFO - [2025-06-02T06:29:54.528+0000] {dag.py:3441} INFO - Setting next_dagrun for user_processing to 2025-06-02T00:00:00+00:00, run_after=2025-06-03T00:00:00+00:00
[2025-06-02T06:29:54.537+0000] {processor.py:175} INFO - Processing /opt/airflow/dags/user_processing.py took 0.053 seconds
[2025-06-02T06:30:25.061+0000] {processor.py:153} INFO - Started process (PID=538) to work on /opt/airflow/dags/user_processing.py
[2025-06-02T06:30:25.061+0000] {processor.py:743} INFO - Processing file /opt/airflow/dags/user_processing.py for tasks to queue
[2025-06-02T06:30:25.062+0000] {logging_mixin.py:137} INFO - [2025-06-02T06:30:25.062+0000] {dagbag.py:538} INFO - Filling up the DagBag from /opt/airflow/dags/user_processing.py
[2025-06-02T06:30:25.083+0000] {processor.py:753} INFO - DAG(s) dict_keys(['user_processing']) retrieved from /opt/airflow/dags/user_processing.py
[2025-06-02T06:30:25.102+0000] {logging_mixin.py:137} INFO - [2025-06-02T06:30:25.102+0000] {dag.py:2690} INFO - Sync 1 DAGs
[2025-06-02T06:30:25.113+0000] {logging_mixin.py:137} INFO - [2025-06-02T06:30:25.113+0000] {dag.py:3441} INFO - Setting next_dagrun for user_processing to 2025-06-02T00:00:00+00:00, run_after=2025-06-03T00:00:00+00:00
[2025-06-02T06:30:25.122+0000] {processor.py:175} INFO - Processing /opt/airflow/dags/user_processing.py took 0.062 seconds
[2025-06-02T06:30:55.656+0000] {processor.py:153} INFO - Started process (PID=597) to work on /opt/airflow/dags/user_processing.py
[2025-06-02T06:30:55.657+0000] {processor.py:743} INFO - Processing file /opt/airflow/dags/user_processing.py for tasks to queue
[2025-06-02T06:30:55.657+0000] {logging_mixin.py:137} INFO - [2025-06-02T06:30:55.657+0000] {dagbag.py:538} INFO - Filling up the DagBag from /opt/airflow/dags/user_processing.py
[2025-06-02T06:30:55.673+0000] {processor.py:753} INFO - DAG(s) dict_keys(['user_processing']) retrieved from /opt/airflow/dags/user_processing.py
[2025-06-02T06:30:55.682+0000] {logging_mixin.py:137} INFO - [2025-06-02T06:30:55.682+0000] {dag.py:2690} INFO - Sync 1 DAGs
[2025-06-02T06:30:55.693+0000] {logging_mixin.py:137} INFO - [2025-06-02T06:30:55.693+0000] {dag.py:3441} INFO - Setting next_dagrun for user_processing to 2025-06-02T00:00:00+00:00, run_after=2025-06-03T00:00:00+00:00
[2025-06-02T06:30:55.699+0000] {processor.py:175} INFO - Processing /opt/airflow/dags/user_processing.py took 0.044 seconds
[2025-06-02T06:31:26.146+0000] {processor.py:153} INFO - Started process (PID=656) to work on /opt/airflow/dags/user_processing.py
[2025-06-02T06:31:26.146+0000] {processor.py:743} INFO - Processing file /opt/airflow/dags/user_processing.py for tasks to queue
[2025-06-02T06:31:26.147+0000] {logging_mixin.py:137} INFO - [2025-06-02T06:31:26.147+0000] {dagbag.py:538} INFO - Filling up the DagBag from /opt/airflow/dags/user_processing.py
[2025-06-02T06:31:26.167+0000] {processor.py:753} INFO - DAG(s) dict_keys(['user_processing']) retrieved from /opt/airflow/dags/user_processing.py
[2025-06-02T06:31:26.183+0000] {logging_mixin.py:137} INFO - [2025-06-02T06:31:26.183+0000] {dag.py:2690} INFO - Sync 1 DAGs
[2025-06-02T06:31:26.197+0000] {logging_mixin.py:137} INFO - [2025-06-02T06:31:26.197+0000] {dag.py:3441} INFO - Setting next_dagrun for user_processing to 2025-06-02T00:00:00+00:00, run_after=2025-06-03T00:00:00+00:00
[2025-06-02T06:31:26.205+0000] {processor.py:175} INFO - Processing /opt/airflow/dags/user_processing.py took 0.061 seconds
[2025-06-02T06:31:56.666+0000] {processor.py:153} INFO - Started process (PID=699) to work on /opt/airflow/dags/user_processing.py
[2025-06-02T06:31:56.668+0000] {processor.py:743} INFO - Processing file /opt/airflow/dags/user_processing.py for tasks to queue
[2025-06-02T06:31:56.670+0000] {logging_mixin.py:137} INFO - [2025-06-02T06:31:56.670+0000] {dagbag.py:538} INFO - Filling up the DagBag from /opt/airflow/dags/user_processing.py
[2025-06-02T06:31:56.696+0000] {processor.py:753} INFO - DAG(s) dict_keys(['user_processing']) retrieved from /opt/airflow/dags/user_processing.py
[2025-06-02T06:31:56.710+0000] {logging_mixin.py:137} INFO - [2025-06-02T06:31:56.710+0000] {dag.py:2690} INFO - Sync 1 DAGs
[2025-06-02T06:31:56.721+0000] {logging_mixin.py:137} INFO - [2025-06-02T06:31:56.721+0000] {dag.py:3441} INFO - Setting next_dagrun for user_processing to 2025-06-02T00:00:00+00:00, run_after=2025-06-03T00:00:00+00:00
[2025-06-02T06:31:56.729+0000] {processor.py:175} INFO - Processing /opt/airflow/dags/user_processing.py took 0.064 seconds
[2025-06-02T06:32:27.226+0000] {processor.py:153} INFO - Started process (PID=758) to work on /opt/airflow/dags/user_processing.py
[2025-06-02T06:32:27.227+0000] {processor.py:743} INFO - Processing file /opt/airflow/dags/user_processing.py for tasks to queue
[2025-06-02T06:32:27.227+0000] {logging_mixin.py:137} INFO - [2025-06-02T06:32:27.227+0000] {dagbag.py:538} INFO - Filling up the DagBag from /opt/airflow/dags/user_processing.py
[2025-06-02T06:32:27.251+0000] {processor.py:753} INFO - DAG(s) dict_keys(['user_processing']) retrieved from /opt/airflow/dags/user_processing.py
[2025-06-02T06:32:27.271+0000] {logging_mixin.py:137} INFO - [2025-06-02T06:32:27.270+0000] {dag.py:2690} INFO - Sync 1 DAGs
[2025-06-02T06:32:27.339+0000] {logging_mixin.py:137} INFO - [2025-06-02T06:32:27.339+0000] {dag.py:3441} INFO - Setting next_dagrun for user_processing to 2025-06-02T00:00:00+00:00, run_after=2025-06-03T00:00:00+00:00
[2025-06-02T06:32:27.356+0000] {processor.py:175} INFO - Processing /opt/airflow/dags/user_processing.py took 0.131 seconds
