[2025-05-14T12:33:58.096+0000] {taskinstance.py:1083} INFO - Dependencies all met for <TaskInstance: group_dag.transform.transform_b scheduled__2025-05-13T00:00:00+00:00 [queued]>
[2025-05-14T12:33:58.103+0000] {taskinstance.py:1083} INFO - Dependencies all met for <TaskInstance: group_dag.transform.transform_b scheduled__2025-05-13T00:00:00+00:00 [queued]>
[2025-05-14T12:33:58.104+0000] {taskinstance.py:1279} INFO - 
--------------------------------------------------------------------------------
[2025-05-14T12:33:58.104+0000] {taskinstance.py:1280} INFO - Starting attempt 1 of 1
[2025-05-14T12:33:58.104+0000] {taskinstance.py:1281} INFO - 
--------------------------------------------------------------------------------
[2025-05-14T12:33:58.117+0000] {taskinstance.py:1300} INFO - Executing <Task(BashOperator): transform.transform_b> on 2025-05-13 00:00:00+00:00
[2025-05-14T12:33:58.121+0000] {standard_task_runner.py:55} INFO - Started process 95439 to run task
[2025-05-14T12:33:58.124+0000] {standard_task_runner.py:82} INFO - Running: ['***', 'tasks', 'run', 'group_dag', 'transform.transform_b', 'scheduled__2025-05-13T00:00:00+00:00', '--job-id', '228', '--raw', '--subdir', 'DAGS_FOLDER/group_dags.py', '--cfg-path', '/tmp/tmp4ar3o_vp']
[2025-05-14T12:33:58.125+0000] {standard_task_runner.py:83} INFO - Job 228: Subtask transform.transform_b
[2025-05-14T12:33:58.159+0000] {task_command.py:388} INFO - Running <TaskInstance: group_dag.transform.transform_b scheduled__2025-05-13T00:00:00+00:00 [running]> on host b1064f4ed60e
[2025-05-14T12:33:58.191+0000] {taskinstance.py:1509} INFO - Exporting the following env vars:
AIRFLOW_CTX_DAG_OWNER=***
AIRFLOW_CTX_DAG_ID=group_dag
AIRFLOW_CTX_TASK_ID=transform.transform_b
AIRFLOW_CTX_EXECUTION_DATE=2025-05-13T00:00:00+00:00
AIRFLOW_CTX_TRY_NUMBER=1
AIRFLOW_CTX_DAG_RUN_ID=scheduled__2025-05-13T00:00:00+00:00
[2025-05-14T12:33:58.192+0000] {subprocess.py:63} INFO - Tmp dir root location: 
 /tmp
[2025-05-14T12:33:58.192+0000] {subprocess.py:75} INFO - Running command: ['/bin/bash', '-c', 'sleep 5']
[2025-05-14T12:33:58.198+0000] {subprocess.py:86} INFO - Output:
[2025-05-14T12:34:03.201+0000] {subprocess.py:97} INFO - Command exited with return code 0
[2025-05-14T12:34:03.232+0000] {taskinstance.py:1323} INFO - Marking task as SUCCESS. dag_id=group_dag, task_id=transform.transform_b, execution_date=20250513T000000, start_date=20250514T123358, end_date=20250514T123403
[2025-05-14T12:34:03.285+0000] {local_task_job.py:208} INFO - Task exited with return code 0
[2025-05-14T12:34:03.299+0000] {taskinstance.py:2578} INFO - 0 downstream tasks scheduled from follow-on schedule check
