[2025-05-29T00:01:06.695+0000] {taskinstance.py:1083} INFO - Dependencies all met for <TaskInstance: parallel_dag.load_b scheduled__2025-05-28T00:00:00+00:00 [queued]>
[2025-05-29T00:01:06.699+0000] {taskinstance.py:1083} INFO - Dependencies all met for <TaskInstance: parallel_dag.load_b scheduled__2025-05-28T00:00:00+00:00 [queued]>
[2025-05-29T00:01:06.699+0000] {taskinstance.py:1279} INFO - 
--------------------------------------------------------------------------------
[2025-05-29T00:01:06.699+0000] {taskinstance.py:1280} INFO - Starting attempt 1 of 1
[2025-05-29T00:01:06.699+0000] {taskinstance.py:1281} INFO - 
--------------------------------------------------------------------------------
[2025-05-29T00:01:06.704+0000] {taskinstance.py:1300} INFO - Executing <Task(BashOperator): load_b> on 2025-05-28 00:00:00+00:00
[2025-05-29T00:01:06.706+0000] {standard_task_runner.py:55} INFO - Started process 25013 to run task
[2025-05-29T00:01:06.708+0000] {standard_task_runner.py:82} INFO - Running: ['***', 'tasks', 'run', 'parallel_dag', 'load_b', 'scheduled__2025-05-28T00:00:00+00:00', '--job-id', '622', '--raw', '--subdir', 'DAGS_FOLDER/parallel_dag.py', '--cfg-path', '/tmp/tmpjq0vzgr2']
[2025-05-29T00:01:06.709+0000] {standard_task_runner.py:83} INFO - Job 622: Subtask load_b
[2025-05-29T00:01:06.733+0000] {task_command.py:388} INFO - Running <TaskInstance: parallel_dag.load_b scheduled__2025-05-28T00:00:00+00:00 [running]> on host 74c05f868d26
[2025-05-29T00:01:06.761+0000] {taskinstance.py:1509} INFO - Exporting the following env vars:
AIRFLOW_CTX_DAG_OWNER=***
AIRFLOW_CTX_DAG_ID=parallel_dag
AIRFLOW_CTX_TASK_ID=load_b
AIRFLOW_CTX_EXECUTION_DATE=2025-05-28T00:00:00+00:00
AIRFLOW_CTX_TRY_NUMBER=1
AIRFLOW_CTX_DAG_RUN_ID=scheduled__2025-05-28T00:00:00+00:00
[2025-05-29T00:01:06.761+0000] {subprocess.py:63} INFO - Tmp dir root location: 
 /tmp
[2025-05-29T00:01:06.762+0000] {subprocess.py:75} INFO - Running command: ['/bin/bash', '-c', 'sleep 10']
[2025-05-29T00:01:06.767+0000] {subprocess.py:86} INFO - Output:
[2025-05-29T00:01:16.769+0000] {subprocess.py:97} INFO - Command exited with return code 0
[2025-05-29T00:01:16.800+0000] {taskinstance.py:1323} INFO - Marking task as SUCCESS. dag_id=parallel_dag, task_id=load_b, execution_date=20250528T000000, start_date=20250529T000106, end_date=20250529T000116
[2025-05-29T00:01:16.818+0000] {local_task_job.py:208} INFO - Task exited with return code 0
[2025-05-29T00:01:16.829+0000] {taskinstance.py:2578} INFO - 0 downstream tasks scheduled from follow-on schedule check
