[2025-05-15T12:02:20.207+0000] {taskinstance.py:1083} INFO - Dependencies all met for <TaskInstance: group_dag.transform.transform_c manual__2025-05-15T12:01:50.393367+00:00 [queued]>
[2025-05-15T12:02:20.212+0000] {taskinstance.py:1083} INFO - Dependencies all met for <TaskInstance: group_dag.transform.transform_c manual__2025-05-15T12:01:50.393367+00:00 [queued]>
[2025-05-15T12:02:20.212+0000] {taskinstance.py:1279} INFO - 
--------------------------------------------------------------------------------
[2025-05-15T12:02:20.213+0000] {taskinstance.py:1280} INFO - Starting attempt 1 of 1
[2025-05-15T12:02:20.213+0000] {taskinstance.py:1281} INFO - 
--------------------------------------------------------------------------------
[2025-05-15T12:02:20.219+0000] {taskinstance.py:1300} INFO - Executing <Task(BashOperator): transform.transform_c> on 2025-05-15 12:01:50.393367+00:00
[2025-05-15T12:02:20.221+0000] {standard_task_runner.py:55} INFO - Started process 19685 to run task
[2025-05-15T12:02:20.223+0000] {standard_task_runner.py:82} INFO - Running: ['***', 'tasks', 'run', 'group_dag', 'transform.transform_c', 'manual__2025-05-15T12:01:50.393367+00:00', '--job-id', '255', '--raw', '--subdir', 'DAGS_FOLDER/group_dags.py', '--cfg-path', '/tmp/tmp1u4b4e7n']
[2025-05-15T12:02:20.226+0000] {standard_task_runner.py:83} INFO - Job 255: Subtask transform.transform_c
[2025-05-15T12:02:20.255+0000] {task_command.py:388} INFO - Running <TaskInstance: group_dag.transform.transform_c manual__2025-05-15T12:01:50.393367+00:00 [running]> on host b1064f4ed60e
[2025-05-15T12:02:20.288+0000] {taskinstance.py:1509} INFO - Exporting the following env vars:
AIRFLOW_CTX_DAG_OWNER=***
AIRFLOW_CTX_DAG_ID=group_dag
AIRFLOW_CTX_TASK_ID=transform.transform_c
AIRFLOW_CTX_EXECUTION_DATE=2025-05-15T12:01:50.393367+00:00
AIRFLOW_CTX_TRY_NUMBER=1
AIRFLOW_CTX_DAG_RUN_ID=manual__2025-05-15T12:01:50.393367+00:00
[2025-05-15T12:02:20.288+0000] {subprocess.py:63} INFO - Tmp dir root location: 
 /tmp
[2025-05-15T12:02:20.289+0000] {subprocess.py:75} INFO - Running command: ['/bin/bash', '-c', 'sleep 5']
[2025-05-15T12:02:20.293+0000] {subprocess.py:86} INFO - Output:
[2025-05-15T12:02:25.296+0000] {subprocess.py:97} INFO - Command exited with return code 0
[2025-05-15T12:02:25.308+0000] {taskinstance.py:1323} INFO - Marking task as SUCCESS. dag_id=group_dag, task_id=transform.transform_c, execution_date=20250515T120150, start_date=20250515T120220, end_date=20250515T120225
[2025-05-15T12:02:25.346+0000] {local_task_job.py:208} INFO - Task exited with return code 0
[2025-05-15T12:02:25.353+0000] {taskinstance.py:2578} INFO - 0 downstream tasks scheduled from follow-on schedule check
