[2025-04-25T04:42:58.439+0000] {taskinstance.py:1083} INFO - Dependencies all met for <TaskInstance: user_processing.create_table manual__2025-04-25T04:42:57.831396+00:00 [queued]>
[2025-04-25T04:42:58.442+0000] {taskinstance.py:1083} INFO - Dependencies all met for <TaskInstance: user_processing.create_table manual__2025-04-25T04:42:57.831396+00:00 [queued]>
[2025-04-25T04:42:58.442+0000] {taskinstance.py:1279} INFO - 
--------------------------------------------------------------------------------
[2025-04-25T04:42:58.442+0000] {taskinstance.py:1280} INFO - Starting attempt 1 of 1
[2025-04-25T04:42:58.442+0000] {taskinstance.py:1281} INFO - 
--------------------------------------------------------------------------------
[2025-04-25T04:42:58.447+0000] {taskinstance.py:1300} INFO - Executing <Task(PostgresOperator): create_table> on 2025-04-25 04:42:57.831396+00:00
[2025-04-25T04:42:58.449+0000] {standard_task_runner.py:55} INFO - Started process 7978 to run task
[2025-04-25T04:42:58.451+0000] {standard_task_runner.py:82} INFO - Running: ['***', 'tasks', 'run', 'user_processing', 'create_table', 'manual__2025-04-25T04:42:57.831396+00:00', '--job-id', '14', '--raw', '--subdir', 'DAGS_FOLDER/user_processing.py', '--cfg-path', '/tmp/tmpa6txc_mz']
[2025-04-25T04:42:58.451+0000] {standard_task_runner.py:83} INFO - Job 14: Subtask create_table
[2025-04-25T04:42:58.474+0000] {task_command.py:388} INFO - Running <TaskInstance: user_processing.create_table manual__2025-04-25T04:42:57.831396+00:00 [running]> on host b08efc87d46b
[2025-04-25T04:42:58.498+0000] {taskinstance.py:1509} INFO - Exporting the following env vars:
AIRFLOW_CTX_DAG_OWNER=***
AIRFLOW_CTX_DAG_ID=user_processing
AIRFLOW_CTX_TASK_ID=create_table
AIRFLOW_CTX_EXECUTION_DATE=2025-04-25T04:42:57.831396+00:00
AIRFLOW_CTX_TRY_NUMBER=1
AIRFLOW_CTX_DAG_RUN_ID=manual__2025-04-25T04:42:57.831396+00:00
[2025-04-25T04:42:58.499+0000] {sql.py:254} INFO - Executing: CREATE TABLE IF NOT EXISTS users (
            firstname TEXT NOT NULL,
            lastname TEXT NOT NULL,
            country TEXT NOT NULL,
            username TEXT NOT NULL,
            password TEXT NOT NULL,
            email TEXT NOT NULL);
[2025-04-25T04:42:58.502+0000] {base.py:73} INFO - Using connection ID 'postgres' for task execution.
[2025-04-25T04:42:58.574+0000] {base.py:73} INFO - Using connection ID 'postgres' for task execution.
[2025-04-25T04:42:58.576+0000] {sql.py:375} INFO - Running statement: CREATE TABLE IF NOT EXISTS users (
            firstname TEXT NOT NULL,
            lastname TEXT NOT NULL,
            country TEXT NOT NULL,
            username TEXT NOT NULL,
            password TEXT NOT NULL,
            email TEXT NOT NULL);, parameters: None
[2025-04-25T04:42:58.579+0000] {taskinstance.py:1323} INFO - Marking task as SUCCESS. dag_id=user_processing, task_id=create_table, execution_date=20250425T044257, start_date=20250425T044258, end_date=20250425T044258
[2025-04-25T04:42:58.593+0000] {local_task_job.py:208} INFO - Task exited with return code 0
[2025-04-25T04:42:58.606+0000] {taskinstance.py:2578} INFO - 1 downstream tasks scheduled from follow-on schedule check
