[2025-05-21T00:08:55.028+0000] {taskinstance.py:1083} INFO - Dependencies all met for <TaskInstance: xcom_dag.t4 scheduled__2025-05-20T00:00:00+00:00 [queued]>
[2025-05-21T00:08:55.036+0000] {taskinstance.py:1083} INFO - Dependencies all met for <TaskInstance: xcom_dag.t4 scheduled__2025-05-20T00:00:00+00:00 [queued]>
[2025-05-21T00:08:55.036+0000] {taskinstance.py:1279} INFO - 
--------------------------------------------------------------------------------
[2025-05-21T00:08:55.036+0000] {taskinstance.py:1280} INFO - Starting attempt 1 of 1
[2025-05-21T00:08:55.037+0000] {taskinstance.py:1281} INFO - 
--------------------------------------------------------------------------------
[2025-05-21T00:08:55.045+0000] {taskinstance.py:1300} INFO - Executing <Task(BashOperator): t4> on 2025-05-20 00:00:00+00:00
[2025-05-21T00:08:55.048+0000] {standard_task_runner.py:55} INFO - Started process 9186 to run task
[2025-05-21T00:08:55.050+0000] {standard_task_runner.py:82} INFO - Running: ['***', 'tasks', 'run', 'xcom_dag', 't4', 'scheduled__2025-05-20T00:00:00+00:00', '--job-id', '432', '--raw', '--subdir', 'DAGS_FOLDER/xcom_dags.py', '--cfg-path', '/tmp/tmphbbkuxwk']
[2025-05-21T00:08:55.051+0000] {standard_task_runner.py:83} INFO - Job 432: Subtask t4
[2025-05-21T00:08:55.095+0000] {task_command.py:388} INFO - Running <TaskInstance: xcom_dag.t4 scheduled__2025-05-20T00:00:00+00:00 [running]> on host b1064f4ed60e
[2025-05-21T00:08:55.146+0000] {taskinstance.py:1509} INFO - Exporting the following env vars:
AIRFLOW_CTX_DAG_OWNER=***
AIRFLOW_CTX_DAG_ID=xcom_dag
AIRFLOW_CTX_TASK_ID=t4
AIRFLOW_CTX_EXECUTION_DATE=2025-05-20T00:00:00+00:00
AIRFLOW_CTX_TRY_NUMBER=1
AIRFLOW_CTX_DAG_RUN_ID=scheduled__2025-05-20T00:00:00+00:00
[2025-05-21T00:08:55.147+0000] {subprocess.py:63} INFO - Tmp dir root location: 
 /tmp
[2025-05-21T00:08:55.148+0000] {subprocess.py:75} INFO - Running command: ['/bin/bash', '-c', "echo ''"]
[2025-05-21T00:08:55.155+0000] {subprocess.py:86} INFO - Output:
[2025-05-21T00:08:55.158+0000] {subprocess.py:93} INFO - 
[2025-05-21T00:08:55.159+0000] {subprocess.py:97} INFO - Command exited with return code 0
[2025-05-21T00:08:55.176+0000] {taskinstance.py:1323} INFO - Marking task as SUCCESS. dag_id=xcom_dag, task_id=t4, execution_date=20250520T000000, start_date=20250521T000855, end_date=20250521T000855
[2025-05-21T00:08:55.186+0000] {local_task_job.py:208} INFO - Task exited with return code 0
[2025-05-21T00:08:55.197+0000] {taskinstance.py:2578} INFO - 0 downstream tasks scheduled from follow-on schedule check
