[2025-05-29T00:01:02.760+0000] {taskinstance.py:1083} INFO - Dependencies all met for <TaskInstance: group_dag.check_files scheduled__2025-05-28T00:00:00+00:00 [queued]>
[2025-05-29T00:01:02.763+0000] {taskinstance.py:1083} INFO - Dependencies all met for <TaskInstance: group_dag.check_files scheduled__2025-05-28T00:00:00+00:00 [queued]>
[2025-05-29T00:01:02.763+0000] {taskinstance.py:1279} INFO - 
--------------------------------------------------------------------------------
[2025-05-29T00:01:02.763+0000] {taskinstance.py:1280} INFO - Starting attempt 1 of 1
[2025-05-29T00:01:02.763+0000] {taskinstance.py:1281} INFO - 
--------------------------------------------------------------------------------
[2025-05-29T00:01:02.768+0000] {taskinstance.py:1300} INFO - Executing <Task(BashOperator): check_files> on 2025-05-28 00:00:00+00:00
[2025-05-29T00:01:02.770+0000] {standard_task_runner.py:55} INFO - Started process 25000 to run task
[2025-05-29T00:01:02.771+0000] {standard_task_runner.py:82} INFO - Running: ['***', 'tasks', 'run', 'group_dag', 'check_files', 'scheduled__2025-05-28T00:00:00+00:00', '--job-id', '621', '--raw', '--subdir', 'DAGS_FOLDER/group_dags.py', '--cfg-path', '/tmp/tmpcy60g2df']
[2025-05-29T00:01:02.772+0000] {standard_task_runner.py:83} INFO - Job 621: Subtask check_files
[2025-05-29T00:01:02.795+0000] {task_command.py:388} INFO - Running <TaskInstance: group_dag.check_files scheduled__2025-05-28T00:00:00+00:00 [running]> on host 74c05f868d26
[2025-05-29T00:01:02.820+0000] {taskinstance.py:1509} INFO - Exporting the following env vars:
AIRFLOW_CTX_DAG_OWNER=***
AIRFLOW_CTX_DAG_ID=group_dag
AIRFLOW_CTX_TASK_ID=check_files
AIRFLOW_CTX_EXECUTION_DATE=2025-05-28T00:00:00+00:00
AIRFLOW_CTX_TRY_NUMBER=1
AIRFLOW_CTX_DAG_RUN_ID=scheduled__2025-05-28T00:00:00+00:00
[2025-05-29T00:01:02.820+0000] {subprocess.py:63} INFO - Tmp dir root location: 
 /tmp
[2025-05-29T00:01:02.821+0000] {subprocess.py:75} INFO - Running command: ['/bin/bash', '-c', 'sleep 10']
[2025-05-29T00:01:02.824+0000] {subprocess.py:86} INFO - Output:
[2025-05-29T00:01:12.827+0000] {subprocess.py:97} INFO - Command exited with return code 0
[2025-05-29T00:01:12.851+0000] {taskinstance.py:1323} INFO - Marking task as SUCCESS. dag_id=group_dag, task_id=check_files, execution_date=20250528T000000, start_date=20250529T000102, end_date=20250529T000112
[2025-05-29T00:01:12.875+0000] {local_task_job.py:208} INFO - Task exited with return code 0
[2025-05-29T00:01:12.887+0000] {taskinstance.py:2578} INFO - 3 downstream tasks scheduled from follow-on schedule check
