[2025-05-03T20:03:47.335+0000] {taskinstance.py:1083} INFO - Dependencies all met for <TaskInstance: user_processing.process_user manual__2025-05-03T20:03:42.331825+00:00 [queued]>
[2025-05-03T20:03:47.339+0000] {taskinstance.py:1083} INFO - Dependencies all met for <TaskInstance: user_processing.process_user manual__2025-05-03T20:03:42.331825+00:00 [queued]>
[2025-05-03T20:03:47.339+0000] {taskinstance.py:1279} INFO - 
--------------------------------------------------------------------------------
[2025-05-03T20:03:47.339+0000] {taskinstance.py:1280} INFO - Starting attempt 1 of 1
[2025-05-03T20:03:47.339+0000] {taskinstance.py:1281} INFO - 
--------------------------------------------------------------------------------
[2025-05-03T20:03:47.344+0000] {taskinstance.py:1300} INFO - Executing <Task(PythonOperator): process_user> on 2025-05-03 20:03:42.331825+00:00
[2025-05-03T20:03:47.347+0000] {standard_task_runner.py:55} INFO - Started process 14432 to run task
[2025-05-03T20:03:47.348+0000] {standard_task_runner.py:82} INFO - Running: ['***', 'tasks', 'run', 'user_processing', 'process_user', 'manual__2025-05-03T20:03:42.331825+00:00', '--job-id', '83', '--raw', '--subdir', 'DAGS_FOLDER/user_processing.py', '--cfg-path', '/tmp/tmpcm6apsvt']
[2025-05-03T20:03:47.348+0000] {standard_task_runner.py:83} INFO - Job 83: Subtask process_user
[2025-05-03T20:03:47.373+0000] {task_command.py:388} INFO - Running <TaskInstance: user_processing.process_user manual__2025-05-03T20:03:42.331825+00:00 [running]> on host b08efc87d46b
[2025-05-03T20:03:47.399+0000] {taskinstance.py:1509} INFO - Exporting the following env vars:
AIRFLOW_CTX_DAG_OWNER=***
AIRFLOW_CTX_DAG_ID=user_processing
AIRFLOW_CTX_TASK_ID=process_user
AIRFLOW_CTX_EXECUTION_DATE=2025-05-03T20:03:42.331825+00:00
AIRFLOW_CTX_TRY_NUMBER=1
AIRFLOW_CTX_DAG_RUN_ID=manual__2025-05-03T20:03:42.331825+00:00
[2025-05-03T20:03:47.407+0000] {python.py:177} INFO - Done. Returned value was: None
[2025-05-03T20:03:47.410+0000] {taskinstance.py:1323} INFO - Marking task as SUCCESS. dag_id=user_processing, task_id=process_user, execution_date=20250503T200342, start_date=20250503T200347, end_date=20250503T200347
[2025-05-03T20:03:47.445+0000] {local_task_job.py:208} INFO - Task exited with return code 0
[2025-05-03T20:03:47.457+0000] {taskinstance.py:2578} INFO - 1 downstream tasks scheduled from follow-on schedule check
