[2025-05-03T19:46:42.095+0000] {taskinstance.py:1083} INFO - Dependencies all met for <TaskInstance: user_processing.extract_user_data manual__2025-05-03T19:46:38.210953+00:00 [queued]>
[2025-05-03T19:46:42.099+0000] {taskinstance.py:1083} INFO - Dependencies all met for <TaskInstance: user_processing.extract_user_data manual__2025-05-03T19:46:38.210953+00:00 [queued]>
[2025-05-03T19:46:42.099+0000] {taskinstance.py:1279} INFO - 
--------------------------------------------------------------------------------
[2025-05-03T19:46:42.099+0000] {taskinstance.py:1280} INFO - Starting attempt 1 of 1
[2025-05-03T19:46:42.099+0000] {taskinstance.py:1281} INFO - 
--------------------------------------------------------------------------------
[2025-05-03T19:46:42.104+0000] {taskinstance.py:1300} INFO - Executing <Task(SimpleHttpOperator): extract_user_data> on 2025-05-03 19:46:38.210953+00:00
[2025-05-03T19:46:42.106+0000] {standard_task_runner.py:55} INFO - Started process 12882 to run task
[2025-05-03T19:46:42.108+0000] {standard_task_runner.py:82} INFO - Running: ['***', 'tasks', 'run', 'user_processing', 'extract_user_data', 'manual__2025-05-03T19:46:38.210953+00:00', '--job-id', '72', '--raw', '--subdir', 'DAGS_FOLDER/user_processing.py', '--cfg-path', '/tmp/tmpnckh6443']
[2025-05-03T19:46:42.109+0000] {standard_task_runner.py:83} INFO - Job 72: Subtask extract_user_data
[2025-05-03T19:46:42.131+0000] {task_command.py:388} INFO - Running <TaskInstance: user_processing.extract_user_data manual__2025-05-03T19:46:38.210953+00:00 [running]> on host b08efc87d46b
[2025-05-03T19:46:42.155+0000] {taskinstance.py:1509} INFO - Exporting the following env vars:
AIRFLOW_CTX_DAG_OWNER=***
AIRFLOW_CTX_DAG_ID=user_processing
AIRFLOW_CTX_TASK_ID=extract_user_data
AIRFLOW_CTX_EXECUTION_DATE=2025-05-03T19:46:38.210953+00:00
AIRFLOW_CTX_TRY_NUMBER=1
AIRFLOW_CTX_DAG_RUN_ID=manual__2025-05-03T19:46:38.210953+00:00
[2025-05-03T19:46:42.156+0000] {http.py:123} INFO - Calling HTTP method
[2025-05-03T19:46:42.159+0000] {base.py:73} INFO - Using connection ID 'user_api' for task execution.
[2025-05-03T19:46:42.691+0000] {warnings.py:110} WARNING - /home/***/.local/lib/python3.7/site-packages/urllib3/connectionpool.py:1052: InsecureRequestWarning: Unverified HTTPS request is being made to host 'randomuser.me'. Adding certificate verification is strongly advised. See: https://urllib3.readthedocs.io/en/1.26.x/advanced-usage.html#ssl-warnings
  InsecureRequestWarning,

[2025-05-03T19:46:43.005+0000] {http.py:127} INFO - {"results":[{"gender":"female","name":{"title":"Mrs","first":"Jennifer","last":"Fox"},"location":{"street":{"number":7223,"name":"Woodlawn Avenue"},"city":"Roscommon","state":"Donegal","country":"Ireland","postcode":71306,"coordinates":{"latitude":"-1.2483","longitude":"75.9813"},"timezone":{"offset":"+9:30","description":"Adelaide, Darwin"}},"email":"jennifer.fox@example.com","login":{"uuid":"74aebfc3-a01a-4a3c-921b-b4a7f780af5b","username":"sadpanda368","password":"asdf1234","salt":"afNOoV2j","md5":"ecf94b5e6cb9c24d958b808d8110066d","sha1":"d9c40fe6caf95282a228ae0469e2aa630dbc09bd","sha256":"960511b557515160ea6658f3dd6caa028257847ede31784290c96700201b23c9"},"dob":{"date":"1983-05-26T07:01:14.679Z","age":41},"registered":{"date":"2011-05-06T14:37:44.717Z","age":13},"phone":"041-506-9375","cell":"081-084-5795","id":{"name":"PPS","value":"9273758T"},"picture":{"large":"https://randomuser.me/api/portraits/women/96.jpg","medium":"https://randomuser.me/api/portraits/med/women/96.jpg","thumbnail":"https://randomuser.me/api/portraits/thumb/women/96.jpg"},"nat":"IE"}],"info":{"seed":"4b47c5403bcfa210","results":1,"page":1,"version":"1.4"}}
[2025-05-03T19:46:43.160+0000] {taskinstance.py:1323} INFO - Marking task as SUCCESS. dag_id=user_processing, task_id=extract_user_data, execution_date=20250503T194638, start_date=20250503T194642, end_date=20250503T194643
[2025-05-03T19:46:43.179+0000] {local_task_job.py:208} INFO - Task exited with return code 0
[2025-05-03T19:46:43.191+0000] {taskinstance.py:2578} INFO - 1 downstream tasks scheduled from follow-on schedule check
