[2025-04-29T04:38:06.638+0000] {processor.py:153} INFO - Started process (PID=69) to work on /home/airflow/.local/lib/python3.7/site-packages/airflow/example_dags/example_dag_decorator.py
[2025-04-29T04:38:06.639+0000] {processor.py:743} INFO - Processing file /home/airflow/.local/lib/python3.7/site-packages/airflow/example_dags/example_dag_decorator.py for tasks to queue
[2025-04-29T04:38:06.643+0000] {logging_mixin.py:137} INFO - [2025-04-29T04:38:06.643+0000] {dagbag.py:538} INFO - Filling up the DagBag from /home/airflow/.local/lib/python3.7/site-packages/airflow/example_dags/example_dag_decorator.py
[2025-04-29T04:38:06.670+0000] {logging_mixin.py:137} INFO - [2025-04-29T04:38:06.670+0000] {taskmixin.py:205} WARNING - Dependency <Task(_PythonDecoratedOperator): prepare_email>, send_email already registered for DAG: example_dag_decorator
[2025-04-29T04:38:06.671+0000] {logging_mixin.py:137} INFO - [2025-04-29T04:38:06.671+0000] {taskmixin.py:205} WARNING - Dependency <Task(EmailOperator): send_email>, prepare_email already registered for DAG: example_dag_decorator
[2025-04-29T04:38:06.684+0000] {processor.py:753} INFO - DAG(s) dict_keys(['example_dag_decorator']) retrieved from /home/airflow/.local/lib/python3.7/site-packages/airflow/example_dags/example_dag_decorator.py
[2025-04-29T04:38:06.710+0000] {logging_mixin.py:137} INFO - [2025-04-29T04:38:06.709+0000] {dag.py:2690} INFO - Sync 1 DAGs
[2025-04-29T04:38:06.780+0000] {logging_mixin.py:137} INFO - [2025-04-29T04:38:06.780+0000] {dag.py:3441} INFO - Setting next_dagrun for example_dag_decorator to None, run_after=None
[2025-04-29T04:38:06.831+0000] {processor.py:175} INFO - Processing /home/airflow/.local/lib/python3.7/site-packages/airflow/example_dags/example_dag_decorator.py took 0.198 seconds
[2025-04-29T04:38:37.281+0000] {processor.py:153} INFO - Started process (PID=168) to work on /home/airflow/.local/lib/python3.7/site-packages/airflow/example_dags/example_dag_decorator.py
[2025-04-29T04:38:37.284+0000] {processor.py:743} INFO - Processing file /home/airflow/.local/lib/python3.7/site-packages/airflow/example_dags/example_dag_decorator.py for tasks to queue
[2025-04-29T04:38:37.284+0000] {logging_mixin.py:137} INFO - [2025-04-29T04:38:37.284+0000] {dagbag.py:538} INFO - Filling up the DagBag from /home/airflow/.local/lib/python3.7/site-packages/airflow/example_dags/example_dag_decorator.py
[2025-04-29T04:38:37.294+0000] {logging_mixin.py:137} INFO - [2025-04-29T04:38:37.294+0000] {taskmixin.py:205} WARNING - Dependency <Task(_PythonDecoratedOperator): prepare_email>, send_email already registered for DAG: example_dag_decorator
[2025-04-29T04:38:37.295+0000] {logging_mixin.py:137} INFO - [2025-04-29T04:38:37.295+0000] {taskmixin.py:205} WARNING - Dependency <Task(EmailOperator): send_email>, prepare_email already registered for DAG: example_dag_decorator
[2025-04-29T04:38:37.302+0000] {processor.py:753} INFO - DAG(s) dict_keys(['example_dag_decorator']) retrieved from /home/airflow/.local/lib/python3.7/site-packages/airflow/example_dags/example_dag_decorator.py
[2025-04-29T04:38:37.345+0000] {logging_mixin.py:137} INFO - [2025-04-29T04:38:37.345+0000] {dag.py:2690} INFO - Sync 1 DAGs
[2025-04-29T04:38:37.358+0000] {logging_mixin.py:137} INFO - [2025-04-29T04:38:37.358+0000] {dag.py:3441} INFO - Setting next_dagrun for example_dag_decorator to None, run_after=None
[2025-04-29T04:38:37.376+0000] {processor.py:175} INFO - Processing /home/airflow/.local/lib/python3.7/site-packages/airflow/example_dags/example_dag_decorator.py took 0.096 seconds
[2025-04-29T04:39:07.909+0000] {processor.py:153} INFO - Started process (PID=266) to work on /home/airflow/.local/lib/python3.7/site-packages/airflow/example_dags/example_dag_decorator.py
[2025-04-29T04:39:07.909+0000] {processor.py:743} INFO - Processing file /home/airflow/.local/lib/python3.7/site-packages/airflow/example_dags/example_dag_decorator.py for tasks to queue
[2025-04-29T04:39:07.910+0000] {logging_mixin.py:137} INFO - [2025-04-29T04:39:07.910+0000] {dagbag.py:538} INFO - Filling up the DagBag from /home/airflow/.local/lib/python3.7/site-packages/airflow/example_dags/example_dag_decorator.py
[2025-04-29T04:39:07.918+0000] {logging_mixin.py:137} INFO - [2025-04-29T04:39:07.917+0000] {taskmixin.py:205} WARNING - Dependency <Task(_PythonDecoratedOperator): prepare_email>, send_email already registered for DAG: example_dag_decorator
[2025-04-29T04:39:07.918+0000] {logging_mixin.py:137} INFO - [2025-04-29T04:39:07.918+0000] {taskmixin.py:205} WARNING - Dependency <Task(EmailOperator): send_email>, prepare_email already registered for DAG: example_dag_decorator
[2025-04-29T04:39:07.922+0000] {processor.py:753} INFO - DAG(s) dict_keys(['example_dag_decorator']) retrieved from /home/airflow/.local/lib/python3.7/site-packages/airflow/example_dags/example_dag_decorator.py
[2025-04-29T04:39:07.961+0000] {logging_mixin.py:137} INFO - [2025-04-29T04:39:07.961+0000] {dag.py:2690} INFO - Sync 1 DAGs
[2025-04-29T04:39:07.972+0000] {logging_mixin.py:137} INFO - [2025-04-29T04:39:07.972+0000] {dag.py:3441} INFO - Setting next_dagrun for example_dag_decorator to None, run_after=None
[2025-04-29T04:39:07.984+0000] {processor.py:175} INFO - Processing /home/airflow/.local/lib/python3.7/site-packages/airflow/example_dags/example_dag_decorator.py took 0.076 seconds
[2025-04-29T04:39:38.594+0000] {processor.py:153} INFO - Started process (PID=358) to work on /home/airflow/.local/lib/python3.7/site-packages/airflow/example_dags/example_dag_decorator.py
[2025-04-29T04:39:38.595+0000] {processor.py:743} INFO - Processing file /home/airflow/.local/lib/python3.7/site-packages/airflow/example_dags/example_dag_decorator.py for tasks to queue
[2025-04-29T04:39:38.595+0000] {logging_mixin.py:137} INFO - [2025-04-29T04:39:38.595+0000] {dagbag.py:538} INFO - Filling up the DagBag from /home/airflow/.local/lib/python3.7/site-packages/airflow/example_dags/example_dag_decorator.py
[2025-04-29T04:39:38.602+0000] {logging_mixin.py:137} INFO - [2025-04-29T04:39:38.602+0000] {taskmixin.py:205} WARNING - Dependency <Task(_PythonDecoratedOperator): prepare_email>, send_email already registered for DAG: example_dag_decorator
[2025-04-29T04:39:38.602+0000] {logging_mixin.py:137} INFO - [2025-04-29T04:39:38.602+0000] {taskmixin.py:205} WARNING - Dependency <Task(EmailOperator): send_email>, prepare_email already registered for DAG: example_dag_decorator
[2025-04-29T04:39:38.609+0000] {processor.py:753} INFO - DAG(s) dict_keys(['example_dag_decorator']) retrieved from /home/airflow/.local/lib/python3.7/site-packages/airflow/example_dags/example_dag_decorator.py
[2025-04-29T04:39:38.645+0000] {logging_mixin.py:137} INFO - [2025-04-29T04:39:38.645+0000] {dag.py:2690} INFO - Sync 1 DAGs
[2025-04-29T04:39:38.656+0000] {logging_mixin.py:137} INFO - [2025-04-29T04:39:38.656+0000] {dag.py:3441} INFO - Setting next_dagrun for example_dag_decorator to None, run_after=None
[2025-04-29T04:39:38.667+0000] {processor.py:175} INFO - Processing /home/airflow/.local/lib/python3.7/site-packages/airflow/example_dags/example_dag_decorator.py took 0.074 seconds
[2025-04-29T04:40:09.322+0000] {processor.py:153} INFO - Started process (PID=449) to work on /home/airflow/.local/lib/python3.7/site-packages/airflow/example_dags/example_dag_decorator.py
[2025-04-29T04:40:09.322+0000] {processor.py:743} INFO - Processing file /home/airflow/.local/lib/python3.7/site-packages/airflow/example_dags/example_dag_decorator.py for tasks to queue
[2025-04-29T04:40:09.322+0000] {logging_mixin.py:137} INFO - [2025-04-29T04:40:09.322+0000] {dagbag.py:538} INFO - Filling up the DagBag from /home/airflow/.local/lib/python3.7/site-packages/airflow/example_dags/example_dag_decorator.py
[2025-04-29T04:40:09.329+0000] {logging_mixin.py:137} INFO - [2025-04-29T04:40:09.329+0000] {taskmixin.py:205} WARNING - Dependency <Task(_PythonDecoratedOperator): prepare_email>, send_email already registered for DAG: example_dag_decorator
[2025-04-29T04:40:09.333+0000] {logging_mixin.py:137} INFO - [2025-04-29T04:40:09.333+0000] {taskmixin.py:205} WARNING - Dependency <Task(EmailOperator): send_email>, prepare_email already registered for DAG: example_dag_decorator
[2025-04-29T04:40:09.339+0000] {processor.py:753} INFO - DAG(s) dict_keys(['example_dag_decorator']) retrieved from /home/airflow/.local/lib/python3.7/site-packages/airflow/example_dags/example_dag_decorator.py
[2025-04-29T04:40:09.375+0000] {logging_mixin.py:137} INFO - [2025-04-29T04:40:09.375+0000] {dag.py:2690} INFO - Sync 1 DAGs
[2025-04-29T04:40:09.385+0000] {logging_mixin.py:137} INFO - [2025-04-29T04:40:09.385+0000] {dag.py:3441} INFO - Setting next_dagrun for example_dag_decorator to None, run_after=None
[2025-04-29T04:40:09.398+0000] {processor.py:175} INFO - Processing /home/airflow/.local/lib/python3.7/site-packages/airflow/example_dags/example_dag_decorator.py took 0.078 seconds
[2025-04-29T04:40:39.946+0000] {processor.py:153} INFO - Started process (PID=525) to work on /home/airflow/.local/lib/python3.7/site-packages/airflow/example_dags/example_dag_decorator.py
[2025-04-29T04:40:39.948+0000] {processor.py:743} INFO - Processing file /home/airflow/.local/lib/python3.7/site-packages/airflow/example_dags/example_dag_decorator.py for tasks to queue
[2025-04-29T04:40:39.949+0000] {logging_mixin.py:137} INFO - [2025-04-29T04:40:39.949+0000] {dagbag.py:538} INFO - Filling up the DagBag from /home/airflow/.local/lib/python3.7/site-packages/airflow/example_dags/example_dag_decorator.py
[2025-04-29T04:40:39.956+0000] {logging_mixin.py:137} INFO - [2025-04-29T04:40:39.956+0000] {taskmixin.py:205} WARNING - Dependency <Task(_PythonDecoratedOperator): prepare_email>, send_email already registered for DAG: example_dag_decorator
[2025-04-29T04:40:39.957+0000] {logging_mixin.py:137} INFO - [2025-04-29T04:40:39.957+0000] {taskmixin.py:205} WARNING - Dependency <Task(EmailOperator): send_email>, prepare_email already registered for DAG: example_dag_decorator
[2025-04-29T04:40:39.964+0000] {processor.py:753} INFO - DAG(s) dict_keys(['example_dag_decorator']) retrieved from /home/airflow/.local/lib/python3.7/site-packages/airflow/example_dags/example_dag_decorator.py
[2025-04-29T04:40:40.000+0000] {logging_mixin.py:137} INFO - [2025-04-29T04:40:40.000+0000] {dag.py:2690} INFO - Sync 1 DAGs
[2025-04-29T04:40:40.013+0000] {logging_mixin.py:137} INFO - [2025-04-29T04:40:40.013+0000] {dag.py:3441} INFO - Setting next_dagrun for example_dag_decorator to None, run_after=None
[2025-04-29T04:40:40.024+0000] {processor.py:175} INFO - Processing /home/airflow/.local/lib/python3.7/site-packages/airflow/example_dags/example_dag_decorator.py took 0.080 seconds
[2025-04-29T04:41:10.714+0000] {processor.py:153} INFO - Started process (PID=617) to work on /home/airflow/.local/lib/python3.7/site-packages/airflow/example_dags/example_dag_decorator.py
[2025-04-29T04:41:10.715+0000] {processor.py:743} INFO - Processing file /home/airflow/.local/lib/python3.7/site-packages/airflow/example_dags/example_dag_decorator.py for tasks to queue
[2025-04-29T04:41:10.715+0000] {logging_mixin.py:137} INFO - [2025-04-29T04:41:10.715+0000] {dagbag.py:538} INFO - Filling up the DagBag from /home/airflow/.local/lib/python3.7/site-packages/airflow/example_dags/example_dag_decorator.py
[2025-04-29T04:41:10.723+0000] {logging_mixin.py:137} INFO - [2025-04-29T04:41:10.723+0000] {taskmixin.py:205} WARNING - Dependency <Task(_PythonDecoratedOperator): prepare_email>, send_email already registered for DAG: example_dag_decorator
[2025-04-29T04:41:10.726+0000] {logging_mixin.py:137} INFO - [2025-04-29T04:41:10.726+0000] {taskmixin.py:205} WARNING - Dependency <Task(EmailOperator): send_email>, prepare_email already registered for DAG: example_dag_decorator
[2025-04-29T04:41:10.733+0000] {processor.py:753} INFO - DAG(s) dict_keys(['example_dag_decorator']) retrieved from /home/airflow/.local/lib/python3.7/site-packages/airflow/example_dags/example_dag_decorator.py
[2025-04-29T04:41:10.768+0000] {logging_mixin.py:137} INFO - [2025-04-29T04:41:10.768+0000] {dag.py:2690} INFO - Sync 1 DAGs
[2025-04-29T04:41:10.780+0000] {logging_mixin.py:137} INFO - [2025-04-29T04:41:10.780+0000] {dag.py:3441} INFO - Setting next_dagrun for example_dag_decorator to None, run_after=None
[2025-04-29T04:41:10.791+0000] {processor.py:175} INFO - Processing /home/airflow/.local/lib/python3.7/site-packages/airflow/example_dags/example_dag_decorator.py took 0.078 seconds
[2025-04-29T04:41:41.431+0000] {processor.py:153} INFO - Started process (PID=709) to work on /home/airflow/.local/lib/python3.7/site-packages/airflow/example_dags/example_dag_decorator.py
[2025-04-29T04:41:41.431+0000] {processor.py:743} INFO - Processing file /home/airflow/.local/lib/python3.7/site-packages/airflow/example_dags/example_dag_decorator.py for tasks to queue
[2025-04-29T04:41:41.431+0000] {logging_mixin.py:137} INFO - [2025-04-29T04:41:41.431+0000] {dagbag.py:538} INFO - Filling up the DagBag from /home/airflow/.local/lib/python3.7/site-packages/airflow/example_dags/example_dag_decorator.py
[2025-04-29T04:41:41.438+0000] {logging_mixin.py:137} INFO - [2025-04-29T04:41:41.438+0000] {taskmixin.py:205} WARNING - Dependency <Task(_PythonDecoratedOperator): prepare_email>, send_email already registered for DAG: example_dag_decorator
[2025-04-29T04:41:41.443+0000] {logging_mixin.py:137} INFO - [2025-04-29T04:41:41.443+0000] {taskmixin.py:205} WARNING - Dependency <Task(EmailOperator): send_email>, prepare_email already registered for DAG: example_dag_decorator
[2025-04-29T04:41:41.447+0000] {processor.py:753} INFO - DAG(s) dict_keys(['example_dag_decorator']) retrieved from /home/airflow/.local/lib/python3.7/site-packages/airflow/example_dags/example_dag_decorator.py
[2025-04-29T04:41:41.479+0000] {logging_mixin.py:137} INFO - [2025-04-29T04:41:41.479+0000] {dag.py:2690} INFO - Sync 1 DAGs
[2025-04-29T04:41:41.492+0000] {logging_mixin.py:137} INFO - [2025-04-29T04:41:41.492+0000] {dag.py:3441} INFO - Setting next_dagrun for example_dag_decorator to None, run_after=None
[2025-04-29T04:41:41.503+0000] {processor.py:175} INFO - Processing /home/airflow/.local/lib/python3.7/site-packages/airflow/example_dags/example_dag_decorator.py took 0.073 seconds
[2025-04-29T04:42:12.055+0000] {processor.py:153} INFO - Started process (PID=801) to work on /home/airflow/.local/lib/python3.7/site-packages/airflow/example_dags/example_dag_decorator.py
[2025-04-29T04:42:12.056+0000] {processor.py:743} INFO - Processing file /home/airflow/.local/lib/python3.7/site-packages/airflow/example_dags/example_dag_decorator.py for tasks to queue
[2025-04-29T04:42:12.058+0000] {logging_mixin.py:137} INFO - [2025-04-29T04:42:12.058+0000] {dagbag.py:538} INFO - Filling up the DagBag from /home/airflow/.local/lib/python3.7/site-packages/airflow/example_dags/example_dag_decorator.py
[2025-04-29T04:42:12.064+0000] {logging_mixin.py:137} INFO - [2025-04-29T04:42:12.064+0000] {taskmixin.py:205} WARNING - Dependency <Task(_PythonDecoratedOperator): prepare_email>, send_email already registered for DAG: example_dag_decorator
[2025-04-29T04:42:12.064+0000] {logging_mixin.py:137} INFO - [2025-04-29T04:42:12.064+0000] {taskmixin.py:205} WARNING - Dependency <Task(EmailOperator): send_email>, prepare_email already registered for DAG: example_dag_decorator
[2025-04-29T04:42:12.069+0000] {processor.py:753} INFO - DAG(s) dict_keys(['example_dag_decorator']) retrieved from /home/airflow/.local/lib/python3.7/site-packages/airflow/example_dags/example_dag_decorator.py
[2025-04-29T04:42:12.099+0000] {logging_mixin.py:137} INFO - [2025-04-29T04:42:12.099+0000] {dag.py:2690} INFO - Sync 1 DAGs
[2025-04-29T04:42:12.113+0000] {logging_mixin.py:137} INFO - [2025-04-29T04:42:12.113+0000] {dag.py:3441} INFO - Setting next_dagrun for example_dag_decorator to None, run_after=None
[2025-04-29T04:42:12.128+0000] {processor.py:175} INFO - Processing /home/airflow/.local/lib/python3.7/site-packages/airflow/example_dags/example_dag_decorator.py took 0.074 seconds
[2025-04-29T04:42:42.365+0000] {processor.py:153} INFO - Started process (PID=893) to work on /home/airflow/.local/lib/python3.7/site-packages/airflow/example_dags/example_dag_decorator.py
[2025-04-29T04:42:42.369+0000] {processor.py:743} INFO - Processing file /home/airflow/.local/lib/python3.7/site-packages/airflow/example_dags/example_dag_decorator.py for tasks to queue
[2025-04-29T04:42:42.372+0000] {logging_mixin.py:137} INFO - [2025-04-29T04:42:42.371+0000] {dagbag.py:538} INFO - Filling up the DagBag from /home/airflow/.local/lib/python3.7/site-packages/airflow/example_dags/example_dag_decorator.py
[2025-04-29T04:42:42.383+0000] {logging_mixin.py:137} INFO - [2025-04-29T04:42:42.383+0000] {taskmixin.py:205} WARNING - Dependency <Task(_PythonDecoratedOperator): prepare_email>, send_email already registered for DAG: example_dag_decorator
[2025-04-29T04:42:42.384+0000] {logging_mixin.py:137} INFO - [2025-04-29T04:42:42.384+0000] {taskmixin.py:205} WARNING - Dependency <Task(EmailOperator): send_email>, prepare_email already registered for DAG: example_dag_decorator
[2025-04-29T04:42:42.390+0000] {processor.py:753} INFO - DAG(s) dict_keys(['example_dag_decorator']) retrieved from /home/airflow/.local/lib/python3.7/site-packages/airflow/example_dags/example_dag_decorator.py
[2025-04-29T04:42:42.455+0000] {logging_mixin.py:137} INFO - [2025-04-29T04:42:42.455+0000] {dag.py:2690} INFO - Sync 1 DAGs
[2025-04-29T04:42:42.486+0000] {logging_mixin.py:137} INFO - [2025-04-29T04:42:42.485+0000] {dag.py:3441} INFO - Setting next_dagrun for example_dag_decorator to None, run_after=None
[2025-04-29T04:42:42.510+0000] {processor.py:175} INFO - Processing /home/airflow/.local/lib/python3.7/site-packages/airflow/example_dags/example_dag_decorator.py took 0.153 seconds
[2025-04-29T04:43:13.194+0000] {processor.py:153} INFO - Started process (PID=969) to work on /home/airflow/.local/lib/python3.7/site-packages/airflow/example_dags/example_dag_decorator.py
[2025-04-29T04:43:13.195+0000] {processor.py:743} INFO - Processing file /home/airflow/.local/lib/python3.7/site-packages/airflow/example_dags/example_dag_decorator.py for tasks to queue
[2025-04-29T04:43:13.196+0000] {logging_mixin.py:137} INFO - [2025-04-29T04:43:13.196+0000] {dagbag.py:538} INFO - Filling up the DagBag from /home/airflow/.local/lib/python3.7/site-packages/airflow/example_dags/example_dag_decorator.py
[2025-04-29T04:43:13.206+0000] {logging_mixin.py:137} INFO - [2025-04-29T04:43:13.206+0000] {taskmixin.py:205} WARNING - Dependency <Task(_PythonDecoratedOperator): prepare_email>, send_email already registered for DAG: example_dag_decorator
[2025-04-29T04:43:13.206+0000] {logging_mixin.py:137} INFO - [2025-04-29T04:43:13.206+0000] {taskmixin.py:205} WARNING - Dependency <Task(EmailOperator): send_email>, prepare_email already registered for DAG: example_dag_decorator
[2025-04-29T04:43:13.213+0000] {processor.py:753} INFO - DAG(s) dict_keys(['example_dag_decorator']) retrieved from /home/airflow/.local/lib/python3.7/site-packages/airflow/example_dags/example_dag_decorator.py
[2025-04-29T04:43:13.247+0000] {logging_mixin.py:137} INFO - [2025-04-29T04:43:13.247+0000] {dag.py:2690} INFO - Sync 1 DAGs
[2025-04-29T04:43:13.261+0000] {logging_mixin.py:137} INFO - [2025-04-29T04:43:13.261+0000] {dag.py:3441} INFO - Setting next_dagrun for example_dag_decorator to None, run_after=None
[2025-04-29T04:43:13.274+0000] {processor.py:175} INFO - Processing /home/airflow/.local/lib/python3.7/site-packages/airflow/example_dags/example_dag_decorator.py took 0.081 seconds
[2025-04-29T04:43:43.894+0000] {processor.py:153} INFO - Started process (PID=1061) to work on /home/airflow/.local/lib/python3.7/site-packages/airflow/example_dags/example_dag_decorator.py
[2025-04-29T04:43:43.895+0000] {processor.py:743} INFO - Processing file /home/airflow/.local/lib/python3.7/site-packages/airflow/example_dags/example_dag_decorator.py for tasks to queue
[2025-04-29T04:43:43.895+0000] {logging_mixin.py:137} INFO - [2025-04-29T04:43:43.895+0000] {dagbag.py:538} INFO - Filling up the DagBag from /home/airflow/.local/lib/python3.7/site-packages/airflow/example_dags/example_dag_decorator.py
[2025-04-29T04:43:43.901+0000] {logging_mixin.py:137} INFO - [2025-04-29T04:43:43.901+0000] {taskmixin.py:205} WARNING - Dependency <Task(_PythonDecoratedOperator): prepare_email>, send_email already registered for DAG: example_dag_decorator
[2025-04-29T04:43:43.901+0000] {logging_mixin.py:137} INFO - [2025-04-29T04:43:43.901+0000] {taskmixin.py:205} WARNING - Dependency <Task(EmailOperator): send_email>, prepare_email already registered for DAG: example_dag_decorator
[2025-04-29T04:43:43.906+0000] {processor.py:753} INFO - DAG(s) dict_keys(['example_dag_decorator']) retrieved from /home/airflow/.local/lib/python3.7/site-packages/airflow/example_dags/example_dag_decorator.py
[2025-04-29T04:43:43.942+0000] {logging_mixin.py:137} INFO - [2025-04-29T04:43:43.941+0000] {dag.py:2690} INFO - Sync 1 DAGs
[2025-04-29T04:43:43.950+0000] {logging_mixin.py:137} INFO - [2025-04-29T04:43:43.950+0000] {dag.py:3441} INFO - Setting next_dagrun for example_dag_decorator to None, run_after=None
[2025-04-29T04:43:43.963+0000] {processor.py:175} INFO - Processing /home/airflow/.local/lib/python3.7/site-packages/airflow/example_dags/example_dag_decorator.py took 0.071 seconds
[2025-04-29T04:44:14.551+0000] {processor.py:153} INFO - Started process (PID=1153) to work on /home/airflow/.local/lib/python3.7/site-packages/airflow/example_dags/example_dag_decorator.py
[2025-04-29T04:44:14.552+0000] {processor.py:743} INFO - Processing file /home/airflow/.local/lib/python3.7/site-packages/airflow/example_dags/example_dag_decorator.py for tasks to queue
[2025-04-29T04:44:14.552+0000] {logging_mixin.py:137} INFO - [2025-04-29T04:44:14.552+0000] {dagbag.py:538} INFO - Filling up the DagBag from /home/airflow/.local/lib/python3.7/site-packages/airflow/example_dags/example_dag_decorator.py
[2025-04-29T04:44:14.560+0000] {logging_mixin.py:137} INFO - [2025-04-29T04:44:14.560+0000] {taskmixin.py:205} WARNING - Dependency <Task(_PythonDecoratedOperator): prepare_email>, send_email already registered for DAG: example_dag_decorator
[2025-04-29T04:44:14.560+0000] {logging_mixin.py:137} INFO - [2025-04-29T04:44:14.560+0000] {taskmixin.py:205} WARNING - Dependency <Task(EmailOperator): send_email>, prepare_email already registered for DAG: example_dag_decorator
[2025-04-29T04:44:14.565+0000] {processor.py:753} INFO - DAG(s) dict_keys(['example_dag_decorator']) retrieved from /home/airflow/.local/lib/python3.7/site-packages/airflow/example_dags/example_dag_decorator.py
[2025-04-29T04:44:14.602+0000] {logging_mixin.py:137} INFO - [2025-04-29T04:44:14.602+0000] {dag.py:2690} INFO - Sync 1 DAGs
[2025-04-29T04:44:14.612+0000] {logging_mixin.py:137} INFO - [2025-04-29T04:44:14.612+0000] {dag.py:3441} INFO - Setting next_dagrun for example_dag_decorator to None, run_after=None
[2025-04-29T04:44:14.623+0000] {processor.py:175} INFO - Processing /home/airflow/.local/lib/python3.7/site-packages/airflow/example_dags/example_dag_decorator.py took 0.073 seconds
[2025-04-29T04:44:45.188+0000] {processor.py:153} INFO - Started process (PID=1245) to work on /home/airflow/.local/lib/python3.7/site-packages/airflow/example_dags/example_dag_decorator.py
[2025-04-29T04:44:45.189+0000] {processor.py:743} INFO - Processing file /home/airflow/.local/lib/python3.7/site-packages/airflow/example_dags/example_dag_decorator.py for tasks to queue
[2025-04-29T04:44:45.190+0000] {logging_mixin.py:137} INFO - [2025-04-29T04:44:45.190+0000] {dagbag.py:538} INFO - Filling up the DagBag from /home/airflow/.local/lib/python3.7/site-packages/airflow/example_dags/example_dag_decorator.py
[2025-04-29T04:44:45.197+0000] {logging_mixin.py:137} INFO - [2025-04-29T04:44:45.197+0000] {taskmixin.py:205} WARNING - Dependency <Task(_PythonDecoratedOperator): prepare_email>, send_email already registered for DAG: example_dag_decorator
[2025-04-29T04:44:45.197+0000] {logging_mixin.py:137} INFO - [2025-04-29T04:44:45.197+0000] {taskmixin.py:205} WARNING - Dependency <Task(EmailOperator): send_email>, prepare_email already registered for DAG: example_dag_decorator
[2025-04-29T04:44:45.203+0000] {processor.py:753} INFO - DAG(s) dict_keys(['example_dag_decorator']) retrieved from /home/airflow/.local/lib/python3.7/site-packages/airflow/example_dags/example_dag_decorator.py
[2025-04-29T04:44:45.230+0000] {logging_mixin.py:137} INFO - [2025-04-29T04:44:45.230+0000] {dag.py:2690} INFO - Sync 1 DAGs
[2025-04-29T04:44:45.239+0000] {logging_mixin.py:137} INFO - [2025-04-29T04:44:45.239+0000] {dag.py:3441} INFO - Setting next_dagrun for example_dag_decorator to None, run_after=None
[2025-04-29T04:44:45.256+0000] {processor.py:175} INFO - Processing /home/airflow/.local/lib/python3.7/site-packages/airflow/example_dags/example_dag_decorator.py took 0.070 seconds
[2025-04-29T04:45:15.743+0000] {processor.py:153} INFO - Started process (PID=1336) to work on /home/airflow/.local/lib/python3.7/site-packages/airflow/example_dags/example_dag_decorator.py
[2025-04-29T04:45:15.743+0000] {processor.py:743} INFO - Processing file /home/airflow/.local/lib/python3.7/site-packages/airflow/example_dags/example_dag_decorator.py for tasks to queue
[2025-04-29T04:45:15.744+0000] {logging_mixin.py:137} INFO - [2025-04-29T04:45:15.744+0000] {dagbag.py:538} INFO - Filling up the DagBag from /home/airflow/.local/lib/python3.7/site-packages/airflow/example_dags/example_dag_decorator.py
[2025-04-29T04:45:15.755+0000] {logging_mixin.py:137} INFO - [2025-04-29T04:45:15.755+0000] {taskmixin.py:205} WARNING - Dependency <Task(_PythonDecoratedOperator): prepare_email>, send_email already registered for DAG: example_dag_decorator
[2025-04-29T04:45:15.755+0000] {logging_mixin.py:137} INFO - [2025-04-29T04:45:15.755+0000] {taskmixin.py:205} WARNING - Dependency <Task(EmailOperator): send_email>, prepare_email already registered for DAG: example_dag_decorator
[2025-04-29T04:45:15.760+0000] {processor.py:753} INFO - DAG(s) dict_keys(['example_dag_decorator']) retrieved from /home/airflow/.local/lib/python3.7/site-packages/airflow/example_dags/example_dag_decorator.py
[2025-04-29T04:45:15.789+0000] {logging_mixin.py:137} INFO - [2025-04-29T04:45:15.789+0000] {dag.py:2690} INFO - Sync 1 DAGs
[2025-04-29T04:45:15.799+0000] {logging_mixin.py:137} INFO - [2025-04-29T04:45:15.799+0000] {dag.py:3441} INFO - Setting next_dagrun for example_dag_decorator to None, run_after=None
[2025-04-29T04:45:15.810+0000] {processor.py:175} INFO - Processing /home/airflow/.local/lib/python3.7/site-packages/airflow/example_dags/example_dag_decorator.py took 0.068 seconds
[2025-04-29T04:45:46.267+0000] {processor.py:153} INFO - Started process (PID=1412) to work on /home/airflow/.local/lib/python3.7/site-packages/airflow/example_dags/example_dag_decorator.py
[2025-04-29T04:45:46.268+0000] {processor.py:743} INFO - Processing file /home/airflow/.local/lib/python3.7/site-packages/airflow/example_dags/example_dag_decorator.py for tasks to queue
[2025-04-29T04:45:46.269+0000] {logging_mixin.py:137} INFO - [2025-04-29T04:45:46.269+0000] {dagbag.py:538} INFO - Filling up the DagBag from /home/airflow/.local/lib/python3.7/site-packages/airflow/example_dags/example_dag_decorator.py
[2025-04-29T04:45:46.278+0000] {logging_mixin.py:137} INFO - [2025-04-29T04:45:46.278+0000] {taskmixin.py:205} WARNING - Dependency <Task(_PythonDecoratedOperator): prepare_email>, send_email already registered for DAG: example_dag_decorator
[2025-04-29T04:45:46.278+0000] {logging_mixin.py:137} INFO - [2025-04-29T04:45:46.278+0000] {taskmixin.py:205} WARNING - Dependency <Task(EmailOperator): send_email>, prepare_email already registered for DAG: example_dag_decorator
[2025-04-29T04:45:46.284+0000] {processor.py:753} INFO - DAG(s) dict_keys(['example_dag_decorator']) retrieved from /home/airflow/.local/lib/python3.7/site-packages/airflow/example_dags/example_dag_decorator.py
[2025-04-29T04:45:46.317+0000] {logging_mixin.py:137} INFO - [2025-04-29T04:45:46.317+0000] {dag.py:2690} INFO - Sync 1 DAGs
[2025-04-29T04:45:46.330+0000] {logging_mixin.py:137} INFO - [2025-04-29T04:45:46.330+0000] {dag.py:3441} INFO - Setting next_dagrun for example_dag_decorator to None, run_after=None
[2025-04-29T04:45:46.343+0000] {processor.py:175} INFO - Processing /home/airflow/.local/lib/python3.7/site-packages/airflow/example_dags/example_dag_decorator.py took 0.078 seconds
[2025-04-29T04:46:17.067+0000] {processor.py:153} INFO - Started process (PID=1504) to work on /home/airflow/.local/lib/python3.7/site-packages/airflow/example_dags/example_dag_decorator.py
[2025-04-29T04:46:17.068+0000] {processor.py:743} INFO - Processing file /home/airflow/.local/lib/python3.7/site-packages/airflow/example_dags/example_dag_decorator.py for tasks to queue
[2025-04-29T04:46:17.068+0000] {logging_mixin.py:137} INFO - [2025-04-29T04:46:17.068+0000] {dagbag.py:538} INFO - Filling up the DagBag from /home/airflow/.local/lib/python3.7/site-packages/airflow/example_dags/example_dag_decorator.py
[2025-04-29T04:46:17.076+0000] {logging_mixin.py:137} INFO - [2025-04-29T04:46:17.076+0000] {taskmixin.py:205} WARNING - Dependency <Task(_PythonDecoratedOperator): prepare_email>, send_email already registered for DAG: example_dag_decorator
[2025-04-29T04:46:17.076+0000] {logging_mixin.py:137} INFO - [2025-04-29T04:46:17.076+0000] {taskmixin.py:205} WARNING - Dependency <Task(EmailOperator): send_email>, prepare_email already registered for DAG: example_dag_decorator
[2025-04-29T04:46:17.082+0000] {processor.py:753} INFO - DAG(s) dict_keys(['example_dag_decorator']) retrieved from /home/airflow/.local/lib/python3.7/site-packages/airflow/example_dags/example_dag_decorator.py
[2025-04-29T04:46:17.117+0000] {logging_mixin.py:137} INFO - [2025-04-29T04:46:17.117+0000] {dag.py:2690} INFO - Sync 1 DAGs
[2025-04-29T04:46:17.128+0000] {logging_mixin.py:137} INFO - [2025-04-29T04:46:17.128+0000] {dag.py:3441} INFO - Setting next_dagrun for example_dag_decorator to None, run_after=None
[2025-04-29T04:46:17.149+0000] {processor.py:175} INFO - Processing /home/airflow/.local/lib/python3.7/site-packages/airflow/example_dags/example_dag_decorator.py took 0.083 seconds
[2025-04-29T04:46:47.662+0000] {processor.py:153} INFO - Started process (PID=1596) to work on /home/airflow/.local/lib/python3.7/site-packages/airflow/example_dags/example_dag_decorator.py
[2025-04-29T04:46:47.663+0000] {processor.py:743} INFO - Processing file /home/airflow/.local/lib/python3.7/site-packages/airflow/example_dags/example_dag_decorator.py for tasks to queue
[2025-04-29T04:46:47.664+0000] {logging_mixin.py:137} INFO - [2025-04-29T04:46:47.664+0000] {dagbag.py:538} INFO - Filling up the DagBag from /home/airflow/.local/lib/python3.7/site-packages/airflow/example_dags/example_dag_decorator.py
[2025-04-29T04:46:47.671+0000] {logging_mixin.py:137} INFO - [2025-04-29T04:46:47.671+0000] {taskmixin.py:205} WARNING - Dependency <Task(_PythonDecoratedOperator): prepare_email>, send_email already registered for DAG: example_dag_decorator
[2025-04-29T04:46:47.671+0000] {logging_mixin.py:137} INFO - [2025-04-29T04:46:47.671+0000] {taskmixin.py:205} WARNING - Dependency <Task(EmailOperator): send_email>, prepare_email already registered for DAG: example_dag_decorator
[2025-04-29T04:46:47.676+0000] {processor.py:753} INFO - DAG(s) dict_keys(['example_dag_decorator']) retrieved from /home/airflow/.local/lib/python3.7/site-packages/airflow/example_dags/example_dag_decorator.py
[2025-04-29T04:46:47.703+0000] {logging_mixin.py:137} INFO - [2025-04-29T04:46:47.703+0000] {dag.py:2690} INFO - Sync 1 DAGs
[2025-04-29T04:46:47.713+0000] {logging_mixin.py:137} INFO - [2025-04-29T04:46:47.713+0000] {dag.py:3441} INFO - Setting next_dagrun for example_dag_decorator to None, run_after=None
[2025-04-29T04:46:47.726+0000] {processor.py:175} INFO - Processing /home/airflow/.local/lib/python3.7/site-packages/airflow/example_dags/example_dag_decorator.py took 0.065 seconds
[2025-04-29T04:47:18.138+0000] {processor.py:153} INFO - Started process (PID=1688) to work on /home/airflow/.local/lib/python3.7/site-packages/airflow/example_dags/example_dag_decorator.py
[2025-04-29T04:47:18.140+0000] {processor.py:743} INFO - Processing file /home/airflow/.local/lib/python3.7/site-packages/airflow/example_dags/example_dag_decorator.py for tasks to queue
[2025-04-29T04:47:18.140+0000] {logging_mixin.py:137} INFO - [2025-04-29T04:47:18.140+0000] {dagbag.py:538} INFO - Filling up the DagBag from /home/airflow/.local/lib/python3.7/site-packages/airflow/example_dags/example_dag_decorator.py
[2025-04-29T04:47:18.146+0000] {logging_mixin.py:137} INFO - [2025-04-29T04:47:18.146+0000] {taskmixin.py:205} WARNING - Dependency <Task(_PythonDecoratedOperator): prepare_email>, send_email already registered for DAG: example_dag_decorator
[2025-04-29T04:47:18.147+0000] {logging_mixin.py:137} INFO - [2025-04-29T04:47:18.147+0000] {taskmixin.py:205} WARNING - Dependency <Task(EmailOperator): send_email>, prepare_email already registered for DAG: example_dag_decorator
[2025-04-29T04:47:18.153+0000] {processor.py:753} INFO - DAG(s) dict_keys(['example_dag_decorator']) retrieved from /home/airflow/.local/lib/python3.7/site-packages/airflow/example_dags/example_dag_decorator.py
[2025-04-29T04:47:18.184+0000] {logging_mixin.py:137} INFO - [2025-04-29T04:47:18.184+0000] {dag.py:2690} INFO - Sync 1 DAGs
[2025-04-29T04:47:18.194+0000] {logging_mixin.py:137} INFO - [2025-04-29T04:47:18.194+0000] {dag.py:3441} INFO - Setting next_dagrun for example_dag_decorator to None, run_after=None
[2025-04-29T04:47:18.204+0000] {processor.py:175} INFO - Processing /home/airflow/.local/lib/python3.7/site-packages/airflow/example_dags/example_dag_decorator.py took 0.068 seconds
[2025-04-29T04:47:48.649+0000] {processor.py:153} INFO - Started process (PID=1780) to work on /home/airflow/.local/lib/python3.7/site-packages/airflow/example_dags/example_dag_decorator.py
[2025-04-29T04:47:48.651+0000] {processor.py:743} INFO - Processing file /home/airflow/.local/lib/python3.7/site-packages/airflow/example_dags/example_dag_decorator.py for tasks to queue
[2025-04-29T04:47:48.651+0000] {logging_mixin.py:137} INFO - [2025-04-29T04:47:48.651+0000] {dagbag.py:538} INFO - Filling up the DagBag from /home/airflow/.local/lib/python3.7/site-packages/airflow/example_dags/example_dag_decorator.py
[2025-04-29T04:47:48.657+0000] {logging_mixin.py:137} INFO - [2025-04-29T04:47:48.657+0000] {taskmixin.py:205} WARNING - Dependency <Task(_PythonDecoratedOperator): prepare_email>, send_email already registered for DAG: example_dag_decorator
[2025-04-29T04:47:48.659+0000] {logging_mixin.py:137} INFO - [2025-04-29T04:47:48.657+0000] {taskmixin.py:205} WARNING - Dependency <Task(EmailOperator): send_email>, prepare_email already registered for DAG: example_dag_decorator
[2025-04-29T04:47:48.665+0000] {processor.py:753} INFO - DAG(s) dict_keys(['example_dag_decorator']) retrieved from /home/airflow/.local/lib/python3.7/site-packages/airflow/example_dags/example_dag_decorator.py
[2025-04-29T04:47:48.703+0000] {logging_mixin.py:137} INFO - [2025-04-29T04:47:48.703+0000] {dag.py:2690} INFO - Sync 1 DAGs
[2025-04-29T04:47:48.711+0000] {logging_mixin.py:137} INFO - [2025-04-29T04:47:48.711+0000] {dag.py:3441} INFO - Setting next_dagrun for example_dag_decorator to None, run_after=None
[2025-04-29T04:47:48.724+0000] {processor.py:175} INFO - Processing /home/airflow/.local/lib/python3.7/site-packages/airflow/example_dags/example_dag_decorator.py took 0.077 seconds
[2025-04-29T04:48:19.157+0000] {processor.py:153} INFO - Started process (PID=1856) to work on /home/airflow/.local/lib/python3.7/site-packages/airflow/example_dags/example_dag_decorator.py
[2025-04-29T04:48:19.158+0000] {processor.py:743} INFO - Processing file /home/airflow/.local/lib/python3.7/site-packages/airflow/example_dags/example_dag_decorator.py for tasks to queue
[2025-04-29T04:48:19.159+0000] {logging_mixin.py:137} INFO - [2025-04-29T04:48:19.159+0000] {dagbag.py:538} INFO - Filling up the DagBag from /home/airflow/.local/lib/python3.7/site-packages/airflow/example_dags/example_dag_decorator.py
[2025-04-29T04:48:19.168+0000] {logging_mixin.py:137} INFO - [2025-04-29T04:48:19.168+0000] {taskmixin.py:205} WARNING - Dependency <Task(_PythonDecoratedOperator): prepare_email>, send_email already registered for DAG: example_dag_decorator
[2025-04-29T04:48:19.168+0000] {logging_mixin.py:137} INFO - [2025-04-29T04:48:19.168+0000] {taskmixin.py:205} WARNING - Dependency <Task(EmailOperator): send_email>, prepare_email already registered for DAG: example_dag_decorator
[2025-04-29T04:48:19.175+0000] {processor.py:753} INFO - DAG(s) dict_keys(['example_dag_decorator']) retrieved from /home/airflow/.local/lib/python3.7/site-packages/airflow/example_dags/example_dag_decorator.py
[2025-04-29T04:48:19.211+0000] {logging_mixin.py:137} INFO - [2025-04-29T04:48:19.211+0000] {dag.py:2690} INFO - Sync 1 DAGs
[2025-04-29T04:48:19.224+0000] {logging_mixin.py:137} INFO - [2025-04-29T04:48:19.224+0000] {dag.py:3441} INFO - Setting next_dagrun for example_dag_decorator to None, run_after=None
[2025-04-29T04:48:19.235+0000] {processor.py:175} INFO - Processing /home/airflow/.local/lib/python3.7/site-packages/airflow/example_dags/example_dag_decorator.py took 0.080 seconds
[2025-04-29T04:48:49.753+0000] {processor.py:153} INFO - Started process (PID=1948) to work on /home/airflow/.local/lib/python3.7/site-packages/airflow/example_dags/example_dag_decorator.py
[2025-04-29T04:48:49.754+0000] {processor.py:743} INFO - Processing file /home/airflow/.local/lib/python3.7/site-packages/airflow/example_dags/example_dag_decorator.py for tasks to queue
[2025-04-29T04:48:49.754+0000] {logging_mixin.py:137} INFO - [2025-04-29T04:48:49.754+0000] {dagbag.py:538} INFO - Filling up the DagBag from /home/airflow/.local/lib/python3.7/site-packages/airflow/example_dags/example_dag_decorator.py
[2025-04-29T04:48:49.761+0000] {logging_mixin.py:137} INFO - [2025-04-29T04:48:49.761+0000] {taskmixin.py:205} WARNING - Dependency <Task(_PythonDecoratedOperator): prepare_email>, send_email already registered for DAG: example_dag_decorator
[2025-04-29T04:48:49.761+0000] {logging_mixin.py:137} INFO - [2025-04-29T04:48:49.761+0000] {taskmixin.py:205} WARNING - Dependency <Task(EmailOperator): send_email>, prepare_email already registered for DAG: example_dag_decorator
[2025-04-29T04:48:49.765+0000] {processor.py:753} INFO - DAG(s) dict_keys(['example_dag_decorator']) retrieved from /home/airflow/.local/lib/python3.7/site-packages/airflow/example_dags/example_dag_decorator.py
[2025-04-29T04:48:49.797+0000] {logging_mixin.py:137} INFO - [2025-04-29T04:48:49.797+0000] {dag.py:2690} INFO - Sync 1 DAGs
[2025-04-29T04:48:49.810+0000] {logging_mixin.py:137} INFO - [2025-04-29T04:48:49.810+0000] {dag.py:3441} INFO - Setting next_dagrun for example_dag_decorator to None, run_after=None
[2025-04-29T04:48:49.819+0000] {processor.py:175} INFO - Processing /home/airflow/.local/lib/python3.7/site-packages/airflow/example_dags/example_dag_decorator.py took 0.067 seconds
[2025-04-29T04:49:20.368+0000] {processor.py:153} INFO - Started process (PID=2040) to work on /home/airflow/.local/lib/python3.7/site-packages/airflow/example_dags/example_dag_decorator.py
[2025-04-29T04:49:20.370+0000] {processor.py:743} INFO - Processing file /home/airflow/.local/lib/python3.7/site-packages/airflow/example_dags/example_dag_decorator.py for tasks to queue
[2025-04-29T04:49:20.372+0000] {logging_mixin.py:137} INFO - [2025-04-29T04:49:20.372+0000] {dagbag.py:538} INFO - Filling up the DagBag from /home/airflow/.local/lib/python3.7/site-packages/airflow/example_dags/example_dag_decorator.py
[2025-04-29T04:49:20.386+0000] {logging_mixin.py:137} INFO - [2025-04-29T04:49:20.386+0000] {taskmixin.py:205} WARNING - Dependency <Task(_PythonDecoratedOperator): prepare_email>, send_email already registered for DAG: example_dag_decorator
[2025-04-29T04:49:20.386+0000] {logging_mixin.py:137} INFO - [2025-04-29T04:49:20.386+0000] {taskmixin.py:205} WARNING - Dependency <Task(EmailOperator): send_email>, prepare_email already registered for DAG: example_dag_decorator
[2025-04-29T04:49:20.392+0000] {processor.py:753} INFO - DAG(s) dict_keys(['example_dag_decorator']) retrieved from /home/airflow/.local/lib/python3.7/site-packages/airflow/example_dags/example_dag_decorator.py
[2025-04-29T04:49:20.419+0000] {logging_mixin.py:137} INFO - [2025-04-29T04:49:20.419+0000] {dag.py:2690} INFO - Sync 1 DAGs
[2025-04-29T04:49:20.431+0000] {logging_mixin.py:137} INFO - [2025-04-29T04:49:20.431+0000] {dag.py:3441} INFO - Setting next_dagrun for example_dag_decorator to None, run_after=None
[2025-04-29T04:49:20.443+0000] {processor.py:175} INFO - Processing /home/airflow/.local/lib/python3.7/site-packages/airflow/example_dags/example_dag_decorator.py took 0.076 seconds
[2025-04-29T04:49:50.971+0000] {processor.py:153} INFO - Started process (PID=2132) to work on /home/airflow/.local/lib/python3.7/site-packages/airflow/example_dags/example_dag_decorator.py
[2025-04-29T04:49:50.972+0000] {processor.py:743} INFO - Processing file /home/airflow/.local/lib/python3.7/site-packages/airflow/example_dags/example_dag_decorator.py for tasks to queue
[2025-04-29T04:49:50.973+0000] {logging_mixin.py:137} INFO - [2025-04-29T04:49:50.973+0000] {dagbag.py:538} INFO - Filling up the DagBag from /home/airflow/.local/lib/python3.7/site-packages/airflow/example_dags/example_dag_decorator.py
[2025-04-29T04:49:50.979+0000] {logging_mixin.py:137} INFO - [2025-04-29T04:49:50.979+0000] {taskmixin.py:205} WARNING - Dependency <Task(_PythonDecoratedOperator): prepare_email>, send_email already registered for DAG: example_dag_decorator
[2025-04-29T04:49:50.980+0000] {logging_mixin.py:137} INFO - [2025-04-29T04:49:50.980+0000] {taskmixin.py:205} WARNING - Dependency <Task(EmailOperator): send_email>, prepare_email already registered for DAG: example_dag_decorator
[2025-04-29T04:49:50.985+0000] {processor.py:753} INFO - DAG(s) dict_keys(['example_dag_decorator']) retrieved from /home/airflow/.local/lib/python3.7/site-packages/airflow/example_dags/example_dag_decorator.py
[2025-04-29T04:49:51.014+0000] {logging_mixin.py:137} INFO - [2025-04-29T04:49:51.014+0000] {dag.py:2690} INFO - Sync 1 DAGs
[2025-04-29T04:49:51.025+0000] {logging_mixin.py:137} INFO - [2025-04-29T04:49:51.025+0000] {dag.py:3441} INFO - Setting next_dagrun for example_dag_decorator to None, run_after=None
[2025-04-29T04:49:51.036+0000] {processor.py:175} INFO - Processing /home/airflow/.local/lib/python3.7/site-packages/airflow/example_dags/example_dag_decorator.py took 0.066 seconds
[2025-04-29T04:50:21.482+0000] {processor.py:153} INFO - Started process (PID=2224) to work on /home/airflow/.local/lib/python3.7/site-packages/airflow/example_dags/example_dag_decorator.py
[2025-04-29T04:50:21.483+0000] {processor.py:743} INFO - Processing file /home/airflow/.local/lib/python3.7/site-packages/airflow/example_dags/example_dag_decorator.py for tasks to queue
[2025-04-29T04:50:21.483+0000] {logging_mixin.py:137} INFO - [2025-04-29T04:50:21.483+0000] {dagbag.py:538} INFO - Filling up the DagBag from /home/airflow/.local/lib/python3.7/site-packages/airflow/example_dags/example_dag_decorator.py
[2025-04-29T04:50:21.491+0000] {logging_mixin.py:137} INFO - [2025-04-29T04:50:21.491+0000] {taskmixin.py:205} WARNING - Dependency <Task(_PythonDecoratedOperator): prepare_email>, send_email already registered for DAG: example_dag_decorator
[2025-04-29T04:50:21.491+0000] {logging_mixin.py:137} INFO - [2025-04-29T04:50:21.491+0000] {taskmixin.py:205} WARNING - Dependency <Task(EmailOperator): send_email>, prepare_email already registered for DAG: example_dag_decorator
[2025-04-29T04:50:21.496+0000] {processor.py:753} INFO - DAG(s) dict_keys(['example_dag_decorator']) retrieved from /home/airflow/.local/lib/python3.7/site-packages/airflow/example_dags/example_dag_decorator.py
[2025-04-29T04:50:21.528+0000] {logging_mixin.py:137} INFO - [2025-04-29T04:50:21.528+0000] {dag.py:2690} INFO - Sync 1 DAGs
[2025-04-29T04:50:21.538+0000] {logging_mixin.py:137} INFO - [2025-04-29T04:50:21.538+0000] {dag.py:3441} INFO - Setting next_dagrun for example_dag_decorator to None, run_after=None
[2025-04-29T04:50:21.545+0000] {processor.py:175} INFO - Processing /home/airflow/.local/lib/python3.7/site-packages/airflow/example_dags/example_dag_decorator.py took 0.065 seconds
[2025-04-29T04:50:52.089+0000] {processor.py:153} INFO - Started process (PID=2299) to work on /home/airflow/.local/lib/python3.7/site-packages/airflow/example_dags/example_dag_decorator.py
[2025-04-29T04:50:52.089+0000] {processor.py:743} INFO - Processing file /home/airflow/.local/lib/python3.7/site-packages/airflow/example_dags/example_dag_decorator.py for tasks to queue
[2025-04-29T04:50:52.090+0000] {logging_mixin.py:137} INFO - [2025-04-29T04:50:52.090+0000] {dagbag.py:538} INFO - Filling up the DagBag from /home/airflow/.local/lib/python3.7/site-packages/airflow/example_dags/example_dag_decorator.py
[2025-04-29T04:50:52.099+0000] {logging_mixin.py:137} INFO - [2025-04-29T04:50:52.099+0000] {taskmixin.py:205} WARNING - Dependency <Task(_PythonDecoratedOperator): prepare_email>, send_email already registered for DAG: example_dag_decorator
[2025-04-29T04:50:52.099+0000] {logging_mixin.py:137} INFO - [2025-04-29T04:50:52.099+0000] {taskmixin.py:205} WARNING - Dependency <Task(EmailOperator): send_email>, prepare_email already registered for DAG: example_dag_decorator
[2025-04-29T04:50:52.104+0000] {processor.py:753} INFO - DAG(s) dict_keys(['example_dag_decorator']) retrieved from /home/airflow/.local/lib/python3.7/site-packages/airflow/example_dags/example_dag_decorator.py
[2025-04-29T04:50:52.136+0000] {logging_mixin.py:137} INFO - [2025-04-29T04:50:52.136+0000] {dag.py:2690} INFO - Sync 1 DAGs
[2025-04-29T04:50:52.148+0000] {logging_mixin.py:137} INFO - [2025-04-29T04:50:52.147+0000] {dag.py:3441} INFO - Setting next_dagrun for example_dag_decorator to None, run_after=None
[2025-04-29T04:50:52.160+0000] {processor.py:175} INFO - Processing /home/airflow/.local/lib/python3.7/site-packages/airflow/example_dags/example_dag_decorator.py took 0.073 seconds
[2025-04-29T04:51:22.704+0000] {processor.py:153} INFO - Started process (PID=2392) to work on /home/airflow/.local/lib/python3.7/site-packages/airflow/example_dags/example_dag_decorator.py
[2025-04-29T04:51:22.704+0000] {processor.py:743} INFO - Processing file /home/airflow/.local/lib/python3.7/site-packages/airflow/example_dags/example_dag_decorator.py for tasks to queue
[2025-04-29T04:51:22.704+0000] {logging_mixin.py:137} INFO - [2025-04-29T04:51:22.704+0000] {dagbag.py:538} INFO - Filling up the DagBag from /home/airflow/.local/lib/python3.7/site-packages/airflow/example_dags/example_dag_decorator.py
[2025-04-29T04:51:22.711+0000] {logging_mixin.py:137} INFO - [2025-04-29T04:51:22.711+0000] {taskmixin.py:205} WARNING - Dependency <Task(_PythonDecoratedOperator): prepare_email>, send_email already registered for DAG: example_dag_decorator
[2025-04-29T04:51:22.711+0000] {logging_mixin.py:137} INFO - [2025-04-29T04:51:22.711+0000] {taskmixin.py:205} WARNING - Dependency <Task(EmailOperator): send_email>, prepare_email already registered for DAG: example_dag_decorator
[2025-04-29T04:51:22.716+0000] {processor.py:753} INFO - DAG(s) dict_keys(['example_dag_decorator']) retrieved from /home/airflow/.local/lib/python3.7/site-packages/airflow/example_dags/example_dag_decorator.py
[2025-04-29T04:51:22.745+0000] {logging_mixin.py:137} INFO - [2025-04-29T04:51:22.745+0000] {dag.py:2690} INFO - Sync 1 DAGs
[2025-04-29T04:51:22.754+0000] {logging_mixin.py:137} INFO - [2025-04-29T04:51:22.754+0000] {dag.py:3441} INFO - Setting next_dagrun for example_dag_decorator to None, run_after=None
[2025-04-29T04:51:22.765+0000] {processor.py:175} INFO - Processing /home/airflow/.local/lib/python3.7/site-packages/airflow/example_dags/example_dag_decorator.py took 0.063 seconds
[2025-04-29T04:51:53.184+0000] {processor.py:153} INFO - Started process (PID=2484) to work on /home/airflow/.local/lib/python3.7/site-packages/airflow/example_dags/example_dag_decorator.py
[2025-04-29T04:51:53.185+0000] {processor.py:743} INFO - Processing file /home/airflow/.local/lib/python3.7/site-packages/airflow/example_dags/example_dag_decorator.py for tasks to queue
[2025-04-29T04:51:53.186+0000] {logging_mixin.py:137} INFO - [2025-04-29T04:51:53.186+0000] {dagbag.py:538} INFO - Filling up the DagBag from /home/airflow/.local/lib/python3.7/site-packages/airflow/example_dags/example_dag_decorator.py
[2025-04-29T04:51:53.194+0000] {logging_mixin.py:137} INFO - [2025-04-29T04:51:53.194+0000] {taskmixin.py:205} WARNING - Dependency <Task(_PythonDecoratedOperator): prepare_email>, send_email already registered for DAG: example_dag_decorator
[2025-04-29T04:51:53.194+0000] {logging_mixin.py:137} INFO - [2025-04-29T04:51:53.194+0000] {taskmixin.py:205} WARNING - Dependency <Task(EmailOperator): send_email>, prepare_email already registered for DAG: example_dag_decorator
[2025-04-29T04:51:53.199+0000] {processor.py:753} INFO - DAG(s) dict_keys(['example_dag_decorator']) retrieved from /home/airflow/.local/lib/python3.7/site-packages/airflow/example_dags/example_dag_decorator.py
[2025-04-29T04:51:53.231+0000] {logging_mixin.py:137} INFO - [2025-04-29T04:51:53.231+0000] {dag.py:2690} INFO - Sync 1 DAGs
[2025-04-29T04:51:53.241+0000] {logging_mixin.py:137} INFO - [2025-04-29T04:51:53.241+0000] {dag.py:3441} INFO - Setting next_dagrun for example_dag_decorator to None, run_after=None
[2025-04-29T04:51:53.249+0000] {processor.py:175} INFO - Processing /home/airflow/.local/lib/python3.7/site-packages/airflow/example_dags/example_dag_decorator.py took 0.067 seconds
[2025-04-29T04:52:23.735+0000] {processor.py:153} INFO - Started process (PID=2576) to work on /home/airflow/.local/lib/python3.7/site-packages/airflow/example_dags/example_dag_decorator.py
[2025-04-29T04:52:23.736+0000] {processor.py:743} INFO - Processing file /home/airflow/.local/lib/python3.7/site-packages/airflow/example_dags/example_dag_decorator.py for tasks to queue
[2025-04-29T04:52:23.737+0000] {logging_mixin.py:137} INFO - [2025-04-29T04:52:23.736+0000] {dagbag.py:538} INFO - Filling up the DagBag from /home/airflow/.local/lib/python3.7/site-packages/airflow/example_dags/example_dag_decorator.py
[2025-04-29T04:52:23.744+0000] {logging_mixin.py:137} INFO - [2025-04-29T04:52:23.744+0000] {taskmixin.py:205} WARNING - Dependency <Task(_PythonDecoratedOperator): prepare_email>, send_email already registered for DAG: example_dag_decorator
[2025-04-29T04:52:23.745+0000] {logging_mixin.py:137} INFO - [2025-04-29T04:52:23.745+0000] {taskmixin.py:205} WARNING - Dependency <Task(EmailOperator): send_email>, prepare_email already registered for DAG: example_dag_decorator
[2025-04-29T04:52:23.749+0000] {processor.py:753} INFO - DAG(s) dict_keys(['example_dag_decorator']) retrieved from /home/airflow/.local/lib/python3.7/site-packages/airflow/example_dags/example_dag_decorator.py
[2025-04-29T04:52:23.783+0000] {logging_mixin.py:137} INFO - [2025-04-29T04:52:23.783+0000] {dag.py:2690} INFO - Sync 1 DAGs
[2025-04-29T04:52:23.792+0000] {logging_mixin.py:137} INFO - [2025-04-29T04:52:23.792+0000] {dag.py:3441} INFO - Setting next_dagrun for example_dag_decorator to None, run_after=None
[2025-04-29T04:52:23.805+0000] {processor.py:175} INFO - Processing /home/airflow/.local/lib/python3.7/site-packages/airflow/example_dags/example_dag_decorator.py took 0.072 seconds
[2025-04-29T04:52:54.426+0000] {processor.py:153} INFO - Started process (PID=2668) to work on /home/airflow/.local/lib/python3.7/site-packages/airflow/example_dags/example_dag_decorator.py
[2025-04-29T04:52:54.427+0000] {processor.py:743} INFO - Processing file /home/airflow/.local/lib/python3.7/site-packages/airflow/example_dags/example_dag_decorator.py for tasks to queue
[2025-04-29T04:52:54.428+0000] {logging_mixin.py:137} INFO - [2025-04-29T04:52:54.428+0000] {dagbag.py:538} INFO - Filling up the DagBag from /home/airflow/.local/lib/python3.7/site-packages/airflow/example_dags/example_dag_decorator.py
[2025-04-29T04:52:54.435+0000] {logging_mixin.py:137} INFO - [2025-04-29T04:52:54.435+0000] {taskmixin.py:205} WARNING - Dependency <Task(_PythonDecoratedOperator): prepare_email>, send_email already registered for DAG: example_dag_decorator
[2025-04-29T04:52:54.435+0000] {logging_mixin.py:137} INFO - [2025-04-29T04:52:54.435+0000] {taskmixin.py:205} WARNING - Dependency <Task(EmailOperator): send_email>, prepare_email already registered for DAG: example_dag_decorator
[2025-04-29T04:52:54.440+0000] {processor.py:753} INFO - DAG(s) dict_keys(['example_dag_decorator']) retrieved from /home/airflow/.local/lib/python3.7/site-packages/airflow/example_dags/example_dag_decorator.py
[2025-04-29T04:52:54.469+0000] {logging_mixin.py:137} INFO - [2025-04-29T04:52:54.469+0000] {dag.py:2690} INFO - Sync 1 DAGs
[2025-04-29T04:52:54.485+0000] {logging_mixin.py:137} INFO - [2025-04-29T04:52:54.485+0000] {dag.py:3441} INFO - Setting next_dagrun for example_dag_decorator to None, run_after=None
[2025-04-29T04:52:54.495+0000] {processor.py:175} INFO - Processing /home/airflow/.local/lib/python3.7/site-packages/airflow/example_dags/example_dag_decorator.py took 0.070 seconds
[2025-04-29T04:53:24.995+0000] {processor.py:153} INFO - Started process (PID=2744) to work on /home/airflow/.local/lib/python3.7/site-packages/airflow/example_dags/example_dag_decorator.py
[2025-04-29T04:53:24.997+0000] {processor.py:743} INFO - Processing file /home/airflow/.local/lib/python3.7/site-packages/airflow/example_dags/example_dag_decorator.py for tasks to queue
[2025-04-29T04:53:25.002+0000] {logging_mixin.py:137} INFO - [2025-04-29T04:53:25.002+0000] {dagbag.py:538} INFO - Filling up the DagBag from /home/airflow/.local/lib/python3.7/site-packages/airflow/example_dags/example_dag_decorator.py
[2025-04-29T04:53:25.009+0000] {logging_mixin.py:137} INFO - [2025-04-29T04:53:25.009+0000] {taskmixin.py:205} WARNING - Dependency <Task(_PythonDecoratedOperator): prepare_email>, send_email already registered for DAG: example_dag_decorator
[2025-04-29T04:53:25.010+0000] {logging_mixin.py:137} INFO - [2025-04-29T04:53:25.010+0000] {taskmixin.py:205} WARNING - Dependency <Task(EmailOperator): send_email>, prepare_email already registered for DAG: example_dag_decorator
[2025-04-29T04:53:25.015+0000] {processor.py:753} INFO - DAG(s) dict_keys(['example_dag_decorator']) retrieved from /home/airflow/.local/lib/python3.7/site-packages/airflow/example_dags/example_dag_decorator.py
[2025-04-29T04:53:25.046+0000] {logging_mixin.py:137} INFO - [2025-04-29T04:53:25.046+0000] {dag.py:2690} INFO - Sync 1 DAGs
[2025-04-29T04:53:25.062+0000] {logging_mixin.py:137} INFO - [2025-04-29T04:53:25.062+0000] {dag.py:3441} INFO - Setting next_dagrun for example_dag_decorator to None, run_after=None
[2025-04-29T04:53:25.093+0000] {processor.py:175} INFO - Processing /home/airflow/.local/lib/python3.7/site-packages/airflow/example_dags/example_dag_decorator.py took 0.101 seconds
[2025-04-29T04:53:55.556+0000] {processor.py:153} INFO - Started process (PID=2836) to work on /home/airflow/.local/lib/python3.7/site-packages/airflow/example_dags/example_dag_decorator.py
[2025-04-29T04:53:55.556+0000] {processor.py:743} INFO - Processing file /home/airflow/.local/lib/python3.7/site-packages/airflow/example_dags/example_dag_decorator.py for tasks to queue
[2025-04-29T04:53:55.557+0000] {logging_mixin.py:137} INFO - [2025-04-29T04:53:55.557+0000] {dagbag.py:538} INFO - Filling up the DagBag from /home/airflow/.local/lib/python3.7/site-packages/airflow/example_dags/example_dag_decorator.py
[2025-04-29T04:53:55.565+0000] {logging_mixin.py:137} INFO - [2025-04-29T04:53:55.565+0000] {taskmixin.py:205} WARNING - Dependency <Task(_PythonDecoratedOperator): prepare_email>, send_email already registered for DAG: example_dag_decorator
[2025-04-29T04:53:55.565+0000] {logging_mixin.py:137} INFO - [2025-04-29T04:53:55.565+0000] {taskmixin.py:205} WARNING - Dependency <Task(EmailOperator): send_email>, prepare_email already registered for DAG: example_dag_decorator
[2025-04-29T04:53:55.570+0000] {processor.py:753} INFO - DAG(s) dict_keys(['example_dag_decorator']) retrieved from /home/airflow/.local/lib/python3.7/site-packages/airflow/example_dags/example_dag_decorator.py
[2025-04-29T04:53:55.599+0000] {logging_mixin.py:137} INFO - [2025-04-29T04:53:55.599+0000] {dag.py:2690} INFO - Sync 1 DAGs
[2025-04-29T04:53:55.608+0000] {logging_mixin.py:137} INFO - [2025-04-29T04:53:55.608+0000] {dag.py:3441} INFO - Setting next_dagrun for example_dag_decorator to None, run_after=None
[2025-04-29T04:53:55.618+0000] {processor.py:175} INFO - Processing /home/airflow/.local/lib/python3.7/site-packages/airflow/example_dags/example_dag_decorator.py took 0.063 seconds
[2025-04-29T04:54:26.065+0000] {processor.py:153} INFO - Started process (PID=2928) to work on /home/airflow/.local/lib/python3.7/site-packages/airflow/example_dags/example_dag_decorator.py
[2025-04-29T04:54:26.066+0000] {processor.py:743} INFO - Processing file /home/airflow/.local/lib/python3.7/site-packages/airflow/example_dags/example_dag_decorator.py for tasks to queue
[2025-04-29T04:54:26.067+0000] {logging_mixin.py:137} INFO - [2025-04-29T04:54:26.067+0000] {dagbag.py:538} INFO - Filling up the DagBag from /home/airflow/.local/lib/python3.7/site-packages/airflow/example_dags/example_dag_decorator.py
[2025-04-29T04:54:26.073+0000] {logging_mixin.py:137} INFO - [2025-04-29T04:54:26.073+0000] {taskmixin.py:205} WARNING - Dependency <Task(_PythonDecoratedOperator): prepare_email>, send_email already registered for DAG: example_dag_decorator
[2025-04-29T04:54:26.073+0000] {logging_mixin.py:137} INFO - [2025-04-29T04:54:26.073+0000] {taskmixin.py:205} WARNING - Dependency <Task(EmailOperator): send_email>, prepare_email already registered for DAG: example_dag_decorator
[2025-04-29T04:54:26.078+0000] {processor.py:753} INFO - DAG(s) dict_keys(['example_dag_decorator']) retrieved from /home/airflow/.local/lib/python3.7/site-packages/airflow/example_dags/example_dag_decorator.py
[2025-04-29T04:54:26.106+0000] {logging_mixin.py:137} INFO - [2025-04-29T04:54:26.106+0000] {dag.py:2690} INFO - Sync 1 DAGs
[2025-04-29T04:54:26.116+0000] {logging_mixin.py:137} INFO - [2025-04-29T04:54:26.116+0000] {dag.py:3441} INFO - Setting next_dagrun for example_dag_decorator to None, run_after=None
[2025-04-29T04:54:26.126+0000] {processor.py:175} INFO - Processing /home/airflow/.local/lib/python3.7/site-packages/airflow/example_dags/example_dag_decorator.py took 0.063 seconds
[2025-04-29T04:54:56.598+0000] {processor.py:153} INFO - Started process (PID=3019) to work on /home/airflow/.local/lib/python3.7/site-packages/airflow/example_dags/example_dag_decorator.py
[2025-04-29T04:54:56.599+0000] {processor.py:743} INFO - Processing file /home/airflow/.local/lib/python3.7/site-packages/airflow/example_dags/example_dag_decorator.py for tasks to queue
[2025-04-29T04:54:56.599+0000] {logging_mixin.py:137} INFO - [2025-04-29T04:54:56.599+0000] {dagbag.py:538} INFO - Filling up the DagBag from /home/airflow/.local/lib/python3.7/site-packages/airflow/example_dags/example_dag_decorator.py
[2025-04-29T04:54:56.605+0000] {logging_mixin.py:137} INFO - [2025-04-29T04:54:56.605+0000] {taskmixin.py:205} WARNING - Dependency <Task(_PythonDecoratedOperator): prepare_email>, send_email already registered for DAG: example_dag_decorator
[2025-04-29T04:54:56.606+0000] {logging_mixin.py:137} INFO - [2025-04-29T04:54:56.606+0000] {taskmixin.py:205} WARNING - Dependency <Task(EmailOperator): send_email>, prepare_email already registered for DAG: example_dag_decorator
[2025-04-29T04:54:56.611+0000] {processor.py:753} INFO - DAG(s) dict_keys(['example_dag_decorator']) retrieved from /home/airflow/.local/lib/python3.7/site-packages/airflow/example_dags/example_dag_decorator.py
[2025-04-29T04:54:56.640+0000] {logging_mixin.py:137} INFO - [2025-04-29T04:54:56.640+0000] {dag.py:2690} INFO - Sync 1 DAGs
[2025-04-29T04:54:56.650+0000] {logging_mixin.py:137} INFO - [2025-04-29T04:54:56.650+0000] {dag.py:3441} INFO - Setting next_dagrun for example_dag_decorator to None, run_after=None
[2025-04-29T04:54:56.661+0000] {processor.py:175} INFO - Processing /home/airflow/.local/lib/python3.7/site-packages/airflow/example_dags/example_dag_decorator.py took 0.064 seconds
[2025-04-29T04:55:27.167+0000] {processor.py:153} INFO - Started process (PID=3104) to work on /home/airflow/.local/lib/python3.7/site-packages/airflow/example_dags/example_dag_decorator.py
[2025-04-29T04:55:27.168+0000] {processor.py:743} INFO - Processing file /home/airflow/.local/lib/python3.7/site-packages/airflow/example_dags/example_dag_decorator.py for tasks to queue
[2025-04-29T04:55:27.168+0000] {logging_mixin.py:137} INFO - [2025-04-29T04:55:27.168+0000] {dagbag.py:538} INFO - Filling up the DagBag from /home/airflow/.local/lib/python3.7/site-packages/airflow/example_dags/example_dag_decorator.py
[2025-04-29T04:55:27.175+0000] {logging_mixin.py:137} INFO - [2025-04-29T04:55:27.175+0000] {taskmixin.py:205} WARNING - Dependency <Task(_PythonDecoratedOperator): prepare_email>, send_email already registered for DAG: example_dag_decorator
[2025-04-29T04:55:27.176+0000] {logging_mixin.py:137} INFO - [2025-04-29T04:55:27.175+0000] {taskmixin.py:205} WARNING - Dependency <Task(EmailOperator): send_email>, prepare_email already registered for DAG: example_dag_decorator
[2025-04-29T04:55:27.180+0000] {processor.py:753} INFO - DAG(s) dict_keys(['example_dag_decorator']) retrieved from /home/airflow/.local/lib/python3.7/site-packages/airflow/example_dags/example_dag_decorator.py
[2025-04-29T04:55:27.214+0000] {logging_mixin.py:137} INFO - [2025-04-29T04:55:27.213+0000] {dag.py:2690} INFO - Sync 1 DAGs
[2025-04-29T04:55:27.228+0000] {logging_mixin.py:137} INFO - [2025-04-29T04:55:27.228+0000] {dag.py:3441} INFO - Setting next_dagrun for example_dag_decorator to None, run_after=None
[2025-04-29T04:55:27.237+0000] {processor.py:175} INFO - Processing /home/airflow/.local/lib/python3.7/site-packages/airflow/example_dags/example_dag_decorator.py took 0.072 seconds
[2025-04-29T04:55:57.810+0000] {processor.py:153} INFO - Started process (PID=3187) to work on /home/airflow/.local/lib/python3.7/site-packages/airflow/example_dags/example_dag_decorator.py
[2025-04-29T04:55:57.811+0000] {processor.py:743} INFO - Processing file /home/airflow/.local/lib/python3.7/site-packages/airflow/example_dags/example_dag_decorator.py for tasks to queue
[2025-04-29T04:55:57.812+0000] {logging_mixin.py:137} INFO - [2025-04-29T04:55:57.812+0000] {dagbag.py:538} INFO - Filling up the DagBag from /home/airflow/.local/lib/python3.7/site-packages/airflow/example_dags/example_dag_decorator.py
[2025-04-29T04:55:57.819+0000] {logging_mixin.py:137} INFO - [2025-04-29T04:55:57.819+0000] {taskmixin.py:205} WARNING - Dependency <Task(_PythonDecoratedOperator): prepare_email>, send_email already registered for DAG: example_dag_decorator
[2025-04-29T04:55:57.820+0000] {logging_mixin.py:137} INFO - [2025-04-29T04:55:57.820+0000] {taskmixin.py:205} WARNING - Dependency <Task(EmailOperator): send_email>, prepare_email already registered for DAG: example_dag_decorator
[2025-04-29T04:55:57.825+0000] {processor.py:753} INFO - DAG(s) dict_keys(['example_dag_decorator']) retrieved from /home/airflow/.local/lib/python3.7/site-packages/airflow/example_dags/example_dag_decorator.py
[2025-04-29T04:55:57.852+0000] {logging_mixin.py:137} INFO - [2025-04-29T04:55:57.852+0000] {dag.py:2690} INFO - Sync 1 DAGs
[2025-04-29T04:55:57.863+0000] {logging_mixin.py:137} INFO - [2025-04-29T04:55:57.863+0000] {dag.py:3441} INFO - Setting next_dagrun for example_dag_decorator to None, run_after=None
[2025-04-29T04:55:57.875+0000] {processor.py:175} INFO - Processing /home/airflow/.local/lib/python3.7/site-packages/airflow/example_dags/example_dag_decorator.py took 0.066 seconds
[2025-04-29T04:56:28.379+0000] {processor.py:153} INFO - Started process (PID=3279) to work on /home/airflow/.local/lib/python3.7/site-packages/airflow/example_dags/example_dag_decorator.py
[2025-04-29T04:56:28.379+0000] {processor.py:743} INFO - Processing file /home/airflow/.local/lib/python3.7/site-packages/airflow/example_dags/example_dag_decorator.py for tasks to queue
[2025-04-29T04:56:28.380+0000] {logging_mixin.py:137} INFO - [2025-04-29T04:56:28.380+0000] {dagbag.py:538} INFO - Filling up the DagBag from /home/airflow/.local/lib/python3.7/site-packages/airflow/example_dags/example_dag_decorator.py
[2025-04-29T04:56:28.386+0000] {logging_mixin.py:137} INFO - [2025-04-29T04:56:28.386+0000] {taskmixin.py:205} WARNING - Dependency <Task(_PythonDecoratedOperator): prepare_email>, send_email already registered for DAG: example_dag_decorator
[2025-04-29T04:56:28.386+0000] {logging_mixin.py:137} INFO - [2025-04-29T04:56:28.386+0000] {taskmixin.py:205} WARNING - Dependency <Task(EmailOperator): send_email>, prepare_email already registered for DAG: example_dag_decorator
[2025-04-29T04:56:28.391+0000] {processor.py:753} INFO - DAG(s) dict_keys(['example_dag_decorator']) retrieved from /home/airflow/.local/lib/python3.7/site-packages/airflow/example_dags/example_dag_decorator.py
[2025-04-29T04:56:28.421+0000] {logging_mixin.py:137} INFO - [2025-04-29T04:56:28.420+0000] {dag.py:2690} INFO - Sync 1 DAGs
[2025-04-29T04:56:28.434+0000] {logging_mixin.py:137} INFO - [2025-04-29T04:56:28.434+0000] {dag.py:3441} INFO - Setting next_dagrun for example_dag_decorator to None, run_after=None
[2025-04-29T04:56:28.441+0000] {processor.py:175} INFO - Processing /home/airflow/.local/lib/python3.7/site-packages/airflow/example_dags/example_dag_decorator.py took 0.064 seconds
