[2025-04-29T04:38:07.590+0000] {processor.py:153} INFO - Started process (PID=88) to work on /home/airflow/.local/lib/python3.7/site-packages/airflow/example_dags/example_nested_branch_dag.py
[2025-04-29T04:38:07.592+0000] {processor.py:743} INFO - Processing file /home/airflow/.local/lib/python3.7/site-packages/airflow/example_dags/example_nested_branch_dag.py for tasks to queue
[2025-04-29T04:38:07.592+0000] {logging_mixin.py:137} INFO - [2025-04-29T04:38:07.592+0000] {dagbag.py:538} INFO - Filling up the DagBag from /home/airflow/.local/lib/python3.7/site-packages/airflow/example_dags/example_nested_branch_dag.py
[2025-04-29T04:38:07.623+0000] {processor.py:753} INFO - DAG(s) dict_keys(['example_nested_branch_dag']) retrieved from /home/airflow/.local/lib/python3.7/site-packages/airflow/example_dags/example_nested_branch_dag.py
[2025-04-29T04:38:07.641+0000] {logging_mixin.py:137} INFO - [2025-04-29T04:38:07.641+0000] {dag.py:2690} INFO - Sync 1 DAGs
[2025-04-29T04:38:07.684+0000] {logging_mixin.py:137} INFO - [2025-04-29T04:38:07.683+0000] {dag.py:3441} INFO - Setting next_dagrun for example_nested_branch_dag to 2025-04-28T00:00:00+00:00, run_after=2025-04-29T00:00:00+00:00
[2025-04-29T04:38:07.718+0000] {processor.py:175} INFO - Processing /home/airflow/.local/lib/python3.7/site-packages/airflow/example_dags/example_nested_branch_dag.py took 0.131 seconds
[2025-04-29T04:38:38.688+0000] {processor.py:153} INFO - Started process (PID=180) to work on /home/airflow/.local/lib/python3.7/site-packages/airflow/example_dags/example_nested_branch_dag.py
[2025-04-29T04:38:38.689+0000] {processor.py:743} INFO - Processing file /home/airflow/.local/lib/python3.7/site-packages/airflow/example_dags/example_nested_branch_dag.py for tasks to queue
[2025-04-29T04:38:38.690+0000] {logging_mixin.py:137} INFO - [2025-04-29T04:38:38.690+0000] {dagbag.py:538} INFO - Filling up the DagBag from /home/airflow/.local/lib/python3.7/site-packages/airflow/example_dags/example_nested_branch_dag.py
[2025-04-29T04:38:38.703+0000] {processor.py:753} INFO - DAG(s) dict_keys(['example_nested_branch_dag']) retrieved from /home/airflow/.local/lib/python3.7/site-packages/airflow/example_dags/example_nested_branch_dag.py
[2025-04-29T04:38:38.721+0000] {logging_mixin.py:137} INFO - [2025-04-29T04:38:38.721+0000] {dag.py:2690} INFO - Sync 1 DAGs
[2025-04-29T04:38:38.732+0000] {logging_mixin.py:137} INFO - [2025-04-29T04:38:38.732+0000] {dag.py:3441} INFO - Setting next_dagrun for example_nested_branch_dag to 2025-04-28T00:00:00+00:00, run_after=2025-04-29T00:00:00+00:00
[2025-04-29T04:38:38.747+0000] {processor.py:175} INFO - Processing /home/airflow/.local/lib/python3.7/site-packages/airflow/example_dags/example_nested_branch_dag.py took 0.061 seconds
[2025-04-29T04:39:09.318+0000] {processor.py:153} INFO - Started process (PID=278) to work on /home/airflow/.local/lib/python3.7/site-packages/airflow/example_dags/example_nested_branch_dag.py
[2025-04-29T04:39:09.320+0000] {processor.py:743} INFO - Processing file /home/airflow/.local/lib/python3.7/site-packages/airflow/example_dags/example_nested_branch_dag.py for tasks to queue
[2025-04-29T04:39:09.321+0000] {logging_mixin.py:137} INFO - [2025-04-29T04:39:09.321+0000] {dagbag.py:538} INFO - Filling up the DagBag from /home/airflow/.local/lib/python3.7/site-packages/airflow/example_dags/example_nested_branch_dag.py
[2025-04-29T04:39:09.336+0000] {processor.py:753} INFO - DAG(s) dict_keys(['example_nested_branch_dag']) retrieved from /home/airflow/.local/lib/python3.7/site-packages/airflow/example_dags/example_nested_branch_dag.py
[2025-04-29T04:39:09.348+0000] {logging_mixin.py:137} INFO - [2025-04-29T04:39:09.348+0000] {dag.py:2690} INFO - Sync 1 DAGs
[2025-04-29T04:39:09.362+0000] {logging_mixin.py:137} INFO - [2025-04-29T04:39:09.361+0000] {dag.py:3441} INFO - Setting next_dagrun for example_nested_branch_dag to 2025-04-28T00:00:00+00:00, run_after=2025-04-29T00:00:00+00:00
[2025-04-29T04:39:09.373+0000] {processor.py:175} INFO - Processing /home/airflow/.local/lib/python3.7/site-packages/airflow/example_dags/example_nested_branch_dag.py took 0.057 seconds
[2025-04-29T04:39:39.976+0000] {processor.py:153} INFO - Started process (PID=370) to work on /home/airflow/.local/lib/python3.7/site-packages/airflow/example_dags/example_nested_branch_dag.py
[2025-04-29T04:39:39.980+0000] {processor.py:743} INFO - Processing file /home/airflow/.local/lib/python3.7/site-packages/airflow/example_dags/example_nested_branch_dag.py for tasks to queue
[2025-04-29T04:39:39.982+0000] {logging_mixin.py:137} INFO - [2025-04-29T04:39:39.982+0000] {dagbag.py:538} INFO - Filling up the DagBag from /home/airflow/.local/lib/python3.7/site-packages/airflow/example_dags/example_nested_branch_dag.py
[2025-04-29T04:39:39.997+0000] {processor.py:753} INFO - DAG(s) dict_keys(['example_nested_branch_dag']) retrieved from /home/airflow/.local/lib/python3.7/site-packages/airflow/example_dags/example_nested_branch_dag.py
[2025-04-29T04:39:40.016+0000] {logging_mixin.py:137} INFO - [2025-04-29T04:39:40.015+0000] {dag.py:2690} INFO - Sync 1 DAGs
[2025-04-29T04:39:40.027+0000] {logging_mixin.py:137} INFO - [2025-04-29T04:39:40.027+0000] {dag.py:3441} INFO - Setting next_dagrun for example_nested_branch_dag to 2025-04-28T00:00:00+00:00, run_after=2025-04-29T00:00:00+00:00
[2025-04-29T04:39:40.037+0000] {processor.py:175} INFO - Processing /home/airflow/.local/lib/python3.7/site-packages/airflow/example_dags/example_nested_branch_dag.py took 0.065 seconds
[2025-04-29T04:40:10.670+0000] {processor.py:153} INFO - Started process (PID=461) to work on /home/airflow/.local/lib/python3.7/site-packages/airflow/example_dags/example_nested_branch_dag.py
[2025-04-29T04:40:10.670+0000] {processor.py:743} INFO - Processing file /home/airflow/.local/lib/python3.7/site-packages/airflow/example_dags/example_nested_branch_dag.py for tasks to queue
[2025-04-29T04:40:10.671+0000] {logging_mixin.py:137} INFO - [2025-04-29T04:40:10.671+0000] {dagbag.py:538} INFO - Filling up the DagBag from /home/airflow/.local/lib/python3.7/site-packages/airflow/example_dags/example_nested_branch_dag.py
[2025-04-29T04:40:10.686+0000] {processor.py:753} INFO - DAG(s) dict_keys(['example_nested_branch_dag']) retrieved from /home/airflow/.local/lib/python3.7/site-packages/airflow/example_dags/example_nested_branch_dag.py
[2025-04-29T04:40:10.701+0000] {logging_mixin.py:137} INFO - [2025-04-29T04:40:10.701+0000] {dag.py:2690} INFO - Sync 1 DAGs
[2025-04-29T04:40:10.717+0000] {logging_mixin.py:137} INFO - [2025-04-29T04:40:10.717+0000] {dag.py:3441} INFO - Setting next_dagrun for example_nested_branch_dag to 2025-04-28T00:00:00+00:00, run_after=2025-04-29T00:00:00+00:00
[2025-04-29T04:40:10.732+0000] {processor.py:175} INFO - Processing /home/airflow/.local/lib/python3.7/site-packages/airflow/example_dags/example_nested_branch_dag.py took 0.064 seconds
[2025-04-29T04:40:41.323+0000] {processor.py:153} INFO - Started process (PID=553) to work on /home/airflow/.local/lib/python3.7/site-packages/airflow/example_dags/example_nested_branch_dag.py
[2025-04-29T04:40:41.327+0000] {processor.py:743} INFO - Processing file /home/airflow/.local/lib/python3.7/site-packages/airflow/example_dags/example_nested_branch_dag.py for tasks to queue
[2025-04-29T04:40:41.328+0000] {logging_mixin.py:137} INFO - [2025-04-29T04:40:41.328+0000] {dagbag.py:538} INFO - Filling up the DagBag from /home/airflow/.local/lib/python3.7/site-packages/airflow/example_dags/example_nested_branch_dag.py
[2025-04-29T04:40:41.341+0000] {processor.py:753} INFO - DAG(s) dict_keys(['example_nested_branch_dag']) retrieved from /home/airflow/.local/lib/python3.7/site-packages/airflow/example_dags/example_nested_branch_dag.py
[2025-04-29T04:40:41.364+0000] {logging_mixin.py:137} INFO - [2025-04-29T04:40:41.364+0000] {dag.py:2690} INFO - Sync 1 DAGs
[2025-04-29T04:40:41.377+0000] {logging_mixin.py:137} INFO - [2025-04-29T04:40:41.377+0000] {dag.py:3441} INFO - Setting next_dagrun for example_nested_branch_dag to 2025-04-28T00:00:00+00:00, run_after=2025-04-29T00:00:00+00:00
[2025-04-29T04:40:41.389+0000] {processor.py:175} INFO - Processing /home/airflow/.local/lib/python3.7/site-packages/airflow/example_dags/example_nested_branch_dag.py took 0.068 seconds
[2025-04-29T04:41:12.074+0000] {processor.py:153} INFO - Started process (PID=629) to work on /home/airflow/.local/lib/python3.7/site-packages/airflow/example_dags/example_nested_branch_dag.py
[2025-04-29T04:41:12.075+0000] {processor.py:743} INFO - Processing file /home/airflow/.local/lib/python3.7/site-packages/airflow/example_dags/example_nested_branch_dag.py for tasks to queue
[2025-04-29T04:41:12.076+0000] {logging_mixin.py:137} INFO - [2025-04-29T04:41:12.076+0000] {dagbag.py:538} INFO - Filling up the DagBag from /home/airflow/.local/lib/python3.7/site-packages/airflow/example_dags/example_nested_branch_dag.py
[2025-04-29T04:41:12.088+0000] {processor.py:753} INFO - DAG(s) dict_keys(['example_nested_branch_dag']) retrieved from /home/airflow/.local/lib/python3.7/site-packages/airflow/example_dags/example_nested_branch_dag.py
[2025-04-29T04:41:12.112+0000] {logging_mixin.py:137} INFO - [2025-04-29T04:41:12.111+0000] {dag.py:2690} INFO - Sync 1 DAGs
[2025-04-29T04:41:12.127+0000] {logging_mixin.py:137} INFO - [2025-04-29T04:41:12.127+0000] {dag.py:3441} INFO - Setting next_dagrun for example_nested_branch_dag to 2025-04-28T00:00:00+00:00, run_after=2025-04-29T00:00:00+00:00
[2025-04-29T04:41:12.141+0000] {processor.py:175} INFO - Processing /home/airflow/.local/lib/python3.7/site-packages/airflow/example_dags/example_nested_branch_dag.py took 0.069 seconds
[2025-04-29T04:41:42.799+0000] {processor.py:153} INFO - Started process (PID=721) to work on /home/airflow/.local/lib/python3.7/site-packages/airflow/example_dags/example_nested_branch_dag.py
[2025-04-29T04:41:42.801+0000] {processor.py:743} INFO - Processing file /home/airflow/.local/lib/python3.7/site-packages/airflow/example_dags/example_nested_branch_dag.py for tasks to queue
[2025-04-29T04:41:42.805+0000] {logging_mixin.py:137} INFO - [2025-04-29T04:41:42.805+0000] {dagbag.py:538} INFO - Filling up the DagBag from /home/airflow/.local/lib/python3.7/site-packages/airflow/example_dags/example_nested_branch_dag.py
[2025-04-29T04:41:42.821+0000] {processor.py:753} INFO - DAG(s) dict_keys(['example_nested_branch_dag']) retrieved from /home/airflow/.local/lib/python3.7/site-packages/airflow/example_dags/example_nested_branch_dag.py
[2025-04-29T04:41:42.838+0000] {logging_mixin.py:137} INFO - [2025-04-29T04:41:42.838+0000] {dag.py:2690} INFO - Sync 1 DAGs
[2025-04-29T04:41:42.852+0000] {logging_mixin.py:137} INFO - [2025-04-29T04:41:42.852+0000] {dag.py:3441} INFO - Setting next_dagrun for example_nested_branch_dag to 2025-04-28T00:00:00+00:00, run_after=2025-04-29T00:00:00+00:00
[2025-04-29T04:41:42.862+0000] {processor.py:175} INFO - Processing /home/airflow/.local/lib/python3.7/site-packages/airflow/example_dags/example_nested_branch_dag.py took 0.066 seconds
[2025-04-29T04:42:13.456+0000] {processor.py:153} INFO - Started process (PID=813) to work on /home/airflow/.local/lib/python3.7/site-packages/airflow/example_dags/example_nested_branch_dag.py
[2025-04-29T04:42:13.458+0000] {processor.py:743} INFO - Processing file /home/airflow/.local/lib/python3.7/site-packages/airflow/example_dags/example_nested_branch_dag.py for tasks to queue
[2025-04-29T04:42:13.460+0000] {logging_mixin.py:137} INFO - [2025-04-29T04:42:13.460+0000] {dagbag.py:538} INFO - Filling up the DagBag from /home/airflow/.local/lib/python3.7/site-packages/airflow/example_dags/example_nested_branch_dag.py
[2025-04-29T04:42:13.474+0000] {processor.py:753} INFO - DAG(s) dict_keys(['example_nested_branch_dag']) retrieved from /home/airflow/.local/lib/python3.7/site-packages/airflow/example_dags/example_nested_branch_dag.py
[2025-04-29T04:42:13.491+0000] {logging_mixin.py:137} INFO - [2025-04-29T04:42:13.491+0000] {dag.py:2690} INFO - Sync 1 DAGs
[2025-04-29T04:42:13.506+0000] {logging_mixin.py:137} INFO - [2025-04-29T04:42:13.506+0000] {dag.py:3441} INFO - Setting next_dagrun for example_nested_branch_dag to 2025-04-28T00:00:00+00:00, run_after=2025-04-29T00:00:00+00:00
[2025-04-29T04:42:13.518+0000] {processor.py:175} INFO - Processing /home/airflow/.local/lib/python3.7/site-packages/airflow/example_dags/example_nested_branch_dag.py took 0.064 seconds
[2025-04-29T04:42:43.927+0000] {processor.py:153} INFO - Started process (PID=905) to work on /home/airflow/.local/lib/python3.7/site-packages/airflow/example_dags/example_nested_branch_dag.py
[2025-04-29T04:42:43.930+0000] {processor.py:743} INFO - Processing file /home/airflow/.local/lib/python3.7/site-packages/airflow/example_dags/example_nested_branch_dag.py for tasks to queue
[2025-04-29T04:42:43.931+0000] {logging_mixin.py:137} INFO - [2025-04-29T04:42:43.931+0000] {dagbag.py:538} INFO - Filling up the DagBag from /home/airflow/.local/lib/python3.7/site-packages/airflow/example_dags/example_nested_branch_dag.py
[2025-04-29T04:42:43.945+0000] {processor.py:753} INFO - DAG(s) dict_keys(['example_nested_branch_dag']) retrieved from /home/airflow/.local/lib/python3.7/site-packages/airflow/example_dags/example_nested_branch_dag.py
[2025-04-29T04:42:43.963+0000] {logging_mixin.py:137} INFO - [2025-04-29T04:42:43.963+0000] {dag.py:2690} INFO - Sync 1 DAGs
[2025-04-29T04:42:43.978+0000] {logging_mixin.py:137} INFO - [2025-04-29T04:42:43.977+0000] {dag.py:3441} INFO - Setting next_dagrun for example_nested_branch_dag to 2025-04-28T00:00:00+00:00, run_after=2025-04-29T00:00:00+00:00
[2025-04-29T04:42:43.992+0000] {processor.py:175} INFO - Processing /home/airflow/.local/lib/python3.7/site-packages/airflow/example_dags/example_nested_branch_dag.py took 0.066 seconds
[2025-04-29T04:43:14.597+0000] {processor.py:153} INFO - Started process (PID=990) to work on /home/airflow/.local/lib/python3.7/site-packages/airflow/example_dags/example_nested_branch_dag.py
[2025-04-29T04:43:14.599+0000] {processor.py:743} INFO - Processing file /home/airflow/.local/lib/python3.7/site-packages/airflow/example_dags/example_nested_branch_dag.py for tasks to queue
[2025-04-29T04:43:14.599+0000] {logging_mixin.py:137} INFO - [2025-04-29T04:43:14.599+0000] {dagbag.py:538} INFO - Filling up the DagBag from /home/airflow/.local/lib/python3.7/site-packages/airflow/example_dags/example_nested_branch_dag.py
[2025-04-29T04:43:14.609+0000] {processor.py:753} INFO - DAG(s) dict_keys(['example_nested_branch_dag']) retrieved from /home/airflow/.local/lib/python3.7/site-packages/airflow/example_dags/example_nested_branch_dag.py
[2025-04-29T04:43:14.621+0000] {logging_mixin.py:137} INFO - [2025-04-29T04:43:14.621+0000] {dag.py:2690} INFO - Sync 1 DAGs
[2025-04-29T04:43:14.634+0000] {logging_mixin.py:137} INFO - [2025-04-29T04:43:14.633+0000] {dag.py:3441} INFO - Setting next_dagrun for example_nested_branch_dag to 2025-04-28T00:00:00+00:00, run_after=2025-04-29T00:00:00+00:00
[2025-04-29T04:43:14.642+0000] {processor.py:175} INFO - Processing /home/airflow/.local/lib/python3.7/site-packages/airflow/example_dags/example_nested_branch_dag.py took 0.046 seconds
[2025-04-29T04:43:45.250+0000] {processor.py:153} INFO - Started process (PID=1073) to work on /home/airflow/.local/lib/python3.7/site-packages/airflow/example_dags/example_nested_branch_dag.py
[2025-04-29T04:43:45.250+0000] {processor.py:743} INFO - Processing file /home/airflow/.local/lib/python3.7/site-packages/airflow/example_dags/example_nested_branch_dag.py for tasks to queue
[2025-04-29T04:43:45.250+0000] {logging_mixin.py:137} INFO - [2025-04-29T04:43:45.250+0000] {dagbag.py:538} INFO - Filling up the DagBag from /home/airflow/.local/lib/python3.7/site-packages/airflow/example_dags/example_nested_branch_dag.py
[2025-04-29T04:43:45.267+0000] {processor.py:753} INFO - DAG(s) dict_keys(['example_nested_branch_dag']) retrieved from /home/airflow/.local/lib/python3.7/site-packages/airflow/example_dags/example_nested_branch_dag.py
[2025-04-29T04:43:45.291+0000] {logging_mixin.py:137} INFO - [2025-04-29T04:43:45.291+0000] {dag.py:2690} INFO - Sync 1 DAGs
[2025-04-29T04:43:45.324+0000] {logging_mixin.py:137} INFO - [2025-04-29T04:43:45.324+0000] {dag.py:3441} INFO - Setting next_dagrun for example_nested_branch_dag to 2025-04-28T00:00:00+00:00, run_after=2025-04-29T00:00:00+00:00
[2025-04-29T04:43:45.351+0000] {processor.py:175} INFO - Processing /home/airflow/.local/lib/python3.7/site-packages/airflow/example_dags/example_nested_branch_dag.py took 0.103 seconds
[2025-04-29T04:44:15.927+0000] {processor.py:153} INFO - Started process (PID=1165) to work on /home/airflow/.local/lib/python3.7/site-packages/airflow/example_dags/example_nested_branch_dag.py
[2025-04-29T04:44:15.930+0000] {processor.py:743} INFO - Processing file /home/airflow/.local/lib/python3.7/site-packages/airflow/example_dags/example_nested_branch_dag.py for tasks to queue
[2025-04-29T04:44:15.932+0000] {logging_mixin.py:137} INFO - [2025-04-29T04:44:15.932+0000] {dagbag.py:538} INFO - Filling up the DagBag from /home/airflow/.local/lib/python3.7/site-packages/airflow/example_dags/example_nested_branch_dag.py
[2025-04-29T04:44:15.948+0000] {processor.py:753} INFO - DAG(s) dict_keys(['example_nested_branch_dag']) retrieved from /home/airflow/.local/lib/python3.7/site-packages/airflow/example_dags/example_nested_branch_dag.py
[2025-04-29T04:44:15.964+0000] {logging_mixin.py:137} INFO - [2025-04-29T04:44:15.964+0000] {dag.py:2690} INFO - Sync 1 DAGs
[2025-04-29T04:44:15.978+0000] {logging_mixin.py:137} INFO - [2025-04-29T04:44:15.978+0000] {dag.py:3441} INFO - Setting next_dagrun for example_nested_branch_dag to 2025-04-28T00:00:00+00:00, run_after=2025-04-29T00:00:00+00:00
[2025-04-29T04:44:15.989+0000] {processor.py:175} INFO - Processing /home/airflow/.local/lib/python3.7/site-packages/airflow/example_dags/example_nested_branch_dag.py took 0.065 seconds
[2025-04-29T04:44:46.565+0000] {processor.py:153} INFO - Started process (PID=1257) to work on /home/airflow/.local/lib/python3.7/site-packages/airflow/example_dags/example_nested_branch_dag.py
[2025-04-29T04:44:46.566+0000] {processor.py:743} INFO - Processing file /home/airflow/.local/lib/python3.7/site-packages/airflow/example_dags/example_nested_branch_dag.py for tasks to queue
[2025-04-29T04:44:46.566+0000] {logging_mixin.py:137} INFO - [2025-04-29T04:44:46.566+0000] {dagbag.py:538} INFO - Filling up the DagBag from /home/airflow/.local/lib/python3.7/site-packages/airflow/example_dags/example_nested_branch_dag.py
[2025-04-29T04:44:46.583+0000] {processor.py:753} INFO - DAG(s) dict_keys(['example_nested_branch_dag']) retrieved from /home/airflow/.local/lib/python3.7/site-packages/airflow/example_dags/example_nested_branch_dag.py
[2025-04-29T04:44:46.598+0000] {logging_mixin.py:137} INFO - [2025-04-29T04:44:46.598+0000] {dag.py:2690} INFO - Sync 1 DAGs
[2025-04-29T04:44:46.612+0000] {logging_mixin.py:137} INFO - [2025-04-29T04:44:46.612+0000] {dag.py:3441} INFO - Setting next_dagrun for example_nested_branch_dag to 2025-04-28T00:00:00+00:00, run_after=2025-04-29T00:00:00+00:00
[2025-04-29T04:44:46.622+0000] {processor.py:175} INFO - Processing /home/airflow/.local/lib/python3.7/site-packages/airflow/example_dags/example_nested_branch_dag.py took 0.060 seconds
[2025-04-29T04:45:17.105+0000] {processor.py:153} INFO - Started process (PID=1348) to work on /home/airflow/.local/lib/python3.7/site-packages/airflow/example_dags/example_nested_branch_dag.py
[2025-04-29T04:45:17.106+0000] {processor.py:743} INFO - Processing file /home/airflow/.local/lib/python3.7/site-packages/airflow/example_dags/example_nested_branch_dag.py for tasks to queue
[2025-04-29T04:45:17.106+0000] {logging_mixin.py:137} INFO - [2025-04-29T04:45:17.106+0000] {dagbag.py:538} INFO - Filling up the DagBag from /home/airflow/.local/lib/python3.7/site-packages/airflow/example_dags/example_nested_branch_dag.py
[2025-04-29T04:45:17.121+0000] {processor.py:753} INFO - DAG(s) dict_keys(['example_nested_branch_dag']) retrieved from /home/airflow/.local/lib/python3.7/site-packages/airflow/example_dags/example_nested_branch_dag.py
[2025-04-29T04:45:17.137+0000] {logging_mixin.py:137} INFO - [2025-04-29T04:45:17.137+0000] {dag.py:2690} INFO - Sync 1 DAGs
[2025-04-29T04:45:17.151+0000] {logging_mixin.py:137} INFO - [2025-04-29T04:45:17.151+0000] {dag.py:3441} INFO - Setting next_dagrun for example_nested_branch_dag to 2025-04-28T00:00:00+00:00, run_after=2025-04-29T00:00:00+00:00
[2025-04-29T04:45:17.163+0000] {processor.py:175} INFO - Processing /home/airflow/.local/lib/python3.7/site-packages/airflow/example_dags/example_nested_branch_dag.py took 0.060 seconds
[2025-04-29T04:45:47.634+0000] {processor.py:153} INFO - Started process (PID=1433) to work on /home/airflow/.local/lib/python3.7/site-packages/airflow/example_dags/example_nested_branch_dag.py
[2025-04-29T04:45:47.638+0000] {processor.py:743} INFO - Processing file /home/airflow/.local/lib/python3.7/site-packages/airflow/example_dags/example_nested_branch_dag.py for tasks to queue
[2025-04-29T04:45:47.638+0000] {logging_mixin.py:137} INFO - [2025-04-29T04:45:47.638+0000] {dagbag.py:538} INFO - Filling up the DagBag from /home/airflow/.local/lib/python3.7/site-packages/airflow/example_dags/example_nested_branch_dag.py
[2025-04-29T04:45:47.652+0000] {processor.py:753} INFO - DAG(s) dict_keys(['example_nested_branch_dag']) retrieved from /home/airflow/.local/lib/python3.7/site-packages/airflow/example_dags/example_nested_branch_dag.py
[2025-04-29T04:45:47.667+0000] {logging_mixin.py:137} INFO - [2025-04-29T04:45:47.667+0000] {dag.py:2690} INFO - Sync 1 DAGs
[2025-04-29T04:45:47.679+0000] {logging_mixin.py:137} INFO - [2025-04-29T04:45:47.679+0000] {dag.py:3441} INFO - Setting next_dagrun for example_nested_branch_dag to 2025-04-28T00:00:00+00:00, run_after=2025-04-29T00:00:00+00:00
[2025-04-29T04:45:47.690+0000] {processor.py:175} INFO - Processing /home/airflow/.local/lib/python3.7/site-packages/airflow/example_dags/example_nested_branch_dag.py took 0.057 seconds
[2025-04-29T04:46:18.513+0000] {processor.py:153} INFO - Started process (PID=1516) to work on /home/airflow/.local/lib/python3.7/site-packages/airflow/example_dags/example_nested_branch_dag.py
[2025-04-29T04:46:18.515+0000] {processor.py:743} INFO - Processing file /home/airflow/.local/lib/python3.7/site-packages/airflow/example_dags/example_nested_branch_dag.py for tasks to queue
[2025-04-29T04:46:18.515+0000] {logging_mixin.py:137} INFO - [2025-04-29T04:46:18.515+0000] {dagbag.py:538} INFO - Filling up the DagBag from /home/airflow/.local/lib/python3.7/site-packages/airflow/example_dags/example_nested_branch_dag.py
[2025-04-29T04:46:18.524+0000] {processor.py:753} INFO - DAG(s) dict_keys(['example_nested_branch_dag']) retrieved from /home/airflow/.local/lib/python3.7/site-packages/airflow/example_dags/example_nested_branch_dag.py
[2025-04-29T04:46:18.541+0000] {logging_mixin.py:137} INFO - [2025-04-29T04:46:18.541+0000] {dag.py:2690} INFO - Sync 1 DAGs
[2025-04-29T04:46:18.552+0000] {logging_mixin.py:137} INFO - [2025-04-29T04:46:18.552+0000] {dag.py:3441} INFO - Setting next_dagrun for example_nested_branch_dag to 2025-04-28T00:00:00+00:00, run_after=2025-04-29T00:00:00+00:00
[2025-04-29T04:46:18.568+0000] {processor.py:175} INFO - Processing /home/airflow/.local/lib/python3.7/site-packages/airflow/example_dags/example_nested_branch_dag.py took 0.056 seconds
[2025-04-29T04:46:49.013+0000] {processor.py:153} INFO - Started process (PID=1608) to work on /home/airflow/.local/lib/python3.7/site-packages/airflow/example_dags/example_nested_branch_dag.py
[2025-04-29T04:46:49.014+0000] {processor.py:743} INFO - Processing file /home/airflow/.local/lib/python3.7/site-packages/airflow/example_dags/example_nested_branch_dag.py for tasks to queue
[2025-04-29T04:46:49.014+0000] {logging_mixin.py:137} INFO - [2025-04-29T04:46:49.014+0000] {dagbag.py:538} INFO - Filling up the DagBag from /home/airflow/.local/lib/python3.7/site-packages/airflow/example_dags/example_nested_branch_dag.py
[2025-04-29T04:46:49.032+0000] {processor.py:753} INFO - DAG(s) dict_keys(['example_nested_branch_dag']) retrieved from /home/airflow/.local/lib/python3.7/site-packages/airflow/example_dags/example_nested_branch_dag.py
[2025-04-29T04:46:49.046+0000] {logging_mixin.py:137} INFO - [2025-04-29T04:46:49.046+0000] {dag.py:2690} INFO - Sync 1 DAGs
[2025-04-29T04:46:49.061+0000] {logging_mixin.py:137} INFO - [2025-04-29T04:46:49.061+0000] {dag.py:3441} INFO - Setting next_dagrun for example_nested_branch_dag to 2025-04-28T00:00:00+00:00, run_after=2025-04-29T00:00:00+00:00
[2025-04-29T04:46:49.073+0000] {processor.py:175} INFO - Processing /home/airflow/.local/lib/python3.7/site-packages/airflow/example_dags/example_nested_branch_dag.py took 0.063 seconds
[2025-04-29T04:47:19.474+0000] {processor.py:153} INFO - Started process (PID=1700) to work on /home/airflow/.local/lib/python3.7/site-packages/airflow/example_dags/example_nested_branch_dag.py
[2025-04-29T04:47:19.474+0000] {processor.py:743} INFO - Processing file /home/airflow/.local/lib/python3.7/site-packages/airflow/example_dags/example_nested_branch_dag.py for tasks to queue
[2025-04-29T04:47:19.475+0000] {logging_mixin.py:137} INFO - [2025-04-29T04:47:19.475+0000] {dagbag.py:538} INFO - Filling up the DagBag from /home/airflow/.local/lib/python3.7/site-packages/airflow/example_dags/example_nested_branch_dag.py
[2025-04-29T04:47:19.489+0000] {processor.py:753} INFO - DAG(s) dict_keys(['example_nested_branch_dag']) retrieved from /home/airflow/.local/lib/python3.7/site-packages/airflow/example_dags/example_nested_branch_dag.py
[2025-04-29T04:47:19.503+0000] {logging_mixin.py:137} INFO - [2025-04-29T04:47:19.503+0000] {dag.py:2690} INFO - Sync 1 DAGs
[2025-04-29T04:47:19.519+0000] {logging_mixin.py:137} INFO - [2025-04-29T04:47:19.519+0000] {dag.py:3441} INFO - Setting next_dagrun for example_nested_branch_dag to 2025-04-28T00:00:00+00:00, run_after=2025-04-29T00:00:00+00:00
[2025-04-29T04:47:19.530+0000] {processor.py:175} INFO - Processing /home/airflow/.local/lib/python3.7/site-packages/airflow/example_dags/example_nested_branch_dag.py took 0.058 seconds
[2025-04-29T04:47:50.017+0000] {processor.py:153} INFO - Started process (PID=1792) to work on /home/airflow/.local/lib/python3.7/site-packages/airflow/example_dags/example_nested_branch_dag.py
[2025-04-29T04:47:50.019+0000] {processor.py:743} INFO - Processing file /home/airflow/.local/lib/python3.7/site-packages/airflow/example_dags/example_nested_branch_dag.py for tasks to queue
[2025-04-29T04:47:50.020+0000] {logging_mixin.py:137} INFO - [2025-04-29T04:47:50.019+0000] {dagbag.py:538} INFO - Filling up the DagBag from /home/airflow/.local/lib/python3.7/site-packages/airflow/example_dags/example_nested_branch_dag.py
[2025-04-29T04:47:50.035+0000] {processor.py:753} INFO - DAG(s) dict_keys(['example_nested_branch_dag']) retrieved from /home/airflow/.local/lib/python3.7/site-packages/airflow/example_dags/example_nested_branch_dag.py
[2025-04-29T04:47:50.053+0000] {logging_mixin.py:137} INFO - [2025-04-29T04:47:50.053+0000] {dag.py:2690} INFO - Sync 1 DAGs
[2025-04-29T04:47:50.065+0000] {logging_mixin.py:137} INFO - [2025-04-29T04:47:50.065+0000] {dag.py:3441} INFO - Setting next_dagrun for example_nested_branch_dag to 2025-04-28T00:00:00+00:00, run_after=2025-04-29T00:00:00+00:00
[2025-04-29T04:47:50.078+0000] {processor.py:175} INFO - Processing /home/airflow/.local/lib/python3.7/site-packages/airflow/example_dags/example_nested_branch_dag.py took 0.064 seconds
[2025-04-29T04:48:20.508+0000] {processor.py:153} INFO - Started process (PID=1877) to work on /home/airflow/.local/lib/python3.7/site-packages/airflow/example_dags/example_nested_branch_dag.py
[2025-04-29T04:48:20.509+0000] {processor.py:743} INFO - Processing file /home/airflow/.local/lib/python3.7/site-packages/airflow/example_dags/example_nested_branch_dag.py for tasks to queue
[2025-04-29T04:48:20.509+0000] {logging_mixin.py:137} INFO - [2025-04-29T04:48:20.509+0000] {dagbag.py:538} INFO - Filling up the DagBag from /home/airflow/.local/lib/python3.7/site-packages/airflow/example_dags/example_nested_branch_dag.py
[2025-04-29T04:48:20.518+0000] {processor.py:753} INFO - DAG(s) dict_keys(['example_nested_branch_dag']) retrieved from /home/airflow/.local/lib/python3.7/site-packages/airflow/example_dags/example_nested_branch_dag.py
[2025-04-29T04:48:20.530+0000] {logging_mixin.py:137} INFO - [2025-04-29T04:48:20.530+0000] {dag.py:2690} INFO - Sync 1 DAGs
[2025-04-29T04:48:20.545+0000] {logging_mixin.py:137} INFO - [2025-04-29T04:48:20.544+0000] {dag.py:3441} INFO - Setting next_dagrun for example_nested_branch_dag to 2025-04-28T00:00:00+00:00, run_after=2025-04-29T00:00:00+00:00
[2025-04-29T04:48:20.556+0000] {processor.py:175} INFO - Processing /home/airflow/.local/lib/python3.7/site-packages/airflow/example_dags/example_nested_branch_dag.py took 0.049 seconds
[2025-04-29T04:48:51.128+0000] {processor.py:153} INFO - Started process (PID=1960) to work on /home/airflow/.local/lib/python3.7/site-packages/airflow/example_dags/example_nested_branch_dag.py
[2025-04-29T04:48:51.133+0000] {processor.py:743} INFO - Processing file /home/airflow/.local/lib/python3.7/site-packages/airflow/example_dags/example_nested_branch_dag.py for tasks to queue
[2025-04-29T04:48:51.135+0000] {logging_mixin.py:137} INFO - [2025-04-29T04:48:51.135+0000] {dagbag.py:538} INFO - Filling up the DagBag from /home/airflow/.local/lib/python3.7/site-packages/airflow/example_dags/example_nested_branch_dag.py
[2025-04-29T04:48:51.151+0000] {processor.py:753} INFO - DAG(s) dict_keys(['example_nested_branch_dag']) retrieved from /home/airflow/.local/lib/python3.7/site-packages/airflow/example_dags/example_nested_branch_dag.py
[2025-04-29T04:48:51.164+0000] {logging_mixin.py:137} INFO - [2025-04-29T04:48:51.164+0000] {dag.py:2690} INFO - Sync 1 DAGs
[2025-04-29T04:48:51.175+0000] {logging_mixin.py:137} INFO - [2025-04-29T04:48:51.175+0000] {dag.py:3441} INFO - Setting next_dagrun for example_nested_branch_dag to 2025-04-28T00:00:00+00:00, run_after=2025-04-29T00:00:00+00:00
[2025-04-29T04:48:51.187+0000] {processor.py:175} INFO - Processing /home/airflow/.local/lib/python3.7/site-packages/airflow/example_dags/example_nested_branch_dag.py took 0.061 seconds
[2025-04-29T04:49:21.726+0000] {processor.py:153} INFO - Started process (PID=2052) to work on /home/airflow/.local/lib/python3.7/site-packages/airflow/example_dags/example_nested_branch_dag.py
[2025-04-29T04:49:21.730+0000] {processor.py:743} INFO - Processing file /home/airflow/.local/lib/python3.7/site-packages/airflow/example_dags/example_nested_branch_dag.py for tasks to queue
[2025-04-29T04:49:21.731+0000] {logging_mixin.py:137} INFO - [2025-04-29T04:49:21.731+0000] {dagbag.py:538} INFO - Filling up the DagBag from /home/airflow/.local/lib/python3.7/site-packages/airflow/example_dags/example_nested_branch_dag.py
[2025-04-29T04:49:21.745+0000] {processor.py:753} INFO - DAG(s) dict_keys(['example_nested_branch_dag']) retrieved from /home/airflow/.local/lib/python3.7/site-packages/airflow/example_dags/example_nested_branch_dag.py
[2025-04-29T04:49:21.762+0000] {logging_mixin.py:137} INFO - [2025-04-29T04:49:21.762+0000] {dag.py:2690} INFO - Sync 1 DAGs
[2025-04-29T04:49:21.775+0000] {logging_mixin.py:137} INFO - [2025-04-29T04:49:21.775+0000] {dag.py:3441} INFO - Setting next_dagrun for example_nested_branch_dag to 2025-04-28T00:00:00+00:00, run_after=2025-04-29T00:00:00+00:00
[2025-04-29T04:49:21.796+0000] {processor.py:175} INFO - Processing /home/airflow/.local/lib/python3.7/site-packages/airflow/example_dags/example_nested_branch_dag.py took 0.071 seconds
[2025-04-29T04:49:52.292+0000] {processor.py:153} INFO - Started process (PID=2144) to work on /home/airflow/.local/lib/python3.7/site-packages/airflow/example_dags/example_nested_branch_dag.py
[2025-04-29T04:49:52.299+0000] {processor.py:743} INFO - Processing file /home/airflow/.local/lib/python3.7/site-packages/airflow/example_dags/example_nested_branch_dag.py for tasks to queue
[2025-04-29T04:49:52.301+0000] {logging_mixin.py:137} INFO - [2025-04-29T04:49:52.301+0000] {dagbag.py:538} INFO - Filling up the DagBag from /home/airflow/.local/lib/python3.7/site-packages/airflow/example_dags/example_nested_branch_dag.py
[2025-04-29T04:49:52.313+0000] {processor.py:753} INFO - DAG(s) dict_keys(['example_nested_branch_dag']) retrieved from /home/airflow/.local/lib/python3.7/site-packages/airflow/example_dags/example_nested_branch_dag.py
[2025-04-29T04:49:52.329+0000] {logging_mixin.py:137} INFO - [2025-04-29T04:49:52.329+0000] {dag.py:2690} INFO - Sync 1 DAGs
[2025-04-29T04:49:52.342+0000] {logging_mixin.py:137} INFO - [2025-04-29T04:49:52.342+0000] {dag.py:3441} INFO - Setting next_dagrun for example_nested_branch_dag to 2025-04-28T00:00:00+00:00, run_after=2025-04-29T00:00:00+00:00
[2025-04-29T04:49:52.353+0000] {processor.py:175} INFO - Processing /home/airflow/.local/lib/python3.7/site-packages/airflow/example_dags/example_nested_branch_dag.py took 0.063 seconds
[2025-04-29T04:50:22.868+0000] {processor.py:153} INFO - Started process (PID=2236) to work on /home/airflow/.local/lib/python3.7/site-packages/airflow/example_dags/example_nested_branch_dag.py
[2025-04-29T04:50:22.869+0000] {processor.py:743} INFO - Processing file /home/airflow/.local/lib/python3.7/site-packages/airflow/example_dags/example_nested_branch_dag.py for tasks to queue
[2025-04-29T04:50:22.871+0000] {logging_mixin.py:137} INFO - [2025-04-29T04:50:22.871+0000] {dagbag.py:538} INFO - Filling up the DagBag from /home/airflow/.local/lib/python3.7/site-packages/airflow/example_dags/example_nested_branch_dag.py
[2025-04-29T04:50:22.886+0000] {processor.py:753} INFO - DAG(s) dict_keys(['example_nested_branch_dag']) retrieved from /home/airflow/.local/lib/python3.7/site-packages/airflow/example_dags/example_nested_branch_dag.py
[2025-04-29T04:50:22.898+0000] {logging_mixin.py:137} INFO - [2025-04-29T04:50:22.898+0000] {dag.py:2690} INFO - Sync 1 DAGs
[2025-04-29T04:50:22.911+0000] {logging_mixin.py:137} INFO - [2025-04-29T04:50:22.911+0000] {dag.py:3441} INFO - Setting next_dagrun for example_nested_branch_dag to 2025-04-28T00:00:00+00:00, run_after=2025-04-29T00:00:00+00:00
[2025-04-29T04:50:22.922+0000] {processor.py:175} INFO - Processing /home/airflow/.local/lib/python3.7/site-packages/airflow/example_dags/example_nested_branch_dag.py took 0.056 seconds
[2025-04-29T04:50:53.474+0000] {processor.py:153} INFO - Started process (PID=2311) to work on /home/airflow/.local/lib/python3.7/site-packages/airflow/example_dags/example_nested_branch_dag.py
[2025-04-29T04:50:53.477+0000] {processor.py:743} INFO - Processing file /home/airflow/.local/lib/python3.7/site-packages/airflow/example_dags/example_nested_branch_dag.py for tasks to queue
[2025-04-29T04:50:53.478+0000] {logging_mixin.py:137} INFO - [2025-04-29T04:50:53.478+0000] {dagbag.py:538} INFO - Filling up the DagBag from /home/airflow/.local/lib/python3.7/site-packages/airflow/example_dags/example_nested_branch_dag.py
[2025-04-29T04:50:53.493+0000] {processor.py:753} INFO - DAG(s) dict_keys(['example_nested_branch_dag']) retrieved from /home/airflow/.local/lib/python3.7/site-packages/airflow/example_dags/example_nested_branch_dag.py
[2025-04-29T04:50:53.513+0000] {logging_mixin.py:137} INFO - [2025-04-29T04:50:53.513+0000] {dag.py:2690} INFO - Sync 1 DAGs
[2025-04-29T04:50:53.524+0000] {logging_mixin.py:137} INFO - [2025-04-29T04:50:53.524+0000] {dag.py:3441} INFO - Setting next_dagrun for example_nested_branch_dag to 2025-04-28T00:00:00+00:00, run_after=2025-04-29T00:00:00+00:00
[2025-04-29T04:50:53.535+0000] {processor.py:175} INFO - Processing /home/airflow/.local/lib/python3.7/site-packages/airflow/example_dags/example_nested_branch_dag.py took 0.063 seconds
[2025-04-29T04:51:24.013+0000] {processor.py:153} INFO - Started process (PID=2404) to work on /home/airflow/.local/lib/python3.7/site-packages/airflow/example_dags/example_nested_branch_dag.py
[2025-04-29T04:51:24.013+0000] {processor.py:743} INFO - Processing file /home/airflow/.local/lib/python3.7/site-packages/airflow/example_dags/example_nested_branch_dag.py for tasks to queue
[2025-04-29T04:51:24.014+0000] {logging_mixin.py:137} INFO - [2025-04-29T04:51:24.014+0000] {dagbag.py:538} INFO - Filling up the DagBag from /home/airflow/.local/lib/python3.7/site-packages/airflow/example_dags/example_nested_branch_dag.py
[2025-04-29T04:51:24.027+0000] {processor.py:753} INFO - DAG(s) dict_keys(['example_nested_branch_dag']) retrieved from /home/airflow/.local/lib/python3.7/site-packages/airflow/example_dags/example_nested_branch_dag.py
[2025-04-29T04:51:24.039+0000] {logging_mixin.py:137} INFO - [2025-04-29T04:51:24.039+0000] {dag.py:2690} INFO - Sync 1 DAGs
[2025-04-29T04:51:24.051+0000] {logging_mixin.py:137} INFO - [2025-04-29T04:51:24.051+0000] {dag.py:3441} INFO - Setting next_dagrun for example_nested_branch_dag to 2025-04-28T00:00:00+00:00, run_after=2025-04-29T00:00:00+00:00
[2025-04-29T04:51:24.061+0000] {processor.py:175} INFO - Processing /home/airflow/.local/lib/python3.7/site-packages/airflow/example_dags/example_nested_branch_dag.py took 0.050 seconds
[2025-04-29T04:51:54.556+0000] {processor.py:153} INFO - Started process (PID=2496) to work on /home/airflow/.local/lib/python3.7/site-packages/airflow/example_dags/example_nested_branch_dag.py
[2025-04-29T04:51:54.559+0000] {processor.py:743} INFO - Processing file /home/airflow/.local/lib/python3.7/site-packages/airflow/example_dags/example_nested_branch_dag.py for tasks to queue
[2025-04-29T04:51:54.562+0000] {logging_mixin.py:137} INFO - [2025-04-29T04:51:54.562+0000] {dagbag.py:538} INFO - Filling up the DagBag from /home/airflow/.local/lib/python3.7/site-packages/airflow/example_dags/example_nested_branch_dag.py
[2025-04-29T04:51:54.575+0000] {processor.py:753} INFO - DAG(s) dict_keys(['example_nested_branch_dag']) retrieved from /home/airflow/.local/lib/python3.7/site-packages/airflow/example_dags/example_nested_branch_dag.py
[2025-04-29T04:51:54.588+0000] {logging_mixin.py:137} INFO - [2025-04-29T04:51:54.588+0000] {dag.py:2690} INFO - Sync 1 DAGs
[2025-04-29T04:51:54.602+0000] {logging_mixin.py:137} INFO - [2025-04-29T04:51:54.602+0000] {dag.py:3441} INFO - Setting next_dagrun for example_nested_branch_dag to 2025-04-28T00:00:00+00:00, run_after=2025-04-29T00:00:00+00:00
[2025-04-29T04:51:54.612+0000] {processor.py:175} INFO - Processing /home/airflow/.local/lib/python3.7/site-packages/airflow/example_dags/example_nested_branch_dag.py took 0.058 seconds
[2025-04-29T04:52:25.102+0000] {processor.py:153} INFO - Started process (PID=2588) to work on /home/airflow/.local/lib/python3.7/site-packages/airflow/example_dags/example_nested_branch_dag.py
[2025-04-29T04:52:25.104+0000] {processor.py:743} INFO - Processing file /home/airflow/.local/lib/python3.7/site-packages/airflow/example_dags/example_nested_branch_dag.py for tasks to queue
[2025-04-29T04:52:25.104+0000] {logging_mixin.py:137} INFO - [2025-04-29T04:52:25.104+0000] {dagbag.py:538} INFO - Filling up the DagBag from /home/airflow/.local/lib/python3.7/site-packages/airflow/example_dags/example_nested_branch_dag.py
[2025-04-29T04:52:25.116+0000] {processor.py:753} INFO - DAG(s) dict_keys(['example_nested_branch_dag']) retrieved from /home/airflow/.local/lib/python3.7/site-packages/airflow/example_dags/example_nested_branch_dag.py
[2025-04-29T04:52:25.134+0000] {logging_mixin.py:137} INFO - [2025-04-29T04:52:25.134+0000] {dag.py:2690} INFO - Sync 1 DAGs
[2025-04-29T04:52:25.145+0000] {logging_mixin.py:137} INFO - [2025-04-29T04:52:25.145+0000] {dag.py:3441} INFO - Setting next_dagrun for example_nested_branch_dag to 2025-04-28T00:00:00+00:00, run_after=2025-04-29T00:00:00+00:00
[2025-04-29T04:52:25.156+0000] {processor.py:175} INFO - Processing /home/airflow/.local/lib/python3.7/site-packages/airflow/example_dags/example_nested_branch_dag.py took 0.056 seconds
[2025-04-29T04:52:55.810+0000] {processor.py:153} INFO - Started process (PID=2680) to work on /home/airflow/.local/lib/python3.7/site-packages/airflow/example_dags/example_nested_branch_dag.py
[2025-04-29T04:52:55.817+0000] {processor.py:743} INFO - Processing file /home/airflow/.local/lib/python3.7/site-packages/airflow/example_dags/example_nested_branch_dag.py for tasks to queue
[2025-04-29T04:52:55.819+0000] {logging_mixin.py:137} INFO - [2025-04-29T04:52:55.819+0000] {dagbag.py:538} INFO - Filling up the DagBag from /home/airflow/.local/lib/python3.7/site-packages/airflow/example_dags/example_nested_branch_dag.py
[2025-04-29T04:52:55.833+0000] {processor.py:753} INFO - DAG(s) dict_keys(['example_nested_branch_dag']) retrieved from /home/airflow/.local/lib/python3.7/site-packages/airflow/example_dags/example_nested_branch_dag.py
[2025-04-29T04:52:55.845+0000] {logging_mixin.py:137} INFO - [2025-04-29T04:52:55.845+0000] {dag.py:2690} INFO - Sync 1 DAGs
[2025-04-29T04:52:55.857+0000] {logging_mixin.py:137} INFO - [2025-04-29T04:52:55.856+0000] {dag.py:3441} INFO - Setting next_dagrun for example_nested_branch_dag to 2025-04-28T00:00:00+00:00, run_after=2025-04-29T00:00:00+00:00
[2025-04-29T04:52:55.869+0000] {processor.py:175} INFO - Processing /home/airflow/.local/lib/python3.7/site-packages/airflow/example_dags/example_nested_branch_dag.py took 0.062 seconds
[2025-04-29T04:53:26.422+0000] {processor.py:153} INFO - Started process (PID=2756) to work on /home/airflow/.local/lib/python3.7/site-packages/airflow/example_dags/example_nested_branch_dag.py
[2025-04-29T04:53:26.427+0000] {processor.py:743} INFO - Processing file /home/airflow/.local/lib/python3.7/site-packages/airflow/example_dags/example_nested_branch_dag.py for tasks to queue
[2025-04-29T04:53:26.427+0000] {logging_mixin.py:137} INFO - [2025-04-29T04:53:26.427+0000] {dagbag.py:538} INFO - Filling up the DagBag from /home/airflow/.local/lib/python3.7/site-packages/airflow/example_dags/example_nested_branch_dag.py
[2025-04-29T04:53:26.442+0000] {processor.py:753} INFO - DAG(s) dict_keys(['example_nested_branch_dag']) retrieved from /home/airflow/.local/lib/python3.7/site-packages/airflow/example_dags/example_nested_branch_dag.py
[2025-04-29T04:53:26.457+0000] {logging_mixin.py:137} INFO - [2025-04-29T04:53:26.457+0000] {dag.py:2690} INFO - Sync 1 DAGs
[2025-04-29T04:53:26.470+0000] {logging_mixin.py:137} INFO - [2025-04-29T04:53:26.470+0000] {dag.py:3441} INFO - Setting next_dagrun for example_nested_branch_dag to 2025-04-28T00:00:00+00:00, run_after=2025-04-29T00:00:00+00:00
[2025-04-29T04:53:26.477+0000] {processor.py:175} INFO - Processing /home/airflow/.local/lib/python3.7/site-packages/airflow/example_dags/example_nested_branch_dag.py took 0.058 seconds
[2025-04-29T04:53:56.869+0000] {processor.py:153} INFO - Started process (PID=2848) to work on /home/airflow/.local/lib/python3.7/site-packages/airflow/example_dags/example_nested_branch_dag.py
[2025-04-29T04:53:56.873+0000] {processor.py:743} INFO - Processing file /home/airflow/.local/lib/python3.7/site-packages/airflow/example_dags/example_nested_branch_dag.py for tasks to queue
[2025-04-29T04:53:56.875+0000] {logging_mixin.py:137} INFO - [2025-04-29T04:53:56.875+0000] {dagbag.py:538} INFO - Filling up the DagBag from /home/airflow/.local/lib/python3.7/site-packages/airflow/example_dags/example_nested_branch_dag.py
[2025-04-29T04:53:56.890+0000] {processor.py:753} INFO - DAG(s) dict_keys(['example_nested_branch_dag']) retrieved from /home/airflow/.local/lib/python3.7/site-packages/airflow/example_dags/example_nested_branch_dag.py
[2025-04-29T04:53:56.907+0000] {logging_mixin.py:137} INFO - [2025-04-29T04:53:56.907+0000] {dag.py:2690} INFO - Sync 1 DAGs
[2025-04-29T04:53:56.918+0000] {logging_mixin.py:137} INFO - [2025-04-29T04:53:56.918+0000] {dag.py:3441} INFO - Setting next_dagrun for example_nested_branch_dag to 2025-04-28T00:00:00+00:00, run_after=2025-04-29T00:00:00+00:00
[2025-04-29T04:53:56.928+0000] {processor.py:175} INFO - Processing /home/airflow/.local/lib/python3.7/site-packages/airflow/example_dags/example_nested_branch_dag.py took 0.062 seconds
[2025-04-29T04:54:27.413+0000] {processor.py:153} INFO - Started process (PID=2940) to work on /home/airflow/.local/lib/python3.7/site-packages/airflow/example_dags/example_nested_branch_dag.py
[2025-04-29T04:54:27.415+0000] {processor.py:743} INFO - Processing file /home/airflow/.local/lib/python3.7/site-packages/airflow/example_dags/example_nested_branch_dag.py for tasks to queue
[2025-04-29T04:54:27.417+0000] {logging_mixin.py:137} INFO - [2025-04-29T04:54:27.417+0000] {dagbag.py:538} INFO - Filling up the DagBag from /home/airflow/.local/lib/python3.7/site-packages/airflow/example_dags/example_nested_branch_dag.py
[2025-04-29T04:54:27.432+0000] {processor.py:753} INFO - DAG(s) dict_keys(['example_nested_branch_dag']) retrieved from /home/airflow/.local/lib/python3.7/site-packages/airflow/example_dags/example_nested_branch_dag.py
[2025-04-29T04:54:27.446+0000] {logging_mixin.py:137} INFO - [2025-04-29T04:54:27.446+0000] {dag.py:2690} INFO - Sync 1 DAGs
[2025-04-29T04:54:27.460+0000] {logging_mixin.py:137} INFO - [2025-04-29T04:54:27.460+0000] {dag.py:3441} INFO - Setting next_dagrun for example_nested_branch_dag to 2025-04-28T00:00:00+00:00, run_after=2025-04-29T00:00:00+00:00
[2025-04-29T04:54:27.469+0000] {processor.py:175} INFO - Processing /home/airflow/.local/lib/python3.7/site-packages/airflow/example_dags/example_nested_branch_dag.py took 0.058 seconds
[2025-04-29T04:54:57.947+0000] {processor.py:153} INFO - Started process (PID=3031) to work on /home/airflow/.local/lib/python3.7/site-packages/airflow/example_dags/example_nested_branch_dag.py
[2025-04-29T04:54:57.948+0000] {processor.py:743} INFO - Processing file /home/airflow/.local/lib/python3.7/site-packages/airflow/example_dags/example_nested_branch_dag.py for tasks to queue
[2025-04-29T04:54:57.950+0000] {logging_mixin.py:137} INFO - [2025-04-29T04:54:57.949+0000] {dagbag.py:538} INFO - Filling up the DagBag from /home/airflow/.local/lib/python3.7/site-packages/airflow/example_dags/example_nested_branch_dag.py
[2025-04-29T04:54:57.964+0000] {processor.py:753} INFO - DAG(s) dict_keys(['example_nested_branch_dag']) retrieved from /home/airflow/.local/lib/python3.7/site-packages/airflow/example_dags/example_nested_branch_dag.py
[2025-04-29T04:54:57.979+0000] {logging_mixin.py:137} INFO - [2025-04-29T04:54:57.978+0000] {dag.py:2690} INFO - Sync 1 DAGs
[2025-04-29T04:54:57.993+0000] {logging_mixin.py:137} INFO - [2025-04-29T04:54:57.993+0000] {dag.py:3441} INFO - Setting next_dagrun for example_nested_branch_dag to 2025-04-28T00:00:00+00:00, run_after=2025-04-29T00:00:00+00:00
[2025-04-29T04:54:58.001+0000] {processor.py:175} INFO - Processing /home/airflow/.local/lib/python3.7/site-packages/airflow/example_dags/example_nested_branch_dag.py took 0.057 seconds
[2025-04-29T04:55:28.593+0000] {processor.py:153} INFO - Started process (PID=3123) to work on /home/airflow/.local/lib/python3.7/site-packages/airflow/example_dags/example_nested_branch_dag.py
[2025-04-29T04:55:28.597+0000] {processor.py:743} INFO - Processing file /home/airflow/.local/lib/python3.7/site-packages/airflow/example_dags/example_nested_branch_dag.py for tasks to queue
[2025-04-29T04:55:28.599+0000] {logging_mixin.py:137} INFO - [2025-04-29T04:55:28.599+0000] {dagbag.py:538} INFO - Filling up the DagBag from /home/airflow/.local/lib/python3.7/site-packages/airflow/example_dags/example_nested_branch_dag.py
[2025-04-29T04:55:28.613+0000] {processor.py:753} INFO - DAG(s) dict_keys(['example_nested_branch_dag']) retrieved from /home/airflow/.local/lib/python3.7/site-packages/airflow/example_dags/example_nested_branch_dag.py
[2025-04-29T04:55:28.629+0000] {logging_mixin.py:137} INFO - [2025-04-29T04:55:28.629+0000] {dag.py:2690} INFO - Sync 1 DAGs
[2025-04-29T04:55:28.641+0000] {logging_mixin.py:137} INFO - [2025-04-29T04:55:28.641+0000] {dag.py:3441} INFO - Setting next_dagrun for example_nested_branch_dag to 2025-04-28T00:00:00+00:00, run_after=2025-04-29T00:00:00+00:00
[2025-04-29T04:55:28.650+0000] {processor.py:175} INFO - Processing /home/airflow/.local/lib/python3.7/site-packages/airflow/example_dags/example_nested_branch_dag.py took 0.060 seconds
[2025-04-29T04:55:59.182+0000] {processor.py:153} INFO - Started process (PID=3199) to work on /home/airflow/.local/lib/python3.7/site-packages/airflow/example_dags/example_nested_branch_dag.py
[2025-04-29T04:55:59.183+0000] {processor.py:743} INFO - Processing file /home/airflow/.local/lib/python3.7/site-packages/airflow/example_dags/example_nested_branch_dag.py for tasks to queue
[2025-04-29T04:55:59.184+0000] {logging_mixin.py:137} INFO - [2025-04-29T04:55:59.184+0000] {dagbag.py:538} INFO - Filling up the DagBag from /home/airflow/.local/lib/python3.7/site-packages/airflow/example_dags/example_nested_branch_dag.py
[2025-04-29T04:55:59.200+0000] {processor.py:753} INFO - DAG(s) dict_keys(['example_nested_branch_dag']) retrieved from /home/airflow/.local/lib/python3.7/site-packages/airflow/example_dags/example_nested_branch_dag.py
[2025-04-29T04:55:59.218+0000] {logging_mixin.py:137} INFO - [2025-04-29T04:55:59.218+0000] {dag.py:2690} INFO - Sync 1 DAGs
[2025-04-29T04:55:59.232+0000] {logging_mixin.py:137} INFO - [2025-04-29T04:55:59.232+0000] {dag.py:3441} INFO - Setting next_dagrun for example_nested_branch_dag to 2025-04-28T00:00:00+00:00, run_after=2025-04-29T00:00:00+00:00
[2025-04-29T04:55:59.241+0000] {processor.py:175} INFO - Processing /home/airflow/.local/lib/python3.7/site-packages/airflow/example_dags/example_nested_branch_dag.py took 0.061 seconds
[2025-04-29T04:56:29.732+0000] {processor.py:153} INFO - Started process (PID=3291) to work on /home/airflow/.local/lib/python3.7/site-packages/airflow/example_dags/example_nested_branch_dag.py
[2025-04-29T04:56:29.732+0000] {processor.py:743} INFO - Processing file /home/airflow/.local/lib/python3.7/site-packages/airflow/example_dags/example_nested_branch_dag.py for tasks to queue
[2025-04-29T04:56:29.734+0000] {logging_mixin.py:137} INFO - [2025-04-29T04:56:29.734+0000] {dagbag.py:538} INFO - Filling up the DagBag from /home/airflow/.local/lib/python3.7/site-packages/airflow/example_dags/example_nested_branch_dag.py
[2025-04-29T04:56:29.749+0000] {processor.py:753} INFO - DAG(s) dict_keys(['example_nested_branch_dag']) retrieved from /home/airflow/.local/lib/python3.7/site-packages/airflow/example_dags/example_nested_branch_dag.py
[2025-04-29T04:56:29.762+0000] {logging_mixin.py:137} INFO - [2025-04-29T04:56:29.762+0000] {dag.py:2690} INFO - Sync 1 DAGs
[2025-04-29T04:56:29.775+0000] {logging_mixin.py:137} INFO - [2025-04-29T04:56:29.775+0000] {dag.py:3441} INFO - Setting next_dagrun for example_nested_branch_dag to 2025-04-28T00:00:00+00:00, run_after=2025-04-29T00:00:00+00:00
[2025-04-29T04:56:29.786+0000] {processor.py:175} INFO - Processing /home/airflow/.local/lib/python3.7/site-packages/airflow/example_dags/example_nested_branch_dag.py took 0.057 seconds
