[2025-04-29T04:38:07.433+0000] {processor.py:153} INFO - Started process (PID=85) to work on /home/airflow/.local/lib/python3.7/site-packages/airflow/example_dags/example_branch_datetime_operator.py
[2025-04-29T04:38:07.435+0000] {processor.py:743} INFO - Processing file /home/airflow/.local/lib/python3.7/site-packages/airflow/example_dags/example_branch_datetime_operator.py for tasks to queue
[2025-04-29T04:38:07.438+0000] {logging_mixin.py:137} INFO - [2025-04-29T04:38:07.437+0000] {dagbag.py:538} INFO - Filling up the DagBag from /home/airflow/.local/lib/python3.7/site-packages/airflow/example_dags/example_branch_datetime_operator.py
[2025-04-29T04:38:07.457+0000] {processor.py:753} INFO - DAG(s) dict_keys(['example_branch_datetime_operator_2', 'example_branch_datetime_operator', 'example_branch_datetime_operator_3']) retrieved from /home/airflow/.local/lib/python3.7/site-packages/airflow/example_dags/example_branch_datetime_operator.py
[2025-04-29T04:38:07.477+0000] {logging_mixin.py:137} INFO - [2025-04-29T04:38:07.477+0000] {dag.py:2690} INFO - Sync 3 DAGs
[2025-04-29T04:38:07.509+0000] {logging_mixin.py:137} INFO - [2025-04-29T04:38:07.508+0000] {dag.py:3441} INFO - Setting next_dagrun for example_branch_datetime_operator to 2025-04-28T00:00:00+00:00, run_after=2025-04-29T00:00:00+00:00
[2025-04-29T04:38:07.513+0000] {logging_mixin.py:137} INFO - [2025-04-29T04:38:07.513+0000] {dag.py:3441} INFO - Setting next_dagrun for example_branch_datetime_operator_2 to 2025-04-28T00:00:00+00:00, run_after=2025-04-29T00:00:00+00:00
[2025-04-29T04:38:07.519+0000] {logging_mixin.py:137} INFO - [2025-04-29T04:38:07.519+0000] {dag.py:3441} INFO - Setting next_dagrun for example_branch_datetime_operator_3 to 2025-04-28T00:00:00+00:00, run_after=2025-04-29T00:00:00+00:00
[2025-04-29T04:38:07.547+0000] {processor.py:175} INFO - Processing /home/airflow/.local/lib/python3.7/site-packages/airflow/example_dags/example_branch_datetime_operator.py took 0.117 seconds
[2025-04-29T04:38:37.581+0000] {processor.py:153} INFO - Started process (PID=177) to work on /home/airflow/.local/lib/python3.7/site-packages/airflow/example_dags/example_branch_datetime_operator.py
[2025-04-29T04:38:37.581+0000] {processor.py:743} INFO - Processing file /home/airflow/.local/lib/python3.7/site-packages/airflow/example_dags/example_branch_datetime_operator.py for tasks to queue
[2025-04-29T04:38:37.582+0000] {logging_mixin.py:137} INFO - [2025-04-29T04:38:37.582+0000] {dagbag.py:538} INFO - Filling up the DagBag from /home/airflow/.local/lib/python3.7/site-packages/airflow/example_dags/example_branch_datetime_operator.py
[2025-04-29T04:38:37.590+0000] {processor.py:753} INFO - DAG(s) dict_keys(['example_branch_datetime_operator', 'example_branch_datetime_operator_2', 'example_branch_datetime_operator_3']) retrieved from /home/airflow/.local/lib/python3.7/site-packages/airflow/example_dags/example_branch_datetime_operator.py
[2025-04-29T04:38:37.611+0000] {logging_mixin.py:137} INFO - [2025-04-29T04:38:37.611+0000] {dag.py:2690} INFO - Sync 3 DAGs
[2025-04-29T04:38:37.637+0000] {logging_mixin.py:137} INFO - [2025-04-29T04:38:37.637+0000] {dag.py:3441} INFO - Setting next_dagrun for example_branch_datetime_operator to 2025-04-28T00:00:00+00:00, run_after=2025-04-29T00:00:00+00:00
[2025-04-29T04:38:37.640+0000] {logging_mixin.py:137} INFO - [2025-04-29T04:38:37.640+0000] {dag.py:3441} INFO - Setting next_dagrun for example_branch_datetime_operator_2 to 2025-04-28T00:00:00+00:00, run_after=2025-04-29T00:00:00+00:00
[2025-04-29T04:38:37.642+0000] {logging_mixin.py:137} INFO - [2025-04-29T04:38:37.642+0000] {dag.py:3441} INFO - Setting next_dagrun for example_branch_datetime_operator_3 to 2025-04-28T00:00:00+00:00, run_after=2025-04-29T00:00:00+00:00
[2025-04-29T04:38:37.660+0000] {processor.py:175} INFO - Processing /home/airflow/.local/lib/python3.7/site-packages/airflow/example_dags/example_branch_datetime_operator.py took 0.081 seconds
[2025-04-29T04:39:08.235+0000] {processor.py:153} INFO - Started process (PID=275) to work on /home/airflow/.local/lib/python3.7/site-packages/airflow/example_dags/example_branch_datetime_operator.py
[2025-04-29T04:39:08.235+0000] {processor.py:743} INFO - Processing file /home/airflow/.local/lib/python3.7/site-packages/airflow/example_dags/example_branch_datetime_operator.py for tasks to queue
[2025-04-29T04:39:08.235+0000] {logging_mixin.py:137} INFO - [2025-04-29T04:39:08.235+0000] {dagbag.py:538} INFO - Filling up the DagBag from /home/airflow/.local/lib/python3.7/site-packages/airflow/example_dags/example_branch_datetime_operator.py
[2025-04-29T04:39:08.244+0000] {processor.py:753} INFO - DAG(s) dict_keys(['example_branch_datetime_operator_2', 'example_branch_datetime_operator_3', 'example_branch_datetime_operator']) retrieved from /home/airflow/.local/lib/python3.7/site-packages/airflow/example_dags/example_branch_datetime_operator.py
[2025-04-29T04:39:08.260+0000] {logging_mixin.py:137} INFO - [2025-04-29T04:39:08.260+0000] {dag.py:2690} INFO - Sync 3 DAGs
[2025-04-29T04:39:08.276+0000] {logging_mixin.py:137} INFO - [2025-04-29T04:39:08.276+0000] {dag.py:3441} INFO - Setting next_dagrun for example_branch_datetime_operator to 2025-04-28T00:00:00+00:00, run_after=2025-04-29T00:00:00+00:00
[2025-04-29T04:39:08.278+0000] {logging_mixin.py:137} INFO - [2025-04-29T04:39:08.278+0000] {dag.py:3441} INFO - Setting next_dagrun for example_branch_datetime_operator_2 to 2025-04-28T00:00:00+00:00, run_after=2025-04-29T00:00:00+00:00
[2025-04-29T04:39:08.280+0000] {logging_mixin.py:137} INFO - [2025-04-29T04:39:08.280+0000] {dag.py:3441} INFO - Setting next_dagrun for example_branch_datetime_operator_3 to 2025-04-28T00:00:00+00:00, run_after=2025-04-29T00:00:00+00:00
[2025-04-29T04:39:08.290+0000] {processor.py:175} INFO - Processing /home/airflow/.local/lib/python3.7/site-packages/airflow/example_dags/example_branch_datetime_operator.py took 0.057 seconds
[2025-04-29T04:39:38.879+0000] {processor.py:153} INFO - Started process (PID=367) to work on /home/airflow/.local/lib/python3.7/site-packages/airflow/example_dags/example_branch_datetime_operator.py
[2025-04-29T04:39:38.884+0000] {processor.py:743} INFO - Processing file /home/airflow/.local/lib/python3.7/site-packages/airflow/example_dags/example_branch_datetime_operator.py for tasks to queue
[2025-04-29T04:39:38.884+0000] {logging_mixin.py:137} INFO - [2025-04-29T04:39:38.884+0000] {dagbag.py:538} INFO - Filling up the DagBag from /home/airflow/.local/lib/python3.7/site-packages/airflow/example_dags/example_branch_datetime_operator.py
[2025-04-29T04:39:38.894+0000] {processor.py:753} INFO - DAG(s) dict_keys(['example_branch_datetime_operator', 'example_branch_datetime_operator_3', 'example_branch_datetime_operator_2']) retrieved from /home/airflow/.local/lib/python3.7/site-packages/airflow/example_dags/example_branch_datetime_operator.py
[2025-04-29T04:39:38.911+0000] {logging_mixin.py:137} INFO - [2025-04-29T04:39:38.911+0000] {dag.py:2690} INFO - Sync 3 DAGs
[2025-04-29T04:39:38.927+0000] {logging_mixin.py:137} INFO - [2025-04-29T04:39:38.927+0000] {dag.py:3441} INFO - Setting next_dagrun for example_branch_datetime_operator to 2025-04-28T00:00:00+00:00, run_after=2025-04-29T00:00:00+00:00
[2025-04-29T04:39:38.931+0000] {logging_mixin.py:137} INFO - [2025-04-29T04:39:38.931+0000] {dag.py:3441} INFO - Setting next_dagrun for example_branch_datetime_operator_2 to 2025-04-28T00:00:00+00:00, run_after=2025-04-29T00:00:00+00:00
[2025-04-29T04:39:38.932+0000] {logging_mixin.py:137} INFO - [2025-04-29T04:39:38.932+0000] {dag.py:3441} INFO - Setting next_dagrun for example_branch_datetime_operator_3 to 2025-04-28T00:00:00+00:00, run_after=2025-04-29T00:00:00+00:00
[2025-04-29T04:39:38.938+0000] {processor.py:175} INFO - Processing /home/airflow/.local/lib/python3.7/site-packages/airflow/example_dags/example_branch_datetime_operator.py took 0.060 seconds
[2025-04-29T04:40:09.578+0000] {processor.py:153} INFO - Started process (PID=458) to work on /home/airflow/.local/lib/python3.7/site-packages/airflow/example_dags/example_branch_datetime_operator.py
[2025-04-29T04:40:09.578+0000] {processor.py:743} INFO - Processing file /home/airflow/.local/lib/python3.7/site-packages/airflow/example_dags/example_branch_datetime_operator.py for tasks to queue
[2025-04-29T04:40:09.579+0000] {logging_mixin.py:137} INFO - [2025-04-29T04:40:09.579+0000] {dagbag.py:538} INFO - Filling up the DagBag from /home/airflow/.local/lib/python3.7/site-packages/airflow/example_dags/example_branch_datetime_operator.py
[2025-04-29T04:40:09.585+0000] {processor.py:753} INFO - DAG(s) dict_keys(['example_branch_datetime_operator', 'example_branch_datetime_operator_2', 'example_branch_datetime_operator_3']) retrieved from /home/airflow/.local/lib/python3.7/site-packages/airflow/example_dags/example_branch_datetime_operator.py
[2025-04-29T04:40:09.607+0000] {logging_mixin.py:137} INFO - [2025-04-29T04:40:09.607+0000] {dag.py:2690} INFO - Sync 3 DAGs
[2025-04-29T04:40:09.622+0000] {logging_mixin.py:137} INFO - [2025-04-29T04:40:09.622+0000] {dag.py:3441} INFO - Setting next_dagrun for example_branch_datetime_operator to 2025-04-28T00:00:00+00:00, run_after=2025-04-29T00:00:00+00:00
[2025-04-29T04:40:09.624+0000] {logging_mixin.py:137} INFO - [2025-04-29T04:40:09.624+0000] {dag.py:3441} INFO - Setting next_dagrun for example_branch_datetime_operator_2 to 2025-04-28T00:00:00+00:00, run_after=2025-04-29T00:00:00+00:00
[2025-04-29T04:40:09.625+0000] {logging_mixin.py:137} INFO - [2025-04-29T04:40:09.625+0000] {dag.py:3441} INFO - Setting next_dagrun for example_branch_datetime_operator_3 to 2025-04-28T00:00:00+00:00, run_after=2025-04-29T00:00:00+00:00
[2025-04-29T04:40:09.631+0000] {processor.py:175} INFO - Processing /home/airflow/.local/lib/python3.7/site-packages/airflow/example_dags/example_branch_datetime_operator.py took 0.055 seconds
[2025-04-29T04:40:40.243+0000] {processor.py:153} INFO - Started process (PID=534) to work on /home/airflow/.local/lib/python3.7/site-packages/airflow/example_dags/example_branch_datetime_operator.py
[2025-04-29T04:40:40.244+0000] {processor.py:743} INFO - Processing file /home/airflow/.local/lib/python3.7/site-packages/airflow/example_dags/example_branch_datetime_operator.py for tasks to queue
[2025-04-29T04:40:40.245+0000] {logging_mixin.py:137} INFO - [2025-04-29T04:40:40.245+0000] {dagbag.py:538} INFO - Filling up the DagBag from /home/airflow/.local/lib/python3.7/site-packages/airflow/example_dags/example_branch_datetime_operator.py
[2025-04-29T04:40:40.256+0000] {processor.py:753} INFO - DAG(s) dict_keys(['example_branch_datetime_operator_2', 'example_branch_datetime_operator_3', 'example_branch_datetime_operator']) retrieved from /home/airflow/.local/lib/python3.7/site-packages/airflow/example_dags/example_branch_datetime_operator.py
[2025-04-29T04:40:40.280+0000] {logging_mixin.py:137} INFO - [2025-04-29T04:40:40.279+0000] {dag.py:2690} INFO - Sync 3 DAGs
[2025-04-29T04:40:40.293+0000] {logging_mixin.py:137} INFO - [2025-04-29T04:40:40.293+0000] {dag.py:3441} INFO - Setting next_dagrun for example_branch_datetime_operator to 2025-04-28T00:00:00+00:00, run_after=2025-04-29T00:00:00+00:00
[2025-04-29T04:40:40.299+0000] {logging_mixin.py:137} INFO - [2025-04-29T04:40:40.299+0000] {dag.py:3441} INFO - Setting next_dagrun for example_branch_datetime_operator_2 to 2025-04-28T00:00:00+00:00, run_after=2025-04-29T00:00:00+00:00
[2025-04-29T04:40:40.300+0000] {logging_mixin.py:137} INFO - [2025-04-29T04:40:40.300+0000] {dag.py:3441} INFO - Setting next_dagrun for example_branch_datetime_operator_3 to 2025-04-28T00:00:00+00:00, run_after=2025-04-29T00:00:00+00:00
[2025-04-29T04:40:40.308+0000] {processor.py:175} INFO - Processing /home/airflow/.local/lib/python3.7/site-packages/airflow/example_dags/example_branch_datetime_operator.py took 0.067 seconds
[2025-04-29T04:41:11.000+0000] {processor.py:153} INFO - Started process (PID=626) to work on /home/airflow/.local/lib/python3.7/site-packages/airflow/example_dags/example_branch_datetime_operator.py
[2025-04-29T04:41:11.004+0000] {processor.py:743} INFO - Processing file /home/airflow/.local/lib/python3.7/site-packages/airflow/example_dags/example_branch_datetime_operator.py for tasks to queue
[2025-04-29T04:41:11.004+0000] {logging_mixin.py:137} INFO - [2025-04-29T04:41:11.004+0000] {dagbag.py:538} INFO - Filling up the DagBag from /home/airflow/.local/lib/python3.7/site-packages/airflow/example_dags/example_branch_datetime_operator.py
[2025-04-29T04:41:11.011+0000] {processor.py:753} INFO - DAG(s) dict_keys(['example_branch_datetime_operator_2', 'example_branch_datetime_operator_3', 'example_branch_datetime_operator']) retrieved from /home/airflow/.local/lib/python3.7/site-packages/airflow/example_dags/example_branch_datetime_operator.py
[2025-04-29T04:41:11.024+0000] {logging_mixin.py:137} INFO - [2025-04-29T04:41:11.024+0000] {dag.py:2690} INFO - Sync 3 DAGs
[2025-04-29T04:41:11.037+0000] {logging_mixin.py:137} INFO - [2025-04-29T04:41:11.037+0000] {dag.py:3441} INFO - Setting next_dagrun for example_branch_datetime_operator to 2025-04-28T00:00:00+00:00, run_after=2025-04-29T00:00:00+00:00
[2025-04-29T04:41:11.040+0000] {logging_mixin.py:137} INFO - [2025-04-29T04:41:11.040+0000] {dag.py:3441} INFO - Setting next_dagrun for example_branch_datetime_operator_2 to 2025-04-28T00:00:00+00:00, run_after=2025-04-29T00:00:00+00:00
[2025-04-29T04:41:11.041+0000] {logging_mixin.py:137} INFO - [2025-04-29T04:41:11.041+0000] {dag.py:3441} INFO - Setting next_dagrun for example_branch_datetime_operator_3 to 2025-04-28T00:00:00+00:00, run_after=2025-04-29T00:00:00+00:00
[2025-04-29T04:41:11.055+0000] {processor.py:175} INFO - Processing /home/airflow/.local/lib/python3.7/site-packages/airflow/example_dags/example_branch_datetime_operator.py took 0.056 seconds
[2025-04-29T04:41:41.716+0000] {processor.py:153} INFO - Started process (PID=718) to work on /home/airflow/.local/lib/python3.7/site-packages/airflow/example_dags/example_branch_datetime_operator.py
[2025-04-29T04:41:41.716+0000] {processor.py:743} INFO - Processing file /home/airflow/.local/lib/python3.7/site-packages/airflow/example_dags/example_branch_datetime_operator.py for tasks to queue
[2025-04-29T04:41:41.717+0000] {logging_mixin.py:137} INFO - [2025-04-29T04:41:41.716+0000] {dagbag.py:538} INFO - Filling up the DagBag from /home/airflow/.local/lib/python3.7/site-packages/airflow/example_dags/example_branch_datetime_operator.py
[2025-04-29T04:41:41.728+0000] {processor.py:753} INFO - DAG(s) dict_keys(['example_branch_datetime_operator_3', 'example_branch_datetime_operator_2', 'example_branch_datetime_operator']) retrieved from /home/airflow/.local/lib/python3.7/site-packages/airflow/example_dags/example_branch_datetime_operator.py
[2025-04-29T04:41:41.749+0000] {logging_mixin.py:137} INFO - [2025-04-29T04:41:41.749+0000] {dag.py:2690} INFO - Sync 3 DAGs
[2025-04-29T04:41:41.763+0000] {logging_mixin.py:137} INFO - [2025-04-29T04:41:41.763+0000] {dag.py:3441} INFO - Setting next_dagrun for example_branch_datetime_operator to 2025-04-28T00:00:00+00:00, run_after=2025-04-29T00:00:00+00:00
[2025-04-29T04:41:41.766+0000] {logging_mixin.py:137} INFO - [2025-04-29T04:41:41.766+0000] {dag.py:3441} INFO - Setting next_dagrun for example_branch_datetime_operator_2 to 2025-04-28T00:00:00+00:00, run_after=2025-04-29T00:00:00+00:00
[2025-04-29T04:41:41.767+0000] {logging_mixin.py:137} INFO - [2025-04-29T04:41:41.767+0000] {dag.py:3441} INFO - Setting next_dagrun for example_branch_datetime_operator_3 to 2025-04-28T00:00:00+00:00, run_after=2025-04-29T00:00:00+00:00
[2025-04-29T04:41:41.773+0000] {processor.py:175} INFO - Processing /home/airflow/.local/lib/python3.7/site-packages/airflow/example_dags/example_branch_datetime_operator.py took 0.058 seconds
[2025-04-29T04:42:12.351+0000] {processor.py:153} INFO - Started process (PID=810) to work on /home/airflow/.local/lib/python3.7/site-packages/airflow/example_dags/example_branch_datetime_operator.py
[2025-04-29T04:42:12.356+0000] {processor.py:743} INFO - Processing file /home/airflow/.local/lib/python3.7/site-packages/airflow/example_dags/example_branch_datetime_operator.py for tasks to queue
[2025-04-29T04:42:12.356+0000] {logging_mixin.py:137} INFO - [2025-04-29T04:42:12.356+0000] {dagbag.py:538} INFO - Filling up the DagBag from /home/airflow/.local/lib/python3.7/site-packages/airflow/example_dags/example_branch_datetime_operator.py
[2025-04-29T04:42:12.367+0000] {processor.py:753} INFO - DAG(s) dict_keys(['example_branch_datetime_operator', 'example_branch_datetime_operator_2', 'example_branch_datetime_operator_3']) retrieved from /home/airflow/.local/lib/python3.7/site-packages/airflow/example_dags/example_branch_datetime_operator.py
[2025-04-29T04:42:12.390+0000] {logging_mixin.py:137} INFO - [2025-04-29T04:42:12.390+0000] {dag.py:2690} INFO - Sync 3 DAGs
[2025-04-29T04:42:12.403+0000] {logging_mixin.py:137} INFO - [2025-04-29T04:42:12.403+0000] {dag.py:3441} INFO - Setting next_dagrun for example_branch_datetime_operator to 2025-04-28T00:00:00+00:00, run_after=2025-04-29T00:00:00+00:00
[2025-04-29T04:42:12.405+0000] {logging_mixin.py:137} INFO - [2025-04-29T04:42:12.405+0000] {dag.py:3441} INFO - Setting next_dagrun for example_branch_datetime_operator_2 to 2025-04-28T00:00:00+00:00, run_after=2025-04-29T00:00:00+00:00
[2025-04-29T04:42:12.406+0000] {logging_mixin.py:137} INFO - [2025-04-29T04:42:12.406+0000] {dag.py:3441} INFO - Setting next_dagrun for example_branch_datetime_operator_3 to 2025-04-28T00:00:00+00:00, run_after=2025-04-29T00:00:00+00:00
[2025-04-29T04:42:12.412+0000] {processor.py:175} INFO - Processing /home/airflow/.local/lib/python3.7/site-packages/airflow/example_dags/example_branch_datetime_operator.py took 0.062 seconds
[2025-04-29T04:42:42.851+0000] {processor.py:153} INFO - Started process (PID=902) to work on /home/airflow/.local/lib/python3.7/site-packages/airflow/example_dags/example_branch_datetime_operator.py
[2025-04-29T04:42:42.851+0000] {processor.py:743} INFO - Processing file /home/airflow/.local/lib/python3.7/site-packages/airflow/example_dags/example_branch_datetime_operator.py for tasks to queue
[2025-04-29T04:42:42.852+0000] {logging_mixin.py:137} INFO - [2025-04-29T04:42:42.852+0000] {dagbag.py:538} INFO - Filling up the DagBag from /home/airflow/.local/lib/python3.7/site-packages/airflow/example_dags/example_branch_datetime_operator.py
[2025-04-29T04:42:42.860+0000] {processor.py:753} INFO - DAG(s) dict_keys(['example_branch_datetime_operator_2', 'example_branch_datetime_operator_3', 'example_branch_datetime_operator']) retrieved from /home/airflow/.local/lib/python3.7/site-packages/airflow/example_dags/example_branch_datetime_operator.py
[2025-04-29T04:42:42.880+0000] {logging_mixin.py:137} INFO - [2025-04-29T04:42:42.880+0000] {dag.py:2690} INFO - Sync 3 DAGs
[2025-04-29T04:42:42.896+0000] {logging_mixin.py:137} INFO - [2025-04-29T04:42:42.896+0000] {dag.py:3441} INFO - Setting next_dagrun for example_branch_datetime_operator to 2025-04-28T00:00:00+00:00, run_after=2025-04-29T00:00:00+00:00
[2025-04-29T04:42:42.898+0000] {logging_mixin.py:137} INFO - [2025-04-29T04:42:42.898+0000] {dag.py:3441} INFO - Setting next_dagrun for example_branch_datetime_operator_2 to 2025-04-28T00:00:00+00:00, run_after=2025-04-29T00:00:00+00:00
[2025-04-29T04:42:42.900+0000] {logging_mixin.py:137} INFO - [2025-04-29T04:42:42.900+0000] {dag.py:3441} INFO - Setting next_dagrun for example_branch_datetime_operator_3 to 2025-04-28T00:00:00+00:00, run_after=2025-04-29T00:00:00+00:00
[2025-04-29T04:42:42.916+0000] {processor.py:175} INFO - Processing /home/airflow/.local/lib/python3.7/site-packages/airflow/example_dags/example_branch_datetime_operator.py took 0.067 seconds
[2025-04-29T04:43:13.515+0000] {processor.py:153} INFO - Started process (PID=978) to work on /home/airflow/.local/lib/python3.7/site-packages/airflow/example_dags/example_branch_datetime_operator.py
[2025-04-29T04:43:13.516+0000] {processor.py:743} INFO - Processing file /home/airflow/.local/lib/python3.7/site-packages/airflow/example_dags/example_branch_datetime_operator.py for tasks to queue
[2025-04-29T04:43:13.516+0000] {logging_mixin.py:137} INFO - [2025-04-29T04:43:13.516+0000] {dagbag.py:538} INFO - Filling up the DagBag from /home/airflow/.local/lib/python3.7/site-packages/airflow/example_dags/example_branch_datetime_operator.py
[2025-04-29T04:43:13.527+0000] {processor.py:753} INFO - DAG(s) dict_keys(['example_branch_datetime_operator', 'example_branch_datetime_operator_3', 'example_branch_datetime_operator_2']) retrieved from /home/airflow/.local/lib/python3.7/site-packages/airflow/example_dags/example_branch_datetime_operator.py
[2025-04-29T04:43:13.549+0000] {logging_mixin.py:137} INFO - [2025-04-29T04:43:13.549+0000] {dag.py:2690} INFO - Sync 3 DAGs
[2025-04-29T04:43:13.565+0000] {logging_mixin.py:137} INFO - [2025-04-29T04:43:13.565+0000] {dag.py:3441} INFO - Setting next_dagrun for example_branch_datetime_operator to 2025-04-28T00:00:00+00:00, run_after=2025-04-29T00:00:00+00:00
[2025-04-29T04:43:13.567+0000] {logging_mixin.py:137} INFO - [2025-04-29T04:43:13.567+0000] {dag.py:3441} INFO - Setting next_dagrun for example_branch_datetime_operator_2 to 2025-04-28T00:00:00+00:00, run_after=2025-04-29T00:00:00+00:00
[2025-04-29T04:43:13.570+0000] {logging_mixin.py:137} INFO - [2025-04-29T04:43:13.570+0000] {dag.py:3441} INFO - Setting next_dagrun for example_branch_datetime_operator_3 to 2025-04-28T00:00:00+00:00, run_after=2025-04-29T00:00:00+00:00
[2025-04-29T04:43:13.577+0000] {processor.py:175} INFO - Processing /home/airflow/.local/lib/python3.7/site-packages/airflow/example_dags/example_branch_datetime_operator.py took 0.064 seconds
[2025-04-29T04:43:44.177+0000] {processor.py:153} INFO - Started process (PID=1070) to work on /home/airflow/.local/lib/python3.7/site-packages/airflow/example_dags/example_branch_datetime_operator.py
[2025-04-29T04:43:44.178+0000] {processor.py:743} INFO - Processing file /home/airflow/.local/lib/python3.7/site-packages/airflow/example_dags/example_branch_datetime_operator.py for tasks to queue
[2025-04-29T04:43:44.179+0000] {logging_mixin.py:137} INFO - [2025-04-29T04:43:44.179+0000] {dagbag.py:538} INFO - Filling up the DagBag from /home/airflow/.local/lib/python3.7/site-packages/airflow/example_dags/example_branch_datetime_operator.py
[2025-04-29T04:43:44.188+0000] {processor.py:753} INFO - DAG(s) dict_keys(['example_branch_datetime_operator_2', 'example_branch_datetime_operator', 'example_branch_datetime_operator_3']) retrieved from /home/airflow/.local/lib/python3.7/site-packages/airflow/example_dags/example_branch_datetime_operator.py
[2025-04-29T04:43:44.206+0000] {logging_mixin.py:137} INFO - [2025-04-29T04:43:44.206+0000] {dag.py:2690} INFO - Sync 3 DAGs
[2025-04-29T04:43:44.217+0000] {logging_mixin.py:137} INFO - [2025-04-29T04:43:44.217+0000] {dag.py:3441} INFO - Setting next_dagrun for example_branch_datetime_operator to 2025-04-28T00:00:00+00:00, run_after=2025-04-29T00:00:00+00:00
[2025-04-29T04:43:44.222+0000] {logging_mixin.py:137} INFO - [2025-04-29T04:43:44.222+0000] {dag.py:3441} INFO - Setting next_dagrun for example_branch_datetime_operator_2 to 2025-04-28T00:00:00+00:00, run_after=2025-04-29T00:00:00+00:00
[2025-04-29T04:43:44.223+0000] {logging_mixin.py:137} INFO - [2025-04-29T04:43:44.223+0000] {dag.py:3441} INFO - Setting next_dagrun for example_branch_datetime_operator_3 to 2025-04-28T00:00:00+00:00, run_after=2025-04-29T00:00:00+00:00
[2025-04-29T04:43:44.234+0000] {processor.py:175} INFO - Processing /home/airflow/.local/lib/python3.7/site-packages/airflow/example_dags/example_branch_datetime_operator.py took 0.058 seconds
[2025-04-29T04:44:14.847+0000] {processor.py:153} INFO - Started process (PID=1162) to work on /home/airflow/.local/lib/python3.7/site-packages/airflow/example_dags/example_branch_datetime_operator.py
[2025-04-29T04:44:14.847+0000] {processor.py:743} INFO - Processing file /home/airflow/.local/lib/python3.7/site-packages/airflow/example_dags/example_branch_datetime_operator.py for tasks to queue
[2025-04-29T04:44:14.847+0000] {logging_mixin.py:137} INFO - [2025-04-29T04:44:14.847+0000] {dagbag.py:538} INFO - Filling up the DagBag from /home/airflow/.local/lib/python3.7/site-packages/airflow/example_dags/example_branch_datetime_operator.py
[2025-04-29T04:44:14.856+0000] {processor.py:753} INFO - DAG(s) dict_keys(['example_branch_datetime_operator_2', 'example_branch_datetime_operator', 'example_branch_datetime_operator_3']) retrieved from /home/airflow/.local/lib/python3.7/site-packages/airflow/example_dags/example_branch_datetime_operator.py
[2025-04-29T04:44:14.878+0000] {logging_mixin.py:137} INFO - [2025-04-29T04:44:14.878+0000] {dag.py:2690} INFO - Sync 3 DAGs
[2025-04-29T04:44:14.889+0000] {logging_mixin.py:137} INFO - [2025-04-29T04:44:14.889+0000] {dag.py:3441} INFO - Setting next_dagrun for example_branch_datetime_operator to 2025-04-28T00:00:00+00:00, run_after=2025-04-29T00:00:00+00:00
[2025-04-29T04:44:14.891+0000] {logging_mixin.py:137} INFO - [2025-04-29T04:44:14.891+0000] {dag.py:3441} INFO - Setting next_dagrun for example_branch_datetime_operator_2 to 2025-04-28T00:00:00+00:00, run_after=2025-04-29T00:00:00+00:00
[2025-04-29T04:44:14.891+0000] {logging_mixin.py:137} INFO - [2025-04-29T04:44:14.891+0000] {dag.py:3441} INFO - Setting next_dagrun for example_branch_datetime_operator_3 to 2025-04-28T00:00:00+00:00, run_after=2025-04-29T00:00:00+00:00
[2025-04-29T04:44:14.900+0000] {processor.py:175} INFO - Processing /home/airflow/.local/lib/python3.7/site-packages/airflow/example_dags/example_branch_datetime_operator.py took 0.055 seconds
[2025-04-29T04:44:45.479+0000] {processor.py:153} INFO - Started process (PID=1254) to work on /home/airflow/.local/lib/python3.7/site-packages/airflow/example_dags/example_branch_datetime_operator.py
[2025-04-29T04:44:45.481+0000] {processor.py:743} INFO - Processing file /home/airflow/.local/lib/python3.7/site-packages/airflow/example_dags/example_branch_datetime_operator.py for tasks to queue
[2025-04-29T04:44:45.482+0000] {logging_mixin.py:137} INFO - [2025-04-29T04:44:45.482+0000] {dagbag.py:538} INFO - Filling up the DagBag from /home/airflow/.local/lib/python3.7/site-packages/airflow/example_dags/example_branch_datetime_operator.py
[2025-04-29T04:44:45.488+0000] {processor.py:753} INFO - DAG(s) dict_keys(['example_branch_datetime_operator', 'example_branch_datetime_operator_2', 'example_branch_datetime_operator_3']) retrieved from /home/airflow/.local/lib/python3.7/site-packages/airflow/example_dags/example_branch_datetime_operator.py
[2025-04-29T04:44:45.505+0000] {logging_mixin.py:137} INFO - [2025-04-29T04:44:45.505+0000] {dag.py:2690} INFO - Sync 3 DAGs
[2025-04-29T04:44:45.519+0000] {logging_mixin.py:137} INFO - [2025-04-29T04:44:45.519+0000] {dag.py:3441} INFO - Setting next_dagrun for example_branch_datetime_operator to 2025-04-28T00:00:00+00:00, run_after=2025-04-29T00:00:00+00:00
[2025-04-29T04:44:45.523+0000] {logging_mixin.py:137} INFO - [2025-04-29T04:44:45.523+0000] {dag.py:3441} INFO - Setting next_dagrun for example_branch_datetime_operator_2 to 2025-04-28T00:00:00+00:00, run_after=2025-04-29T00:00:00+00:00
[2025-04-29T04:44:45.524+0000] {logging_mixin.py:137} INFO - [2025-04-29T04:44:45.524+0000] {dag.py:3441} INFO - Setting next_dagrun for example_branch_datetime_operator_3 to 2025-04-28T00:00:00+00:00, run_after=2025-04-29T00:00:00+00:00
[2025-04-29T04:44:45.531+0000] {processor.py:175} INFO - Processing /home/airflow/.local/lib/python3.7/site-packages/airflow/example_dags/example_branch_datetime_operator.py took 0.053 seconds
[2025-04-29T04:45:16.026+0000] {processor.py:153} INFO - Started process (PID=1345) to work on /home/airflow/.local/lib/python3.7/site-packages/airflow/example_dags/example_branch_datetime_operator.py
[2025-04-29T04:45:16.026+0000] {processor.py:743} INFO - Processing file /home/airflow/.local/lib/python3.7/site-packages/airflow/example_dags/example_branch_datetime_operator.py for tasks to queue
[2025-04-29T04:45:16.027+0000] {logging_mixin.py:137} INFO - [2025-04-29T04:45:16.027+0000] {dagbag.py:538} INFO - Filling up the DagBag from /home/airflow/.local/lib/python3.7/site-packages/airflow/example_dags/example_branch_datetime_operator.py
[2025-04-29T04:45:16.035+0000] {processor.py:753} INFO - DAG(s) dict_keys(['example_branch_datetime_operator_3', 'example_branch_datetime_operator', 'example_branch_datetime_operator_2']) retrieved from /home/airflow/.local/lib/python3.7/site-packages/airflow/example_dags/example_branch_datetime_operator.py
[2025-04-29T04:45:16.050+0000] {logging_mixin.py:137} INFO - [2025-04-29T04:45:16.050+0000] {dag.py:2690} INFO - Sync 3 DAGs
[2025-04-29T04:45:16.064+0000] {logging_mixin.py:137} INFO - [2025-04-29T04:45:16.064+0000] {dag.py:3441} INFO - Setting next_dagrun for example_branch_datetime_operator to 2025-04-28T00:00:00+00:00, run_after=2025-04-29T00:00:00+00:00
[2025-04-29T04:45:16.067+0000] {logging_mixin.py:137} INFO - [2025-04-29T04:45:16.067+0000] {dag.py:3441} INFO - Setting next_dagrun for example_branch_datetime_operator_2 to 2025-04-28T00:00:00+00:00, run_after=2025-04-29T00:00:00+00:00
[2025-04-29T04:45:16.070+0000] {logging_mixin.py:137} INFO - [2025-04-29T04:45:16.070+0000] {dag.py:3441} INFO - Setting next_dagrun for example_branch_datetime_operator_3 to 2025-04-28T00:00:00+00:00, run_after=2025-04-29T00:00:00+00:00
[2025-04-29T04:45:16.081+0000] {processor.py:175} INFO - Processing /home/airflow/.local/lib/python3.7/site-packages/airflow/example_dags/example_branch_datetime_operator.py took 0.057 seconds
[2025-04-29T04:45:46.559+0000] {processor.py:153} INFO - Started process (PID=1421) to work on /home/airflow/.local/lib/python3.7/site-packages/airflow/example_dags/example_branch_datetime_operator.py
[2025-04-29T04:45:46.560+0000] {processor.py:743} INFO - Processing file /home/airflow/.local/lib/python3.7/site-packages/airflow/example_dags/example_branch_datetime_operator.py for tasks to queue
[2025-04-29T04:45:46.560+0000] {logging_mixin.py:137} INFO - [2025-04-29T04:45:46.560+0000] {dagbag.py:538} INFO - Filling up the DagBag from /home/airflow/.local/lib/python3.7/site-packages/airflow/example_dags/example_branch_datetime_operator.py
[2025-04-29T04:45:46.568+0000] {processor.py:753} INFO - DAG(s) dict_keys(['example_branch_datetime_operator_3', 'example_branch_datetime_operator_2', 'example_branch_datetime_operator']) retrieved from /home/airflow/.local/lib/python3.7/site-packages/airflow/example_dags/example_branch_datetime_operator.py
[2025-04-29T04:45:46.586+0000] {logging_mixin.py:137} INFO - [2025-04-29T04:45:46.586+0000] {dag.py:2690} INFO - Sync 3 DAGs
[2025-04-29T04:45:46.597+0000] {logging_mixin.py:137} INFO - [2025-04-29T04:45:46.597+0000] {dag.py:3441} INFO - Setting next_dagrun for example_branch_datetime_operator to 2025-04-28T00:00:00+00:00, run_after=2025-04-29T00:00:00+00:00
[2025-04-29T04:45:46.600+0000] {logging_mixin.py:137} INFO - [2025-04-29T04:45:46.599+0000] {dag.py:3441} INFO - Setting next_dagrun for example_branch_datetime_operator_2 to 2025-04-28T00:00:00+00:00, run_after=2025-04-29T00:00:00+00:00
[2025-04-29T04:45:46.601+0000] {logging_mixin.py:137} INFO - [2025-04-29T04:45:46.601+0000] {dag.py:3441} INFO - Setting next_dagrun for example_branch_datetime_operator_3 to 2025-04-28T00:00:00+00:00, run_after=2025-04-29T00:00:00+00:00
[2025-04-29T04:45:46.616+0000] {processor.py:175} INFO - Processing /home/airflow/.local/lib/python3.7/site-packages/airflow/example_dags/example_branch_datetime_operator.py took 0.058 seconds
[2025-04-29T04:46:17.454+0000] {processor.py:153} INFO - Started process (PID=1513) to work on /home/airflow/.local/lib/python3.7/site-packages/airflow/example_dags/example_branch_datetime_operator.py
[2025-04-29T04:46:17.455+0000] {processor.py:743} INFO - Processing file /home/airflow/.local/lib/python3.7/site-packages/airflow/example_dags/example_branch_datetime_operator.py for tasks to queue
[2025-04-29T04:46:17.455+0000] {logging_mixin.py:137} INFO - [2025-04-29T04:46:17.455+0000] {dagbag.py:538} INFO - Filling up the DagBag from /home/airflow/.local/lib/python3.7/site-packages/airflow/example_dags/example_branch_datetime_operator.py
[2025-04-29T04:46:17.462+0000] {processor.py:753} INFO - DAG(s) dict_keys(['example_branch_datetime_operator_3', 'example_branch_datetime_operator_2', 'example_branch_datetime_operator']) retrieved from /home/airflow/.local/lib/python3.7/site-packages/airflow/example_dags/example_branch_datetime_operator.py
[2025-04-29T04:46:17.475+0000] {logging_mixin.py:137} INFO - [2025-04-29T04:46:17.475+0000] {dag.py:2690} INFO - Sync 3 DAGs
[2025-04-29T04:46:17.487+0000] {logging_mixin.py:137} INFO - [2025-04-29T04:46:17.487+0000] {dag.py:3441} INFO - Setting next_dagrun for example_branch_datetime_operator to 2025-04-28T00:00:00+00:00, run_after=2025-04-29T00:00:00+00:00
[2025-04-29T04:46:17.489+0000] {logging_mixin.py:137} INFO - [2025-04-29T04:46:17.489+0000] {dag.py:3441} INFO - Setting next_dagrun for example_branch_datetime_operator_2 to 2025-04-28T00:00:00+00:00, run_after=2025-04-29T00:00:00+00:00
[2025-04-29T04:46:17.490+0000] {logging_mixin.py:137} INFO - [2025-04-29T04:46:17.490+0000] {dag.py:3441} INFO - Setting next_dagrun for example_branch_datetime_operator_3 to 2025-04-28T00:00:00+00:00, run_after=2025-04-29T00:00:00+00:00
[2025-04-29T04:46:17.497+0000] {processor.py:175} INFO - Processing /home/airflow/.local/lib/python3.7/site-packages/airflow/example_dags/example_branch_datetime_operator.py took 0.044 seconds
[2025-04-29T04:46:47.933+0000] {processor.py:153} INFO - Started process (PID=1605) to work on /home/airflow/.local/lib/python3.7/site-packages/airflow/example_dags/example_branch_datetime_operator.py
[2025-04-29T04:46:47.934+0000] {processor.py:743} INFO - Processing file /home/airflow/.local/lib/python3.7/site-packages/airflow/example_dags/example_branch_datetime_operator.py for tasks to queue
[2025-04-29T04:46:47.934+0000] {logging_mixin.py:137} INFO - [2025-04-29T04:46:47.934+0000] {dagbag.py:538} INFO - Filling up the DagBag from /home/airflow/.local/lib/python3.7/site-packages/airflow/example_dags/example_branch_datetime_operator.py
[2025-04-29T04:46:47.941+0000] {processor.py:753} INFO - DAG(s) dict_keys(['example_branch_datetime_operator_3', 'example_branch_datetime_operator_2', 'example_branch_datetime_operator']) retrieved from /home/airflow/.local/lib/python3.7/site-packages/airflow/example_dags/example_branch_datetime_operator.py
[2025-04-29T04:46:47.954+0000] {logging_mixin.py:137} INFO - [2025-04-29T04:46:47.954+0000] {dag.py:2690} INFO - Sync 3 DAGs
[2025-04-29T04:46:47.965+0000] {logging_mixin.py:137} INFO - [2025-04-29T04:46:47.965+0000] {dag.py:3441} INFO - Setting next_dagrun for example_branch_datetime_operator to 2025-04-28T00:00:00+00:00, run_after=2025-04-29T00:00:00+00:00
[2025-04-29T04:46:47.967+0000] {logging_mixin.py:137} INFO - [2025-04-29T04:46:47.967+0000] {dag.py:3441} INFO - Setting next_dagrun for example_branch_datetime_operator_2 to 2025-04-28T00:00:00+00:00, run_after=2025-04-29T00:00:00+00:00
[2025-04-29T04:46:47.969+0000] {logging_mixin.py:137} INFO - [2025-04-29T04:46:47.969+0000] {dag.py:3441} INFO - Setting next_dagrun for example_branch_datetime_operator_3 to 2025-04-28T00:00:00+00:00, run_after=2025-04-29T00:00:00+00:00
[2025-04-29T04:46:47.980+0000] {processor.py:175} INFO - Processing /home/airflow/.local/lib/python3.7/site-packages/airflow/example_dags/example_branch_datetime_operator.py took 0.048 seconds
[2025-04-29T04:47:18.417+0000] {processor.py:153} INFO - Started process (PID=1697) to work on /home/airflow/.local/lib/python3.7/site-packages/airflow/example_dags/example_branch_datetime_operator.py
[2025-04-29T04:47:18.418+0000] {processor.py:743} INFO - Processing file /home/airflow/.local/lib/python3.7/site-packages/airflow/example_dags/example_branch_datetime_operator.py for tasks to queue
[2025-04-29T04:47:18.418+0000] {logging_mixin.py:137} INFO - [2025-04-29T04:47:18.418+0000] {dagbag.py:538} INFO - Filling up the DagBag from /home/airflow/.local/lib/python3.7/site-packages/airflow/example_dags/example_branch_datetime_operator.py
[2025-04-29T04:47:18.426+0000] {processor.py:753} INFO - DAG(s) dict_keys(['example_branch_datetime_operator', 'example_branch_datetime_operator_3', 'example_branch_datetime_operator_2']) retrieved from /home/airflow/.local/lib/python3.7/site-packages/airflow/example_dags/example_branch_datetime_operator.py
[2025-04-29T04:47:18.440+0000] {logging_mixin.py:137} INFO - [2025-04-29T04:47:18.440+0000] {dag.py:2690} INFO - Sync 3 DAGs
[2025-04-29T04:47:18.452+0000] {logging_mixin.py:137} INFO - [2025-04-29T04:47:18.452+0000] {dag.py:3441} INFO - Setting next_dagrun for example_branch_datetime_operator to 2025-04-28T00:00:00+00:00, run_after=2025-04-29T00:00:00+00:00
[2025-04-29T04:47:18.455+0000] {logging_mixin.py:137} INFO - [2025-04-29T04:47:18.455+0000] {dag.py:3441} INFO - Setting next_dagrun for example_branch_datetime_operator_2 to 2025-04-28T00:00:00+00:00, run_after=2025-04-29T00:00:00+00:00
[2025-04-29T04:47:18.456+0000] {logging_mixin.py:137} INFO - [2025-04-29T04:47:18.456+0000] {dag.py:3441} INFO - Setting next_dagrun for example_branch_datetime_operator_3 to 2025-04-28T00:00:00+00:00, run_after=2025-04-29T00:00:00+00:00
[2025-04-29T04:47:18.461+0000] {processor.py:175} INFO - Processing /home/airflow/.local/lib/python3.7/site-packages/airflow/example_dags/example_branch_datetime_operator.py took 0.045 seconds
[2025-04-29T04:47:48.929+0000] {processor.py:153} INFO - Started process (PID=1789) to work on /home/airflow/.local/lib/python3.7/site-packages/airflow/example_dags/example_branch_datetime_operator.py
[2025-04-29T04:47:48.931+0000] {processor.py:743} INFO - Processing file /home/airflow/.local/lib/python3.7/site-packages/airflow/example_dags/example_branch_datetime_operator.py for tasks to queue
[2025-04-29T04:47:48.931+0000] {logging_mixin.py:137} INFO - [2025-04-29T04:47:48.931+0000] {dagbag.py:538} INFO - Filling up the DagBag from /home/airflow/.local/lib/python3.7/site-packages/airflow/example_dags/example_branch_datetime_operator.py
[2025-04-29T04:47:48.939+0000] {processor.py:753} INFO - DAG(s) dict_keys(['example_branch_datetime_operator_2', 'example_branch_datetime_operator_3', 'example_branch_datetime_operator']) retrieved from /home/airflow/.local/lib/python3.7/site-packages/airflow/example_dags/example_branch_datetime_operator.py
[2025-04-29T04:47:48.954+0000] {logging_mixin.py:137} INFO - [2025-04-29T04:47:48.954+0000] {dag.py:2690} INFO - Sync 3 DAGs
[2025-04-29T04:47:48.967+0000] {logging_mixin.py:137} INFO - [2025-04-29T04:47:48.966+0000] {dag.py:3441} INFO - Setting next_dagrun for example_branch_datetime_operator to 2025-04-28T00:00:00+00:00, run_after=2025-04-29T00:00:00+00:00
[2025-04-29T04:47:48.969+0000] {logging_mixin.py:137} INFO - [2025-04-29T04:47:48.969+0000] {dag.py:3441} INFO - Setting next_dagrun for example_branch_datetime_operator_2 to 2025-04-28T00:00:00+00:00, run_after=2025-04-29T00:00:00+00:00
[2025-04-29T04:47:48.970+0000] {logging_mixin.py:137} INFO - [2025-04-29T04:47:48.970+0000] {dag.py:3441} INFO - Setting next_dagrun for example_branch_datetime_operator_3 to 2025-04-28T00:00:00+00:00, run_after=2025-04-29T00:00:00+00:00
[2025-04-29T04:47:48.975+0000] {processor.py:175} INFO - Processing /home/airflow/.local/lib/python3.7/site-packages/airflow/example_dags/example_branch_datetime_operator.py took 0.048 seconds
[2025-04-29T04:48:19.435+0000] {processor.py:153} INFO - Started process (PID=1865) to work on /home/airflow/.local/lib/python3.7/site-packages/airflow/example_dags/example_branch_datetime_operator.py
[2025-04-29T04:48:19.435+0000] {processor.py:743} INFO - Processing file /home/airflow/.local/lib/python3.7/site-packages/airflow/example_dags/example_branch_datetime_operator.py for tasks to queue
[2025-04-29T04:48:19.436+0000] {logging_mixin.py:137} INFO - [2025-04-29T04:48:19.436+0000] {dagbag.py:538} INFO - Filling up the DagBag from /home/airflow/.local/lib/python3.7/site-packages/airflow/example_dags/example_branch_datetime_operator.py
[2025-04-29T04:48:19.445+0000] {processor.py:753} INFO - DAG(s) dict_keys(['example_branch_datetime_operator', 'example_branch_datetime_operator_3', 'example_branch_datetime_operator_2']) retrieved from /home/airflow/.local/lib/python3.7/site-packages/airflow/example_dags/example_branch_datetime_operator.py
[2025-04-29T04:48:19.464+0000] {logging_mixin.py:137} INFO - [2025-04-29T04:48:19.464+0000] {dag.py:2690} INFO - Sync 3 DAGs
[2025-04-29T04:48:19.476+0000] {logging_mixin.py:137} INFO - [2025-04-29T04:48:19.476+0000] {dag.py:3441} INFO - Setting next_dagrun for example_branch_datetime_operator to 2025-04-28T00:00:00+00:00, run_after=2025-04-29T00:00:00+00:00
[2025-04-29T04:48:19.480+0000] {logging_mixin.py:137} INFO - [2025-04-29T04:48:19.480+0000] {dag.py:3441} INFO - Setting next_dagrun for example_branch_datetime_operator_2 to 2025-04-28T00:00:00+00:00, run_after=2025-04-29T00:00:00+00:00
[2025-04-29T04:48:19.482+0000] {logging_mixin.py:137} INFO - [2025-04-29T04:48:19.482+0000] {dag.py:3441} INFO - Setting next_dagrun for example_branch_datetime_operator_3 to 2025-04-28T00:00:00+00:00, run_after=2025-04-29T00:00:00+00:00
[2025-04-29T04:48:19.489+0000] {processor.py:175} INFO - Processing /home/airflow/.local/lib/python3.7/site-packages/airflow/example_dags/example_branch_datetime_operator.py took 0.056 seconds
[2025-04-29T04:48:50.057+0000] {processor.py:153} INFO - Started process (PID=1957) to work on /home/airflow/.local/lib/python3.7/site-packages/airflow/example_dags/example_branch_datetime_operator.py
[2025-04-29T04:48:50.058+0000] {processor.py:743} INFO - Processing file /home/airflow/.local/lib/python3.7/site-packages/airflow/example_dags/example_branch_datetime_operator.py for tasks to queue
[2025-04-29T04:48:50.058+0000] {logging_mixin.py:137} INFO - [2025-04-29T04:48:50.058+0000] {dagbag.py:538} INFO - Filling up the DagBag from /home/airflow/.local/lib/python3.7/site-packages/airflow/example_dags/example_branch_datetime_operator.py
[2025-04-29T04:48:50.066+0000] {processor.py:753} INFO - DAG(s) dict_keys(['example_branch_datetime_operator_2', 'example_branch_datetime_operator_3', 'example_branch_datetime_operator']) retrieved from /home/airflow/.local/lib/python3.7/site-packages/airflow/example_dags/example_branch_datetime_operator.py
[2025-04-29T04:48:50.086+0000] {logging_mixin.py:137} INFO - [2025-04-29T04:48:50.086+0000] {dag.py:2690} INFO - Sync 3 DAGs
[2025-04-29T04:48:50.097+0000] {logging_mixin.py:137} INFO - [2025-04-29T04:48:50.097+0000] {dag.py:3441} INFO - Setting next_dagrun for example_branch_datetime_operator to 2025-04-28T00:00:00+00:00, run_after=2025-04-29T00:00:00+00:00
[2025-04-29T04:48:50.099+0000] {logging_mixin.py:137} INFO - [2025-04-29T04:48:50.099+0000] {dag.py:3441} INFO - Setting next_dagrun for example_branch_datetime_operator_2 to 2025-04-28T00:00:00+00:00, run_after=2025-04-29T00:00:00+00:00
[2025-04-29T04:48:50.101+0000] {logging_mixin.py:137} INFO - [2025-04-29T04:48:50.101+0000] {dag.py:3441} INFO - Setting next_dagrun for example_branch_datetime_operator_3 to 2025-04-28T00:00:00+00:00, run_after=2025-04-29T00:00:00+00:00
[2025-04-29T04:48:50.110+0000] {processor.py:175} INFO - Processing /home/airflow/.local/lib/python3.7/site-packages/airflow/example_dags/example_branch_datetime_operator.py took 0.055 seconds
[2025-04-29T04:49:20.659+0000] {processor.py:153} INFO - Started process (PID=2049) to work on /home/airflow/.local/lib/python3.7/site-packages/airflow/example_dags/example_branch_datetime_operator.py
[2025-04-29T04:49:20.660+0000] {processor.py:743} INFO - Processing file /home/airflow/.local/lib/python3.7/site-packages/airflow/example_dags/example_branch_datetime_operator.py for tasks to queue
[2025-04-29T04:49:20.660+0000] {logging_mixin.py:137} INFO - [2025-04-29T04:49:20.660+0000] {dagbag.py:538} INFO - Filling up the DagBag from /home/airflow/.local/lib/python3.7/site-packages/airflow/example_dags/example_branch_datetime_operator.py
[2025-04-29T04:49:20.667+0000] {processor.py:753} INFO - DAG(s) dict_keys(['example_branch_datetime_operator', 'example_branch_datetime_operator_2', 'example_branch_datetime_operator_3']) retrieved from /home/airflow/.local/lib/python3.7/site-packages/airflow/example_dags/example_branch_datetime_operator.py
[2025-04-29T04:49:20.680+0000] {logging_mixin.py:137} INFO - [2025-04-29T04:49:20.680+0000] {dag.py:2690} INFO - Sync 3 DAGs
[2025-04-29T04:49:20.693+0000] {logging_mixin.py:137} INFO - [2025-04-29T04:49:20.693+0000] {dag.py:3441} INFO - Setting next_dagrun for example_branch_datetime_operator to 2025-04-28T00:00:00+00:00, run_after=2025-04-29T00:00:00+00:00
[2025-04-29T04:49:20.694+0000] {logging_mixin.py:137} INFO - [2025-04-29T04:49:20.694+0000] {dag.py:3441} INFO - Setting next_dagrun for example_branch_datetime_operator_2 to 2025-04-28T00:00:00+00:00, run_after=2025-04-29T00:00:00+00:00
[2025-04-29T04:49:20.696+0000] {logging_mixin.py:137} INFO - [2025-04-29T04:49:20.696+0000] {dag.py:3441} INFO - Setting next_dagrun for example_branch_datetime_operator_3 to 2025-04-28T00:00:00+00:00, run_after=2025-04-29T00:00:00+00:00
[2025-04-29T04:49:20.704+0000] {processor.py:175} INFO - Processing /home/airflow/.local/lib/python3.7/site-packages/airflow/example_dags/example_branch_datetime_operator.py took 0.046 seconds
[2025-04-29T04:49:51.223+0000] {processor.py:153} INFO - Started process (PID=2141) to work on /home/airflow/.local/lib/python3.7/site-packages/airflow/example_dags/example_branch_datetime_operator.py
[2025-04-29T04:49:51.223+0000] {processor.py:743} INFO - Processing file /home/airflow/.local/lib/python3.7/site-packages/airflow/example_dags/example_branch_datetime_operator.py for tasks to queue
[2025-04-29T04:49:51.224+0000] {logging_mixin.py:137} INFO - [2025-04-29T04:49:51.224+0000] {dagbag.py:538} INFO - Filling up the DagBag from /home/airflow/.local/lib/python3.7/site-packages/airflow/example_dags/example_branch_datetime_operator.py
[2025-04-29T04:49:51.231+0000] {processor.py:753} INFO - DAG(s) dict_keys(['example_branch_datetime_operator_3', 'example_branch_datetime_operator_2', 'example_branch_datetime_operator']) retrieved from /home/airflow/.local/lib/python3.7/site-packages/airflow/example_dags/example_branch_datetime_operator.py
[2025-04-29T04:49:51.244+0000] {logging_mixin.py:137} INFO - [2025-04-29T04:49:51.244+0000] {dag.py:2690} INFO - Sync 3 DAGs
[2025-04-29T04:49:51.256+0000] {logging_mixin.py:137} INFO - [2025-04-29T04:49:51.255+0000] {dag.py:3441} INFO - Setting next_dagrun for example_branch_datetime_operator to 2025-04-28T00:00:00+00:00, run_after=2025-04-29T00:00:00+00:00
[2025-04-29T04:49:51.258+0000] {logging_mixin.py:137} INFO - [2025-04-29T04:49:51.258+0000] {dag.py:3441} INFO - Setting next_dagrun for example_branch_datetime_operator_2 to 2025-04-28T00:00:00+00:00, run_after=2025-04-29T00:00:00+00:00
[2025-04-29T04:49:51.259+0000] {logging_mixin.py:137} INFO - [2025-04-29T04:49:51.259+0000] {dag.py:3441} INFO - Setting next_dagrun for example_branch_datetime_operator_3 to 2025-04-28T00:00:00+00:00, run_after=2025-04-29T00:00:00+00:00
[2025-04-29T04:49:51.265+0000] {processor.py:175} INFO - Processing /home/airflow/.local/lib/python3.7/site-packages/airflow/example_dags/example_branch_datetime_operator.py took 0.044 seconds
[2025-04-29T04:50:21.780+0000] {processor.py:153} INFO - Started process (PID=2233) to work on /home/airflow/.local/lib/python3.7/site-packages/airflow/example_dags/example_branch_datetime_operator.py
[2025-04-29T04:50:21.781+0000] {processor.py:743} INFO - Processing file /home/airflow/.local/lib/python3.7/site-packages/airflow/example_dags/example_branch_datetime_operator.py for tasks to queue
[2025-04-29T04:50:21.781+0000] {logging_mixin.py:137} INFO - [2025-04-29T04:50:21.781+0000] {dagbag.py:538} INFO - Filling up the DagBag from /home/airflow/.local/lib/python3.7/site-packages/airflow/example_dags/example_branch_datetime_operator.py
[2025-04-29T04:50:21.789+0000] {processor.py:753} INFO - DAG(s) dict_keys(['example_branch_datetime_operator_2', 'example_branch_datetime_operator_3', 'example_branch_datetime_operator']) retrieved from /home/airflow/.local/lib/python3.7/site-packages/airflow/example_dags/example_branch_datetime_operator.py
[2025-04-29T04:50:21.808+0000] {logging_mixin.py:137} INFO - [2025-04-29T04:50:21.808+0000] {dag.py:2690} INFO - Sync 3 DAGs
[2025-04-29T04:50:21.821+0000] {logging_mixin.py:137} INFO - [2025-04-29T04:50:21.821+0000] {dag.py:3441} INFO - Setting next_dagrun for example_branch_datetime_operator to 2025-04-28T00:00:00+00:00, run_after=2025-04-29T00:00:00+00:00
[2025-04-29T04:50:21.824+0000] {logging_mixin.py:137} INFO - [2025-04-29T04:50:21.824+0000] {dag.py:3441} INFO - Setting next_dagrun for example_branch_datetime_operator_2 to 2025-04-28T00:00:00+00:00, run_after=2025-04-29T00:00:00+00:00
[2025-04-29T04:50:21.826+0000] {logging_mixin.py:137} INFO - [2025-04-29T04:50:21.826+0000] {dag.py:3441} INFO - Setting next_dagrun for example_branch_datetime_operator_3 to 2025-04-28T00:00:00+00:00, run_after=2025-04-29T00:00:00+00:00
[2025-04-29T04:50:21.834+0000] {processor.py:175} INFO - Processing /home/airflow/.local/lib/python3.7/site-packages/airflow/example_dags/example_branch_datetime_operator.py took 0.055 seconds
[2025-04-29T04:50:52.404+0000] {processor.py:153} INFO - Started process (PID=2308) to work on /home/airflow/.local/lib/python3.7/site-packages/airflow/example_dags/example_branch_datetime_operator.py
[2025-04-29T04:50:52.405+0000] {processor.py:743} INFO - Processing file /home/airflow/.local/lib/python3.7/site-packages/airflow/example_dags/example_branch_datetime_operator.py for tasks to queue
[2025-04-29T04:50:52.405+0000] {logging_mixin.py:137} INFO - [2025-04-29T04:50:52.405+0000] {dagbag.py:538} INFO - Filling up the DagBag from /home/airflow/.local/lib/python3.7/site-packages/airflow/example_dags/example_branch_datetime_operator.py
[2025-04-29T04:50:52.412+0000] {processor.py:753} INFO - DAG(s) dict_keys(['example_branch_datetime_operator_2', 'example_branch_datetime_operator', 'example_branch_datetime_operator_3']) retrieved from /home/airflow/.local/lib/python3.7/site-packages/airflow/example_dags/example_branch_datetime_operator.py
[2025-04-29T04:50:52.425+0000] {logging_mixin.py:137} INFO - [2025-04-29T04:50:52.425+0000] {dag.py:2690} INFO - Sync 3 DAGs
[2025-04-29T04:50:52.437+0000] {logging_mixin.py:137} INFO - [2025-04-29T04:50:52.437+0000] {dag.py:3441} INFO - Setting next_dagrun for example_branch_datetime_operator to 2025-04-28T00:00:00+00:00, run_after=2025-04-29T00:00:00+00:00
[2025-04-29T04:50:52.440+0000] {logging_mixin.py:137} INFO - [2025-04-29T04:50:52.440+0000] {dag.py:3441} INFO - Setting next_dagrun for example_branch_datetime_operator_2 to 2025-04-28T00:00:00+00:00, run_after=2025-04-29T00:00:00+00:00
[2025-04-29T04:50:52.442+0000] {logging_mixin.py:137} INFO - [2025-04-29T04:50:52.442+0000] {dag.py:3441} INFO - Setting next_dagrun for example_branch_datetime_operator_3 to 2025-04-28T00:00:00+00:00, run_after=2025-04-29T00:00:00+00:00
[2025-04-29T04:50:52.453+0000] {processor.py:175} INFO - Processing /home/airflow/.local/lib/python3.7/site-packages/airflow/example_dags/example_branch_datetime_operator.py took 0.050 seconds
[2025-04-29T04:51:22.942+0000] {processor.py:153} INFO - Started process (PID=2401) to work on /home/airflow/.local/lib/python3.7/site-packages/airflow/example_dags/example_branch_datetime_operator.py
[2025-04-29T04:51:22.943+0000] {processor.py:743} INFO - Processing file /home/airflow/.local/lib/python3.7/site-packages/airflow/example_dags/example_branch_datetime_operator.py for tasks to queue
[2025-04-29T04:51:22.944+0000] {logging_mixin.py:137} INFO - [2025-04-29T04:51:22.944+0000] {dagbag.py:538} INFO - Filling up the DagBag from /home/airflow/.local/lib/python3.7/site-packages/airflow/example_dags/example_branch_datetime_operator.py
[2025-04-29T04:51:22.952+0000] {processor.py:753} INFO - DAG(s) dict_keys(['example_branch_datetime_operator_2', 'example_branch_datetime_operator_3', 'example_branch_datetime_operator']) retrieved from /home/airflow/.local/lib/python3.7/site-packages/airflow/example_dags/example_branch_datetime_operator.py
[2025-04-29T04:51:22.967+0000] {logging_mixin.py:137} INFO - [2025-04-29T04:51:22.967+0000] {dag.py:2690} INFO - Sync 3 DAGs
[2025-04-29T04:51:22.979+0000] {logging_mixin.py:137} INFO - [2025-04-29T04:51:22.978+0000] {dag.py:3441} INFO - Setting next_dagrun for example_branch_datetime_operator to 2025-04-28T00:00:00+00:00, run_after=2025-04-29T00:00:00+00:00
[2025-04-29T04:51:22.981+0000] {logging_mixin.py:137} INFO - [2025-04-29T04:51:22.981+0000] {dag.py:3441} INFO - Setting next_dagrun for example_branch_datetime_operator_2 to 2025-04-28T00:00:00+00:00, run_after=2025-04-29T00:00:00+00:00
[2025-04-29T04:51:22.982+0000] {logging_mixin.py:137} INFO - [2025-04-29T04:51:22.982+0000] {dag.py:3441} INFO - Setting next_dagrun for example_branch_datetime_operator_3 to 2025-04-28T00:00:00+00:00, run_after=2025-04-29T00:00:00+00:00
[2025-04-29T04:51:22.989+0000] {processor.py:175} INFO - Processing /home/airflow/.local/lib/python3.7/site-packages/airflow/example_dags/example_branch_datetime_operator.py took 0.048 seconds
[2025-04-29T04:51:53.478+0000] {processor.py:153} INFO - Started process (PID=2493) to work on /home/airflow/.local/lib/python3.7/site-packages/airflow/example_dags/example_branch_datetime_operator.py
[2025-04-29T04:51:53.479+0000] {processor.py:743} INFO - Processing file /home/airflow/.local/lib/python3.7/site-packages/airflow/example_dags/example_branch_datetime_operator.py for tasks to queue
[2025-04-29T04:51:53.480+0000] {logging_mixin.py:137} INFO - [2025-04-29T04:51:53.480+0000] {dagbag.py:538} INFO - Filling up the DagBag from /home/airflow/.local/lib/python3.7/site-packages/airflow/example_dags/example_branch_datetime_operator.py
[2025-04-29T04:51:53.488+0000] {processor.py:753} INFO - DAG(s) dict_keys(['example_branch_datetime_operator', 'example_branch_datetime_operator_2', 'example_branch_datetime_operator_3']) retrieved from /home/airflow/.local/lib/python3.7/site-packages/airflow/example_dags/example_branch_datetime_operator.py
[2025-04-29T04:51:53.505+0000] {logging_mixin.py:137} INFO - [2025-04-29T04:51:53.505+0000] {dag.py:2690} INFO - Sync 3 DAGs
[2025-04-29T04:51:53.517+0000] {logging_mixin.py:137} INFO - [2025-04-29T04:51:53.517+0000] {dag.py:3441} INFO - Setting next_dagrun for example_branch_datetime_operator to 2025-04-28T00:00:00+00:00, run_after=2025-04-29T00:00:00+00:00
[2025-04-29T04:51:53.519+0000] {logging_mixin.py:137} INFO - [2025-04-29T04:51:53.519+0000] {dag.py:3441} INFO - Setting next_dagrun for example_branch_datetime_operator_2 to 2025-04-28T00:00:00+00:00, run_after=2025-04-29T00:00:00+00:00
[2025-04-29T04:51:53.521+0000] {logging_mixin.py:137} INFO - [2025-04-29T04:51:53.521+0000] {dag.py:3441} INFO - Setting next_dagrun for example_branch_datetime_operator_3 to 2025-04-28T00:00:00+00:00, run_after=2025-04-29T00:00:00+00:00
[2025-04-29T04:51:53.529+0000] {processor.py:175} INFO - Processing /home/airflow/.local/lib/python3.7/site-packages/airflow/example_dags/example_branch_datetime_operator.py took 0.052 seconds
[2025-04-29T04:52:24.032+0000] {processor.py:153} INFO - Started process (PID=2585) to work on /home/airflow/.local/lib/python3.7/site-packages/airflow/example_dags/example_branch_datetime_operator.py
[2025-04-29T04:52:24.033+0000] {processor.py:743} INFO - Processing file /home/airflow/.local/lib/python3.7/site-packages/airflow/example_dags/example_branch_datetime_operator.py for tasks to queue
[2025-04-29T04:52:24.034+0000] {logging_mixin.py:137} INFO - [2025-04-29T04:52:24.034+0000] {dagbag.py:538} INFO - Filling up the DagBag from /home/airflow/.local/lib/python3.7/site-packages/airflow/example_dags/example_branch_datetime_operator.py
[2025-04-29T04:52:24.041+0000] {processor.py:753} INFO - DAG(s) dict_keys(['example_branch_datetime_operator', 'example_branch_datetime_operator_2', 'example_branch_datetime_operator_3']) retrieved from /home/airflow/.local/lib/python3.7/site-packages/airflow/example_dags/example_branch_datetime_operator.py
[2025-04-29T04:52:24.056+0000] {logging_mixin.py:137} INFO - [2025-04-29T04:52:24.056+0000] {dag.py:2690} INFO - Sync 3 DAGs
[2025-04-29T04:52:24.067+0000] {logging_mixin.py:137} INFO - [2025-04-29T04:52:24.067+0000] {dag.py:3441} INFO - Setting next_dagrun for example_branch_datetime_operator to 2025-04-28T00:00:00+00:00, run_after=2025-04-29T00:00:00+00:00
[2025-04-29T04:52:24.070+0000] {logging_mixin.py:137} INFO - [2025-04-29T04:52:24.070+0000] {dag.py:3441} INFO - Setting next_dagrun for example_branch_datetime_operator_2 to 2025-04-28T00:00:00+00:00, run_after=2025-04-29T00:00:00+00:00
[2025-04-29T04:52:24.072+0000] {logging_mixin.py:137} INFO - [2025-04-29T04:52:24.072+0000] {dag.py:3441} INFO - Setting next_dagrun for example_branch_datetime_operator_3 to 2025-04-28T00:00:00+00:00, run_after=2025-04-29T00:00:00+00:00
[2025-04-29T04:52:24.084+0000] {processor.py:175} INFO - Processing /home/airflow/.local/lib/python3.7/site-packages/airflow/example_dags/example_branch_datetime_operator.py took 0.053 seconds
[2025-04-29T04:52:54.707+0000] {processor.py:153} INFO - Started process (PID=2677) to work on /home/airflow/.local/lib/python3.7/site-packages/airflow/example_dags/example_branch_datetime_operator.py
[2025-04-29T04:52:54.708+0000] {processor.py:743} INFO - Processing file /home/airflow/.local/lib/python3.7/site-packages/airflow/example_dags/example_branch_datetime_operator.py for tasks to queue
[2025-04-29T04:52:54.708+0000] {logging_mixin.py:137} INFO - [2025-04-29T04:52:54.708+0000] {dagbag.py:538} INFO - Filling up the DagBag from /home/airflow/.local/lib/python3.7/site-packages/airflow/example_dags/example_branch_datetime_operator.py
[2025-04-29T04:52:54.716+0000] {processor.py:753} INFO - DAG(s) dict_keys(['example_branch_datetime_operator_3', 'example_branch_datetime_operator_2', 'example_branch_datetime_operator']) retrieved from /home/airflow/.local/lib/python3.7/site-packages/airflow/example_dags/example_branch_datetime_operator.py
[2025-04-29T04:52:54.733+0000] {logging_mixin.py:137} INFO - [2025-04-29T04:52:54.733+0000] {dag.py:2690} INFO - Sync 3 DAGs
[2025-04-29T04:52:54.747+0000] {logging_mixin.py:137} INFO - [2025-04-29T04:52:54.747+0000] {dag.py:3441} INFO - Setting next_dagrun for example_branch_datetime_operator to 2025-04-28T00:00:00+00:00, run_after=2025-04-29T00:00:00+00:00
[2025-04-29T04:52:54.750+0000] {logging_mixin.py:137} INFO - [2025-04-29T04:52:54.750+0000] {dag.py:3441} INFO - Setting next_dagrun for example_branch_datetime_operator_2 to 2025-04-28T00:00:00+00:00, run_after=2025-04-29T00:00:00+00:00
[2025-04-29T04:52:54.751+0000] {logging_mixin.py:137} INFO - [2025-04-29T04:52:54.751+0000] {dag.py:3441} INFO - Setting next_dagrun for example_branch_datetime_operator_3 to 2025-04-28T00:00:00+00:00, run_after=2025-04-29T00:00:00+00:00
[2025-04-29T04:52:54.763+0000] {processor.py:175} INFO - Processing /home/airflow/.local/lib/python3.7/site-packages/airflow/example_dags/example_branch_datetime_operator.py took 0.058 seconds
[2025-04-29T04:53:25.337+0000] {processor.py:153} INFO - Started process (PID=2753) to work on /home/airflow/.local/lib/python3.7/site-packages/airflow/example_dags/example_branch_datetime_operator.py
[2025-04-29T04:53:25.340+0000] {processor.py:743} INFO - Processing file /home/airflow/.local/lib/python3.7/site-packages/airflow/example_dags/example_branch_datetime_operator.py for tasks to queue
[2025-04-29T04:53:25.341+0000] {logging_mixin.py:137} INFO - [2025-04-29T04:53:25.341+0000] {dagbag.py:538} INFO - Filling up the DagBag from /home/airflow/.local/lib/python3.7/site-packages/airflow/example_dags/example_branch_datetime_operator.py
[2025-04-29T04:53:25.348+0000] {processor.py:753} INFO - DAG(s) dict_keys(['example_branch_datetime_operator_2', 'example_branch_datetime_operator_3', 'example_branch_datetime_operator']) retrieved from /home/airflow/.local/lib/python3.7/site-packages/airflow/example_dags/example_branch_datetime_operator.py
[2025-04-29T04:53:25.360+0000] {logging_mixin.py:137} INFO - [2025-04-29T04:53:25.360+0000] {dag.py:2690} INFO - Sync 3 DAGs
[2025-04-29T04:53:25.372+0000] {logging_mixin.py:137} INFO - [2025-04-29T04:53:25.372+0000] {dag.py:3441} INFO - Setting next_dagrun for example_branch_datetime_operator to 2025-04-28T00:00:00+00:00, run_after=2025-04-29T00:00:00+00:00
[2025-04-29T04:53:25.376+0000] {logging_mixin.py:137} INFO - [2025-04-29T04:53:25.376+0000] {dag.py:3441} INFO - Setting next_dagrun for example_branch_datetime_operator_2 to 2025-04-28T00:00:00+00:00, run_after=2025-04-29T00:00:00+00:00
[2025-04-29T04:53:25.378+0000] {logging_mixin.py:137} INFO - [2025-04-29T04:53:25.378+0000] {dag.py:3441} INFO - Setting next_dagrun for example_branch_datetime_operator_3 to 2025-04-28T00:00:00+00:00, run_after=2025-04-29T00:00:00+00:00
[2025-04-29T04:53:25.385+0000] {processor.py:175} INFO - Processing /home/airflow/.local/lib/python3.7/site-packages/airflow/example_dags/example_branch_datetime_operator.py took 0.049 seconds
[2025-04-29T04:53:55.793+0000] {processor.py:153} INFO - Started process (PID=2845) to work on /home/airflow/.local/lib/python3.7/site-packages/airflow/example_dags/example_branch_datetime_operator.py
[2025-04-29T04:53:55.793+0000] {processor.py:743} INFO - Processing file /home/airflow/.local/lib/python3.7/site-packages/airflow/example_dags/example_branch_datetime_operator.py for tasks to queue
[2025-04-29T04:53:55.794+0000] {logging_mixin.py:137} INFO - [2025-04-29T04:53:55.794+0000] {dagbag.py:538} INFO - Filling up the DagBag from /home/airflow/.local/lib/python3.7/site-packages/airflow/example_dags/example_branch_datetime_operator.py
[2025-04-29T04:53:55.801+0000] {processor.py:753} INFO - DAG(s) dict_keys(['example_branch_datetime_operator_3', 'example_branch_datetime_operator_2', 'example_branch_datetime_operator']) retrieved from /home/airflow/.local/lib/python3.7/site-packages/airflow/example_dags/example_branch_datetime_operator.py
[2025-04-29T04:53:55.814+0000] {logging_mixin.py:137} INFO - [2025-04-29T04:53:55.814+0000] {dag.py:2690} INFO - Sync 3 DAGs
[2025-04-29T04:53:55.824+0000] {logging_mixin.py:137} INFO - [2025-04-29T04:53:55.824+0000] {dag.py:3441} INFO - Setting next_dagrun for example_branch_datetime_operator to 2025-04-28T00:00:00+00:00, run_after=2025-04-29T00:00:00+00:00
[2025-04-29T04:53:55.827+0000] {logging_mixin.py:137} INFO - [2025-04-29T04:53:55.827+0000] {dag.py:3441} INFO - Setting next_dagrun for example_branch_datetime_operator_2 to 2025-04-28T00:00:00+00:00, run_after=2025-04-29T00:00:00+00:00
[2025-04-29T04:53:55.828+0000] {logging_mixin.py:137} INFO - [2025-04-29T04:53:55.828+0000] {dag.py:3441} INFO - Setting next_dagrun for example_branch_datetime_operator_3 to 2025-04-28T00:00:00+00:00, run_after=2025-04-29T00:00:00+00:00
[2025-04-29T04:53:55.834+0000] {processor.py:175} INFO - Processing /home/airflow/.local/lib/python3.7/site-packages/airflow/example_dags/example_branch_datetime_operator.py took 0.043 seconds
[2025-04-29T04:54:26.326+0000] {processor.py:153} INFO - Started process (PID=2937) to work on /home/airflow/.local/lib/python3.7/site-packages/airflow/example_dags/example_branch_datetime_operator.py
[2025-04-29T04:54:26.330+0000] {processor.py:743} INFO - Processing file /home/airflow/.local/lib/python3.7/site-packages/airflow/example_dags/example_branch_datetime_operator.py for tasks to queue
[2025-04-29T04:54:26.331+0000] {logging_mixin.py:137} INFO - [2025-04-29T04:54:26.331+0000] {dagbag.py:538} INFO - Filling up the DagBag from /home/airflow/.local/lib/python3.7/site-packages/airflow/example_dags/example_branch_datetime_operator.py
[2025-04-29T04:54:26.337+0000] {processor.py:753} INFO - DAG(s) dict_keys(['example_branch_datetime_operator', 'example_branch_datetime_operator_3', 'example_branch_datetime_operator_2']) retrieved from /home/airflow/.local/lib/python3.7/site-packages/airflow/example_dags/example_branch_datetime_operator.py
[2025-04-29T04:54:26.351+0000] {logging_mixin.py:137} INFO - [2025-04-29T04:54:26.351+0000] {dag.py:2690} INFO - Sync 3 DAGs
[2025-04-29T04:54:26.362+0000] {logging_mixin.py:137} INFO - [2025-04-29T04:54:26.362+0000] {dag.py:3441} INFO - Setting next_dagrun for example_branch_datetime_operator to 2025-04-28T00:00:00+00:00, run_after=2025-04-29T00:00:00+00:00
[2025-04-29T04:54:26.364+0000] {logging_mixin.py:137} INFO - [2025-04-29T04:54:26.364+0000] {dag.py:3441} INFO - Setting next_dagrun for example_branch_datetime_operator_2 to 2025-04-28T00:00:00+00:00, run_after=2025-04-29T00:00:00+00:00
[2025-04-29T04:54:26.366+0000] {logging_mixin.py:137} INFO - [2025-04-29T04:54:26.366+0000] {dag.py:3441} INFO - Setting next_dagrun for example_branch_datetime_operator_3 to 2025-04-28T00:00:00+00:00, run_after=2025-04-29T00:00:00+00:00
[2025-04-29T04:54:26.374+0000] {processor.py:175} INFO - Processing /home/airflow/.local/lib/python3.7/site-packages/airflow/example_dags/example_branch_datetime_operator.py took 0.050 seconds
[2025-04-29T04:54:56.854+0000] {processor.py:153} INFO - Started process (PID=3028) to work on /home/airflow/.local/lib/python3.7/site-packages/airflow/example_dags/example_branch_datetime_operator.py
[2025-04-29T04:54:56.857+0000] {processor.py:743} INFO - Processing file /home/airflow/.local/lib/python3.7/site-packages/airflow/example_dags/example_branch_datetime_operator.py for tasks to queue
[2025-04-29T04:54:56.858+0000] {logging_mixin.py:137} INFO - [2025-04-29T04:54:56.858+0000] {dagbag.py:538} INFO - Filling up the DagBag from /home/airflow/.local/lib/python3.7/site-packages/airflow/example_dags/example_branch_datetime_operator.py
[2025-04-29T04:54:56.865+0000] {processor.py:753} INFO - DAG(s) dict_keys(['example_branch_datetime_operator', 'example_branch_datetime_operator_2', 'example_branch_datetime_operator_3']) retrieved from /home/airflow/.local/lib/python3.7/site-packages/airflow/example_dags/example_branch_datetime_operator.py
[2025-04-29T04:54:56.882+0000] {logging_mixin.py:137} INFO - [2025-04-29T04:54:56.882+0000] {dag.py:2690} INFO - Sync 3 DAGs
[2025-04-29T04:54:56.894+0000] {logging_mixin.py:137} INFO - [2025-04-29T04:54:56.894+0000] {dag.py:3441} INFO - Setting next_dagrun for example_branch_datetime_operator to 2025-04-28T00:00:00+00:00, run_after=2025-04-29T00:00:00+00:00
[2025-04-29T04:54:56.896+0000] {logging_mixin.py:137} INFO - [2025-04-29T04:54:56.896+0000] {dag.py:3441} INFO - Setting next_dagrun for example_branch_datetime_operator_2 to 2025-04-28T00:00:00+00:00, run_after=2025-04-29T00:00:00+00:00
[2025-04-29T04:54:56.897+0000] {logging_mixin.py:137} INFO - [2025-04-29T04:54:56.897+0000] {dag.py:3441} INFO - Setting next_dagrun for example_branch_datetime_operator_3 to 2025-04-28T00:00:00+00:00, run_after=2025-04-29T00:00:00+00:00
[2025-04-29T04:54:56.904+0000] {processor.py:175} INFO - Processing /home/airflow/.local/lib/python3.7/site-packages/airflow/example_dags/example_branch_datetime_operator.py took 0.051 seconds
[2025-04-29T04:55:27.514+0000] {processor.py:153} INFO - Started process (PID=3120) to work on /home/airflow/.local/lib/python3.7/site-packages/airflow/example_dags/example_branch_datetime_operator.py
[2025-04-29T04:55:27.514+0000] {processor.py:743} INFO - Processing file /home/airflow/.local/lib/python3.7/site-packages/airflow/example_dags/example_branch_datetime_operator.py for tasks to queue
[2025-04-29T04:55:27.514+0000] {logging_mixin.py:137} INFO - [2025-04-29T04:55:27.514+0000] {dagbag.py:538} INFO - Filling up the DagBag from /home/airflow/.local/lib/python3.7/site-packages/airflow/example_dags/example_branch_datetime_operator.py
[2025-04-29T04:55:27.522+0000] {processor.py:753} INFO - DAG(s) dict_keys(['example_branch_datetime_operator_2', 'example_branch_datetime_operator_3', 'example_branch_datetime_operator']) retrieved from /home/airflow/.local/lib/python3.7/site-packages/airflow/example_dags/example_branch_datetime_operator.py
[2025-04-29T04:55:27.538+0000] {logging_mixin.py:137} INFO - [2025-04-29T04:55:27.538+0000] {dag.py:2690} INFO - Sync 3 DAGs
[2025-04-29T04:55:27.552+0000] {logging_mixin.py:137} INFO - [2025-04-29T04:55:27.552+0000] {dag.py:3441} INFO - Setting next_dagrun for example_branch_datetime_operator to 2025-04-28T00:00:00+00:00, run_after=2025-04-29T00:00:00+00:00
[2025-04-29T04:55:27.555+0000] {logging_mixin.py:137} INFO - [2025-04-29T04:55:27.555+0000] {dag.py:3441} INFO - Setting next_dagrun for example_branch_datetime_operator_2 to 2025-04-28T00:00:00+00:00, run_after=2025-04-29T00:00:00+00:00
[2025-04-29T04:55:27.556+0000] {logging_mixin.py:137} INFO - [2025-04-29T04:55:27.556+0000] {dag.py:3441} INFO - Setting next_dagrun for example_branch_datetime_operator_3 to 2025-04-28T00:00:00+00:00, run_after=2025-04-29T00:00:00+00:00
[2025-04-29T04:55:27.565+0000] {processor.py:175} INFO - Processing /home/airflow/.local/lib/python3.7/site-packages/airflow/example_dags/example_branch_datetime_operator.py took 0.052 seconds
[2025-04-29T04:55:58.094+0000] {processor.py:153} INFO - Started process (PID=3196) to work on /home/airflow/.local/lib/python3.7/site-packages/airflow/example_dags/example_branch_datetime_operator.py
[2025-04-29T04:55:58.095+0000] {processor.py:743} INFO - Processing file /home/airflow/.local/lib/python3.7/site-packages/airflow/example_dags/example_branch_datetime_operator.py for tasks to queue
[2025-04-29T04:55:58.096+0000] {logging_mixin.py:137} INFO - [2025-04-29T04:55:58.096+0000] {dagbag.py:538} INFO - Filling up the DagBag from /home/airflow/.local/lib/python3.7/site-packages/airflow/example_dags/example_branch_datetime_operator.py
[2025-04-29T04:55:58.103+0000] {processor.py:753} INFO - DAG(s) dict_keys(['example_branch_datetime_operator_3', 'example_branch_datetime_operator', 'example_branch_datetime_operator_2']) retrieved from /home/airflow/.local/lib/python3.7/site-packages/airflow/example_dags/example_branch_datetime_operator.py
[2025-04-29T04:55:58.123+0000] {logging_mixin.py:137} INFO - [2025-04-29T04:55:58.123+0000] {dag.py:2690} INFO - Sync 3 DAGs
[2025-04-29T04:55:58.136+0000] {logging_mixin.py:137} INFO - [2025-04-29T04:55:58.136+0000] {dag.py:3441} INFO - Setting next_dagrun for example_branch_datetime_operator to 2025-04-28T00:00:00+00:00, run_after=2025-04-29T00:00:00+00:00
[2025-04-29T04:55:58.140+0000] {logging_mixin.py:137} INFO - [2025-04-29T04:55:58.140+0000] {dag.py:3441} INFO - Setting next_dagrun for example_branch_datetime_operator_2 to 2025-04-28T00:00:00+00:00, run_after=2025-04-29T00:00:00+00:00
[2025-04-29T04:55:58.142+0000] {logging_mixin.py:137} INFO - [2025-04-29T04:55:58.142+0000] {dag.py:3441} INFO - Setting next_dagrun for example_branch_datetime_operator_3 to 2025-04-28T00:00:00+00:00, run_after=2025-04-29T00:00:00+00:00
[2025-04-29T04:55:58.149+0000] {processor.py:175} INFO - Processing /home/airflow/.local/lib/python3.7/site-packages/airflow/example_dags/example_branch_datetime_operator.py took 0.056 seconds
[2025-04-29T04:56:28.663+0000] {processor.py:153} INFO - Started process (PID=3288) to work on /home/airflow/.local/lib/python3.7/site-packages/airflow/example_dags/example_branch_datetime_operator.py
[2025-04-29T04:56:28.663+0000] {processor.py:743} INFO - Processing file /home/airflow/.local/lib/python3.7/site-packages/airflow/example_dags/example_branch_datetime_operator.py for tasks to queue
[2025-04-29T04:56:28.663+0000] {logging_mixin.py:137} INFO - [2025-04-29T04:56:28.663+0000] {dagbag.py:538} INFO - Filling up the DagBag from /home/airflow/.local/lib/python3.7/site-packages/airflow/example_dags/example_branch_datetime_operator.py
[2025-04-29T04:56:28.669+0000] {processor.py:753} INFO - DAG(s) dict_keys(['example_branch_datetime_operator_3', 'example_branch_datetime_operator_2', 'example_branch_datetime_operator']) retrieved from /home/airflow/.local/lib/python3.7/site-packages/airflow/example_dags/example_branch_datetime_operator.py
[2025-04-29T04:56:28.681+0000] {logging_mixin.py:137} INFO - [2025-04-29T04:56:28.681+0000] {dag.py:2690} INFO - Sync 3 DAGs
[2025-04-29T04:56:28.691+0000] {logging_mixin.py:137} INFO - [2025-04-29T04:56:28.691+0000] {dag.py:3441} INFO - Setting next_dagrun for example_branch_datetime_operator to 2025-04-28T00:00:00+00:00, run_after=2025-04-29T00:00:00+00:00
[2025-04-29T04:56:28.692+0000] {logging_mixin.py:137} INFO - [2025-04-29T04:56:28.692+0000] {dag.py:3441} INFO - Setting next_dagrun for example_branch_datetime_operator_2 to 2025-04-28T00:00:00+00:00, run_after=2025-04-29T00:00:00+00:00
[2025-04-29T04:56:28.693+0000] {logging_mixin.py:137} INFO - [2025-04-29T04:56:28.693+0000] {dag.py:3441} INFO - Setting next_dagrun for example_branch_datetime_operator_3 to 2025-04-28T00:00:00+00:00, run_after=2025-04-29T00:00:00+00:00
[2025-04-29T04:56:28.699+0000] {processor.py:175} INFO - Processing /home/airflow/.local/lib/python3.7/site-packages/airflow/example_dags/example_branch_datetime_operator.py took 0.037 seconds
