[2025-04-29T04:38:06.391+0000] {processor.py:153} INFO - Started process (PID=67) to work on /home/airflow/.local/lib/python3.7/site-packages/airflow/example_dags/example_sensor_decorator.py
[2025-04-29T04:38:06.397+0000] {processor.py:743} INFO - Processing file /home/airflow/.local/lib/python3.7/site-packages/airflow/example_dags/example_sensor_decorator.py for tasks to queue
[2025-04-29T04:38:06.407+0000] {logging_mixin.py:137} INFO - [2025-04-29T04:38:06.407+0000] {dagbag.py:538} INFO - Filling up the DagBag from /home/airflow/.local/lib/python3.7/site-packages/airflow/example_dags/example_sensor_decorator.py
[2025-04-29T04:38:06.474+0000] {processor.py:753} INFO - DAG(s) dict_keys(['example_sensor_decorator']) retrieved from /home/airflow/.local/lib/python3.7/site-packages/airflow/example_dags/example_sensor_decorator.py
[2025-04-29T04:38:06.526+0000] {logging_mixin.py:137} INFO - [2025-04-29T04:38:06.526+0000] {dag.py:2690} INFO - Sync 1 DAGs
[2025-04-29T04:38:06.561+0000] {logging_mixin.py:137} INFO - [2025-04-29T04:38:06.561+0000] {dag.py:3441} INFO - Setting next_dagrun for example_sensor_decorator to None, run_after=None
[2025-04-29T04:38:06.599+0000] {processor.py:175} INFO - Processing /home/airflow/.local/lib/python3.7/site-packages/airflow/example_dags/example_sensor_decorator.py took 0.211 seconds
[2025-04-29T04:38:37.215+0000] {processor.py:153} INFO - Started process (PID=166) to work on /home/airflow/.local/lib/python3.7/site-packages/airflow/example_dags/example_sensor_decorator.py
[2025-04-29T04:38:37.217+0000] {processor.py:743} INFO - Processing file /home/airflow/.local/lib/python3.7/site-packages/airflow/example_dags/example_sensor_decorator.py for tasks to queue
[2025-04-29T04:38:37.218+0000] {logging_mixin.py:137} INFO - [2025-04-29T04:38:37.218+0000] {dagbag.py:538} INFO - Filling up the DagBag from /home/airflow/.local/lib/python3.7/site-packages/airflow/example_dags/example_sensor_decorator.py
[2025-04-29T04:38:37.229+0000] {processor.py:753} INFO - DAG(s) dict_keys(['example_sensor_decorator']) retrieved from /home/airflow/.local/lib/python3.7/site-packages/airflow/example_dags/example_sensor_decorator.py
[2025-04-29T04:38:37.242+0000] {logging_mixin.py:137} INFO - [2025-04-29T04:38:37.242+0000] {dag.py:2690} INFO - Sync 1 DAGs
[2025-04-29T04:38:37.255+0000] {logging_mixin.py:137} INFO - [2025-04-29T04:38:37.255+0000] {dag.py:3441} INFO - Setting next_dagrun for example_sensor_decorator to None, run_after=None
[2025-04-29T04:38:37.270+0000] {processor.py:175} INFO - Processing /home/airflow/.local/lib/python3.7/site-packages/airflow/example_dags/example_sensor_decorator.py took 0.056 seconds
[2025-04-29T04:39:07.858+0000] {processor.py:153} INFO - Started process (PID=264) to work on /home/airflow/.local/lib/python3.7/site-packages/airflow/example_dags/example_sensor_decorator.py
[2025-04-29T04:39:07.859+0000] {processor.py:743} INFO - Processing file /home/airflow/.local/lib/python3.7/site-packages/airflow/example_dags/example_sensor_decorator.py for tasks to queue
[2025-04-29T04:39:07.859+0000] {logging_mixin.py:137} INFO - [2025-04-29T04:39:07.859+0000] {dagbag.py:538} INFO - Filling up the DagBag from /home/airflow/.local/lib/python3.7/site-packages/airflow/example_dags/example_sensor_decorator.py
[2025-04-29T04:39:07.868+0000] {processor.py:753} INFO - DAG(s) dict_keys(['example_sensor_decorator']) retrieved from /home/airflow/.local/lib/python3.7/site-packages/airflow/example_dags/example_sensor_decorator.py
[2025-04-29T04:39:07.877+0000] {logging_mixin.py:137} INFO - [2025-04-29T04:39:07.877+0000] {dag.py:2690} INFO - Sync 1 DAGs
[2025-04-29T04:39:07.889+0000] {logging_mixin.py:137} INFO - [2025-04-29T04:39:07.889+0000] {dag.py:3441} INFO - Setting next_dagrun for example_sensor_decorator to None, run_after=None
[2025-04-29T04:39:07.900+0000] {processor.py:175} INFO - Processing /home/airflow/.local/lib/python3.7/site-packages/airflow/example_dags/example_sensor_decorator.py took 0.043 seconds
[2025-04-29T04:39:38.533+0000] {processor.py:153} INFO - Started process (PID=356) to work on /home/airflow/.local/lib/python3.7/site-packages/airflow/example_dags/example_sensor_decorator.py
[2025-04-29T04:39:38.533+0000] {processor.py:743} INFO - Processing file /home/airflow/.local/lib/python3.7/site-packages/airflow/example_dags/example_sensor_decorator.py for tasks to queue
[2025-04-29T04:39:38.534+0000] {logging_mixin.py:137} INFO - [2025-04-29T04:39:38.534+0000] {dagbag.py:538} INFO - Filling up the DagBag from /home/airflow/.local/lib/python3.7/site-packages/airflow/example_dags/example_sensor_decorator.py
[2025-04-29T04:39:38.543+0000] {processor.py:753} INFO - DAG(s) dict_keys(['example_sensor_decorator']) retrieved from /home/airflow/.local/lib/python3.7/site-packages/airflow/example_dags/example_sensor_decorator.py
[2025-04-29T04:39:38.557+0000] {logging_mixin.py:137} INFO - [2025-04-29T04:39:38.557+0000] {dag.py:2690} INFO - Sync 1 DAGs
[2025-04-29T04:39:38.569+0000] {logging_mixin.py:137} INFO - [2025-04-29T04:39:38.569+0000] {dag.py:3441} INFO - Setting next_dagrun for example_sensor_decorator to None, run_after=None
[2025-04-29T04:39:38.584+0000] {processor.py:175} INFO - Processing /home/airflow/.local/lib/python3.7/site-packages/airflow/example_dags/example_sensor_decorator.py took 0.053 seconds
[2025-04-29T04:40:09.264+0000] {processor.py:153} INFO - Started process (PID=447) to work on /home/airflow/.local/lib/python3.7/site-packages/airflow/example_dags/example_sensor_decorator.py
[2025-04-29T04:40:09.264+0000] {processor.py:743} INFO - Processing file /home/airflow/.local/lib/python3.7/site-packages/airflow/example_dags/example_sensor_decorator.py for tasks to queue
[2025-04-29T04:40:09.264+0000] {logging_mixin.py:137} INFO - [2025-04-29T04:40:09.264+0000] {dagbag.py:538} INFO - Filling up the DagBag from /home/airflow/.local/lib/python3.7/site-packages/airflow/example_dags/example_sensor_decorator.py
[2025-04-29T04:40:09.275+0000] {processor.py:753} INFO - DAG(s) dict_keys(['example_sensor_decorator']) retrieved from /home/airflow/.local/lib/python3.7/site-packages/airflow/example_dags/example_sensor_decorator.py
[2025-04-29T04:40:09.293+0000] {logging_mixin.py:137} INFO - [2025-04-29T04:40:09.293+0000] {dag.py:2690} INFO - Sync 1 DAGs
[2025-04-29T04:40:09.303+0000] {logging_mixin.py:137} INFO - [2025-04-29T04:40:09.303+0000] {dag.py:3441} INFO - Setting next_dagrun for example_sensor_decorator to None, run_after=None
[2025-04-29T04:40:09.313+0000] {processor.py:175} INFO - Processing /home/airflow/.local/lib/python3.7/site-packages/airflow/example_dags/example_sensor_decorator.py took 0.051 seconds
[2025-04-29T04:40:39.891+0000] {processor.py:153} INFO - Started process (PID=523) to work on /home/airflow/.local/lib/python3.7/site-packages/airflow/example_dags/example_sensor_decorator.py
[2025-04-29T04:40:39.892+0000] {processor.py:743} INFO - Processing file /home/airflow/.local/lib/python3.7/site-packages/airflow/example_dags/example_sensor_decorator.py for tasks to queue
[2025-04-29T04:40:39.892+0000] {logging_mixin.py:137} INFO - [2025-04-29T04:40:39.892+0000] {dagbag.py:538} INFO - Filling up the DagBag from /home/airflow/.local/lib/python3.7/site-packages/airflow/example_dags/example_sensor_decorator.py
[2025-04-29T04:40:39.902+0000] {processor.py:753} INFO - DAG(s) dict_keys(['example_sensor_decorator']) retrieved from /home/airflow/.local/lib/python3.7/site-packages/airflow/example_dags/example_sensor_decorator.py
[2025-04-29T04:40:39.914+0000] {logging_mixin.py:137} INFO - [2025-04-29T04:40:39.914+0000] {dag.py:2690} INFO - Sync 1 DAGs
[2025-04-29T04:40:39.926+0000] {logging_mixin.py:137} INFO - [2025-04-29T04:40:39.926+0000] {dag.py:3441} INFO - Setting next_dagrun for example_sensor_decorator to None, run_after=None
[2025-04-29T04:40:39.937+0000] {processor.py:175} INFO - Processing /home/airflow/.local/lib/python3.7/site-packages/airflow/example_dags/example_sensor_decorator.py took 0.047 seconds
[2025-04-29T04:41:10.641+0000] {processor.py:153} INFO - Started process (PID=615) to work on /home/airflow/.local/lib/python3.7/site-packages/airflow/example_dags/example_sensor_decorator.py
[2025-04-29T04:41:10.644+0000] {processor.py:743} INFO - Processing file /home/airflow/.local/lib/python3.7/site-packages/airflow/example_dags/example_sensor_decorator.py for tasks to queue
[2025-04-29T04:41:10.645+0000] {logging_mixin.py:137} INFO - [2025-04-29T04:41:10.645+0000] {dagbag.py:538} INFO - Filling up the DagBag from /home/airflow/.local/lib/python3.7/site-packages/airflow/example_dags/example_sensor_decorator.py
[2025-04-29T04:41:10.655+0000] {processor.py:753} INFO - DAG(s) dict_keys(['example_sensor_decorator']) retrieved from /home/airflow/.local/lib/python3.7/site-packages/airflow/example_dags/example_sensor_decorator.py
[2025-04-29T04:41:10.672+0000] {logging_mixin.py:137} INFO - [2025-04-29T04:41:10.671+0000] {dag.py:2690} INFO - Sync 1 DAGs
[2025-04-29T04:41:10.684+0000] {logging_mixin.py:137} INFO - [2025-04-29T04:41:10.684+0000] {dag.py:3441} INFO - Setting next_dagrun for example_sensor_decorator to None, run_after=None
[2025-04-29T04:41:10.702+0000] {processor.py:175} INFO - Processing /home/airflow/.local/lib/python3.7/site-packages/airflow/example_dags/example_sensor_decorator.py took 0.064 seconds
[2025-04-29T04:41:41.369+0000] {processor.py:153} INFO - Started process (PID=707) to work on /home/airflow/.local/lib/python3.7/site-packages/airflow/example_dags/example_sensor_decorator.py
[2025-04-29T04:41:41.369+0000] {processor.py:743} INFO - Processing file /home/airflow/.local/lib/python3.7/site-packages/airflow/example_dags/example_sensor_decorator.py for tasks to queue
[2025-04-29T04:41:41.370+0000] {logging_mixin.py:137} INFO - [2025-04-29T04:41:41.370+0000] {dagbag.py:538} INFO - Filling up the DagBag from /home/airflow/.local/lib/python3.7/site-packages/airflow/example_dags/example_sensor_decorator.py
[2025-04-29T04:41:41.381+0000] {processor.py:753} INFO - DAG(s) dict_keys(['example_sensor_decorator']) retrieved from /home/airflow/.local/lib/python3.7/site-packages/airflow/example_dags/example_sensor_decorator.py
[2025-04-29T04:41:41.395+0000] {logging_mixin.py:137} INFO - [2025-04-29T04:41:41.394+0000] {dag.py:2690} INFO - Sync 1 DAGs
[2025-04-29T04:41:41.409+0000] {logging_mixin.py:137} INFO - [2025-04-29T04:41:41.409+0000] {dag.py:3441} INFO - Setting next_dagrun for example_sensor_decorator to None, run_after=None
[2025-04-29T04:41:41.420+0000] {processor.py:175} INFO - Processing /home/airflow/.local/lib/python3.7/site-packages/airflow/example_dags/example_sensor_decorator.py took 0.052 seconds
[2025-04-29T04:42:11.999+0000] {processor.py:153} INFO - Started process (PID=799) to work on /home/airflow/.local/lib/python3.7/site-packages/airflow/example_dags/example_sensor_decorator.py
[2025-04-29T04:42:12.000+0000] {processor.py:743} INFO - Processing file /home/airflow/.local/lib/python3.7/site-packages/airflow/example_dags/example_sensor_decorator.py for tasks to queue
[2025-04-29T04:42:12.001+0000] {logging_mixin.py:137} INFO - [2025-04-29T04:42:12.000+0000] {dagbag.py:538} INFO - Filling up the DagBag from /home/airflow/.local/lib/python3.7/site-packages/airflow/example_dags/example_sensor_decorator.py
[2025-04-29T04:42:12.010+0000] {processor.py:753} INFO - DAG(s) dict_keys(['example_sensor_decorator']) retrieved from /home/airflow/.local/lib/python3.7/site-packages/airflow/example_dags/example_sensor_decorator.py
[2025-04-29T04:42:12.019+0000] {logging_mixin.py:137} INFO - [2025-04-29T04:42:12.019+0000] {dag.py:2690} INFO - Sync 1 DAGs
[2025-04-29T04:42:12.030+0000] {logging_mixin.py:137} INFO - [2025-04-29T04:42:12.030+0000] {dag.py:3441} INFO - Setting next_dagrun for example_sensor_decorator to None, run_after=None
[2025-04-29T04:42:12.042+0000] {processor.py:175} INFO - Processing /home/airflow/.local/lib/python3.7/site-packages/airflow/example_dags/example_sensor_decorator.py took 0.044 seconds
[2025-04-29T04:42:42.258+0000] {processor.py:153} INFO - Started process (PID=891) to work on /home/airflow/.local/lib/python3.7/site-packages/airflow/example_dags/example_sensor_decorator.py
[2025-04-29T04:42:42.259+0000] {processor.py:743} INFO - Processing file /home/airflow/.local/lib/python3.7/site-packages/airflow/example_dags/example_sensor_decorator.py for tasks to queue
[2025-04-29T04:42:42.260+0000] {logging_mixin.py:137} INFO - [2025-04-29T04:42:42.260+0000] {dagbag.py:538} INFO - Filling up the DagBag from /home/airflow/.local/lib/python3.7/site-packages/airflow/example_dags/example_sensor_decorator.py
[2025-04-29T04:42:42.277+0000] {processor.py:753} INFO - DAG(s) dict_keys(['example_sensor_decorator']) retrieved from /home/airflow/.local/lib/python3.7/site-packages/airflow/example_dags/example_sensor_decorator.py
[2025-04-29T04:42:42.293+0000] {logging_mixin.py:137} INFO - [2025-04-29T04:42:42.293+0000] {dag.py:2690} INFO - Sync 1 DAGs
[2025-04-29T04:42:42.315+0000] {logging_mixin.py:137} INFO - [2025-04-29T04:42:42.315+0000] {dag.py:3441} INFO - Setting next_dagrun for example_sensor_decorator to None, run_after=None
[2025-04-29T04:42:42.338+0000] {processor.py:175} INFO - Processing /home/airflow/.local/lib/python3.7/site-packages/airflow/example_dags/example_sensor_decorator.py took 0.083 seconds
[2025-04-29T04:43:13.119+0000] {processor.py:153} INFO - Started process (PID=967) to work on /home/airflow/.local/lib/python3.7/site-packages/airflow/example_dags/example_sensor_decorator.py
[2025-04-29T04:43:13.120+0000] {processor.py:743} INFO - Processing file /home/airflow/.local/lib/python3.7/site-packages/airflow/example_dags/example_sensor_decorator.py for tasks to queue
[2025-04-29T04:43:13.121+0000] {logging_mixin.py:137} INFO - [2025-04-29T04:43:13.121+0000] {dagbag.py:538} INFO - Filling up the DagBag from /home/airflow/.local/lib/python3.7/site-packages/airflow/example_dags/example_sensor_decorator.py
[2025-04-29T04:43:13.134+0000] {processor.py:753} INFO - DAG(s) dict_keys(['example_sensor_decorator']) retrieved from /home/airflow/.local/lib/python3.7/site-packages/airflow/example_dags/example_sensor_decorator.py
[2025-04-29T04:43:13.148+0000] {logging_mixin.py:137} INFO - [2025-04-29T04:43:13.148+0000] {dag.py:2690} INFO - Sync 1 DAGs
[2025-04-29T04:43:13.166+0000] {logging_mixin.py:137} INFO - [2025-04-29T04:43:13.166+0000] {dag.py:3441} INFO - Setting next_dagrun for example_sensor_decorator to None, run_after=None
[2025-04-29T04:43:13.183+0000] {processor.py:175} INFO - Processing /home/airflow/.local/lib/python3.7/site-packages/airflow/example_dags/example_sensor_decorator.py took 0.066 seconds
[2025-04-29T04:43:43.839+0000] {processor.py:153} INFO - Started process (PID=1059) to work on /home/airflow/.local/lib/python3.7/site-packages/airflow/example_dags/example_sensor_decorator.py
[2025-04-29T04:43:43.840+0000] {processor.py:743} INFO - Processing file /home/airflow/.local/lib/python3.7/site-packages/airflow/example_dags/example_sensor_decorator.py for tasks to queue
[2025-04-29T04:43:43.841+0000] {logging_mixin.py:137} INFO - [2025-04-29T04:43:43.841+0000] {dagbag.py:538} INFO - Filling up the DagBag from /home/airflow/.local/lib/python3.7/site-packages/airflow/example_dags/example_sensor_decorator.py
[2025-04-29T04:43:43.854+0000] {processor.py:753} INFO - DAG(s) dict_keys(['example_sensor_decorator']) retrieved from /home/airflow/.local/lib/python3.7/site-packages/airflow/example_dags/example_sensor_decorator.py
[2025-04-29T04:43:43.863+0000] {logging_mixin.py:137} INFO - [2025-04-29T04:43:43.863+0000] {dag.py:2690} INFO - Sync 1 DAGs
[2025-04-29T04:43:43.873+0000] {logging_mixin.py:137} INFO - [2025-04-29T04:43:43.873+0000] {dag.py:3441} INFO - Setting next_dagrun for example_sensor_decorator to None, run_after=None
[2025-04-29T04:43:43.885+0000] {processor.py:175} INFO - Processing /home/airflow/.local/lib/python3.7/site-packages/airflow/example_dags/example_sensor_decorator.py took 0.048 seconds
[2025-04-29T04:44:14.495+0000] {processor.py:153} INFO - Started process (PID=1151) to work on /home/airflow/.local/lib/python3.7/site-packages/airflow/example_dags/example_sensor_decorator.py
[2025-04-29T04:44:14.496+0000] {processor.py:743} INFO - Processing file /home/airflow/.local/lib/python3.7/site-packages/airflow/example_dags/example_sensor_decorator.py for tasks to queue
[2025-04-29T04:44:14.496+0000] {logging_mixin.py:137} INFO - [2025-04-29T04:44:14.496+0000] {dagbag.py:538} INFO - Filling up the DagBag from /home/airflow/.local/lib/python3.7/site-packages/airflow/example_dags/example_sensor_decorator.py
[2025-04-29T04:44:14.505+0000] {processor.py:753} INFO - DAG(s) dict_keys(['example_sensor_decorator']) retrieved from /home/airflow/.local/lib/python3.7/site-packages/airflow/example_dags/example_sensor_decorator.py
[2025-04-29T04:44:14.515+0000] {logging_mixin.py:137} INFO - [2025-04-29T04:44:14.515+0000] {dag.py:2690} INFO - Sync 1 DAGs
[2025-04-29T04:44:14.526+0000] {logging_mixin.py:137} INFO - [2025-04-29T04:44:14.526+0000] {dag.py:3441} INFO - Setting next_dagrun for example_sensor_decorator to None, run_after=None
[2025-04-29T04:44:14.542+0000] {processor.py:175} INFO - Processing /home/airflow/.local/lib/python3.7/site-packages/airflow/example_dags/example_sensor_decorator.py took 0.048 seconds
[2025-04-29T04:44:45.129+0000] {processor.py:153} INFO - Started process (PID=1243) to work on /home/airflow/.local/lib/python3.7/site-packages/airflow/example_dags/example_sensor_decorator.py
[2025-04-29T04:44:45.131+0000] {processor.py:743} INFO - Processing file /home/airflow/.local/lib/python3.7/site-packages/airflow/example_dags/example_sensor_decorator.py for tasks to queue
[2025-04-29T04:44:45.131+0000] {logging_mixin.py:137} INFO - [2025-04-29T04:44:45.131+0000] {dagbag.py:538} INFO - Filling up the DagBag from /home/airflow/.local/lib/python3.7/site-packages/airflow/example_dags/example_sensor_decorator.py
[2025-04-29T04:44:45.140+0000] {processor.py:753} INFO - DAG(s) dict_keys(['example_sensor_decorator']) retrieved from /home/airflow/.local/lib/python3.7/site-packages/airflow/example_dags/example_sensor_decorator.py
[2025-04-29T04:44:45.153+0000] {logging_mixin.py:137} INFO - [2025-04-29T04:44:45.153+0000] {dag.py:2690} INFO - Sync 1 DAGs
[2025-04-29T04:44:45.167+0000] {logging_mixin.py:137} INFO - [2025-04-29T04:44:45.167+0000] {dag.py:3441} INFO - Setting next_dagrun for example_sensor_decorator to None, run_after=None
[2025-04-29T04:44:45.179+0000] {processor.py:175} INFO - Processing /home/airflow/.local/lib/python3.7/site-packages/airflow/example_dags/example_sensor_decorator.py took 0.052 seconds
[2025-04-29T04:45:15.688+0000] {processor.py:153} INFO - Started process (PID=1334) to work on /home/airflow/.local/lib/python3.7/site-packages/airflow/example_dags/example_sensor_decorator.py
[2025-04-29T04:45:15.689+0000] {processor.py:743} INFO - Processing file /home/airflow/.local/lib/python3.7/site-packages/airflow/example_dags/example_sensor_decorator.py for tasks to queue
[2025-04-29T04:45:15.689+0000] {logging_mixin.py:137} INFO - [2025-04-29T04:45:15.689+0000] {dagbag.py:538} INFO - Filling up the DagBag from /home/airflow/.local/lib/python3.7/site-packages/airflow/example_dags/example_sensor_decorator.py
[2025-04-29T04:45:15.697+0000] {processor.py:753} INFO - DAG(s) dict_keys(['example_sensor_decorator']) retrieved from /home/airflow/.local/lib/python3.7/site-packages/airflow/example_dags/example_sensor_decorator.py
[2025-04-29T04:45:15.710+0000] {logging_mixin.py:137} INFO - [2025-04-29T04:45:15.710+0000] {dag.py:2690} INFO - Sync 1 DAGs
[2025-04-29T04:45:15.722+0000] {logging_mixin.py:137} INFO - [2025-04-29T04:45:15.722+0000] {dag.py:3441} INFO - Setting next_dagrun for example_sensor_decorator to None, run_after=None
[2025-04-29T04:45:15.733+0000] {processor.py:175} INFO - Processing /home/airflow/.local/lib/python3.7/site-packages/airflow/example_dags/example_sensor_decorator.py took 0.046 seconds
[2025-04-29T04:45:46.207+0000] {processor.py:153} INFO - Started process (PID=1410) to work on /home/airflow/.local/lib/python3.7/site-packages/airflow/example_dags/example_sensor_decorator.py
[2025-04-29T04:45:46.208+0000] {processor.py:743} INFO - Processing file /home/airflow/.local/lib/python3.7/site-packages/airflow/example_dags/example_sensor_decorator.py for tasks to queue
[2025-04-29T04:45:46.208+0000] {logging_mixin.py:137} INFO - [2025-04-29T04:45:46.208+0000] {dagbag.py:538} INFO - Filling up the DagBag from /home/airflow/.local/lib/python3.7/site-packages/airflow/example_dags/example_sensor_decorator.py
[2025-04-29T04:45:46.219+0000] {processor.py:753} INFO - DAG(s) dict_keys(['example_sensor_decorator']) retrieved from /home/airflow/.local/lib/python3.7/site-packages/airflow/example_dags/example_sensor_decorator.py
[2025-04-29T04:45:46.236+0000] {logging_mixin.py:137} INFO - [2025-04-29T04:45:46.236+0000] {dag.py:2690} INFO - Sync 1 DAGs
[2025-04-29T04:45:46.246+0000] {logging_mixin.py:137} INFO - [2025-04-29T04:45:46.246+0000] {dag.py:3441} INFO - Setting next_dagrun for example_sensor_decorator to None, run_after=None
[2025-04-29T04:45:46.255+0000] {processor.py:175} INFO - Processing /home/airflow/.local/lib/python3.7/site-packages/airflow/example_dags/example_sensor_decorator.py took 0.050 seconds
[2025-04-29T04:46:17.003+0000] {processor.py:153} INFO - Started process (PID=1502) to work on /home/airflow/.local/lib/python3.7/site-packages/airflow/example_dags/example_sensor_decorator.py
[2025-04-29T04:46:17.004+0000] {processor.py:743} INFO - Processing file /home/airflow/.local/lib/python3.7/site-packages/airflow/example_dags/example_sensor_decorator.py for tasks to queue
[2025-04-29T04:46:17.005+0000] {logging_mixin.py:137} INFO - [2025-04-29T04:46:17.004+0000] {dagbag.py:538} INFO - Filling up the DagBag from /home/airflow/.local/lib/python3.7/site-packages/airflow/example_dags/example_sensor_decorator.py
[2025-04-29T04:46:17.017+0000] {processor.py:753} INFO - DAG(s) dict_keys(['example_sensor_decorator']) retrieved from /home/airflow/.local/lib/python3.7/site-packages/airflow/example_dags/example_sensor_decorator.py
[2025-04-29T04:46:17.034+0000] {logging_mixin.py:137} INFO - [2025-04-29T04:46:17.034+0000] {dag.py:2690} INFO - Sync 1 DAGs
[2025-04-29T04:46:17.045+0000] {logging_mixin.py:137} INFO - [2025-04-29T04:46:17.045+0000] {dag.py:3441} INFO - Setting next_dagrun for example_sensor_decorator to None, run_after=None
[2025-04-29T04:46:17.056+0000] {processor.py:175} INFO - Processing /home/airflow/.local/lib/python3.7/site-packages/airflow/example_dags/example_sensor_decorator.py took 0.056 seconds
[2025-04-29T04:46:47.614+0000] {processor.py:153} INFO - Started process (PID=1594) to work on /home/airflow/.local/lib/python3.7/site-packages/airflow/example_dags/example_sensor_decorator.py
[2025-04-29T04:46:47.617+0000] {processor.py:743} INFO - Processing file /home/airflow/.local/lib/python3.7/site-packages/airflow/example_dags/example_sensor_decorator.py for tasks to queue
[2025-04-29T04:46:47.617+0000] {logging_mixin.py:137} INFO - [2025-04-29T04:46:47.617+0000] {dagbag.py:538} INFO - Filling up the DagBag from /home/airflow/.local/lib/python3.7/site-packages/airflow/example_dags/example_sensor_decorator.py
[2025-04-29T04:46:47.625+0000] {processor.py:753} INFO - DAG(s) dict_keys(['example_sensor_decorator']) retrieved from /home/airflow/.local/lib/python3.7/site-packages/airflow/example_dags/example_sensor_decorator.py
[2025-04-29T04:46:47.634+0000] {logging_mixin.py:137} INFO - [2025-04-29T04:46:47.634+0000] {dag.py:2690} INFO - Sync 1 DAGs
[2025-04-29T04:46:47.644+0000] {logging_mixin.py:137} INFO - [2025-04-29T04:46:47.644+0000] {dag.py:3441} INFO - Setting next_dagrun for example_sensor_decorator to None, run_after=None
[2025-04-29T04:46:47.652+0000] {processor.py:175} INFO - Processing /home/airflow/.local/lib/python3.7/site-packages/airflow/example_dags/example_sensor_decorator.py took 0.039 seconds
[2025-04-29T04:47:18.088+0000] {processor.py:153} INFO - Started process (PID=1686) to work on /home/airflow/.local/lib/python3.7/site-packages/airflow/example_dags/example_sensor_decorator.py
[2025-04-29T04:47:18.091+0000] {processor.py:743} INFO - Processing file /home/airflow/.local/lib/python3.7/site-packages/airflow/example_dags/example_sensor_decorator.py for tasks to queue
[2025-04-29T04:47:18.092+0000] {logging_mixin.py:137} INFO - [2025-04-29T04:47:18.092+0000] {dagbag.py:538} INFO - Filling up the DagBag from /home/airflow/.local/lib/python3.7/site-packages/airflow/example_dags/example_sensor_decorator.py
[2025-04-29T04:47:18.101+0000] {processor.py:753} INFO - DAG(s) dict_keys(['example_sensor_decorator']) retrieved from /home/airflow/.local/lib/python3.7/site-packages/airflow/example_dags/example_sensor_decorator.py
[2025-04-29T04:47:18.110+0000] {logging_mixin.py:137} INFO - [2025-04-29T04:47:18.110+0000] {dag.py:2690} INFO - Sync 1 DAGs
[2025-04-29T04:47:18.120+0000] {logging_mixin.py:137} INFO - [2025-04-29T04:47:18.120+0000] {dag.py:3441} INFO - Setting next_dagrun for example_sensor_decorator to None, run_after=None
[2025-04-29T04:47:18.128+0000] {processor.py:175} INFO - Processing /home/airflow/.local/lib/python3.7/site-packages/airflow/example_dags/example_sensor_decorator.py took 0.041 seconds
[2025-04-29T04:47:48.596+0000] {processor.py:153} INFO - Started process (PID=1778) to work on /home/airflow/.local/lib/python3.7/site-packages/airflow/example_dags/example_sensor_decorator.py
[2025-04-29T04:47:48.597+0000] {processor.py:743} INFO - Processing file /home/airflow/.local/lib/python3.7/site-packages/airflow/example_dags/example_sensor_decorator.py for tasks to queue
[2025-04-29T04:47:48.597+0000] {logging_mixin.py:137} INFO - [2025-04-29T04:47:48.597+0000] {dagbag.py:538} INFO - Filling up the DagBag from /home/airflow/.local/lib/python3.7/site-packages/airflow/example_dags/example_sensor_decorator.py
[2025-04-29T04:47:48.607+0000] {processor.py:753} INFO - DAG(s) dict_keys(['example_sensor_decorator']) retrieved from /home/airflow/.local/lib/python3.7/site-packages/airflow/example_dags/example_sensor_decorator.py
[2025-04-29T04:47:48.620+0000] {logging_mixin.py:137} INFO - [2025-04-29T04:47:48.620+0000] {dag.py:2690} INFO - Sync 1 DAGs
[2025-04-29T04:47:48.630+0000] {logging_mixin.py:137} INFO - [2025-04-29T04:47:48.630+0000] {dag.py:3441} INFO - Setting next_dagrun for example_sensor_decorator to None, run_after=None
[2025-04-29T04:47:48.639+0000] {processor.py:175} INFO - Processing /home/airflow/.local/lib/python3.7/site-packages/airflow/example_dags/example_sensor_decorator.py took 0.044 seconds
[2025-04-29T04:48:19.098+0000] {processor.py:153} INFO - Started process (PID=1854) to work on /home/airflow/.local/lib/python3.7/site-packages/airflow/example_dags/example_sensor_decorator.py
[2025-04-29T04:48:19.099+0000] {processor.py:743} INFO - Processing file /home/airflow/.local/lib/python3.7/site-packages/airflow/example_dags/example_sensor_decorator.py for tasks to queue
[2025-04-29T04:48:19.099+0000] {logging_mixin.py:137} INFO - [2025-04-29T04:48:19.099+0000] {dagbag.py:538} INFO - Filling up the DagBag from /home/airflow/.local/lib/python3.7/site-packages/airflow/example_dags/example_sensor_decorator.py
[2025-04-29T04:48:19.109+0000] {processor.py:753} INFO - DAG(s) dict_keys(['example_sensor_decorator']) retrieved from /home/airflow/.local/lib/python3.7/site-packages/airflow/example_dags/example_sensor_decorator.py
[2025-04-29T04:48:19.121+0000] {logging_mixin.py:137} INFO - [2025-04-29T04:48:19.121+0000] {dag.py:2690} INFO - Sync 1 DAGs
[2025-04-29T04:48:19.134+0000] {logging_mixin.py:137} INFO - [2025-04-29T04:48:19.134+0000] {dag.py:3441} INFO - Setting next_dagrun for example_sensor_decorator to None, run_after=None
[2025-04-29T04:48:19.143+0000] {processor.py:175} INFO - Processing /home/airflow/.local/lib/python3.7/site-packages/airflow/example_dags/example_sensor_decorator.py took 0.046 seconds
[2025-04-29T04:48:49.703+0000] {processor.py:153} INFO - Started process (PID=1946) to work on /home/airflow/.local/lib/python3.7/site-packages/airflow/example_dags/example_sensor_decorator.py
[2025-04-29T04:48:49.705+0000] {processor.py:743} INFO - Processing file /home/airflow/.local/lib/python3.7/site-packages/airflow/example_dags/example_sensor_decorator.py for tasks to queue
[2025-04-29T04:48:49.705+0000] {logging_mixin.py:137} INFO - [2025-04-29T04:48:49.705+0000] {dagbag.py:538} INFO - Filling up the DagBag from /home/airflow/.local/lib/python3.7/site-packages/airflow/example_dags/example_sensor_decorator.py
[2025-04-29T04:48:49.715+0000] {processor.py:753} INFO - DAG(s) dict_keys(['example_sensor_decorator']) retrieved from /home/airflow/.local/lib/python3.7/site-packages/airflow/example_dags/example_sensor_decorator.py
[2025-04-29T04:48:49.726+0000] {logging_mixin.py:137} INFO - [2025-04-29T04:48:49.726+0000] {dag.py:2690} INFO - Sync 1 DAGs
[2025-04-29T04:48:49.736+0000] {logging_mixin.py:137} INFO - [2025-04-29T04:48:49.736+0000] {dag.py:3441} INFO - Setting next_dagrun for example_sensor_decorator to None, run_after=None
[2025-04-29T04:48:49.744+0000] {processor.py:175} INFO - Processing /home/airflow/.local/lib/python3.7/site-packages/airflow/example_dags/example_sensor_decorator.py took 0.042 seconds
[2025-04-29T04:49:20.315+0000] {processor.py:153} INFO - Started process (PID=2038) to work on /home/airflow/.local/lib/python3.7/site-packages/airflow/example_dags/example_sensor_decorator.py
[2025-04-29T04:49:20.315+0000] {processor.py:743} INFO - Processing file /home/airflow/.local/lib/python3.7/site-packages/airflow/example_dags/example_sensor_decorator.py for tasks to queue
[2025-04-29T04:49:20.316+0000] {logging_mixin.py:137} INFO - [2025-04-29T04:49:20.316+0000] {dagbag.py:538} INFO - Filling up the DagBag from /home/airflow/.local/lib/python3.7/site-packages/airflow/example_dags/example_sensor_decorator.py
[2025-04-29T04:49:20.324+0000] {processor.py:753} INFO - DAG(s) dict_keys(['example_sensor_decorator']) retrieved from /home/airflow/.local/lib/python3.7/site-packages/airflow/example_dags/example_sensor_decorator.py
[2025-04-29T04:49:20.334+0000] {logging_mixin.py:137} INFO - [2025-04-29T04:49:20.334+0000] {dag.py:2690} INFO - Sync 1 DAGs
[2025-04-29T04:49:20.345+0000] {logging_mixin.py:137} INFO - [2025-04-29T04:49:20.345+0000] {dag.py:3441} INFO - Setting next_dagrun for example_sensor_decorator to None, run_after=None
[2025-04-29T04:49:20.356+0000] {processor.py:175} INFO - Processing /home/airflow/.local/lib/python3.7/site-packages/airflow/example_dags/example_sensor_decorator.py took 0.043 seconds
[2025-04-29T04:49:50.913+0000] {processor.py:153} INFO - Started process (PID=2130) to work on /home/airflow/.local/lib/python3.7/site-packages/airflow/example_dags/example_sensor_decorator.py
[2025-04-29T04:49:50.916+0000] {processor.py:743} INFO - Processing file /home/airflow/.local/lib/python3.7/site-packages/airflow/example_dags/example_sensor_decorator.py for tasks to queue
[2025-04-29T04:49:50.916+0000] {logging_mixin.py:137} INFO - [2025-04-29T04:49:50.916+0000] {dagbag.py:538} INFO - Filling up the DagBag from /home/airflow/.local/lib/python3.7/site-packages/airflow/example_dags/example_sensor_decorator.py
[2025-04-29T04:49:50.924+0000] {processor.py:753} INFO - DAG(s) dict_keys(['example_sensor_decorator']) retrieved from /home/airflow/.local/lib/python3.7/site-packages/airflow/example_dags/example_sensor_decorator.py
[2025-04-29T04:49:50.937+0000] {logging_mixin.py:137} INFO - [2025-04-29T04:49:50.937+0000] {dag.py:2690} INFO - Sync 1 DAGs
[2025-04-29T04:49:50.947+0000] {logging_mixin.py:137} INFO - [2025-04-29T04:49:50.947+0000] {dag.py:3441} INFO - Setting next_dagrun for example_sensor_decorator to None, run_after=None
[2025-04-29T04:49:50.958+0000] {processor.py:175} INFO - Processing /home/airflow/.local/lib/python3.7/site-packages/airflow/example_dags/example_sensor_decorator.py took 0.046 seconds
[2025-04-29T04:50:21.425+0000] {processor.py:153} INFO - Started process (PID=2222) to work on /home/airflow/.local/lib/python3.7/site-packages/airflow/example_dags/example_sensor_decorator.py
[2025-04-29T04:50:21.429+0000] {processor.py:743} INFO - Processing file /home/airflow/.local/lib/python3.7/site-packages/airflow/example_dags/example_sensor_decorator.py for tasks to queue
[2025-04-29T04:50:21.430+0000] {logging_mixin.py:137} INFO - [2025-04-29T04:50:21.430+0000] {dagbag.py:538} INFO - Filling up the DagBag from /home/airflow/.local/lib/python3.7/site-packages/airflow/example_dags/example_sensor_decorator.py
[2025-04-29T04:50:21.438+0000] {processor.py:753} INFO - DAG(s) dict_keys(['example_sensor_decorator']) retrieved from /home/airflow/.local/lib/python3.7/site-packages/airflow/example_dags/example_sensor_decorator.py
[2025-04-29T04:50:21.451+0000] {logging_mixin.py:137} INFO - [2025-04-29T04:50:21.451+0000] {dag.py:2690} INFO - Sync 1 DAGs
[2025-04-29T04:50:21.462+0000] {logging_mixin.py:137} INFO - [2025-04-29T04:50:21.462+0000] {dag.py:3441} INFO - Setting next_dagrun for example_sensor_decorator to None, run_after=None
[2025-04-29T04:50:21.471+0000] {processor.py:175} INFO - Processing /home/airflow/.local/lib/python3.7/site-packages/airflow/example_dags/example_sensor_decorator.py took 0.047 seconds
[2025-04-29T04:50:52.024+0000] {processor.py:153} INFO - Started process (PID=2297) to work on /home/airflow/.local/lib/python3.7/site-packages/airflow/example_dags/example_sensor_decorator.py
[2025-04-29T04:50:52.026+0000] {processor.py:743} INFO - Processing file /home/airflow/.local/lib/python3.7/site-packages/airflow/example_dags/example_sensor_decorator.py for tasks to queue
[2025-04-29T04:50:52.026+0000] {logging_mixin.py:137} INFO - [2025-04-29T04:50:52.026+0000] {dagbag.py:538} INFO - Filling up the DagBag from /home/airflow/.local/lib/python3.7/site-packages/airflow/example_dags/example_sensor_decorator.py
[2025-04-29T04:50:52.036+0000] {processor.py:753} INFO - DAG(s) dict_keys(['example_sensor_decorator']) retrieved from /home/airflow/.local/lib/python3.7/site-packages/airflow/example_dags/example_sensor_decorator.py
[2025-04-29T04:50:52.049+0000] {logging_mixin.py:137} INFO - [2025-04-29T04:50:52.049+0000] {dag.py:2690} INFO - Sync 1 DAGs
[2025-04-29T04:50:52.062+0000] {logging_mixin.py:137} INFO - [2025-04-29T04:50:52.062+0000] {dag.py:3441} INFO - Setting next_dagrun for example_sensor_decorator to None, run_after=None
[2025-04-29T04:50:52.078+0000] {processor.py:175} INFO - Processing /home/airflow/.local/lib/python3.7/site-packages/airflow/example_dags/example_sensor_decorator.py took 0.055 seconds
[2025-04-29T04:51:22.654+0000] {processor.py:153} INFO - Started process (PID=2390) to work on /home/airflow/.local/lib/python3.7/site-packages/airflow/example_dags/example_sensor_decorator.py
[2025-04-29T04:51:22.657+0000] {processor.py:743} INFO - Processing file /home/airflow/.local/lib/python3.7/site-packages/airflow/example_dags/example_sensor_decorator.py for tasks to queue
[2025-04-29T04:51:22.657+0000] {logging_mixin.py:137} INFO - [2025-04-29T04:51:22.657+0000] {dagbag.py:538} INFO - Filling up the DagBag from /home/airflow/.local/lib/python3.7/site-packages/airflow/example_dags/example_sensor_decorator.py
[2025-04-29T04:51:22.666+0000] {processor.py:753} INFO - DAG(s) dict_keys(['example_sensor_decorator']) retrieved from /home/airflow/.local/lib/python3.7/site-packages/airflow/example_dags/example_sensor_decorator.py
[2025-04-29T04:51:22.675+0000] {logging_mixin.py:137} INFO - [2025-04-29T04:51:22.675+0000] {dag.py:2690} INFO - Sync 1 DAGs
[2025-04-29T04:51:22.686+0000] {logging_mixin.py:137} INFO - [2025-04-29T04:51:22.686+0000] {dag.py:3441} INFO - Setting next_dagrun for example_sensor_decorator to None, run_after=None
[2025-04-29T04:51:22.695+0000] {processor.py:175} INFO - Processing /home/airflow/.local/lib/python3.7/site-packages/airflow/example_dags/example_sensor_decorator.py took 0.042 seconds
[2025-04-29T04:51:53.122+0000] {processor.py:153} INFO - Started process (PID=2482) to work on /home/airflow/.local/lib/python3.7/site-packages/airflow/example_dags/example_sensor_decorator.py
[2025-04-29T04:51:53.122+0000] {processor.py:743} INFO - Processing file /home/airflow/.local/lib/python3.7/site-packages/airflow/example_dags/example_sensor_decorator.py for tasks to queue
[2025-04-29T04:51:53.122+0000] {logging_mixin.py:137} INFO - [2025-04-29T04:51:53.122+0000] {dagbag.py:538} INFO - Filling up the DagBag from /home/airflow/.local/lib/python3.7/site-packages/airflow/example_dags/example_sensor_decorator.py
[2025-04-29T04:51:53.133+0000] {processor.py:753} INFO - DAG(s) dict_keys(['example_sensor_decorator']) retrieved from /home/airflow/.local/lib/python3.7/site-packages/airflow/example_dags/example_sensor_decorator.py
[2025-04-29T04:51:53.147+0000] {logging_mixin.py:137} INFO - [2025-04-29T04:51:53.147+0000] {dag.py:2690} INFO - Sync 1 DAGs
[2025-04-29T04:51:53.158+0000] {logging_mixin.py:137} INFO - [2025-04-29T04:51:53.157+0000] {dag.py:3441} INFO - Setting next_dagrun for example_sensor_decorator to None, run_after=None
[2025-04-29T04:51:53.171+0000] {processor.py:175} INFO - Processing /home/airflow/.local/lib/python3.7/site-packages/airflow/example_dags/example_sensor_decorator.py took 0.051 seconds
[2025-04-29T04:52:23.687+0000] {processor.py:153} INFO - Started process (PID=2574) to work on /home/airflow/.local/lib/python3.7/site-packages/airflow/example_dags/example_sensor_decorator.py
[2025-04-29T04:52:23.687+0000] {processor.py:743} INFO - Processing file /home/airflow/.local/lib/python3.7/site-packages/airflow/example_dags/example_sensor_decorator.py for tasks to queue
[2025-04-29T04:52:23.687+0000] {logging_mixin.py:137} INFO - [2025-04-29T04:52:23.687+0000] {dagbag.py:538} INFO - Filling up the DagBag from /home/airflow/.local/lib/python3.7/site-packages/airflow/example_dags/example_sensor_decorator.py
[2025-04-29T04:52:23.696+0000] {processor.py:753} INFO - DAG(s) dict_keys(['example_sensor_decorator']) retrieved from /home/airflow/.local/lib/python3.7/site-packages/airflow/example_dags/example_sensor_decorator.py
[2025-04-29T04:52:23.705+0000] {logging_mixin.py:137} INFO - [2025-04-29T04:52:23.705+0000] {dag.py:2690} INFO - Sync 1 DAGs
[2025-04-29T04:52:23.716+0000] {logging_mixin.py:137} INFO - [2025-04-29T04:52:23.716+0000] {dag.py:3441} INFO - Setting next_dagrun for example_sensor_decorator to None, run_after=None
[2025-04-29T04:52:23.723+0000] {processor.py:175} INFO - Processing /home/airflow/.local/lib/python3.7/site-packages/airflow/example_dags/example_sensor_decorator.py took 0.038 seconds
[2025-04-29T04:52:54.376+0000] {processor.py:153} INFO - Started process (PID=2666) to work on /home/airflow/.local/lib/python3.7/site-packages/airflow/example_dags/example_sensor_decorator.py
[2025-04-29T04:52:54.377+0000] {processor.py:743} INFO - Processing file /home/airflow/.local/lib/python3.7/site-packages/airflow/example_dags/example_sensor_decorator.py for tasks to queue
[2025-04-29T04:52:54.377+0000] {logging_mixin.py:137} INFO - [2025-04-29T04:52:54.377+0000] {dagbag.py:538} INFO - Filling up the DagBag from /home/airflow/.local/lib/python3.7/site-packages/airflow/example_dags/example_sensor_decorator.py
[2025-04-29T04:52:54.387+0000] {processor.py:753} INFO - DAG(s) dict_keys(['example_sensor_decorator']) retrieved from /home/airflow/.local/lib/python3.7/site-packages/airflow/example_dags/example_sensor_decorator.py
[2025-04-29T04:52:54.398+0000] {logging_mixin.py:137} INFO - [2025-04-29T04:52:54.398+0000] {dag.py:2690} INFO - Sync 1 DAGs
[2025-04-29T04:52:54.408+0000] {logging_mixin.py:137} INFO - [2025-04-29T04:52:54.408+0000] {dag.py:3441} INFO - Setting next_dagrun for example_sensor_decorator to None, run_after=None
[2025-04-29T04:52:54.416+0000] {processor.py:175} INFO - Processing /home/airflow/.local/lib/python3.7/site-packages/airflow/example_dags/example_sensor_decorator.py took 0.041 seconds
[2025-04-29T04:53:24.916+0000] {processor.py:153} INFO - Started process (PID=2742) to work on /home/airflow/.local/lib/python3.7/site-packages/airflow/example_dags/example_sensor_decorator.py
[2025-04-29T04:53:24.916+0000] {processor.py:743} INFO - Processing file /home/airflow/.local/lib/python3.7/site-packages/airflow/example_dags/example_sensor_decorator.py for tasks to queue
[2025-04-29T04:53:24.917+0000] {logging_mixin.py:137} INFO - [2025-04-29T04:53:24.917+0000] {dagbag.py:538} INFO - Filling up the DagBag from /home/airflow/.local/lib/python3.7/site-packages/airflow/example_dags/example_sensor_decorator.py
[2025-04-29T04:53:24.929+0000] {processor.py:753} INFO - DAG(s) dict_keys(['example_sensor_decorator']) retrieved from /home/airflow/.local/lib/python3.7/site-packages/airflow/example_dags/example_sensor_decorator.py
[2025-04-29T04:53:24.942+0000] {logging_mixin.py:137} INFO - [2025-04-29T04:53:24.942+0000] {dag.py:2690} INFO - Sync 1 DAGs
[2025-04-29T04:53:24.956+0000] {logging_mixin.py:137} INFO - [2025-04-29T04:53:24.956+0000] {dag.py:3441} INFO - Setting next_dagrun for example_sensor_decorator to None, run_after=None
[2025-04-29T04:53:24.967+0000] {processor.py:175} INFO - Processing /home/airflow/.local/lib/python3.7/site-packages/airflow/example_dags/example_sensor_decorator.py took 0.052 seconds
[2025-04-29T04:53:55.506+0000] {processor.py:153} INFO - Started process (PID=2834) to work on /home/airflow/.local/lib/python3.7/site-packages/airflow/example_dags/example_sensor_decorator.py
[2025-04-29T04:53:55.507+0000] {processor.py:743} INFO - Processing file /home/airflow/.local/lib/python3.7/site-packages/airflow/example_dags/example_sensor_decorator.py for tasks to queue
[2025-04-29T04:53:55.507+0000] {logging_mixin.py:137} INFO - [2025-04-29T04:53:55.507+0000] {dagbag.py:538} INFO - Filling up the DagBag from /home/airflow/.local/lib/python3.7/site-packages/airflow/example_dags/example_sensor_decorator.py
[2025-04-29T04:53:55.517+0000] {processor.py:753} INFO - DAG(s) dict_keys(['example_sensor_decorator']) retrieved from /home/airflow/.local/lib/python3.7/site-packages/airflow/example_dags/example_sensor_decorator.py
[2025-04-29T04:53:55.527+0000] {logging_mixin.py:137} INFO - [2025-04-29T04:53:55.527+0000] {dag.py:2690} INFO - Sync 1 DAGs
[2025-04-29T04:53:55.539+0000] {logging_mixin.py:137} INFO - [2025-04-29T04:53:55.539+0000] {dag.py:3441} INFO - Setting next_dagrun for example_sensor_decorator to None, run_after=None
[2025-04-29T04:53:55.546+0000] {processor.py:175} INFO - Processing /home/airflow/.local/lib/python3.7/site-packages/airflow/example_dags/example_sensor_decorator.py took 0.042 seconds
[2025-04-29T04:54:26.013+0000] {processor.py:153} INFO - Started process (PID=2926) to work on /home/airflow/.local/lib/python3.7/site-packages/airflow/example_dags/example_sensor_decorator.py
[2025-04-29T04:54:26.014+0000] {processor.py:743} INFO - Processing file /home/airflow/.local/lib/python3.7/site-packages/airflow/example_dags/example_sensor_decorator.py for tasks to queue
[2025-04-29T04:54:26.014+0000] {logging_mixin.py:137} INFO - [2025-04-29T04:54:26.014+0000] {dagbag.py:538} INFO - Filling up the DagBag from /home/airflow/.local/lib/python3.7/site-packages/airflow/example_dags/example_sensor_decorator.py
[2025-04-29T04:54:26.025+0000] {processor.py:753} INFO - DAG(s) dict_keys(['example_sensor_decorator']) retrieved from /home/airflow/.local/lib/python3.7/site-packages/airflow/example_dags/example_sensor_decorator.py
[2025-04-29T04:54:26.036+0000] {logging_mixin.py:137} INFO - [2025-04-29T04:54:26.036+0000] {dag.py:2690} INFO - Sync 1 DAGs
[2025-04-29T04:54:26.046+0000] {logging_mixin.py:137} INFO - [2025-04-29T04:54:26.046+0000] {dag.py:3441} INFO - Setting next_dagrun for example_sensor_decorator to None, run_after=None
[2025-04-29T04:54:26.054+0000] {processor.py:175} INFO - Processing /home/airflow/.local/lib/python3.7/site-packages/airflow/example_dags/example_sensor_decorator.py took 0.042 seconds
[2025-04-29T04:54:56.543+0000] {processor.py:153} INFO - Started process (PID=3017) to work on /home/airflow/.local/lib/python3.7/site-packages/airflow/example_dags/example_sensor_decorator.py
[2025-04-29T04:54:56.544+0000] {processor.py:743} INFO - Processing file /home/airflow/.local/lib/python3.7/site-packages/airflow/example_dags/example_sensor_decorator.py for tasks to queue
[2025-04-29T04:54:56.545+0000] {logging_mixin.py:137} INFO - [2025-04-29T04:54:56.545+0000] {dagbag.py:538} INFO - Filling up the DagBag from /home/airflow/.local/lib/python3.7/site-packages/airflow/example_dags/example_sensor_decorator.py
[2025-04-29T04:54:56.562+0000] {processor.py:753} INFO - DAG(s) dict_keys(['example_sensor_decorator']) retrieved from /home/airflow/.local/lib/python3.7/site-packages/airflow/example_dags/example_sensor_decorator.py
[2025-04-29T04:54:56.572+0000] {logging_mixin.py:137} INFO - [2025-04-29T04:54:56.572+0000] {dag.py:2690} INFO - Sync 1 DAGs
[2025-04-29T04:54:56.583+0000] {logging_mixin.py:137} INFO - [2025-04-29T04:54:56.583+0000] {dag.py:3441} INFO - Setting next_dagrun for example_sensor_decorator to None, run_after=None
[2025-04-29T04:54:56.590+0000] {processor.py:175} INFO - Processing /home/airflow/.local/lib/python3.7/site-packages/airflow/example_dags/example_sensor_decorator.py took 0.049 seconds
[2025-04-29T04:55:27.110+0000] {processor.py:153} INFO - Started process (PID=3102) to work on /home/airflow/.local/lib/python3.7/site-packages/airflow/example_dags/example_sensor_decorator.py
[2025-04-29T04:55:27.113+0000] {processor.py:743} INFO - Processing file /home/airflow/.local/lib/python3.7/site-packages/airflow/example_dags/example_sensor_decorator.py for tasks to queue
[2025-04-29T04:55:27.113+0000] {logging_mixin.py:137} INFO - [2025-04-29T04:55:27.113+0000] {dagbag.py:538} INFO - Filling up the DagBag from /home/airflow/.local/lib/python3.7/site-packages/airflow/example_dags/example_sensor_decorator.py
[2025-04-29T04:55:27.123+0000] {processor.py:753} INFO - DAG(s) dict_keys(['example_sensor_decorator']) retrieved from /home/airflow/.local/lib/python3.7/site-packages/airflow/example_dags/example_sensor_decorator.py
[2025-04-29T04:55:27.134+0000] {logging_mixin.py:137} INFO - [2025-04-29T04:55:27.134+0000] {dag.py:2690} INFO - Sync 1 DAGs
[2025-04-29T04:55:27.146+0000] {logging_mixin.py:137} INFO - [2025-04-29T04:55:27.145+0000] {dag.py:3441} INFO - Setting next_dagrun for example_sensor_decorator to None, run_after=None
[2025-04-29T04:55:27.156+0000] {processor.py:175} INFO - Processing /home/airflow/.local/lib/python3.7/site-packages/airflow/example_dags/example_sensor_decorator.py took 0.048 seconds
[2025-04-29T04:55:57.755+0000] {processor.py:153} INFO - Started process (PID=3185) to work on /home/airflow/.local/lib/python3.7/site-packages/airflow/example_dags/example_sensor_decorator.py
[2025-04-29T04:55:57.755+0000] {processor.py:743} INFO - Processing file /home/airflow/.local/lib/python3.7/site-packages/airflow/example_dags/example_sensor_decorator.py for tasks to queue
[2025-04-29T04:55:57.756+0000] {logging_mixin.py:137} INFO - [2025-04-29T04:55:57.756+0000] {dagbag.py:538} INFO - Filling up the DagBag from /home/airflow/.local/lib/python3.7/site-packages/airflow/example_dags/example_sensor_decorator.py
[2025-04-29T04:55:57.766+0000] {processor.py:753} INFO - DAG(s) dict_keys(['example_sensor_decorator']) retrieved from /home/airflow/.local/lib/python3.7/site-packages/airflow/example_dags/example_sensor_decorator.py
[2025-04-29T04:55:57.778+0000] {logging_mixin.py:137} INFO - [2025-04-29T04:55:57.778+0000] {dag.py:2690} INFO - Sync 1 DAGs
[2025-04-29T04:55:57.791+0000] {logging_mixin.py:137} INFO - [2025-04-29T04:55:57.791+0000] {dag.py:3441} INFO - Setting next_dagrun for example_sensor_decorator to None, run_after=None
[2025-04-29T04:55:57.799+0000] {processor.py:175} INFO - Processing /home/airflow/.local/lib/python3.7/site-packages/airflow/example_dags/example_sensor_decorator.py took 0.045 seconds
[2025-04-29T04:56:28.325+0000] {processor.py:153} INFO - Started process (PID=3277) to work on /home/airflow/.local/lib/python3.7/site-packages/airflow/example_dags/example_sensor_decorator.py
[2025-04-29T04:56:28.326+0000] {processor.py:743} INFO - Processing file /home/airflow/.local/lib/python3.7/site-packages/airflow/example_dags/example_sensor_decorator.py for tasks to queue
[2025-04-29T04:56:28.326+0000] {logging_mixin.py:137} INFO - [2025-04-29T04:56:28.326+0000] {dagbag.py:538} INFO - Filling up the DagBag from /home/airflow/.local/lib/python3.7/site-packages/airflow/example_dags/example_sensor_decorator.py
[2025-04-29T04:56:28.338+0000] {processor.py:753} INFO - DAG(s) dict_keys(['example_sensor_decorator']) retrieved from /home/airflow/.local/lib/python3.7/site-packages/airflow/example_dags/example_sensor_decorator.py
[2025-04-29T04:56:28.351+0000] {logging_mixin.py:137} INFO - [2025-04-29T04:56:28.351+0000] {dag.py:2690} INFO - Sync 1 DAGs
[2025-04-29T04:56:28.362+0000] {logging_mixin.py:137} INFO - [2025-04-29T04:56:28.361+0000] {dag.py:3441} INFO - Setting next_dagrun for example_sensor_decorator to None, run_after=None
[2025-04-29T04:56:28.370+0000] {processor.py:175} INFO - Processing /home/airflow/.local/lib/python3.7/site-packages/airflow/example_dags/example_sensor_decorator.py took 0.046 seconds
