[2025-04-29T04:38:06.001+0000] {processor.py:153} INFO - Started process (PID=63) to work on /home/airflow/.local/lib/python3.7/site-packages/airflow/example_dags/example_kubernetes_executor.py
[2025-04-29T04:38:06.003+0000] {processor.py:743} INFO - Processing file /home/airflow/.local/lib/python3.7/site-packages/airflow/example_dags/example_kubernetes_executor.py for tasks to queue
[2025-04-29T04:38:06.006+0000] {logging_mixin.py:137} INFO - [2025-04-29T04:38:06.006+0000] {dagbag.py:538} INFO - Filling up the DagBag from /home/airflow/.local/lib/python3.7/site-packages/airflow/example_dags/example_kubernetes_executor.py
[2025-04-29T04:38:06.035+0000] {processor.py:753} INFO - DAG(s) dict_keys(['example_kubernetes_executor']) retrieved from /home/airflow/.local/lib/python3.7/site-packages/airflow/example_dags/example_kubernetes_executor.py
[2025-04-29T04:38:06.064+0000] {logging_mixin.py:137} INFO - [2025-04-29T04:38:06.064+0000] {dag.py:2690} INFO - Sync 1 DAGs
[2025-04-29T04:38:06.094+0000] {logging_mixin.py:137} INFO - [2025-04-29T04:38:06.094+0000] {dag.py:3441} INFO - Setting next_dagrun for example_kubernetes_executor to None, run_after=None
[2025-04-29T04:38:06.115+0000] {processor.py:175} INFO - Processing /home/airflow/.local/lib/python3.7/site-packages/airflow/example_dags/example_kubernetes_executor.py took 0.118 seconds
[2025-04-29T04:38:37.090+0000] {processor.py:153} INFO - Started process (PID=162) to work on /home/airflow/.local/lib/python3.7/site-packages/airflow/example_dags/example_kubernetes_executor.py
[2025-04-29T04:38:37.091+0000] {processor.py:743} INFO - Processing file /home/airflow/.local/lib/python3.7/site-packages/airflow/example_dags/example_kubernetes_executor.py for tasks to queue
[2025-04-29T04:38:37.092+0000] {logging_mixin.py:137} INFO - [2025-04-29T04:38:37.092+0000] {dagbag.py:538} INFO - Filling up the DagBag from /home/airflow/.local/lib/python3.7/site-packages/airflow/example_dags/example_kubernetes_executor.py
[2025-04-29T04:38:37.111+0000] {processor.py:753} INFO - DAG(s) dict_keys(['example_kubernetes_executor']) retrieved from /home/airflow/.local/lib/python3.7/site-packages/airflow/example_dags/example_kubernetes_executor.py
[2025-04-29T04:38:37.136+0000] {logging_mixin.py:137} INFO - [2025-04-29T04:38:37.136+0000] {dag.py:2690} INFO - Sync 1 DAGs
[2025-04-29T04:38:37.151+0000] {logging_mixin.py:137} INFO - [2025-04-29T04:38:37.151+0000] {dag.py:3441} INFO - Setting next_dagrun for example_kubernetes_executor to None, run_after=None
[2025-04-29T04:38:37.164+0000] {processor.py:175} INFO - Processing /home/airflow/.local/lib/python3.7/site-packages/airflow/example_dags/example_kubernetes_executor.py took 0.079 seconds
[2025-04-29T04:39:07.730+0000] {processor.py:153} INFO - Started process (PID=260) to work on /home/airflow/.local/lib/python3.7/site-packages/airflow/example_dags/example_kubernetes_executor.py
[2025-04-29T04:39:07.733+0000] {processor.py:743} INFO - Processing file /home/airflow/.local/lib/python3.7/site-packages/airflow/example_dags/example_kubernetes_executor.py for tasks to queue
[2025-04-29T04:39:07.733+0000] {logging_mixin.py:137} INFO - [2025-04-29T04:39:07.733+0000] {dagbag.py:538} INFO - Filling up the DagBag from /home/airflow/.local/lib/python3.7/site-packages/airflow/example_dags/example_kubernetes_executor.py
[2025-04-29T04:39:07.752+0000] {processor.py:753} INFO - DAG(s) dict_keys(['example_kubernetes_executor']) retrieved from /home/airflow/.local/lib/python3.7/site-packages/airflow/example_dags/example_kubernetes_executor.py
[2025-04-29T04:39:07.768+0000] {logging_mixin.py:137} INFO - [2025-04-29T04:39:07.768+0000] {dag.py:2690} INFO - Sync 1 DAGs
[2025-04-29T04:39:07.780+0000] {logging_mixin.py:137} INFO - [2025-04-29T04:39:07.780+0000] {dag.py:3441} INFO - Setting next_dagrun for example_kubernetes_executor to None, run_after=None
[2025-04-29T04:39:07.793+0000] {processor.py:175} INFO - Processing /home/airflow/.local/lib/python3.7/site-packages/airflow/example_dags/example_kubernetes_executor.py took 0.067 seconds
[2025-04-29T04:39:38.401+0000] {processor.py:153} INFO - Started process (PID=352) to work on /home/airflow/.local/lib/python3.7/site-packages/airflow/example_dags/example_kubernetes_executor.py
[2025-04-29T04:39:38.402+0000] {processor.py:743} INFO - Processing file /home/airflow/.local/lib/python3.7/site-packages/airflow/example_dags/example_kubernetes_executor.py for tasks to queue
[2025-04-29T04:39:38.402+0000] {logging_mixin.py:137} INFO - [2025-04-29T04:39:38.402+0000] {dagbag.py:538} INFO - Filling up the DagBag from /home/airflow/.local/lib/python3.7/site-packages/airflow/example_dags/example_kubernetes_executor.py
[2025-04-29T04:39:38.418+0000] {processor.py:753} INFO - DAG(s) dict_keys(['example_kubernetes_executor']) retrieved from /home/airflow/.local/lib/python3.7/site-packages/airflow/example_dags/example_kubernetes_executor.py
[2025-04-29T04:39:38.441+0000] {logging_mixin.py:137} INFO - [2025-04-29T04:39:38.441+0000] {dag.py:2690} INFO - Sync 1 DAGs
[2025-04-29T04:39:38.457+0000] {logging_mixin.py:137} INFO - [2025-04-29T04:39:38.457+0000] {dag.py:3441} INFO - Setting next_dagrun for example_kubernetes_executor to None, run_after=None
[2025-04-29T04:39:38.467+0000] {processor.py:175} INFO - Processing /home/airflow/.local/lib/python3.7/site-packages/airflow/example_dags/example_kubernetes_executor.py took 0.068 seconds
[2025-04-29T04:40:09.125+0000] {processor.py:153} INFO - Started process (PID=443) to work on /home/airflow/.local/lib/python3.7/site-packages/airflow/example_dags/example_kubernetes_executor.py
[2025-04-29T04:40:09.126+0000] {processor.py:743} INFO - Processing file /home/airflow/.local/lib/python3.7/site-packages/airflow/example_dags/example_kubernetes_executor.py for tasks to queue
[2025-04-29T04:40:09.127+0000] {logging_mixin.py:137} INFO - [2025-04-29T04:40:09.127+0000] {dagbag.py:538} INFO - Filling up the DagBag from /home/airflow/.local/lib/python3.7/site-packages/airflow/example_dags/example_kubernetes_executor.py
[2025-04-29T04:40:09.151+0000] {processor.py:753} INFO - DAG(s) dict_keys(['example_kubernetes_executor']) retrieved from /home/airflow/.local/lib/python3.7/site-packages/airflow/example_dags/example_kubernetes_executor.py
[2025-04-29T04:40:09.170+0000] {logging_mixin.py:137} INFO - [2025-04-29T04:40:09.170+0000] {dag.py:2690} INFO - Sync 1 DAGs
[2025-04-29T04:40:09.184+0000] {logging_mixin.py:137} INFO - [2025-04-29T04:40:09.184+0000] {dag.py:3441} INFO - Setting next_dagrun for example_kubernetes_executor to None, run_after=None
[2025-04-29T04:40:09.196+0000] {processor.py:175} INFO - Processing /home/airflow/.local/lib/python3.7/site-packages/airflow/example_dags/example_kubernetes_executor.py took 0.074 seconds
[2025-04-29T04:40:39.756+0000] {processor.py:153} INFO - Started process (PID=519) to work on /home/airflow/.local/lib/python3.7/site-packages/airflow/example_dags/example_kubernetes_executor.py
[2025-04-29T04:40:39.757+0000] {processor.py:743} INFO - Processing file /home/airflow/.local/lib/python3.7/site-packages/airflow/example_dags/example_kubernetes_executor.py for tasks to queue
[2025-04-29T04:40:39.758+0000] {logging_mixin.py:137} INFO - [2025-04-29T04:40:39.758+0000] {dagbag.py:538} INFO - Filling up the DagBag from /home/airflow/.local/lib/python3.7/site-packages/airflow/example_dags/example_kubernetes_executor.py
[2025-04-29T04:40:39.779+0000] {processor.py:753} INFO - DAG(s) dict_keys(['example_kubernetes_executor']) retrieved from /home/airflow/.local/lib/python3.7/site-packages/airflow/example_dags/example_kubernetes_executor.py
[2025-04-29T04:40:39.798+0000] {logging_mixin.py:137} INFO - [2025-04-29T04:40:39.798+0000] {dag.py:2690} INFO - Sync 1 DAGs
[2025-04-29T04:40:39.811+0000] {logging_mixin.py:137} INFO - [2025-04-29T04:40:39.810+0000] {dag.py:3441} INFO - Setting next_dagrun for example_kubernetes_executor to None, run_after=None
[2025-04-29T04:40:39.821+0000] {processor.py:175} INFO - Processing /home/airflow/.local/lib/python3.7/site-packages/airflow/example_dags/example_kubernetes_executor.py took 0.069 seconds
[2025-04-29T04:41:10.501+0000] {processor.py:153} INFO - Started process (PID=611) to work on /home/airflow/.local/lib/python3.7/site-packages/airflow/example_dags/example_kubernetes_executor.py
[2025-04-29T04:41:10.502+0000] {processor.py:743} INFO - Processing file /home/airflow/.local/lib/python3.7/site-packages/airflow/example_dags/example_kubernetes_executor.py for tasks to queue
[2025-04-29T04:41:10.505+0000] {logging_mixin.py:137} INFO - [2025-04-29T04:41:10.505+0000] {dagbag.py:538} INFO - Filling up the DagBag from /home/airflow/.local/lib/python3.7/site-packages/airflow/example_dags/example_kubernetes_executor.py
[2025-04-29T04:41:10.527+0000] {processor.py:753} INFO - DAG(s) dict_keys(['example_kubernetes_executor']) retrieved from /home/airflow/.local/lib/python3.7/site-packages/airflow/example_dags/example_kubernetes_executor.py
[2025-04-29T04:41:10.547+0000] {logging_mixin.py:137} INFO - [2025-04-29T04:41:10.547+0000] {dag.py:2690} INFO - Sync 1 DAGs
[2025-04-29T04:41:10.564+0000] {logging_mixin.py:137} INFO - [2025-04-29T04:41:10.564+0000] {dag.py:3441} INFO - Setting next_dagrun for example_kubernetes_executor to None, run_after=None
[2025-04-29T04:41:10.574+0000] {processor.py:175} INFO - Processing /home/airflow/.local/lib/python3.7/site-packages/airflow/example_dags/example_kubernetes_executor.py took 0.077 seconds
[2025-04-29T04:41:41.230+0000] {processor.py:153} INFO - Started process (PID=703) to work on /home/airflow/.local/lib/python3.7/site-packages/airflow/example_dags/example_kubernetes_executor.py
[2025-04-29T04:41:41.231+0000] {processor.py:743} INFO - Processing file /home/airflow/.local/lib/python3.7/site-packages/airflow/example_dags/example_kubernetes_executor.py for tasks to queue
[2025-04-29T04:41:41.232+0000] {logging_mixin.py:137} INFO - [2025-04-29T04:41:41.232+0000] {dagbag.py:538} INFO - Filling up the DagBag from /home/airflow/.local/lib/python3.7/site-packages/airflow/example_dags/example_kubernetes_executor.py
[2025-04-29T04:41:41.252+0000] {processor.py:753} INFO - DAG(s) dict_keys(['example_kubernetes_executor']) retrieved from /home/airflow/.local/lib/python3.7/site-packages/airflow/example_dags/example_kubernetes_executor.py
[2025-04-29T04:41:41.277+0000] {logging_mixin.py:137} INFO - [2025-04-29T04:41:41.277+0000] {dag.py:2690} INFO - Sync 1 DAGs
[2025-04-29T04:41:41.290+0000] {logging_mixin.py:137} INFO - [2025-04-29T04:41:41.290+0000] {dag.py:3441} INFO - Setting next_dagrun for example_kubernetes_executor to None, run_after=None
[2025-04-29T04:41:41.302+0000] {processor.py:175} INFO - Processing /home/airflow/.local/lib/python3.7/site-packages/airflow/example_dags/example_kubernetes_executor.py took 0.076 seconds
[2025-04-29T04:42:11.871+0000] {processor.py:153} INFO - Started process (PID=795) to work on /home/airflow/.local/lib/python3.7/site-packages/airflow/example_dags/example_kubernetes_executor.py
[2025-04-29T04:42:11.872+0000] {processor.py:743} INFO - Processing file /home/airflow/.local/lib/python3.7/site-packages/airflow/example_dags/example_kubernetes_executor.py for tasks to queue
[2025-04-29T04:42:11.873+0000] {logging_mixin.py:137} INFO - [2025-04-29T04:42:11.873+0000] {dagbag.py:538} INFO - Filling up the DagBag from /home/airflow/.local/lib/python3.7/site-packages/airflow/example_dags/example_kubernetes_executor.py
[2025-04-29T04:42:11.893+0000] {processor.py:753} INFO - DAG(s) dict_keys(['example_kubernetes_executor']) retrieved from /home/airflow/.local/lib/python3.7/site-packages/airflow/example_dags/example_kubernetes_executor.py
[2025-04-29T04:42:11.909+0000] {logging_mixin.py:137} INFO - [2025-04-29T04:42:11.909+0000] {dag.py:2690} INFO - Sync 1 DAGs
[2025-04-29T04:42:11.920+0000] {logging_mixin.py:137} INFO - [2025-04-29T04:42:11.920+0000] {dag.py:3441} INFO - Setting next_dagrun for example_kubernetes_executor to None, run_after=None
[2025-04-29T04:42:11.932+0000] {processor.py:175} INFO - Processing /home/airflow/.local/lib/python3.7/site-packages/airflow/example_dags/example_kubernetes_executor.py took 0.064 seconds
[2025-04-29T04:42:42.009+0000] {processor.py:153} INFO - Started process (PID=887) to work on /home/airflow/.local/lib/python3.7/site-packages/airflow/example_dags/example_kubernetes_executor.py
[2025-04-29T04:42:42.010+0000] {processor.py:743} INFO - Processing file /home/airflow/.local/lib/python3.7/site-packages/airflow/example_dags/example_kubernetes_executor.py for tasks to queue
[2025-04-29T04:42:42.012+0000] {logging_mixin.py:137} INFO - [2025-04-29T04:42:42.012+0000] {dagbag.py:538} INFO - Filling up the DagBag from /home/airflow/.local/lib/python3.7/site-packages/airflow/example_dags/example_kubernetes_executor.py
[2025-04-29T04:42:42.034+0000] {processor.py:753} INFO - DAG(s) dict_keys(['example_kubernetes_executor']) retrieved from /home/airflow/.local/lib/python3.7/site-packages/airflow/example_dags/example_kubernetes_executor.py
[2025-04-29T04:42:42.059+0000] {logging_mixin.py:137} INFO - [2025-04-29T04:42:42.059+0000] {dag.py:2690} INFO - Sync 1 DAGs
[2025-04-29T04:42:42.076+0000] {logging_mixin.py:137} INFO - [2025-04-29T04:42:42.076+0000] {dag.py:3441} INFO - Setting next_dagrun for example_kubernetes_executor to None, run_after=None
[2025-04-29T04:42:42.105+0000] {processor.py:175} INFO - Processing /home/airflow/.local/lib/python3.7/site-packages/airflow/example_dags/example_kubernetes_executor.py took 0.099 seconds
[2025-04-29T04:43:12.980+0000] {processor.py:153} INFO - Started process (PID=963) to work on /home/airflow/.local/lib/python3.7/site-packages/airflow/example_dags/example_kubernetes_executor.py
[2025-04-29T04:43:12.981+0000] {processor.py:743} INFO - Processing file /home/airflow/.local/lib/python3.7/site-packages/airflow/example_dags/example_kubernetes_executor.py for tasks to queue
[2025-04-29T04:43:12.984+0000] {logging_mixin.py:137} INFO - [2025-04-29T04:43:12.984+0000] {dagbag.py:538} INFO - Filling up the DagBag from /home/airflow/.local/lib/python3.7/site-packages/airflow/example_dags/example_kubernetes_executor.py
[2025-04-29T04:43:13.000+0000] {processor.py:753} INFO - DAG(s) dict_keys(['example_kubernetes_executor']) retrieved from /home/airflow/.local/lib/python3.7/site-packages/airflow/example_dags/example_kubernetes_executor.py
[2025-04-29T04:43:13.022+0000] {logging_mixin.py:137} INFO - [2025-04-29T04:43:13.022+0000] {dag.py:2690} INFO - Sync 1 DAGs
[2025-04-29T04:43:13.035+0000] {logging_mixin.py:137} INFO - [2025-04-29T04:43:13.035+0000] {dag.py:3441} INFO - Setting next_dagrun for example_kubernetes_executor to None, run_after=None
[2025-04-29T04:43:13.046+0000] {processor.py:175} INFO - Processing /home/airflow/.local/lib/python3.7/site-packages/airflow/example_dags/example_kubernetes_executor.py took 0.068 seconds
[2025-04-29T04:43:43.731+0000] {processor.py:153} INFO - Started process (PID=1055) to work on /home/airflow/.local/lib/python3.7/site-packages/airflow/example_dags/example_kubernetes_executor.py
[2025-04-29T04:43:43.731+0000] {processor.py:743} INFO - Processing file /home/airflow/.local/lib/python3.7/site-packages/airflow/example_dags/example_kubernetes_executor.py for tasks to queue
[2025-04-29T04:43:43.731+0000] {logging_mixin.py:137} INFO - [2025-04-29T04:43:43.731+0000] {dagbag.py:538} INFO - Filling up the DagBag from /home/airflow/.local/lib/python3.7/site-packages/airflow/example_dags/example_kubernetes_executor.py
[2025-04-29T04:43:43.747+0000] {processor.py:753} INFO - DAG(s) dict_keys(['example_kubernetes_executor']) retrieved from /home/airflow/.local/lib/python3.7/site-packages/airflow/example_dags/example_kubernetes_executor.py
[2025-04-29T04:43:43.764+0000] {logging_mixin.py:137} INFO - [2025-04-29T04:43:43.764+0000] {dag.py:2690} INFO - Sync 1 DAGs
[2025-04-29T04:43:43.777+0000] {logging_mixin.py:137} INFO - [2025-04-29T04:43:43.777+0000] {dag.py:3441} INFO - Setting next_dagrun for example_kubernetes_executor to None, run_after=None
[2025-04-29T04:43:43.785+0000] {processor.py:175} INFO - Processing /home/airflow/.local/lib/python3.7/site-packages/airflow/example_dags/example_kubernetes_executor.py took 0.056 seconds
[2025-04-29T04:44:14.363+0000] {processor.py:153} INFO - Started process (PID=1147) to work on /home/airflow/.local/lib/python3.7/site-packages/airflow/example_dags/example_kubernetes_executor.py
[2025-04-29T04:44:14.365+0000] {processor.py:743} INFO - Processing file /home/airflow/.local/lib/python3.7/site-packages/airflow/example_dags/example_kubernetes_executor.py for tasks to queue
[2025-04-29T04:44:14.365+0000] {logging_mixin.py:137} INFO - [2025-04-29T04:44:14.365+0000] {dagbag.py:538} INFO - Filling up the DagBag from /home/airflow/.local/lib/python3.7/site-packages/airflow/example_dags/example_kubernetes_executor.py
[2025-04-29T04:44:14.378+0000] {processor.py:753} INFO - DAG(s) dict_keys(['example_kubernetes_executor']) retrieved from /home/airflow/.local/lib/python3.7/site-packages/airflow/example_dags/example_kubernetes_executor.py
[2025-04-29T04:44:14.392+0000] {logging_mixin.py:137} INFO - [2025-04-29T04:44:14.392+0000] {dag.py:2690} INFO - Sync 1 DAGs
[2025-04-29T04:44:14.404+0000] {logging_mixin.py:137} INFO - [2025-04-29T04:44:14.404+0000] {dag.py:3441} INFO - Setting next_dagrun for example_kubernetes_executor to None, run_after=None
[2025-04-29T04:44:14.423+0000] {processor.py:175} INFO - Processing /home/airflow/.local/lib/python3.7/site-packages/airflow/example_dags/example_kubernetes_executor.py took 0.062 seconds
[2025-04-29T04:44:45.012+0000] {processor.py:153} INFO - Started process (PID=1239) to work on /home/airflow/.local/lib/python3.7/site-packages/airflow/example_dags/example_kubernetes_executor.py
[2025-04-29T04:44:45.013+0000] {processor.py:743} INFO - Processing file /home/airflow/.local/lib/python3.7/site-packages/airflow/example_dags/example_kubernetes_executor.py for tasks to queue
[2025-04-29T04:44:45.013+0000] {logging_mixin.py:137} INFO - [2025-04-29T04:44:45.013+0000] {dagbag.py:538} INFO - Filling up the DagBag from /home/airflow/.local/lib/python3.7/site-packages/airflow/example_dags/example_kubernetes_executor.py
[2025-04-29T04:44:45.025+0000] {processor.py:753} INFO - DAG(s) dict_keys(['example_kubernetes_executor']) retrieved from /home/airflow/.local/lib/python3.7/site-packages/airflow/example_dags/example_kubernetes_executor.py
[2025-04-29T04:44:45.042+0000] {logging_mixin.py:137} INFO - [2025-04-29T04:44:45.042+0000] {dag.py:2690} INFO - Sync 1 DAGs
[2025-04-29T04:44:45.054+0000] {logging_mixin.py:137} INFO - [2025-04-29T04:44:45.054+0000] {dag.py:3441} INFO - Setting next_dagrun for example_kubernetes_executor to None, run_after=None
[2025-04-29T04:44:45.064+0000] {processor.py:175} INFO - Processing /home/airflow/.local/lib/python3.7/site-packages/airflow/example_dags/example_kubernetes_executor.py took 0.053 seconds
[2025-04-29T04:45:15.581+0000] {processor.py:153} INFO - Started process (PID=1330) to work on /home/airflow/.local/lib/python3.7/site-packages/airflow/example_dags/example_kubernetes_executor.py
[2025-04-29T04:45:15.582+0000] {processor.py:743} INFO - Processing file /home/airflow/.local/lib/python3.7/site-packages/airflow/example_dags/example_kubernetes_executor.py for tasks to queue
[2025-04-29T04:45:15.582+0000] {logging_mixin.py:137} INFO - [2025-04-29T04:45:15.582+0000] {dagbag.py:538} INFO - Filling up the DagBag from /home/airflow/.local/lib/python3.7/site-packages/airflow/example_dags/example_kubernetes_executor.py
[2025-04-29T04:45:15.594+0000] {processor.py:753} INFO - DAG(s) dict_keys(['example_kubernetes_executor']) retrieved from /home/airflow/.local/lib/python3.7/site-packages/airflow/example_dags/example_kubernetes_executor.py
[2025-04-29T04:45:15.608+0000] {logging_mixin.py:137} INFO - [2025-04-29T04:45:15.608+0000] {dag.py:2690} INFO - Sync 1 DAGs
[2025-04-29T04:45:15.618+0000] {logging_mixin.py:137} INFO - [2025-04-29T04:45:15.618+0000] {dag.py:3441} INFO - Setting next_dagrun for example_kubernetes_executor to None, run_after=None
[2025-04-29T04:45:15.625+0000] {processor.py:175} INFO - Processing /home/airflow/.local/lib/python3.7/site-packages/airflow/example_dags/example_kubernetes_executor.py took 0.045 seconds
[2025-04-29T04:45:46.091+0000] {processor.py:153} INFO - Started process (PID=1406) to work on /home/airflow/.local/lib/python3.7/site-packages/airflow/example_dags/example_kubernetes_executor.py
[2025-04-29T04:45:46.093+0000] {processor.py:743} INFO - Processing file /home/airflow/.local/lib/python3.7/site-packages/airflow/example_dags/example_kubernetes_executor.py for tasks to queue
[2025-04-29T04:45:46.094+0000] {logging_mixin.py:137} INFO - [2025-04-29T04:45:46.093+0000] {dagbag.py:538} INFO - Filling up the DagBag from /home/airflow/.local/lib/python3.7/site-packages/airflow/example_dags/example_kubernetes_executor.py
[2025-04-29T04:45:46.105+0000] {processor.py:753} INFO - DAG(s) dict_keys(['example_kubernetes_executor']) retrieved from /home/airflow/.local/lib/python3.7/site-packages/airflow/example_dags/example_kubernetes_executor.py
[2025-04-29T04:45:46.122+0000] {logging_mixin.py:137} INFO - [2025-04-29T04:45:46.122+0000] {dag.py:2690} INFO - Sync 1 DAGs
[2025-04-29T04:45:46.138+0000] {logging_mixin.py:137} INFO - [2025-04-29T04:45:46.138+0000] {dag.py:3441} INFO - Setting next_dagrun for example_kubernetes_executor to None, run_after=None
[2025-04-29T04:45:46.145+0000] {processor.py:175} INFO - Processing /home/airflow/.local/lib/python3.7/site-packages/airflow/example_dags/example_kubernetes_executor.py took 0.056 seconds
[2025-04-29T04:46:16.762+0000] {processor.py:153} INFO - Started process (PID=1498) to work on /home/airflow/.local/lib/python3.7/site-packages/airflow/example_dags/example_kubernetes_executor.py
[2025-04-29T04:46:16.764+0000] {processor.py:743} INFO - Processing file /home/airflow/.local/lib/python3.7/site-packages/airflow/example_dags/example_kubernetes_executor.py for tasks to queue
[2025-04-29T04:46:16.764+0000] {logging_mixin.py:137} INFO - [2025-04-29T04:46:16.764+0000] {dagbag.py:538} INFO - Filling up the DagBag from /home/airflow/.local/lib/python3.7/site-packages/airflow/example_dags/example_kubernetes_executor.py
[2025-04-29T04:46:16.776+0000] {processor.py:753} INFO - DAG(s) dict_keys(['example_kubernetes_executor']) retrieved from /home/airflow/.local/lib/python3.7/site-packages/airflow/example_dags/example_kubernetes_executor.py
[2025-04-29T04:46:16.793+0000] {logging_mixin.py:137} INFO - [2025-04-29T04:46:16.793+0000] {dag.py:2690} INFO - Sync 1 DAGs
[2025-04-29T04:46:16.809+0000] {logging_mixin.py:137} INFO - [2025-04-29T04:46:16.808+0000] {dag.py:3441} INFO - Setting next_dagrun for example_kubernetes_executor to None, run_after=None
[2025-04-29T04:46:16.845+0000] {processor.py:175} INFO - Processing /home/airflow/.local/lib/python3.7/site-packages/airflow/example_dags/example_kubernetes_executor.py took 0.084 seconds
[2025-04-29T04:46:47.509+0000] {processor.py:153} INFO - Started process (PID=1590) to work on /home/airflow/.local/lib/python3.7/site-packages/airflow/example_dags/example_kubernetes_executor.py
[2025-04-29T04:46:47.510+0000] {processor.py:743} INFO - Processing file /home/airflow/.local/lib/python3.7/site-packages/airflow/example_dags/example_kubernetes_executor.py for tasks to queue
[2025-04-29T04:46:47.510+0000] {logging_mixin.py:137} INFO - [2025-04-29T04:46:47.510+0000] {dagbag.py:538} INFO - Filling up the DagBag from /home/airflow/.local/lib/python3.7/site-packages/airflow/example_dags/example_kubernetes_executor.py
[2025-04-29T04:46:47.521+0000] {processor.py:753} INFO - DAG(s) dict_keys(['example_kubernetes_executor']) retrieved from /home/airflow/.local/lib/python3.7/site-packages/airflow/example_dags/example_kubernetes_executor.py
[2025-04-29T04:46:47.533+0000] {logging_mixin.py:137} INFO - [2025-04-29T04:46:47.533+0000] {dag.py:2690} INFO - Sync 1 DAGs
[2025-04-29T04:46:47.543+0000] {logging_mixin.py:137} INFO - [2025-04-29T04:46:47.543+0000] {dag.py:3441} INFO - Setting next_dagrun for example_kubernetes_executor to None, run_after=None
[2025-04-29T04:46:47.551+0000] {processor.py:175} INFO - Processing /home/airflow/.local/lib/python3.7/site-packages/airflow/example_dags/example_kubernetes_executor.py took 0.043 seconds
[2025-04-29T04:47:17.986+0000] {processor.py:153} INFO - Started process (PID=1682) to work on /home/airflow/.local/lib/python3.7/site-packages/airflow/example_dags/example_kubernetes_executor.py
[2025-04-29T04:47:17.986+0000] {processor.py:743} INFO - Processing file /home/airflow/.local/lib/python3.7/site-packages/airflow/example_dags/example_kubernetes_executor.py for tasks to queue
[2025-04-29T04:47:17.987+0000] {logging_mixin.py:137} INFO - [2025-04-29T04:47:17.987+0000] {dagbag.py:538} INFO - Filling up the DagBag from /home/airflow/.local/lib/python3.7/site-packages/airflow/example_dags/example_kubernetes_executor.py
[2025-04-29T04:47:17.997+0000] {processor.py:753} INFO - DAG(s) dict_keys(['example_kubernetes_executor']) retrieved from /home/airflow/.local/lib/python3.7/site-packages/airflow/example_dags/example_kubernetes_executor.py
[2025-04-29T04:47:18.009+0000] {logging_mixin.py:137} INFO - [2025-04-29T04:47:18.009+0000] {dag.py:2690} INFO - Sync 1 DAGs
[2025-04-29T04:47:18.019+0000] {logging_mixin.py:137} INFO - [2025-04-29T04:47:18.019+0000] {dag.py:3441} INFO - Setting next_dagrun for example_kubernetes_executor to None, run_after=None
[2025-04-29T04:47:18.026+0000] {processor.py:175} INFO - Processing /home/airflow/.local/lib/python3.7/site-packages/airflow/example_dags/example_kubernetes_executor.py took 0.041 seconds
[2025-04-29T04:47:48.485+0000] {processor.py:153} INFO - Started process (PID=1774) to work on /home/airflow/.local/lib/python3.7/site-packages/airflow/example_dags/example_kubernetes_executor.py
[2025-04-29T04:47:48.485+0000] {processor.py:743} INFO - Processing file /home/airflow/.local/lib/python3.7/site-packages/airflow/example_dags/example_kubernetes_executor.py for tasks to queue
[2025-04-29T04:47:48.486+0000] {logging_mixin.py:137} INFO - [2025-04-29T04:47:48.486+0000] {dagbag.py:538} INFO - Filling up the DagBag from /home/airflow/.local/lib/python3.7/site-packages/airflow/example_dags/example_kubernetes_executor.py
[2025-04-29T04:47:48.499+0000] {processor.py:753} INFO - DAG(s) dict_keys(['example_kubernetes_executor']) retrieved from /home/airflow/.local/lib/python3.7/site-packages/airflow/example_dags/example_kubernetes_executor.py
[2025-04-29T04:47:48.515+0000] {logging_mixin.py:137} INFO - [2025-04-29T04:47:48.515+0000] {dag.py:2690} INFO - Sync 1 DAGs
[2025-04-29T04:47:48.526+0000] {logging_mixin.py:137} INFO - [2025-04-29T04:47:48.526+0000] {dag.py:3441} INFO - Setting next_dagrun for example_kubernetes_executor to None, run_after=None
[2025-04-29T04:47:48.534+0000] {processor.py:175} INFO - Processing /home/airflow/.local/lib/python3.7/site-packages/airflow/example_dags/example_kubernetes_executor.py took 0.050 seconds
[2025-04-29T04:48:18.977+0000] {processor.py:153} INFO - Started process (PID=1850) to work on /home/airflow/.local/lib/python3.7/site-packages/airflow/example_dags/example_kubernetes_executor.py
[2025-04-29T04:48:18.981+0000] {processor.py:743} INFO - Processing file /home/airflow/.local/lib/python3.7/site-packages/airflow/example_dags/example_kubernetes_executor.py for tasks to queue
[2025-04-29T04:48:18.981+0000] {logging_mixin.py:137} INFO - [2025-04-29T04:48:18.981+0000] {dagbag.py:538} INFO - Filling up the DagBag from /home/airflow/.local/lib/python3.7/site-packages/airflow/example_dags/example_kubernetes_executor.py
[2025-04-29T04:48:18.994+0000] {processor.py:753} INFO - DAG(s) dict_keys(['example_kubernetes_executor']) retrieved from /home/airflow/.local/lib/python3.7/site-packages/airflow/example_dags/example_kubernetes_executor.py
[2025-04-29T04:48:19.007+0000] {logging_mixin.py:137} INFO - [2025-04-29T04:48:19.007+0000] {dag.py:2690} INFO - Sync 1 DAGs
[2025-04-29T04:48:19.022+0000] {logging_mixin.py:137} INFO - [2025-04-29T04:48:19.022+0000] {dag.py:3441} INFO - Setting next_dagrun for example_kubernetes_executor to None, run_after=None
[2025-04-29T04:48:19.029+0000] {processor.py:175} INFO - Processing /home/airflow/.local/lib/python3.7/site-packages/airflow/example_dags/example_kubernetes_executor.py took 0.053 seconds
[2025-04-29T04:48:49.580+0000] {processor.py:153} INFO - Started process (PID=1942) to work on /home/airflow/.local/lib/python3.7/site-packages/airflow/example_dags/example_kubernetes_executor.py
[2025-04-29T04:48:49.582+0000] {processor.py:743} INFO - Processing file /home/airflow/.local/lib/python3.7/site-packages/airflow/example_dags/example_kubernetes_executor.py for tasks to queue
[2025-04-29T04:48:49.583+0000] {logging_mixin.py:137} INFO - [2025-04-29T04:48:49.583+0000] {dagbag.py:538} INFO - Filling up the DagBag from /home/airflow/.local/lib/python3.7/site-packages/airflow/example_dags/example_kubernetes_executor.py
[2025-04-29T04:48:49.597+0000] {processor.py:753} INFO - DAG(s) dict_keys(['example_kubernetes_executor']) retrieved from /home/airflow/.local/lib/python3.7/site-packages/airflow/example_dags/example_kubernetes_executor.py
[2025-04-29T04:48:49.611+0000] {logging_mixin.py:137} INFO - [2025-04-29T04:48:49.611+0000] {dag.py:2690} INFO - Sync 1 DAGs
[2025-04-29T04:48:49.622+0000] {logging_mixin.py:137} INFO - [2025-04-29T04:48:49.622+0000] {dag.py:3441} INFO - Setting next_dagrun for example_kubernetes_executor to None, run_after=None
[2025-04-29T04:48:49.633+0000] {processor.py:175} INFO - Processing /home/airflow/.local/lib/python3.7/site-packages/airflow/example_dags/example_kubernetes_executor.py took 0.054 seconds
[2025-04-29T04:49:20.200+0000] {processor.py:153} INFO - Started process (PID=2034) to work on /home/airflow/.local/lib/python3.7/site-packages/airflow/example_dags/example_kubernetes_executor.py
[2025-04-29T04:49:20.200+0000] {processor.py:743} INFO - Processing file /home/airflow/.local/lib/python3.7/site-packages/airflow/example_dags/example_kubernetes_executor.py for tasks to queue
[2025-04-29T04:49:20.200+0000] {logging_mixin.py:137} INFO - [2025-04-29T04:49:20.200+0000] {dagbag.py:538} INFO - Filling up the DagBag from /home/airflow/.local/lib/python3.7/site-packages/airflow/example_dags/example_kubernetes_executor.py
[2025-04-29T04:49:20.211+0000] {processor.py:753} INFO - DAG(s) dict_keys(['example_kubernetes_executor']) retrieved from /home/airflow/.local/lib/python3.7/site-packages/airflow/example_dags/example_kubernetes_executor.py
[2025-04-29T04:49:20.227+0000] {logging_mixin.py:137} INFO - [2025-04-29T04:49:20.227+0000] {dag.py:2690} INFO - Sync 1 DAGs
[2025-04-29T04:49:20.236+0000] {logging_mixin.py:137} INFO - [2025-04-29T04:49:20.236+0000] {dag.py:3441} INFO - Setting next_dagrun for example_kubernetes_executor to None, run_after=None
[2025-04-29T04:49:20.244+0000] {processor.py:175} INFO - Processing /home/airflow/.local/lib/python3.7/site-packages/airflow/example_dags/example_kubernetes_executor.py took 0.046 seconds
[2025-04-29T04:49:50.807+0000] {processor.py:153} INFO - Started process (PID=2126) to work on /home/airflow/.local/lib/python3.7/site-packages/airflow/example_dags/example_kubernetes_executor.py
[2025-04-29T04:49:50.808+0000] {processor.py:743} INFO - Processing file /home/airflow/.local/lib/python3.7/site-packages/airflow/example_dags/example_kubernetes_executor.py for tasks to queue
[2025-04-29T04:49:50.808+0000] {logging_mixin.py:137} INFO - [2025-04-29T04:49:50.808+0000] {dagbag.py:538} INFO - Filling up the DagBag from /home/airflow/.local/lib/python3.7/site-packages/airflow/example_dags/example_kubernetes_executor.py
[2025-04-29T04:49:50.820+0000] {processor.py:753} INFO - DAG(s) dict_keys(['example_kubernetes_executor']) retrieved from /home/airflow/.local/lib/python3.7/site-packages/airflow/example_dags/example_kubernetes_executor.py
[2025-04-29T04:49:50.834+0000] {logging_mixin.py:137} INFO - [2025-04-29T04:49:50.834+0000] {dag.py:2690} INFO - Sync 1 DAGs
[2025-04-29T04:49:50.845+0000] {logging_mixin.py:137} INFO - [2025-04-29T04:49:50.845+0000] {dag.py:3441} INFO - Setting next_dagrun for example_kubernetes_executor to None, run_after=None
[2025-04-29T04:49:50.855+0000] {processor.py:175} INFO - Processing /home/airflow/.local/lib/python3.7/site-packages/airflow/example_dags/example_kubernetes_executor.py took 0.049 seconds
[2025-04-29T04:50:21.311+0000] {processor.py:153} INFO - Started process (PID=2218) to work on /home/airflow/.local/lib/python3.7/site-packages/airflow/example_dags/example_kubernetes_executor.py
[2025-04-29T04:50:21.312+0000] {processor.py:743} INFO - Processing file /home/airflow/.local/lib/python3.7/site-packages/airflow/example_dags/example_kubernetes_executor.py for tasks to queue
[2025-04-29T04:50:21.312+0000] {logging_mixin.py:137} INFO - [2025-04-29T04:50:21.312+0000] {dagbag.py:538} INFO - Filling up the DagBag from /home/airflow/.local/lib/python3.7/site-packages/airflow/example_dags/example_kubernetes_executor.py
[2025-04-29T04:50:21.323+0000] {processor.py:753} INFO - DAG(s) dict_keys(['example_kubernetes_executor']) retrieved from /home/airflow/.local/lib/python3.7/site-packages/airflow/example_dags/example_kubernetes_executor.py
[2025-04-29T04:50:21.336+0000] {logging_mixin.py:137} INFO - [2025-04-29T04:50:21.336+0000] {dag.py:2690} INFO - Sync 1 DAGs
[2025-04-29T04:50:21.348+0000] {logging_mixin.py:137} INFO - [2025-04-29T04:50:21.348+0000] {dag.py:3441} INFO - Setting next_dagrun for example_kubernetes_executor to None, run_after=None
[2025-04-29T04:50:21.355+0000] {processor.py:175} INFO - Processing /home/airflow/.local/lib/python3.7/site-packages/airflow/example_dags/example_kubernetes_executor.py took 0.045 seconds
[2025-04-29T04:50:51.900+0000] {processor.py:153} INFO - Started process (PID=2293) to work on /home/airflow/.local/lib/python3.7/site-packages/airflow/example_dags/example_kubernetes_executor.py
[2025-04-29T04:50:51.901+0000] {processor.py:743} INFO - Processing file /home/airflow/.local/lib/python3.7/site-packages/airflow/example_dags/example_kubernetes_executor.py for tasks to queue
[2025-04-29T04:50:51.901+0000] {logging_mixin.py:137} INFO - [2025-04-29T04:50:51.901+0000] {dagbag.py:538} INFO - Filling up the DagBag from /home/airflow/.local/lib/python3.7/site-packages/airflow/example_dags/example_kubernetes_executor.py
[2025-04-29T04:50:51.914+0000] {processor.py:753} INFO - DAG(s) dict_keys(['example_kubernetes_executor']) retrieved from /home/airflow/.local/lib/python3.7/site-packages/airflow/example_dags/example_kubernetes_executor.py
[2025-04-29T04:50:51.930+0000] {logging_mixin.py:137} INFO - [2025-04-29T04:50:51.930+0000] {dag.py:2690} INFO - Sync 1 DAGs
[2025-04-29T04:50:51.940+0000] {logging_mixin.py:137} INFO - [2025-04-29T04:50:51.940+0000] {dag.py:3441} INFO - Setting next_dagrun for example_kubernetes_executor to None, run_after=None
[2025-04-29T04:50:51.953+0000] {processor.py:175} INFO - Processing /home/airflow/.local/lib/python3.7/site-packages/airflow/example_dags/example_kubernetes_executor.py took 0.054 seconds
[2025-04-29T04:51:22.548+0000] {processor.py:153} INFO - Started process (PID=2386) to work on /home/airflow/.local/lib/python3.7/site-packages/airflow/example_dags/example_kubernetes_executor.py
[2025-04-29T04:51:22.549+0000] {processor.py:743} INFO - Processing file /home/airflow/.local/lib/python3.7/site-packages/airflow/example_dags/example_kubernetes_executor.py for tasks to queue
[2025-04-29T04:51:22.550+0000] {logging_mixin.py:137} INFO - [2025-04-29T04:51:22.549+0000] {dagbag.py:538} INFO - Filling up the DagBag from /home/airflow/.local/lib/python3.7/site-packages/airflow/example_dags/example_kubernetes_executor.py
[2025-04-29T04:51:22.561+0000] {processor.py:753} INFO - DAG(s) dict_keys(['example_kubernetes_executor']) retrieved from /home/airflow/.local/lib/python3.7/site-packages/airflow/example_dags/example_kubernetes_executor.py
[2025-04-29T04:51:22.575+0000] {logging_mixin.py:137} INFO - [2025-04-29T04:51:22.575+0000] {dag.py:2690} INFO - Sync 1 DAGs
[2025-04-29T04:51:22.585+0000] {logging_mixin.py:137} INFO - [2025-04-29T04:51:22.585+0000] {dag.py:3441} INFO - Setting next_dagrun for example_kubernetes_executor to None, run_after=None
[2025-04-29T04:51:22.596+0000] {processor.py:175} INFO - Processing /home/airflow/.local/lib/python3.7/site-packages/airflow/example_dags/example_kubernetes_executor.py took 0.049 seconds
[2025-04-29T04:51:52.957+0000] {processor.py:153} INFO - Started process (PID=2478) to work on /home/airflow/.local/lib/python3.7/site-packages/airflow/example_dags/example_kubernetes_executor.py
[2025-04-29T04:51:52.958+0000] {processor.py:743} INFO - Processing file /home/airflow/.local/lib/python3.7/site-packages/airflow/example_dags/example_kubernetes_executor.py for tasks to queue
[2025-04-29T04:51:52.958+0000] {logging_mixin.py:137} INFO - [2025-04-29T04:51:52.958+0000] {dagbag.py:538} INFO - Filling up the DagBag from /home/airflow/.local/lib/python3.7/site-packages/airflow/example_dags/example_kubernetes_executor.py
[2025-04-29T04:51:52.978+0000] {processor.py:753} INFO - DAG(s) dict_keys(['example_kubernetes_executor']) retrieved from /home/airflow/.local/lib/python3.7/site-packages/airflow/example_dags/example_kubernetes_executor.py
[2025-04-29T04:51:53.012+0000] {logging_mixin.py:137} INFO - [2025-04-29T04:51:53.012+0000] {dag.py:2690} INFO - Sync 1 DAGs
[2025-04-29T04:51:53.047+0000] {logging_mixin.py:137} INFO - [2025-04-29T04:51:53.047+0000] {dag.py:3441} INFO - Setting next_dagrun for example_kubernetes_executor to None, run_after=None
[2025-04-29T04:51:53.055+0000] {processor.py:175} INFO - Processing /home/airflow/.local/lib/python3.7/site-packages/airflow/example_dags/example_kubernetes_executor.py took 0.100 seconds
[2025-04-29T04:52:23.577+0000] {processor.py:153} INFO - Started process (PID=2570) to work on /home/airflow/.local/lib/python3.7/site-packages/airflow/example_dags/example_kubernetes_executor.py
[2025-04-29T04:52:23.578+0000] {processor.py:743} INFO - Processing file /home/airflow/.local/lib/python3.7/site-packages/airflow/example_dags/example_kubernetes_executor.py for tasks to queue
[2025-04-29T04:52:23.578+0000] {logging_mixin.py:137} INFO - [2025-04-29T04:52:23.578+0000] {dagbag.py:538} INFO - Filling up the DagBag from /home/airflow/.local/lib/python3.7/site-packages/airflow/example_dags/example_kubernetes_executor.py
[2025-04-29T04:52:23.589+0000] {processor.py:753} INFO - DAG(s) dict_keys(['example_kubernetes_executor']) retrieved from /home/airflow/.local/lib/python3.7/site-packages/airflow/example_dags/example_kubernetes_executor.py
[2025-04-29T04:52:23.601+0000] {logging_mixin.py:137} INFO - [2025-04-29T04:52:23.601+0000] {dag.py:2690} INFO - Sync 1 DAGs
[2025-04-29T04:52:23.611+0000] {logging_mixin.py:137} INFO - [2025-04-29T04:52:23.611+0000] {dag.py:3441} INFO - Setting next_dagrun for example_kubernetes_executor to None, run_after=None
[2025-04-29T04:52:23.619+0000] {processor.py:175} INFO - Processing /home/airflow/.local/lib/python3.7/site-packages/airflow/example_dags/example_kubernetes_executor.py took 0.043 seconds
[2025-04-29T04:52:54.243+0000] {processor.py:153} INFO - Started process (PID=2662) to work on /home/airflow/.local/lib/python3.7/site-packages/airflow/example_dags/example_kubernetes_executor.py
[2025-04-29T04:52:54.245+0000] {processor.py:743} INFO - Processing file /home/airflow/.local/lib/python3.7/site-packages/airflow/example_dags/example_kubernetes_executor.py for tasks to queue
[2025-04-29T04:52:54.246+0000] {logging_mixin.py:137} INFO - [2025-04-29T04:52:54.246+0000] {dagbag.py:538} INFO - Filling up the DagBag from /home/airflow/.local/lib/python3.7/site-packages/airflow/example_dags/example_kubernetes_executor.py
[2025-04-29T04:52:54.268+0000] {processor.py:753} INFO - DAG(s) dict_keys(['example_kubernetes_executor']) retrieved from /home/airflow/.local/lib/python3.7/site-packages/airflow/example_dags/example_kubernetes_executor.py
[2025-04-29T04:52:54.282+0000] {logging_mixin.py:137} INFO - [2025-04-29T04:52:54.282+0000] {dag.py:2690} INFO - Sync 1 DAGs
[2025-04-29T04:52:54.294+0000] {logging_mixin.py:137} INFO - [2025-04-29T04:52:54.294+0000] {dag.py:3441} INFO - Setting next_dagrun for example_kubernetes_executor to None, run_after=None
[2025-04-29T04:52:54.305+0000] {processor.py:175} INFO - Processing /home/airflow/.local/lib/python3.7/site-packages/airflow/example_dags/example_kubernetes_executor.py took 0.064 seconds
[2025-04-29T04:53:24.814+0000] {processor.py:153} INFO - Started process (PID=2738) to work on /home/airflow/.local/lib/python3.7/site-packages/airflow/example_dags/example_kubernetes_executor.py
[2025-04-29T04:53:24.814+0000] {processor.py:743} INFO - Processing file /home/airflow/.local/lib/python3.7/site-packages/airflow/example_dags/example_kubernetes_executor.py for tasks to queue
[2025-04-29T04:53:24.814+0000] {logging_mixin.py:137} INFO - [2025-04-29T04:53:24.814+0000] {dagbag.py:538} INFO - Filling up the DagBag from /home/airflow/.local/lib/python3.7/site-packages/airflow/example_dags/example_kubernetes_executor.py
[2025-04-29T04:53:24.826+0000] {processor.py:753} INFO - DAG(s) dict_keys(['example_kubernetes_executor']) retrieved from /home/airflow/.local/lib/python3.7/site-packages/airflow/example_dags/example_kubernetes_executor.py
[2025-04-29T04:53:24.837+0000] {logging_mixin.py:137} INFO - [2025-04-29T04:53:24.837+0000] {dag.py:2690} INFO - Sync 1 DAGs
[2025-04-29T04:53:24.847+0000] {logging_mixin.py:137} INFO - [2025-04-29T04:53:24.847+0000] {dag.py:3441} INFO - Setting next_dagrun for example_kubernetes_executor to None, run_after=None
[2025-04-29T04:53:24.854+0000] {processor.py:175} INFO - Processing /home/airflow/.local/lib/python3.7/site-packages/airflow/example_dags/example_kubernetes_executor.py took 0.042 seconds
[2025-04-29T04:53:55.408+0000] {processor.py:153} INFO - Started process (PID=2830) to work on /home/airflow/.local/lib/python3.7/site-packages/airflow/example_dags/example_kubernetes_executor.py
[2025-04-29T04:53:55.408+0000] {processor.py:743} INFO - Processing file /home/airflow/.local/lib/python3.7/site-packages/airflow/example_dags/example_kubernetes_executor.py for tasks to queue
[2025-04-29T04:53:55.409+0000] {logging_mixin.py:137} INFO - [2025-04-29T04:53:55.409+0000] {dagbag.py:538} INFO - Filling up the DagBag from /home/airflow/.local/lib/python3.7/site-packages/airflow/example_dags/example_kubernetes_executor.py
[2025-04-29T04:53:55.421+0000] {processor.py:753} INFO - DAG(s) dict_keys(['example_kubernetes_executor']) retrieved from /home/airflow/.local/lib/python3.7/site-packages/airflow/example_dags/example_kubernetes_executor.py
[2025-04-29T04:53:55.433+0000] {logging_mixin.py:137} INFO - [2025-04-29T04:53:55.433+0000] {dag.py:2690} INFO - Sync 1 DAGs
[2025-04-29T04:53:55.443+0000] {logging_mixin.py:137} INFO - [2025-04-29T04:53:55.443+0000] {dag.py:3441} INFO - Setting next_dagrun for example_kubernetes_executor to None, run_after=None
[2025-04-29T04:53:55.453+0000] {processor.py:175} INFO - Processing /home/airflow/.local/lib/python3.7/site-packages/airflow/example_dags/example_kubernetes_executor.py took 0.047 seconds
[2025-04-29T04:54:25.907+0000] {processor.py:153} INFO - Started process (PID=2922) to work on /home/airflow/.local/lib/python3.7/site-packages/airflow/example_dags/example_kubernetes_executor.py
[2025-04-29T04:54:25.907+0000] {processor.py:743} INFO - Processing file /home/airflow/.local/lib/python3.7/site-packages/airflow/example_dags/example_kubernetes_executor.py for tasks to queue
[2025-04-29T04:54:25.908+0000] {logging_mixin.py:137} INFO - [2025-04-29T04:54:25.908+0000] {dagbag.py:538} INFO - Filling up the DagBag from /home/airflow/.local/lib/python3.7/site-packages/airflow/example_dags/example_kubernetes_executor.py
[2025-04-29T04:54:25.919+0000] {processor.py:753} INFO - DAG(s) dict_keys(['example_kubernetes_executor']) retrieved from /home/airflow/.local/lib/python3.7/site-packages/airflow/example_dags/example_kubernetes_executor.py
[2025-04-29T04:54:25.932+0000] {logging_mixin.py:137} INFO - [2025-04-29T04:54:25.932+0000] {dag.py:2690} INFO - Sync 1 DAGs
[2025-04-29T04:54:25.943+0000] {logging_mixin.py:137} INFO - [2025-04-29T04:54:25.943+0000] {dag.py:3441} INFO - Setting next_dagrun for example_kubernetes_executor to None, run_after=None
[2025-04-29T04:54:25.950+0000] {processor.py:175} INFO - Processing /home/airflow/.local/lib/python3.7/site-packages/airflow/example_dags/example_kubernetes_executor.py took 0.044 seconds
[2025-04-29T04:54:56.439+0000] {processor.py:153} INFO - Started process (PID=3013) to work on /home/airflow/.local/lib/python3.7/site-packages/airflow/example_dags/example_kubernetes_executor.py
[2025-04-29T04:54:56.439+0000] {processor.py:743} INFO - Processing file /home/airflow/.local/lib/python3.7/site-packages/airflow/example_dags/example_kubernetes_executor.py for tasks to queue
[2025-04-29T04:54:56.441+0000] {logging_mixin.py:137} INFO - [2025-04-29T04:54:56.441+0000] {dagbag.py:538} INFO - Filling up the DagBag from /home/airflow/.local/lib/python3.7/site-packages/airflow/example_dags/example_kubernetes_executor.py
[2025-04-29T04:54:56.452+0000] {processor.py:753} INFO - DAG(s) dict_keys(['example_kubernetes_executor']) retrieved from /home/airflow/.local/lib/python3.7/site-packages/airflow/example_dags/example_kubernetes_executor.py
[2025-04-29T04:54:56.466+0000] {logging_mixin.py:137} INFO - [2025-04-29T04:54:56.466+0000] {dag.py:2690} INFO - Sync 1 DAGs
[2025-04-29T04:54:56.476+0000] {logging_mixin.py:137} INFO - [2025-04-29T04:54:56.476+0000] {dag.py:3441} INFO - Setting next_dagrun for example_kubernetes_executor to None, run_after=None
[2025-04-29T04:54:56.483+0000] {processor.py:175} INFO - Processing /home/airflow/.local/lib/python3.7/site-packages/airflow/example_dags/example_kubernetes_executor.py took 0.045 seconds
[2025-04-29T04:55:26.992+0000] {processor.py:153} INFO - Started process (PID=3096) to work on /home/airflow/.local/lib/python3.7/site-packages/airflow/example_dags/example_kubernetes_executor.py
[2025-04-29T04:55:26.993+0000] {processor.py:743} INFO - Processing file /home/airflow/.local/lib/python3.7/site-packages/airflow/example_dags/example_kubernetes_executor.py for tasks to queue
[2025-04-29T04:55:26.993+0000] {logging_mixin.py:137} INFO - [2025-04-29T04:55:26.993+0000] {dagbag.py:538} INFO - Filling up the DagBag from /home/airflow/.local/lib/python3.7/site-packages/airflow/example_dags/example_kubernetes_executor.py
[2025-04-29T04:55:27.005+0000] {processor.py:753} INFO - DAG(s) dict_keys(['example_kubernetes_executor']) retrieved from /home/airflow/.local/lib/python3.7/site-packages/airflow/example_dags/example_kubernetes_executor.py
[2025-04-29T04:55:27.020+0000] {logging_mixin.py:137} INFO - [2025-04-29T04:55:27.020+0000] {dag.py:2690} INFO - Sync 1 DAGs
[2025-04-29T04:55:27.031+0000] {logging_mixin.py:137} INFO - [2025-04-29T04:55:27.031+0000] {dag.py:3441} INFO - Setting next_dagrun for example_kubernetes_executor to None, run_after=None
[2025-04-29T04:55:27.043+0000] {processor.py:175} INFO - Processing /home/airflow/.local/lib/python3.7/site-packages/airflow/example_dags/example_kubernetes_executor.py took 0.053 seconds
[2025-04-29T04:55:57.647+0000] {processor.py:153} INFO - Started process (PID=3181) to work on /home/airflow/.local/lib/python3.7/site-packages/airflow/example_dags/example_kubernetes_executor.py
[2025-04-29T04:55:57.648+0000] {processor.py:743} INFO - Processing file /home/airflow/.local/lib/python3.7/site-packages/airflow/example_dags/example_kubernetes_executor.py for tasks to queue
[2025-04-29T04:55:57.648+0000] {logging_mixin.py:137} INFO - [2025-04-29T04:55:57.648+0000] {dagbag.py:538} INFO - Filling up the DagBag from /home/airflow/.local/lib/python3.7/site-packages/airflow/example_dags/example_kubernetes_executor.py
[2025-04-29T04:55:57.659+0000] {processor.py:753} INFO - DAG(s) dict_keys(['example_kubernetes_executor']) retrieved from /home/airflow/.local/lib/python3.7/site-packages/airflow/example_dags/example_kubernetes_executor.py
[2025-04-29T04:55:57.673+0000] {logging_mixin.py:137} INFO - [2025-04-29T04:55:57.673+0000] {dag.py:2690} INFO - Sync 1 DAGs
[2025-04-29T04:55:57.686+0000] {logging_mixin.py:137} INFO - [2025-04-29T04:55:57.686+0000] {dag.py:3441} INFO - Setting next_dagrun for example_kubernetes_executor to None, run_after=None
[2025-04-29T04:55:57.693+0000] {processor.py:175} INFO - Processing /home/airflow/.local/lib/python3.7/site-packages/airflow/example_dags/example_kubernetes_executor.py took 0.047 seconds
[2025-04-29T04:56:28.215+0000] {processor.py:153} INFO - Started process (PID=3273) to work on /home/airflow/.local/lib/python3.7/site-packages/airflow/example_dags/example_kubernetes_executor.py
[2025-04-29T04:56:28.217+0000] {processor.py:743} INFO - Processing file /home/airflow/.local/lib/python3.7/site-packages/airflow/example_dags/example_kubernetes_executor.py for tasks to queue
[2025-04-29T04:56:28.217+0000] {logging_mixin.py:137} INFO - [2025-04-29T04:56:28.217+0000] {dagbag.py:538} INFO - Filling up the DagBag from /home/airflow/.local/lib/python3.7/site-packages/airflow/example_dags/example_kubernetes_executor.py
[2025-04-29T04:56:28.228+0000] {processor.py:753} INFO - DAG(s) dict_keys(['example_kubernetes_executor']) retrieved from /home/airflow/.local/lib/python3.7/site-packages/airflow/example_dags/example_kubernetes_executor.py
[2025-04-29T04:56:28.241+0000] {logging_mixin.py:137} INFO - [2025-04-29T04:56:28.241+0000] {dag.py:2690} INFO - Sync 1 DAGs
[2025-04-29T04:56:28.254+0000] {logging_mixin.py:137} INFO - [2025-04-29T04:56:28.254+0000] {dag.py:3441} INFO - Setting next_dagrun for example_kubernetes_executor to None, run_after=None
[2025-04-29T04:56:28.262+0000] {processor.py:175} INFO - Processing /home/airflow/.local/lib/python3.7/site-packages/airflow/example_dags/example_kubernetes_executor.py took 0.048 seconds
