[2025-04-29T04:38:05.393+0000] {processor.py:153} INFO - Started process (PID=50) to work on /home/airflow/.local/lib/python3.7/site-packages/airflow/example_dags/example_datasets.py
[2025-04-29T04:38:05.397+0000] {processor.py:743} INFO - Processing file /home/airflow/.local/lib/python3.7/site-packages/airflow/example_dags/example_datasets.py for tasks to queue
[2025-04-29T04:38:05.398+0000] {logging_mixin.py:137} INFO - [2025-04-29T04:38:05.398+0000] {dagbag.py:538} INFO - Filling up the DagBag from /home/airflow/.local/lib/python3.7/site-packages/airflow/example_dags/example_datasets.py
[2025-04-29T04:38:05.424+0000] {processor.py:753} INFO - DAG(s) dict_keys(['dataset_produces_2', 'dataset_consumes_1_and_2', 'dataset_consumes_1_never_scheduled', 'dataset_consumes_unknown_never_scheduled', 'dataset_consumes_1', 'dataset_produces_1']) retrieved from /home/airflow/.local/lib/python3.7/site-packages/airflow/example_dags/example_datasets.py
[2025-04-29T04:38:05.448+0000] {logging_mixin.py:137} INFO - [2025-04-29T04:38:05.448+0000] {dag.py:2690} INFO - Sync 6 DAGs
[2025-04-29T04:38:05.502+0000] {logging_mixin.py:137} INFO - [2025-04-29T04:38:05.501+0000] {dag.py:3441} INFO - Setting next_dagrun for dataset_consumes_1 to None, run_after=None
[2025-04-29T04:38:05.509+0000] {logging_mixin.py:137} INFO - [2025-04-29T04:38:05.509+0000] {dag.py:3441} INFO - Setting next_dagrun for dataset_consumes_1_and_2 to None, run_after=None
[2025-04-29T04:38:05.512+0000] {logging_mixin.py:137} INFO - [2025-04-29T04:38:05.512+0000] {dag.py:3441} INFO - Setting next_dagrun for dataset_consumes_1_never_scheduled to None, run_after=None
[2025-04-29T04:38:05.519+0000] {logging_mixin.py:137} INFO - [2025-04-29T04:38:05.518+0000] {dag.py:3441} INFO - Setting next_dagrun for dataset_consumes_unknown_never_scheduled to None, run_after=None
[2025-04-29T04:38:05.522+0000] {logging_mixin.py:137} INFO - [2025-04-29T04:38:05.522+0000] {dag.py:3441} INFO - Setting next_dagrun for dataset_produces_1 to 2025-04-28T00:00:00+00:00, run_after=2025-04-29T00:00:00+00:00
[2025-04-29T04:38:05.534+0000] {logging_mixin.py:137} INFO - [2025-04-29T04:38:05.534+0000] {dag.py:3441} INFO - Setting next_dagrun for dataset_produces_2 to None, run_after=None
[2025-04-29T04:38:05.588+0000] {processor.py:175} INFO - Processing /home/airflow/.local/lib/python3.7/site-packages/airflow/example_dags/example_datasets.py took 0.199 seconds
[2025-04-29T04:38:35.905+0000] {processor.py:153} INFO - Started process (PID=157) to work on /home/airflow/.local/lib/python3.7/site-packages/airflow/example_dags/example_datasets.py
[2025-04-29T04:38:35.905+0000] {processor.py:743} INFO - Processing file /home/airflow/.local/lib/python3.7/site-packages/airflow/example_dags/example_datasets.py for tasks to queue
[2025-04-29T04:38:35.906+0000] {logging_mixin.py:137} INFO - [2025-04-29T04:38:35.906+0000] {dagbag.py:538} INFO - Filling up the DagBag from /home/airflow/.local/lib/python3.7/site-packages/airflow/example_dags/example_datasets.py
[2025-04-29T04:38:35.915+0000] {processor.py:753} INFO - DAG(s) dict_keys(['dataset_produces_2', 'dataset_produces_1', 'dataset_consumes_unknown_never_scheduled', 'dataset_consumes_1_never_scheduled', 'dataset_consumes_1_and_2', 'dataset_consumes_1']) retrieved from /home/airflow/.local/lib/python3.7/site-packages/airflow/example_dags/example_datasets.py
[2025-04-29T04:38:35.963+0000] {logging_mixin.py:137} INFO - [2025-04-29T04:38:35.963+0000] {dag.py:2690} INFO - Sync 6 DAGs
[2025-04-29T04:38:35.972+0000] {logging_mixin.py:137} INFO - [2025-04-29T04:38:35.972+0000] {dag.py:3441} INFO - Setting next_dagrun for dataset_consumes_1 to None, run_after=None
[2025-04-29T04:38:35.974+0000] {logging_mixin.py:137} INFO - [2025-04-29T04:38:35.974+0000] {dag.py:3441} INFO - Setting next_dagrun for dataset_consumes_1_and_2 to None, run_after=None
[2025-04-29T04:38:35.977+0000] {logging_mixin.py:137} INFO - [2025-04-29T04:38:35.977+0000] {dag.py:3441} INFO - Setting next_dagrun for dataset_consumes_1_never_scheduled to None, run_after=None
[2025-04-29T04:38:35.978+0000] {logging_mixin.py:137} INFO - [2025-04-29T04:38:35.978+0000] {dag.py:3441} INFO - Setting next_dagrun for dataset_consumes_unknown_never_scheduled to None, run_after=None
[2025-04-29T04:38:35.979+0000] {logging_mixin.py:137} INFO - [2025-04-29T04:38:35.979+0000] {dag.py:3441} INFO - Setting next_dagrun for dataset_produces_1 to 2025-04-28T00:00:00+00:00, run_after=2025-04-29T00:00:00+00:00
[2025-04-29T04:38:35.982+0000] {logging_mixin.py:137} INFO - [2025-04-29T04:38:35.982+0000] {dag.py:3441} INFO - Setting next_dagrun for dataset_produces_2 to None, run_after=None
[2025-04-29T04:38:36.003+0000] {processor.py:175} INFO - Processing /home/airflow/.local/lib/python3.7/site-packages/airflow/example_dags/example_datasets.py took 0.100 seconds
[2025-04-29T04:39:06.526+0000] {processor.py:153} INFO - Started process (PID=255) to work on /home/airflow/.local/lib/python3.7/site-packages/airflow/example_dags/example_datasets.py
[2025-04-29T04:39:06.527+0000] {processor.py:743} INFO - Processing file /home/airflow/.local/lib/python3.7/site-packages/airflow/example_dags/example_datasets.py for tasks to queue
[2025-04-29T04:39:06.527+0000] {logging_mixin.py:137} INFO - [2025-04-29T04:39:06.527+0000] {dagbag.py:538} INFO - Filling up the DagBag from /home/airflow/.local/lib/python3.7/site-packages/airflow/example_dags/example_datasets.py
[2025-04-29T04:39:06.538+0000] {processor.py:753} INFO - DAG(s) dict_keys(['dataset_produces_2', 'dataset_consumes_1_and_2', 'dataset_produces_1', 'dataset_consumes_1_never_scheduled', 'dataset_consumes_unknown_never_scheduled', 'dataset_consumes_1']) retrieved from /home/airflow/.local/lib/python3.7/site-packages/airflow/example_dags/example_datasets.py
[2025-04-29T04:39:06.561+0000] {logging_mixin.py:137} INFO - [2025-04-29T04:39:06.561+0000] {dag.py:2690} INFO - Sync 6 DAGs
[2025-04-29T04:39:06.574+0000] {logging_mixin.py:137} INFO - [2025-04-29T04:39:06.574+0000] {dag.py:3441} INFO - Setting next_dagrun for dataset_consumes_1 to None, run_after=None
[2025-04-29T04:39:06.575+0000] {logging_mixin.py:137} INFO - [2025-04-29T04:39:06.575+0000] {dag.py:3441} INFO - Setting next_dagrun for dataset_consumes_1_and_2 to None, run_after=None
[2025-04-29T04:39:06.579+0000] {logging_mixin.py:137} INFO - [2025-04-29T04:39:06.578+0000] {dag.py:3441} INFO - Setting next_dagrun for dataset_consumes_1_never_scheduled to None, run_after=None
[2025-04-29T04:39:06.579+0000] {logging_mixin.py:137} INFO - [2025-04-29T04:39:06.579+0000] {dag.py:3441} INFO - Setting next_dagrun for dataset_consumes_unknown_never_scheduled to None, run_after=None
[2025-04-29T04:39:06.580+0000] {logging_mixin.py:137} INFO - [2025-04-29T04:39:06.580+0000] {dag.py:3441} INFO - Setting next_dagrun for dataset_produces_1 to 2025-04-28T00:00:00+00:00, run_after=2025-04-29T00:00:00+00:00
[2025-04-29T04:39:06.580+0000] {logging_mixin.py:137} INFO - [2025-04-29T04:39:06.580+0000] {dag.py:3441} INFO - Setting next_dagrun for dataset_produces_2 to None, run_after=None
[2025-04-29T04:39:06.603+0000] {processor.py:175} INFO - Processing /home/airflow/.local/lib/python3.7/site-packages/airflow/example_dags/example_datasets.py took 0.079 seconds
[2025-04-29T04:39:37.233+0000] {processor.py:153} INFO - Started process (PID=347) to work on /home/airflow/.local/lib/python3.7/site-packages/airflow/example_dags/example_datasets.py
[2025-04-29T04:39:37.234+0000] {processor.py:743} INFO - Processing file /home/airflow/.local/lib/python3.7/site-packages/airflow/example_dags/example_datasets.py for tasks to queue
[2025-04-29T04:39:37.234+0000] {logging_mixin.py:137} INFO - [2025-04-29T04:39:37.234+0000] {dagbag.py:538} INFO - Filling up the DagBag from /home/airflow/.local/lib/python3.7/site-packages/airflow/example_dags/example_datasets.py
[2025-04-29T04:39:37.240+0000] {processor.py:753} INFO - DAG(s) dict_keys(['dataset_consumes_1', 'dataset_produces_1', 'dataset_consumes_unknown_never_scheduled', 'dataset_produces_2', 'dataset_consumes_1_and_2', 'dataset_consumes_1_never_scheduled']) retrieved from /home/airflow/.local/lib/python3.7/site-packages/airflow/example_dags/example_datasets.py
[2025-04-29T04:39:37.255+0000] {logging_mixin.py:137} INFO - [2025-04-29T04:39:37.255+0000] {dag.py:2690} INFO - Sync 6 DAGs
[2025-04-29T04:39:37.266+0000] {logging_mixin.py:137} INFO - [2025-04-29T04:39:37.266+0000] {dag.py:3441} INFO - Setting next_dagrun for dataset_consumes_1 to None, run_after=None
[2025-04-29T04:39:37.270+0000] {logging_mixin.py:137} INFO - [2025-04-29T04:39:37.270+0000] {dag.py:3441} INFO - Setting next_dagrun for dataset_consumes_1_and_2 to None, run_after=None
[2025-04-29T04:39:37.273+0000] {logging_mixin.py:137} INFO - [2025-04-29T04:39:37.273+0000] {dag.py:3441} INFO - Setting next_dagrun for dataset_consumes_1_never_scheduled to None, run_after=None
[2025-04-29T04:39:37.273+0000] {logging_mixin.py:137} INFO - [2025-04-29T04:39:37.273+0000] {dag.py:3441} INFO - Setting next_dagrun for dataset_consumes_unknown_never_scheduled to None, run_after=None
[2025-04-29T04:39:37.274+0000] {logging_mixin.py:137} INFO - [2025-04-29T04:39:37.274+0000] {dag.py:3441} INFO - Setting next_dagrun for dataset_produces_1 to 2025-04-28T00:00:00+00:00, run_after=2025-04-29T00:00:00+00:00
[2025-04-29T04:39:37.274+0000] {logging_mixin.py:137} INFO - [2025-04-29T04:39:37.274+0000] {dag.py:3441} INFO - Setting next_dagrun for dataset_produces_2 to None, run_after=None
[2025-04-29T04:39:37.293+0000] {processor.py:175} INFO - Processing /home/airflow/.local/lib/python3.7/site-packages/airflow/example_dags/example_datasets.py took 0.062 seconds
[2025-04-29T04:40:07.912+0000] {processor.py:153} INFO - Started process (PID=429) to work on /home/airflow/.local/lib/python3.7/site-packages/airflow/example_dags/example_datasets.py
[2025-04-29T04:40:07.914+0000] {processor.py:743} INFO - Processing file /home/airflow/.local/lib/python3.7/site-packages/airflow/example_dags/example_datasets.py for tasks to queue
[2025-04-29T04:40:07.914+0000] {logging_mixin.py:137} INFO - [2025-04-29T04:40:07.914+0000] {dagbag.py:538} INFO - Filling up the DagBag from /home/airflow/.local/lib/python3.7/site-packages/airflow/example_dags/example_datasets.py
[2025-04-29T04:40:07.923+0000] {processor.py:753} INFO - DAG(s) dict_keys(['dataset_consumes_unknown_never_scheduled', 'dataset_produces_1', 'dataset_consumes_1', 'dataset_consumes_1_never_scheduled', 'dataset_consumes_1_and_2', 'dataset_produces_2']) retrieved from /home/airflow/.local/lib/python3.7/site-packages/airflow/example_dags/example_datasets.py
[2025-04-29T04:40:07.952+0000] {logging_mixin.py:137} INFO - [2025-04-29T04:40:07.952+0000] {dag.py:2690} INFO - Sync 6 DAGs
[2025-04-29T04:40:07.964+0000] {logging_mixin.py:137} INFO - [2025-04-29T04:40:07.964+0000] {dag.py:3441} INFO - Setting next_dagrun for dataset_consumes_1 to None, run_after=None
[2025-04-29T04:40:07.966+0000] {logging_mixin.py:137} INFO - [2025-04-29T04:40:07.966+0000] {dag.py:3441} INFO - Setting next_dagrun for dataset_consumes_1_and_2 to None, run_after=None
[2025-04-29T04:40:07.968+0000] {logging_mixin.py:137} INFO - [2025-04-29T04:40:07.968+0000] {dag.py:3441} INFO - Setting next_dagrun for dataset_consumes_1_never_scheduled to None, run_after=None
[2025-04-29T04:40:07.968+0000] {logging_mixin.py:137} INFO - [2025-04-29T04:40:07.968+0000] {dag.py:3441} INFO - Setting next_dagrun for dataset_consumes_unknown_never_scheduled to None, run_after=None
[2025-04-29T04:40:07.969+0000] {logging_mixin.py:137} INFO - [2025-04-29T04:40:07.969+0000] {dag.py:3441} INFO - Setting next_dagrun for dataset_produces_1 to 2025-04-28T00:00:00+00:00, run_after=2025-04-29T00:00:00+00:00
[2025-04-29T04:40:07.972+0000] {logging_mixin.py:137} INFO - [2025-04-29T04:40:07.972+0000] {dag.py:3441} INFO - Setting next_dagrun for dataset_produces_2 to None, run_after=None
[2025-04-29T04:40:08.002+0000] {processor.py:175} INFO - Processing /home/airflow/.local/lib/python3.7/site-packages/airflow/example_dags/example_datasets.py took 0.091 seconds
[2025-04-29T04:40:38.567+0000] {processor.py:153} INFO - Started process (PID=514) to work on /home/airflow/.local/lib/python3.7/site-packages/airflow/example_dags/example_datasets.py
[2025-04-29T04:40:38.567+0000] {processor.py:743} INFO - Processing file /home/airflow/.local/lib/python3.7/site-packages/airflow/example_dags/example_datasets.py for tasks to queue
[2025-04-29T04:40:38.568+0000] {logging_mixin.py:137} INFO - [2025-04-29T04:40:38.568+0000] {dagbag.py:538} INFO - Filling up the DagBag from /home/airflow/.local/lib/python3.7/site-packages/airflow/example_dags/example_datasets.py
[2025-04-29T04:40:38.579+0000] {processor.py:753} INFO - DAG(s) dict_keys(['dataset_produces_1', 'dataset_consumes_1', 'dataset_consumes_1_never_scheduled', 'dataset_consumes_unknown_never_scheduled', 'dataset_produces_2', 'dataset_consumes_1_and_2']) retrieved from /home/airflow/.local/lib/python3.7/site-packages/airflow/example_dags/example_datasets.py
[2025-04-29T04:40:38.605+0000] {logging_mixin.py:137} INFO - [2025-04-29T04:40:38.605+0000] {dag.py:2690} INFO - Sync 6 DAGs
[2025-04-29T04:40:38.620+0000] {logging_mixin.py:137} INFO - [2025-04-29T04:40:38.620+0000] {dag.py:3441} INFO - Setting next_dagrun for dataset_consumes_1 to None, run_after=None
[2025-04-29T04:40:38.626+0000] {logging_mixin.py:137} INFO - [2025-04-29T04:40:38.626+0000] {dag.py:3441} INFO - Setting next_dagrun for dataset_consumes_1_and_2 to None, run_after=None
[2025-04-29T04:40:38.627+0000] {logging_mixin.py:137} INFO - [2025-04-29T04:40:38.627+0000] {dag.py:3441} INFO - Setting next_dagrun for dataset_consumes_1_never_scheduled to None, run_after=None
[2025-04-29T04:40:38.630+0000] {logging_mixin.py:137} INFO - [2025-04-29T04:40:38.630+0000] {dag.py:3441} INFO - Setting next_dagrun for dataset_consumes_unknown_never_scheduled to None, run_after=None
[2025-04-29T04:40:38.631+0000] {logging_mixin.py:137} INFO - [2025-04-29T04:40:38.631+0000] {dag.py:3441} INFO - Setting next_dagrun for dataset_produces_1 to 2025-04-28T00:00:00+00:00, run_after=2025-04-29T00:00:00+00:00
[2025-04-29T04:40:38.631+0000] {logging_mixin.py:137} INFO - [2025-04-29T04:40:38.631+0000] {dag.py:3441} INFO - Setting next_dagrun for dataset_produces_2 to None, run_after=None
[2025-04-29T04:40:38.652+0000] {processor.py:175} INFO - Processing /home/airflow/.local/lib/python3.7/site-packages/airflow/example_dags/example_datasets.py took 0.086 seconds
[2025-04-29T04:41:09.271+0000] {processor.py:153} INFO - Started process (PID=606) to work on /home/airflow/.local/lib/python3.7/site-packages/airflow/example_dags/example_datasets.py
[2025-04-29T04:41:09.272+0000] {processor.py:743} INFO - Processing file /home/airflow/.local/lib/python3.7/site-packages/airflow/example_dags/example_datasets.py for tasks to queue
[2025-04-29T04:41:09.272+0000] {logging_mixin.py:137} INFO - [2025-04-29T04:41:09.272+0000] {dagbag.py:538} INFO - Filling up the DagBag from /home/airflow/.local/lib/python3.7/site-packages/airflow/example_dags/example_datasets.py
[2025-04-29T04:41:09.279+0000] {processor.py:753} INFO - DAG(s) dict_keys(['dataset_produces_1', 'dataset_consumes_unknown_never_scheduled', 'dataset_produces_2', 'dataset_consumes_1_and_2', 'dataset_consumes_1_never_scheduled', 'dataset_consumes_1']) retrieved from /home/airflow/.local/lib/python3.7/site-packages/airflow/example_dags/example_datasets.py
[2025-04-29T04:41:09.301+0000] {logging_mixin.py:137} INFO - [2025-04-29T04:41:09.301+0000] {dag.py:2690} INFO - Sync 6 DAGs
[2025-04-29T04:41:09.313+0000] {logging_mixin.py:137} INFO - [2025-04-29T04:41:09.313+0000] {dag.py:3441} INFO - Setting next_dagrun for dataset_consumes_1 to None, run_after=None
[2025-04-29T04:41:09.316+0000] {logging_mixin.py:137} INFO - [2025-04-29T04:41:09.316+0000] {dag.py:3441} INFO - Setting next_dagrun for dataset_consumes_1_and_2 to None, run_after=None
[2025-04-29T04:41:09.319+0000] {logging_mixin.py:137} INFO - [2025-04-29T04:41:09.319+0000] {dag.py:3441} INFO - Setting next_dagrun for dataset_consumes_1_never_scheduled to None, run_after=None
[2025-04-29T04:41:09.321+0000] {logging_mixin.py:137} INFO - [2025-04-29T04:41:09.321+0000] {dag.py:3441} INFO - Setting next_dagrun for dataset_consumes_unknown_never_scheduled to None, run_after=None
[2025-04-29T04:41:09.325+0000] {logging_mixin.py:137} INFO - [2025-04-29T04:41:09.324+0000] {dag.py:3441} INFO - Setting next_dagrun for dataset_produces_1 to 2025-04-28T00:00:00+00:00, run_after=2025-04-29T00:00:00+00:00
[2025-04-29T04:41:09.325+0000] {logging_mixin.py:137} INFO - [2025-04-29T04:41:09.325+0000] {dag.py:3441} INFO - Setting next_dagrun for dataset_produces_2 to None, run_after=None
[2025-04-29T04:41:09.357+0000] {processor.py:175} INFO - Processing /home/airflow/.local/lib/python3.7/site-packages/airflow/example_dags/example_datasets.py took 0.087 seconds
[2025-04-29T04:41:40.044+0000] {processor.py:153} INFO - Started process (PID=698) to work on /home/airflow/.local/lib/python3.7/site-packages/airflow/example_dags/example_datasets.py
[2025-04-29T04:41:40.044+0000] {processor.py:743} INFO - Processing file /home/airflow/.local/lib/python3.7/site-packages/airflow/example_dags/example_datasets.py for tasks to queue
[2025-04-29T04:41:40.044+0000] {logging_mixin.py:137} INFO - [2025-04-29T04:41:40.044+0000] {dagbag.py:538} INFO - Filling up the DagBag from /home/airflow/.local/lib/python3.7/site-packages/airflow/example_dags/example_datasets.py
[2025-04-29T04:41:40.050+0000] {processor.py:753} INFO - DAG(s) dict_keys(['dataset_consumes_1', 'dataset_produces_1', 'dataset_consumes_unknown_never_scheduled', 'dataset_consumes_1_and_2', 'dataset_produces_2', 'dataset_consumes_1_never_scheduled']) retrieved from /home/airflow/.local/lib/python3.7/site-packages/airflow/example_dags/example_datasets.py
[2025-04-29T04:41:40.065+0000] {logging_mixin.py:137} INFO - [2025-04-29T04:41:40.064+0000] {dag.py:2690} INFO - Sync 6 DAGs
[2025-04-29T04:41:40.075+0000] {logging_mixin.py:137} INFO - [2025-04-29T04:41:40.075+0000] {dag.py:3441} INFO - Setting next_dagrun for dataset_consumes_1 to None, run_after=None
[2025-04-29T04:41:40.080+0000] {logging_mixin.py:137} INFO - [2025-04-29T04:41:40.080+0000] {dag.py:3441} INFO - Setting next_dagrun for dataset_consumes_1_and_2 to None, run_after=None
[2025-04-29T04:41:40.083+0000] {logging_mixin.py:137} INFO - [2025-04-29T04:41:40.083+0000] {dag.py:3441} INFO - Setting next_dagrun for dataset_consumes_1_never_scheduled to None, run_after=None
[2025-04-29T04:41:40.083+0000] {logging_mixin.py:137} INFO - [2025-04-29T04:41:40.083+0000] {dag.py:3441} INFO - Setting next_dagrun for dataset_consumes_unknown_never_scheduled to None, run_after=None
[2025-04-29T04:41:40.084+0000] {logging_mixin.py:137} INFO - [2025-04-29T04:41:40.084+0000] {dag.py:3441} INFO - Setting next_dagrun for dataset_produces_1 to 2025-04-28T00:00:00+00:00, run_after=2025-04-29T00:00:00+00:00
[2025-04-29T04:41:40.084+0000] {logging_mixin.py:137} INFO - [2025-04-29T04:41:40.084+0000] {dag.py:3441} INFO - Setting next_dagrun for dataset_produces_2 to None, run_after=None
[2025-04-29T04:41:40.104+0000] {processor.py:175} INFO - Processing /home/airflow/.local/lib/python3.7/site-packages/airflow/example_dags/example_datasets.py took 0.061 seconds
[2025-04-29T04:42:10.674+0000] {processor.py:153} INFO - Started process (PID=790) to work on /home/airflow/.local/lib/python3.7/site-packages/airflow/example_dags/example_datasets.py
[2025-04-29T04:42:10.675+0000] {processor.py:743} INFO - Processing file /home/airflow/.local/lib/python3.7/site-packages/airflow/example_dags/example_datasets.py for tasks to queue
[2025-04-29T04:42:10.675+0000] {logging_mixin.py:137} INFO - [2025-04-29T04:42:10.675+0000] {dagbag.py:538} INFO - Filling up the DagBag from /home/airflow/.local/lib/python3.7/site-packages/airflow/example_dags/example_datasets.py
[2025-04-29T04:42:10.682+0000] {processor.py:753} INFO - DAG(s) dict_keys(['dataset_produces_1', 'dataset_consumes_1', 'dataset_consumes_unknown_never_scheduled', 'dataset_produces_2', 'dataset_consumes_1_never_scheduled', 'dataset_consumes_1_and_2']) retrieved from /home/airflow/.local/lib/python3.7/site-packages/airflow/example_dags/example_datasets.py
[2025-04-29T04:42:10.702+0000] {logging_mixin.py:137} INFO - [2025-04-29T04:42:10.702+0000] {dag.py:2690} INFO - Sync 6 DAGs
[2025-04-29T04:42:10.715+0000] {logging_mixin.py:137} INFO - [2025-04-29T04:42:10.715+0000] {dag.py:3441} INFO - Setting next_dagrun for dataset_consumes_1 to None, run_after=None
[2025-04-29T04:42:10.717+0000] {logging_mixin.py:137} INFO - [2025-04-29T04:42:10.717+0000] {dag.py:3441} INFO - Setting next_dagrun for dataset_consumes_1_and_2 to None, run_after=None
[2025-04-29T04:42:10.718+0000] {logging_mixin.py:137} INFO - [2025-04-29T04:42:10.718+0000] {dag.py:3441} INFO - Setting next_dagrun for dataset_consumes_1_never_scheduled to None, run_after=None
[2025-04-29T04:42:10.719+0000] {logging_mixin.py:137} INFO - [2025-04-29T04:42:10.719+0000] {dag.py:3441} INFO - Setting next_dagrun for dataset_consumes_unknown_never_scheduled to None, run_after=None
[2025-04-29T04:42:10.722+0000] {logging_mixin.py:137} INFO - [2025-04-29T04:42:10.722+0000] {dag.py:3441} INFO - Setting next_dagrun for dataset_produces_1 to 2025-04-28T00:00:00+00:00, run_after=2025-04-29T00:00:00+00:00
[2025-04-29T04:42:10.722+0000] {logging_mixin.py:137} INFO - [2025-04-29T04:42:10.722+0000] {dag.py:3441} INFO - Setting next_dagrun for dataset_produces_2 to None, run_after=None
[2025-04-29T04:42:10.733+0000] {processor.py:175} INFO - Processing /home/airflow/.local/lib/python3.7/site-packages/airflow/example_dags/example_datasets.py took 0.061 seconds
[2025-04-29T04:42:41.552+0000] {processor.py:153} INFO - Started process (PID=882) to work on /home/airflow/.local/lib/python3.7/site-packages/airflow/example_dags/example_datasets.py
[2025-04-29T04:42:41.556+0000] {processor.py:743} INFO - Processing file /home/airflow/.local/lib/python3.7/site-packages/airflow/example_dags/example_datasets.py for tasks to queue
[2025-04-29T04:42:41.558+0000] {logging_mixin.py:137} INFO - [2025-04-29T04:42:41.558+0000] {dagbag.py:538} INFO - Filling up the DagBag from /home/airflow/.local/lib/python3.7/site-packages/airflow/example_dags/example_datasets.py
[2025-04-29T04:42:41.588+0000] {processor.py:753} INFO - DAG(s) dict_keys(['dataset_consumes_unknown_never_scheduled', 'dataset_consumes_1_never_scheduled', 'dataset_consumes_1_and_2', 'dataset_produces_2', 'dataset_consumes_1', 'dataset_produces_1']) retrieved from /home/airflow/.local/lib/python3.7/site-packages/airflow/example_dags/example_datasets.py
[2025-04-29T04:42:41.679+0000] {logging_mixin.py:137} INFO - [2025-04-29T04:42:41.679+0000] {dag.py:2690} INFO - Sync 6 DAGs
[2025-04-29T04:42:41.729+0000] {logging_mixin.py:137} INFO - [2025-04-29T04:42:41.728+0000] {dag.py:3441} INFO - Setting next_dagrun for dataset_consumes_1 to None, run_after=None
[2025-04-29T04:42:41.735+0000] {logging_mixin.py:137} INFO - [2025-04-29T04:42:41.735+0000] {dag.py:3441} INFO - Setting next_dagrun for dataset_consumes_1_and_2 to None, run_after=None
[2025-04-29T04:42:41.738+0000] {logging_mixin.py:137} INFO - [2025-04-29T04:42:41.738+0000] {dag.py:3441} INFO - Setting next_dagrun for dataset_consumes_1_never_scheduled to None, run_after=None
[2025-04-29T04:42:41.741+0000] {logging_mixin.py:137} INFO - [2025-04-29T04:42:41.741+0000] {dag.py:3441} INFO - Setting next_dagrun for dataset_consumes_unknown_never_scheduled to None, run_after=None
[2025-04-29T04:42:41.746+0000] {logging_mixin.py:137} INFO - [2025-04-29T04:42:41.746+0000] {dag.py:3441} INFO - Setting next_dagrun for dataset_produces_1 to 2025-04-28T00:00:00+00:00, run_after=2025-04-29T00:00:00+00:00
[2025-04-29T04:42:41.748+0000] {logging_mixin.py:137} INFO - [2025-04-29T04:42:41.748+0000] {dag.py:3441} INFO - Setting next_dagrun for dataset_produces_2 to None, run_after=None
[2025-04-29T04:42:41.792+0000] {processor.py:175} INFO - Processing /home/airflow/.local/lib/python3.7/site-packages/airflow/example_dags/example_datasets.py took 0.243 seconds
[2025-04-29T04:43:12.776+0000] {processor.py:153} INFO - Started process (PID=958) to work on /home/airflow/.local/lib/python3.7/site-packages/airflow/example_dags/example_datasets.py
[2025-04-29T04:43:12.777+0000] {processor.py:743} INFO - Processing file /home/airflow/.local/lib/python3.7/site-packages/airflow/example_dags/example_datasets.py for tasks to queue
[2025-04-29T04:43:12.777+0000] {logging_mixin.py:137} INFO - [2025-04-29T04:43:12.777+0000] {dagbag.py:538} INFO - Filling up the DagBag from /home/airflow/.local/lib/python3.7/site-packages/airflow/example_dags/example_datasets.py
[2025-04-29T04:43:12.788+0000] {processor.py:753} INFO - DAG(s) dict_keys(['dataset_produces_2', 'dataset_consumes_1_never_scheduled', 'dataset_consumes_unknown_never_scheduled', 'dataset_consumes_1_and_2', 'dataset_consumes_1', 'dataset_produces_1']) retrieved from /home/airflow/.local/lib/python3.7/site-packages/airflow/example_dags/example_datasets.py
[2025-04-29T04:43:12.811+0000] {logging_mixin.py:137} INFO - [2025-04-29T04:43:12.811+0000] {dag.py:2690} INFO - Sync 6 DAGs
[2025-04-29T04:43:12.825+0000] {logging_mixin.py:137} INFO - [2025-04-29T04:43:12.825+0000] {dag.py:3441} INFO - Setting next_dagrun for dataset_consumes_1 to None, run_after=None
[2025-04-29T04:43:12.827+0000] {logging_mixin.py:137} INFO - [2025-04-29T04:43:12.827+0000] {dag.py:3441} INFO - Setting next_dagrun for dataset_consumes_1_and_2 to None, run_after=None
[2025-04-29T04:43:12.828+0000] {logging_mixin.py:137} INFO - [2025-04-29T04:43:12.828+0000] {dag.py:3441} INFO - Setting next_dagrun for dataset_consumes_1_never_scheduled to None, run_after=None
[2025-04-29T04:43:12.828+0000] {logging_mixin.py:137} INFO - [2025-04-29T04:43:12.828+0000] {dag.py:3441} INFO - Setting next_dagrun for dataset_consumes_unknown_never_scheduled to None, run_after=None
[2025-04-29T04:43:12.830+0000] {logging_mixin.py:137} INFO - [2025-04-29T04:43:12.830+0000] {dag.py:3441} INFO - Setting next_dagrun for dataset_produces_1 to 2025-04-28T00:00:00+00:00, run_after=2025-04-29T00:00:00+00:00
[2025-04-29T04:43:12.831+0000] {logging_mixin.py:137} INFO - [2025-04-29T04:43:12.831+0000] {dag.py:3441} INFO - Setting next_dagrun for dataset_produces_2 to None, run_after=None
[2025-04-29T04:43:12.859+0000] {processor.py:175} INFO - Processing /home/airflow/.local/lib/python3.7/site-packages/airflow/example_dags/example_datasets.py took 0.085 seconds
[2025-04-29T04:43:43.547+0000] {processor.py:153} INFO - Started process (PID=1050) to work on /home/airflow/.local/lib/python3.7/site-packages/airflow/example_dags/example_datasets.py
[2025-04-29T04:43:43.550+0000] {processor.py:743} INFO - Processing file /home/airflow/.local/lib/python3.7/site-packages/airflow/example_dags/example_datasets.py for tasks to queue
[2025-04-29T04:43:43.550+0000] {logging_mixin.py:137} INFO - [2025-04-29T04:43:43.550+0000] {dagbag.py:538} INFO - Filling up the DagBag from /home/airflow/.local/lib/python3.7/site-packages/airflow/example_dags/example_datasets.py
[2025-04-29T04:43:43.560+0000] {processor.py:753} INFO - DAG(s) dict_keys(['dataset_consumes_1_never_scheduled', 'dataset_consumes_unknown_never_scheduled', 'dataset_produces_1', 'dataset_consumes_1_and_2', 'dataset_produces_2', 'dataset_consumes_1']) retrieved from /home/airflow/.local/lib/python3.7/site-packages/airflow/example_dags/example_datasets.py
[2025-04-29T04:43:43.590+0000] {logging_mixin.py:137} INFO - [2025-04-29T04:43:43.590+0000] {dag.py:2690} INFO - Sync 6 DAGs
[2025-04-29T04:43:43.602+0000] {logging_mixin.py:137} INFO - [2025-04-29T04:43:43.602+0000] {dag.py:3441} INFO - Setting next_dagrun for dataset_consumes_1 to None, run_after=None
[2025-04-29T04:43:43.603+0000] {logging_mixin.py:137} INFO - [2025-04-29T04:43:43.603+0000] {dag.py:3441} INFO - Setting next_dagrun for dataset_consumes_1_and_2 to None, run_after=None
[2025-04-29T04:43:43.604+0000] {logging_mixin.py:137} INFO - [2025-04-29T04:43:43.604+0000] {dag.py:3441} INFO - Setting next_dagrun for dataset_consumes_1_never_scheduled to None, run_after=None
[2025-04-29T04:43:43.605+0000] {logging_mixin.py:137} INFO - [2025-04-29T04:43:43.605+0000] {dag.py:3441} INFO - Setting next_dagrun for dataset_consumes_unknown_never_scheduled to None, run_after=None
[2025-04-29T04:43:43.606+0000] {logging_mixin.py:137} INFO - [2025-04-29T04:43:43.606+0000] {dag.py:3441} INFO - Setting next_dagrun for dataset_produces_1 to 2025-04-28T00:00:00+00:00, run_after=2025-04-29T00:00:00+00:00
[2025-04-29T04:43:43.607+0000] {logging_mixin.py:137} INFO - [2025-04-29T04:43:43.606+0000] {dag.py:3441} INFO - Setting next_dagrun for dataset_produces_2 to None, run_after=None
[2025-04-29T04:43:43.621+0000] {processor.py:175} INFO - Processing /home/airflow/.local/lib/python3.7/site-packages/airflow/example_dags/example_datasets.py took 0.077 seconds
[2025-04-29T04:44:14.208+0000] {processor.py:153} INFO - Started process (PID=1142) to work on /home/airflow/.local/lib/python3.7/site-packages/airflow/example_dags/example_datasets.py
[2025-04-29T04:44:14.209+0000] {processor.py:743} INFO - Processing file /home/airflow/.local/lib/python3.7/site-packages/airflow/example_dags/example_datasets.py for tasks to queue
[2025-04-29T04:44:14.210+0000] {logging_mixin.py:137} INFO - [2025-04-29T04:44:14.210+0000] {dagbag.py:538} INFO - Filling up the DagBag from /home/airflow/.local/lib/python3.7/site-packages/airflow/example_dags/example_datasets.py
[2025-04-29T04:44:14.224+0000] {processor.py:753} INFO - DAG(s) dict_keys(['dataset_produces_2', 'dataset_consumes_unknown_never_scheduled', 'dataset_consumes_1', 'dataset_consumes_1_and_2', 'dataset_produces_1', 'dataset_consumes_1_never_scheduled']) retrieved from /home/airflow/.local/lib/python3.7/site-packages/airflow/example_dags/example_datasets.py
[2025-04-29T04:44:14.252+0000] {logging_mixin.py:137} INFO - [2025-04-29T04:44:14.252+0000] {dag.py:2690} INFO - Sync 6 DAGs
[2025-04-29T04:44:14.264+0000] {logging_mixin.py:137} INFO - [2025-04-29T04:44:14.264+0000] {dag.py:3441} INFO - Setting next_dagrun for dataset_consumes_1 to None, run_after=None
[2025-04-29T04:44:14.267+0000] {logging_mixin.py:137} INFO - [2025-04-29T04:44:14.267+0000] {dag.py:3441} INFO - Setting next_dagrun for dataset_consumes_1_and_2 to None, run_after=None
[2025-04-29T04:44:14.268+0000] {logging_mixin.py:137} INFO - [2025-04-29T04:44:14.268+0000] {dag.py:3441} INFO - Setting next_dagrun for dataset_consumes_1_never_scheduled to None, run_after=None
[2025-04-29T04:44:14.269+0000] {logging_mixin.py:137} INFO - [2025-04-29T04:44:14.269+0000] {dag.py:3441} INFO - Setting next_dagrun for dataset_consumes_unknown_never_scheduled to None, run_after=None
[2025-04-29T04:44:14.270+0000] {logging_mixin.py:137} INFO - [2025-04-29T04:44:14.270+0000] {dag.py:3441} INFO - Setting next_dagrun for dataset_produces_1 to 2025-04-28T00:00:00+00:00, run_after=2025-04-29T00:00:00+00:00
[2025-04-29T04:44:14.271+0000] {logging_mixin.py:137} INFO - [2025-04-29T04:44:14.271+0000] {dag.py:3441} INFO - Setting next_dagrun for dataset_produces_2 to None, run_after=None
[2025-04-29T04:44:14.289+0000] {processor.py:175} INFO - Processing /home/airflow/.local/lib/python3.7/site-packages/airflow/example_dags/example_datasets.py took 0.085 seconds
[2025-04-29T04:44:44.853+0000] {processor.py:153} INFO - Started process (PID=1234) to work on /home/airflow/.local/lib/python3.7/site-packages/airflow/example_dags/example_datasets.py
[2025-04-29T04:44:44.857+0000] {processor.py:743} INFO - Processing file /home/airflow/.local/lib/python3.7/site-packages/airflow/example_dags/example_datasets.py for tasks to queue
[2025-04-29T04:44:44.857+0000] {logging_mixin.py:137} INFO - [2025-04-29T04:44:44.857+0000] {dagbag.py:538} INFO - Filling up the DagBag from /home/airflow/.local/lib/python3.7/site-packages/airflow/example_dags/example_datasets.py
[2025-04-29T04:44:44.870+0000] {processor.py:753} INFO - DAG(s) dict_keys(['dataset_consumes_1_never_scheduled', 'dataset_consumes_1_and_2', 'dataset_produces_2', 'dataset_consumes_1', 'dataset_produces_1', 'dataset_consumes_unknown_never_scheduled']) retrieved from /home/airflow/.local/lib/python3.7/site-packages/airflow/example_dags/example_datasets.py
[2025-04-29T04:44:44.900+0000] {logging_mixin.py:137} INFO - [2025-04-29T04:44:44.899+0000] {dag.py:2690} INFO - Sync 6 DAGs
[2025-04-29T04:44:44.913+0000] {logging_mixin.py:137} INFO - [2025-04-29T04:44:44.913+0000] {dag.py:3441} INFO - Setting next_dagrun for dataset_consumes_1 to None, run_after=None
[2025-04-29T04:44:44.916+0000] {logging_mixin.py:137} INFO - [2025-04-29T04:44:44.916+0000] {dag.py:3441} INFO - Setting next_dagrun for dataset_consumes_1_and_2 to None, run_after=None
[2025-04-29T04:44:44.917+0000] {logging_mixin.py:137} INFO - [2025-04-29T04:44:44.917+0000] {dag.py:3441} INFO - Setting next_dagrun for dataset_consumes_1_never_scheduled to None, run_after=None
[2025-04-29T04:44:44.917+0000] {logging_mixin.py:137} INFO - [2025-04-29T04:44:44.917+0000] {dag.py:3441} INFO - Setting next_dagrun for dataset_consumes_unknown_never_scheduled to None, run_after=None
[2025-04-29T04:44:44.919+0000] {logging_mixin.py:137} INFO - [2025-04-29T04:44:44.919+0000] {dag.py:3441} INFO - Setting next_dagrun for dataset_produces_1 to 2025-04-28T00:00:00+00:00, run_after=2025-04-29T00:00:00+00:00
[2025-04-29T04:44:44.920+0000] {logging_mixin.py:137} INFO - [2025-04-29T04:44:44.920+0000] {dag.py:3441} INFO - Setting next_dagrun for dataset_produces_2 to None, run_after=None
[2025-04-29T04:44:44.940+0000] {processor.py:175} INFO - Processing /home/airflow/.local/lib/python3.7/site-packages/airflow/example_dags/example_datasets.py took 0.091 seconds
[2025-04-29T04:45:15.453+0000] {processor.py:153} INFO - Started process (PID=1325) to work on /home/airflow/.local/lib/python3.7/site-packages/airflow/example_dags/example_datasets.py
[2025-04-29T04:45:15.453+0000] {processor.py:743} INFO - Processing file /home/airflow/.local/lib/python3.7/site-packages/airflow/example_dags/example_datasets.py for tasks to queue
[2025-04-29T04:45:15.454+0000] {logging_mixin.py:137} INFO - [2025-04-29T04:45:15.454+0000] {dagbag.py:538} INFO - Filling up the DagBag from /home/airflow/.local/lib/python3.7/site-packages/airflow/example_dags/example_datasets.py
[2025-04-29T04:45:15.463+0000] {processor.py:753} INFO - DAG(s) dict_keys(['dataset_consumes_1', 'dataset_produces_2', 'dataset_consumes_1_and_2', 'dataset_produces_1', 'dataset_consumes_1_never_scheduled', 'dataset_consumes_unknown_never_scheduled']) retrieved from /home/airflow/.local/lib/python3.7/site-packages/airflow/example_dags/example_datasets.py
[2025-04-29T04:45:15.485+0000] {logging_mixin.py:137} INFO - [2025-04-29T04:45:15.485+0000] {dag.py:2690} INFO - Sync 6 DAGs
[2025-04-29T04:45:15.498+0000] {logging_mixin.py:137} INFO - [2025-04-29T04:45:15.498+0000] {dag.py:3441} INFO - Setting next_dagrun for dataset_consumes_1 to None, run_after=None
[2025-04-29T04:45:15.501+0000] {logging_mixin.py:137} INFO - [2025-04-29T04:45:15.500+0000] {dag.py:3441} INFO - Setting next_dagrun for dataset_consumes_1_and_2 to None, run_after=None
[2025-04-29T04:45:15.501+0000] {logging_mixin.py:137} INFO - [2025-04-29T04:45:15.501+0000] {dag.py:3441} INFO - Setting next_dagrun for dataset_consumes_1_never_scheduled to None, run_after=None
[2025-04-29T04:45:15.502+0000] {logging_mixin.py:137} INFO - [2025-04-29T04:45:15.502+0000] {dag.py:3441} INFO - Setting next_dagrun for dataset_consumes_unknown_never_scheduled to None, run_after=None
[2025-04-29T04:45:15.504+0000] {logging_mixin.py:137} INFO - [2025-04-29T04:45:15.504+0000] {dag.py:3441} INFO - Setting next_dagrun for dataset_produces_1 to 2025-04-28T00:00:00+00:00, run_after=2025-04-29T00:00:00+00:00
[2025-04-29T04:45:15.505+0000] {logging_mixin.py:137} INFO - [2025-04-29T04:45:15.505+0000] {dag.py:3441} INFO - Setting next_dagrun for dataset_produces_2 to None, run_after=None
[2025-04-29T04:45:15.520+0000] {processor.py:175} INFO - Processing /home/airflow/.local/lib/python3.7/site-packages/airflow/example_dags/example_datasets.py took 0.069 seconds
[2025-04-29T04:45:45.966+0000] {processor.py:153} INFO - Started process (PID=1401) to work on /home/airflow/.local/lib/python3.7/site-packages/airflow/example_dags/example_datasets.py
[2025-04-29T04:45:45.967+0000] {processor.py:743} INFO - Processing file /home/airflow/.local/lib/python3.7/site-packages/airflow/example_dags/example_datasets.py for tasks to queue
[2025-04-29T04:45:45.967+0000] {logging_mixin.py:137} INFO - [2025-04-29T04:45:45.967+0000] {dagbag.py:538} INFO - Filling up the DagBag from /home/airflow/.local/lib/python3.7/site-packages/airflow/example_dags/example_datasets.py
[2025-04-29T04:45:45.976+0000] {processor.py:753} INFO - DAG(s) dict_keys(['dataset_consumes_unknown_never_scheduled', 'dataset_consumes_1_and_2', 'dataset_produces_2', 'dataset_consumes_1', 'dataset_produces_1', 'dataset_consumes_1_never_scheduled']) retrieved from /home/airflow/.local/lib/python3.7/site-packages/airflow/example_dags/example_datasets.py
[2025-04-29T04:45:45.996+0000] {logging_mixin.py:137} INFO - [2025-04-29T04:45:45.996+0000] {dag.py:2690} INFO - Sync 6 DAGs
[2025-04-29T04:45:46.007+0000] {logging_mixin.py:137} INFO - [2025-04-29T04:45:46.007+0000] {dag.py:3441} INFO - Setting next_dagrun for dataset_consumes_1 to None, run_after=None
[2025-04-29T04:45:46.008+0000] {logging_mixin.py:137} INFO - [2025-04-29T04:45:46.008+0000] {dag.py:3441} INFO - Setting next_dagrun for dataset_consumes_1_and_2 to None, run_after=None
[2025-04-29T04:45:46.010+0000] {logging_mixin.py:137} INFO - [2025-04-29T04:45:46.010+0000] {dag.py:3441} INFO - Setting next_dagrun for dataset_consumes_1_never_scheduled to None, run_after=None
[2025-04-29T04:45:46.011+0000] {logging_mixin.py:137} INFO - [2025-04-29T04:45:46.011+0000] {dag.py:3441} INFO - Setting next_dagrun for dataset_consumes_unknown_never_scheduled to None, run_after=None
[2025-04-29T04:45:46.012+0000] {logging_mixin.py:137} INFO - [2025-04-29T04:45:46.012+0000] {dag.py:3441} INFO - Setting next_dagrun for dataset_produces_1 to 2025-04-28T00:00:00+00:00, run_after=2025-04-29T00:00:00+00:00
[2025-04-29T04:45:46.013+0000] {logging_mixin.py:137} INFO - [2025-04-29T04:45:46.013+0000] {dag.py:3441} INFO - Setting next_dagrun for dataset_produces_2 to None, run_after=None
[2025-04-29T04:45:46.028+0000] {processor.py:175} INFO - Processing /home/airflow/.local/lib/python3.7/site-packages/airflow/example_dags/example_datasets.py took 0.064 seconds
[2025-04-29T04:46:16.619+0000] {processor.py:153} INFO - Started process (PID=1493) to work on /home/airflow/.local/lib/python3.7/site-packages/airflow/example_dags/example_datasets.py
[2025-04-29T04:46:16.620+0000] {processor.py:743} INFO - Processing file /home/airflow/.local/lib/python3.7/site-packages/airflow/example_dags/example_datasets.py for tasks to queue
[2025-04-29T04:46:16.620+0000] {logging_mixin.py:137} INFO - [2025-04-29T04:46:16.620+0000] {dagbag.py:538} INFO - Filling up the DagBag from /home/airflow/.local/lib/python3.7/site-packages/airflow/example_dags/example_datasets.py
[2025-04-29T04:46:16.627+0000] {processor.py:753} INFO - DAG(s) dict_keys(['dataset_consumes_unknown_never_scheduled', 'dataset_produces_2', 'dataset_consumes_1_never_scheduled', 'dataset_consumes_1_and_2', 'dataset_consumes_1', 'dataset_produces_1']) retrieved from /home/airflow/.local/lib/python3.7/site-packages/airflow/example_dags/example_datasets.py
[2025-04-29T04:46:16.650+0000] {logging_mixin.py:137} INFO - [2025-04-29T04:46:16.650+0000] {dag.py:2690} INFO - Sync 6 DAGs
[2025-04-29T04:46:16.662+0000] {logging_mixin.py:137} INFO - [2025-04-29T04:46:16.661+0000] {dag.py:3441} INFO - Setting next_dagrun for dataset_consumes_1 to None, run_after=None
[2025-04-29T04:46:16.663+0000] {logging_mixin.py:137} INFO - [2025-04-29T04:46:16.663+0000] {dag.py:3441} INFO - Setting next_dagrun for dataset_consumes_1_and_2 to None, run_after=None
[2025-04-29T04:46:16.664+0000] {logging_mixin.py:137} INFO - [2025-04-29T04:46:16.664+0000] {dag.py:3441} INFO - Setting next_dagrun for dataset_consumes_1_never_scheduled to None, run_after=None
[2025-04-29T04:46:16.664+0000] {logging_mixin.py:137} INFO - [2025-04-29T04:46:16.664+0000] {dag.py:3441} INFO - Setting next_dagrun for dataset_consumes_unknown_never_scheduled to None, run_after=None
[2025-04-29T04:46:16.665+0000] {logging_mixin.py:137} INFO - [2025-04-29T04:46:16.665+0000] {dag.py:3441} INFO - Setting next_dagrun for dataset_produces_1 to 2025-04-28T00:00:00+00:00, run_after=2025-04-29T00:00:00+00:00
[2025-04-29T04:46:16.666+0000] {logging_mixin.py:137} INFO - [2025-04-29T04:46:16.666+0000] {dag.py:3441} INFO - Setting next_dagrun for dataset_produces_2 to None, run_after=None
[2025-04-29T04:46:16.687+0000] {processor.py:175} INFO - Processing /home/airflow/.local/lib/python3.7/site-packages/airflow/example_dags/example_datasets.py took 0.069 seconds
[2025-04-29T04:46:47.378+0000] {processor.py:153} INFO - Started process (PID=1585) to work on /home/airflow/.local/lib/python3.7/site-packages/airflow/example_dags/example_datasets.py
[2025-04-29T04:46:47.379+0000] {processor.py:743} INFO - Processing file /home/airflow/.local/lib/python3.7/site-packages/airflow/example_dags/example_datasets.py for tasks to queue
[2025-04-29T04:46:47.380+0000] {logging_mixin.py:137} INFO - [2025-04-29T04:46:47.380+0000] {dagbag.py:538} INFO - Filling up the DagBag from /home/airflow/.local/lib/python3.7/site-packages/airflow/example_dags/example_datasets.py
[2025-04-29T04:46:47.393+0000] {processor.py:753} INFO - DAG(s) dict_keys(['dataset_produces_2', 'dataset_produces_1', 'dataset_consumes_1_and_2', 'dataset_consumes_1_never_scheduled', 'dataset_consumes_unknown_never_scheduled', 'dataset_consumes_1']) retrieved from /home/airflow/.local/lib/python3.7/site-packages/airflow/example_dags/example_datasets.py
[2025-04-29T04:46:47.420+0000] {logging_mixin.py:137} INFO - [2025-04-29T04:46:47.420+0000] {dag.py:2690} INFO - Sync 6 DAGs
[2025-04-29T04:46:47.434+0000] {logging_mixin.py:137} INFO - [2025-04-29T04:46:47.433+0000] {dag.py:3441} INFO - Setting next_dagrun for dataset_consumes_1 to None, run_after=None
[2025-04-29T04:46:47.435+0000] {logging_mixin.py:137} INFO - [2025-04-29T04:46:47.435+0000] {dag.py:3441} INFO - Setting next_dagrun for dataset_consumes_1_and_2 to None, run_after=None
[2025-04-29T04:46:47.436+0000] {logging_mixin.py:137} INFO - [2025-04-29T04:46:47.436+0000] {dag.py:3441} INFO - Setting next_dagrun for dataset_consumes_1_never_scheduled to None, run_after=None
[2025-04-29T04:46:47.437+0000] {logging_mixin.py:137} INFO - [2025-04-29T04:46:47.437+0000] {dag.py:3441} INFO - Setting next_dagrun for dataset_consumes_unknown_never_scheduled to None, run_after=None
[2025-04-29T04:46:47.438+0000] {logging_mixin.py:137} INFO - [2025-04-29T04:46:47.438+0000] {dag.py:3441} INFO - Setting next_dagrun for dataset_produces_1 to 2025-04-28T00:00:00+00:00, run_after=2025-04-29T00:00:00+00:00
[2025-04-29T04:46:47.440+0000] {logging_mixin.py:137} INFO - [2025-04-29T04:46:47.439+0000] {dag.py:3441} INFO - Setting next_dagrun for dataset_produces_2 to None, run_after=None
[2025-04-29T04:46:47.453+0000] {processor.py:175} INFO - Processing /home/airflow/.local/lib/python3.7/site-packages/airflow/example_dags/example_datasets.py took 0.079 seconds
[2025-04-29T04:47:17.847+0000] {processor.py:153} INFO - Started process (PID=1677) to work on /home/airflow/.local/lib/python3.7/site-packages/airflow/example_dags/example_datasets.py
[2025-04-29T04:47:17.848+0000] {processor.py:743} INFO - Processing file /home/airflow/.local/lib/python3.7/site-packages/airflow/example_dags/example_datasets.py for tasks to queue
[2025-04-29T04:47:17.849+0000] {logging_mixin.py:137} INFO - [2025-04-29T04:47:17.848+0000] {dagbag.py:538} INFO - Filling up the DagBag from /home/airflow/.local/lib/python3.7/site-packages/airflow/example_dags/example_datasets.py
[2025-04-29T04:47:17.861+0000] {processor.py:753} INFO - DAG(s) dict_keys(['dataset_produces_1', 'dataset_consumes_unknown_never_scheduled', 'dataset_consumes_1_and_2', 'dataset_produces_2', 'dataset_consumes_1', 'dataset_consumes_1_never_scheduled']) retrieved from /home/airflow/.local/lib/python3.7/site-packages/airflow/example_dags/example_datasets.py
[2025-04-29T04:47:17.883+0000] {logging_mixin.py:137} INFO - [2025-04-29T04:47:17.883+0000] {dag.py:2690} INFO - Sync 6 DAGs
[2025-04-29T04:47:17.899+0000] {logging_mixin.py:137} INFO - [2025-04-29T04:47:17.899+0000] {dag.py:3441} INFO - Setting next_dagrun for dataset_consumes_1 to None, run_after=None
[2025-04-29T04:47:17.901+0000] {logging_mixin.py:137} INFO - [2025-04-29T04:47:17.901+0000] {dag.py:3441} INFO - Setting next_dagrun for dataset_consumes_1_and_2 to None, run_after=None
[2025-04-29T04:47:17.901+0000] {logging_mixin.py:137} INFO - [2025-04-29T04:47:17.901+0000] {dag.py:3441} INFO - Setting next_dagrun for dataset_consumes_1_never_scheduled to None, run_after=None
[2025-04-29T04:47:17.902+0000] {logging_mixin.py:137} INFO - [2025-04-29T04:47:17.902+0000] {dag.py:3441} INFO - Setting next_dagrun for dataset_consumes_unknown_never_scheduled to None, run_after=None
[2025-04-29T04:47:17.903+0000] {logging_mixin.py:137} INFO - [2025-04-29T04:47:17.903+0000] {dag.py:3441} INFO - Setting next_dagrun for dataset_produces_1 to 2025-04-28T00:00:00+00:00, run_after=2025-04-29T00:00:00+00:00
[2025-04-29T04:47:17.903+0000] {logging_mixin.py:137} INFO - [2025-04-29T04:47:17.903+0000] {dag.py:3441} INFO - Setting next_dagrun for dataset_produces_2 to None, run_after=None
[2025-04-29T04:47:17.922+0000] {processor.py:175} INFO - Processing /home/airflow/.local/lib/python3.7/site-packages/airflow/example_dags/example_datasets.py took 0.079 seconds
[2025-04-29T04:47:48.355+0000] {processor.py:153} INFO - Started process (PID=1769) to work on /home/airflow/.local/lib/python3.7/site-packages/airflow/example_dags/example_datasets.py
[2025-04-29T04:47:48.356+0000] {processor.py:743} INFO - Processing file /home/airflow/.local/lib/python3.7/site-packages/airflow/example_dags/example_datasets.py for tasks to queue
[2025-04-29T04:47:48.356+0000] {logging_mixin.py:137} INFO - [2025-04-29T04:47:48.356+0000] {dagbag.py:538} INFO - Filling up the DagBag from /home/airflow/.local/lib/python3.7/site-packages/airflow/example_dags/example_datasets.py
[2025-04-29T04:47:48.363+0000] {processor.py:753} INFO - DAG(s) dict_keys(['dataset_consumes_1_and_2', 'dataset_consumes_unknown_never_scheduled', 'dataset_consumes_1_never_scheduled', 'dataset_produces_1', 'dataset_consumes_1', 'dataset_produces_2']) retrieved from /home/airflow/.local/lib/python3.7/site-packages/airflow/example_dags/example_datasets.py
[2025-04-29T04:47:48.381+0000] {logging_mixin.py:137} INFO - [2025-04-29T04:47:48.381+0000] {dag.py:2690} INFO - Sync 6 DAGs
[2025-04-29T04:47:48.394+0000] {logging_mixin.py:137} INFO - [2025-04-29T04:47:48.394+0000] {dag.py:3441} INFO - Setting next_dagrun for dataset_consumes_1 to None, run_after=None
[2025-04-29T04:47:48.396+0000] {logging_mixin.py:137} INFO - [2025-04-29T04:47:48.396+0000] {dag.py:3441} INFO - Setting next_dagrun for dataset_consumes_1_and_2 to None, run_after=None
[2025-04-29T04:47:48.397+0000] {logging_mixin.py:137} INFO - [2025-04-29T04:47:48.397+0000] {dag.py:3441} INFO - Setting next_dagrun for dataset_consumes_1_never_scheduled to None, run_after=None
[2025-04-29T04:47:48.398+0000] {logging_mixin.py:137} INFO - [2025-04-29T04:47:48.398+0000] {dag.py:3441} INFO - Setting next_dagrun for dataset_consumes_unknown_never_scheduled to None, run_after=None
[2025-04-29T04:47:48.399+0000] {logging_mixin.py:137} INFO - [2025-04-29T04:47:48.399+0000] {dag.py:3441} INFO - Setting next_dagrun for dataset_produces_1 to 2025-04-28T00:00:00+00:00, run_after=2025-04-29T00:00:00+00:00
[2025-04-29T04:47:48.400+0000] {logging_mixin.py:137} INFO - [2025-04-29T04:47:48.400+0000] {dag.py:3441} INFO - Setting next_dagrun for dataset_produces_2 to None, run_after=None
[2025-04-29T04:47:48.417+0000] {processor.py:175} INFO - Processing /home/airflow/.local/lib/python3.7/site-packages/airflow/example_dags/example_datasets.py took 0.063 seconds
[2025-04-29T04:48:18.859+0000] {processor.py:153} INFO - Started process (PID=1845) to work on /home/airflow/.local/lib/python3.7/site-packages/airflow/example_dags/example_datasets.py
[2025-04-29T04:48:18.859+0000] {processor.py:743} INFO - Processing file /home/airflow/.local/lib/python3.7/site-packages/airflow/example_dags/example_datasets.py for tasks to queue
[2025-04-29T04:48:18.860+0000] {logging_mixin.py:137} INFO - [2025-04-29T04:48:18.860+0000] {dagbag.py:538} INFO - Filling up the DagBag from /home/airflow/.local/lib/python3.7/site-packages/airflow/example_dags/example_datasets.py
[2025-04-29T04:48:18.866+0000] {processor.py:753} INFO - DAG(s) dict_keys(['dataset_consumes_unknown_never_scheduled', 'dataset_consumes_1_never_scheduled', 'dataset_produces_1', 'dataset_consumes_1', 'dataset_produces_2', 'dataset_consumes_1_and_2']) retrieved from /home/airflow/.local/lib/python3.7/site-packages/airflow/example_dags/example_datasets.py
[2025-04-29T04:48:18.882+0000] {logging_mixin.py:137} INFO - [2025-04-29T04:48:18.882+0000] {dag.py:2690} INFO - Sync 6 DAGs
[2025-04-29T04:48:18.893+0000] {logging_mixin.py:137} INFO - [2025-04-29T04:48:18.893+0000] {dag.py:3441} INFO - Setting next_dagrun for dataset_consumes_1 to None, run_after=None
[2025-04-29T04:48:18.895+0000] {logging_mixin.py:137} INFO - [2025-04-29T04:48:18.895+0000] {dag.py:3441} INFO - Setting next_dagrun for dataset_consumes_1_and_2 to None, run_after=None
[2025-04-29T04:48:18.896+0000] {logging_mixin.py:137} INFO - [2025-04-29T04:48:18.896+0000] {dag.py:3441} INFO - Setting next_dagrun for dataset_consumes_1_never_scheduled to None, run_after=None
[2025-04-29T04:48:18.896+0000] {logging_mixin.py:137} INFO - [2025-04-29T04:48:18.896+0000] {dag.py:3441} INFO - Setting next_dagrun for dataset_consumes_unknown_never_scheduled to None, run_after=None
[2025-04-29T04:48:18.897+0000] {logging_mixin.py:137} INFO - [2025-04-29T04:48:18.897+0000] {dag.py:3441} INFO - Setting next_dagrun for dataset_produces_1 to 2025-04-28T00:00:00+00:00, run_after=2025-04-29T00:00:00+00:00
[2025-04-29T04:48:18.898+0000] {logging_mixin.py:137} INFO - [2025-04-29T04:48:18.898+0000] {dag.py:3441} INFO - Setting next_dagrun for dataset_produces_2 to None, run_after=None
[2025-04-29T04:48:18.911+0000] {processor.py:175} INFO - Processing /home/airflow/.local/lib/python3.7/site-packages/airflow/example_dags/example_datasets.py took 0.054 seconds
[2025-04-29T04:48:49.426+0000] {processor.py:153} INFO - Started process (PID=1937) to work on /home/airflow/.local/lib/python3.7/site-packages/airflow/example_dags/example_datasets.py
[2025-04-29T04:48:49.431+0000] {processor.py:743} INFO - Processing file /home/airflow/.local/lib/python3.7/site-packages/airflow/example_dags/example_datasets.py for tasks to queue
[2025-04-29T04:48:49.431+0000] {logging_mixin.py:137} INFO - [2025-04-29T04:48:49.431+0000] {dagbag.py:538} INFO - Filling up the DagBag from /home/airflow/.local/lib/python3.7/site-packages/airflow/example_dags/example_datasets.py
[2025-04-29T04:48:49.444+0000] {processor.py:753} INFO - DAG(s) dict_keys(['dataset_consumes_1', 'dataset_produces_1', 'dataset_produces_2', 'dataset_consumes_unknown_never_scheduled', 'dataset_consumes_1_and_2', 'dataset_consumes_1_never_scheduled']) retrieved from /home/airflow/.local/lib/python3.7/site-packages/airflow/example_dags/example_datasets.py
[2025-04-29T04:48:49.470+0000] {logging_mixin.py:137} INFO - [2025-04-29T04:48:49.470+0000] {dag.py:2690} INFO - Sync 6 DAGs
[2025-04-29T04:48:49.484+0000] {logging_mixin.py:137} INFO - [2025-04-29T04:48:49.484+0000] {dag.py:3441} INFO - Setting next_dagrun for dataset_consumes_1 to None, run_after=None
[2025-04-29T04:48:49.487+0000] {logging_mixin.py:137} INFO - [2025-04-29T04:48:49.487+0000] {dag.py:3441} INFO - Setting next_dagrun for dataset_consumes_1_and_2 to None, run_after=None
[2025-04-29T04:48:49.488+0000] {logging_mixin.py:137} INFO - [2025-04-29T04:48:49.488+0000] {dag.py:3441} INFO - Setting next_dagrun for dataset_consumes_1_never_scheduled to None, run_after=None
[2025-04-29T04:48:49.489+0000] {logging_mixin.py:137} INFO - [2025-04-29T04:48:49.489+0000] {dag.py:3441} INFO - Setting next_dagrun for dataset_consumes_unknown_never_scheduled to None, run_after=None
[2025-04-29T04:48:49.490+0000] {logging_mixin.py:137} INFO - [2025-04-29T04:48:49.490+0000] {dag.py:3441} INFO - Setting next_dagrun for dataset_produces_1 to 2025-04-28T00:00:00+00:00, run_after=2025-04-29T00:00:00+00:00
[2025-04-29T04:48:49.493+0000] {logging_mixin.py:137} INFO - [2025-04-29T04:48:49.493+0000] {dag.py:3441} INFO - Setting next_dagrun for dataset_produces_2 to None, run_after=None
[2025-04-29T04:48:49.510+0000] {processor.py:175} INFO - Processing /home/airflow/.local/lib/python3.7/site-packages/airflow/example_dags/example_datasets.py took 0.089 seconds
[2025-04-29T04:49:20.070+0000] {processor.py:153} INFO - Started process (PID=2029) to work on /home/airflow/.local/lib/python3.7/site-packages/airflow/example_dags/example_datasets.py
[2025-04-29T04:49:20.071+0000] {processor.py:743} INFO - Processing file /home/airflow/.local/lib/python3.7/site-packages/airflow/example_dags/example_datasets.py for tasks to queue
[2025-04-29T04:49:20.071+0000] {logging_mixin.py:137} INFO - [2025-04-29T04:49:20.071+0000] {dagbag.py:538} INFO - Filling up the DagBag from /home/airflow/.local/lib/python3.7/site-packages/airflow/example_dags/example_datasets.py
[2025-04-29T04:49:20.084+0000] {processor.py:753} INFO - DAG(s) dict_keys(['dataset_consumes_1_and_2', 'dataset_consumes_unknown_never_scheduled', 'dataset_produces_2', 'dataset_consumes_1', 'dataset_consumes_1_never_scheduled', 'dataset_produces_1']) retrieved from /home/airflow/.local/lib/python3.7/site-packages/airflow/example_dags/example_datasets.py
[2025-04-29T04:49:20.109+0000] {logging_mixin.py:137} INFO - [2025-04-29T04:49:20.108+0000] {dag.py:2690} INFO - Sync 6 DAGs
[2025-04-29T04:49:20.121+0000] {logging_mixin.py:137} INFO - [2025-04-29T04:49:20.121+0000] {dag.py:3441} INFO - Setting next_dagrun for dataset_consumes_1 to None, run_after=None
[2025-04-29T04:49:20.123+0000] {logging_mixin.py:137} INFO - [2025-04-29T04:49:20.123+0000] {dag.py:3441} INFO - Setting next_dagrun for dataset_consumes_1_and_2 to None, run_after=None
[2025-04-29T04:49:20.124+0000] {logging_mixin.py:137} INFO - [2025-04-29T04:49:20.124+0000] {dag.py:3441} INFO - Setting next_dagrun for dataset_consumes_1_never_scheduled to None, run_after=None
[2025-04-29T04:49:20.124+0000] {logging_mixin.py:137} INFO - [2025-04-29T04:49:20.124+0000] {dag.py:3441} INFO - Setting next_dagrun for dataset_consumes_unknown_never_scheduled to None, run_after=None
[2025-04-29T04:49:20.126+0000] {logging_mixin.py:137} INFO - [2025-04-29T04:49:20.126+0000] {dag.py:3441} INFO - Setting next_dagrun for dataset_produces_1 to 2025-04-28T00:00:00+00:00, run_after=2025-04-29T00:00:00+00:00
[2025-04-29T04:49:20.127+0000] {logging_mixin.py:137} INFO - [2025-04-29T04:49:20.127+0000] {dag.py:3441} INFO - Setting next_dagrun for dataset_produces_2 to None, run_after=None
[2025-04-29T04:49:20.142+0000] {processor.py:175} INFO - Processing /home/airflow/.local/lib/python3.7/site-packages/airflow/example_dags/example_datasets.py took 0.076 seconds
[2025-04-29T04:49:50.670+0000] {processor.py:153} INFO - Started process (PID=2121) to work on /home/airflow/.local/lib/python3.7/site-packages/airflow/example_dags/example_datasets.py
[2025-04-29T04:49:50.670+0000] {processor.py:743} INFO - Processing file /home/airflow/.local/lib/python3.7/site-packages/airflow/example_dags/example_datasets.py for tasks to queue
[2025-04-29T04:49:50.671+0000] {logging_mixin.py:137} INFO - [2025-04-29T04:49:50.671+0000] {dagbag.py:538} INFO - Filling up the DagBag from /home/airflow/.local/lib/python3.7/site-packages/airflow/example_dags/example_datasets.py
[2025-04-29T04:49:50.679+0000] {processor.py:753} INFO - DAG(s) dict_keys(['dataset_consumes_unknown_never_scheduled', 'dataset_consumes_1', 'dataset_produces_2', 'dataset_produces_1', 'dataset_consumes_1_and_2', 'dataset_consumes_1_never_scheduled']) retrieved from /home/airflow/.local/lib/python3.7/site-packages/airflow/example_dags/example_datasets.py
[2025-04-29T04:49:50.701+0000] {logging_mixin.py:137} INFO - [2025-04-29T04:49:50.701+0000] {dag.py:2690} INFO - Sync 6 DAGs
[2025-04-29T04:49:50.712+0000] {logging_mixin.py:137} INFO - [2025-04-29T04:49:50.712+0000] {dag.py:3441} INFO - Setting next_dagrun for dataset_consumes_1 to None, run_after=None
[2025-04-29T04:49:50.714+0000] {logging_mixin.py:137} INFO - [2025-04-29T04:49:50.714+0000] {dag.py:3441} INFO - Setting next_dagrun for dataset_consumes_1_and_2 to None, run_after=None
[2025-04-29T04:49:50.715+0000] {logging_mixin.py:137} INFO - [2025-04-29T04:49:50.715+0000] {dag.py:3441} INFO - Setting next_dagrun for dataset_consumes_1_never_scheduled to None, run_after=None
[2025-04-29T04:49:50.716+0000] {logging_mixin.py:137} INFO - [2025-04-29T04:49:50.716+0000] {dag.py:3441} INFO - Setting next_dagrun for dataset_consumes_unknown_never_scheduled to None, run_after=None
[2025-04-29T04:49:50.717+0000] {logging_mixin.py:137} INFO - [2025-04-29T04:49:50.717+0000] {dag.py:3441} INFO - Setting next_dagrun for dataset_produces_1 to 2025-04-28T00:00:00+00:00, run_after=2025-04-29T00:00:00+00:00
[2025-04-29T04:49:50.718+0000] {logging_mixin.py:137} INFO - [2025-04-29T04:49:50.718+0000] {dag.py:3441} INFO - Setting next_dagrun for dataset_produces_2 to None, run_after=None
[2025-04-29T04:49:50.734+0000] {processor.py:175} INFO - Processing /home/airflow/.local/lib/python3.7/site-packages/airflow/example_dags/example_datasets.py took 0.066 seconds
[2025-04-29T04:50:21.175+0000] {processor.py:153} INFO - Started process (PID=2213) to work on /home/airflow/.local/lib/python3.7/site-packages/airflow/example_dags/example_datasets.py
[2025-04-29T04:50:21.177+0000] {processor.py:743} INFO - Processing file /home/airflow/.local/lib/python3.7/site-packages/airflow/example_dags/example_datasets.py for tasks to queue
[2025-04-29T04:50:21.177+0000] {logging_mixin.py:137} INFO - [2025-04-29T04:50:21.177+0000] {dagbag.py:538} INFO - Filling up the DagBag from /home/airflow/.local/lib/python3.7/site-packages/airflow/example_dags/example_datasets.py
[2025-04-29T04:50:21.184+0000] {processor.py:753} INFO - DAG(s) dict_keys(['dataset_consumes_1', 'dataset_produces_2', 'dataset_consumes_unknown_never_scheduled', 'dataset_consumes_1_and_2', 'dataset_produces_1', 'dataset_consumes_1_never_scheduled']) retrieved from /home/airflow/.local/lib/python3.7/site-packages/airflow/example_dags/example_datasets.py
[2025-04-29T04:50:21.216+0000] {logging_mixin.py:137} INFO - [2025-04-29T04:50:21.216+0000] {dag.py:2690} INFO - Sync 6 DAGs
[2025-04-29T04:50:21.228+0000] {logging_mixin.py:137} INFO - [2025-04-29T04:50:21.227+0000] {dag.py:3441} INFO - Setting next_dagrun for dataset_consumes_1 to None, run_after=None
[2025-04-29T04:50:21.230+0000] {logging_mixin.py:137} INFO - [2025-04-29T04:50:21.230+0000] {dag.py:3441} INFO - Setting next_dagrun for dataset_consumes_1_and_2 to None, run_after=None
[2025-04-29T04:50:21.231+0000] {logging_mixin.py:137} INFO - [2025-04-29T04:50:21.231+0000] {dag.py:3441} INFO - Setting next_dagrun for dataset_consumes_1_never_scheduled to None, run_after=None
[2025-04-29T04:50:21.232+0000] {logging_mixin.py:137} INFO - [2025-04-29T04:50:21.232+0000] {dag.py:3441} INFO - Setting next_dagrun for dataset_consumes_unknown_never_scheduled to None, run_after=None
[2025-04-29T04:50:21.233+0000] {logging_mixin.py:137} INFO - [2025-04-29T04:50:21.233+0000] {dag.py:3441} INFO - Setting next_dagrun for dataset_produces_1 to 2025-04-28T00:00:00+00:00, run_after=2025-04-29T00:00:00+00:00
[2025-04-29T04:50:21.235+0000] {logging_mixin.py:137} INFO - [2025-04-29T04:50:21.235+0000] {dag.py:3441} INFO - Setting next_dagrun for dataset_produces_2 to None, run_after=None
[2025-04-29T04:50:21.251+0000] {processor.py:175} INFO - Processing /home/airflow/.local/lib/python3.7/site-packages/airflow/example_dags/example_datasets.py took 0.077 seconds
[2025-04-29T04:50:51.740+0000] {processor.py:153} INFO - Started process (PID=2288) to work on /home/airflow/.local/lib/python3.7/site-packages/airflow/example_dags/example_datasets.py
[2025-04-29T04:50:51.742+0000] {processor.py:743} INFO - Processing file /home/airflow/.local/lib/python3.7/site-packages/airflow/example_dags/example_datasets.py for tasks to queue
[2025-04-29T04:50:51.746+0000] {logging_mixin.py:137} INFO - [2025-04-29T04:50:51.745+0000] {dagbag.py:538} INFO - Filling up the DagBag from /home/airflow/.local/lib/python3.7/site-packages/airflow/example_dags/example_datasets.py
[2025-04-29T04:50:51.777+0000] {processor.py:753} INFO - DAG(s) dict_keys(['dataset_produces_2', 'dataset_consumes_unknown_never_scheduled', 'dataset_consumes_1_never_scheduled', 'dataset_produces_1', 'dataset_consumes_1_and_2', 'dataset_consumes_1']) retrieved from /home/airflow/.local/lib/python3.7/site-packages/airflow/example_dags/example_datasets.py
[2025-04-29T04:50:51.797+0000] {logging_mixin.py:137} INFO - [2025-04-29T04:50:51.797+0000] {dag.py:2690} INFO - Sync 6 DAGs
[2025-04-29T04:50:51.808+0000] {logging_mixin.py:137} INFO - [2025-04-29T04:50:51.808+0000] {dag.py:3441} INFO - Setting next_dagrun for dataset_consumes_1 to None, run_after=None
[2025-04-29T04:50:51.809+0000] {logging_mixin.py:137} INFO - [2025-04-29T04:50:51.809+0000] {dag.py:3441} INFO - Setting next_dagrun for dataset_consumes_1_and_2 to None, run_after=None
[2025-04-29T04:50:51.810+0000] {logging_mixin.py:137} INFO - [2025-04-29T04:50:51.810+0000] {dag.py:3441} INFO - Setting next_dagrun for dataset_consumes_1_never_scheduled to None, run_after=None
[2025-04-29T04:50:51.811+0000] {logging_mixin.py:137} INFO - [2025-04-29T04:50:51.811+0000] {dag.py:3441} INFO - Setting next_dagrun for dataset_consumes_unknown_never_scheduled to None, run_after=None
[2025-04-29T04:50:51.812+0000] {logging_mixin.py:137} INFO - [2025-04-29T04:50:51.812+0000] {dag.py:3441} INFO - Setting next_dagrun for dataset_produces_1 to 2025-04-28T00:00:00+00:00, run_after=2025-04-29T00:00:00+00:00
[2025-04-29T04:50:51.814+0000] {logging_mixin.py:137} INFO - [2025-04-29T04:50:51.814+0000] {dag.py:3441} INFO - Setting next_dagrun for dataset_produces_2 to None, run_after=None
[2025-04-29T04:50:51.829+0000] {processor.py:175} INFO - Processing /home/airflow/.local/lib/python3.7/site-packages/airflow/example_dags/example_datasets.py took 0.090 seconds
[2025-04-29T04:51:22.376+0000] {processor.py:153} INFO - Started process (PID=2381) to work on /home/airflow/.local/lib/python3.7/site-packages/airflow/example_dags/example_datasets.py
[2025-04-29T04:51:22.377+0000] {processor.py:743} INFO - Processing file /home/airflow/.local/lib/python3.7/site-packages/airflow/example_dags/example_datasets.py for tasks to queue
[2025-04-29T04:51:22.378+0000] {logging_mixin.py:137} INFO - [2025-04-29T04:51:22.377+0000] {dagbag.py:538} INFO - Filling up the DagBag from /home/airflow/.local/lib/python3.7/site-packages/airflow/example_dags/example_datasets.py
[2025-04-29T04:51:22.392+0000] {processor.py:753} INFO - DAG(s) dict_keys(['dataset_produces_2', 'dataset_consumes_unknown_never_scheduled', 'dataset_produces_1', 'dataset_consumes_1', 'dataset_consumes_1_and_2', 'dataset_consumes_1_never_scheduled']) retrieved from /home/airflow/.local/lib/python3.7/site-packages/airflow/example_dags/example_datasets.py
[2025-04-29T04:51:22.418+0000] {logging_mixin.py:137} INFO - [2025-04-29T04:51:22.418+0000] {dag.py:2690} INFO - Sync 6 DAGs
[2025-04-29T04:51:22.433+0000] {logging_mixin.py:137} INFO - [2025-04-29T04:51:22.433+0000] {dag.py:3441} INFO - Setting next_dagrun for dataset_consumes_1 to None, run_after=None
[2025-04-29T04:51:22.439+0000] {logging_mixin.py:137} INFO - [2025-04-29T04:51:22.439+0000] {dag.py:3441} INFO - Setting next_dagrun for dataset_consumes_1_and_2 to None, run_after=None
[2025-04-29T04:51:22.444+0000] {logging_mixin.py:137} INFO - [2025-04-29T04:51:22.443+0000] {dag.py:3441} INFO - Setting next_dagrun for dataset_consumes_1_never_scheduled to None, run_after=None
[2025-04-29T04:51:22.444+0000] {logging_mixin.py:137} INFO - [2025-04-29T04:51:22.444+0000] {dag.py:3441} INFO - Setting next_dagrun for dataset_consumes_unknown_never_scheduled to None, run_after=None
[2025-04-29T04:51:22.446+0000] {logging_mixin.py:137} INFO - [2025-04-29T04:51:22.446+0000] {dag.py:3441} INFO - Setting next_dagrun for dataset_produces_1 to 2025-04-28T00:00:00+00:00, run_after=2025-04-29T00:00:00+00:00
[2025-04-29T04:51:22.447+0000] {logging_mixin.py:137} INFO - [2025-04-29T04:51:22.447+0000] {dag.py:3441} INFO - Setting next_dagrun for dataset_produces_2 to None, run_after=None
[2025-04-29T04:51:22.471+0000] {processor.py:175} INFO - Processing /home/airflow/.local/lib/python3.7/site-packages/airflow/example_dags/example_datasets.py took 0.099 seconds
[2025-04-29T04:51:52.835+0000] {processor.py:153} INFO - Started process (PID=2473) to work on /home/airflow/.local/lib/python3.7/site-packages/airflow/example_dags/example_datasets.py
[2025-04-29T04:51:52.835+0000] {processor.py:743} INFO - Processing file /home/airflow/.local/lib/python3.7/site-packages/airflow/example_dags/example_datasets.py for tasks to queue
[2025-04-29T04:51:52.837+0000] {logging_mixin.py:137} INFO - [2025-04-29T04:51:52.837+0000] {dagbag.py:538} INFO - Filling up the DagBag from /home/airflow/.local/lib/python3.7/site-packages/airflow/example_dags/example_datasets.py
[2025-04-29T04:51:52.845+0000] {processor.py:753} INFO - DAG(s) dict_keys(['dataset_consumes_1_and_2', 'dataset_produces_1', 'dataset_consumes_unknown_never_scheduled', 'dataset_produces_2', 'dataset_consumes_1', 'dataset_consumes_1_never_scheduled']) retrieved from /home/airflow/.local/lib/python3.7/site-packages/airflow/example_dags/example_datasets.py
[2025-04-29T04:51:52.865+0000] {logging_mixin.py:137} INFO - [2025-04-29T04:51:52.865+0000] {dag.py:2690} INFO - Sync 6 DAGs
[2025-04-29T04:51:52.876+0000] {logging_mixin.py:137} INFO - [2025-04-29T04:51:52.876+0000] {dag.py:3441} INFO - Setting next_dagrun for dataset_consumes_1 to None, run_after=None
[2025-04-29T04:51:52.879+0000] {logging_mixin.py:137} INFO - [2025-04-29T04:51:52.878+0000] {dag.py:3441} INFO - Setting next_dagrun for dataset_consumes_1_and_2 to None, run_after=None
[2025-04-29T04:51:52.879+0000] {logging_mixin.py:137} INFO - [2025-04-29T04:51:52.879+0000] {dag.py:3441} INFO - Setting next_dagrun for dataset_consumes_1_never_scheduled to None, run_after=None
[2025-04-29T04:51:52.880+0000] {logging_mixin.py:137} INFO - [2025-04-29T04:51:52.880+0000] {dag.py:3441} INFO - Setting next_dagrun for dataset_consumes_unknown_never_scheduled to None, run_after=None
[2025-04-29T04:51:52.881+0000] {logging_mixin.py:137} INFO - [2025-04-29T04:51:52.881+0000] {dag.py:3441} INFO - Setting next_dagrun for dataset_produces_1 to 2025-04-28T00:00:00+00:00, run_after=2025-04-29T00:00:00+00:00
[2025-04-29T04:51:52.884+0000] {logging_mixin.py:137} INFO - [2025-04-29T04:51:52.884+0000] {dag.py:3441} INFO - Setting next_dagrun for dataset_produces_2 to None, run_after=None
[2025-04-29T04:51:52.895+0000] {processor.py:175} INFO - Processing /home/airflow/.local/lib/python3.7/site-packages/airflow/example_dags/example_datasets.py took 0.062 seconds
[2025-04-29T04:52:23.440+0000] {processor.py:153} INFO - Started process (PID=2565) to work on /home/airflow/.local/lib/python3.7/site-packages/airflow/example_dags/example_datasets.py
[2025-04-29T04:52:23.441+0000] {processor.py:743} INFO - Processing file /home/airflow/.local/lib/python3.7/site-packages/airflow/example_dags/example_datasets.py for tasks to queue
[2025-04-29T04:52:23.442+0000] {logging_mixin.py:137} INFO - [2025-04-29T04:52:23.442+0000] {dagbag.py:538} INFO - Filling up the DagBag from /home/airflow/.local/lib/python3.7/site-packages/airflow/example_dags/example_datasets.py
[2025-04-29T04:52:23.455+0000] {processor.py:753} INFO - DAG(s) dict_keys(['dataset_consumes_unknown_never_scheduled', 'dataset_consumes_1_never_scheduled', 'dataset_consumes_1', 'dataset_consumes_1_and_2', 'dataset_produces_2', 'dataset_produces_1']) retrieved from /home/airflow/.local/lib/python3.7/site-packages/airflow/example_dags/example_datasets.py
[2025-04-29T04:52:23.477+0000] {logging_mixin.py:137} INFO - [2025-04-29T04:52:23.477+0000] {dag.py:2690} INFO - Sync 6 DAGs
[2025-04-29T04:52:23.489+0000] {logging_mixin.py:137} INFO - [2025-04-29T04:52:23.489+0000] {dag.py:3441} INFO - Setting next_dagrun for dataset_consumes_1 to None, run_after=None
[2025-04-29T04:52:23.491+0000] {logging_mixin.py:137} INFO - [2025-04-29T04:52:23.491+0000] {dag.py:3441} INFO - Setting next_dagrun for dataset_consumes_1_and_2 to None, run_after=None
[2025-04-29T04:52:23.491+0000] {logging_mixin.py:137} INFO - [2025-04-29T04:52:23.491+0000] {dag.py:3441} INFO - Setting next_dagrun for dataset_consumes_1_never_scheduled to None, run_after=None
[2025-04-29T04:52:23.492+0000] {logging_mixin.py:137} INFO - [2025-04-29T04:52:23.492+0000] {dag.py:3441} INFO - Setting next_dagrun for dataset_consumes_unknown_never_scheduled to None, run_after=None
[2025-04-29T04:52:23.493+0000] {logging_mixin.py:137} INFO - [2025-04-29T04:52:23.493+0000] {dag.py:3441} INFO - Setting next_dagrun for dataset_produces_1 to 2025-04-28T00:00:00+00:00, run_after=2025-04-29T00:00:00+00:00
[2025-04-29T04:52:23.493+0000] {logging_mixin.py:137} INFO - [2025-04-29T04:52:23.493+0000] {dag.py:3441} INFO - Setting next_dagrun for dataset_produces_2 to None, run_after=None
[2025-04-29T04:52:23.509+0000] {processor.py:175} INFO - Processing /home/airflow/.local/lib/python3.7/site-packages/airflow/example_dags/example_datasets.py took 0.073 seconds
[2025-04-29T04:52:54.068+0000] {processor.py:153} INFO - Started process (PID=2650) to work on /home/airflow/.local/lib/python3.7/site-packages/airflow/example_dags/example_datasets.py
[2025-04-29T04:52:54.068+0000] {processor.py:743} INFO - Processing file /home/airflow/.local/lib/python3.7/site-packages/airflow/example_dags/example_datasets.py for tasks to queue
[2025-04-29T04:52:54.069+0000] {logging_mixin.py:137} INFO - [2025-04-29T04:52:54.069+0000] {dagbag.py:538} INFO - Filling up the DagBag from /home/airflow/.local/lib/python3.7/site-packages/airflow/example_dags/example_datasets.py
[2025-04-29T04:52:54.080+0000] {processor.py:753} INFO - DAG(s) dict_keys(['dataset_produces_2', 'dataset_consumes_1_never_scheduled', 'dataset_consumes_1_and_2', 'dataset_produces_1', 'dataset_consumes_unknown_never_scheduled', 'dataset_consumes_1']) retrieved from /home/airflow/.local/lib/python3.7/site-packages/airflow/example_dags/example_datasets.py
[2025-04-29T04:52:54.101+0000] {logging_mixin.py:137} INFO - [2025-04-29T04:52:54.101+0000] {dag.py:2690} INFO - Sync 6 DAGs
[2025-04-29T04:52:54.114+0000] {logging_mixin.py:137} INFO - [2025-04-29T04:52:54.114+0000] {dag.py:3441} INFO - Setting next_dagrun for dataset_consumes_1 to None, run_after=None
[2025-04-29T04:52:54.116+0000] {logging_mixin.py:137} INFO - [2025-04-29T04:52:54.116+0000] {dag.py:3441} INFO - Setting next_dagrun for dataset_consumes_1_and_2 to None, run_after=None
[2025-04-29T04:52:54.117+0000] {logging_mixin.py:137} INFO - [2025-04-29T04:52:54.117+0000] {dag.py:3441} INFO - Setting next_dagrun for dataset_consumes_1_never_scheduled to None, run_after=None
[2025-04-29T04:52:54.117+0000] {logging_mixin.py:137} INFO - [2025-04-29T04:52:54.117+0000] {dag.py:3441} INFO - Setting next_dagrun for dataset_consumes_unknown_never_scheduled to None, run_after=None
[2025-04-29T04:52:54.118+0000] {logging_mixin.py:137} INFO - [2025-04-29T04:52:54.118+0000] {dag.py:3441} INFO - Setting next_dagrun for dataset_produces_1 to 2025-04-28T00:00:00+00:00, run_after=2025-04-29T00:00:00+00:00
[2025-04-29T04:52:54.119+0000] {logging_mixin.py:137} INFO - [2025-04-29T04:52:54.119+0000] {dag.py:3441} INFO - Setting next_dagrun for dataset_produces_2 to None, run_after=None
[2025-04-29T04:52:54.135+0000] {processor.py:175} INFO - Processing /home/airflow/.local/lib/python3.7/site-packages/airflow/example_dags/example_datasets.py took 0.068 seconds
[2025-04-29T04:53:24.660+0000] {processor.py:153} INFO - Started process (PID=2733) to work on /home/airflow/.local/lib/python3.7/site-packages/airflow/example_dags/example_datasets.py
[2025-04-29T04:53:24.660+0000] {processor.py:743} INFO - Processing file /home/airflow/.local/lib/python3.7/site-packages/airflow/example_dags/example_datasets.py for tasks to queue
[2025-04-29T04:53:24.661+0000] {logging_mixin.py:137} INFO - [2025-04-29T04:53:24.661+0000] {dagbag.py:538} INFO - Filling up the DagBag from /home/airflow/.local/lib/python3.7/site-packages/airflow/example_dags/example_datasets.py
[2025-04-29T04:53:24.668+0000] {processor.py:753} INFO - DAG(s) dict_keys(['dataset_produces_1', 'dataset_consumes_1', 'dataset_produces_2', 'dataset_consumes_1_never_scheduled', 'dataset_consumes_unknown_never_scheduled', 'dataset_consumes_1_and_2']) retrieved from /home/airflow/.local/lib/python3.7/site-packages/airflow/example_dags/example_datasets.py
[2025-04-29T04:53:24.685+0000] {logging_mixin.py:137} INFO - [2025-04-29T04:53:24.685+0000] {dag.py:2690} INFO - Sync 6 DAGs
[2025-04-29T04:53:24.697+0000] {logging_mixin.py:137} INFO - [2025-04-29T04:53:24.697+0000] {dag.py:3441} INFO - Setting next_dagrun for dataset_consumes_1 to None, run_after=None
[2025-04-29T04:53:24.699+0000] {logging_mixin.py:137} INFO - [2025-04-29T04:53:24.699+0000] {dag.py:3441} INFO - Setting next_dagrun for dataset_consumes_1_and_2 to None, run_after=None
[2025-04-29T04:53:24.700+0000] {logging_mixin.py:137} INFO - [2025-04-29T04:53:24.700+0000] {dag.py:3441} INFO - Setting next_dagrun for dataset_consumes_1_never_scheduled to None, run_after=None
[2025-04-29T04:53:24.700+0000] {logging_mixin.py:137} INFO - [2025-04-29T04:53:24.700+0000] {dag.py:3441} INFO - Setting next_dagrun for dataset_consumes_unknown_never_scheduled to None, run_after=None
[2025-04-29T04:53:24.701+0000] {logging_mixin.py:137} INFO - [2025-04-29T04:53:24.701+0000] {dag.py:3441} INFO - Setting next_dagrun for dataset_produces_1 to 2025-04-28T00:00:00+00:00, run_after=2025-04-29T00:00:00+00:00
[2025-04-29T04:53:24.702+0000] {logging_mixin.py:137} INFO - [2025-04-29T04:53:24.702+0000] {dag.py:3441} INFO - Setting next_dagrun for dataset_produces_2 to None, run_after=None
[2025-04-29T04:53:24.714+0000] {processor.py:175} INFO - Processing /home/airflow/.local/lib/python3.7/site-packages/airflow/example_dags/example_datasets.py took 0.056 seconds
[2025-04-29T04:53:55.241+0000] {processor.py:153} INFO - Started process (PID=2825) to work on /home/airflow/.local/lib/python3.7/site-packages/airflow/example_dags/example_datasets.py
[2025-04-29T04:53:55.242+0000] {processor.py:743} INFO - Processing file /home/airflow/.local/lib/python3.7/site-packages/airflow/example_dags/example_datasets.py for tasks to queue
[2025-04-29T04:53:55.243+0000] {logging_mixin.py:137} INFO - [2025-04-29T04:53:55.242+0000] {dagbag.py:538} INFO - Filling up the DagBag from /home/airflow/.local/lib/python3.7/site-packages/airflow/example_dags/example_datasets.py
[2025-04-29T04:53:55.255+0000] {processor.py:753} INFO - DAG(s) dict_keys(['dataset_produces_1', 'dataset_consumes_1_and_2', 'dataset_produces_2', 'dataset_consumes_1', 'dataset_consumes_1_never_scheduled', 'dataset_consumes_unknown_never_scheduled']) retrieved from /home/airflow/.local/lib/python3.7/site-packages/airflow/example_dags/example_datasets.py
[2025-04-29T04:53:55.277+0000] {logging_mixin.py:137} INFO - [2025-04-29T04:53:55.277+0000] {dag.py:2690} INFO - Sync 6 DAGs
[2025-04-29T04:53:55.292+0000] {logging_mixin.py:137} INFO - [2025-04-29T04:53:55.292+0000] {dag.py:3441} INFO - Setting next_dagrun for dataset_consumes_1 to None, run_after=None
[2025-04-29T04:53:55.294+0000] {logging_mixin.py:137} INFO - [2025-04-29T04:53:55.294+0000] {dag.py:3441} INFO - Setting next_dagrun for dataset_consumes_1_and_2 to None, run_after=None
[2025-04-29T04:53:55.295+0000] {logging_mixin.py:137} INFO - [2025-04-29T04:53:55.295+0000] {dag.py:3441} INFO - Setting next_dagrun for dataset_consumes_1_never_scheduled to None, run_after=None
[2025-04-29T04:53:55.296+0000] {logging_mixin.py:137} INFO - [2025-04-29T04:53:55.296+0000] {dag.py:3441} INFO - Setting next_dagrun for dataset_consumes_unknown_never_scheduled to None, run_after=None
[2025-04-29T04:53:55.298+0000] {logging_mixin.py:137} INFO - [2025-04-29T04:53:55.298+0000] {dag.py:3441} INFO - Setting next_dagrun for dataset_produces_1 to 2025-04-28T00:00:00+00:00, run_after=2025-04-29T00:00:00+00:00
[2025-04-29T04:53:55.299+0000] {logging_mixin.py:137} INFO - [2025-04-29T04:53:55.299+0000] {dag.py:3441} INFO - Setting next_dagrun for dataset_produces_2 to None, run_after=None
[2025-04-29T04:53:55.313+0000] {processor.py:175} INFO - Processing /home/airflow/.local/lib/python3.7/site-packages/airflow/example_dags/example_datasets.py took 0.076 seconds
[2025-04-29T04:54:25.777+0000] {processor.py:153} INFO - Started process (PID=2917) to work on /home/airflow/.local/lib/python3.7/site-packages/airflow/example_dags/example_datasets.py
[2025-04-29T04:54:25.778+0000] {processor.py:743} INFO - Processing file /home/airflow/.local/lib/python3.7/site-packages/airflow/example_dags/example_datasets.py for tasks to queue
[2025-04-29T04:54:25.778+0000] {logging_mixin.py:137} INFO - [2025-04-29T04:54:25.778+0000] {dagbag.py:538} INFO - Filling up the DagBag from /home/airflow/.local/lib/python3.7/site-packages/airflow/example_dags/example_datasets.py
[2025-04-29T04:54:25.789+0000] {processor.py:753} INFO - DAG(s) dict_keys(['dataset_produces_2', 'dataset_produces_1', 'dataset_consumes_unknown_never_scheduled', 'dataset_consumes_1_never_scheduled', 'dataset_consumes_1', 'dataset_consumes_1_and_2']) retrieved from /home/airflow/.local/lib/python3.7/site-packages/airflow/example_dags/example_datasets.py
[2025-04-29T04:54:25.810+0000] {logging_mixin.py:137} INFO - [2025-04-29T04:54:25.810+0000] {dag.py:2690} INFO - Sync 6 DAGs
[2025-04-29T04:54:25.825+0000] {logging_mixin.py:137} INFO - [2025-04-29T04:54:25.825+0000] {dag.py:3441} INFO - Setting next_dagrun for dataset_consumes_1 to None, run_after=None
[2025-04-29T04:54:25.827+0000] {logging_mixin.py:137} INFO - [2025-04-29T04:54:25.827+0000] {dag.py:3441} INFO - Setting next_dagrun for dataset_consumes_1_and_2 to None, run_after=None
[2025-04-29T04:54:25.827+0000] {logging_mixin.py:137} INFO - [2025-04-29T04:54:25.827+0000] {dag.py:3441} INFO - Setting next_dagrun for dataset_consumes_1_never_scheduled to None, run_after=None
[2025-04-29T04:54:25.828+0000] {logging_mixin.py:137} INFO - [2025-04-29T04:54:25.828+0000] {dag.py:3441} INFO - Setting next_dagrun for dataset_consumes_unknown_never_scheduled to None, run_after=None
[2025-04-29T04:54:25.830+0000] {logging_mixin.py:137} INFO - [2025-04-29T04:54:25.830+0000] {dag.py:3441} INFO - Setting next_dagrun for dataset_produces_1 to 2025-04-28T00:00:00+00:00, run_after=2025-04-29T00:00:00+00:00
[2025-04-29T04:54:25.831+0000] {logging_mixin.py:137} INFO - [2025-04-29T04:54:25.831+0000] {dag.py:3441} INFO - Setting next_dagrun for dataset_produces_2 to None, run_after=None
[2025-04-29T04:54:25.847+0000] {processor.py:175} INFO - Processing /home/airflow/.local/lib/python3.7/site-packages/airflow/example_dags/example_datasets.py took 0.073 seconds
[2025-04-29T04:54:56.311+0000] {processor.py:153} INFO - Started process (PID=3008) to work on /home/airflow/.local/lib/python3.7/site-packages/airflow/example_dags/example_datasets.py
[2025-04-29T04:54:56.312+0000] {processor.py:743} INFO - Processing file /home/airflow/.local/lib/python3.7/site-packages/airflow/example_dags/example_datasets.py for tasks to queue
[2025-04-29T04:54:56.312+0000] {logging_mixin.py:137} INFO - [2025-04-29T04:54:56.312+0000] {dagbag.py:538} INFO - Filling up the DagBag from /home/airflow/.local/lib/python3.7/site-packages/airflow/example_dags/example_datasets.py
[2025-04-29T04:54:56.326+0000] {processor.py:753} INFO - DAG(s) dict_keys(['dataset_consumes_unknown_never_scheduled', 'dataset_produces_1', 'dataset_produces_2', 'dataset_consumes_1_never_scheduled', 'dataset_consumes_1', 'dataset_consumes_1_and_2']) retrieved from /home/airflow/.local/lib/python3.7/site-packages/airflow/example_dags/example_datasets.py
[2025-04-29T04:54:56.346+0000] {logging_mixin.py:137} INFO - [2025-04-29T04:54:56.346+0000] {dag.py:2690} INFO - Sync 6 DAGs
[2025-04-29T04:54:56.358+0000] {logging_mixin.py:137} INFO - [2025-04-29T04:54:56.358+0000] {dag.py:3441} INFO - Setting next_dagrun for dataset_consumes_1 to None, run_after=None
[2025-04-29T04:54:56.360+0000] {logging_mixin.py:137} INFO - [2025-04-29T04:54:56.360+0000] {dag.py:3441} INFO - Setting next_dagrun for dataset_consumes_1_and_2 to None, run_after=None
[2025-04-29T04:54:56.361+0000] {logging_mixin.py:137} INFO - [2025-04-29T04:54:56.361+0000] {dag.py:3441} INFO - Setting next_dagrun for dataset_consumes_1_never_scheduled to None, run_after=None
[2025-04-29T04:54:56.362+0000] {logging_mixin.py:137} INFO - [2025-04-29T04:54:56.362+0000] {dag.py:3441} INFO - Setting next_dagrun for dataset_consumes_unknown_never_scheduled to None, run_after=None
[2025-04-29T04:54:56.364+0000] {logging_mixin.py:137} INFO - [2025-04-29T04:54:56.364+0000] {dag.py:3441} INFO - Setting next_dagrun for dataset_produces_1 to 2025-04-28T00:00:00+00:00, run_after=2025-04-29T00:00:00+00:00
[2025-04-29T04:54:56.365+0000] {logging_mixin.py:137} INFO - [2025-04-29T04:54:56.365+0000] {dag.py:3441} INFO - Setting next_dagrun for dataset_produces_2 to None, run_after=None
[2025-04-29T04:54:56.379+0000] {processor.py:175} INFO - Processing /home/airflow/.local/lib/python3.7/site-packages/airflow/example_dags/example_datasets.py took 0.073 seconds
[2025-04-29T04:55:26.837+0000] {processor.py:153} INFO - Started process (PID=3084) to work on /home/airflow/.local/lib/python3.7/site-packages/airflow/example_dags/example_datasets.py
[2025-04-29T04:55:26.838+0000] {processor.py:743} INFO - Processing file /home/airflow/.local/lib/python3.7/site-packages/airflow/example_dags/example_datasets.py for tasks to queue
[2025-04-29T04:55:26.838+0000] {logging_mixin.py:137} INFO - [2025-04-29T04:55:26.838+0000] {dagbag.py:538} INFO - Filling up the DagBag from /home/airflow/.local/lib/python3.7/site-packages/airflow/example_dags/example_datasets.py
[2025-04-29T04:55:26.848+0000] {processor.py:753} INFO - DAG(s) dict_keys(['dataset_consumes_1', 'dataset_produces_2', 'dataset_produces_1', 'dataset_consumes_unknown_never_scheduled', 'dataset_consumes_1_never_scheduled', 'dataset_consumes_1_and_2']) retrieved from /home/airflow/.local/lib/python3.7/site-packages/airflow/example_dags/example_datasets.py
[2025-04-29T04:55:26.879+0000] {logging_mixin.py:137} INFO - [2025-04-29T04:55:26.879+0000] {dag.py:2690} INFO - Sync 6 DAGs
[2025-04-29T04:55:26.894+0000] {logging_mixin.py:137} INFO - [2025-04-29T04:55:26.893+0000] {dag.py:3441} INFO - Setting next_dagrun for dataset_consumes_1 to None, run_after=None
[2025-04-29T04:55:26.895+0000] {logging_mixin.py:137} INFO - [2025-04-29T04:55:26.895+0000] {dag.py:3441} INFO - Setting next_dagrun for dataset_consumes_1_and_2 to None, run_after=None
[2025-04-29T04:55:26.896+0000] {logging_mixin.py:137} INFO - [2025-04-29T04:55:26.896+0000] {dag.py:3441} INFO - Setting next_dagrun for dataset_consumes_1_never_scheduled to None, run_after=None
[2025-04-29T04:55:26.897+0000] {logging_mixin.py:137} INFO - [2025-04-29T04:55:26.897+0000] {dag.py:3441} INFO - Setting next_dagrun for dataset_consumes_unknown_never_scheduled to None, run_after=None
[2025-04-29T04:55:26.898+0000] {logging_mixin.py:137} INFO - [2025-04-29T04:55:26.898+0000] {dag.py:3441} INFO - Setting next_dagrun for dataset_produces_1 to 2025-04-28T00:00:00+00:00, run_after=2025-04-29T00:00:00+00:00
[2025-04-29T04:55:26.899+0000] {logging_mixin.py:137} INFO - [2025-04-29T04:55:26.899+0000] {dag.py:3441} INFO - Setting next_dagrun for dataset_produces_2 to None, run_after=None
[2025-04-29T04:55:26.915+0000] {processor.py:175} INFO - Processing /home/airflow/.local/lib/python3.7/site-packages/airflow/example_dags/example_datasets.py took 0.082 seconds
[2025-04-29T04:55:57.513+0000] {processor.py:153} INFO - Started process (PID=3176) to work on /home/airflow/.local/lib/python3.7/site-packages/airflow/example_dags/example_datasets.py
[2025-04-29T04:55:57.514+0000] {processor.py:743} INFO - Processing file /home/airflow/.local/lib/python3.7/site-packages/airflow/example_dags/example_datasets.py for tasks to queue
[2025-04-29T04:55:57.515+0000] {logging_mixin.py:137} INFO - [2025-04-29T04:55:57.515+0000] {dagbag.py:538} INFO - Filling up the DagBag from /home/airflow/.local/lib/python3.7/site-packages/airflow/example_dags/example_datasets.py
[2025-04-29T04:55:57.525+0000] {processor.py:753} INFO - DAG(s) dict_keys(['dataset_consumes_1_and_2', 'dataset_consumes_1', 'dataset_consumes_1_never_scheduled', 'dataset_consumes_unknown_never_scheduled', 'dataset_produces_1', 'dataset_produces_2']) retrieved from /home/airflow/.local/lib/python3.7/site-packages/airflow/example_dags/example_datasets.py
[2025-04-29T04:55:57.550+0000] {logging_mixin.py:137} INFO - [2025-04-29T04:55:57.550+0000] {dag.py:2690} INFO - Sync 6 DAGs
[2025-04-29T04:55:57.562+0000] {logging_mixin.py:137} INFO - [2025-04-29T04:55:57.562+0000] {dag.py:3441} INFO - Setting next_dagrun for dataset_consumes_1 to None, run_after=None
[2025-04-29T04:55:57.564+0000] {logging_mixin.py:137} INFO - [2025-04-29T04:55:57.564+0000] {dag.py:3441} INFO - Setting next_dagrun for dataset_consumes_1_and_2 to None, run_after=None
[2025-04-29T04:55:57.565+0000] {logging_mixin.py:137} INFO - [2025-04-29T04:55:57.565+0000] {dag.py:3441} INFO - Setting next_dagrun for dataset_consumes_1_never_scheduled to None, run_after=None
[2025-04-29T04:55:57.565+0000] {logging_mixin.py:137} INFO - [2025-04-29T04:55:57.565+0000] {dag.py:3441} INFO - Setting next_dagrun for dataset_consumes_unknown_never_scheduled to None, run_after=None
[2025-04-29T04:55:57.567+0000] {logging_mixin.py:137} INFO - [2025-04-29T04:55:57.567+0000] {dag.py:3441} INFO - Setting next_dagrun for dataset_produces_1 to 2025-04-28T00:00:00+00:00, run_after=2025-04-29T00:00:00+00:00
[2025-04-29T04:55:57.568+0000] {logging_mixin.py:137} INFO - [2025-04-29T04:55:57.568+0000] {dag.py:3441} INFO - Setting next_dagrun for dataset_produces_2 to None, run_after=None
[2025-04-29T04:55:57.583+0000] {processor.py:175} INFO - Processing /home/airflow/.local/lib/python3.7/site-packages/airflow/example_dags/example_datasets.py took 0.073 seconds
[2025-04-29T04:56:28.082+0000] {processor.py:153} INFO - Started process (PID=3268) to work on /home/airflow/.local/lib/python3.7/site-packages/airflow/example_dags/example_datasets.py
[2025-04-29T04:56:28.083+0000] {processor.py:743} INFO - Processing file /home/airflow/.local/lib/python3.7/site-packages/airflow/example_dags/example_datasets.py for tasks to queue
[2025-04-29T04:56:28.084+0000] {logging_mixin.py:137} INFO - [2025-04-29T04:56:28.084+0000] {dagbag.py:538} INFO - Filling up the DagBag from /home/airflow/.local/lib/python3.7/site-packages/airflow/example_dags/example_datasets.py
[2025-04-29T04:56:28.098+0000] {processor.py:753} INFO - DAG(s) dict_keys(['dataset_consumes_1_never_scheduled', 'dataset_consumes_1', 'dataset_consumes_unknown_never_scheduled', 'dataset_produces_2', 'dataset_produces_1', 'dataset_consumes_1_and_2']) retrieved from /home/airflow/.local/lib/python3.7/site-packages/airflow/example_dags/example_datasets.py
[2025-04-29T04:56:28.121+0000] {logging_mixin.py:137} INFO - [2025-04-29T04:56:28.121+0000] {dag.py:2690} INFO - Sync 6 DAGs
[2025-04-29T04:56:28.136+0000] {logging_mixin.py:137} INFO - [2025-04-29T04:56:28.136+0000] {dag.py:3441} INFO - Setting next_dagrun for dataset_consumes_1 to None, run_after=None
[2025-04-29T04:56:28.138+0000] {logging_mixin.py:137} INFO - [2025-04-29T04:56:28.138+0000] {dag.py:3441} INFO - Setting next_dagrun for dataset_consumes_1_and_2 to None, run_after=None
[2025-04-29T04:56:28.138+0000] {logging_mixin.py:137} INFO - [2025-04-29T04:56:28.138+0000] {dag.py:3441} INFO - Setting next_dagrun for dataset_consumes_1_never_scheduled to None, run_after=None
[2025-04-29T04:56:28.139+0000] {logging_mixin.py:137} INFO - [2025-04-29T04:56:28.139+0000] {dag.py:3441} INFO - Setting next_dagrun for dataset_consumes_unknown_never_scheduled to None, run_after=None
[2025-04-29T04:56:28.140+0000] {logging_mixin.py:137} INFO - [2025-04-29T04:56:28.140+0000] {dag.py:3441} INFO - Setting next_dagrun for dataset_produces_1 to 2025-04-28T00:00:00+00:00, run_after=2025-04-29T00:00:00+00:00
[2025-04-29T04:56:28.140+0000] {logging_mixin.py:137} INFO - [2025-04-29T04:56:28.140+0000] {dag.py:3441} INFO - Setting next_dagrun for dataset_produces_2 to None, run_after=None
[2025-04-29T04:56:28.156+0000] {processor.py:175} INFO - Processing /home/airflow/.local/lib/python3.7/site-packages/airflow/example_dags/example_datasets.py took 0.078 seconds
