[2025-04-29T04:38:07.030+0000] {processor.py:153} INFO - Started process (PID=80) to work on /home/airflow/.local/lib/python3.7/site-packages/airflow/example_dags/example_task_group_decorator.py
[2025-04-29T04:38:07.033+0000] {processor.py:743} INFO - Processing file /home/airflow/.local/lib/python3.7/site-packages/airflow/example_dags/example_task_group_decorator.py for tasks to queue
[2025-04-29T04:38:07.034+0000] {logging_mixin.py:137} INFO - [2025-04-29T04:38:07.034+0000] {dagbag.py:538} INFO - Filling up the DagBag from /home/airflow/.local/lib/python3.7/site-packages/airflow/example_dags/example_task_group_decorator.py
[2025-04-29T04:38:07.062+0000] {processor.py:753} INFO - DAG(s) dict_keys(['example_task_group_decorator']) retrieved from /home/airflow/.local/lib/python3.7/site-packages/airflow/example_dags/example_task_group_decorator.py
[2025-04-29T04:38:07.092+0000] {logging_mixin.py:137} INFO - [2025-04-29T04:38:07.092+0000] {dag.py:2690} INFO - Sync 1 DAGs
[2025-04-29T04:38:07.133+0000] {logging_mixin.py:137} INFO - [2025-04-29T04:38:07.133+0000] {dag.py:3441} INFO - Setting next_dagrun for example_task_group_decorator to 2025-04-28T04:38:07.132754+00:00, run_after=2025-04-29T04:38:07.132754+00:00
[2025-04-29T04:38:07.173+0000] {processor.py:175} INFO - Processing /home/airflow/.local/lib/python3.7/site-packages/airflow/example_dags/example_task_group_decorator.py took 0.147 seconds
[2025-04-29T04:38:37.452+0000] {processor.py:153} INFO - Started process (PID=172) to work on /home/airflow/.local/lib/python3.7/site-packages/airflow/example_dags/example_task_group_decorator.py
[2025-04-29T04:38:37.452+0000] {processor.py:743} INFO - Processing file /home/airflow/.local/lib/python3.7/site-packages/airflow/example_dags/example_task_group_decorator.py for tasks to queue
[2025-04-29T04:38:37.453+0000] {logging_mixin.py:137} INFO - [2025-04-29T04:38:37.453+0000] {dagbag.py:538} INFO - Filling up the DagBag from /home/airflow/.local/lib/python3.7/site-packages/airflow/example_dags/example_task_group_decorator.py
[2025-04-29T04:38:37.466+0000] {processor.py:753} INFO - DAG(s) dict_keys(['example_task_group_decorator']) retrieved from /home/airflow/.local/lib/python3.7/site-packages/airflow/example_dags/example_task_group_decorator.py
[2025-04-29T04:38:37.482+0000] {logging_mixin.py:137} INFO - [2025-04-29T04:38:37.482+0000] {dag.py:2690} INFO - Sync 1 DAGs
[2025-04-29T04:38:37.493+0000] {logging_mixin.py:137} INFO - [2025-04-29T04:38:37.493+0000] {dag.py:3441} INFO - Setting next_dagrun for example_task_group_decorator to 2025-04-28T04:38:37.493108+00:00, run_after=2025-04-29T04:38:37.493108+00:00
[2025-04-29T04:38:37.503+0000] {processor.py:175} INFO - Processing /home/airflow/.local/lib/python3.7/site-packages/airflow/example_dags/example_task_group_decorator.py took 0.052 seconds
[2025-04-29T04:39:08.054+0000] {processor.py:153} INFO - Started process (PID=270) to work on /home/airflow/.local/lib/python3.7/site-packages/airflow/example_dags/example_task_group_decorator.py
[2025-04-29T04:39:08.054+0000] {processor.py:743} INFO - Processing file /home/airflow/.local/lib/python3.7/site-packages/airflow/example_dags/example_task_group_decorator.py for tasks to queue
[2025-04-29T04:39:08.055+0000] {logging_mixin.py:137} INFO - [2025-04-29T04:39:08.055+0000] {dagbag.py:538} INFO - Filling up the DagBag from /home/airflow/.local/lib/python3.7/site-packages/airflow/example_dags/example_task_group_decorator.py
[2025-04-29T04:39:08.067+0000] {processor.py:753} INFO - DAG(s) dict_keys(['example_task_group_decorator']) retrieved from /home/airflow/.local/lib/python3.7/site-packages/airflow/example_dags/example_task_group_decorator.py
[2025-04-29T04:39:08.081+0000] {logging_mixin.py:137} INFO - [2025-04-29T04:39:08.081+0000] {dag.py:2690} INFO - Sync 1 DAGs
[2025-04-29T04:39:08.093+0000] {logging_mixin.py:137} INFO - [2025-04-29T04:39:08.093+0000] {dag.py:3441} INFO - Setting next_dagrun for example_task_group_decorator to 2025-04-28T04:39:08.093433+00:00, run_after=2025-04-29T04:39:08.093433+00:00
[2025-04-29T04:39:08.106+0000] {processor.py:175} INFO - Processing /home/airflow/.local/lib/python3.7/site-packages/airflow/example_dags/example_task_group_decorator.py took 0.053 seconds
[2025-04-29T04:39:38.727+0000] {processor.py:153} INFO - Started process (PID=362) to work on /home/airflow/.local/lib/python3.7/site-packages/airflow/example_dags/example_task_group_decorator.py
[2025-04-29T04:39:38.728+0000] {processor.py:743} INFO - Processing file /home/airflow/.local/lib/python3.7/site-packages/airflow/example_dags/example_task_group_decorator.py for tasks to queue
[2025-04-29T04:39:38.728+0000] {logging_mixin.py:137} INFO - [2025-04-29T04:39:38.728+0000] {dagbag.py:538} INFO - Filling up the DagBag from /home/airflow/.local/lib/python3.7/site-packages/airflow/example_dags/example_task_group_decorator.py
[2025-04-29T04:39:38.738+0000] {processor.py:753} INFO - DAG(s) dict_keys(['example_task_group_decorator']) retrieved from /home/airflow/.local/lib/python3.7/site-packages/airflow/example_dags/example_task_group_decorator.py
[2025-04-29T04:39:38.749+0000] {logging_mixin.py:137} INFO - [2025-04-29T04:39:38.748+0000] {dag.py:2690} INFO - Sync 1 DAGs
[2025-04-29T04:39:38.758+0000] {logging_mixin.py:137} INFO - [2025-04-29T04:39:38.758+0000] {dag.py:3441} INFO - Setting next_dagrun for example_task_group_decorator to 2025-04-28T04:39:38.758218+00:00, run_after=2025-04-29T04:39:38.758218+00:00
[2025-04-29T04:39:38.764+0000] {processor.py:175} INFO - Processing /home/airflow/.local/lib/python3.7/site-packages/airflow/example_dags/example_task_group_decorator.py took 0.038 seconds
[2025-04-29T04:40:09.447+0000] {processor.py:153} INFO - Started process (PID=453) to work on /home/airflow/.local/lib/python3.7/site-packages/airflow/example_dags/example_task_group_decorator.py
[2025-04-29T04:40:09.448+0000] {processor.py:743} INFO - Processing file /home/airflow/.local/lib/python3.7/site-packages/airflow/example_dags/example_task_group_decorator.py for tasks to queue
[2025-04-29T04:40:09.448+0000] {logging_mixin.py:137} INFO - [2025-04-29T04:40:09.448+0000] {dagbag.py:538} INFO - Filling up the DagBag from /home/airflow/.local/lib/python3.7/site-packages/airflow/example_dags/example_task_group_decorator.py
[2025-04-29T04:40:09.465+0000] {processor.py:753} INFO - DAG(s) dict_keys(['example_task_group_decorator']) retrieved from /home/airflow/.local/lib/python3.7/site-packages/airflow/example_dags/example_task_group_decorator.py
[2025-04-29T04:40:09.475+0000] {logging_mixin.py:137} INFO - [2025-04-29T04:40:09.475+0000] {dag.py:2690} INFO - Sync 1 DAGs
[2025-04-29T04:40:09.485+0000] {logging_mixin.py:137} INFO - [2025-04-29T04:40:09.485+0000] {dag.py:3441} INFO - Setting next_dagrun for example_task_group_decorator to 2025-04-28T04:40:09.485718+00:00, run_after=2025-04-29T04:40:09.485718+00:00
[2025-04-29T04:40:09.497+0000] {processor.py:175} INFO - Processing /home/airflow/.local/lib/python3.7/site-packages/airflow/example_dags/example_task_group_decorator.py took 0.051 seconds
[2025-04-29T04:40:40.077+0000] {processor.py:153} INFO - Started process (PID=529) to work on /home/airflow/.local/lib/python3.7/site-packages/airflow/example_dags/example_task_group_decorator.py
[2025-04-29T04:40:40.079+0000] {processor.py:743} INFO - Processing file /home/airflow/.local/lib/python3.7/site-packages/airflow/example_dags/example_task_group_decorator.py for tasks to queue
[2025-04-29T04:40:40.079+0000] {logging_mixin.py:137} INFO - [2025-04-29T04:40:40.079+0000] {dagbag.py:538} INFO - Filling up the DagBag from /home/airflow/.local/lib/python3.7/site-packages/airflow/example_dags/example_task_group_decorator.py
[2025-04-29T04:40:40.093+0000] {processor.py:753} INFO - DAG(s) dict_keys(['example_task_group_decorator']) retrieved from /home/airflow/.local/lib/python3.7/site-packages/airflow/example_dags/example_task_group_decorator.py
[2025-04-29T04:40:40.108+0000] {logging_mixin.py:137} INFO - [2025-04-29T04:40:40.107+0000] {dag.py:2690} INFO - Sync 1 DAGs
[2025-04-29T04:40:40.118+0000] {logging_mixin.py:137} INFO - [2025-04-29T04:40:40.118+0000] {dag.py:3441} INFO - Setting next_dagrun for example_task_group_decorator to 2025-04-28T04:40:40.118711+00:00, run_after=2025-04-29T04:40:40.118711+00:00
[2025-04-29T04:40:40.129+0000] {processor.py:175} INFO - Processing /home/airflow/.local/lib/python3.7/site-packages/airflow/example_dags/example_task_group_decorator.py took 0.053 seconds
[2025-04-29T04:41:10.840+0000] {processor.py:153} INFO - Started process (PID=621) to work on /home/airflow/.local/lib/python3.7/site-packages/airflow/example_dags/example_task_group_decorator.py
[2025-04-29T04:41:10.842+0000] {processor.py:743} INFO - Processing file /home/airflow/.local/lib/python3.7/site-packages/airflow/example_dags/example_task_group_decorator.py for tasks to queue
[2025-04-29T04:41:10.842+0000] {logging_mixin.py:137} INFO - [2025-04-29T04:41:10.842+0000] {dagbag.py:538} INFO - Filling up the DagBag from /home/airflow/.local/lib/python3.7/site-packages/airflow/example_dags/example_task_group_decorator.py
[2025-04-29T04:41:10.858+0000] {processor.py:753} INFO - DAG(s) dict_keys(['example_task_group_decorator']) retrieved from /home/airflow/.local/lib/python3.7/site-packages/airflow/example_dags/example_task_group_decorator.py
[2025-04-29T04:41:10.872+0000] {logging_mixin.py:137} INFO - [2025-04-29T04:41:10.872+0000] {dag.py:2690} INFO - Sync 1 DAGs
[2025-04-29T04:41:10.892+0000] {logging_mixin.py:137} INFO - [2025-04-29T04:41:10.892+0000] {dag.py:3441} INFO - Setting next_dagrun for example_task_group_decorator to 2025-04-28T04:41:10.891975+00:00, run_after=2025-04-29T04:41:10.891975+00:00
[2025-04-29T04:41:10.903+0000] {processor.py:175} INFO - Processing /home/airflow/.local/lib/python3.7/site-packages/airflow/example_dags/example_task_group_decorator.py took 0.064 seconds
[2025-04-29T04:41:41.555+0000] {processor.py:153} INFO - Started process (PID=713) to work on /home/airflow/.local/lib/python3.7/site-packages/airflow/example_dags/example_task_group_decorator.py
[2025-04-29T04:41:41.556+0000] {processor.py:743} INFO - Processing file /home/airflow/.local/lib/python3.7/site-packages/airflow/example_dags/example_task_group_decorator.py for tasks to queue
[2025-04-29T04:41:41.556+0000] {logging_mixin.py:137} INFO - [2025-04-29T04:41:41.556+0000] {dagbag.py:538} INFO - Filling up the DagBag from /home/airflow/.local/lib/python3.7/site-packages/airflow/example_dags/example_task_group_decorator.py
[2025-04-29T04:41:41.571+0000] {processor.py:753} INFO - DAG(s) dict_keys(['example_task_group_decorator']) retrieved from /home/airflow/.local/lib/python3.7/site-packages/airflow/example_dags/example_task_group_decorator.py
[2025-04-29T04:41:41.581+0000] {logging_mixin.py:137} INFO - [2025-04-29T04:41:41.581+0000] {dag.py:2690} INFO - Sync 1 DAGs
[2025-04-29T04:41:41.593+0000] {logging_mixin.py:137} INFO - [2025-04-29T04:41:41.593+0000] {dag.py:3441} INFO - Setting next_dagrun for example_task_group_decorator to 2025-04-28T04:41:41.593045+00:00, run_after=2025-04-29T04:41:41.593045+00:00
[2025-04-29T04:41:41.607+0000] {processor.py:175} INFO - Processing /home/airflow/.local/lib/python3.7/site-packages/airflow/example_dags/example_task_group_decorator.py took 0.054 seconds
[2025-04-29T04:42:12.196+0000] {processor.py:153} INFO - Started process (PID=805) to work on /home/airflow/.local/lib/python3.7/site-packages/airflow/example_dags/example_task_group_decorator.py
[2025-04-29T04:42:12.197+0000] {processor.py:743} INFO - Processing file /home/airflow/.local/lib/python3.7/site-packages/airflow/example_dags/example_task_group_decorator.py for tasks to queue
[2025-04-29T04:42:12.197+0000] {logging_mixin.py:137} INFO - [2025-04-29T04:42:12.197+0000] {dagbag.py:538} INFO - Filling up the DagBag from /home/airflow/.local/lib/python3.7/site-packages/airflow/example_dags/example_task_group_decorator.py
[2025-04-29T04:42:12.208+0000] {processor.py:753} INFO - DAG(s) dict_keys(['example_task_group_decorator']) retrieved from /home/airflow/.local/lib/python3.7/site-packages/airflow/example_dags/example_task_group_decorator.py
[2025-04-29T04:42:12.219+0000] {logging_mixin.py:137} INFO - [2025-04-29T04:42:12.219+0000] {dag.py:2690} INFO - Sync 1 DAGs
[2025-04-29T04:42:12.230+0000] {logging_mixin.py:137} INFO - [2025-04-29T04:42:12.229+0000] {dag.py:3441} INFO - Setting next_dagrun for example_task_group_decorator to 2025-04-28T04:42:12.229841+00:00, run_after=2025-04-29T04:42:12.229841+00:00
[2025-04-29T04:42:12.236+0000] {processor.py:175} INFO - Processing /home/airflow/.local/lib/python3.7/site-packages/airflow/example_dags/example_task_group_decorator.py took 0.041 seconds
[2025-04-29T04:42:42.642+0000] {processor.py:153} INFO - Started process (PID=897) to work on /home/airflow/.local/lib/python3.7/site-packages/airflow/example_dags/example_task_group_decorator.py
[2025-04-29T04:42:42.643+0000] {processor.py:743} INFO - Processing file /home/airflow/.local/lib/python3.7/site-packages/airflow/example_dags/example_task_group_decorator.py for tasks to queue
[2025-04-29T04:42:42.644+0000] {logging_mixin.py:137} INFO - [2025-04-29T04:42:42.644+0000] {dagbag.py:538} INFO - Filling up the DagBag from /home/airflow/.local/lib/python3.7/site-packages/airflow/example_dags/example_task_group_decorator.py
[2025-04-29T04:42:42.658+0000] {processor.py:753} INFO - DAG(s) dict_keys(['example_task_group_decorator']) retrieved from /home/airflow/.local/lib/python3.7/site-packages/airflow/example_dags/example_task_group_decorator.py
[2025-04-29T04:42:42.671+0000] {logging_mixin.py:137} INFO - [2025-04-29T04:42:42.670+0000] {dag.py:2690} INFO - Sync 1 DAGs
[2025-04-29T04:42:42.685+0000] {logging_mixin.py:137} INFO - [2025-04-29T04:42:42.685+0000] {dag.py:3441} INFO - Setting next_dagrun for example_task_group_decorator to 2025-04-28T04:42:42.685096+00:00, run_after=2025-04-29T04:42:42.685096+00:00
[2025-04-29T04:42:42.702+0000] {processor.py:175} INFO - Processing /home/airflow/.local/lib/python3.7/site-packages/airflow/example_dags/example_task_group_decorator.py took 0.061 seconds
[2025-04-29T04:43:13.359+0000] {processor.py:153} INFO - Started process (PID=973) to work on /home/airflow/.local/lib/python3.7/site-packages/airflow/example_dags/example_task_group_decorator.py
[2025-04-29T04:43:13.359+0000] {processor.py:743} INFO - Processing file /home/airflow/.local/lib/python3.7/site-packages/airflow/example_dags/example_task_group_decorator.py for tasks to queue
[2025-04-29T04:43:13.359+0000] {logging_mixin.py:137} INFO - [2025-04-29T04:43:13.359+0000] {dagbag.py:538} INFO - Filling up the DagBag from /home/airflow/.local/lib/python3.7/site-packages/airflow/example_dags/example_task_group_decorator.py
[2025-04-29T04:43:13.374+0000] {processor.py:753} INFO - DAG(s) dict_keys(['example_task_group_decorator']) retrieved from /home/airflow/.local/lib/python3.7/site-packages/airflow/example_dags/example_task_group_decorator.py
[2025-04-29T04:43:13.390+0000] {logging_mixin.py:137} INFO - [2025-04-29T04:43:13.390+0000] {dag.py:2690} INFO - Sync 1 DAGs
[2025-04-29T04:43:13.404+0000] {logging_mixin.py:137} INFO - [2025-04-29T04:43:13.404+0000] {dag.py:3441} INFO - Setting next_dagrun for example_task_group_decorator to 2025-04-28T04:43:13.404512+00:00, run_after=2025-04-29T04:43:13.404512+00:00
[2025-04-29T04:43:13.417+0000] {processor.py:175} INFO - Processing /home/airflow/.local/lib/python3.7/site-packages/airflow/example_dags/example_task_group_decorator.py took 0.060 seconds
[2025-04-29T04:43:44.031+0000] {processor.py:153} INFO - Started process (PID=1065) to work on /home/airflow/.local/lib/python3.7/site-packages/airflow/example_dags/example_task_group_decorator.py
[2025-04-29T04:43:44.031+0000] {processor.py:743} INFO - Processing file /home/airflow/.local/lib/python3.7/site-packages/airflow/example_dags/example_task_group_decorator.py for tasks to queue
[2025-04-29T04:43:44.031+0000] {logging_mixin.py:137} INFO - [2025-04-29T04:43:44.031+0000] {dagbag.py:538} INFO - Filling up the DagBag from /home/airflow/.local/lib/python3.7/site-packages/airflow/example_dags/example_task_group_decorator.py
[2025-04-29T04:43:44.043+0000] {processor.py:753} INFO - DAG(s) dict_keys(['example_task_group_decorator']) retrieved from /home/airflow/.local/lib/python3.7/site-packages/airflow/example_dags/example_task_group_decorator.py
[2025-04-29T04:43:44.053+0000] {logging_mixin.py:137} INFO - [2025-04-29T04:43:44.053+0000] {dag.py:2690} INFO - Sync 1 DAGs
[2025-04-29T04:43:44.064+0000] {logging_mixin.py:137} INFO - [2025-04-29T04:43:44.064+0000] {dag.py:3441} INFO - Setting next_dagrun for example_task_group_decorator to 2025-04-28T04:43:44.064447+00:00, run_after=2025-04-29T04:43:44.064447+00:00
[2025-04-29T04:43:44.079+0000] {processor.py:175} INFO - Processing /home/airflow/.local/lib/python3.7/site-packages/airflow/example_dags/example_task_group_decorator.py took 0.050 seconds
[2025-04-29T04:44:14.681+0000] {processor.py:153} INFO - Started process (PID=1157) to work on /home/airflow/.local/lib/python3.7/site-packages/airflow/example_dags/example_task_group_decorator.py
[2025-04-29T04:44:14.682+0000] {processor.py:743} INFO - Processing file /home/airflow/.local/lib/python3.7/site-packages/airflow/example_dags/example_task_group_decorator.py for tasks to queue
[2025-04-29T04:44:14.682+0000] {logging_mixin.py:137} INFO - [2025-04-29T04:44:14.682+0000] {dagbag.py:538} INFO - Filling up the DagBag from /home/airflow/.local/lib/python3.7/site-packages/airflow/example_dags/example_task_group_decorator.py
[2025-04-29T04:44:14.695+0000] {processor.py:753} INFO - DAG(s) dict_keys(['example_task_group_decorator']) retrieved from /home/airflow/.local/lib/python3.7/site-packages/airflow/example_dags/example_task_group_decorator.py
[2025-04-29T04:44:14.710+0000] {logging_mixin.py:137} INFO - [2025-04-29T04:44:14.710+0000] {dag.py:2690} INFO - Sync 1 DAGs
[2025-04-29T04:44:14.722+0000] {logging_mixin.py:137} INFO - [2025-04-29T04:44:14.722+0000] {dag.py:3441} INFO - Setting next_dagrun for example_task_group_decorator to 2025-04-28T04:44:14.722702+00:00, run_after=2025-04-29T04:44:14.722702+00:00
[2025-04-29T04:44:14.732+0000] {processor.py:175} INFO - Processing /home/airflow/.local/lib/python3.7/site-packages/airflow/example_dags/example_task_group_decorator.py took 0.052 seconds
[2025-04-29T04:44:45.318+0000] {processor.py:153} INFO - Started process (PID=1249) to work on /home/airflow/.local/lib/python3.7/site-packages/airflow/example_dags/example_task_group_decorator.py
[2025-04-29T04:44:45.321+0000] {processor.py:743} INFO - Processing file /home/airflow/.local/lib/python3.7/site-packages/airflow/example_dags/example_task_group_decorator.py for tasks to queue
[2025-04-29T04:44:45.321+0000] {logging_mixin.py:137} INFO - [2025-04-29T04:44:45.321+0000] {dagbag.py:538} INFO - Filling up the DagBag from /home/airflow/.local/lib/python3.7/site-packages/airflow/example_dags/example_task_group_decorator.py
[2025-04-29T04:44:45.332+0000] {processor.py:753} INFO - DAG(s) dict_keys(['example_task_group_decorator']) retrieved from /home/airflow/.local/lib/python3.7/site-packages/airflow/example_dags/example_task_group_decorator.py
[2025-04-29T04:44:45.345+0000] {logging_mixin.py:137} INFO - [2025-04-29T04:44:45.345+0000] {dag.py:2690} INFO - Sync 1 DAGs
[2025-04-29T04:44:45.358+0000] {logging_mixin.py:137} INFO - [2025-04-29T04:44:45.358+0000] {dag.py:3441} INFO - Setting next_dagrun for example_task_group_decorator to 2025-04-28T04:44:45.358580+00:00, run_after=2025-04-29T04:44:45.358580+00:00
[2025-04-29T04:44:45.369+0000] {processor.py:175} INFO - Processing /home/airflow/.local/lib/python3.7/site-packages/airflow/example_dags/example_task_group_decorator.py took 0.052 seconds
[2025-04-29T04:45:15.877+0000] {processor.py:153} INFO - Started process (PID=1340) to work on /home/airflow/.local/lib/python3.7/site-packages/airflow/example_dags/example_task_group_decorator.py
[2025-04-29T04:45:15.877+0000] {processor.py:743} INFO - Processing file /home/airflow/.local/lib/python3.7/site-packages/airflow/example_dags/example_task_group_decorator.py for tasks to queue
[2025-04-29T04:45:15.877+0000] {logging_mixin.py:137} INFO - [2025-04-29T04:45:15.877+0000] {dagbag.py:538} INFO - Filling up the DagBag from /home/airflow/.local/lib/python3.7/site-packages/airflow/example_dags/example_task_group_decorator.py
[2025-04-29T04:45:15.888+0000] {processor.py:753} INFO - DAG(s) dict_keys(['example_task_group_decorator']) retrieved from /home/airflow/.local/lib/python3.7/site-packages/airflow/example_dags/example_task_group_decorator.py
[2025-04-29T04:45:15.902+0000] {logging_mixin.py:137} INFO - [2025-04-29T04:45:15.902+0000] {dag.py:2690} INFO - Sync 1 DAGs
[2025-04-29T04:45:15.913+0000] {logging_mixin.py:137} INFO - [2025-04-29T04:45:15.913+0000] {dag.py:3441} INFO - Setting next_dagrun for example_task_group_decorator to 2025-04-28T04:45:15.913793+00:00, run_after=2025-04-29T04:45:15.913793+00:00
[2025-04-29T04:45:15.922+0000] {processor.py:175} INFO - Processing /home/airflow/.local/lib/python3.7/site-packages/airflow/example_dags/example_task_group_decorator.py took 0.046 seconds
[2025-04-29T04:45:46.419+0000] {processor.py:153} INFO - Started process (PID=1416) to work on /home/airflow/.local/lib/python3.7/site-packages/airflow/example_dags/example_task_group_decorator.py
[2025-04-29T04:45:46.421+0000] {processor.py:743} INFO - Processing file /home/airflow/.local/lib/python3.7/site-packages/airflow/example_dags/example_task_group_decorator.py for tasks to queue
[2025-04-29T04:45:46.421+0000] {logging_mixin.py:137} INFO - [2025-04-29T04:45:46.421+0000] {dagbag.py:538} INFO - Filling up the DagBag from /home/airflow/.local/lib/python3.7/site-packages/airflow/example_dags/example_task_group_decorator.py
[2025-04-29T04:45:46.433+0000] {processor.py:753} INFO - DAG(s) dict_keys(['example_task_group_decorator']) retrieved from /home/airflow/.local/lib/python3.7/site-packages/airflow/example_dags/example_task_group_decorator.py
[2025-04-29T04:45:46.443+0000] {logging_mixin.py:137} INFO - [2025-04-29T04:45:46.443+0000] {dag.py:2690} INFO - Sync 1 DAGs
[2025-04-29T04:45:46.453+0000] {logging_mixin.py:137} INFO - [2025-04-29T04:45:46.453+0000] {dag.py:3441} INFO - Setting next_dagrun for example_task_group_decorator to 2025-04-28T04:45:46.453152+00:00, run_after=2025-04-29T04:45:46.453152+00:00
[2025-04-29T04:45:46.465+0000] {processor.py:175} INFO - Processing /home/airflow/.local/lib/python3.7/site-packages/airflow/example_dags/example_task_group_decorator.py took 0.047 seconds
[2025-04-29T04:46:17.288+0000] {processor.py:153} INFO - Started process (PID=1508) to work on /home/airflow/.local/lib/python3.7/site-packages/airflow/example_dags/example_task_group_decorator.py
[2025-04-29T04:46:17.288+0000] {processor.py:743} INFO - Processing file /home/airflow/.local/lib/python3.7/site-packages/airflow/example_dags/example_task_group_decorator.py for tasks to queue
[2025-04-29T04:46:17.289+0000] {logging_mixin.py:137} INFO - [2025-04-29T04:46:17.289+0000] {dagbag.py:538} INFO - Filling up the DagBag from /home/airflow/.local/lib/python3.7/site-packages/airflow/example_dags/example_task_group_decorator.py
[2025-04-29T04:46:17.303+0000] {processor.py:753} INFO - DAG(s) dict_keys(['example_task_group_decorator']) retrieved from /home/airflow/.local/lib/python3.7/site-packages/airflow/example_dags/example_task_group_decorator.py
[2025-04-29T04:46:17.316+0000] {logging_mixin.py:137} INFO - [2025-04-29T04:46:17.316+0000] {dag.py:2690} INFO - Sync 1 DAGs
[2025-04-29T04:46:17.330+0000] {logging_mixin.py:137} INFO - [2025-04-29T04:46:17.329+0000] {dag.py:3441} INFO - Setting next_dagrun for example_task_group_decorator to 2025-04-28T04:46:17.329844+00:00, run_after=2025-04-29T04:46:17.329844+00:00
[2025-04-29T04:46:17.341+0000] {processor.py:175} INFO - Processing /home/airflow/.local/lib/python3.7/site-packages/airflow/example_dags/example_task_group_decorator.py took 0.055 seconds
[2025-04-29T04:46:47.787+0000] {processor.py:153} INFO - Started process (PID=1600) to work on /home/airflow/.local/lib/python3.7/site-packages/airflow/example_dags/example_task_group_decorator.py
[2025-04-29T04:46:47.789+0000] {processor.py:743} INFO - Processing file /home/airflow/.local/lib/python3.7/site-packages/airflow/example_dags/example_task_group_decorator.py for tasks to queue
[2025-04-29T04:46:47.791+0000] {logging_mixin.py:137} INFO - [2025-04-29T04:46:47.790+0000] {dagbag.py:538} INFO - Filling up the DagBag from /home/airflow/.local/lib/python3.7/site-packages/airflow/example_dags/example_task_group_decorator.py
[2025-04-29T04:46:47.803+0000] {processor.py:753} INFO - DAG(s) dict_keys(['example_task_group_decorator']) retrieved from /home/airflow/.local/lib/python3.7/site-packages/airflow/example_dags/example_task_group_decorator.py
[2025-04-29T04:46:47.815+0000] {logging_mixin.py:137} INFO - [2025-04-29T04:46:47.815+0000] {dag.py:2690} INFO - Sync 1 DAGs
[2025-04-29T04:46:47.826+0000] {logging_mixin.py:137} INFO - [2025-04-29T04:46:47.825+0000] {dag.py:3441} INFO - Setting next_dagrun for example_task_group_decorator to 2025-04-28T04:46:47.825893+00:00, run_after=2025-04-29T04:46:47.825893+00:00
[2025-04-29T04:46:47.837+0000] {processor.py:175} INFO - Processing /home/airflow/.local/lib/python3.7/site-packages/airflow/example_dags/example_task_group_decorator.py took 0.052 seconds
[2025-04-29T04:47:18.270+0000] {processor.py:153} INFO - Started process (PID=1692) to work on /home/airflow/.local/lib/python3.7/site-packages/airflow/example_dags/example_task_group_decorator.py
[2025-04-29T04:47:18.271+0000] {processor.py:743} INFO - Processing file /home/airflow/.local/lib/python3.7/site-packages/airflow/example_dags/example_task_group_decorator.py for tasks to queue
[2025-04-29T04:47:18.271+0000] {logging_mixin.py:137} INFO - [2025-04-29T04:47:18.271+0000] {dagbag.py:538} INFO - Filling up the DagBag from /home/airflow/.local/lib/python3.7/site-packages/airflow/example_dags/example_task_group_decorator.py
[2025-04-29T04:47:18.282+0000] {processor.py:753} INFO - DAG(s) dict_keys(['example_task_group_decorator']) retrieved from /home/airflow/.local/lib/python3.7/site-packages/airflow/example_dags/example_task_group_decorator.py
[2025-04-29T04:47:18.293+0000] {logging_mixin.py:137} INFO - [2025-04-29T04:47:18.293+0000] {dag.py:2690} INFO - Sync 1 DAGs
[2025-04-29T04:47:18.303+0000] {logging_mixin.py:137} INFO - [2025-04-29T04:47:18.303+0000] {dag.py:3441} INFO - Setting next_dagrun for example_task_group_decorator to 2025-04-28T04:47:18.303790+00:00, run_after=2025-04-29T04:47:18.303790+00:00
[2025-04-29T04:47:18.315+0000] {processor.py:175} INFO - Processing /home/airflow/.local/lib/python3.7/site-packages/airflow/example_dags/example_task_group_decorator.py took 0.047 seconds
[2025-04-29T04:47:48.793+0000] {processor.py:153} INFO - Started process (PID=1784) to work on /home/airflow/.local/lib/python3.7/site-packages/airflow/example_dags/example_task_group_decorator.py
[2025-04-29T04:47:48.795+0000] {processor.py:743} INFO - Processing file /home/airflow/.local/lib/python3.7/site-packages/airflow/example_dags/example_task_group_decorator.py for tasks to queue
[2025-04-29T04:47:48.795+0000] {logging_mixin.py:137} INFO - [2025-04-29T04:47:48.795+0000] {dagbag.py:538} INFO - Filling up the DagBag from /home/airflow/.local/lib/python3.7/site-packages/airflow/example_dags/example_task_group_decorator.py
[2025-04-29T04:47:48.809+0000] {processor.py:753} INFO - DAG(s) dict_keys(['example_task_group_decorator']) retrieved from /home/airflow/.local/lib/python3.7/site-packages/airflow/example_dags/example_task_group_decorator.py
[2025-04-29T04:47:48.822+0000] {logging_mixin.py:137} INFO - [2025-04-29T04:47:48.822+0000] {dag.py:2690} INFO - Sync 1 DAGs
[2025-04-29T04:47:48.836+0000] {logging_mixin.py:137} INFO - [2025-04-29T04:47:48.836+0000] {dag.py:3441} INFO - Setting next_dagrun for example_task_group_decorator to 2025-04-28T04:47:48.836674+00:00, run_after=2025-04-29T04:47:48.836674+00:00
[2025-04-29T04:47:48.852+0000] {processor.py:175} INFO - Processing /home/airflow/.local/lib/python3.7/site-packages/airflow/example_dags/example_task_group_decorator.py took 0.060 seconds
[2025-04-29T04:48:19.299+0000] {processor.py:153} INFO - Started process (PID=1860) to work on /home/airflow/.local/lib/python3.7/site-packages/airflow/example_dags/example_task_group_decorator.py
[2025-04-29T04:48:19.300+0000] {processor.py:743} INFO - Processing file /home/airflow/.local/lib/python3.7/site-packages/airflow/example_dags/example_task_group_decorator.py for tasks to queue
[2025-04-29T04:48:19.301+0000] {logging_mixin.py:137} INFO - [2025-04-29T04:48:19.301+0000] {dagbag.py:538} INFO - Filling up the DagBag from /home/airflow/.local/lib/python3.7/site-packages/airflow/example_dags/example_task_group_decorator.py
[2025-04-29T04:48:19.313+0000] {processor.py:753} INFO - DAG(s) dict_keys(['example_task_group_decorator']) retrieved from /home/airflow/.local/lib/python3.7/site-packages/airflow/example_dags/example_task_group_decorator.py
[2025-04-29T04:48:19.325+0000] {logging_mixin.py:137} INFO - [2025-04-29T04:48:19.325+0000] {dag.py:2690} INFO - Sync 1 DAGs
[2025-04-29T04:48:19.336+0000] {logging_mixin.py:137} INFO - [2025-04-29T04:48:19.336+0000] {dag.py:3441} INFO - Setting next_dagrun for example_task_group_decorator to 2025-04-28T04:48:19.336273+00:00, run_after=2025-04-29T04:48:19.336273+00:00
[2025-04-29T04:48:19.345+0000] {processor.py:175} INFO - Processing /home/airflow/.local/lib/python3.7/site-packages/airflow/example_dags/example_task_group_decorator.py took 0.047 seconds
[2025-04-29T04:48:49.888+0000] {processor.py:153} INFO - Started process (PID=1952) to work on /home/airflow/.local/lib/python3.7/site-packages/airflow/example_dags/example_task_group_decorator.py
[2025-04-29T04:48:49.888+0000] {processor.py:743} INFO - Processing file /home/airflow/.local/lib/python3.7/site-packages/airflow/example_dags/example_task_group_decorator.py for tasks to queue
[2025-04-29T04:48:49.889+0000] {logging_mixin.py:137} INFO - [2025-04-29T04:48:49.889+0000] {dagbag.py:538} INFO - Filling up the DagBag from /home/airflow/.local/lib/python3.7/site-packages/airflow/example_dags/example_task_group_decorator.py
[2025-04-29T04:48:49.900+0000] {processor.py:753} INFO - DAG(s) dict_keys(['example_task_group_decorator']) retrieved from /home/airflow/.local/lib/python3.7/site-packages/airflow/example_dags/example_task_group_decorator.py
[2025-04-29T04:48:49.914+0000] {logging_mixin.py:137} INFO - [2025-04-29T04:48:49.914+0000] {dag.py:2690} INFO - Sync 1 DAGs
[2025-04-29T04:48:49.934+0000] {logging_mixin.py:137} INFO - [2025-04-29T04:48:49.934+0000] {dag.py:3441} INFO - Setting next_dagrun for example_task_group_decorator to 2025-04-28T04:48:49.934767+00:00, run_after=2025-04-29T04:48:49.934767+00:00
[2025-04-29T04:48:49.949+0000] {processor.py:175} INFO - Processing /home/airflow/.local/lib/python3.7/site-packages/airflow/example_dags/example_task_group_decorator.py took 0.063 seconds
[2025-04-29T04:49:20.510+0000] {processor.py:153} INFO - Started process (PID=2044) to work on /home/airflow/.local/lib/python3.7/site-packages/airflow/example_dags/example_task_group_decorator.py
[2025-04-29T04:49:20.510+0000] {processor.py:743} INFO - Processing file /home/airflow/.local/lib/python3.7/site-packages/airflow/example_dags/example_task_group_decorator.py for tasks to queue
[2025-04-29T04:49:20.510+0000] {logging_mixin.py:137} INFO - [2025-04-29T04:49:20.510+0000] {dagbag.py:538} INFO - Filling up the DagBag from /home/airflow/.local/lib/python3.7/site-packages/airflow/example_dags/example_task_group_decorator.py
[2025-04-29T04:49:20.521+0000] {processor.py:753} INFO - DAG(s) dict_keys(['example_task_group_decorator']) retrieved from /home/airflow/.local/lib/python3.7/site-packages/airflow/example_dags/example_task_group_decorator.py
[2025-04-29T04:49:20.531+0000] {logging_mixin.py:137} INFO - [2025-04-29T04:49:20.531+0000] {dag.py:2690} INFO - Sync 1 DAGs
[2025-04-29T04:49:20.540+0000] {logging_mixin.py:137} INFO - [2025-04-29T04:49:20.540+0000] {dag.py:3441} INFO - Setting next_dagrun for example_task_group_decorator to 2025-04-28T04:49:20.540383+00:00, run_after=2025-04-29T04:49:20.540383+00:00
[2025-04-29T04:49:20.546+0000] {processor.py:175} INFO - Processing /home/airflow/.local/lib/python3.7/site-packages/airflow/example_dags/example_task_group_decorator.py took 0.037 seconds
[2025-04-29T04:49:51.094+0000] {processor.py:153} INFO - Started process (PID=2136) to work on /home/airflow/.local/lib/python3.7/site-packages/airflow/example_dags/example_task_group_decorator.py
[2025-04-29T04:49:51.094+0000] {processor.py:743} INFO - Processing file /home/airflow/.local/lib/python3.7/site-packages/airflow/example_dags/example_task_group_decorator.py for tasks to queue
[2025-04-29T04:49:51.095+0000] {logging_mixin.py:137} INFO - [2025-04-29T04:49:51.095+0000] {dagbag.py:538} INFO - Filling up the DagBag from /home/airflow/.local/lib/python3.7/site-packages/airflow/example_dags/example_task_group_decorator.py
[2025-04-29T04:49:51.106+0000] {processor.py:753} INFO - DAG(s) dict_keys(['example_task_group_decorator']) retrieved from /home/airflow/.local/lib/python3.7/site-packages/airflow/example_dags/example_task_group_decorator.py
[2025-04-29T04:49:51.120+0000] {logging_mixin.py:137} INFO - [2025-04-29T04:49:51.120+0000] {dag.py:2690} INFO - Sync 1 DAGs
[2025-04-29T04:49:51.132+0000] {logging_mixin.py:137} INFO - [2025-04-29T04:49:51.132+0000] {dag.py:3441} INFO - Setting next_dagrun for example_task_group_decorator to 2025-04-28T04:49:51.132389+00:00, run_after=2025-04-29T04:49:51.132389+00:00
[2025-04-29T04:49:51.140+0000] {processor.py:175} INFO - Processing /home/airflow/.local/lib/python3.7/site-packages/airflow/example_dags/example_task_group_decorator.py took 0.048 seconds
[2025-04-29T04:50:21.620+0000] {processor.py:153} INFO - Started process (PID=2228) to work on /home/airflow/.local/lib/python3.7/site-packages/airflow/example_dags/example_task_group_decorator.py
[2025-04-29T04:50:21.623+0000] {processor.py:743} INFO - Processing file /home/airflow/.local/lib/python3.7/site-packages/airflow/example_dags/example_task_group_decorator.py for tasks to queue
[2025-04-29T04:50:21.623+0000] {logging_mixin.py:137} INFO - [2025-04-29T04:50:21.623+0000] {dagbag.py:538} INFO - Filling up the DagBag from /home/airflow/.local/lib/python3.7/site-packages/airflow/example_dags/example_task_group_decorator.py
[2025-04-29T04:50:21.634+0000] {processor.py:753} INFO - DAG(s) dict_keys(['example_task_group_decorator']) retrieved from /home/airflow/.local/lib/python3.7/site-packages/airflow/example_dags/example_task_group_decorator.py
[2025-04-29T04:50:21.648+0000] {logging_mixin.py:137} INFO - [2025-04-29T04:50:21.648+0000] {dag.py:2690} INFO - Sync 1 DAGs
[2025-04-29T04:50:21.661+0000] {logging_mixin.py:137} INFO - [2025-04-29T04:50:21.661+0000] {dag.py:3441} INFO - Setting next_dagrun for example_task_group_decorator to 2025-04-28T04:50:21.661606+00:00, run_after=2025-04-29T04:50:21.661606+00:00
[2025-04-29T04:50:21.677+0000] {processor.py:175} INFO - Processing /home/airflow/.local/lib/python3.7/site-packages/airflow/example_dags/example_task_group_decorator.py took 0.059 seconds
[2025-04-29T04:50:52.224+0000] {processor.py:153} INFO - Started process (PID=2303) to work on /home/airflow/.local/lib/python3.7/site-packages/airflow/example_dags/example_task_group_decorator.py
[2025-04-29T04:50:52.227+0000] {processor.py:743} INFO - Processing file /home/airflow/.local/lib/python3.7/site-packages/airflow/example_dags/example_task_group_decorator.py for tasks to queue
[2025-04-29T04:50:52.228+0000] {logging_mixin.py:137} INFO - [2025-04-29T04:50:52.228+0000] {dagbag.py:538} INFO - Filling up the DagBag from /home/airflow/.local/lib/python3.7/site-packages/airflow/example_dags/example_task_group_decorator.py
[2025-04-29T04:50:52.241+0000] {processor.py:753} INFO - DAG(s) dict_keys(['example_task_group_decorator']) retrieved from /home/airflow/.local/lib/python3.7/site-packages/airflow/example_dags/example_task_group_decorator.py
[2025-04-29T04:50:52.260+0000] {logging_mixin.py:137} INFO - [2025-04-29T04:50:52.260+0000] {dag.py:2690} INFO - Sync 1 DAGs
[2025-04-29T04:50:52.273+0000] {logging_mixin.py:137} INFO - [2025-04-29T04:50:52.273+0000] {dag.py:3441} INFO - Setting next_dagrun for example_task_group_decorator to 2025-04-28T04:50:52.273548+00:00, run_after=2025-04-29T04:50:52.273548+00:00
[2025-04-29T04:50:52.284+0000] {processor.py:175} INFO - Processing /home/airflow/.local/lib/python3.7/site-packages/airflow/example_dags/example_task_group_decorator.py took 0.062 seconds
[2025-04-29T04:51:22.823+0000] {processor.py:153} INFO - Started process (PID=2396) to work on /home/airflow/.local/lib/python3.7/site-packages/airflow/example_dags/example_task_group_decorator.py
[2025-04-29T04:51:22.823+0000] {processor.py:743} INFO - Processing file /home/airflow/.local/lib/python3.7/site-packages/airflow/example_dags/example_task_group_decorator.py for tasks to queue
[2025-04-29T04:51:22.824+0000] {logging_mixin.py:137} INFO - [2025-04-29T04:51:22.824+0000] {dagbag.py:538} INFO - Filling up the DagBag from /home/airflow/.local/lib/python3.7/site-packages/airflow/example_dags/example_task_group_decorator.py
[2025-04-29T04:51:22.835+0000] {processor.py:753} INFO - DAG(s) dict_keys(['example_task_group_decorator']) retrieved from /home/airflow/.local/lib/python3.7/site-packages/airflow/example_dags/example_task_group_decorator.py
[2025-04-29T04:51:22.847+0000] {logging_mixin.py:137} INFO - [2025-04-29T04:51:22.847+0000] {dag.py:2690} INFO - Sync 1 DAGs
[2025-04-29T04:51:22.859+0000] {logging_mixin.py:137} INFO - [2025-04-29T04:51:22.859+0000] {dag.py:3441} INFO - Setting next_dagrun for example_task_group_decorator to 2025-04-28T04:51:22.859620+00:00, run_after=2025-04-29T04:51:22.859620+00:00
[2025-04-29T04:51:22.870+0000] {processor.py:175} INFO - Processing /home/airflow/.local/lib/python3.7/site-packages/airflow/example_dags/example_task_group_decorator.py took 0.048 seconds
[2025-04-29T04:51:53.328+0000] {processor.py:153} INFO - Started process (PID=2488) to work on /home/airflow/.local/lib/python3.7/site-packages/airflow/example_dags/example_task_group_decorator.py
[2025-04-29T04:51:53.329+0000] {processor.py:743} INFO - Processing file /home/airflow/.local/lib/python3.7/site-packages/airflow/example_dags/example_task_group_decorator.py for tasks to queue
[2025-04-29T04:51:53.330+0000] {logging_mixin.py:137} INFO - [2025-04-29T04:51:53.329+0000] {dagbag.py:538} INFO - Filling up the DagBag from /home/airflow/.local/lib/python3.7/site-packages/airflow/example_dags/example_task_group_decorator.py
[2025-04-29T04:51:53.341+0000] {processor.py:753} INFO - DAG(s) dict_keys(['example_task_group_decorator']) retrieved from /home/airflow/.local/lib/python3.7/site-packages/airflow/example_dags/example_task_group_decorator.py
[2025-04-29T04:51:53.353+0000] {logging_mixin.py:137} INFO - [2025-04-29T04:51:53.353+0000] {dag.py:2690} INFO - Sync 1 DAGs
[2025-04-29T04:51:53.364+0000] {logging_mixin.py:137} INFO - [2025-04-29T04:51:53.364+0000] {dag.py:3441} INFO - Setting next_dagrun for example_task_group_decorator to 2025-04-28T04:51:53.364658+00:00, run_after=2025-04-29T04:51:53.364658+00:00
[2025-04-29T04:51:53.374+0000] {processor.py:175} INFO - Processing /home/airflow/.local/lib/python3.7/site-packages/airflow/example_dags/example_task_group_decorator.py took 0.047 seconds
[2025-04-29T04:52:23.873+0000] {processor.py:153} INFO - Started process (PID=2580) to work on /home/airflow/.local/lib/python3.7/site-packages/airflow/example_dags/example_task_group_decorator.py
[2025-04-29T04:52:23.874+0000] {processor.py:743} INFO - Processing file /home/airflow/.local/lib/python3.7/site-packages/airflow/example_dags/example_task_group_decorator.py for tasks to queue
[2025-04-29T04:52:23.874+0000] {logging_mixin.py:137} INFO - [2025-04-29T04:52:23.874+0000] {dagbag.py:538} INFO - Filling up the DagBag from /home/airflow/.local/lib/python3.7/site-packages/airflow/example_dags/example_task_group_decorator.py
[2025-04-29T04:52:23.886+0000] {processor.py:753} INFO - DAG(s) dict_keys(['example_task_group_decorator']) retrieved from /home/airflow/.local/lib/python3.7/site-packages/airflow/example_dags/example_task_group_decorator.py
[2025-04-29T04:52:23.904+0000] {logging_mixin.py:137} INFO - [2025-04-29T04:52:23.904+0000] {dag.py:2690} INFO - Sync 1 DAGs
[2025-04-29T04:52:23.915+0000] {logging_mixin.py:137} INFO - [2025-04-29T04:52:23.915+0000] {dag.py:3441} INFO - Setting next_dagrun for example_task_group_decorator to 2025-04-28T04:52:23.915734+00:00, run_after=2025-04-29T04:52:23.915734+00:00
[2025-04-29T04:52:23.928+0000] {processor.py:175} INFO - Processing /home/airflow/.local/lib/python3.7/site-packages/airflow/example_dags/example_task_group_decorator.py took 0.056 seconds
[2025-04-29T04:52:54.556+0000] {processor.py:153} INFO - Started process (PID=2672) to work on /home/airflow/.local/lib/python3.7/site-packages/airflow/example_dags/example_task_group_decorator.py
[2025-04-29T04:52:54.556+0000] {processor.py:743} INFO - Processing file /home/airflow/.local/lib/python3.7/site-packages/airflow/example_dags/example_task_group_decorator.py for tasks to queue
[2025-04-29T04:52:54.556+0000] {logging_mixin.py:137} INFO - [2025-04-29T04:52:54.556+0000] {dagbag.py:538} INFO - Filling up the DagBag from /home/airflow/.local/lib/python3.7/site-packages/airflow/example_dags/example_task_group_decorator.py
[2025-04-29T04:52:54.570+0000] {processor.py:753} INFO - DAG(s) dict_keys(['example_task_group_decorator']) retrieved from /home/airflow/.local/lib/python3.7/site-packages/airflow/example_dags/example_task_group_decorator.py
[2025-04-29T04:52:54.584+0000] {logging_mixin.py:137} INFO - [2025-04-29T04:52:54.584+0000] {dag.py:2690} INFO - Sync 1 DAGs
[2025-04-29T04:52:54.596+0000] {logging_mixin.py:137} INFO - [2025-04-29T04:52:54.596+0000] {dag.py:3441} INFO - Setting next_dagrun for example_task_group_decorator to 2025-04-28T04:52:54.596447+00:00, run_after=2025-04-29T04:52:54.596447+00:00
[2025-04-29T04:52:54.605+0000] {processor.py:175} INFO - Processing /home/airflow/.local/lib/python3.7/site-packages/airflow/example_dags/example_task_group_decorator.py took 0.051 seconds
[2025-04-29T04:53:25.190+0000] {processor.py:153} INFO - Started process (PID=2748) to work on /home/airflow/.local/lib/python3.7/site-packages/airflow/example_dags/example_task_group_decorator.py
[2025-04-29T04:53:25.190+0000] {processor.py:743} INFO - Processing file /home/airflow/.local/lib/python3.7/site-packages/airflow/example_dags/example_task_group_decorator.py for tasks to queue
[2025-04-29T04:53:25.190+0000] {logging_mixin.py:137} INFO - [2025-04-29T04:53:25.190+0000] {dagbag.py:538} INFO - Filling up the DagBag from /home/airflow/.local/lib/python3.7/site-packages/airflow/example_dags/example_task_group_decorator.py
[2025-04-29T04:53:25.201+0000] {processor.py:753} INFO - DAG(s) dict_keys(['example_task_group_decorator']) retrieved from /home/airflow/.local/lib/python3.7/site-packages/airflow/example_dags/example_task_group_decorator.py
[2025-04-29T04:53:25.213+0000] {logging_mixin.py:137} INFO - [2025-04-29T04:53:25.213+0000] {dag.py:2690} INFO - Sync 1 DAGs
[2025-04-29T04:53:25.225+0000] {logging_mixin.py:137} INFO - [2025-04-29T04:53:25.225+0000] {dag.py:3441} INFO - Setting next_dagrun for example_task_group_decorator to 2025-04-28T04:53:25.224969+00:00, run_after=2025-04-29T04:53:25.224969+00:00
[2025-04-29T04:53:25.232+0000] {processor.py:175} INFO - Processing /home/airflow/.local/lib/python3.7/site-packages/airflow/example_dags/example_task_group_decorator.py took 0.044 seconds
[2025-04-29T04:53:55.677+0000] {processor.py:153} INFO - Started process (PID=2840) to work on /home/airflow/.local/lib/python3.7/site-packages/airflow/example_dags/example_task_group_decorator.py
[2025-04-29T04:53:55.677+0000] {processor.py:743} INFO - Processing file /home/airflow/.local/lib/python3.7/site-packages/airflow/example_dags/example_task_group_decorator.py for tasks to queue
[2025-04-29T04:53:55.678+0000] {logging_mixin.py:137} INFO - [2025-04-29T04:53:55.678+0000] {dagbag.py:538} INFO - Filling up the DagBag from /home/airflow/.local/lib/python3.7/site-packages/airflow/example_dags/example_task_group_decorator.py
[2025-04-29T04:53:55.689+0000] {processor.py:753} INFO - DAG(s) dict_keys(['example_task_group_decorator']) retrieved from /home/airflow/.local/lib/python3.7/site-packages/airflow/example_dags/example_task_group_decorator.py
[2025-04-29T04:53:55.701+0000] {logging_mixin.py:137} INFO - [2025-04-29T04:53:55.701+0000] {dag.py:2690} INFO - Sync 1 DAGs
[2025-04-29T04:53:55.712+0000] {logging_mixin.py:137} INFO - [2025-04-29T04:53:55.712+0000] {dag.py:3441} INFO - Setting next_dagrun for example_task_group_decorator to 2025-04-28T04:53:55.712105+00:00, run_after=2025-04-29T04:53:55.712105+00:00
[2025-04-29T04:53:55.722+0000] {processor.py:175} INFO - Processing /home/airflow/.local/lib/python3.7/site-packages/airflow/example_dags/example_task_group_decorator.py took 0.046 seconds
[2025-04-29T04:54:26.186+0000] {processor.py:153} INFO - Started process (PID=2932) to work on /home/airflow/.local/lib/python3.7/site-packages/airflow/example_dags/example_task_group_decorator.py
[2025-04-29T04:54:26.187+0000] {processor.py:743} INFO - Processing file /home/airflow/.local/lib/python3.7/site-packages/airflow/example_dags/example_task_group_decorator.py for tasks to queue
[2025-04-29T04:54:26.188+0000] {logging_mixin.py:137} INFO - [2025-04-29T04:54:26.188+0000] {dagbag.py:538} INFO - Filling up the DagBag from /home/airflow/.local/lib/python3.7/site-packages/airflow/example_dags/example_task_group_decorator.py
[2025-04-29T04:54:26.200+0000] {processor.py:753} INFO - DAG(s) dict_keys(['example_task_group_decorator']) retrieved from /home/airflow/.local/lib/python3.7/site-packages/airflow/example_dags/example_task_group_decorator.py
[2025-04-29T04:54:26.212+0000] {logging_mixin.py:137} INFO - [2025-04-29T04:54:26.212+0000] {dag.py:2690} INFO - Sync 1 DAGs
[2025-04-29T04:54:26.224+0000] {logging_mixin.py:137} INFO - [2025-04-29T04:54:26.223+0000] {dag.py:3441} INFO - Setting next_dagrun for example_task_group_decorator to 2025-04-28T04:54:26.223848+00:00, run_after=2025-04-29T04:54:26.223848+00:00
[2025-04-29T04:54:26.235+0000] {processor.py:175} INFO - Processing /home/airflow/.local/lib/python3.7/site-packages/airflow/example_dags/example_task_group_decorator.py took 0.051 seconds
[2025-04-29T04:54:56.724+0000] {processor.py:153} INFO - Started process (PID=3023) to work on /home/airflow/.local/lib/python3.7/site-packages/airflow/example_dags/example_task_group_decorator.py
[2025-04-29T04:54:56.726+0000] {processor.py:743} INFO - Processing file /home/airflow/.local/lib/python3.7/site-packages/airflow/example_dags/example_task_group_decorator.py for tasks to queue
[2025-04-29T04:54:56.727+0000] {logging_mixin.py:137} INFO - [2025-04-29T04:54:56.727+0000] {dagbag.py:538} INFO - Filling up the DagBag from /home/airflow/.local/lib/python3.7/site-packages/airflow/example_dags/example_task_group_decorator.py
[2025-04-29T04:54:56.739+0000] {processor.py:753} INFO - DAG(s) dict_keys(['example_task_group_decorator']) retrieved from /home/airflow/.local/lib/python3.7/site-packages/airflow/example_dags/example_task_group_decorator.py
[2025-04-29T04:54:56.752+0000] {logging_mixin.py:137} INFO - [2025-04-29T04:54:56.752+0000] {dag.py:2690} INFO - Sync 1 DAGs
[2025-04-29T04:54:56.765+0000] {logging_mixin.py:137} INFO - [2025-04-29T04:54:56.764+0000] {dag.py:3441} INFO - Setting next_dagrun for example_task_group_decorator to 2025-04-28T04:54:56.764885+00:00, run_after=2025-04-29T04:54:56.764885+00:00
[2025-04-29T04:54:56.772+0000] {processor.py:175} INFO - Processing /home/airflow/.local/lib/python3.7/site-packages/airflow/example_dags/example_task_group_decorator.py took 0.050 seconds
[2025-04-29T04:55:27.290+0000] {processor.py:153} INFO - Started process (PID=3108) to work on /home/airflow/.local/lib/python3.7/site-packages/airflow/example_dags/example_task_group_decorator.py
[2025-04-29T04:55:27.292+0000] {processor.py:743} INFO - Processing file /home/airflow/.local/lib/python3.7/site-packages/airflow/example_dags/example_task_group_decorator.py for tasks to queue
[2025-04-29T04:55:27.293+0000] {logging_mixin.py:137} INFO - [2025-04-29T04:55:27.293+0000] {dagbag.py:538} INFO - Filling up the DagBag from /home/airflow/.local/lib/python3.7/site-packages/airflow/example_dags/example_task_group_decorator.py
[2025-04-29T04:55:27.305+0000] {processor.py:753} INFO - DAG(s) dict_keys(['example_task_group_decorator']) retrieved from /home/airflow/.local/lib/python3.7/site-packages/airflow/example_dags/example_task_group_decorator.py
[2025-04-29T04:55:27.319+0000] {logging_mixin.py:137} INFO - [2025-04-29T04:55:27.319+0000] {dag.py:2690} INFO - Sync 1 DAGs
[2025-04-29T04:55:27.364+0000] {logging_mixin.py:137} INFO - [2025-04-29T04:55:27.364+0000] {dag.py:3441} INFO - Setting next_dagrun for example_task_group_decorator to 2025-04-28T04:55:27.364368+00:00, run_after=2025-04-29T04:55:27.364368+00:00
[2025-04-29T04:55:27.399+0000] {processor.py:175} INFO - Processing /home/airflow/.local/lib/python3.7/site-packages/airflow/example_dags/example_task_group_decorator.py took 0.110 seconds
[2025-04-29T04:55:57.942+0000] {processor.py:153} INFO - Started process (PID=3191) to work on /home/airflow/.local/lib/python3.7/site-packages/airflow/example_dags/example_task_group_decorator.py
[2025-04-29T04:55:57.943+0000] {processor.py:743} INFO - Processing file /home/airflow/.local/lib/python3.7/site-packages/airflow/example_dags/example_task_group_decorator.py for tasks to queue
[2025-04-29T04:55:57.943+0000] {logging_mixin.py:137} INFO - [2025-04-29T04:55:57.943+0000] {dagbag.py:538} INFO - Filling up the DagBag from /home/airflow/.local/lib/python3.7/site-packages/airflow/example_dags/example_task_group_decorator.py
[2025-04-29T04:55:57.956+0000] {processor.py:753} INFO - DAG(s) dict_keys(['example_task_group_decorator']) retrieved from /home/airflow/.local/lib/python3.7/site-packages/airflow/example_dags/example_task_group_decorator.py
[2025-04-29T04:55:57.969+0000] {logging_mixin.py:137} INFO - [2025-04-29T04:55:57.969+0000] {dag.py:2690} INFO - Sync 1 DAGs
[2025-04-29T04:55:57.979+0000] {logging_mixin.py:137} INFO - [2025-04-29T04:55:57.979+0000] {dag.py:3441} INFO - Setting next_dagrun for example_task_group_decorator to 2025-04-28T04:55:57.979749+00:00, run_after=2025-04-29T04:55:57.979749+00:00
[2025-04-29T04:55:57.990+0000] {processor.py:175} INFO - Processing /home/airflow/.local/lib/python3.7/site-packages/airflow/example_dags/example_task_group_decorator.py took 0.050 seconds
[2025-04-29T04:56:28.504+0000] {processor.py:153} INFO - Started process (PID=3283) to work on /home/airflow/.local/lib/python3.7/site-packages/airflow/example_dags/example_task_group_decorator.py
[2025-04-29T04:56:28.505+0000] {processor.py:743} INFO - Processing file /home/airflow/.local/lib/python3.7/site-packages/airflow/example_dags/example_task_group_decorator.py for tasks to queue
[2025-04-29T04:56:28.506+0000] {logging_mixin.py:137} INFO - [2025-04-29T04:56:28.505+0000] {dagbag.py:538} INFO - Filling up the DagBag from /home/airflow/.local/lib/python3.7/site-packages/airflow/example_dags/example_task_group_decorator.py
[2025-04-29T04:56:28.518+0000] {processor.py:753} INFO - DAG(s) dict_keys(['example_task_group_decorator']) retrieved from /home/airflow/.local/lib/python3.7/site-packages/airflow/example_dags/example_task_group_decorator.py
[2025-04-29T04:56:28.531+0000] {logging_mixin.py:137} INFO - [2025-04-29T04:56:28.531+0000] {dag.py:2690} INFO - Sync 1 DAGs
[2025-04-29T04:56:28.544+0000] {logging_mixin.py:137} INFO - [2025-04-29T04:56:28.544+0000] {dag.py:3441} INFO - Setting next_dagrun for example_task_group_decorator to 2025-04-28T04:56:28.544418+00:00, run_after=2025-04-29T04:56:28.544418+00:00
[2025-04-29T04:56:28.555+0000] {processor.py:175} INFO - Processing /home/airflow/.local/lib/python3.7/site-packages/airflow/example_dags/example_task_group_decorator.py took 0.052 seconds
