[2025-04-29T04:38:04.514+0000] {processor.py:153} INFO - Started process (PID=44) to work on /home/airflow/.local/lib/python3.7/site-packages/airflow/example_dags/example_xcom.py
[2025-04-29T04:38:04.516+0000] {processor.py:743} INFO - Processing file /home/airflow/.local/lib/python3.7/site-packages/airflow/example_dags/example_xcom.py for tasks to queue
[2025-04-29T04:38:04.519+0000] {logging_mixin.py:137} INFO - [2025-04-29T04:38:04.519+0000] {dagbag.py:538} INFO - Filling up the DagBag from /home/airflow/.local/lib/python3.7/site-packages/airflow/example_dags/example_xcom.py
[2025-04-29T04:38:04.542+0000] {processor.py:753} INFO - DAG(s) dict_keys(['example_xcom']) retrieved from /home/airflow/.local/lib/python3.7/site-packages/airflow/example_dags/example_xcom.py
[2025-04-29T04:38:04.566+0000] {logging_mixin.py:137} INFO - [2025-04-29T04:38:04.566+0000] {dag.py:2690} INFO - Sync 1 DAGs
[2025-04-29T04:38:04.599+0000] {logging_mixin.py:137} INFO - [2025-04-29T04:38:04.599+0000] {dag.py:3441} INFO - Setting next_dagrun for example_xcom to 2021-01-01T00:00:00+00:00, run_after=2021-01-01T00:00:00+00:00
[2025-04-29T04:38:04.633+0000] {processor.py:175} INFO - Processing /home/airflow/.local/lib/python3.7/site-packages/airflow/example_dags/example_xcom.py took 0.126 seconds
[2025-04-29T04:38:34.741+0000] {processor.py:153} INFO - Started process (PID=147) to work on /home/airflow/.local/lib/python3.7/site-packages/airflow/example_dags/example_xcom.py
[2025-04-29T04:38:34.742+0000] {processor.py:743} INFO - Processing file /home/airflow/.local/lib/python3.7/site-packages/airflow/example_dags/example_xcom.py for tasks to queue
[2025-04-29T04:38:34.742+0000] {logging_mixin.py:137} INFO - [2025-04-29T04:38:34.742+0000] {dagbag.py:538} INFO - Filling up the DagBag from /home/airflow/.local/lib/python3.7/site-packages/airflow/example_dags/example_xcom.py
[2025-04-29T04:38:34.752+0000] {processor.py:753} INFO - DAG(s) dict_keys(['example_xcom']) retrieved from /home/airflow/.local/lib/python3.7/site-packages/airflow/example_dags/example_xcom.py
[2025-04-29T04:38:34.762+0000] {logging_mixin.py:137} INFO - [2025-04-29T04:38:34.762+0000] {dag.py:2690} INFO - Sync 1 DAGs
[2025-04-29T04:38:34.774+0000] {logging_mixin.py:137} INFO - [2025-04-29T04:38:34.774+0000] {dag.py:3441} INFO - Setting next_dagrun for example_xcom to 2021-01-01T00:00:00+00:00, run_after=2021-01-01T00:00:00+00:00
[2025-04-29T04:38:34.781+0000] {processor.py:175} INFO - Processing /home/airflow/.local/lib/python3.7/site-packages/airflow/example_dags/example_xcom.py took 0.041 seconds
[2025-04-29T04:39:05.317+0000] {processor.py:153} INFO - Started process (PID=249) to work on /home/airflow/.local/lib/python3.7/site-packages/airflow/example_dags/example_xcom.py
[2025-04-29T04:39:05.317+0000] {processor.py:743} INFO - Processing file /home/airflow/.local/lib/python3.7/site-packages/airflow/example_dags/example_xcom.py for tasks to queue
[2025-04-29T04:39:05.318+0000] {logging_mixin.py:137} INFO - [2025-04-29T04:39:05.318+0000] {dagbag.py:538} INFO - Filling up the DagBag from /home/airflow/.local/lib/python3.7/site-packages/airflow/example_dags/example_xcom.py
[2025-04-29T04:39:05.331+0000] {processor.py:753} INFO - DAG(s) dict_keys(['example_xcom']) retrieved from /home/airflow/.local/lib/python3.7/site-packages/airflow/example_dags/example_xcom.py
[2025-04-29T04:39:05.348+0000] {logging_mixin.py:137} INFO - [2025-04-29T04:39:05.348+0000] {dag.py:2690} INFO - Sync 1 DAGs
[2025-04-29T04:39:05.361+0000] {logging_mixin.py:137} INFO - [2025-04-29T04:39:05.361+0000] {dag.py:3441} INFO - Setting next_dagrun for example_xcom to 2021-01-01T00:00:00+00:00, run_after=2021-01-01T00:00:00+00:00
[2025-04-29T04:39:05.367+0000] {processor.py:175} INFO - Processing /home/airflow/.local/lib/python3.7/site-packages/airflow/example_dags/example_xcom.py took 0.051 seconds
[2025-04-29T04:39:36.021+0000] {processor.py:153} INFO - Started process (PID=341) to work on /home/airflow/.local/lib/python3.7/site-packages/airflow/example_dags/example_xcom.py
[2025-04-29T04:39:36.022+0000] {processor.py:743} INFO - Processing file /home/airflow/.local/lib/python3.7/site-packages/airflow/example_dags/example_xcom.py for tasks to queue
[2025-04-29T04:39:36.024+0000] {logging_mixin.py:137} INFO - [2025-04-29T04:39:36.024+0000] {dagbag.py:538} INFO - Filling up the DagBag from /home/airflow/.local/lib/python3.7/site-packages/airflow/example_dags/example_xcom.py
[2025-04-29T04:39:36.036+0000] {processor.py:753} INFO - DAG(s) dict_keys(['example_xcom']) retrieved from /home/airflow/.local/lib/python3.7/site-packages/airflow/example_dags/example_xcom.py
[2025-04-29T04:39:36.051+0000] {logging_mixin.py:137} INFO - [2025-04-29T04:39:36.051+0000] {dag.py:2690} INFO - Sync 1 DAGs
[2025-04-29T04:39:36.063+0000] {logging_mixin.py:137} INFO - [2025-04-29T04:39:36.063+0000] {dag.py:3441} INFO - Setting next_dagrun for example_xcom to 2021-01-01T00:00:00+00:00, run_after=2021-01-01T00:00:00+00:00
[2025-04-29T04:39:36.070+0000] {processor.py:175} INFO - Processing /home/airflow/.local/lib/python3.7/site-packages/airflow/example_dags/example_xcom.py took 0.050 seconds
[2025-04-29T04:40:06.674+0000] {processor.py:153} INFO - Started process (PID=417) to work on /home/airflow/.local/lib/python3.7/site-packages/airflow/example_dags/example_xcom.py
[2025-04-29T04:40:06.674+0000] {processor.py:743} INFO - Processing file /home/airflow/.local/lib/python3.7/site-packages/airflow/example_dags/example_xcom.py for tasks to queue
[2025-04-29T04:40:06.675+0000] {logging_mixin.py:137} INFO - [2025-04-29T04:40:06.675+0000] {dagbag.py:538} INFO - Filling up the DagBag from /home/airflow/.local/lib/python3.7/site-packages/airflow/example_dags/example_xcom.py
[2025-04-29T04:40:06.687+0000] {processor.py:753} INFO - DAG(s) dict_keys(['example_xcom']) retrieved from /home/airflow/.local/lib/python3.7/site-packages/airflow/example_dags/example_xcom.py
[2025-04-29T04:40:06.704+0000] {logging_mixin.py:137} INFO - [2025-04-29T04:40:06.704+0000] {dag.py:2690} INFO - Sync 1 DAGs
[2025-04-29T04:40:06.714+0000] {logging_mixin.py:137} INFO - [2025-04-29T04:40:06.714+0000] {dag.py:3441} INFO - Setting next_dagrun for example_xcom to 2021-01-01T00:00:00+00:00, run_after=2021-01-01T00:00:00+00:00
[2025-04-29T04:40:06.721+0000] {processor.py:175} INFO - Processing /home/airflow/.local/lib/python3.7/site-packages/airflow/example_dags/example_xcom.py took 0.049 seconds
[2025-04-29T04:40:37.337+0000] {processor.py:153} INFO - Started process (PID=508) to work on /home/airflow/.local/lib/python3.7/site-packages/airflow/example_dags/example_xcom.py
[2025-04-29T04:40:37.337+0000] {processor.py:743} INFO - Processing file /home/airflow/.local/lib/python3.7/site-packages/airflow/example_dags/example_xcom.py for tasks to queue
[2025-04-29T04:40:37.338+0000] {logging_mixin.py:137} INFO - [2025-04-29T04:40:37.338+0000] {dagbag.py:538} INFO - Filling up the DagBag from /home/airflow/.local/lib/python3.7/site-packages/airflow/example_dags/example_xcom.py
[2025-04-29T04:40:37.350+0000] {processor.py:753} INFO - DAG(s) dict_keys(['example_xcom']) retrieved from /home/airflow/.local/lib/python3.7/site-packages/airflow/example_dags/example_xcom.py
[2025-04-29T04:40:37.364+0000] {logging_mixin.py:137} INFO - [2025-04-29T04:40:37.364+0000] {dag.py:2690} INFO - Sync 1 DAGs
[2025-04-29T04:40:37.377+0000] {logging_mixin.py:137} INFO - [2025-04-29T04:40:37.377+0000] {dag.py:3441} INFO - Setting next_dagrun for example_xcom to 2021-01-01T00:00:00+00:00, run_after=2021-01-01T00:00:00+00:00
[2025-04-29T04:40:37.385+0000] {processor.py:175} INFO - Processing /home/airflow/.local/lib/python3.7/site-packages/airflow/example_dags/example_xcom.py took 0.050 seconds
[2025-04-29T04:41:08.057+0000] {processor.py:153} INFO - Started process (PID=600) to work on /home/airflow/.local/lib/python3.7/site-packages/airflow/example_dags/example_xcom.py
[2025-04-29T04:41:08.057+0000] {processor.py:743} INFO - Processing file /home/airflow/.local/lib/python3.7/site-packages/airflow/example_dags/example_xcom.py for tasks to queue
[2025-04-29T04:41:08.057+0000] {logging_mixin.py:137} INFO - [2025-04-29T04:41:08.057+0000] {dagbag.py:538} INFO - Filling up the DagBag from /home/airflow/.local/lib/python3.7/site-packages/airflow/example_dags/example_xcom.py
[2025-04-29T04:41:08.066+0000] {processor.py:753} INFO - DAG(s) dict_keys(['example_xcom']) retrieved from /home/airflow/.local/lib/python3.7/site-packages/airflow/example_dags/example_xcom.py
[2025-04-29T04:41:08.076+0000] {logging_mixin.py:137} INFO - [2025-04-29T04:41:08.076+0000] {dag.py:2690} INFO - Sync 1 DAGs
[2025-04-29T04:41:08.085+0000] {logging_mixin.py:137} INFO - [2025-04-29T04:41:08.085+0000] {dag.py:3441} INFO - Setting next_dagrun for example_xcom to 2021-01-01T00:00:00+00:00, run_after=2021-01-01T00:00:00+00:00
[2025-04-29T04:41:08.092+0000] {processor.py:175} INFO - Processing /home/airflow/.local/lib/python3.7/site-packages/airflow/example_dags/example_xcom.py took 0.036 seconds
[2025-04-29T04:41:38.877+0000] {processor.py:153} INFO - Started process (PID=692) to work on /home/airflow/.local/lib/python3.7/site-packages/airflow/example_dags/example_xcom.py
[2025-04-29T04:41:38.877+0000] {processor.py:743} INFO - Processing file /home/airflow/.local/lib/python3.7/site-packages/airflow/example_dags/example_xcom.py for tasks to queue
[2025-04-29T04:41:38.878+0000] {logging_mixin.py:137} INFO - [2025-04-29T04:41:38.878+0000] {dagbag.py:538} INFO - Filling up the DagBag from /home/airflow/.local/lib/python3.7/site-packages/airflow/example_dags/example_xcom.py
[2025-04-29T04:41:38.887+0000] {processor.py:753} INFO - DAG(s) dict_keys(['example_xcom']) retrieved from /home/airflow/.local/lib/python3.7/site-packages/airflow/example_dags/example_xcom.py
[2025-04-29T04:41:38.897+0000] {logging_mixin.py:137} INFO - [2025-04-29T04:41:38.897+0000] {dag.py:2690} INFO - Sync 1 DAGs
[2025-04-29T04:41:38.906+0000] {logging_mixin.py:137} INFO - [2025-04-29T04:41:38.906+0000] {dag.py:3441} INFO - Setting next_dagrun for example_xcom to 2021-01-01T00:00:00+00:00, run_after=2021-01-01T00:00:00+00:00
[2025-04-29T04:41:38.913+0000] {processor.py:175} INFO - Processing /home/airflow/.local/lib/python3.7/site-packages/airflow/example_dags/example_xcom.py took 0.037 seconds
[2025-04-29T04:42:09.525+0000] {processor.py:153} INFO - Started process (PID=784) to work on /home/airflow/.local/lib/python3.7/site-packages/airflow/example_dags/example_xcom.py
[2025-04-29T04:42:09.525+0000] {processor.py:743} INFO - Processing file /home/airflow/.local/lib/python3.7/site-packages/airflow/example_dags/example_xcom.py for tasks to queue
[2025-04-29T04:42:09.525+0000] {logging_mixin.py:137} INFO - [2025-04-29T04:42:09.525+0000] {dagbag.py:538} INFO - Filling up the DagBag from /home/airflow/.local/lib/python3.7/site-packages/airflow/example_dags/example_xcom.py
[2025-04-29T04:42:09.534+0000] {processor.py:753} INFO - DAG(s) dict_keys(['example_xcom']) retrieved from /home/airflow/.local/lib/python3.7/site-packages/airflow/example_dags/example_xcom.py
[2025-04-29T04:42:09.544+0000] {logging_mixin.py:137} INFO - [2025-04-29T04:42:09.544+0000] {dag.py:2690} INFO - Sync 1 DAGs
[2025-04-29T04:42:09.553+0000] {logging_mixin.py:137} INFO - [2025-04-29T04:42:09.553+0000] {dag.py:3441} INFO - Setting next_dagrun for example_xcom to 2021-01-01T00:00:00+00:00, run_after=2021-01-01T00:00:00+00:00
[2025-04-29T04:42:09.559+0000] {processor.py:175} INFO - Processing /home/airflow/.local/lib/python3.7/site-packages/airflow/example_dags/example_xcom.py took 0.036 seconds
[2025-04-29T04:42:40.242+0000] {processor.py:153} INFO - Started process (PID=860) to work on /home/airflow/.local/lib/python3.7/site-packages/airflow/example_dags/example_xcom.py
[2025-04-29T04:42:40.243+0000] {processor.py:743} INFO - Processing file /home/airflow/.local/lib/python3.7/site-packages/airflow/example_dags/example_xcom.py for tasks to queue
[2025-04-29T04:42:40.243+0000] {logging_mixin.py:137} INFO - [2025-04-29T04:42:40.243+0000] {dagbag.py:538} INFO - Filling up the DagBag from /home/airflow/.local/lib/python3.7/site-packages/airflow/example_dags/example_xcom.py
[2025-04-29T04:42:40.255+0000] {processor.py:753} INFO - DAG(s) dict_keys(['example_xcom']) retrieved from /home/airflow/.local/lib/python3.7/site-packages/airflow/example_dags/example_xcom.py
[2025-04-29T04:42:40.282+0000] {logging_mixin.py:137} INFO - [2025-04-29T04:42:40.282+0000] {dag.py:2690} INFO - Sync 1 DAGs
[2025-04-29T04:42:40.300+0000] {logging_mixin.py:137} INFO - [2025-04-29T04:42:40.300+0000] {dag.py:3441} INFO - Setting next_dagrun for example_xcom to 2021-01-01T00:00:00+00:00, run_after=2021-01-01T00:00:00+00:00
[2025-04-29T04:42:40.311+0000] {processor.py:175} INFO - Processing /home/airflow/.local/lib/python3.7/site-packages/airflow/example_dags/example_xcom.py took 0.072 seconds
[2025-04-29T04:43:10.613+0000] {processor.py:153} INFO - Started process (PID=952) to work on /home/airflow/.local/lib/python3.7/site-packages/airflow/example_dags/example_xcom.py
[2025-04-29T04:43:10.613+0000] {processor.py:743} INFO - Processing file /home/airflow/.local/lib/python3.7/site-packages/airflow/example_dags/example_xcom.py for tasks to queue
[2025-04-29T04:43:10.613+0000] {logging_mixin.py:137} INFO - [2025-04-29T04:43:10.613+0000] {dagbag.py:538} INFO - Filling up the DagBag from /home/airflow/.local/lib/python3.7/site-packages/airflow/example_dags/example_xcom.py
[2025-04-29T04:43:10.622+0000] {processor.py:753} INFO - DAG(s) dict_keys(['example_xcom']) retrieved from /home/airflow/.local/lib/python3.7/site-packages/airflow/example_dags/example_xcom.py
[2025-04-29T04:43:10.631+0000] {logging_mixin.py:137} INFO - [2025-04-29T04:43:10.631+0000] {dag.py:2690} INFO - Sync 1 DAGs
[2025-04-29T04:43:10.641+0000] {logging_mixin.py:137} INFO - [2025-04-29T04:43:10.641+0000] {dag.py:3441} INFO - Setting next_dagrun for example_xcom to 2021-01-01T00:00:00+00:00, run_after=2021-01-01T00:00:00+00:00
[2025-04-29T04:43:10.647+0000] {processor.py:175} INFO - Processing /home/airflow/.local/lib/python3.7/site-packages/airflow/example_dags/example_xcom.py took 0.036 seconds
[2025-04-29T04:43:41.369+0000] {processor.py:153} INFO - Started process (PID=1044) to work on /home/airflow/.local/lib/python3.7/site-packages/airflow/example_dags/example_xcom.py
[2025-04-29T04:43:41.369+0000] {processor.py:743} INFO - Processing file /home/airflow/.local/lib/python3.7/site-packages/airflow/example_dags/example_xcom.py for tasks to queue
[2025-04-29T04:43:41.370+0000] {logging_mixin.py:137} INFO - [2025-04-29T04:43:41.370+0000] {dagbag.py:538} INFO - Filling up the DagBag from /home/airflow/.local/lib/python3.7/site-packages/airflow/example_dags/example_xcom.py
[2025-04-29T04:43:41.378+0000] {processor.py:753} INFO - DAG(s) dict_keys(['example_xcom']) retrieved from /home/airflow/.local/lib/python3.7/site-packages/airflow/example_dags/example_xcom.py
[2025-04-29T04:43:41.387+0000] {logging_mixin.py:137} INFO - [2025-04-29T04:43:41.387+0000] {dag.py:2690} INFO - Sync 1 DAGs
[2025-04-29T04:43:41.396+0000] {logging_mixin.py:137} INFO - [2025-04-29T04:43:41.396+0000] {dag.py:3441} INFO - Setting next_dagrun for example_xcom to 2021-01-01T00:00:00+00:00, run_after=2021-01-01T00:00:00+00:00
[2025-04-29T04:43:41.402+0000] {processor.py:175} INFO - Processing /home/airflow/.local/lib/python3.7/site-packages/airflow/example_dags/example_xcom.py took 0.034 seconds
[2025-04-29T04:44:11.954+0000] {processor.py:153} INFO - Started process (PID=1136) to work on /home/airflow/.local/lib/python3.7/site-packages/airflow/example_dags/example_xcom.py
[2025-04-29T04:44:11.955+0000] {processor.py:743} INFO - Processing file /home/airflow/.local/lib/python3.7/site-packages/airflow/example_dags/example_xcom.py for tasks to queue
[2025-04-29T04:44:11.956+0000] {logging_mixin.py:137} INFO - [2025-04-29T04:44:11.956+0000] {dagbag.py:538} INFO - Filling up the DagBag from /home/airflow/.local/lib/python3.7/site-packages/airflow/example_dags/example_xcom.py
[2025-04-29T04:44:11.969+0000] {processor.py:753} INFO - DAG(s) dict_keys(['example_xcom']) retrieved from /home/airflow/.local/lib/python3.7/site-packages/airflow/example_dags/example_xcom.py
[2025-04-29T04:44:11.989+0000] {logging_mixin.py:137} INFO - [2025-04-29T04:44:11.989+0000] {dag.py:2690} INFO - Sync 1 DAGs
[2025-04-29T04:44:12.001+0000] {logging_mixin.py:137} INFO - [2025-04-29T04:44:12.001+0000] {dag.py:3441} INFO - Setting next_dagrun for example_xcom to 2021-01-01T00:00:00+00:00, run_after=2021-01-01T00:00:00+00:00
[2025-04-29T04:44:12.008+0000] {processor.py:175} INFO - Processing /home/airflow/.local/lib/python3.7/site-packages/airflow/example_dags/example_xcom.py took 0.055 seconds
[2025-04-29T04:44:42.653+0000] {processor.py:153} INFO - Started process (PID=1228) to work on /home/airflow/.local/lib/python3.7/site-packages/airflow/example_dags/example_xcom.py
[2025-04-29T04:44:42.654+0000] {processor.py:743} INFO - Processing file /home/airflow/.local/lib/python3.7/site-packages/airflow/example_dags/example_xcom.py for tasks to queue
[2025-04-29T04:44:42.654+0000] {logging_mixin.py:137} INFO - [2025-04-29T04:44:42.654+0000] {dagbag.py:538} INFO - Filling up the DagBag from /home/airflow/.local/lib/python3.7/site-packages/airflow/example_dags/example_xcom.py
[2025-04-29T04:44:42.664+0000] {processor.py:753} INFO - DAG(s) dict_keys(['example_xcom']) retrieved from /home/airflow/.local/lib/python3.7/site-packages/airflow/example_dags/example_xcom.py
[2025-04-29T04:44:42.675+0000] {logging_mixin.py:137} INFO - [2025-04-29T04:44:42.674+0000] {dag.py:2690} INFO - Sync 1 DAGs
[2025-04-29T04:44:42.685+0000] {logging_mixin.py:137} INFO - [2025-04-29T04:44:42.685+0000] {dag.py:3441} INFO - Setting next_dagrun for example_xcom to 2021-01-01T00:00:00+00:00, run_after=2021-01-01T00:00:00+00:00
[2025-04-29T04:44:42.692+0000] {processor.py:175} INFO - Processing /home/airflow/.local/lib/python3.7/site-packages/airflow/example_dags/example_xcom.py took 0.040 seconds
[2025-04-29T04:45:13.299+0000] {processor.py:153} INFO - Started process (PID=1303) to work on /home/airflow/.local/lib/python3.7/site-packages/airflow/example_dags/example_xcom.py
[2025-04-29T04:45:13.299+0000] {processor.py:743} INFO - Processing file /home/airflow/.local/lib/python3.7/site-packages/airflow/example_dags/example_xcom.py for tasks to queue
[2025-04-29T04:45:13.299+0000] {logging_mixin.py:137} INFO - [2025-04-29T04:45:13.299+0000] {dagbag.py:538} INFO - Filling up the DagBag from /home/airflow/.local/lib/python3.7/site-packages/airflow/example_dags/example_xcom.py
[2025-04-29T04:45:13.308+0000] {processor.py:753} INFO - DAG(s) dict_keys(['example_xcom']) retrieved from /home/airflow/.local/lib/python3.7/site-packages/airflow/example_dags/example_xcom.py
[2025-04-29T04:45:13.319+0000] {logging_mixin.py:137} INFO - [2025-04-29T04:45:13.319+0000] {dag.py:2690} INFO - Sync 1 DAGs
[2025-04-29T04:45:13.328+0000] {logging_mixin.py:137} INFO - [2025-04-29T04:45:13.328+0000] {dag.py:3441} INFO - Setting next_dagrun for example_xcom to 2021-01-01T00:00:00+00:00, run_after=2021-01-01T00:00:00+00:00
[2025-04-29T04:45:13.334+0000] {processor.py:175} INFO - Processing /home/airflow/.local/lib/python3.7/site-packages/airflow/example_dags/example_xcom.py took 0.037 seconds
[2025-04-29T04:45:43.841+0000] {processor.py:153} INFO - Started process (PID=1395) to work on /home/airflow/.local/lib/python3.7/site-packages/airflow/example_dags/example_xcom.py
[2025-04-29T04:45:43.842+0000] {processor.py:743} INFO - Processing file /home/airflow/.local/lib/python3.7/site-packages/airflow/example_dags/example_xcom.py for tasks to queue
[2025-04-29T04:45:43.844+0000] {logging_mixin.py:137} INFO - [2025-04-29T04:45:43.844+0000] {dagbag.py:538} INFO - Filling up the DagBag from /home/airflow/.local/lib/python3.7/site-packages/airflow/example_dags/example_xcom.py
[2025-04-29T04:45:43.853+0000] {processor.py:753} INFO - DAG(s) dict_keys(['example_xcom']) retrieved from /home/airflow/.local/lib/python3.7/site-packages/airflow/example_dags/example_xcom.py
[2025-04-29T04:45:43.862+0000] {logging_mixin.py:137} INFO - [2025-04-29T04:45:43.862+0000] {dag.py:2690} INFO - Sync 1 DAGs
[2025-04-29T04:45:43.871+0000] {logging_mixin.py:137} INFO - [2025-04-29T04:45:43.871+0000] {dag.py:3441} INFO - Setting next_dagrun for example_xcom to 2021-01-01T00:00:00+00:00, run_after=2021-01-01T00:00:00+00:00
[2025-04-29T04:45:43.877+0000] {processor.py:175} INFO - Processing /home/airflow/.local/lib/python3.7/site-packages/airflow/example_dags/example_xcom.py took 0.037 seconds
[2025-04-29T04:46:14.415+0000] {processor.py:153} INFO - Started process (PID=1487) to work on /home/airflow/.local/lib/python3.7/site-packages/airflow/example_dags/example_xcom.py
[2025-04-29T04:46:14.415+0000] {processor.py:743} INFO - Processing file /home/airflow/.local/lib/python3.7/site-packages/airflow/example_dags/example_xcom.py for tasks to queue
[2025-04-29T04:46:14.415+0000] {logging_mixin.py:137} INFO - [2025-04-29T04:46:14.415+0000] {dagbag.py:538} INFO - Filling up the DagBag from /home/airflow/.local/lib/python3.7/site-packages/airflow/example_dags/example_xcom.py
[2025-04-29T04:46:14.424+0000] {processor.py:753} INFO - DAG(s) dict_keys(['example_xcom']) retrieved from /home/airflow/.local/lib/python3.7/site-packages/airflow/example_dags/example_xcom.py
[2025-04-29T04:46:14.438+0000] {logging_mixin.py:137} INFO - [2025-04-29T04:46:14.438+0000] {dag.py:2690} INFO - Sync 1 DAGs
[2025-04-29T04:46:14.449+0000] {logging_mixin.py:137} INFO - [2025-04-29T04:46:14.449+0000] {dag.py:3441} INFO - Setting next_dagrun for example_xcom to 2021-01-01T00:00:00+00:00, run_after=2021-01-01T00:00:00+00:00
[2025-04-29T04:46:14.457+0000] {processor.py:175} INFO - Processing /home/airflow/.local/lib/python3.7/site-packages/airflow/example_dags/example_xcom.py took 0.044 seconds
[2025-04-29T04:46:45.193+0000] {processor.py:153} INFO - Started process (PID=1579) to work on /home/airflow/.local/lib/python3.7/site-packages/airflow/example_dags/example_xcom.py
[2025-04-29T04:46:45.194+0000] {processor.py:743} INFO - Processing file /home/airflow/.local/lib/python3.7/site-packages/airflow/example_dags/example_xcom.py for tasks to queue
[2025-04-29T04:46:45.194+0000] {logging_mixin.py:137} INFO - [2025-04-29T04:46:45.194+0000] {dagbag.py:538} INFO - Filling up the DagBag from /home/airflow/.local/lib/python3.7/site-packages/airflow/example_dags/example_xcom.py
[2025-04-29T04:46:45.202+0000] {processor.py:753} INFO - DAG(s) dict_keys(['example_xcom']) retrieved from /home/airflow/.local/lib/python3.7/site-packages/airflow/example_dags/example_xcom.py
[2025-04-29T04:46:45.211+0000] {logging_mixin.py:137} INFO - [2025-04-29T04:46:45.211+0000] {dag.py:2690} INFO - Sync 1 DAGs
[2025-04-29T04:46:45.220+0000] {logging_mixin.py:137} INFO - [2025-04-29T04:46:45.220+0000] {dag.py:3441} INFO - Setting next_dagrun for example_xcom to 2021-01-01T00:00:00+00:00, run_after=2021-01-01T00:00:00+00:00
[2025-04-29T04:46:45.226+0000] {processor.py:175} INFO - Processing /home/airflow/.local/lib/python3.7/site-packages/airflow/example_dags/example_xcom.py took 0.034 seconds
[2025-04-29T04:47:15.671+0000] {processor.py:153} INFO - Started process (PID=1671) to work on /home/airflow/.local/lib/python3.7/site-packages/airflow/example_dags/example_xcom.py
[2025-04-29T04:47:15.672+0000] {processor.py:743} INFO - Processing file /home/airflow/.local/lib/python3.7/site-packages/airflow/example_dags/example_xcom.py for tasks to queue
[2025-04-29T04:47:15.672+0000] {logging_mixin.py:137} INFO - [2025-04-29T04:47:15.672+0000] {dagbag.py:538} INFO - Filling up the DagBag from /home/airflow/.local/lib/python3.7/site-packages/airflow/example_dags/example_xcom.py
[2025-04-29T04:47:15.681+0000] {processor.py:753} INFO - DAG(s) dict_keys(['example_xcom']) retrieved from /home/airflow/.local/lib/python3.7/site-packages/airflow/example_dags/example_xcom.py
[2025-04-29T04:47:15.691+0000] {logging_mixin.py:137} INFO - [2025-04-29T04:47:15.691+0000] {dag.py:2690} INFO - Sync 1 DAGs
[2025-04-29T04:47:15.700+0000] {logging_mixin.py:137} INFO - [2025-04-29T04:47:15.700+0000] {dag.py:3441} INFO - Setting next_dagrun for example_xcom to 2021-01-01T00:00:00+00:00, run_after=2021-01-01T00:00:00+00:00
[2025-04-29T04:47:15.706+0000] {processor.py:175} INFO - Processing /home/airflow/.local/lib/python3.7/site-packages/airflow/example_dags/example_xcom.py took 0.036 seconds
[2025-04-29T04:47:46.158+0000] {processor.py:153} INFO - Started process (PID=1747) to work on /home/airflow/.local/lib/python3.7/site-packages/airflow/example_dags/example_xcom.py
[2025-04-29T04:47:46.160+0000] {processor.py:743} INFO - Processing file /home/airflow/.local/lib/python3.7/site-packages/airflow/example_dags/example_xcom.py for tasks to queue
[2025-04-29T04:47:46.160+0000] {logging_mixin.py:137} INFO - [2025-04-29T04:47:46.160+0000] {dagbag.py:538} INFO - Filling up the DagBag from /home/airflow/.local/lib/python3.7/site-packages/airflow/example_dags/example_xcom.py
[2025-04-29T04:47:46.169+0000] {processor.py:753} INFO - DAG(s) dict_keys(['example_xcom']) retrieved from /home/airflow/.local/lib/python3.7/site-packages/airflow/example_dags/example_xcom.py
[2025-04-29T04:47:46.185+0000] {logging_mixin.py:137} INFO - [2025-04-29T04:47:46.185+0000] {dag.py:2690} INFO - Sync 1 DAGs
[2025-04-29T04:47:46.196+0000] {logging_mixin.py:137} INFO - [2025-04-29T04:47:46.196+0000] {dag.py:3441} INFO - Setting next_dagrun for example_xcom to 2021-01-01T00:00:00+00:00, run_after=2021-01-01T00:00:00+00:00
[2025-04-29T04:47:46.203+0000] {processor.py:175} INFO - Processing /home/airflow/.local/lib/python3.7/site-packages/airflow/example_dags/example_xcom.py took 0.047 seconds
[2025-04-29T04:48:16.711+0000] {processor.py:153} INFO - Started process (PID=1839) to work on /home/airflow/.local/lib/python3.7/site-packages/airflow/example_dags/example_xcom.py
[2025-04-29T04:48:16.711+0000] {processor.py:743} INFO - Processing file /home/airflow/.local/lib/python3.7/site-packages/airflow/example_dags/example_xcom.py for tasks to queue
[2025-04-29T04:48:16.711+0000] {logging_mixin.py:137} INFO - [2025-04-29T04:48:16.711+0000] {dagbag.py:538} INFO - Filling up the DagBag from /home/airflow/.local/lib/python3.7/site-packages/airflow/example_dags/example_xcom.py
[2025-04-29T04:48:16.721+0000] {processor.py:753} INFO - DAG(s) dict_keys(['example_xcom']) retrieved from /home/airflow/.local/lib/python3.7/site-packages/airflow/example_dags/example_xcom.py
[2025-04-29T04:48:16.731+0000] {logging_mixin.py:137} INFO - [2025-04-29T04:48:16.731+0000] {dag.py:2690} INFO - Sync 1 DAGs
[2025-04-29T04:48:16.743+0000] {logging_mixin.py:137} INFO - [2025-04-29T04:48:16.743+0000] {dag.py:3441} INFO - Setting next_dagrun for example_xcom to 2021-01-01T00:00:00+00:00, run_after=2021-01-01T00:00:00+00:00
[2025-04-29T04:48:16.749+0000] {processor.py:175} INFO - Processing /home/airflow/.local/lib/python3.7/site-packages/airflow/example_dags/example_xcom.py took 0.040 seconds
[2025-04-29T04:48:47.222+0000] {processor.py:153} INFO - Started process (PID=1931) to work on /home/airflow/.local/lib/python3.7/site-packages/airflow/example_dags/example_xcom.py
[2025-04-29T04:48:47.222+0000] {processor.py:743} INFO - Processing file /home/airflow/.local/lib/python3.7/site-packages/airflow/example_dags/example_xcom.py for tasks to queue
[2025-04-29T04:48:47.223+0000] {logging_mixin.py:137} INFO - [2025-04-29T04:48:47.223+0000] {dagbag.py:538} INFO - Filling up the DagBag from /home/airflow/.local/lib/python3.7/site-packages/airflow/example_dags/example_xcom.py
[2025-04-29T04:48:47.231+0000] {processor.py:753} INFO - DAG(s) dict_keys(['example_xcom']) retrieved from /home/airflow/.local/lib/python3.7/site-packages/airflow/example_dags/example_xcom.py
[2025-04-29T04:48:47.241+0000] {logging_mixin.py:137} INFO - [2025-04-29T04:48:47.241+0000] {dag.py:2690} INFO - Sync 1 DAGs
[2025-04-29T04:48:47.250+0000] {logging_mixin.py:137} INFO - [2025-04-29T04:48:47.250+0000] {dag.py:3441} INFO - Setting next_dagrun for example_xcom to 2021-01-01T00:00:00+00:00, run_after=2021-01-01T00:00:00+00:00
[2025-04-29T04:48:47.256+0000] {processor.py:175} INFO - Processing /home/airflow/.local/lib/python3.7/site-packages/airflow/example_dags/example_xcom.py took 0.036 seconds
[2025-04-29T04:49:17.872+0000] {processor.py:153} INFO - Started process (PID=2023) to work on /home/airflow/.local/lib/python3.7/site-packages/airflow/example_dags/example_xcom.py
[2025-04-29T04:49:17.872+0000] {processor.py:743} INFO - Processing file /home/airflow/.local/lib/python3.7/site-packages/airflow/example_dags/example_xcom.py for tasks to queue
[2025-04-29T04:49:17.872+0000] {logging_mixin.py:137} INFO - [2025-04-29T04:49:17.872+0000] {dagbag.py:538} INFO - Filling up the DagBag from /home/airflow/.local/lib/python3.7/site-packages/airflow/example_dags/example_xcom.py
[2025-04-29T04:49:17.881+0000] {processor.py:753} INFO - DAG(s) dict_keys(['example_xcom']) retrieved from /home/airflow/.local/lib/python3.7/site-packages/airflow/example_dags/example_xcom.py
[2025-04-29T04:49:17.890+0000] {logging_mixin.py:137} INFO - [2025-04-29T04:49:17.890+0000] {dag.py:2690} INFO - Sync 1 DAGs
[2025-04-29T04:49:17.898+0000] {logging_mixin.py:137} INFO - [2025-04-29T04:49:17.898+0000] {dag.py:3441} INFO - Setting next_dagrun for example_xcom to 2021-01-01T00:00:00+00:00, run_after=2021-01-01T00:00:00+00:00
[2025-04-29T04:49:17.904+0000] {processor.py:175} INFO - Processing /home/airflow/.local/lib/python3.7/site-packages/airflow/example_dags/example_xcom.py took 0.034 seconds
[2025-04-29T04:49:48.470+0000] {processor.py:153} INFO - Started process (PID=2115) to work on /home/airflow/.local/lib/python3.7/site-packages/airflow/example_dags/example_xcom.py
[2025-04-29T04:49:48.472+0000] {processor.py:743} INFO - Processing file /home/airflow/.local/lib/python3.7/site-packages/airflow/example_dags/example_xcom.py for tasks to queue
[2025-04-29T04:49:48.472+0000] {logging_mixin.py:137} INFO - [2025-04-29T04:49:48.472+0000] {dagbag.py:538} INFO - Filling up the DagBag from /home/airflow/.local/lib/python3.7/site-packages/airflow/example_dags/example_xcom.py
[2025-04-29T04:49:48.482+0000] {processor.py:753} INFO - DAG(s) dict_keys(['example_xcom']) retrieved from /home/airflow/.local/lib/python3.7/site-packages/airflow/example_dags/example_xcom.py
[2025-04-29T04:49:48.495+0000] {logging_mixin.py:137} INFO - [2025-04-29T04:49:48.495+0000] {dag.py:2690} INFO - Sync 1 DAGs
[2025-04-29T04:49:48.505+0000] {logging_mixin.py:137} INFO - [2025-04-29T04:49:48.505+0000] {dag.py:3441} INFO - Setting next_dagrun for example_xcom to 2021-01-01T00:00:00+00:00, run_after=2021-01-01T00:00:00+00:00
[2025-04-29T04:49:48.511+0000] {processor.py:175} INFO - Processing /home/airflow/.local/lib/python3.7/site-packages/airflow/example_dags/example_xcom.py took 0.042 seconds
[2025-04-29T04:50:19.007+0000] {processor.py:153} INFO - Started process (PID=2191) to work on /home/airflow/.local/lib/python3.7/site-packages/airflow/example_dags/example_xcom.py
[2025-04-29T04:50:19.007+0000] {processor.py:743} INFO - Processing file /home/airflow/.local/lib/python3.7/site-packages/airflow/example_dags/example_xcom.py for tasks to queue
[2025-04-29T04:50:19.008+0000] {logging_mixin.py:137} INFO - [2025-04-29T04:50:19.008+0000] {dagbag.py:538} INFO - Filling up the DagBag from /home/airflow/.local/lib/python3.7/site-packages/airflow/example_dags/example_xcom.py
[2025-04-29T04:50:19.016+0000] {processor.py:753} INFO - DAG(s) dict_keys(['example_xcom']) retrieved from /home/airflow/.local/lib/python3.7/site-packages/airflow/example_dags/example_xcom.py
[2025-04-29T04:50:19.027+0000] {logging_mixin.py:137} INFO - [2025-04-29T04:50:19.027+0000] {dag.py:2690} INFO - Sync 1 DAGs
[2025-04-29T04:50:19.038+0000] {logging_mixin.py:137} INFO - [2025-04-29T04:50:19.038+0000] {dag.py:3441} INFO - Setting next_dagrun for example_xcom to 2021-01-01T00:00:00+00:00, run_after=2021-01-01T00:00:00+00:00
[2025-04-29T04:50:19.045+0000] {processor.py:175} INFO - Processing /home/airflow/.local/lib/python3.7/site-packages/airflow/example_dags/example_xcom.py took 0.039 seconds
[2025-04-29T04:50:49.571+0000] {processor.py:153} INFO - Started process (PID=2282) to work on /home/airflow/.local/lib/python3.7/site-packages/airflow/example_dags/example_xcom.py
[2025-04-29T04:50:49.571+0000] {processor.py:743} INFO - Processing file /home/airflow/.local/lib/python3.7/site-packages/airflow/example_dags/example_xcom.py for tasks to queue
[2025-04-29T04:50:49.572+0000] {logging_mixin.py:137} INFO - [2025-04-29T04:50:49.572+0000] {dagbag.py:538} INFO - Filling up the DagBag from /home/airflow/.local/lib/python3.7/site-packages/airflow/example_dags/example_xcom.py
[2025-04-29T04:50:49.580+0000] {processor.py:753} INFO - DAG(s) dict_keys(['example_xcom']) retrieved from /home/airflow/.local/lib/python3.7/site-packages/airflow/example_dags/example_xcom.py
[2025-04-29T04:50:49.590+0000] {logging_mixin.py:137} INFO - [2025-04-29T04:50:49.590+0000] {dag.py:2690} INFO - Sync 1 DAGs
[2025-04-29T04:50:49.599+0000] {logging_mixin.py:137} INFO - [2025-04-29T04:50:49.599+0000] {dag.py:3441} INFO - Setting next_dagrun for example_xcom to 2021-01-01T00:00:00+00:00, run_after=2021-01-01T00:00:00+00:00
[2025-04-29T04:50:49.605+0000] {processor.py:175} INFO - Processing /home/airflow/.local/lib/python3.7/site-packages/airflow/example_dags/example_xcom.py took 0.035 seconds
[2025-04-29T04:51:20.192+0000] {processor.py:153} INFO - Started process (PID=2375) to work on /home/airflow/.local/lib/python3.7/site-packages/airflow/example_dags/example_xcom.py
[2025-04-29T04:51:20.193+0000] {processor.py:743} INFO - Processing file /home/airflow/.local/lib/python3.7/site-packages/airflow/example_dags/example_xcom.py for tasks to queue
[2025-04-29T04:51:20.193+0000] {logging_mixin.py:137} INFO - [2025-04-29T04:51:20.193+0000] {dagbag.py:538} INFO - Filling up the DagBag from /home/airflow/.local/lib/python3.7/site-packages/airflow/example_dags/example_xcom.py
[2025-04-29T04:51:20.202+0000] {processor.py:753} INFO - DAG(s) dict_keys(['example_xcom']) retrieved from /home/airflow/.local/lib/python3.7/site-packages/airflow/example_dags/example_xcom.py
[2025-04-29T04:51:20.212+0000] {logging_mixin.py:137} INFO - [2025-04-29T04:51:20.211+0000] {dag.py:2690} INFO - Sync 1 DAGs
[2025-04-29T04:51:20.221+0000] {logging_mixin.py:137} INFO - [2025-04-29T04:51:20.221+0000] {dag.py:3441} INFO - Setting next_dagrun for example_xcom to 2021-01-01T00:00:00+00:00, run_after=2021-01-01T00:00:00+00:00
[2025-04-29T04:51:20.227+0000] {processor.py:175} INFO - Processing /home/airflow/.local/lib/python3.7/site-packages/airflow/example_dags/example_xcom.py took 0.036 seconds
[2025-04-29T04:51:50.670+0000] {processor.py:153} INFO - Started process (PID=2467) to work on /home/airflow/.local/lib/python3.7/site-packages/airflow/example_dags/example_xcom.py
[2025-04-29T04:51:50.671+0000] {processor.py:743} INFO - Processing file /home/airflow/.local/lib/python3.7/site-packages/airflow/example_dags/example_xcom.py for tasks to queue
[2025-04-29T04:51:50.671+0000] {logging_mixin.py:137} INFO - [2025-04-29T04:51:50.671+0000] {dagbag.py:538} INFO - Filling up the DagBag from /home/airflow/.local/lib/python3.7/site-packages/airflow/example_dags/example_xcom.py
[2025-04-29T04:51:50.680+0000] {processor.py:753} INFO - DAG(s) dict_keys(['example_xcom']) retrieved from /home/airflow/.local/lib/python3.7/site-packages/airflow/example_dags/example_xcom.py
[2025-04-29T04:51:50.690+0000] {logging_mixin.py:137} INFO - [2025-04-29T04:51:50.690+0000] {dag.py:2690} INFO - Sync 1 DAGs
[2025-04-29T04:51:50.699+0000] {logging_mixin.py:137} INFO - [2025-04-29T04:51:50.699+0000] {dag.py:3441} INFO - Setting next_dagrun for example_xcom to 2021-01-01T00:00:00+00:00, run_after=2021-01-01T00:00:00+00:00
[2025-04-29T04:51:50.705+0000] {processor.py:175} INFO - Processing /home/airflow/.local/lib/python3.7/site-packages/airflow/example_dags/example_xcom.py took 0.036 seconds
[2025-04-29T04:52:21.255+0000] {processor.py:153} INFO - Started process (PID=2552) to work on /home/airflow/.local/lib/python3.7/site-packages/airflow/example_dags/example_xcom.py
[2025-04-29T04:52:21.255+0000] {processor.py:743} INFO - Processing file /home/airflow/.local/lib/python3.7/site-packages/airflow/example_dags/example_xcom.py for tasks to queue
[2025-04-29T04:52:21.255+0000] {logging_mixin.py:137} INFO - [2025-04-29T04:52:21.255+0000] {dagbag.py:538} INFO - Filling up the DagBag from /home/airflow/.local/lib/python3.7/site-packages/airflow/example_dags/example_xcom.py
[2025-04-29T04:52:21.264+0000] {processor.py:753} INFO - DAG(s) dict_keys(['example_xcom']) retrieved from /home/airflow/.local/lib/python3.7/site-packages/airflow/example_dags/example_xcom.py
[2025-04-29T04:52:21.274+0000] {logging_mixin.py:137} INFO - [2025-04-29T04:52:21.274+0000] {dag.py:2690} INFO - Sync 1 DAGs
[2025-04-29T04:52:21.284+0000] {logging_mixin.py:137} INFO - [2025-04-29T04:52:21.283+0000] {dag.py:3441} INFO - Setting next_dagrun for example_xcom to 2021-01-01T00:00:00+00:00, run_after=2021-01-01T00:00:00+00:00
[2025-04-29T04:52:21.290+0000] {processor.py:175} INFO - Processing /home/airflow/.local/lib/python3.7/site-packages/airflow/example_dags/example_xcom.py took 0.037 seconds
[2025-04-29T04:52:51.830+0000] {processor.py:153} INFO - Started process (PID=2635) to work on /home/airflow/.local/lib/python3.7/site-packages/airflow/example_dags/example_xcom.py
[2025-04-29T04:52:51.831+0000] {processor.py:743} INFO - Processing file /home/airflow/.local/lib/python3.7/site-packages/airflow/example_dags/example_xcom.py for tasks to queue
[2025-04-29T04:52:51.832+0000] {logging_mixin.py:137} INFO - [2025-04-29T04:52:51.832+0000] {dagbag.py:538} INFO - Filling up the DagBag from /home/airflow/.local/lib/python3.7/site-packages/airflow/example_dags/example_xcom.py
[2025-04-29T04:52:51.842+0000] {processor.py:753} INFO - DAG(s) dict_keys(['example_xcom']) retrieved from /home/airflow/.local/lib/python3.7/site-packages/airflow/example_dags/example_xcom.py
[2025-04-29T04:52:51.859+0000] {logging_mixin.py:137} INFO - [2025-04-29T04:52:51.859+0000] {dag.py:2690} INFO - Sync 1 DAGs
[2025-04-29T04:52:51.870+0000] {logging_mixin.py:137} INFO - [2025-04-29T04:52:51.870+0000] {dag.py:3441} INFO - Setting next_dagrun for example_xcom to 2021-01-01T00:00:00+00:00, run_after=2021-01-01T00:00:00+00:00
[2025-04-29T04:52:51.877+0000] {processor.py:175} INFO - Processing /home/airflow/.local/lib/python3.7/site-packages/airflow/example_dags/example_xcom.py took 0.049 seconds
[2025-04-29T04:53:22.519+0000] {processor.py:153} INFO - Started process (PID=2727) to work on /home/airflow/.local/lib/python3.7/site-packages/airflow/example_dags/example_xcom.py
[2025-04-29T04:53:22.519+0000] {processor.py:743} INFO - Processing file /home/airflow/.local/lib/python3.7/site-packages/airflow/example_dags/example_xcom.py for tasks to queue
[2025-04-29T04:53:22.519+0000] {logging_mixin.py:137} INFO - [2025-04-29T04:53:22.519+0000] {dagbag.py:538} INFO - Filling up the DagBag from /home/airflow/.local/lib/python3.7/site-packages/airflow/example_dags/example_xcom.py
[2025-04-29T04:53:22.528+0000] {processor.py:753} INFO - DAG(s) dict_keys(['example_xcom']) retrieved from /home/airflow/.local/lib/python3.7/site-packages/airflow/example_dags/example_xcom.py
[2025-04-29T04:53:22.537+0000] {logging_mixin.py:137} INFO - [2025-04-29T04:53:22.537+0000] {dag.py:2690} INFO - Sync 1 DAGs
[2025-04-29T04:53:22.546+0000] {logging_mixin.py:137} INFO - [2025-04-29T04:53:22.546+0000] {dag.py:3441} INFO - Setting next_dagrun for example_xcom to 2021-01-01T00:00:00+00:00, run_after=2021-01-01T00:00:00+00:00
[2025-04-29T04:53:22.552+0000] {processor.py:175} INFO - Processing /home/airflow/.local/lib/python3.7/site-packages/airflow/example_dags/example_xcom.py took 0.035 seconds
[2025-04-29T04:53:53.083+0000] {processor.py:153} INFO - Started process (PID=2819) to work on /home/airflow/.local/lib/python3.7/site-packages/airflow/example_dags/example_xcom.py
[2025-04-29T04:53:53.084+0000] {processor.py:743} INFO - Processing file /home/airflow/.local/lib/python3.7/site-packages/airflow/example_dags/example_xcom.py for tasks to queue
[2025-04-29T04:53:53.084+0000] {logging_mixin.py:137} INFO - [2025-04-29T04:53:53.084+0000] {dagbag.py:538} INFO - Filling up the DagBag from /home/airflow/.local/lib/python3.7/site-packages/airflow/example_dags/example_xcom.py
[2025-04-29T04:53:53.093+0000] {processor.py:753} INFO - DAG(s) dict_keys(['example_xcom']) retrieved from /home/airflow/.local/lib/python3.7/site-packages/airflow/example_dags/example_xcom.py
[2025-04-29T04:53:53.103+0000] {logging_mixin.py:137} INFO - [2025-04-29T04:53:53.103+0000] {dag.py:2690} INFO - Sync 1 DAGs
[2025-04-29T04:53:53.112+0000] {logging_mixin.py:137} INFO - [2025-04-29T04:53:53.112+0000] {dag.py:3441} INFO - Setting next_dagrun for example_xcom to 2021-01-01T00:00:00+00:00, run_after=2021-01-01T00:00:00+00:00
[2025-04-29T04:53:53.118+0000] {processor.py:175} INFO - Processing /home/airflow/.local/lib/python3.7/site-packages/airflow/example_dags/example_xcom.py took 0.036 seconds
[2025-04-29T04:54:23.580+0000] {processor.py:153} INFO - Started process (PID=2911) to work on /home/airflow/.local/lib/python3.7/site-packages/airflow/example_dags/example_xcom.py
[2025-04-29T04:54:23.581+0000] {processor.py:743} INFO - Processing file /home/airflow/.local/lib/python3.7/site-packages/airflow/example_dags/example_xcom.py for tasks to queue
[2025-04-29T04:54:23.581+0000] {logging_mixin.py:137} INFO - [2025-04-29T04:54:23.581+0000] {dagbag.py:538} INFO - Filling up the DagBag from /home/airflow/.local/lib/python3.7/site-packages/airflow/example_dags/example_xcom.py
[2025-04-29T04:54:23.590+0000] {processor.py:753} INFO - DAG(s) dict_keys(['example_xcom']) retrieved from /home/airflow/.local/lib/python3.7/site-packages/airflow/example_dags/example_xcom.py
[2025-04-29T04:54:23.599+0000] {logging_mixin.py:137} INFO - [2025-04-29T04:54:23.599+0000] {dag.py:2690} INFO - Sync 1 DAGs
[2025-04-29T04:54:23.608+0000] {logging_mixin.py:137} INFO - [2025-04-29T04:54:23.608+0000] {dag.py:3441} INFO - Setting next_dagrun for example_xcom to 2021-01-01T00:00:00+00:00, run_after=2021-01-01T00:00:00+00:00
[2025-04-29T04:54:23.614+0000] {processor.py:175} INFO - Processing /home/airflow/.local/lib/python3.7/site-packages/airflow/example_dags/example_xcom.py took 0.035 seconds
[2025-04-29T04:54:54.109+0000] {processor.py:153} INFO - Started process (PID=2987) to work on /home/airflow/.local/lib/python3.7/site-packages/airflow/example_dags/example_xcom.py
[2025-04-29T04:54:54.109+0000] {processor.py:743} INFO - Processing file /home/airflow/.local/lib/python3.7/site-packages/airflow/example_dags/example_xcom.py for tasks to queue
[2025-04-29T04:54:54.110+0000] {logging_mixin.py:137} INFO - [2025-04-29T04:54:54.110+0000] {dagbag.py:538} INFO - Filling up the DagBag from /home/airflow/.local/lib/python3.7/site-packages/airflow/example_dags/example_xcom.py
[2025-04-29T04:54:54.119+0000] {processor.py:753} INFO - DAG(s) dict_keys(['example_xcom']) retrieved from /home/airflow/.local/lib/python3.7/site-packages/airflow/example_dags/example_xcom.py
[2025-04-29T04:54:54.131+0000] {logging_mixin.py:137} INFO - [2025-04-29T04:54:54.131+0000] {dag.py:2690} INFO - Sync 1 DAGs
[2025-04-29T04:54:54.142+0000] {logging_mixin.py:137} INFO - [2025-04-29T04:54:54.141+0000] {dag.py:3441} INFO - Setting next_dagrun for example_xcom to 2021-01-01T00:00:00+00:00, run_after=2021-01-01T00:00:00+00:00
[2025-04-29T04:54:54.149+0000] {processor.py:175} INFO - Processing /home/airflow/.local/lib/python3.7/site-packages/airflow/example_dags/example_xcom.py took 0.042 seconds
[2025-04-29T04:55:24.639+0000] {processor.py:153} INFO - Started process (PID=3078) to work on /home/airflow/.local/lib/python3.7/site-packages/airflow/example_dags/example_xcom.py
[2025-04-29T04:55:24.640+0000] {processor.py:743} INFO - Processing file /home/airflow/.local/lib/python3.7/site-packages/airflow/example_dags/example_xcom.py for tasks to queue
[2025-04-29T04:55:24.640+0000] {logging_mixin.py:137} INFO - [2025-04-29T04:55:24.640+0000] {dagbag.py:538} INFO - Filling up the DagBag from /home/airflow/.local/lib/python3.7/site-packages/airflow/example_dags/example_xcom.py
[2025-04-29T04:55:24.648+0000] {processor.py:753} INFO - DAG(s) dict_keys(['example_xcom']) retrieved from /home/airflow/.local/lib/python3.7/site-packages/airflow/example_dags/example_xcom.py
[2025-04-29T04:55:24.658+0000] {logging_mixin.py:137} INFO - [2025-04-29T04:55:24.658+0000] {dag.py:2690} INFO - Sync 1 DAGs
[2025-04-29T04:55:24.667+0000] {logging_mixin.py:137} INFO - [2025-04-29T04:55:24.667+0000] {dag.py:3441} INFO - Setting next_dagrun for example_xcom to 2021-01-01T00:00:00+00:00, run_after=2021-01-01T00:00:00+00:00
[2025-04-29T04:55:24.673+0000] {processor.py:175} INFO - Processing /home/airflow/.local/lib/python3.7/site-packages/airflow/example_dags/example_xcom.py took 0.034 seconds
[2025-04-29T04:55:55.270+0000] {processor.py:153} INFO - Started process (PID=3170) to work on /home/airflow/.local/lib/python3.7/site-packages/airflow/example_dags/example_xcom.py
[2025-04-29T04:55:55.271+0000] {processor.py:743} INFO - Processing file /home/airflow/.local/lib/python3.7/site-packages/airflow/example_dags/example_xcom.py for tasks to queue
[2025-04-29T04:55:55.272+0000] {logging_mixin.py:137} INFO - [2025-04-29T04:55:55.272+0000] {dagbag.py:538} INFO - Filling up the DagBag from /home/airflow/.local/lib/python3.7/site-packages/airflow/example_dags/example_xcom.py
[2025-04-29T04:55:55.281+0000] {processor.py:753} INFO - DAG(s) dict_keys(['example_xcom']) retrieved from /home/airflow/.local/lib/python3.7/site-packages/airflow/example_dags/example_xcom.py
[2025-04-29T04:55:55.294+0000] {logging_mixin.py:137} INFO - [2025-04-29T04:55:55.294+0000] {dag.py:2690} INFO - Sync 1 DAGs
[2025-04-29T04:55:55.304+0000] {logging_mixin.py:137} INFO - [2025-04-29T04:55:55.304+0000] {dag.py:3441} INFO - Setting next_dagrun for example_xcom to 2021-01-01T00:00:00+00:00, run_after=2021-01-01T00:00:00+00:00
[2025-04-29T04:55:55.310+0000] {processor.py:175} INFO - Processing /home/airflow/.local/lib/python3.7/site-packages/airflow/example_dags/example_xcom.py took 0.041 seconds
[2025-04-29T04:56:25.838+0000] {processor.py:153} INFO - Started process (PID=3262) to work on /home/airflow/.local/lib/python3.7/site-packages/airflow/example_dags/example_xcom.py
[2025-04-29T04:56:25.839+0000] {processor.py:743} INFO - Processing file /home/airflow/.local/lib/python3.7/site-packages/airflow/example_dags/example_xcom.py for tasks to queue
[2025-04-29T04:56:25.840+0000] {logging_mixin.py:137} INFO - [2025-04-29T04:56:25.840+0000] {dagbag.py:538} INFO - Filling up the DagBag from /home/airflow/.local/lib/python3.7/site-packages/airflow/example_dags/example_xcom.py
[2025-04-29T04:56:25.848+0000] {processor.py:753} INFO - DAG(s) dict_keys(['example_xcom']) retrieved from /home/airflow/.local/lib/python3.7/site-packages/airflow/example_dags/example_xcom.py
[2025-04-29T04:56:25.860+0000] {logging_mixin.py:137} INFO - [2025-04-29T04:56:25.859+0000] {dag.py:2690} INFO - Sync 1 DAGs
[2025-04-29T04:56:25.870+0000] {logging_mixin.py:137} INFO - [2025-04-29T04:56:25.870+0000] {dag.py:3441} INFO - Setting next_dagrun for example_xcom to 2021-01-01T00:00:00+00:00, run_after=2021-01-01T00:00:00+00:00
[2025-04-29T04:56:25.876+0000] {processor.py:175} INFO - Processing /home/airflow/.local/lib/python3.7/site-packages/airflow/example_dags/example_xcom.py took 0.040 seconds
