[2025-04-29T04:38:04.134+0000] {processor.py:153} INFO - Started process (PID=41) to work on /home/airflow/.local/lib/python3.7/site-packages/airflow/example_dags/tutorial_taskflow_api.py
[2025-04-29T04:38:04.137+0000] {processor.py:743} INFO - Processing file /home/airflow/.local/lib/python3.7/site-packages/airflow/example_dags/tutorial_taskflow_api.py for tasks to queue
[2025-04-29T04:38:04.138+0000] {logging_mixin.py:137} INFO - [2025-04-29T04:38:04.137+0000] {dagbag.py:538} INFO - Filling up the DagBag from /home/airflow/.local/lib/python3.7/site-packages/airflow/example_dags/tutorial_taskflow_api.py
[2025-04-29T04:38:04.164+0000] {processor.py:753} INFO - DAG(s) dict_keys(['tutorial_taskflow_api']) retrieved from /home/airflow/.local/lib/python3.7/site-packages/airflow/example_dags/tutorial_taskflow_api.py
[2025-04-29T04:38:04.188+0000] {logging_mixin.py:137} INFO - [2025-04-29T04:38:04.188+0000] {dag.py:2690} INFO - Sync 1 DAGs
[2025-04-29T04:38:04.213+0000] {logging_mixin.py:137} INFO - [2025-04-29T04:38:04.213+0000] {dag.py:3441} INFO - Setting next_dagrun for tutorial_taskflow_api to None, run_after=None
[2025-04-29T04:38:04.243+0000] {processor.py:175} INFO - Processing /home/airflow/.local/lib/python3.7/site-packages/airflow/example_dags/tutorial_taskflow_api.py took 0.113 seconds
[2025-04-29T04:38:34.477+0000] {processor.py:153} INFO - Started process (PID=142) to work on /home/airflow/.local/lib/python3.7/site-packages/airflow/example_dags/tutorial_taskflow_api.py
[2025-04-29T04:38:34.478+0000] {processor.py:743} INFO - Processing file /home/airflow/.local/lib/python3.7/site-packages/airflow/example_dags/tutorial_taskflow_api.py for tasks to queue
[2025-04-29T04:38:34.478+0000] {logging_mixin.py:137} INFO - [2025-04-29T04:38:34.478+0000] {dagbag.py:538} INFO - Filling up the DagBag from /home/airflow/.local/lib/python3.7/site-packages/airflow/example_dags/tutorial_taskflow_api.py
[2025-04-29T04:38:34.487+0000] {processor.py:753} INFO - DAG(s) dict_keys(['tutorial_taskflow_api']) retrieved from /home/airflow/.local/lib/python3.7/site-packages/airflow/example_dags/tutorial_taskflow_api.py
[2025-04-29T04:38:34.509+0000] {logging_mixin.py:137} INFO - [2025-04-29T04:38:34.509+0000] {dag.py:2690} INFO - Sync 1 DAGs
[2025-04-29T04:38:34.526+0000] {logging_mixin.py:137} INFO - [2025-04-29T04:38:34.526+0000] {dag.py:3441} INFO - Setting next_dagrun for tutorial_taskflow_api to None, run_after=None
[2025-04-29T04:38:34.538+0000] {processor.py:175} INFO - Processing /home/airflow/.local/lib/python3.7/site-packages/airflow/example_dags/tutorial_taskflow_api.py took 0.063 seconds
[2025-04-29T04:39:05.255+0000] {processor.py:153} INFO - Started process (PID=246) to work on /home/airflow/.local/lib/python3.7/site-packages/airflow/example_dags/tutorial_taskflow_api.py
[2025-04-29T04:39:05.256+0000] {processor.py:743} INFO - Processing file /home/airflow/.local/lib/python3.7/site-packages/airflow/example_dags/tutorial_taskflow_api.py for tasks to queue
[2025-04-29T04:39:05.256+0000] {logging_mixin.py:137} INFO - [2025-04-29T04:39:05.256+0000] {dagbag.py:538} INFO - Filling up the DagBag from /home/airflow/.local/lib/python3.7/site-packages/airflow/example_dags/tutorial_taskflow_api.py
[2025-04-29T04:39:05.268+0000] {processor.py:753} INFO - DAG(s) dict_keys(['tutorial_taskflow_api']) retrieved from /home/airflow/.local/lib/python3.7/site-packages/airflow/example_dags/tutorial_taskflow_api.py
[2025-04-29T04:39:05.283+0000] {logging_mixin.py:137} INFO - [2025-04-29T04:39:05.283+0000] {dag.py:2690} INFO - Sync 1 DAGs
[2025-04-29T04:39:05.295+0000] {logging_mixin.py:137} INFO - [2025-04-29T04:39:05.295+0000] {dag.py:3441} INFO - Setting next_dagrun for tutorial_taskflow_api to None, run_after=None
[2025-04-29T04:39:05.307+0000] {processor.py:175} INFO - Processing /home/airflow/.local/lib/python3.7/site-packages/airflow/example_dags/tutorial_taskflow_api.py took 0.053 seconds
[2025-04-29T04:39:35.945+0000] {processor.py:153} INFO - Started process (PID=338) to work on /home/airflow/.local/lib/python3.7/site-packages/airflow/example_dags/tutorial_taskflow_api.py
[2025-04-29T04:39:35.946+0000] {processor.py:743} INFO - Processing file /home/airflow/.local/lib/python3.7/site-packages/airflow/example_dags/tutorial_taskflow_api.py for tasks to queue
[2025-04-29T04:39:35.946+0000] {logging_mixin.py:137} INFO - [2025-04-29T04:39:35.946+0000] {dagbag.py:538} INFO - Filling up the DagBag from /home/airflow/.local/lib/python3.7/site-packages/airflow/example_dags/tutorial_taskflow_api.py
[2025-04-29T04:39:35.956+0000] {processor.py:753} INFO - DAG(s) dict_keys(['tutorial_taskflow_api']) retrieved from /home/airflow/.local/lib/python3.7/site-packages/airflow/example_dags/tutorial_taskflow_api.py
[2025-04-29T04:39:35.970+0000] {logging_mixin.py:137} INFO - [2025-04-29T04:39:35.970+0000] {dag.py:2690} INFO - Sync 1 DAGs
[2025-04-29T04:39:35.983+0000] {logging_mixin.py:137} INFO - [2025-04-29T04:39:35.983+0000] {dag.py:3441} INFO - Setting next_dagrun for tutorial_taskflow_api to None, run_after=None
[2025-04-29T04:39:35.997+0000] {processor.py:175} INFO - Processing /home/airflow/.local/lib/python3.7/site-packages/airflow/example_dags/tutorial_taskflow_api.py took 0.054 seconds
[2025-04-29T04:40:06.617+0000] {processor.py:153} INFO - Started process (PID=414) to work on /home/airflow/.local/lib/python3.7/site-packages/airflow/example_dags/tutorial_taskflow_api.py
[2025-04-29T04:40:06.617+0000] {processor.py:743} INFO - Processing file /home/airflow/.local/lib/python3.7/site-packages/airflow/example_dags/tutorial_taskflow_api.py for tasks to queue
[2025-04-29T04:40:06.618+0000] {logging_mixin.py:137} INFO - [2025-04-29T04:40:06.618+0000] {dagbag.py:538} INFO - Filling up the DagBag from /home/airflow/.local/lib/python3.7/site-packages/airflow/example_dags/tutorial_taskflow_api.py
[2025-04-29T04:40:06.626+0000] {processor.py:753} INFO - DAG(s) dict_keys(['tutorial_taskflow_api']) retrieved from /home/airflow/.local/lib/python3.7/site-packages/airflow/example_dags/tutorial_taskflow_api.py
[2025-04-29T04:40:06.636+0000] {logging_mixin.py:137} INFO - [2025-04-29T04:40:06.636+0000] {dag.py:2690} INFO - Sync 1 DAGs
[2025-04-29T04:40:06.646+0000] {logging_mixin.py:137} INFO - [2025-04-29T04:40:06.646+0000] {dag.py:3441} INFO - Setting next_dagrun for tutorial_taskflow_api to None, run_after=None
[2025-04-29T04:40:06.659+0000] {processor.py:175} INFO - Processing /home/airflow/.local/lib/python3.7/site-packages/airflow/example_dags/tutorial_taskflow_api.py took 0.043 seconds
[2025-04-29T04:40:37.272+0000] {processor.py:153} INFO - Started process (PID=505) to work on /home/airflow/.local/lib/python3.7/site-packages/airflow/example_dags/tutorial_taskflow_api.py
[2025-04-29T04:40:37.273+0000] {processor.py:743} INFO - Processing file /home/airflow/.local/lib/python3.7/site-packages/airflow/example_dags/tutorial_taskflow_api.py for tasks to queue
[2025-04-29T04:40:37.273+0000] {logging_mixin.py:137} INFO - [2025-04-29T04:40:37.273+0000] {dagbag.py:538} INFO - Filling up the DagBag from /home/airflow/.local/lib/python3.7/site-packages/airflow/example_dags/tutorial_taskflow_api.py
[2025-04-29T04:40:37.285+0000] {processor.py:753} INFO - DAG(s) dict_keys(['tutorial_taskflow_api']) retrieved from /home/airflow/.local/lib/python3.7/site-packages/airflow/example_dags/tutorial_taskflow_api.py
[2025-04-29T04:40:37.300+0000] {logging_mixin.py:137} INFO - [2025-04-29T04:40:37.300+0000] {dag.py:2690} INFO - Sync 1 DAGs
[2025-04-29T04:40:37.313+0000] {logging_mixin.py:137} INFO - [2025-04-29T04:40:37.313+0000] {dag.py:3441} INFO - Setting next_dagrun for tutorial_taskflow_api to None, run_after=None
[2025-04-29T04:40:37.323+0000] {processor.py:175} INFO - Processing /home/airflow/.local/lib/python3.7/site-packages/airflow/example_dags/tutorial_taskflow_api.py took 0.052 seconds
[2025-04-29T04:41:07.958+0000] {processor.py:153} INFO - Started process (PID=597) to work on /home/airflow/.local/lib/python3.7/site-packages/airflow/example_dags/tutorial_taskflow_api.py
[2025-04-29T04:41:07.958+0000] {processor.py:743} INFO - Processing file /home/airflow/.local/lib/python3.7/site-packages/airflow/example_dags/tutorial_taskflow_api.py for tasks to queue
[2025-04-29T04:41:07.958+0000] {logging_mixin.py:137} INFO - [2025-04-29T04:41:07.958+0000] {dagbag.py:538} INFO - Filling up the DagBag from /home/airflow/.local/lib/python3.7/site-packages/airflow/example_dags/tutorial_taskflow_api.py
[2025-04-29T04:41:07.966+0000] {processor.py:753} INFO - DAG(s) dict_keys(['tutorial_taskflow_api']) retrieved from /home/airflow/.local/lib/python3.7/site-packages/airflow/example_dags/tutorial_taskflow_api.py
[2025-04-29T04:41:07.976+0000] {logging_mixin.py:137} INFO - [2025-04-29T04:41:07.976+0000] {dag.py:2690} INFO - Sync 1 DAGs
[2025-04-29T04:41:07.985+0000] {logging_mixin.py:137} INFO - [2025-04-29T04:41:07.985+0000] {dag.py:3441} INFO - Setting next_dagrun for tutorial_taskflow_api to None, run_after=None
[2025-04-29T04:41:07.992+0000] {processor.py:175} INFO - Processing /home/airflow/.local/lib/python3.7/site-packages/airflow/example_dags/tutorial_taskflow_api.py took 0.036 seconds
[2025-04-29T04:41:38.774+0000] {processor.py:153} INFO - Started process (PID=689) to work on /home/airflow/.local/lib/python3.7/site-packages/airflow/example_dags/tutorial_taskflow_api.py
[2025-04-29T04:41:38.774+0000] {processor.py:743} INFO - Processing file /home/airflow/.local/lib/python3.7/site-packages/airflow/example_dags/tutorial_taskflow_api.py for tasks to queue
[2025-04-29T04:41:38.775+0000] {logging_mixin.py:137} INFO - [2025-04-29T04:41:38.774+0000] {dagbag.py:538} INFO - Filling up the DagBag from /home/airflow/.local/lib/python3.7/site-packages/airflow/example_dags/tutorial_taskflow_api.py
[2025-04-29T04:41:38.782+0000] {processor.py:753} INFO - DAG(s) dict_keys(['tutorial_taskflow_api']) retrieved from /home/airflow/.local/lib/python3.7/site-packages/airflow/example_dags/tutorial_taskflow_api.py
[2025-04-29T04:41:38.792+0000] {logging_mixin.py:137} INFO - [2025-04-29T04:41:38.792+0000] {dag.py:2690} INFO - Sync 1 DAGs
[2025-04-29T04:41:38.802+0000] {logging_mixin.py:137} INFO - [2025-04-29T04:41:38.802+0000] {dag.py:3441} INFO - Setting next_dagrun for tutorial_taskflow_api to None, run_after=None
[2025-04-29T04:41:38.809+0000] {processor.py:175} INFO - Processing /home/airflow/.local/lib/python3.7/site-packages/airflow/example_dags/tutorial_taskflow_api.py took 0.036 seconds
[2025-04-29T04:42:09.428+0000] {processor.py:153} INFO - Started process (PID=781) to work on /home/airflow/.local/lib/python3.7/site-packages/airflow/example_dags/tutorial_taskflow_api.py
[2025-04-29T04:42:09.428+0000] {processor.py:743} INFO - Processing file /home/airflow/.local/lib/python3.7/site-packages/airflow/example_dags/tutorial_taskflow_api.py for tasks to queue
[2025-04-29T04:42:09.429+0000] {logging_mixin.py:137} INFO - [2025-04-29T04:42:09.429+0000] {dagbag.py:538} INFO - Filling up the DagBag from /home/airflow/.local/lib/python3.7/site-packages/airflow/example_dags/tutorial_taskflow_api.py
[2025-04-29T04:42:09.440+0000] {processor.py:753} INFO - DAG(s) dict_keys(['tutorial_taskflow_api']) retrieved from /home/airflow/.local/lib/python3.7/site-packages/airflow/example_dags/tutorial_taskflow_api.py
[2025-04-29T04:42:09.455+0000] {logging_mixin.py:137} INFO - [2025-04-29T04:42:09.455+0000] {dag.py:2690} INFO - Sync 1 DAGs
[2025-04-29T04:42:09.469+0000] {logging_mixin.py:137} INFO - [2025-04-29T04:42:09.469+0000] {dag.py:3441} INFO - Setting next_dagrun for tutorial_taskflow_api to None, run_after=None
[2025-04-29T04:42:09.479+0000] {processor.py:175} INFO - Processing /home/airflow/.local/lib/python3.7/site-packages/airflow/example_dags/tutorial_taskflow_api.py took 0.052 seconds
[2025-04-29T04:42:40.115+0000] {processor.py:153} INFO - Started process (PID=857) to work on /home/airflow/.local/lib/python3.7/site-packages/airflow/example_dags/tutorial_taskflow_api.py
[2025-04-29T04:42:40.116+0000] {processor.py:743} INFO - Processing file /home/airflow/.local/lib/python3.7/site-packages/airflow/example_dags/tutorial_taskflow_api.py for tasks to queue
[2025-04-29T04:42:40.118+0000] {logging_mixin.py:137} INFO - [2025-04-29T04:42:40.118+0000] {dagbag.py:538} INFO - Filling up the DagBag from /home/airflow/.local/lib/python3.7/site-packages/airflow/example_dags/tutorial_taskflow_api.py
[2025-04-29T04:42:40.134+0000] {processor.py:753} INFO - DAG(s) dict_keys(['tutorial_taskflow_api']) retrieved from /home/airflow/.local/lib/python3.7/site-packages/airflow/example_dags/tutorial_taskflow_api.py
[2025-04-29T04:42:40.157+0000] {logging_mixin.py:137} INFO - [2025-04-29T04:42:40.157+0000] {dag.py:2690} INFO - Sync 1 DAGs
[2025-04-29T04:42:40.179+0000] {logging_mixin.py:137} INFO - [2025-04-29T04:42:40.179+0000] {dag.py:3441} INFO - Setting next_dagrun for tutorial_taskflow_api to None, run_after=None
[2025-04-29T04:42:40.195+0000] {processor.py:175} INFO - Processing /home/airflow/.local/lib/python3.7/site-packages/airflow/example_dags/tutorial_taskflow_api.py took 0.083 seconds
[2025-04-29T04:43:10.534+0000] {processor.py:153} INFO - Started process (PID=949) to work on /home/airflow/.local/lib/python3.7/site-packages/airflow/example_dags/tutorial_taskflow_api.py
[2025-04-29T04:43:10.534+0000] {processor.py:743} INFO - Processing file /home/airflow/.local/lib/python3.7/site-packages/airflow/example_dags/tutorial_taskflow_api.py for tasks to queue
[2025-04-29T04:43:10.534+0000] {logging_mixin.py:137} INFO - [2025-04-29T04:43:10.534+0000] {dagbag.py:538} INFO - Filling up the DagBag from /home/airflow/.local/lib/python3.7/site-packages/airflow/example_dags/tutorial_taskflow_api.py
[2025-04-29T04:43:10.542+0000] {processor.py:753} INFO - DAG(s) dict_keys(['tutorial_taskflow_api']) retrieved from /home/airflow/.local/lib/python3.7/site-packages/airflow/example_dags/tutorial_taskflow_api.py
[2025-04-29T04:43:10.551+0000] {logging_mixin.py:137} INFO - [2025-04-29T04:43:10.551+0000] {dag.py:2690} INFO - Sync 1 DAGs
[2025-04-29T04:43:10.560+0000] {logging_mixin.py:137} INFO - [2025-04-29T04:43:10.560+0000] {dag.py:3441} INFO - Setting next_dagrun for tutorial_taskflow_api to None, run_after=None
[2025-04-29T04:43:10.566+0000] {processor.py:175} INFO - Processing /home/airflow/.local/lib/python3.7/site-packages/airflow/example_dags/tutorial_taskflow_api.py took 0.034 seconds
[2025-04-29T04:43:41.279+0000] {processor.py:153} INFO - Started process (PID=1041) to work on /home/airflow/.local/lib/python3.7/site-packages/airflow/example_dags/tutorial_taskflow_api.py
[2025-04-29T04:43:41.280+0000] {processor.py:743} INFO - Processing file /home/airflow/.local/lib/python3.7/site-packages/airflow/example_dags/tutorial_taskflow_api.py for tasks to queue
[2025-04-29T04:43:41.280+0000] {logging_mixin.py:137} INFO - [2025-04-29T04:43:41.280+0000] {dagbag.py:538} INFO - Filling up the DagBag from /home/airflow/.local/lib/python3.7/site-packages/airflow/example_dags/tutorial_taskflow_api.py
[2025-04-29T04:43:41.288+0000] {processor.py:753} INFO - DAG(s) dict_keys(['tutorial_taskflow_api']) retrieved from /home/airflow/.local/lib/python3.7/site-packages/airflow/example_dags/tutorial_taskflow_api.py
[2025-04-29T04:43:41.298+0000] {logging_mixin.py:137} INFO - [2025-04-29T04:43:41.298+0000] {dag.py:2690} INFO - Sync 1 DAGs
[2025-04-29T04:43:41.307+0000] {logging_mixin.py:137} INFO - [2025-04-29T04:43:41.307+0000] {dag.py:3441} INFO - Setting next_dagrun for tutorial_taskflow_api to None, run_after=None
[2025-04-29T04:43:41.313+0000] {processor.py:175} INFO - Processing /home/airflow/.local/lib/python3.7/site-packages/airflow/example_dags/tutorial_taskflow_api.py took 0.035 seconds
[2025-04-29T04:44:11.891+0000] {processor.py:153} INFO - Started process (PID=1133) to work on /home/airflow/.local/lib/python3.7/site-packages/airflow/example_dags/tutorial_taskflow_api.py
[2025-04-29T04:44:11.892+0000] {processor.py:743} INFO - Processing file /home/airflow/.local/lib/python3.7/site-packages/airflow/example_dags/tutorial_taskflow_api.py for tasks to queue
[2025-04-29T04:44:11.892+0000] {logging_mixin.py:137} INFO - [2025-04-29T04:44:11.892+0000] {dagbag.py:538} INFO - Filling up the DagBag from /home/airflow/.local/lib/python3.7/site-packages/airflow/example_dags/tutorial_taskflow_api.py
[2025-04-29T04:44:11.902+0000] {processor.py:753} INFO - DAG(s) dict_keys(['tutorial_taskflow_api']) retrieved from /home/airflow/.local/lib/python3.7/site-packages/airflow/example_dags/tutorial_taskflow_api.py
[2025-04-29T04:44:11.912+0000] {logging_mixin.py:137} INFO - [2025-04-29T04:44:11.912+0000] {dag.py:2690} INFO - Sync 1 DAGs
[2025-04-29T04:44:11.923+0000] {logging_mixin.py:137} INFO - [2025-04-29T04:44:11.923+0000] {dag.py:3441} INFO - Setting next_dagrun for tutorial_taskflow_api to None, run_after=None
[2025-04-29T04:44:11.937+0000] {processor.py:175} INFO - Processing /home/airflow/.local/lib/python3.7/site-packages/airflow/example_dags/tutorial_taskflow_api.py took 0.047 seconds
[2025-04-29T04:44:42.549+0000] {processor.py:153} INFO - Started process (PID=1225) to work on /home/airflow/.local/lib/python3.7/site-packages/airflow/example_dags/tutorial_taskflow_api.py
[2025-04-29T04:44:42.549+0000] {processor.py:743} INFO - Processing file /home/airflow/.local/lib/python3.7/site-packages/airflow/example_dags/tutorial_taskflow_api.py for tasks to queue
[2025-04-29T04:44:42.549+0000] {logging_mixin.py:137} INFO - [2025-04-29T04:44:42.549+0000] {dagbag.py:538} INFO - Filling up the DagBag from /home/airflow/.local/lib/python3.7/site-packages/airflow/example_dags/tutorial_taskflow_api.py
[2025-04-29T04:44:42.557+0000] {processor.py:753} INFO - DAG(s) dict_keys(['tutorial_taskflow_api']) retrieved from /home/airflow/.local/lib/python3.7/site-packages/airflow/example_dags/tutorial_taskflow_api.py
[2025-04-29T04:44:42.567+0000] {logging_mixin.py:137} INFO - [2025-04-29T04:44:42.567+0000] {dag.py:2690} INFO - Sync 1 DAGs
[2025-04-29T04:44:42.577+0000] {logging_mixin.py:137} INFO - [2025-04-29T04:44:42.577+0000] {dag.py:3441} INFO - Setting next_dagrun for tutorial_taskflow_api to None, run_after=None
[2025-04-29T04:44:42.584+0000] {processor.py:175} INFO - Processing /home/airflow/.local/lib/python3.7/site-packages/airflow/example_dags/tutorial_taskflow_api.py took 0.037 seconds
[2025-04-29T04:45:13.200+0000] {processor.py:153} INFO - Started process (PID=1300) to work on /home/airflow/.local/lib/python3.7/site-packages/airflow/example_dags/tutorial_taskflow_api.py
[2025-04-29T04:45:13.201+0000] {processor.py:743} INFO - Processing file /home/airflow/.local/lib/python3.7/site-packages/airflow/example_dags/tutorial_taskflow_api.py for tasks to queue
[2025-04-29T04:45:13.201+0000] {logging_mixin.py:137} INFO - [2025-04-29T04:45:13.201+0000] {dagbag.py:538} INFO - Filling up the DagBag from /home/airflow/.local/lib/python3.7/site-packages/airflow/example_dags/tutorial_taskflow_api.py
[2025-04-29T04:45:13.210+0000] {processor.py:753} INFO - DAG(s) dict_keys(['tutorial_taskflow_api']) retrieved from /home/airflow/.local/lib/python3.7/site-packages/airflow/example_dags/tutorial_taskflow_api.py
[2025-04-29T04:45:13.225+0000] {logging_mixin.py:137} INFO - [2025-04-29T04:45:13.225+0000] {dag.py:2690} INFO - Sync 1 DAGs
[2025-04-29T04:45:13.241+0000] {logging_mixin.py:137} INFO - [2025-04-29T04:45:13.241+0000] {dag.py:3441} INFO - Setting next_dagrun for tutorial_taskflow_api to None, run_after=None
[2025-04-29T04:45:13.251+0000] {processor.py:175} INFO - Processing /home/airflow/.local/lib/python3.7/site-packages/airflow/example_dags/tutorial_taskflow_api.py took 0.052 seconds
[2025-04-29T04:45:43.744+0000] {processor.py:153} INFO - Started process (PID=1392) to work on /home/airflow/.local/lib/python3.7/site-packages/airflow/example_dags/tutorial_taskflow_api.py
[2025-04-29T04:45:43.745+0000] {processor.py:743} INFO - Processing file /home/airflow/.local/lib/python3.7/site-packages/airflow/example_dags/tutorial_taskflow_api.py for tasks to queue
[2025-04-29T04:45:43.745+0000] {logging_mixin.py:137} INFO - [2025-04-29T04:45:43.745+0000] {dagbag.py:538} INFO - Filling up the DagBag from /home/airflow/.local/lib/python3.7/site-packages/airflow/example_dags/tutorial_taskflow_api.py
[2025-04-29T04:45:43.754+0000] {processor.py:753} INFO - DAG(s) dict_keys(['tutorial_taskflow_api']) retrieved from /home/airflow/.local/lib/python3.7/site-packages/airflow/example_dags/tutorial_taskflow_api.py
[2025-04-29T04:45:43.766+0000] {logging_mixin.py:137} INFO - [2025-04-29T04:45:43.766+0000] {dag.py:2690} INFO - Sync 1 DAGs
[2025-04-29T04:45:43.777+0000] {logging_mixin.py:137} INFO - [2025-04-29T04:45:43.777+0000] {dag.py:3441} INFO - Setting next_dagrun for tutorial_taskflow_api to None, run_after=None
[2025-04-29T04:45:43.784+0000] {processor.py:175} INFO - Processing /home/airflow/.local/lib/python3.7/site-packages/airflow/example_dags/tutorial_taskflow_api.py took 0.041 seconds
[2025-04-29T04:46:14.355+0000] {processor.py:153} INFO - Started process (PID=1484) to work on /home/airflow/.local/lib/python3.7/site-packages/airflow/example_dags/tutorial_taskflow_api.py
[2025-04-29T04:46:14.355+0000] {processor.py:743} INFO - Processing file /home/airflow/.local/lib/python3.7/site-packages/airflow/example_dags/tutorial_taskflow_api.py for tasks to queue
[2025-04-29T04:46:14.355+0000] {logging_mixin.py:137} INFO - [2025-04-29T04:46:14.355+0000] {dagbag.py:538} INFO - Filling up the DagBag from /home/airflow/.local/lib/python3.7/site-packages/airflow/example_dags/tutorial_taskflow_api.py
[2025-04-29T04:46:14.364+0000] {processor.py:753} INFO - DAG(s) dict_keys(['tutorial_taskflow_api']) retrieved from /home/airflow/.local/lib/python3.7/site-packages/airflow/example_dags/tutorial_taskflow_api.py
[2025-04-29T04:46:14.379+0000] {logging_mixin.py:137} INFO - [2025-04-29T04:46:14.379+0000] {dag.py:2690} INFO - Sync 1 DAGs
[2025-04-29T04:46:14.389+0000] {logging_mixin.py:137} INFO - [2025-04-29T04:46:14.389+0000] {dag.py:3441} INFO - Setting next_dagrun for tutorial_taskflow_api to None, run_after=None
[2025-04-29T04:46:14.396+0000] {processor.py:175} INFO - Processing /home/airflow/.local/lib/python3.7/site-packages/airflow/example_dags/tutorial_taskflow_api.py took 0.043 seconds
[2025-04-29T04:46:45.105+0000] {processor.py:153} INFO - Started process (PID=1576) to work on /home/airflow/.local/lib/python3.7/site-packages/airflow/example_dags/tutorial_taskflow_api.py
[2025-04-29T04:46:45.105+0000] {processor.py:743} INFO - Processing file /home/airflow/.local/lib/python3.7/site-packages/airflow/example_dags/tutorial_taskflow_api.py for tasks to queue
[2025-04-29T04:46:45.106+0000] {logging_mixin.py:137} INFO - [2025-04-29T04:46:45.106+0000] {dagbag.py:538} INFO - Filling up the DagBag from /home/airflow/.local/lib/python3.7/site-packages/airflow/example_dags/tutorial_taskflow_api.py
[2025-04-29T04:46:45.113+0000] {processor.py:753} INFO - DAG(s) dict_keys(['tutorial_taskflow_api']) retrieved from /home/airflow/.local/lib/python3.7/site-packages/airflow/example_dags/tutorial_taskflow_api.py
[2025-04-29T04:46:45.122+0000] {logging_mixin.py:137} INFO - [2025-04-29T04:46:45.122+0000] {dag.py:2690} INFO - Sync 1 DAGs
[2025-04-29T04:46:45.132+0000] {logging_mixin.py:137} INFO - [2025-04-29T04:46:45.132+0000] {dag.py:3441} INFO - Setting next_dagrun for tutorial_taskflow_api to None, run_after=None
[2025-04-29T04:46:45.138+0000] {processor.py:175} INFO - Processing /home/airflow/.local/lib/python3.7/site-packages/airflow/example_dags/tutorial_taskflow_api.py took 0.034 seconds
[2025-04-29T04:47:15.570+0000] {processor.py:153} INFO - Started process (PID=1668) to work on /home/airflow/.local/lib/python3.7/site-packages/airflow/example_dags/tutorial_taskflow_api.py
[2025-04-29T04:47:15.571+0000] {processor.py:743} INFO - Processing file /home/airflow/.local/lib/python3.7/site-packages/airflow/example_dags/tutorial_taskflow_api.py for tasks to queue
[2025-04-29T04:47:15.571+0000] {logging_mixin.py:137} INFO - [2025-04-29T04:47:15.571+0000] {dagbag.py:538} INFO - Filling up the DagBag from /home/airflow/.local/lib/python3.7/site-packages/airflow/example_dags/tutorial_taskflow_api.py
[2025-04-29T04:47:15.580+0000] {processor.py:753} INFO - DAG(s) dict_keys(['tutorial_taskflow_api']) retrieved from /home/airflow/.local/lib/python3.7/site-packages/airflow/example_dags/tutorial_taskflow_api.py
[2025-04-29T04:47:15.591+0000] {logging_mixin.py:137} INFO - [2025-04-29T04:47:15.591+0000] {dag.py:2690} INFO - Sync 1 DAGs
[2025-04-29T04:47:15.602+0000] {logging_mixin.py:137} INFO - [2025-04-29T04:47:15.602+0000] {dag.py:3441} INFO - Setting next_dagrun for tutorial_taskflow_api to None, run_after=None
[2025-04-29T04:47:15.609+0000] {processor.py:175} INFO - Processing /home/airflow/.local/lib/python3.7/site-packages/airflow/example_dags/tutorial_taskflow_api.py took 0.041 seconds
[2025-04-29T04:47:46.100+0000] {processor.py:153} INFO - Started process (PID=1744) to work on /home/airflow/.local/lib/python3.7/site-packages/airflow/example_dags/tutorial_taskflow_api.py
[2025-04-29T04:47:46.101+0000] {processor.py:743} INFO - Processing file /home/airflow/.local/lib/python3.7/site-packages/airflow/example_dags/tutorial_taskflow_api.py for tasks to queue
[2025-04-29T04:47:46.101+0000] {logging_mixin.py:137} INFO - [2025-04-29T04:47:46.101+0000] {dagbag.py:538} INFO - Filling up the DagBag from /home/airflow/.local/lib/python3.7/site-packages/airflow/example_dags/tutorial_taskflow_api.py
[2025-04-29T04:47:46.110+0000] {processor.py:753} INFO - DAG(s) dict_keys(['tutorial_taskflow_api']) retrieved from /home/airflow/.local/lib/python3.7/site-packages/airflow/example_dags/tutorial_taskflow_api.py
[2025-04-29T04:47:46.119+0000] {logging_mixin.py:137} INFO - [2025-04-29T04:47:46.119+0000] {dag.py:2690} INFO - Sync 1 DAGs
[2025-04-29T04:47:46.130+0000] {logging_mixin.py:137} INFO - [2025-04-29T04:47:46.130+0000] {dag.py:3441} INFO - Setting next_dagrun for tutorial_taskflow_api to None, run_after=None
[2025-04-29T04:47:46.140+0000] {processor.py:175} INFO - Processing /home/airflow/.local/lib/python3.7/site-packages/airflow/example_dags/tutorial_taskflow_api.py took 0.041 seconds
[2025-04-29T04:48:16.648+0000] {processor.py:153} INFO - Started process (PID=1836) to work on /home/airflow/.local/lib/python3.7/site-packages/airflow/example_dags/tutorial_taskflow_api.py
[2025-04-29T04:48:16.648+0000] {processor.py:743} INFO - Processing file /home/airflow/.local/lib/python3.7/site-packages/airflow/example_dags/tutorial_taskflow_api.py for tasks to queue
[2025-04-29T04:48:16.649+0000] {logging_mixin.py:137} INFO - [2025-04-29T04:48:16.649+0000] {dagbag.py:538} INFO - Filling up the DagBag from /home/airflow/.local/lib/python3.7/site-packages/airflow/example_dags/tutorial_taskflow_api.py
[2025-04-29T04:48:16.657+0000] {processor.py:753} INFO - DAG(s) dict_keys(['tutorial_taskflow_api']) retrieved from /home/airflow/.local/lib/python3.7/site-packages/airflow/example_dags/tutorial_taskflow_api.py
[2025-04-29T04:48:16.669+0000] {logging_mixin.py:137} INFO - [2025-04-29T04:48:16.669+0000] {dag.py:2690} INFO - Sync 1 DAGs
[2025-04-29T04:48:16.679+0000] {logging_mixin.py:137} INFO - [2025-04-29T04:48:16.679+0000] {dag.py:3441} INFO - Setting next_dagrun for tutorial_taskflow_api to None, run_after=None
[2025-04-29T04:48:16.686+0000] {processor.py:175} INFO - Processing /home/airflow/.local/lib/python3.7/site-packages/airflow/example_dags/tutorial_taskflow_api.py took 0.040 seconds
[2025-04-29T04:48:47.115+0000] {processor.py:153} INFO - Started process (PID=1928) to work on /home/airflow/.local/lib/python3.7/site-packages/airflow/example_dags/tutorial_taskflow_api.py
[2025-04-29T04:48:47.115+0000] {processor.py:743} INFO - Processing file /home/airflow/.local/lib/python3.7/site-packages/airflow/example_dags/tutorial_taskflow_api.py for tasks to queue
[2025-04-29T04:48:47.115+0000] {logging_mixin.py:137} INFO - [2025-04-29T04:48:47.115+0000] {dagbag.py:538} INFO - Filling up the DagBag from /home/airflow/.local/lib/python3.7/site-packages/airflow/example_dags/tutorial_taskflow_api.py
[2025-04-29T04:48:47.123+0000] {processor.py:753} INFO - DAG(s) dict_keys(['tutorial_taskflow_api']) retrieved from /home/airflow/.local/lib/python3.7/site-packages/airflow/example_dags/tutorial_taskflow_api.py
[2025-04-29T04:48:47.133+0000] {logging_mixin.py:137} INFO - [2025-04-29T04:48:47.133+0000] {dag.py:2690} INFO - Sync 1 DAGs
[2025-04-29T04:48:47.141+0000] {logging_mixin.py:137} INFO - [2025-04-29T04:48:47.141+0000] {dag.py:3441} INFO - Setting next_dagrun for tutorial_taskflow_api to None, run_after=None
[2025-04-29T04:48:47.147+0000] {processor.py:175} INFO - Processing /home/airflow/.local/lib/python3.7/site-packages/airflow/example_dags/tutorial_taskflow_api.py took 0.034 seconds
[2025-04-29T04:49:17.785+0000] {processor.py:153} INFO - Started process (PID=2020) to work on /home/airflow/.local/lib/python3.7/site-packages/airflow/example_dags/tutorial_taskflow_api.py
[2025-04-29T04:49:17.786+0000] {processor.py:743} INFO - Processing file /home/airflow/.local/lib/python3.7/site-packages/airflow/example_dags/tutorial_taskflow_api.py for tasks to queue
[2025-04-29T04:49:17.786+0000] {logging_mixin.py:137} INFO - [2025-04-29T04:49:17.786+0000] {dagbag.py:538} INFO - Filling up the DagBag from /home/airflow/.local/lib/python3.7/site-packages/airflow/example_dags/tutorial_taskflow_api.py
[2025-04-29T04:49:17.794+0000] {processor.py:753} INFO - DAG(s) dict_keys(['tutorial_taskflow_api']) retrieved from /home/airflow/.local/lib/python3.7/site-packages/airflow/example_dags/tutorial_taskflow_api.py
[2025-04-29T04:49:17.803+0000] {logging_mixin.py:137} INFO - [2025-04-29T04:49:17.803+0000] {dag.py:2690} INFO - Sync 1 DAGs
[2025-04-29T04:49:17.812+0000] {logging_mixin.py:137} INFO - [2025-04-29T04:49:17.812+0000] {dag.py:3441} INFO - Setting next_dagrun for tutorial_taskflow_api to None, run_after=None
[2025-04-29T04:49:17.818+0000] {processor.py:175} INFO - Processing /home/airflow/.local/lib/python3.7/site-packages/airflow/example_dags/tutorial_taskflow_api.py took 0.034 seconds
[2025-04-29T04:49:48.378+0000] {processor.py:153} INFO - Started process (PID=2112) to work on /home/airflow/.local/lib/python3.7/site-packages/airflow/example_dags/tutorial_taskflow_api.py
[2025-04-29T04:49:48.379+0000] {processor.py:743} INFO - Processing file /home/airflow/.local/lib/python3.7/site-packages/airflow/example_dags/tutorial_taskflow_api.py for tasks to queue
[2025-04-29T04:49:48.382+0000] {logging_mixin.py:137} INFO - [2025-04-29T04:49:48.382+0000] {dagbag.py:538} INFO - Filling up the DagBag from /home/airflow/.local/lib/python3.7/site-packages/airflow/example_dags/tutorial_taskflow_api.py
[2025-04-29T04:49:48.392+0000] {processor.py:753} INFO - DAG(s) dict_keys(['tutorial_taskflow_api']) retrieved from /home/airflow/.local/lib/python3.7/site-packages/airflow/example_dags/tutorial_taskflow_api.py
[2025-04-29T04:49:48.406+0000] {logging_mixin.py:137} INFO - [2025-04-29T04:49:48.406+0000] {dag.py:2690} INFO - Sync 1 DAGs
[2025-04-29T04:49:48.419+0000] {logging_mixin.py:137} INFO - [2025-04-29T04:49:48.419+0000] {dag.py:3441} INFO - Setting next_dagrun for tutorial_taskflow_api to None, run_after=None
[2025-04-29T04:49:48.429+0000] {processor.py:175} INFO - Processing /home/airflow/.local/lib/python3.7/site-packages/airflow/example_dags/tutorial_taskflow_api.py took 0.053 seconds
[2025-04-29T04:50:18.869+0000] {processor.py:153} INFO - Started process (PID=2188) to work on /home/airflow/.local/lib/python3.7/site-packages/airflow/example_dags/tutorial_taskflow_api.py
[2025-04-29T04:50:18.869+0000] {processor.py:743} INFO - Processing file /home/airflow/.local/lib/python3.7/site-packages/airflow/example_dags/tutorial_taskflow_api.py for tasks to queue
[2025-04-29T04:50:18.869+0000] {logging_mixin.py:137} INFO - [2025-04-29T04:50:18.869+0000] {dagbag.py:538} INFO - Filling up the DagBag from /home/airflow/.local/lib/python3.7/site-packages/airflow/example_dags/tutorial_taskflow_api.py
[2025-04-29T04:50:18.877+0000] {processor.py:753} INFO - DAG(s) dict_keys(['tutorial_taskflow_api']) retrieved from /home/airflow/.local/lib/python3.7/site-packages/airflow/example_dags/tutorial_taskflow_api.py
[2025-04-29T04:50:18.893+0000] {logging_mixin.py:137} INFO - [2025-04-29T04:50:18.893+0000] {dag.py:2690} INFO - Sync 1 DAGs
[2025-04-29T04:50:18.915+0000] {logging_mixin.py:137} INFO - [2025-04-29T04:50:18.915+0000] {dag.py:3441} INFO - Setting next_dagrun for tutorial_taskflow_api to None, run_after=None
[2025-04-29T04:50:18.929+0000] {processor.py:175} INFO - Processing /home/airflow/.local/lib/python3.7/site-packages/airflow/example_dags/tutorial_taskflow_api.py took 0.062 seconds
[2025-04-29T04:50:49.480+0000] {processor.py:153} INFO - Started process (PID=2279) to work on /home/airflow/.local/lib/python3.7/site-packages/airflow/example_dags/tutorial_taskflow_api.py
[2025-04-29T04:50:49.481+0000] {processor.py:743} INFO - Processing file /home/airflow/.local/lib/python3.7/site-packages/airflow/example_dags/tutorial_taskflow_api.py for tasks to queue
[2025-04-29T04:50:49.481+0000] {logging_mixin.py:137} INFO - [2025-04-29T04:50:49.481+0000] {dagbag.py:538} INFO - Filling up the DagBag from /home/airflow/.local/lib/python3.7/site-packages/airflow/example_dags/tutorial_taskflow_api.py
[2025-04-29T04:50:49.489+0000] {processor.py:753} INFO - DAG(s) dict_keys(['tutorial_taskflow_api']) retrieved from /home/airflow/.local/lib/python3.7/site-packages/airflow/example_dags/tutorial_taskflow_api.py
[2025-04-29T04:50:49.503+0000] {logging_mixin.py:137} INFO - [2025-04-29T04:50:49.503+0000] {dag.py:2690} INFO - Sync 1 DAGs
[2025-04-29T04:50:49.515+0000] {logging_mixin.py:137} INFO - [2025-04-29T04:50:49.515+0000] {dag.py:3441} INFO - Setting next_dagrun for tutorial_taskflow_api to None, run_after=None
[2025-04-29T04:50:49.526+0000] {processor.py:175} INFO - Processing /home/airflow/.local/lib/python3.7/site-packages/airflow/example_dags/tutorial_taskflow_api.py took 0.047 seconds
[2025-04-29T04:51:20.102+0000] {processor.py:153} INFO - Started process (PID=2372) to work on /home/airflow/.local/lib/python3.7/site-packages/airflow/example_dags/tutorial_taskflow_api.py
[2025-04-29T04:51:20.102+0000] {processor.py:743} INFO - Processing file /home/airflow/.local/lib/python3.7/site-packages/airflow/example_dags/tutorial_taskflow_api.py for tasks to queue
[2025-04-29T04:51:20.102+0000] {logging_mixin.py:137} INFO - [2025-04-29T04:51:20.102+0000] {dagbag.py:538} INFO - Filling up the DagBag from /home/airflow/.local/lib/python3.7/site-packages/airflow/example_dags/tutorial_taskflow_api.py
[2025-04-29T04:51:20.111+0000] {processor.py:753} INFO - DAG(s) dict_keys(['tutorial_taskflow_api']) retrieved from /home/airflow/.local/lib/python3.7/site-packages/airflow/example_dags/tutorial_taskflow_api.py
[2025-04-29T04:51:20.121+0000] {logging_mixin.py:137} INFO - [2025-04-29T04:51:20.121+0000] {dag.py:2690} INFO - Sync 1 DAGs
[2025-04-29T04:51:20.130+0000] {logging_mixin.py:137} INFO - [2025-04-29T04:51:20.130+0000] {dag.py:3441} INFO - Setting next_dagrun for tutorial_taskflow_api to None, run_after=None
[2025-04-29T04:51:20.137+0000] {processor.py:175} INFO - Processing /home/airflow/.local/lib/python3.7/site-packages/airflow/example_dags/tutorial_taskflow_api.py took 0.036 seconds
[2025-04-29T04:51:50.568+0000] {processor.py:153} INFO - Started process (PID=2464) to work on /home/airflow/.local/lib/python3.7/site-packages/airflow/example_dags/tutorial_taskflow_api.py
[2025-04-29T04:51:50.569+0000] {processor.py:743} INFO - Processing file /home/airflow/.local/lib/python3.7/site-packages/airflow/example_dags/tutorial_taskflow_api.py for tasks to queue
[2025-04-29T04:51:50.569+0000] {logging_mixin.py:137} INFO - [2025-04-29T04:51:50.569+0000] {dagbag.py:538} INFO - Filling up the DagBag from /home/airflow/.local/lib/python3.7/site-packages/airflow/example_dags/tutorial_taskflow_api.py
[2025-04-29T04:51:50.577+0000] {processor.py:753} INFO - DAG(s) dict_keys(['tutorial_taskflow_api']) retrieved from /home/airflow/.local/lib/python3.7/site-packages/airflow/example_dags/tutorial_taskflow_api.py
[2025-04-29T04:51:50.586+0000] {logging_mixin.py:137} INFO - [2025-04-29T04:51:50.586+0000] {dag.py:2690} INFO - Sync 1 DAGs
[2025-04-29T04:51:50.595+0000] {logging_mixin.py:137} INFO - [2025-04-29T04:51:50.595+0000] {dag.py:3441} INFO - Setting next_dagrun for tutorial_taskflow_api to None, run_after=None
[2025-04-29T04:51:50.601+0000] {processor.py:175} INFO - Processing /home/airflow/.local/lib/python3.7/site-packages/airflow/example_dags/tutorial_taskflow_api.py took 0.034 seconds
[2025-04-29T04:52:21.160+0000] {processor.py:153} INFO - Started process (PID=2549) to work on /home/airflow/.local/lib/python3.7/site-packages/airflow/example_dags/tutorial_taskflow_api.py
[2025-04-29T04:52:21.160+0000] {processor.py:743} INFO - Processing file /home/airflow/.local/lib/python3.7/site-packages/airflow/example_dags/tutorial_taskflow_api.py for tasks to queue
[2025-04-29T04:52:21.161+0000] {logging_mixin.py:137} INFO - [2025-04-29T04:52:21.161+0000] {dagbag.py:538} INFO - Filling up the DagBag from /home/airflow/.local/lib/python3.7/site-packages/airflow/example_dags/tutorial_taskflow_api.py
[2025-04-29T04:52:21.169+0000] {processor.py:753} INFO - DAG(s) dict_keys(['tutorial_taskflow_api']) retrieved from /home/airflow/.local/lib/python3.7/site-packages/airflow/example_dags/tutorial_taskflow_api.py
[2025-04-29T04:52:21.179+0000] {logging_mixin.py:137} INFO - [2025-04-29T04:52:21.179+0000] {dag.py:2690} INFO - Sync 1 DAGs
[2025-04-29T04:52:21.189+0000] {logging_mixin.py:137} INFO - [2025-04-29T04:52:21.188+0000] {dag.py:3441} INFO - Setting next_dagrun for tutorial_taskflow_api to None, run_after=None
[2025-04-29T04:52:21.195+0000] {processor.py:175} INFO - Processing /home/airflow/.local/lib/python3.7/site-packages/airflow/example_dags/tutorial_taskflow_api.py took 0.037 seconds
[2025-04-29T04:52:51.764+0000] {processor.py:153} INFO - Started process (PID=2632) to work on /home/airflow/.local/lib/python3.7/site-packages/airflow/example_dags/tutorial_taskflow_api.py
[2025-04-29T04:52:51.765+0000] {processor.py:743} INFO - Processing file /home/airflow/.local/lib/python3.7/site-packages/airflow/example_dags/tutorial_taskflow_api.py for tasks to queue
[2025-04-29T04:52:51.765+0000] {logging_mixin.py:137} INFO - [2025-04-29T04:52:51.765+0000] {dagbag.py:538} INFO - Filling up the DagBag from /home/airflow/.local/lib/python3.7/site-packages/airflow/example_dags/tutorial_taskflow_api.py
[2025-04-29T04:52:51.774+0000] {processor.py:753} INFO - DAG(s) dict_keys(['tutorial_taskflow_api']) retrieved from /home/airflow/.local/lib/python3.7/site-packages/airflow/example_dags/tutorial_taskflow_api.py
[2025-04-29T04:52:51.788+0000] {logging_mixin.py:137} INFO - [2025-04-29T04:52:51.788+0000] {dag.py:2690} INFO - Sync 1 DAGs
[2025-04-29T04:52:51.800+0000] {logging_mixin.py:137} INFO - [2025-04-29T04:52:51.800+0000] {dag.py:3441} INFO - Setting next_dagrun for tutorial_taskflow_api to None, run_after=None
[2025-04-29T04:52:51.809+0000] {processor.py:175} INFO - Processing /home/airflow/.local/lib/python3.7/site-packages/airflow/example_dags/tutorial_taskflow_api.py took 0.047 seconds
[2025-04-29T04:53:22.437+0000] {processor.py:153} INFO - Started process (PID=2724) to work on /home/airflow/.local/lib/python3.7/site-packages/airflow/example_dags/tutorial_taskflow_api.py
[2025-04-29T04:53:22.437+0000] {processor.py:743} INFO - Processing file /home/airflow/.local/lib/python3.7/site-packages/airflow/example_dags/tutorial_taskflow_api.py for tasks to queue
[2025-04-29T04:53:22.437+0000] {logging_mixin.py:137} INFO - [2025-04-29T04:53:22.437+0000] {dagbag.py:538} INFO - Filling up the DagBag from /home/airflow/.local/lib/python3.7/site-packages/airflow/example_dags/tutorial_taskflow_api.py
[2025-04-29T04:53:22.445+0000] {processor.py:753} INFO - DAG(s) dict_keys(['tutorial_taskflow_api']) retrieved from /home/airflow/.local/lib/python3.7/site-packages/airflow/example_dags/tutorial_taskflow_api.py
[2025-04-29T04:53:22.455+0000] {logging_mixin.py:137} INFO - [2025-04-29T04:53:22.455+0000] {dag.py:2690} INFO - Sync 1 DAGs
[2025-04-29T04:53:22.464+0000] {logging_mixin.py:137} INFO - [2025-04-29T04:53:22.464+0000] {dag.py:3441} INFO - Setting next_dagrun for tutorial_taskflow_api to None, run_after=None
[2025-04-29T04:53:22.470+0000] {processor.py:175} INFO - Processing /home/airflow/.local/lib/python3.7/site-packages/airflow/example_dags/tutorial_taskflow_api.py took 0.034 seconds
[2025-04-29T04:53:52.995+0000] {processor.py:153} INFO - Started process (PID=2816) to work on /home/airflow/.local/lib/python3.7/site-packages/airflow/example_dags/tutorial_taskflow_api.py
[2025-04-29T04:53:52.996+0000] {processor.py:743} INFO - Processing file /home/airflow/.local/lib/python3.7/site-packages/airflow/example_dags/tutorial_taskflow_api.py for tasks to queue
[2025-04-29T04:53:52.996+0000] {logging_mixin.py:137} INFO - [2025-04-29T04:53:52.996+0000] {dagbag.py:538} INFO - Filling up the DagBag from /home/airflow/.local/lib/python3.7/site-packages/airflow/example_dags/tutorial_taskflow_api.py
[2025-04-29T04:53:53.004+0000] {processor.py:753} INFO - DAG(s) dict_keys(['tutorial_taskflow_api']) retrieved from /home/airflow/.local/lib/python3.7/site-packages/airflow/example_dags/tutorial_taskflow_api.py
[2025-04-29T04:53:53.013+0000] {logging_mixin.py:137} INFO - [2025-04-29T04:53:53.013+0000] {dag.py:2690} INFO - Sync 1 DAGs
[2025-04-29T04:53:53.022+0000] {logging_mixin.py:137} INFO - [2025-04-29T04:53:53.022+0000] {dag.py:3441} INFO - Setting next_dagrun for tutorial_taskflow_api to None, run_after=None
[2025-04-29T04:53:53.028+0000] {processor.py:175} INFO - Processing /home/airflow/.local/lib/python3.7/site-packages/airflow/example_dags/tutorial_taskflow_api.py took 0.034 seconds
[2025-04-29T04:54:23.495+0000] {processor.py:153} INFO - Started process (PID=2908) to work on /home/airflow/.local/lib/python3.7/site-packages/airflow/example_dags/tutorial_taskflow_api.py
[2025-04-29T04:54:23.495+0000] {processor.py:743} INFO - Processing file /home/airflow/.local/lib/python3.7/site-packages/airflow/example_dags/tutorial_taskflow_api.py for tasks to queue
[2025-04-29T04:54:23.495+0000] {logging_mixin.py:137} INFO - [2025-04-29T04:54:23.495+0000] {dagbag.py:538} INFO - Filling up the DagBag from /home/airflow/.local/lib/python3.7/site-packages/airflow/example_dags/tutorial_taskflow_api.py
[2025-04-29T04:54:23.503+0000] {processor.py:753} INFO - DAG(s) dict_keys(['tutorial_taskflow_api']) retrieved from /home/airflow/.local/lib/python3.7/site-packages/airflow/example_dags/tutorial_taskflow_api.py
[2025-04-29T04:54:23.513+0000] {logging_mixin.py:137} INFO - [2025-04-29T04:54:23.513+0000] {dag.py:2690} INFO - Sync 1 DAGs
[2025-04-29T04:54:23.522+0000] {logging_mixin.py:137} INFO - [2025-04-29T04:54:23.522+0000] {dag.py:3441} INFO - Setting next_dagrun for tutorial_taskflow_api to None, run_after=None
[2025-04-29T04:54:23.528+0000] {processor.py:175} INFO - Processing /home/airflow/.local/lib/python3.7/site-packages/airflow/example_dags/tutorial_taskflow_api.py took 0.034 seconds
[2025-04-29T04:54:54.051+0000] {processor.py:153} INFO - Started process (PID=2984) to work on /home/airflow/.local/lib/python3.7/site-packages/airflow/example_dags/tutorial_taskflow_api.py
[2025-04-29T04:54:54.051+0000] {processor.py:743} INFO - Processing file /home/airflow/.local/lib/python3.7/site-packages/airflow/example_dags/tutorial_taskflow_api.py for tasks to queue
[2025-04-29T04:54:54.052+0000] {logging_mixin.py:137} INFO - [2025-04-29T04:54:54.052+0000] {dagbag.py:538} INFO - Filling up the DagBag from /home/airflow/.local/lib/python3.7/site-packages/airflow/example_dags/tutorial_taskflow_api.py
[2025-04-29T04:54:54.061+0000] {processor.py:753} INFO - DAG(s) dict_keys(['tutorial_taskflow_api']) retrieved from /home/airflow/.local/lib/python3.7/site-packages/airflow/example_dags/tutorial_taskflow_api.py
[2025-04-29T04:54:54.071+0000] {logging_mixin.py:137} INFO - [2025-04-29T04:54:54.071+0000] {dag.py:2690} INFO - Sync 1 DAGs
[2025-04-29T04:54:54.080+0000] {logging_mixin.py:137} INFO - [2025-04-29T04:54:54.080+0000] {dag.py:3441} INFO - Setting next_dagrun for tutorial_taskflow_api to None, run_after=None
[2025-04-29T04:54:54.091+0000] {processor.py:175} INFO - Processing /home/airflow/.local/lib/python3.7/site-packages/airflow/example_dags/tutorial_taskflow_api.py took 0.042 seconds
[2025-04-29T04:55:24.553+0000] {processor.py:153} INFO - Started process (PID=3075) to work on /home/airflow/.local/lib/python3.7/site-packages/airflow/example_dags/tutorial_taskflow_api.py
[2025-04-29T04:55:24.553+0000] {processor.py:743} INFO - Processing file /home/airflow/.local/lib/python3.7/site-packages/airflow/example_dags/tutorial_taskflow_api.py for tasks to queue
[2025-04-29T04:55:24.554+0000] {logging_mixin.py:137} INFO - [2025-04-29T04:55:24.554+0000] {dagbag.py:538} INFO - Filling up the DagBag from /home/airflow/.local/lib/python3.7/site-packages/airflow/example_dags/tutorial_taskflow_api.py
[2025-04-29T04:55:24.562+0000] {processor.py:753} INFO - DAG(s) dict_keys(['tutorial_taskflow_api']) retrieved from /home/airflow/.local/lib/python3.7/site-packages/airflow/example_dags/tutorial_taskflow_api.py
[2025-04-29T04:55:24.571+0000] {logging_mixin.py:137} INFO - [2025-04-29T04:55:24.571+0000] {dag.py:2690} INFO - Sync 1 DAGs
[2025-04-29T04:55:24.580+0000] {logging_mixin.py:137} INFO - [2025-04-29T04:55:24.580+0000] {dag.py:3441} INFO - Setting next_dagrun for tutorial_taskflow_api to None, run_after=None
[2025-04-29T04:55:24.585+0000] {processor.py:175} INFO - Processing /home/airflow/.local/lib/python3.7/site-packages/airflow/example_dags/tutorial_taskflow_api.py took 0.034 seconds
[2025-04-29T04:55:55.217+0000] {processor.py:153} INFO - Started process (PID=3167) to work on /home/airflow/.local/lib/python3.7/site-packages/airflow/example_dags/tutorial_taskflow_api.py
[2025-04-29T04:55:55.217+0000] {processor.py:743} INFO - Processing file /home/airflow/.local/lib/python3.7/site-packages/airflow/example_dags/tutorial_taskflow_api.py for tasks to queue
[2025-04-29T04:55:55.217+0000] {logging_mixin.py:137} INFO - [2025-04-29T04:55:55.217+0000] {dagbag.py:538} INFO - Filling up the DagBag from /home/airflow/.local/lib/python3.7/site-packages/airflow/example_dags/tutorial_taskflow_api.py
[2025-04-29T04:55:55.226+0000] {processor.py:753} INFO - DAG(s) dict_keys(['tutorial_taskflow_api']) retrieved from /home/airflow/.local/lib/python3.7/site-packages/airflow/example_dags/tutorial_taskflow_api.py
[2025-04-29T04:55:55.237+0000] {logging_mixin.py:137} INFO - [2025-04-29T04:55:55.237+0000] {dag.py:2690} INFO - Sync 1 DAGs
[2025-04-29T04:55:55.247+0000] {logging_mixin.py:137} INFO - [2025-04-29T04:55:55.247+0000] {dag.py:3441} INFO - Setting next_dagrun for tutorial_taskflow_api to None, run_after=None
[2025-04-29T04:55:55.255+0000] {processor.py:175} INFO - Processing /home/airflow/.local/lib/python3.7/site-packages/airflow/example_dags/tutorial_taskflow_api.py took 0.040 seconds
[2025-04-29T04:56:25.783+0000] {processor.py:153} INFO - Started process (PID=3259) to work on /home/airflow/.local/lib/python3.7/site-packages/airflow/example_dags/tutorial_taskflow_api.py
[2025-04-29T04:56:25.784+0000] {processor.py:743} INFO - Processing file /home/airflow/.local/lib/python3.7/site-packages/airflow/example_dags/tutorial_taskflow_api.py for tasks to queue
[2025-04-29T04:56:25.784+0000] {logging_mixin.py:137} INFO - [2025-04-29T04:56:25.784+0000] {dagbag.py:538} INFO - Filling up the DagBag from /home/airflow/.local/lib/python3.7/site-packages/airflow/example_dags/tutorial_taskflow_api.py
[2025-04-29T04:56:25.792+0000] {processor.py:753} INFO - DAG(s) dict_keys(['tutorial_taskflow_api']) retrieved from /home/airflow/.local/lib/python3.7/site-packages/airflow/example_dags/tutorial_taskflow_api.py
[2025-04-29T04:56:25.803+0000] {logging_mixin.py:137} INFO - [2025-04-29T04:56:25.803+0000] {dag.py:2690} INFO - Sync 1 DAGs
[2025-04-29T04:56:25.813+0000] {logging_mixin.py:137} INFO - [2025-04-29T04:56:25.813+0000] {dag.py:3441} INFO - Setting next_dagrun for tutorial_taskflow_api to None, run_after=None
[2025-04-29T04:56:25.822+0000] {processor.py:175} INFO - Processing /home/airflow/.local/lib/python3.7/site-packages/airflow/example_dags/tutorial_taskflow_api.py took 0.040 seconds
