[2025-05-17T00:12:48.559+0000] {taskinstance.py:1083} INFO - Dependencies all met for <TaskInstance: group_dag.check_files scheduled__2025-05-16T00:00:00+00:00 [queued]>
[2025-05-17T00:12:48.571+0000] {taskinstance.py:1083} INFO - Dependencies all met for <TaskInstance: group_dag.check_files scheduled__2025-05-16T00:00:00+00:00 [queued]>
[2025-05-17T00:12:48.572+0000] {taskinstance.py:1279} INFO - 
--------------------------------------------------------------------------------
[2025-05-17T00:12:48.572+0000] {taskinstance.py:1280} INFO - Starting attempt 1 of 1
[2025-05-17T00:12:48.572+0000] {taskinstance.py:1281} INFO - 
--------------------------------------------------------------------------------
[2025-05-17T00:12:48.587+0000] {taskinstance.py:1300} INFO - Executing <Task(BashOperator): check_files> on 2025-05-16 00:00:00+00:00
[2025-05-17T00:12:48.592+0000] {standard_task_runner.py:55} INFO - Started process 74104 to run task
[2025-05-17T00:12:48.596+0000] {standard_task_runner.py:82} INFO - Running: ['***', 'tasks', 'run', 'group_dag', 'check_files', 'scheduled__2025-05-16T00:00:00+00:00', '--job-id', '345', '--raw', '--subdir', 'DAGS_FOLDER/group_dags.py', '--cfg-path', '/tmp/tmpffqi67zq']
[2025-05-17T00:12:48.597+0000] {standard_task_runner.py:83} INFO - Job 345: Subtask check_files
[2025-05-17T00:12:48.666+0000] {task_command.py:388} INFO - Running <TaskInstance: group_dag.check_files scheduled__2025-05-16T00:00:00+00:00 [running]> on host b1064f4ed60e
[2025-05-17T00:12:48.739+0000] {taskinstance.py:1509} INFO - Exporting the following env vars:
AIRFLOW_CTX_DAG_OWNER=***
AIRFLOW_CTX_DAG_ID=group_dag
AIRFLOW_CTX_TASK_ID=check_files
AIRFLOW_CTX_EXECUTION_DATE=2025-05-16T00:00:00+00:00
AIRFLOW_CTX_TRY_NUMBER=1
AIRFLOW_CTX_DAG_RUN_ID=scheduled__2025-05-16T00:00:00+00:00
[2025-05-17T00:12:48.740+0000] {subprocess.py:63} INFO - Tmp dir root location: 
 /tmp
[2025-05-17T00:12:48.741+0000] {subprocess.py:75} INFO - Running command: ['/bin/bash', '-c', 'sleep 10']
[2025-05-17T00:12:48.750+0000] {subprocess.py:86} INFO - Output:
[2025-05-17T00:12:58.765+0000] {subprocess.py:97} INFO - Command exited with return code 0
[2025-05-17T00:12:58.793+0000] {taskinstance.py:1323} INFO - Marking task as SUCCESS. dag_id=group_dag, task_id=check_files, execution_date=20250516T000000, start_date=20250517T001248, end_date=20250517T001258
[2025-05-17T00:12:58.839+0000] {local_task_job.py:208} INFO - Task exited with return code 0
[2025-05-17T00:12:58.855+0000] {taskinstance.py:2578} INFO - 3 downstream tasks scheduled from follow-on schedule check
