[2025-05-27T16:53:59.979+0000] {taskinstance.py:1083} INFO - Dependencies all met for <TaskInstance: user_processing.store_user scheduled__2025-05-26T00:00:00+00:00 [queued]>
[2025-05-27T16:53:59.983+0000] {taskinstance.py:1083} INFO - Dependencies all met for <TaskInstance: user_processing.store_user scheduled__2025-05-26T00:00:00+00:00 [queued]>
[2025-05-27T16:53:59.983+0000] {taskinstance.py:1279} INFO - 
--------------------------------------------------------------------------------
[2025-05-27T16:53:59.983+0000] {taskinstance.py:1280} INFO - Starting attempt 1 of 1
[2025-05-27T16:53:59.983+0000] {taskinstance.py:1281} INFO - 
--------------------------------------------------------------------------------
[2025-05-27T16:53:59.988+0000] {taskinstance.py:1300} INFO - Executing <Task(PythonOperator): store_user> on 2025-05-26 00:00:00+00:00
[2025-05-27T16:53:59.990+0000] {standard_task_runner.py:55} INFO - Started process 119 to run task
[2025-05-27T16:53:59.991+0000] {standard_task_runner.py:82} INFO - Running: ['***', 'tasks', 'run', 'user_processing', 'store_user', 'scheduled__2025-05-26T00:00:00+00:00', '--job-id', '576', '--raw', '--subdir', 'DAGS_FOLDER/user_processing.py', '--cfg-path', '/tmp/tmp1sx4wn2f']
[2025-05-27T16:53:59.992+0000] {standard_task_runner.py:83} INFO - Job 576: Subtask store_user
[2025-05-27T16:54:00.015+0000] {task_command.py:388} INFO - Running <TaskInstance: user_processing.store_user scheduled__2025-05-26T00:00:00+00:00 [running]> on host 74c05f868d26
[2025-05-27T16:54:00.040+0000] {taskinstance.py:1509} INFO - Exporting the following env vars:
AIRFLOW_CTX_DAG_OWNER=***
AIRFLOW_CTX_DAG_ID=user_processing
AIRFLOW_CTX_TASK_ID=store_user
AIRFLOW_CTX_EXECUTION_DATE=2025-05-26T00:00:00+00:00
AIRFLOW_CTX_TRY_NUMBER=1
AIRFLOW_CTX_DAG_RUN_ID=scheduled__2025-05-26T00:00:00+00:00
[2025-05-27T16:54:00.040+0000] {postgres.py:158} INFO - Running copy expert: COPY users FROM stdin WITH DELIMITER as ',', filename: /tmp/processed_user.csv
[2025-05-27T16:54:00.043+0000] {base.py:73} INFO - Using connection ID 'postgres' for task execution.
[2025-05-27T16:54:00.045+0000] {python.py:177} INFO - Done. Returned value was: None
[2025-05-27T16:54:00.048+0000] {taskinstance.py:1323} INFO - Marking task as SUCCESS. dag_id=user_processing, task_id=store_user, execution_date=20250526T000000, start_date=20250527T165359, end_date=20250527T165400
[2025-05-27T16:54:00.089+0000] {local_task_job.py:208} INFO - Task exited with return code 0
[2025-05-27T16:54:00.096+0000] {taskinstance.py:2578} INFO - 0 downstream tasks scheduled from follow-on schedule check
