[2024-12-22T23:25:08.905+0000] {taskinstance.py:1083} INFO - Dependencies all met for <TaskInstance: user_processing.create_table manual__2024-12-22T23:25:07.962584+00:00 [queued]>
[2024-12-22T23:25:08.908+0000] {taskinstance.py:1083} INFO - Dependencies all met for <TaskInstance: user_processing.create_table manual__2024-12-22T23:25:07.962584+00:00 [queued]>
[2024-12-22T23:25:08.909+0000] {taskinstance.py:1279} INFO - 
--------------------------------------------------------------------------------
[2024-12-22T23:25:08.909+0000] {taskinstance.py:1280} INFO - Starting attempt 1 of 1
[2024-12-22T23:25:08.909+0000] {taskinstance.py:1281} INFO - 
--------------------------------------------------------------------------------
[2024-12-22T23:25:08.915+0000] {taskinstance.py:1300} INFO - Executing <Task(PostgresOperator): create_table> on 2024-12-22 23:25:07.962584+00:00
[2024-12-22T23:25:08.917+0000] {standard_task_runner.py:55} INFO - Started process 87615 to run task
[2024-12-22T23:25:08.918+0000] {standard_task_runner.py:82} INFO - Running: ['***', 'tasks', 'run', 'user_processing', 'create_table', 'manual__2024-12-22T23:25:07.962584+00:00', '--job-id', '191', '--raw', '--subdir', 'DAGS_FOLDER/user_processing.py', '--cfg-path', '/tmp/tmp8__prcbj']
[2024-12-22T23:25:08.919+0000] {standard_task_runner.py:83} INFO - Job 191: Subtask create_table
[2024-12-22T23:25:08.945+0000] {task_command.py:388} INFO - Running <TaskInstance: user_processing.create_table manual__2024-12-22T23:25:07.962584+00:00 [running]> on host 44e036a430cc
[2024-12-22T23:25:08.982+0000] {taskinstance.py:1509} INFO - Exporting the following env vars:
AIRFLOW_CTX_DAG_OWNER=***
AIRFLOW_CTX_DAG_ID=user_processing
AIRFLOW_CTX_TASK_ID=create_table
AIRFLOW_CTX_EXECUTION_DATE=2024-12-22T23:25:07.962584+00:00
AIRFLOW_CTX_TRY_NUMBER=1
AIRFLOW_CTX_DAG_RUN_ID=manual__2024-12-22T23:25:07.962584+00:00
[2024-12-22T23:25:08.984+0000] {sql.py:254} INFO - Executing: CREATE TABLE IF NOT EXISTS users (
            firstname TEXT NOT NULL,
            lastname TEXT NOT NULL,
            country TEXT NOT NULL,
            username TEXT NOT NULL,
            password TEXT NOT NULL,
            email TEXT NOT NULL);
[2024-12-22T23:25:08.989+0000] {base.py:73} INFO - Using connection ID 'postgres' for task execution.
[2024-12-22T23:25:09.081+0000] {base.py:73} INFO - Using connection ID 'postgres' for task execution.
[2024-12-22T23:25:09.084+0000] {sql.py:375} INFO - Running statement: CREATE TABLE IF NOT EXISTS users (
            firstname TEXT NOT NULL,
            lastname TEXT NOT NULL,
            country TEXT NOT NULL,
            username TEXT NOT NULL,
            password TEXT NOT NULL,
            email TEXT NOT NULL);, parameters: None
[2024-12-22T23:25:09.092+0000] {taskinstance.py:1323} INFO - Marking task as SUCCESS. dag_id=user_processing, task_id=create_table, execution_date=20241222T232507, start_date=20241222T232508, end_date=20241222T232509
[2024-12-22T23:25:09.140+0000] {local_task_job.py:208} INFO - Task exited with return code 0
[2024-12-22T23:25:09.153+0000] {taskinstance.py:2578} INFO - 1 downstream tasks scheduled from follow-on schedule check
