[2025-05-14T12:33:28.905+0000] {taskinstance.py:1083} INFO - Dependencies all met for <TaskInstance: group_dag.downloads.download_a manual__2025-05-14T12:33:28.463117+00:00 [queued]>
[2025-05-14T12:33:28.911+0000] {taskinstance.py:1083} INFO - Dependencies all met for <TaskInstance: group_dag.downloads.download_a manual__2025-05-14T12:33:28.463117+00:00 [queued]>
[2025-05-14T12:33:28.913+0000] {taskinstance.py:1279} INFO - 
--------------------------------------------------------------------------------
[2025-05-14T12:33:28.913+0000] {taskinstance.py:1280} INFO - Starting attempt 1 of 1
[2025-05-14T12:33:28.913+0000] {taskinstance.py:1281} INFO - 
--------------------------------------------------------------------------------
[2025-05-14T12:33:28.921+0000] {taskinstance.py:1300} INFO - Executing <Task(BashOperator): downloads.download_a> on 2025-05-14 12:33:28.463117+00:00
[2025-05-14T12:33:28.924+0000] {standard_task_runner.py:55} INFO - Started process 95382 to run task
[2025-05-14T12:33:28.926+0000] {standard_task_runner.py:82} INFO - Running: ['***', 'tasks', 'run', 'group_dag', 'downloads.download_a', 'manual__2025-05-14T12:33:28.463117+00:00', '--job-id', '221', '--raw', '--subdir', 'DAGS_FOLDER/group_dags.py', '--cfg-path', '/tmp/tmpv96czo6_']
[2025-05-14T12:33:28.927+0000] {standard_task_runner.py:83} INFO - Job 221: Subtask downloads.download_a
[2025-05-14T12:33:28.956+0000] {task_command.py:388} INFO - Running <TaskInstance: group_dag.downloads.download_a manual__2025-05-14T12:33:28.463117+00:00 [running]> on host b1064f4ed60e
[2025-05-14T12:33:29.027+0000] {taskinstance.py:1509} INFO - Exporting the following env vars:
AIRFLOW_CTX_DAG_OWNER=***
AIRFLOW_CTX_DAG_ID=group_dag
AIRFLOW_CTX_TASK_ID=downloads.download_a
AIRFLOW_CTX_EXECUTION_DATE=2025-05-14T12:33:28.463117+00:00
AIRFLOW_CTX_TRY_NUMBER=1
AIRFLOW_CTX_DAG_RUN_ID=manual__2025-05-14T12:33:28.463117+00:00
[2025-05-14T12:33:29.029+0000] {subprocess.py:63} INFO - Tmp dir root location: 
 /tmp
[2025-05-14T12:33:29.029+0000] {subprocess.py:75} INFO - Running command: ['/bin/bash', '-c', 'sleep 5']
[2025-05-14T12:33:29.034+0000] {subprocess.py:86} INFO - Output:
[2025-05-14T12:33:34.041+0000] {subprocess.py:97} INFO - Command exited with return code 0
[2025-05-14T12:33:34.062+0000] {taskinstance.py:1323} INFO - Marking task as SUCCESS. dag_id=group_dag, task_id=downloads.download_a, execution_date=20250514T123328, start_date=20250514T123328, end_date=20250514T123334
[2025-05-14T12:33:34.108+0000] {local_task_job.py:208} INFO - Task exited with return code 0
[2025-05-14T12:33:34.127+0000] {taskinstance.py:2578} INFO - 1 downstream tasks scheduled from follow-on schedule check
