[2025-05-29T23:12:37.684+0000] {taskinstance.py:1083} INFO - Dependencies all met for <TaskInstance: consumer.read_data dataset_triggered__2025-05-29T19:37:18.239047+00:00 [queued]>
[2025-05-29T23:12:37.689+0000] {taskinstance.py:1083} INFO - Dependencies all met for <TaskInstance: consumer.read_data dataset_triggered__2025-05-29T19:37:18.239047+00:00 [queued]>
[2025-05-29T23:12:37.689+0000] {taskinstance.py:1279} INFO - 
--------------------------------------------------------------------------------
[2025-05-29T23:12:37.689+0000] {taskinstance.py:1280} INFO - Starting attempt 1 of 1
[2025-05-29T23:12:37.689+0000] {taskinstance.py:1281} INFO - 
--------------------------------------------------------------------------------
[2025-05-29T23:12:37.695+0000] {taskinstance.py:1300} INFO - Executing <Task(_PythonDecoratedOperator): read_data> on 2025-05-29 19:37:18.239047+00:00
[2025-05-29T23:12:37.697+0000] {standard_task_runner.py:55} INFO - Started process 46070 to run task
[2025-05-29T23:12:37.699+0000] {standard_task_runner.py:82} INFO - Running: ['***', 'tasks', 'run', 'consumer', 'read_data', 'dataset_triggered__2025-05-29T19:37:18.239047+00:00', '--job-id', '648', '--raw', '--subdir', 'DAGS_FOLDER/consumer.py', '--cfg-path', '/tmp/tmpobl564rw']
[2025-05-29T23:12:37.701+0000] {standard_task_runner.py:83} INFO - Job 648: Subtask read_data
[2025-05-29T23:12:37.731+0000] {task_command.py:388} INFO - Running <TaskInstance: consumer.read_data dataset_triggered__2025-05-29T19:37:18.239047+00:00 [running]> on host 74c05f868d26
[2025-05-29T23:12:37.765+0000] {taskinstance.py:1509} INFO - Exporting the following env vars:
AIRFLOW_CTX_DAG_OWNER=***
AIRFLOW_CTX_DAG_ID=consumer
AIRFLOW_CTX_TASK_ID=read_data
AIRFLOW_CTX_EXECUTION_DATE=2025-05-29T19:37:18.239047+00:00
AIRFLOW_CTX_TRY_NUMBER=1
AIRFLOW_CTX_DAG_RUN_ID=dataset_triggered__2025-05-29T19:37:18.239047+00:00
[2025-05-29T23:12:37.766+0000] {logging_mixin.py:137} INFO - updated producerupdated producerupdated producerupdated producerupdated producerupdated producerproducer updateproducer update
[2025-05-29T23:12:37.766+0000] {python.py:177} INFO - Done. Returned value was: None
[2025-05-29T23:12:37.770+0000] {taskinstance.py:1323} INFO - Marking task as SUCCESS. dag_id=consumer, task_id=read_data, execution_date=20250529T193718, start_date=20250529T231237, end_date=20250529T231237
[2025-05-29T23:12:37.798+0000] {local_task_job.py:208} INFO - Task exited with return code 0
[2025-05-29T23:12:37.805+0000] {taskinstance.py:2578} INFO - 0 downstream tasks scheduled from follow-on schedule check
