[2025-05-06T12:17:03.933+0000] {taskinstance.py:1083} INFO - Dependencies all met for <TaskInstance: parallel_dag.load_a manual__2025-05-06T12:16:52.291598+00:00 [queued]>
[2025-05-06T12:17:03.938+0000] {taskinstance.py:1083} INFO - Dependencies all met for <TaskInstance: parallel_dag.load_a manual__2025-05-06T12:16:52.291598+00:00 [queued]>
[2025-05-06T12:17:03.938+0000] {taskinstance.py:1279} INFO - 
--------------------------------------------------------------------------------
[2025-05-06T12:17:03.938+0000] {taskinstance.py:1280} INFO - Starting attempt 1 of 1
[2025-05-06T12:17:03.938+0000] {taskinstance.py:1281} INFO - 
--------------------------------------------------------------------------------
[2025-05-06T12:17:03.944+0000] {taskinstance.py:1300} INFO - Executing <Task(BashOperator): load_a> on 2025-05-06 12:16:52.291598+00:00
[2025-05-06T12:17:03.946+0000] {standard_task_runner.py:55} INFO - Started process 446 to run task
[2025-05-06T12:17:03.947+0000] {standard_task_runner.py:82} INFO - Running: ['***', 'tasks', 'run', 'parallel_dag', 'load_a', 'manual__2025-05-06T12:16:52.291598+00:00', '--job-id', '122', '--raw', '--subdir', 'DAGS_FOLDER/parallel_dag.py', '--cfg-path', '/tmp/tmp43fhlt26']
[2025-05-06T12:17:03.947+0000] {standard_task_runner.py:83} INFO - Job 122: Subtask load_a
[2025-05-06T12:17:03.974+0000] {task_command.py:388} INFO - Running <TaskInstance: parallel_dag.load_a manual__2025-05-06T12:16:52.291598+00:00 [running]> on host 0c1606a67206
[2025-05-06T12:17:04.003+0000] {taskinstance.py:1509} INFO - Exporting the following env vars:
AIRFLOW_CTX_DAG_OWNER=***
AIRFLOW_CTX_DAG_ID=parallel_dag
AIRFLOW_CTX_TASK_ID=load_a
AIRFLOW_CTX_EXECUTION_DATE=2025-05-06T12:16:52.291598+00:00
AIRFLOW_CTX_TRY_NUMBER=1
AIRFLOW_CTX_DAG_RUN_ID=manual__2025-05-06T12:16:52.291598+00:00
[2025-05-06T12:17:04.003+0000] {subprocess.py:63} INFO - Tmp dir root location: 
 /tmp
[2025-05-06T12:17:04.004+0000] {subprocess.py:75} INFO - Running command: ['/bin/bash', '-c', 'sleep 10']
[2025-05-06T12:17:04.009+0000] {subprocess.py:86} INFO - Output:
[2025-05-06T12:17:14.014+0000] {subprocess.py:97} INFO - Command exited with return code 0
[2025-05-06T12:17:14.044+0000] {taskinstance.py:1323} INFO - Marking task as SUCCESS. dag_id=parallel_dag, task_id=load_a, execution_date=20250506T121652, start_date=20250506T121703, end_date=20250506T121714
[2025-05-06T12:17:14.059+0000] {local_task_job.py:208} INFO - Task exited with return code 0
[2025-05-06T12:17:14.079+0000] {taskinstance.py:2578} INFO - 0 downstream tasks scheduled from follow-on schedule check
