[2025-05-29T00:01:00.567+0000] {taskinstance.py:1083} INFO - Dependencies all met for <TaskInstance: user_processing.process_user scheduled__2025-05-28T00:00:00+00:00 [queued]>
[2025-05-29T00:01:00.570+0000] {taskinstance.py:1083} INFO - Dependencies all met for <TaskInstance: user_processing.process_user scheduled__2025-05-28T00:00:00+00:00 [queued]>
[2025-05-29T00:01:00.570+0000] {taskinstance.py:1279} INFO - 
--------------------------------------------------------------------------------
[2025-05-29T00:01:00.571+0000] {taskinstance.py:1280} INFO - Starting attempt 1 of 1
[2025-05-29T00:01:00.571+0000] {taskinstance.py:1281} INFO - 
--------------------------------------------------------------------------------
[2025-05-29T00:01:00.575+0000] {taskinstance.py:1300} INFO - Executing <Task(PythonOperator): process_user> on 2025-05-28 00:00:00+00:00
[2025-05-29T00:01:00.578+0000] {standard_task_runner.py:55} INFO - Started process 24994 to run task
[2025-05-29T00:01:00.579+0000] {standard_task_runner.py:82} INFO - Running: ['***', 'tasks', 'run', 'user_processing', 'process_user', 'scheduled__2025-05-28T00:00:00+00:00', '--job-id', '619', '--raw', '--subdir', 'DAGS_FOLDER/user_processing.py', '--cfg-path', '/tmp/tmp9yw9rox4']
[2025-05-29T00:01:00.580+0000] {standard_task_runner.py:83} INFO - Job 619: Subtask process_user
[2025-05-29T00:01:00.603+0000] {task_command.py:388} INFO - Running <TaskInstance: user_processing.process_user scheduled__2025-05-28T00:00:00+00:00 [running]> on host 74c05f868d26
[2025-05-29T00:01:00.629+0000] {taskinstance.py:1509} INFO - Exporting the following env vars:
AIRFLOW_CTX_DAG_OWNER=***
AIRFLOW_CTX_DAG_ID=user_processing
AIRFLOW_CTX_TASK_ID=process_user
AIRFLOW_CTX_EXECUTION_DATE=2025-05-28T00:00:00+00:00
AIRFLOW_CTX_TRY_NUMBER=1
AIRFLOW_CTX_DAG_RUN_ID=scheduled__2025-05-28T00:00:00+00:00
[2025-05-29T00:01:00.637+0000] {python.py:177} INFO - Done. Returned value was: None
[2025-05-29T00:01:00.640+0000] {taskinstance.py:1323} INFO - Marking task as SUCCESS. dag_id=user_processing, task_id=process_user, execution_date=20250528T000000, start_date=20250529T000100, end_date=20250529T000100
[2025-05-29T00:01:00.678+0000] {local_task_job.py:208} INFO - Task exited with return code 0
[2025-05-29T00:01:00.687+0000] {taskinstance.py:2578} INFO - 1 downstream tasks scheduled from follow-on schedule check
