[2025-05-09T00:01:37.091+0000] {taskinstance.py:1083} INFO - Dependencies all met for <TaskInstance: parallel_dag.extract_a scheduled__2025-05-08T00:00:00+00:00 [queued]>
[2025-05-09T00:01:37.098+0000] {taskinstance.py:1083} INFO - Dependencies all met for <TaskInstance: parallel_dag.extract_a scheduled__2025-05-08T00:00:00+00:00 [queued]>
[2025-05-09T00:01:37.098+0000] {taskinstance.py:1279} INFO - 
--------------------------------------------------------------------------------
[2025-05-09T00:01:37.099+0000] {taskinstance.py:1280} INFO - Starting attempt 1 of 1
[2025-05-09T00:01:37.099+0000] {taskinstance.py:1281} INFO - 
--------------------------------------------------------------------------------
[2025-05-09T00:01:37.107+0000] {taskinstance.py:1300} INFO - Executing <Task(BashOperator): extract_a> on 2025-05-08 00:00:00+00:00
[2025-05-09T00:01:37.110+0000] {standard_task_runner.py:55} INFO - Started process 47483 to run task
[2025-05-09T00:01:37.112+0000] {standard_task_runner.py:82} INFO - Running: ['***', 'tasks', 'run', 'parallel_dag', 'extract_a', 'scheduled__2025-05-08T00:00:00+00:00', '--job-id', '169', '--raw', '--subdir', 'DAGS_FOLDER/parallel_dag.py', '--cfg-path', '/tmp/tmpelhkbuke']
[2025-05-09T00:01:37.112+0000] {standard_task_runner.py:83} INFO - Job 169: Subtask extract_a
[2025-05-09T00:01:37.145+0000] {task_command.py:388} INFO - Running <TaskInstance: parallel_dag.extract_a scheduled__2025-05-08T00:00:00+00:00 [running]> on host b1064f4ed60e
[2025-05-09T00:01:37.176+0000] {taskinstance.py:1509} INFO - Exporting the following env vars:
AIRFLOW_CTX_DAG_OWNER=***
AIRFLOW_CTX_DAG_ID=parallel_dag
AIRFLOW_CTX_TASK_ID=extract_a
AIRFLOW_CTX_EXECUTION_DATE=2025-05-08T00:00:00+00:00
AIRFLOW_CTX_TRY_NUMBER=1
AIRFLOW_CTX_DAG_RUN_ID=scheduled__2025-05-08T00:00:00+00:00
[2025-05-09T00:01:37.177+0000] {subprocess.py:63} INFO - Tmp dir root location: 
 /tmp
[2025-05-09T00:01:37.177+0000] {subprocess.py:75} INFO - Running command: ['/bin/bash', '-c', 'sleep 10']
[2025-05-09T00:01:37.184+0000] {subprocess.py:86} INFO - Output:
[2025-05-09T00:01:47.188+0000] {subprocess.py:97} INFO - Command exited with return code 0
[2025-05-09T00:01:47.207+0000] {taskinstance.py:1323} INFO - Marking task as SUCCESS. dag_id=parallel_dag, task_id=extract_a, execution_date=20250508T000000, start_date=20250509T000137, end_date=20250509T000147
[2025-05-09T00:01:47.220+0000] {local_task_job.py:208} INFO - Task exited with return code 0
[2025-05-09T00:01:47.234+0000] {taskinstance.py:2578} INFO - 1 downstream tasks scheduled from follow-on schedule check
