[2025-05-16T10:38:23.780+0000] {taskinstance.py:1083} INFO - Dependencies all met for <TaskInstance: xcom_dag.t1 scheduled__2025-05-15T00:00:00+00:00 [queued]>
[2025-05-16T10:38:23.815+0000] {taskinstance.py:1083} INFO - Dependencies all met for <TaskInstance: xcom_dag.t1 scheduled__2025-05-15T00:00:00+00:00 [queued]>
[2025-05-16T10:38:23.815+0000] {taskinstance.py:1279} INFO - 
--------------------------------------------------------------------------------
[2025-05-16T10:38:23.815+0000] {taskinstance.py:1280} INFO - Starting attempt 1 of 1
[2025-05-16T10:38:23.816+0000] {taskinstance.py:1281} INFO - 
--------------------------------------------------------------------------------
[2025-05-16T10:38:23.913+0000] {taskinstance.py:1300} INFO - Executing <Task(PythonOperator): t1> on 2025-05-15 00:00:00+00:00
[2025-05-16T10:38:23.940+0000] {standard_task_runner.py:55} INFO - Started process 57097 to run task
[2025-05-16T10:38:23.962+0000] {standard_task_runner.py:82} INFO - Running: ['***', 'tasks', 'run', 'xcom_dag', 't1', 'scheduled__2025-05-15T00:00:00+00:00', '--job-id', '308', '--raw', '--subdir', 'DAGS_FOLDER/xcom_dags.py', '--cfg-path', '/tmp/tmpt7dh8hwt']
[2025-05-16T10:38:23.969+0000] {standard_task_runner.py:83} INFO - Job 308: Subtask t1
[2025-05-16T10:38:24.249+0000] {task_command.py:388} INFO - Running <TaskInstance: xcom_dag.t1 scheduled__2025-05-15T00:00:00+00:00 [running]> on host b1064f4ed60e
[2025-05-16T10:38:24.549+0000] {taskinstance.py:1509} INFO - Exporting the following env vars:
AIRFLOW_CTX_DAG_OWNER=***
AIRFLOW_CTX_DAG_ID=xcom_dag
AIRFLOW_CTX_TASK_ID=t1
AIRFLOW_CTX_EXECUTION_DATE=2025-05-15T00:00:00+00:00
AIRFLOW_CTX_TRY_NUMBER=1
AIRFLOW_CTX_DAG_RUN_ID=scheduled__2025-05-15T00:00:00+00:00
[2025-05-16T10:38:24.586+0000] {python.py:177} INFO - Done. Returned value was: None
[2025-05-16T10:38:24.614+0000] {taskinstance.py:1323} INFO - Marking task as SUCCESS. dag_id=xcom_dag, task_id=t1, execution_date=20250515T000000, start_date=20250516T103823, end_date=20250516T103824
[2025-05-16T10:38:24.683+0000] {local_task_job.py:208} INFO - Task exited with return code 0
[2025-05-16T10:38:24.750+0000] {taskinstance.py:2578} INFO - 1 downstream tasks scheduled from follow-on schedule check
